000 (8701.000.000) 2023-08-22 15:08:06 Job submitted from host: <90.147.8.111:9618?addrs=90.147.8.111-9618&alias=ams&noUDP&sock=schedd_3306931_2f8d>
...
040 (8701.000.000) 2023-08-22 15:08:23 Started transferring input files
	Transferring to host: <192.168.100.3:9618?addrs=192.168.100.3-9618&alias=node03&noUDP&sock=slot10_56810_88bf_3404>
...
040 (8701.000.000) 2023-08-22 15:08:23 Finished transferring input files
...
001 (8701.000.000) 2023-08-22 15:08:25 Job executing on host: <192.168.100.3:9618?addrs=192.168.100.3-9618&alias=node03&noUDP&sock=startd_56773_2261>
	SlotName: slot10@node03
...
006 (8701.000.000) 2023-08-22 15:08:35 Image size of job updated: 64752
	64  -  MemoryUsage of job (MB)
	64752  -  ResidentSetSize of job (KB)
...
006 (8701.000.000) 2023-08-22 15:12:32 Image size of job updated: 466124
	64  -  MemoryUsage of job (MB)
	64752  -  ResidentSetSize of job (KB)
...
005 (8701.000.000) 2023-08-22 15:12:32 Job terminated.
	(1) Normal termination (return value 0)
		Usr 0 00:04:01, Sys 0 00:00:01  -  Run Remote Usage
		Usr 0 00:00:00, Sys 0 00:00:00  -  Run Local Usage
		Usr 0 00:04:01, Sys 0 00:00:01  -  Total Remote Usage
		Usr 0 00:00:00, Sys 0 00:00:00  -  Total Local Usage
	0  -  Run Bytes Sent By Job
	490  -  Run Bytes Received By Job
	0  -  Total Bytes Sent By Job
	490  -  Total Bytes Received By Job
	Partitionable Resources :    Usage  Request Allocated 
	   Cpus                 :     1.00        1         1 
	   Disk (KB)            :    22           1   4077838 
	   Memory (MB)          :    64           1      2000 

	Job terminated of its own accord at 2023-08-22T13:12:32Z with exit-code 0.
...
