000 (8847.000.000) 2023-08-22 23:36:10 Job submitted from host: <90.147.8.111:9618?addrs=90.147.8.111-9618&alias=ams&noUDP&sock=schedd_3306931_2f8d>
...
040 (8847.000.000) 2023-08-22 23:36:28 Started transferring input files
	Transferring to host: <192.168.100.101:9618?addrs=192.168.100.101-9618&alias=node02&noUDP&sock=slot2_102123_a452_2983>
...
040 (8847.000.000) 2023-08-22 23:36:28 Finished transferring input files
...
001 (8847.000.000) 2023-08-22 23:36:34 Job executing on host: <192.168.100.101:9618?addrs=192.168.100.101-9618&alias=node02&noUDP&sock=startd_102084_b624>
	SlotName: slot2@node02
	CondorScratchDir = "/home/spool/lib/condor/execute/dir_116726"
	Cpus = 1
	Disk = 1873362
	Memory = 2006
...
006 (8847.000.000) 2023-08-22 23:36:42 Image size of job updated: 1
	0  -  MemoryUsage of job (MB)
	0  -  ResidentSetSize of job (KB)
...
006 (8847.000.000) 2023-08-22 23:41:42 Image size of job updated: 105600
	104  -  MemoryUsage of job (MB)
	105600  -  ResidentSetSize of job (KB)
...
006 (8847.000.000) 2023-08-22 23:42:33 Image size of job updated: 116328
	104  -  MemoryUsage of job (MB)
	105600  -  ResidentSetSize of job (KB)
...
005 (8847.000.000) 2023-08-22 23:42:33 Job terminated.
	(1) Normal termination (return value 0)
		Usr 0 00:00:00, Sys 0 00:00:00  -  Run Remote Usage
		Usr 0 00:00:00, Sys 0 00:00:00  -  Run Local Usage
		Usr 0 00:00:00, Sys 0 00:00:00  -  Total Remote Usage
		Usr 0 00:00:00, Sys 0 00:00:00  -  Total Local Usage
	0  -  Run Bytes Sent By Job
	487  -  Run Bytes Received By Job
	0  -  Total Bytes Sent By Job
	487  -  Total Bytes Received By Job
	Partitionable Resources :    Usage  Request Allocated 
	   Cpus                 :     0.97        1         1 
	   Disk (KB)            :    20           1   1873362 
	   Memory (MB)          :   104           1      2006 

	Job terminated of its own accord at 2023-08-22T21:42:33Z with exit-code 0.
...
