000 (8740.000.000) 2023-08-22 15:08:08 Job submitted from host: <90.147.8.111:9618?addrs=90.147.8.111-9618&alias=ams&noUDP&sock=schedd_3306931_2f8d>
...
040 (8740.000.000) 2023-08-22 15:08:22 Started transferring input files
	Transferring to host: <192.168.100.101:9618?addrs=192.168.100.101-9618&alias=node02&noUDP&sock=slot1_102123_a452_2963>
...
040 (8740.000.000) 2023-08-22 15:08:22 Finished transferring input files
...
001 (8740.000.000) 2023-08-22 15:08:23 Job executing on host: <192.168.100.101:9618?addrs=192.168.100.101-9618&alias=node02&noUDP&sock=startd_102084_b624>
	SlotName: slot1@node02
	CondorScratchDir = "/home/spool/lib/condor/execute/dir_109582"
	Cpus = 1
	Disk = 1873362
	Memory = 2006
...
006 (8740.000.000) 2023-08-22 15:08:32 Image size of job updated: 108640
	79  -  MemoryUsage of job (MB)
	80404  -  ResidentSetSize of job (KB)
...
006 (8740.000.000) 2023-08-22 15:10:56 Image size of job updated: 140412
	79  -  MemoryUsage of job (MB)
	80404  -  ResidentSetSize of job (KB)
...
005 (8740.000.000) 2023-08-22 15:10:56 Job terminated.
	(1) Normal termination (return value 0)
		Usr 0 00:00:00, Sys 0 00:00:00  -  Run Remote Usage
		Usr 0 00:00:00, Sys 0 00:00:00  -  Run Local Usage
		Usr 0 00:00:00, Sys 0 00:00:00  -  Total Remote Usage
		Usr 0 00:00:00, Sys 0 00:00:00  -  Total Local Usage
	0  -  Run Bytes Sent By Job
	490  -  Run Bytes Received By Job
	0  -  Total Bytes Sent By Job
	490  -  Total Bytes Received By Job
	Partitionable Resources :    Usage  Request Allocated 
	   Cpus                 :                 1         1 
	   Disk (KB)            :       17        1   1873362 
	   Memory (MB)          :       79        1      2006 

	Job terminated of its own accord at 2023-08-22T13:10:56Z with exit-code 0.
...
