000 (8694.000.000) 2023-08-22 15:08:06 Job submitted from host: <90.147.8.111:9618?addrs=90.147.8.111-9618&alias=ams&noUDP&sock=schedd_3306931_2f8d>
...
040 (8694.000.000) 2023-08-22 15:08:22 Started transferring input files
	Transferring to host: <192.168.100.3:9618?addrs=192.168.100.3-9618&alias=node03&noUDP&sock=slot3_56810_88bf_3398>
...
040 (8694.000.000) 2023-08-22 15:08:22 Finished transferring input files
...
001 (8694.000.000) 2023-08-22 15:08:25 Job executing on host: <192.168.100.3:9618?addrs=192.168.100.3-9618&alias=node03&noUDP&sock=startd_56773_2261>
	SlotName: slot3@node03
...
006 (8694.000.000) 2023-08-22 15:08:35 Image size of job updated: 71124
	61  -  MemoryUsage of job (MB)
	62424  -  ResidentSetSize of job (KB)
...
006 (8694.000.000) 2023-08-22 15:12:00 Image size of job updated: 463788
	61  -  MemoryUsage of job (MB)
	62424  -  ResidentSetSize of job (KB)
...
005 (8694.000.000) 2023-08-22 15:12:00 Job terminated.
	(1) Normal termination (return value 0)
		Usr 0 00:03:31, Sys 0 00:00:00  -  Run Remote Usage
		Usr 0 00:00:00, Sys 0 00:00:00  -  Run Local Usage
		Usr 0 00:03:31, Sys 0 00:00:00  -  Total Remote Usage
		Usr 0 00:00:00, Sys 0 00:00:00  -  Total Local Usage
	0  -  Run Bytes Sent By Job
	473  -  Run Bytes Received By Job
	0  -  Total Bytes Sent By Job
	473  -  Total Bytes Received By Job
	Partitionable Resources :    Usage  Request Allocated 
	   Cpus                 :     0.99        1         1 
	   Disk (KB)            :    22           1   4077838 
	   Memory (MB)          :    61           1      2000 

	Job terminated of its own accord at 2023-08-22T13:12:00Z with exit-code 0.
...
