000 (8928.000.000) 2023-08-22 23:36:14 Job submitted from host: <90.147.8.111:9618?addrs=90.147.8.111-9618&alias=ams&noUDP&sock=schedd_3306931_2f8d>
...
040 (8928.000.000) 2023-08-22 23:41:22 Started transferring input files
	Transferring to host: <192.168.100.3:9618?addrs=192.168.100.3-9618&alias=node03&noUDP&sock=slot39_56810_88bf_3540>
...
040 (8928.000.000) 2023-08-22 23:41:22 Finished transferring input files
...
001 (8928.000.000) 2023-08-22 23:41:23 Job executing on host: <192.168.100.3:9618?addrs=192.168.100.3-9618&alias=node03&noUDP&sock=startd_56773_2261>
	SlotName: slot39@node03
...
006 (8928.000.000) 2023-08-22 23:41:32 Image size of job updated: 461044
	62  -  MemoryUsage of job (MB)
	62760  -  ResidentSetSize of job (KB)
...
006 (8928.000.000) 2023-08-22 23:44:44 Image size of job updated: 464144
	62  -  MemoryUsage of job (MB)
	62760  -  ResidentSetSize of job (KB)
...
005 (8928.000.000) 2023-08-22 23:44:44 Job terminated.
	(1) Normal termination (return value 0)
		Usr 0 00:03:18, Sys 0 00:00:00  -  Run Remote Usage
		Usr 0 00:00:00, Sys 0 00:00:00  -  Run Local Usage
		Usr 0 00:03:18, Sys 0 00:00:00  -  Total Remote Usage
		Usr 0 00:00:00, Sys 0 00:00:00  -  Total Local Usage
	0  -  Run Bytes Sent By Job
	502  -  Run Bytes Received By Job
	0  -  Total Bytes Sent By Job
	502  -  Total Bytes Received By Job
	Partitionable Resources :    Usage  Request Allocated 
	   Cpus                 :     0.98        1         1 
	   Disk (KB)            :    20           1   4077838 
	   Memory (MB)          :    62           1      2000 

	Job terminated of its own accord at 2023-08-22T21:44:44Z with exit-code 0.
...
