000 (8713.000.000) 2023-08-22 15:08:07 Job submitted from host: <90.147.8.111:9618?addrs=90.147.8.111-9618&alias=ams&noUDP&sock=schedd_3306931_2f8d>
...
040 (8713.000.000) 2023-08-22 15:08:22 Started transferring input files
	Transferring to host: <192.168.100.3:9618?addrs=192.168.100.3-9618&alias=node03&noUDP&sock=slot22_56810_88bf_3396>
...
040 (8713.000.000) 2023-08-22 15:08:22 Finished transferring input files
...
001 (8713.000.000) 2023-08-22 15:08:25 Job executing on host: <192.168.100.3:9618?addrs=192.168.100.3-9618&alias=node03&noUDP&sock=startd_56773_2261>
	SlotName: slot22@node03
...
006 (8713.000.000) 2023-08-22 15:08:35 Image size of job updated: 67044
	22  -  MemoryUsage of job (MB)
	21948  -  ResidentSetSize of job (KB)
...
006 (8713.000.000) 2023-08-22 15:11:43 Image size of job updated: 464160
	22  -  MemoryUsage of job (MB)
	21948  -  ResidentSetSize of job (KB)
...
005 (8713.000.000) 2023-08-22 15:11:44 Job terminated.
	(1) Normal termination (return value 0)
		Usr 0 00:03:09, Sys 0 00:00:00  -  Run Remote Usage
		Usr 0 00:00:00, Sys 0 00:00:00  -  Run Local Usage
		Usr 0 00:03:09, Sys 0 00:00:00  -  Total Remote Usage
		Usr 0 00:00:00, Sys 0 00:00:00  -  Total Local Usage
	0  -  Run Bytes Sent By Job
	458  -  Run Bytes Received By Job
	0  -  Total Bytes Sent By Job
	458  -  Total Bytes Received By Job
	Partitionable Resources :    Usage  Request Allocated 
	   Cpus                 :     1.00        1         1 
	   Disk (KB)            :    22           1   4077838 
	   Memory (MB)          :    22           1      2000 

	Job terminated of its own accord at 2023-08-22T13:11:43Z with exit-code 0.
...
