000 (8696.000.000) 2023-08-22 15:08:06 Job submitted from host: <90.147.8.111:9618?addrs=90.147.8.111-9618&alias=ams&noUDP&sock=schedd_3306931_2f8d>
...
040 (8696.000.000) 2023-08-22 15:08:23 Started transferring input files
	Transferring to host: <192.168.100.3:9618?addrs=192.168.100.3-9618&alias=node03&noUDP&sock=slot5_56810_88bf_3400>
...
040 (8696.000.000) 2023-08-22 15:08:23 Finished transferring input files
...
001 (8696.000.000) 2023-08-22 15:08:25 Job executing on host: <192.168.100.3:9618?addrs=192.168.100.3-9618&alias=node03&noUDP&sock=startd_56773_2261>
	SlotName: slot5@node03
...
006 (8696.000.000) 2023-08-22 15:08:35 Image size of job updated: 72052
	61  -  MemoryUsage of job (MB)
	61580  -  ResidentSetSize of job (KB)
...
006 (8696.000.000) 2023-08-22 15:11:39 Image size of job updated: 464160
	61  -  MemoryUsage of job (MB)
	61584  -  ResidentSetSize of job (KB)
...
005 (8696.000.000) 2023-08-22 15:11:39 Job terminated.
	(1) Normal termination (return value 0)
		Usr 0 00:03:09, Sys 0 00:00:00  -  Run Remote Usage
		Usr 0 00:00:00, Sys 0 00:00:00  -  Run Local Usage
		Usr 0 00:03:09, Sys 0 00:00:00  -  Total Remote Usage
		Usr 0 00:00:00, Sys 0 00:00:00  -  Total Local Usage
	0  -  Run Bytes Sent By Job
	458  -  Run Bytes Received By Job
	0  -  Total Bytes Sent By Job
	458  -  Total Bytes Received By Job
	Partitionable Resources :    Usage  Request Allocated 
	   Cpus                 :     1.00        1         1 
	   Disk (KB)            :    22           1   4077838 
	   Memory (MB)          :    61           1      2000 

	Job terminated of its own accord at 2023-08-22T13:11:39Z with exit-code 0.
...
