000 (8729.000.000) 2023-08-22 15:08:08 Job submitted from host: <90.147.8.111:9618?addrs=90.147.8.111-9618&alias=ams&noUDP&sock=schedd_3306931_2f8d>
...
040 (8729.000.000) 2023-08-22 15:08:24 Started transferring input files
	Transferring to host: <192.168.100.3:9618?addrs=192.168.100.3-9618&alias=node03&noUDP&sock=slot38_56810_88bf_3426>
...
040 (8729.000.000) 2023-08-22 15:08:24 Finished transferring input files
...
001 (8729.000.000) 2023-08-22 15:08:25 Job executing on host: <192.168.100.3:9618?addrs=192.168.100.3-9618&alias=node03&noUDP&sock=startd_56773_2261>
	SlotName: slot38@node03
...
006 (8729.000.000) 2023-08-22 15:08:35 Image size of job updated: 61692
	61  -  MemoryUsage of job (MB)
	61692  -  ResidentSetSize of job (KB)
...
006 (8729.000.000) 2023-08-22 15:12:01 Image size of job updated: 463788
	61  -  MemoryUsage of job (MB)
	61980  -  ResidentSetSize of job (KB)
...
005 (8729.000.000) 2023-08-22 15:12:01 Job terminated.
	(1) Normal termination (return value 0)
		Usr 0 00:03:30, Sys 0 00:00:00  -  Run Remote Usage
		Usr 0 00:00:00, Sys 0 00:00:00  -  Run Local Usage
		Usr 0 00:03:30, Sys 0 00:00:00  -  Total Remote Usage
		Usr 0 00:00:00, Sys 0 00:00:00  -  Total Local Usage
	0  -  Run Bytes Sent By Job
	473  -  Run Bytes Received By Job
	0  -  Total Bytes Sent By Job
	473  -  Total Bytes Received By Job
	Partitionable Resources :    Usage  Request Allocated 
	   Cpus                 :     0.99        1         1 
	   Disk (KB)            :    22           1   4077838 
	   Memory (MB)          :    61           1      2000 

	Job terminated of its own accord at 2023-08-22T13:12:01Z with exit-code 0.
...
