000 (8707.000.000) 2023-08-22 15:08:07 Job submitted from host: <90.147.8.111:9618?addrs=90.147.8.111-9618&alias=ams&noUDP&sock=schedd_3306931_2f8d>
...
040 (8707.000.000) 2023-08-22 15:08:22 Started transferring input files
	Transferring to host: <192.168.100.3:9618?addrs=192.168.100.3-9618&alias=node03&noUDP&sock=slot16_56810_88bf_3390>
...
040 (8707.000.000) 2023-08-22 15:08:22 Finished transferring input files
...
001 (8707.000.000) 2023-08-22 15:08:25 Job executing on host: <192.168.100.3:9618?addrs=192.168.100.3-9618&alias=node03&noUDP&sock=startd_56773_2261>
	SlotName: slot16@node03
...
006 (8707.000.000) 2023-08-22 15:08:35 Image size of job updated: 49480
	25  -  MemoryUsage of job (MB)
	24588  -  ResidentSetSize of job (KB)
...
006 (8707.000.000) 2023-08-22 15:11:55 Image size of job updated: 466548
	25  -  MemoryUsage of job (MB)
	24588  -  ResidentSetSize of job (KB)
...
005 (8707.000.000) 2023-08-22 15:11:56 Job terminated.
	(1) Normal termination (return value 0)
		Usr 0 00:03:20, Sys 0 00:00:01  -  Run Remote Usage
		Usr 0 00:00:00, Sys 0 00:00:00  -  Run Local Usage
		Usr 0 00:03:20, Sys 0 00:00:01  -  Total Remote Usage
		Usr 0 00:00:00, Sys 0 00:00:00  -  Total Local Usage
	0  -  Run Bytes Sent By Job
	475  -  Run Bytes Received By Job
	0  -  Total Bytes Sent By Job
	475  -  Total Bytes Received By Job
	Partitionable Resources :    Usage  Request Allocated 
	   Cpus                 :     1.00        1         1 
	   Disk (KB)            :    22           1   4077838 
	   Memory (MB)          :    25           1      2000 

	Job terminated of its own accord at 2023-08-22T13:11:55Z with exit-code 0.
...
