000 (8918.000.000) 2023-08-22 23:36:13 Job submitted from host: <90.147.8.111:9618?addrs=90.147.8.111-9618&alias=ams&noUDP&sock=schedd_3306931_2f8d>
...
040 (8918.000.000) 2023-08-22 23:41:13 Started transferring input files
	Transferring to host: <192.168.100.3:9618?addrs=192.168.100.3-9618&alias=node03&noUDP&sock=slot44_56810_88bf_3530>
...
040 (8918.000.000) 2023-08-22 23:41:13 Finished transferring input files
...
001 (8918.000.000) 2023-08-22 23:41:14 Job executing on host: <192.168.100.3:9618?addrs=192.168.100.3-9618&alias=node03&noUDP&sock=startd_56773_2261>
	SlotName: slot44@node03
...
006 (8918.000.000) 2023-08-22 23:41:22 Image size of job updated: 460780
	61  -  MemoryUsage of job (MB)
	61580  -  ResidentSetSize of job (KB)
...
006 (8918.000.000) 2023-08-22 23:44:37 Image size of job updated: 464144
	61  -  MemoryUsage of job (MB)
	61584  -  ResidentSetSize of job (KB)
...
005 (8918.000.000) 2023-08-22 23:44:37 Job terminated.
	(1) Normal termination (return value 0)
		Usr 0 00:03:21, Sys 0 00:00:00  -  Run Remote Usage
		Usr 0 00:00:00, Sys 0 00:00:00  -  Run Local Usage
		Usr 0 00:03:21, Sys 0 00:00:00  -  Total Remote Usage
		Usr 0 00:00:00, Sys 0 00:00:00  -  Total Local Usage
	0  -  Run Bytes Sent By Job
	502  -  Run Bytes Received By Job
	0  -  Total Bytes Sent By Job
	502  -  Total Bytes Received By Job
	Partitionable Resources :    Usage  Request Allocated 
	   Cpus                 :     1.00        1         1 
	   Disk (KB)            :    20           1   4077838 
	   Memory (MB)          :    61           1      2000 

	Job terminated of its own accord at 2023-08-22T21:44:37Z with exit-code 0.
...
