000 (8736.000.000) 2023-08-22 15:08:08 Job submitted from host: <90.147.8.111:9618?addrs=90.147.8.111-9618&alias=ams&noUDP&sock=schedd_3306931_2f8d>
...
040 (8736.000.000) 2023-08-22 15:08:24 Started transferring input files
	Transferring to host: <192.168.100.3:9618?addrs=192.168.100.3-9618&alias=node03&noUDP&sock=slot45_56810_88bf_3433>
...
040 (8736.000.000) 2023-08-22 15:08:24 Finished transferring input files
...
001 (8736.000.000) 2023-08-22 15:08:25 Job executing on host: <192.168.100.3:9618?addrs=192.168.100.3-9618&alias=node03&noUDP&sock=startd_56773_2261>
	SlotName: slot45@node03
...
006 (8736.000.000) 2023-08-22 15:08:35 Image size of job updated: 58064
	57  -  MemoryUsage of job (MB)
	58064  -  ResidentSetSize of job (KB)
...
006 (8736.000.000) 2023-08-22 15:11:58 Image size of job updated: 463788
	57  -  MemoryUsage of job (MB)
	58088  -  ResidentSetSize of job (KB)
...
005 (8736.000.000) 2023-08-22 15:11:58 Job terminated.
	(1) Normal termination (return value 0)
		Usr 0 00:03:28, Sys 0 00:00:00  -  Run Remote Usage
		Usr 0 00:00:00, Sys 0 00:00:00  -  Run Local Usage
		Usr 0 00:03:28, Sys 0 00:00:00  -  Total Remote Usage
		Usr 0 00:00:00, Sys 0 00:00:00  -  Total Local Usage
	0  -  Run Bytes Sent By Job
	473  -  Run Bytes Received By Job
	0  -  Total Bytes Sent By Job
	473  -  Total Bytes Received By Job
	Partitionable Resources :    Usage  Request Allocated 
	   Cpus                 :     1.00        1         1 
	   Disk (KB)            :    22           1   4077838 
	   Memory (MB)          :    57           1      2000 

	Job terminated of its own accord at 2023-08-22T13:11:58Z with exit-code 0.
...
