000 (8799.000.000) 2023-08-22 23:36:06 Job submitted from host: <90.147.8.111:9618?addrs=90.147.8.111-9618&alias=ams&noUDP&sock=schedd_3306931_2f8d>
...
040 (8799.000.000) 2023-08-22 23:36:06 Started transferring input files
	Transferring to host: <192.168.100.3:9618?addrs=192.168.100.3-9618&alias=node03&noUDP&sock=slot1_56810_88bf_3480>
...
040 (8799.000.000) 2023-08-22 23:36:06 Finished transferring input files
...
001 (8799.000.000) 2023-08-22 23:36:07 Job executing on host: <192.168.100.3:9618?addrs=192.168.100.3-9618&alias=node03&noUDP&sock=startd_56773_2261>
	SlotName: slot1@node03
...
000 (8937.000.000) 2023-08-22 23:36:14 Job submitted from host: <90.147.8.111:9618?addrs=90.147.8.111-9618&alias=ams&noUDP&sock=schedd_3306931_2f8d>
...
006 (8799.000.000) 2023-08-22 23:36:16 Image size of job updated: 44116
	44  -  MemoryUsage of job (MB)
	44116  -  ResidentSetSize of job (KB)
...
040 (8937.000.000) 2023-08-22 23:36:27 Started transferring input files
	Transferring to host: <192.168.100.3:9618?addrs=192.168.100.3-9618&alias=node03&noUDP&sock=slot2_56810_88bf_3481>
...
040 (8937.000.000) 2023-08-22 23:36:27 Finished transferring input files
...
001 (8937.000.000) 2023-08-22 23:36:30 Job executing on host: <192.168.100.3:9618?addrs=192.168.100.3-9618&alias=node03&noUDP&sock=startd_56773_2261>
	SlotName: slot2@node03
...
006 (8937.000.000) 2023-08-22 23:36:39 Image size of job updated: 467252
	44  -  MemoryUsage of job (MB)
	44112  -  ResidentSetSize of job (KB)
...
006 (8799.000.000) 2023-08-22 23:41:17 Image size of job updated: 635376
	76  -  MemoryUsage of job (MB)
	76836  -  ResidentSetSize of job (KB)
...
006 (8937.000.000) 2023-08-22 23:41:40 Image size of job updated: 635468
	75  -  MemoryUsage of job (MB)
	76580  -  ResidentSetSize of job (KB)
...
006 (8799.000.000) 2023-08-22 23:46:18 Image size of job updated: 635632
	76  -  MemoryUsage of job (MB)
	77120  -  ResidentSetSize of job (KB)
...
006 (8937.000.000) 2023-08-22 23:46:40 Image size of job updated: 646060
	86  -  MemoryUsage of job (MB)
	87120  -  ResidentSetSize of job (KB)
...
006 (8799.000.000) 2023-08-22 23:48:35 Image size of job updated: 656384
	95  -  MemoryUsage of job (MB)
	96544  -  ResidentSetSize of job (KB)
...
004 (8799.000.000) 2023-08-22 23:48:35 Job was evicted.
	(0) CPU times
		Usr 0 00:05:00, Sys 0 00:03:36  -  Run Remote Usage
		Usr 0 00:00:00, Sys 0 00:00:00  -  Run Local Usage
	0  -  Run Bytes Sent By Job
	278  -  Run Bytes Received By Job
	Partitionable Resources :    Usage  Request Allocated 
	   Cpus                 :     0.88        1         1 
	   Disk (KB)            :    20           1   4077838 
	   Memory (MB)          :    95           1      2000 
...
009 (8799.000.000) 2023-08-22 23:48:35 Job was aborted.
	via condor_rm (by user rnicolai)
...
006 (8937.000.000) 2023-08-22 23:48:35 Image size of job updated: 656016
	92  -  MemoryUsage of job (MB)
	93760  -  ResidentSetSize of job (KB)
...
004 (8937.000.000) 2023-08-22 23:48:35 Job was evicted.
	(0) CPU times
		Usr 0 00:04:30, Sys 0 00:03:24  -  Run Remote Usage
		Usr 0 00:00:00, Sys 0 00:00:00  -  Run Local Usage
	0  -  Run Bytes Sent By Job
	278  -  Run Bytes Received By Job
	Partitionable Resources :    Usage  Request Allocated 
	   Cpus                 :     0.86        1         1 
	   Disk (KB)            :    20           1   4077838 
	   Memory (MB)          :    92           1      2000 
...
009 (8937.000.000) 2023-08-22 23:48:35 Job was aborted.
	via condor_rm (by user rnicolai)
...
