000 (8872.000.000) 2023-08-22 23:36:11 Job submitted from host: <90.147.8.111:9618?addrs=90.147.8.111-9618&alias=ams&noUDP&sock=schedd_3306931_2f8d>
...
040 (8872.000.000) 2023-08-22 23:36:30 Started transferring input files
	Transferring to host: <192.168.100.101:9618?addrs=192.168.100.101-9618&alias=node02&noUDP&sock=slot27_102123_a452_3008>
...
040 (8872.000.000) 2023-08-22 23:36:30 Finished transferring input files
...
001 (8872.000.000) 2023-08-22 23:36:34 Job executing on host: <192.168.100.101:9618?addrs=192.168.100.101-9618&alias=node02&noUDP&sock=startd_102084_b624>
	SlotName: slot27@node02
	CondorScratchDir = "/home/spool/lib/condor/execute/dir_116857"
	Cpus = 1
	Disk = 1873362
	Memory = 2006
...
006 (8872.000.000) 2023-08-22 23:36:43 Image size of job updated: 1
	0  -  MemoryUsage of job (MB)
	0  -  ResidentSetSize of job (KB)
...
006 (8872.000.000) 2023-08-22 23:41:44 Image size of job updated: 111968
	110  -  MemoryUsage of job (MB)
	111968  -  ResidentSetSize of job (KB)
...
006 (8872.000.000) 2023-08-22 23:42:06 Image size of job updated: 116164
	110  -  MemoryUsage of job (MB)
	111968  -  ResidentSetSize of job (KB)
...
005 (8872.000.000) 2023-08-22 23:42:07 Job terminated.
	(1) Normal termination (return value 0)
		Usr 0 00:00:00, Sys 0 00:00:00  -  Run Remote Usage
		Usr 0 00:00:00, Sys 0 00:00:00  -  Run Local Usage
		Usr 0 00:00:00, Sys 0 00:00:00  -  Total Remote Usage
		Usr 0 00:00:00, Sys 0 00:00:00  -  Total Local Usage
	0  -  Run Bytes Sent By Job
	485  -  Run Bytes Received By Job
	0  -  Total Bytes Sent By Job
	485  -  Total Bytes Received By Job
	Partitionable Resources :    Usage  Request Allocated 
	   Cpus                 :     0.97        1         1 
	   Disk (KB)            :    20           1   1873362 
	   Memory (MB)          :   110           1      2006 

	Job terminated of its own accord at 2023-08-22T21:42:06Z with exit-code 0.
...
