000 (8698.000.000) 2023-08-22 15:08:06 Job submitted from host: <90.147.8.111:9618?addrs=90.147.8.111-9618&alias=ams&noUDP&sock=schedd_3306931_2f8d>
...
040 (8698.000.000) 2023-08-22 15:08:23 Started transferring input files
	Transferring to host: <192.168.100.3:9618?addrs=192.168.100.3-9618&alias=node03&noUDP&sock=slot7_56810_88bf_3402>
...
040 (8698.000.000) 2023-08-22 15:08:23 Finished transferring input files
...
001 (8698.000.000) 2023-08-22 15:08:25 Job executing on host: <192.168.100.3:9618?addrs=192.168.100.3-9618&alias=node03&noUDP&sock=startd_56773_2261>
	SlotName: slot7@node03
...
006 (8698.000.000) 2023-08-22 15:08:35 Image size of job updated: 63960
	63  -  MemoryUsage of job (MB)
	63960  -  ResidentSetSize of job (KB)
...
006 (8698.000.000) 2023-08-22 15:11:50 Image size of job updated: 466548
	63  -  MemoryUsage of job (MB)
	63964  -  ResidentSetSize of job (KB)
...
005 (8698.000.000) 2023-08-22 15:11:50 Job terminated.
	(1) Normal termination (return value 0)
		Usr 0 00:03:20, Sys 0 00:00:01  -  Run Remote Usage
		Usr 0 00:00:00, Sys 0 00:00:00  -  Run Local Usage
		Usr 0 00:03:20, Sys 0 00:00:01  -  Total Remote Usage
		Usr 0 00:00:00, Sys 0 00:00:00  -  Total Local Usage
	0  -  Run Bytes Sent By Job
	475  -  Run Bytes Received By Job
	0  -  Total Bytes Sent By Job
	475  -  Total Bytes Received By Job
	Partitionable Resources :    Usage  Request Allocated 
	   Cpus                 :     0.99        1         1 
	   Disk (KB)            :    22           1   4077838 
	   Memory (MB)          :    63           1      2000 

	Job terminated of its own accord at 2023-08-22T13:11:50Z with exit-code 0.
...
