000 (8700.000.000) 2023-08-22 15:08:06 Job submitted from host: <90.147.8.111:9618?addrs=90.147.8.111-9618&alias=ams&noUDP&sock=schedd_3306931_2f8d>
...
040 (8700.000.000) 2023-08-22 15:08:23 Started transferring input files
	Transferring to host: <192.168.100.3:9618?addrs=192.168.100.3-9618&alias=node03&noUDP&sock=slot9_56810_88bf_3405>
...
040 (8700.000.000) 2023-08-22 15:08:23 Finished transferring input files
...
001 (8700.000.000) 2023-08-22 15:08:25 Job executing on host: <192.168.100.3:9618?addrs=192.168.100.3-9618&alias=node03&noUDP&sock=startd_56773_2261>
	SlotName: slot9@node03
...
006 (8700.000.000) 2023-08-22 15:08:36 Image size of job updated: 62540
	62  -  MemoryUsage of job (MB)
	62540  -  ResidentSetSize of job (KB)
...
006 (8700.000.000) 2023-08-22 15:12:19 Image size of job updated: 463916
	62  -  MemoryUsage of job (MB)
	62540  -  ResidentSetSize of job (KB)
...
005 (8700.000.000) 2023-08-22 15:12:19 Job terminated.
	(1) Normal termination (return value 0)
		Usr 0 00:03:48, Sys 0 00:00:01  -  Run Remote Usage
		Usr 0 00:00:00, Sys 0 00:00:00  -  Run Local Usage
		Usr 0 00:03:48, Sys 0 00:00:01  -  Total Remote Usage
		Usr 0 00:00:00, Sys 0 00:00:00  -  Total Local Usage
	0  -  Run Bytes Sent By Job
	490  -  Run Bytes Received By Job
	0  -  Total Bytes Sent By Job
	490  -  Total Bytes Received By Job
	Partitionable Resources :    Usage  Request Allocated 
	   Cpus                 :     0.99        1         1 
	   Disk (KB)            :    22           1   4077838 
	   Memory (MB)          :    62           1      2000 

	Job terminated of its own accord at 2023-08-22T13:12:19Z with exit-code 0.
...
