Ciao! I'm monitoring
Entering in Monitoring
TotNumberEvents_computed 18000000
['e-', 'proton', 'alpha']
{"ok":true,"result":{"message_id":10927,"sender_chat":{"id":-1001921335158,"title":"\ud83d\udc0d\ud83d\udce9\ud83d\udc0d G4 status \ud83d\udc0d\ud83d\udce9\ud83d\udc0d","username":"ilmiobotpernotifiche","type":"channel"},"chat":{"id":-1001921335158,"title":"\ud83d\udc0d\ud83d\udce9\ud83d\udc0d G4 status \ud83d\udc0d\ud83d\udce9\ud83d\udc0d","username":"ilmiobotpernotifiche","type":"channel"},"date":1692709727,"text":"Statistics\nEvents processed\n0 / 18000000\n.ooo00ooo..ooo00ooo.\nF0:  -  -  -  -  -  -  -  -  -  - \n\nF1:  -  -  -  -  -  -  -  -  -  - \n\nF2:  -  -  -  -  -  -  -  -  -  - \n\nF3:  -  -  -  -  -  -  -  -  -  - \n\nF4:  -  -  -  -  -  -  -  -  -  - \n\nF5:  -  -  -  -  -  -  -  -  -  - \n\n.ooo00ooo..ooo00ooo.\nTot Percentage: 0.0\nTime elapsed: 20.001707315444946 seconds","entities":[{"offset":0,"length":10,"type":"bold"},{"offset":11,"length":16,"type":"bold"},{"offset":41,"length":20,"type":"bold"},{"offset":278,"length":20,"type":"bold"},{"offset":299,"length":14,"type":"bold"},{"offset":319,"length":12,"type":"bold"}]}}
<b>Statistics</b>
<b>Events processed</b>
0 / 18000000
<b>.ooo00ooo..ooo00ooo.</b>
F0:  -  -  -  -  -  -  -  -  -  - 

F1:  -  -  -  -  -  -  -  -  -  - 

F2:  -  -  -  -  -  -  -  -  -  - 

F3:  -  -  -  -  -  -  -  -  -  - 

F4:  -  -  -  -  -  -  -  -  -  - 

F5:  -  -  -  -  -  -  -  -  -  - 

<b>.ooo00ooo..ooo00ooo.</b>
<b>Tot Percentage</b>: 0.0
<b>Time elapsed</b>: 20.001707315444946 seconds

{"ok":true,"result":{"message_id":10929,"sender_chat":{"id":-1001921335158,"title":"\ud83d\udc0d\ud83d\udce9\ud83d\udc0d G4 status \ud83d\udc0d\ud83d\udce9\ud83d\udc0d","username":"ilmiobotpernotifiche","type":"channel"},"chat":{"id":-1001921335158,"title":"\ud83d\udc0d\ud83d\udce9\ud83d\udc0d G4 status \ud83d\udc0d\ud83d\udce9\ud83d\udc0d","username":"ilmiobotpernotifiche","type":"channel"},"date":1692709747,"text":"Statistics\nEvents processed\n1980000 / 18000000\n.ooo00ooo..ooo00ooo.\nF0:  30e%  30e%  30e%  20e%  60e%  20e%  30e%  30e%  30e%  30e% \n\nF1:  20e%  20e%  20e%  20e%  20e%  50e%  50e%  20e%  20e%  20e% \n\nF2:  20e%  20e%  20e%  60e%  20e%  20e%  10e%  50e%  20e%  50e% \n\nF3:  30e%  30e%  30e%  70e%  30e%  30e%  20e%  20e%  30e%  30e% \n\nF4:  60e%  20e%  20e%  30e%  60e%  20e%  60e%  20e%  20e%  30e% \n\nF5:  50e%  20e%  50e%  20e%  20e%  20e%  20e%  30e%  50e%  50e% \n\n.ooo00ooo..ooo00ooo.\nTot Percentage: 11.0\nTime elapsed: 40.004640340805054 seconds","entities":[{"offset":0,"length":10,"type":"bold"},{"offset":11,"length":16,"type":"bold"},{"offset":47,"length":20,"type":"bold"},{"offset":464,"length":20,"type":"bold"},{"offset":485,"length":14,"type":"bold"},{"offset":506,"length":12,"type":"bold"}]}}
<b>Statistics</b>
<b>Events processed</b>
1980000 / 18000000
<b>.ooo00ooo..ooo00ooo.</b>
F0:  30e%  30e%  30e%  20e%  60e%  20e%  30e%  30e%  30e%  30e% 

F1:  20e%  20e%  20e%  20e%  20e%  50e%  50e%  20e%  20e%  20e% 

F2:  20e%  20e%  20e%  60e%  20e%  20e%  10e%  50e%  20e%  50e% 

F3:  30e%  30e%  30e%  70e%  30e%  30e%  20e%  20e%  30e%  30e% 

F4:  60e%  20e%  20e%  30e%  60e%  20e%  60e%  20e%  20e%  30e% 

F5:  50e%  20e%  50e%  20e%  20e%  20e%  20e%  30e%  50e%  50e% 

<b>.ooo00ooo..ooo00ooo.</b>
<b>Tot Percentage</b>: 11.0
<b>Time elapsed</b>: 40.004640340805054 seconds

{"ok":true,"result":{"message_id":10931,"sender_chat":{"id":-1001921335158,"title":"\ud83d\udc0d\ud83d\udce9\ud83d\udc0d G4 status \ud83d\udc0d\ud83d\udce9\ud83d\udc0d","username":"ilmiobotpernotifiche","type":"channel"},"chat":{"id":-1001921335158,"title":"\ud83d\udc0d\ud83d\udce9\ud83d\udc0d G4 status \ud83d\udc0d\ud83d\udce9\ud83d\udc0d","username":"ilmiobotpernotifiche","type":"channel"},"date":1692709767,"text":"Statistics\nEvents processed\n3780000 / 18000000\n.ooo00ooo..ooo00ooo.\nF0:  50e%  50e%  50e%  40e%  10p%  50e%  50e%  50e%  50e%  50e% \n\nF1:  50e%  40e%  40e%  40e%  40e%  90e%  90e%  50e%  40e%  50e% \n\nF2:  40e%  40e%  40e%  100e%  40e%  40e%  30e%  80e%  40e%  80e% \n\nF3:  50e%  50e%  60e%  10p%  50e%  50e%  50e%  50e%  60e%  50e% \n\nF4:  100e%  40e%  40e%  50e%  90e%  40e%  90e%  50e%  40e%  50e% \n\nF5:  90e%  40e%  90e%  40e%  40e%  40e%  40e%  50e%  90e%  90e% \n\n.ooo00ooo..ooo00ooo.\nTot Percentage: 21.0\nTime elapsed: 60.01202416419983 seconds","entities":[{"offset":0,"length":10,"type":"bold"},{"offset":11,"length":16,"type":"bold"},{"offset":47,"length":20,"type":"bold"},{"offset":466,"length":20,"type":"bold"},{"offset":487,"length":14,"type":"bold"},{"offset":508,"length":12,"type":"bold"}]}}
<b>Statistics</b>
<b>Events processed</b>
3780000 / 18000000
<b>.ooo00ooo..ooo00ooo.</b>
F0:  50e%  50e%  50e%  40e%  10p%  50e%  50e%  50e%  50e%  50e% 

F1:  50e%  40e%  40e%  40e%  40e%  90e%  90e%  50e%  40e%  50e% 

F2:  40e%  40e%  40e%  100e%  40e%  40e%  30e%  80e%  40e%  80e% 

F3:  50e%  50e%  60e%  10p%  50e%  50e%  50e%  50e%  60e%  50e% 

F4:  100e%  40e%  40e%  50e%  90e%  40e%  90e%  50e%  40e%  50e% 

F5:  90e%  40e%  90e%  40e%  40e%  40e%  40e%  50e%  90e%  90e% 

<b>.ooo00ooo..ooo00ooo.</b>
<b>Tot Percentage</b>: 21.0
<b>Time elapsed</b>: 60.01202416419983 seconds

{"ok":true,"result":{"message_id":10933,"sender_chat":{"id":-1001921335158,"title":"\ud83d\udc0d\ud83d\udce9\ud83d\udc0d G4 status \ud83d\udc0d\ud83d\udce9\ud83d\udc0d","username":"ilmiobotpernotifiche","type":"channel"},"chat":{"id":-1001921335158,"title":"\ud83d\udc0d\ud83d\udce9\ud83d\udc0d G4 status \ud83d\udc0d\ud83d\udce9\ud83d\udc0d","username":"ilmiobotpernotifiche","type":"channel"},"date":1692709787,"text":"Statistics\nEvents processed\n6840000 / 18000000\n.ooo00ooo..ooo00ooo.\nF0:  70e%  80e%  80e%  70e%  80p%  70e%  80e%  80e%  70e%  80e% \n\nF1:  70e%  60e%  60e%  60e%  60e%  50p%  50p%  70e%  70e%  70e% \n\nF2:  60e%  60e%  60e%  40p%  60e%  60e%  50e%  10p%  60e%  10p% \n\nF3:  80e%  80e%  80e%  70p%  80e%  80e%  70e%  80e%  80e%  80e% \n\nF4:  60p%  70e%  60e%  70e%  60p%  60e%  60p%  70e%  70e%  70e% \n\nF5:  30p%  60e%  30p%  60e%  60e%  60e%  60e%  70e%  30p%  30p% \n\n.ooo00ooo..ooo00ooo.\nTot Percentage: 38.0\nTime elapsed: 80.02094602584839 seconds","entities":[{"offset":0,"length":10,"type":"bold"},{"offset":11,"length":16,"type":"bold"},{"offset":47,"length":20,"type":"bold"},{"offset":464,"length":20,"type":"bold"},{"offset":485,"length":14,"type":"bold"},{"offset":506,"length":12,"type":"bold"}]}}
<b>Statistics</b>
<b>Events processed</b>
6840000 / 18000000
<b>.ooo00ooo..ooo00ooo.</b>
F0:  70e%  80e%  80e%  70e%  80p%  70e%  80e%  80e%  70e%  80e% 

F1:  70e%  60e%  60e%  60e%  60e%  50p%  50p%  70e%  70e%  70e% 

F2:  60e%  60e%  60e%  40p%  60e%  60e%  50e%  10p%  60e%  10p% 

F3:  80e%  80e%  80e%  70p%  80e%  80e%  70e%  80e%  80e%  80e% 

F4:  60p%  70e%  60e%  70e%  60p%  60e%  60p%  70e%  70e%  70e% 

F5:  30p%  60e%  30p%  60e%  60e%  60e%  60e%  70e%  30p%  30p% 

<b>.ooo00ooo..ooo00ooo.</b>
<b>Tot Percentage</b>: 38.0
<b>Time elapsed</b>: 80.02094602584839 seconds

{"ok":true,"result":{"message_id":10936,"sender_chat":{"id":-1001921335158,"title":"\ud83d\udc0d\ud83d\udce9\ud83d\udc0d G4 status \ud83d\udc0d\ud83d\udce9\ud83d\udc0d","username":"ilmiobotpernotifiche","type":"channel"},"chat":{"id":-1001921335158,"title":"\ud83d\udc0d\ud83d\udce9\ud83d\udc0d G4 status \ud83d\udc0d\ud83d\udce9\ud83d\udc0d","username":"ilmiobotpernotifiche","type":"channel"},"date":1692709832,"text":"Statistics\nEvents processed\n11340000 / 18000000\n.ooo00ooo..ooo00ooo.\nF0:  80e%  80e%  80e%  70e%  100p%  80e%  80e%  80e%  80e%  90e% \n\nF1:  70e%  70e%  70e%  70e%  70e%  70p%  100a%  40p%  30p%  40p% \n\nF2:  100e%  100e%  100e%  40a%  10p%  100e%  100e%  100p%  100e%  10a% \n\nF3:  50p%  50p%  50p%  80a%  50p%  50p%  40p%  40p%  50p%  50p% \n\nF4:  100a%  40p%  30p%  40p%  100a%  30p%  100a%  40p%  40p%  50p% \n\nF5:  30a%  10p%  30a%  10p%  10p%  20p%  20p%  20p%  30a%  30a% \n\n.ooo00ooo..ooo00ooo.\nTot Percentage: 63.0\nTime elapsed: 125.61646795272827 seconds","entities":[{"offset":0,"length":10,"type":"bold"},{"offset":11,"length":16,"type":"bold"},{"offset":48,"length":20,"type":"bold"},{"offset":477,"length":20,"type":"bold"},{"offset":498,"length":14,"type":"bold"},{"offset":519,"length":12,"type":"bold"}]}}
<b>Statistics</b>
<b>Events processed</b>
11340000 / 18000000
<b>.ooo00ooo..ooo00ooo.</b>
F0:  80e%  80e%  80e%  70e%  100p%  80e%  80e%  80e%  80e%  90e% 

F1:  70e%  70e%  70e%  70e%  70e%  70p%  100a%  40p%  30p%  40p% 

F2:  100e%  100e%  100e%  40a%  10p%  100e%  100e%  100p%  100e%  10a% 

F3:  50p%  50p%  50p%  80a%  50p%  50p%  40p%  40p%  50p%  50p% 

F4:  100a%  40p%  30p%  40p%  100a%  30p%  100a%  40p%  40p%  50p% 

F5:  30a%  10p%  30a%  10p%  10p%  20p%  20p%  20p%  30a%  30a% 

<b>.ooo00ooo..ooo00ooo.</b>
<b>Tot Percentage</b>: 63.0
<b>Time elapsed</b>: 125.61646795272827 seconds

.</b>
<b>Tot Percentage</b>: 56.333333333333336
<b>Time elapsed</b>: 100.03591632843018 seconds

