000 (7240.000.000) 2023-08-14 12:12:47 Job submitted from host: <90.147.8.111:9618?addrs=90.147.8.111-9618&alias=ams&noUDP&sock=schedd_3306931_2f8d>
...
040 (7240.000.000) 2023-08-14 13:19:06 Started transferring input files
	Transferring to host: <192.168.100.101:9618?addrs=192.168.100.101-9618&alias=node02&noUDP&sock=slot21_102123_a452_2538>
...
040 (7240.000.000) 2023-08-14 13:19:06 Finished transferring input files
...
001 (7240.000.000) 2023-08-14 13:19:08 Job executing on host: <192.168.100.101:9618?addrs=192.168.100.101-9618&alias=node02&noUDP&sock=startd_102084_b624>
	SlotName: slot21@node02
	CondorScratchDir = "/home/spool/lib/condor/execute/dir_171779"
	Cpus = 1
	Disk = 1873362
	Memory = 2006
...
006 (7240.000.000) 2023-08-14 13:19:16 Image size of job updated: 92000
	71  -  MemoryUsage of job (MB)
	71836  -  ResidentSetSize of job (KB)
...
006 (7240.000.000) 2023-08-14 13:24:16 Image size of job updated: 92000
	85  -  MemoryUsage of job (MB)
	86180  -  ResidentSetSize of job (KB)
...
006 (7240.000.000) 2023-08-14 13:29:17 Image size of job updated: 99960
	98  -  MemoryUsage of job (MB)
	99900  -  ResidentSetSize of job (KB)
...
006 (7240.000.000) 2023-08-14 13:34:18 Image size of job updated: 117084
	115  -  MemoryUsage of job (MB)
	117084  -  ResidentSetSize of job (KB)
...
006 (7240.000.000) 2023-08-14 13:39:18 Image size of job updated: 135392
	133  -  MemoryUsage of job (MB)
	135392  -  ResidentSetSize of job (KB)
...
006 (7240.000.000) 2023-08-14 13:44:18 Image size of job updated: 150912
	148  -  MemoryUsage of job (MB)
	150788  -  ResidentSetSize of job (KB)
...
006 (7240.000.000) 2023-08-14 13:48:44 Image size of job updated: 168196
	148  -  MemoryUsage of job (MB)
	150788  -  ResidentSetSize of job (KB)
...
005 (7240.000.000) 2023-08-14 13:48:44 Job terminated.
	(1) Normal termination (return value 0)
		Usr 0 00:00:00, Sys 0 00:00:00  -  Run Remote Usage
		Usr 0 00:00:00, Sys 0 00:00:00  -  Run Local Usage
		Usr 0 00:00:00, Sys 0 00:00:00  -  Total Remote Usage
		Usr 0 00:00:00, Sys 0 00:00:00  -  Total Local Usage
	0  -  Run Bytes Sent By Job
	465  -  Run Bytes Received By Job
	0  -  Total Bytes Sent By Job
	465  -  Total Bytes Received By Job
	Partitionable Resources :    Usage  Request Allocated 
	   Cpus                 :     1.00        1         1 
	   Disk (KB)            :    21           1   1873362 
	   Memory (MB)          :   148           1      2006 

	Job terminated of its own accord at 2023-08-14T11:48:44Z with exit-code 0.
...
