000 (7221.000.000) 2023-08-14 12:12:46 Job submitted from host: <90.147.8.111:9618?addrs=90.147.8.111-9618&alias=ams&noUDP&sock=schedd_3306931_2f8d>
...
040 (7221.000.000) 2023-08-14 13:16:07 Started transferring input files
	Transferring to host: <192.168.100.3:9618?addrs=192.168.100.3-9618&alias=node03&noUDP&sock=slot25_56810_88bf_2364>
...
040 (7221.000.000) 2023-08-14 13:16:07 Finished transferring input files
...
001 (7221.000.000) 2023-08-14 13:16:08 Job executing on host: <192.168.100.3:9618?addrs=192.168.100.3-9618&alias=node03&noUDP&sock=startd_56773_2261>
	SlotName: slot25@node03
...
006 (7221.000.000) 2023-08-14 13:16:16 Image size of job updated: 466240
	70  -  MemoryUsage of job (MB)
	71272  -  ResidentSetSize of job (KB)
...
006 (7221.000.000) 2023-08-14 13:21:17 Image size of job updated: 466240
	71  -  MemoryUsage of job (MB)
	72168  -  ResidentSetSize of job (KB)
...
006 (7221.000.000) 2023-08-14 13:26:17 Image size of job updated: 466240
	71  -  MemoryUsage of job (MB)
	72196  -  ResidentSetSize of job (KB)
...
006 (7221.000.000) 2023-08-14 13:31:17 Image size of job updated: 466240
	71  -  MemoryUsage of job (MB)
	72212  -  ResidentSetSize of job (KB)
...
006 (7221.000.000) 2023-08-14 13:36:18 Image size of job updated: 466240
	72  -  MemoryUsage of job (MB)
	72976  -  ResidentSetSize of job (KB)
...
006 (7221.000.000) 2023-08-14 13:41:18 Image size of job updated: 466240
	72  -  MemoryUsage of job (MB)
	73088  -  ResidentSetSize of job (KB)
...
006 (7221.000.000) 2023-08-14 13:51:18 Image size of job updated: 466240
	72  -  MemoryUsage of job (MB)
	73648  -  ResidentSetSize of job (KB)
...
005 (7221.000.000) 2023-08-14 13:54:56 Job terminated.
	(1) Normal termination (return value 0)
		Usr 0 00:38:38, Sys 0 00:00:00  -  Run Remote Usage
		Usr 0 00:00:00, Sys 0 00:00:00  -  Run Local Usage
		Usr 0 00:38:38, Sys 0 00:00:00  -  Total Remote Usage
		Usr 0 00:00:00, Sys 0 00:00:00  -  Total Local Usage
	0  -  Run Bytes Sent By Job
	465  -  Run Bytes Received By Job
	0  -  Total Bytes Sent By Job
	465  -  Total Bytes Received By Job
	Partitionable Resources :    Usage  Request Allocated 
	   Cpus                 :     0.98        1         1 
	   Disk (KB)            :    21           1   4077838 
	   Memory (MB)          :    72           1      2000 

	Job terminated of its own accord at 2023-08-14T11:54:56Z with exit-code 0.
...
