000 (6970.000.000) 2023-08-14 12:12:33 Job submitted from host: <90.147.8.111:9618?addrs=90.147.8.111-9618&alias=ams&noUDP&sock=schedd_3306931_2f8d>
...
040 (6970.000.000) 2023-08-14 12:12:48 Started transferring input files
	Transferring to host: <192.168.100.3:9618?addrs=192.168.100.3-9618&alias=node03&noUDP&sock=slot42_56810_88bf_2276>
...
040 (6970.000.000) 2023-08-14 12:12:48 Finished transferring input files
...
001 (6970.000.000) 2023-08-14 12:12:49 Job executing on host: <192.168.100.3:9618?addrs=192.168.100.3-9618&alias=node03&noUDP&sock=startd_56773_2261>
	SlotName: slot42@node03
...
006 (6970.000.000) 2023-08-14 12:12:59 Image size of job updated: 463436
	67  -  MemoryUsage of job (MB)
	68080  -  ResidentSetSize of job (KB)
...
006 (6970.000.000) 2023-08-14 12:18:00 Image size of job updated: 463436
	68  -  MemoryUsage of job (MB)
	69336  -  ResidentSetSize of job (KB)
...
006 (6970.000.000) 2023-08-14 12:23:01 Image size of job updated: 463436
	68  -  MemoryUsage of job (MB)
	69392  -  ResidentSetSize of job (KB)
...
006 (6970.000.000) 2023-08-14 12:28:01 Image size of job updated: 463436
	68  -  MemoryUsage of job (MB)
	69560  -  ResidentSetSize of job (KB)
...
006 (6970.000.000) 2023-08-14 12:33:01 Image size of job updated: 463436
	68  -  MemoryUsage of job (MB)
	69620  -  ResidentSetSize of job (KB)
...
006 (6970.000.000) 2023-08-14 12:38:01 Image size of job updated: 463436
	69  -  MemoryUsage of job (MB)
	69844  -  ResidentSetSize of job (KB)
...
005 (6970.000.000) 2023-08-14 12:40:23 Job terminated.
	(1) Normal termination (return value 0)
		Usr 0 00:27:14, Sys 0 00:00:01  -  Run Remote Usage
		Usr 0 00:00:00, Sys 0 00:00:00  -  Run Local Usage
		Usr 0 00:27:14, Sys 0 00:00:01  -  Total Remote Usage
		Usr 0 00:00:00, Sys 0 00:00:00  -  Total Local Usage
	0  -  Run Bytes Sent By Job
	480  -  Run Bytes Received By Job
	0  -  Total Bytes Sent By Job
	480  -  Total Bytes Received By Job
	Partitionable Resources :    Usage  Request Allocated 
	   Cpus                 :     0.99        1         1 
	   Disk (KB)            :    21           1   4077838 
	   Memory (MB)          :    69           1      2000 

	Job terminated of its own accord at 2023-08-14T10:40:23Z with exit-code 0.
...
