000 (7195.000.000) 2023-08-14 12:12:44 Job submitted from host: <90.147.8.111:9618?addrs=90.147.8.111-9618&alias=ams&noUDP&sock=schedd_3306931_2f8d>
...
040 (7195.000.000) 2023-08-14 13:09:06 Started transferring input files
	Transferring to host: <192.168.100.101:9618?addrs=192.168.100.101-9618&alias=node02&noUDP&sock=slot36_102123_a452_2515>
...
040 (7195.000.000) 2023-08-14 13:09:06 Finished transferring input files
...
001 (7195.000.000) 2023-08-14 13:09:07 Job executing on host: <192.168.100.101:9618?addrs=192.168.100.101-9618&alias=node02&noUDP&sock=startd_102084_b624>
	SlotName: slot36@node02
	CondorScratchDir = "/home/spool/lib/condor/execute/dir_171426"
	Cpus = 1
	Disk = 1873362
	Memory = 2006
...
006 (7195.000.000) 2023-08-14 13:09:15 Image size of job updated: 75268
	68  -  MemoryUsage of job (MB)
	69512  -  ResidentSetSize of job (KB)
...
006 (7195.000.000) 2023-08-14 13:14:15 Image size of job updated: 86616
	85  -  MemoryUsage of job (MB)
	86616  -  ResidentSetSize of job (KB)
...
006 (7195.000.000) 2023-08-14 13:19:15 Image size of job updated: 106272
	104  -  MemoryUsage of job (MB)
	106144  -  ResidentSetSize of job (KB)
...
006 (7195.000.000) 2023-08-14 13:24:15 Image size of job updated: 128928
	126  -  MemoryUsage of job (MB)
	128928  -  ResidentSetSize of job (KB)
...
006 (7195.000.000) 2023-08-14 13:26:42 Image size of job updated: 139604
	126  -  MemoryUsage of job (MB)
	128928  -  ResidentSetSize of job (KB)
...
005 (7195.000.000) 2023-08-14 13:26:42 Job terminated.
	(1) Normal termination (return value 0)
		Usr 0 00:00:00, Sys 0 00:00:00  -  Run Remote Usage
		Usr 0 00:00:00, Sys 0 00:00:00  -  Run Local Usage
		Usr 0 00:00:00, Sys 0 00:00:00  -  Total Remote Usage
		Usr 0 00:00:00, Sys 0 00:00:00  -  Total Local Usage
	0  -  Run Bytes Sent By Job
	448  -  Run Bytes Received By Job
	0  -  Total Bytes Sent By Job
	448  -  Total Bytes Received By Job
	Partitionable Resources :    Usage  Request Allocated 
	   Cpus                 :     1.00        1         1 
	   Disk (KB)            :    21           1   1873362 
	   Memory (MB)          :   126           1      2006 

	Job terminated of its own accord at 2023-08-14T11:26:42Z with exit-code 0.
...
