000 (7364.000.000) 2023-08-14 12:12:53 Job submitted from host: <90.147.8.111:9618?addrs=90.147.8.111-9618&alias=ams&noUDP&sock=schedd_3306931_2f8d>
...
040 (7364.000.000) 2023-08-14 13:54:38 Started transferring input files
	Transferring to host: <192.168.100.101:9618?addrs=192.168.100.101-9618&alias=node02&noUDP&sock=slot47_102123_a452_2611>
...
040 (7364.000.000) 2023-08-14 13:54:38 Finished transferring input files
...
001 (7364.000.000) 2023-08-14 13:54:39 Job executing on host: <192.168.100.101:9618?addrs=192.168.100.101-9618&alias=node02&noUDP&sock=startd_102084_b624>
	SlotName: slot47@node02
	CondorScratchDir = "/home/spool/lib/condor/execute/dir_172962"
	Cpus = 1
	Disk = 1873362
	Memory = 2006
...
006 (7364.000.000) 2023-08-14 13:54:48 Image size of job updated: 75140
	69  -  MemoryUsage of job (MB)
	70108  -  ResidentSetSize of job (KB)
...
006 (7364.000.000) 2023-08-14 13:59:48 Image size of job updated: 99884
	98  -  MemoryUsage of job (MB)
	99724  -  ResidentSetSize of job (KB)
...
006 (7364.000.000) 2023-08-14 14:04:48 Image size of job updated: 132684
	130  -  MemoryUsage of job (MB)
	132504  -  ResidentSetSize of job (KB)
...
006 (7364.000.000) 2023-08-14 14:09:48 Image size of job updated: 165192
	162  -  MemoryUsage of job (MB)
	165064  -  ResidentSetSize of job (KB)
...
006 (7364.000.000) 2023-08-14 14:11:55 Image size of job updated: 181392
	162  -  MemoryUsage of job (MB)
	165064  -  ResidentSetSize of job (KB)
...
005 (7364.000.000) 2023-08-14 14:11:55 Job terminated.
	(1) Normal termination (return value 0)
		Usr 0 00:00:00, Sys 0 00:00:00  -  Run Remote Usage
		Usr 0 00:00:00, Sys 0 00:00:00  -  Run Local Usage
		Usr 0 00:00:00, Sys 0 00:00:00  -  Total Remote Usage
		Usr 0 00:00:00, Sys 0 00:00:00  -  Total Local Usage
	0  -  Run Bytes Sent By Job
	463  -  Run Bytes Received By Job
	0  -  Total Bytes Sent By Job
	463  -  Total Bytes Received By Job
	Partitionable Resources :    Usage  Request Allocated 
	   Cpus                 :     0.99        1         1 
	   Disk (KB)            :    22           1   1873362 
	   Memory (MB)          :   162           1      2006 

	Job terminated of its own accord at 2023-08-14T12:11:55Z with exit-code 0.
...
