000 (7346.000.000) 2023-08-14 12:12:52 Job submitted from host: <90.147.8.111:9618?addrs=90.147.8.111-9618&alias=ams&noUDP&sock=schedd_3306931_2f8d>
...
040 (7346.000.000) 2023-08-14 13:49:06 Started transferring input files
	Transferring to host: <192.168.100.3:9618?addrs=192.168.100.3-9618&alias=node03&noUDP&sock=slot46_56810_88bf_2415>
...
040 (7346.000.000) 2023-08-14 13:49:06 Finished transferring input files
...
001 (7346.000.000) 2023-08-14 13:49:07 Job executing on host: <192.168.100.3:9618?addrs=192.168.100.3-9618&alias=node03&noUDP&sock=startd_56773_2261>
	SlotName: slot46@node03
...
006 (7346.000.000) 2023-08-14 13:49:16 Image size of job updated: 71628
	70  -  MemoryUsage of job (MB)
	71628  -  ResidentSetSize of job (KB)
...
006 (7346.000.000) 2023-08-14 13:54:16 Image size of job updated: 465816
	71  -  MemoryUsage of job (MB)
	71724  -  ResidentSetSize of job (KB)
...
006 (7346.000.000) 2023-08-14 13:59:16 Image size of job updated: 465816
	71  -  MemoryUsage of job (MB)
	71784  -  ResidentSetSize of job (KB)
...
006 (7346.000.000) 2023-08-14 14:04:16 Image size of job updated: 465816
	71  -  MemoryUsage of job (MB)
	72468  -  ResidentSetSize of job (KB)
...
006 (7346.000.000) 2023-08-14 14:09:16 Image size of job updated: 465816
	71  -  MemoryUsage of job (MB)
	72644  -  ResidentSetSize of job (KB)
...
006 (7346.000.000) 2023-08-14 14:14:16 Image size of job updated: 465816
	73  -  MemoryUsage of job (MB)
	73776  -  ResidentSetSize of job (KB)
...
005 (7346.000.000) 2023-08-14 14:20:04 Job terminated.
	(1) Normal termination (return value 0)
		Usr 0 00:30:46, Sys 0 00:00:00  -  Run Remote Usage
		Usr 0 00:00:00, Sys 0 00:00:00  -  Run Local Usage
		Usr 0 00:30:46, Sys 0 00:00:00  -  Total Remote Usage
		Usr 0 00:00:00, Sys 0 00:00:00  -  Total Local Usage
	0  -  Run Bytes Sent By Job
	480  -  Run Bytes Received By Job
	0  -  Total Bytes Sent By Job
	480  -  Total Bytes Received By Job
	Partitionable Resources :    Usage  Request Allocated 
	   Cpus                 :     1.00        1         1 
	   Disk (KB)            :    21           1   4077838 
	   Memory (MB)          :    73           1      2000 

	Job terminated of its own accord at 2023-08-14T12:20:04Z with exit-code 0.
...
