000 (7222.000.000) 2023-08-14 12:12:47 Job submitted from host: <90.147.8.111:9618?addrs=90.147.8.111-9618&alias=ams&noUDP&sock=schedd_3306931_2f8d>
...
040 (7222.000.000) 2023-08-14 13:16:07 Started transferring input files
	Transferring to host: <192.168.100.101:9618?addrs=192.168.100.101-9618&alias=node02&noUDP&sock=slot26_102123_a452_2529>
...
040 (7222.000.000) 2023-08-14 13:16:07 Finished transferring input files
...
001 (7222.000.000) 2023-08-14 13:16:08 Job executing on host: <192.168.100.101:9618?addrs=192.168.100.101-9618&alias=node02&noUDP&sock=startd_102084_b624>
	SlotName: slot26@node02
	CondorScratchDir = "/home/spool/lib/condor/execute/dir_171665"
	Cpus = 1
	Disk = 1873362
	Memory = 2006
...
006 (7222.000.000) 2023-08-14 13:16:16 Image size of job updated: 77624
	69  -  MemoryUsage of job (MB)
	69812  -  ResidentSetSize of job (KB)
...
006 (7222.000.000) 2023-08-14 13:21:16 Image size of job updated: 103200
	101  -  MemoryUsage of job (MB)
	103200  -  ResidentSetSize of job (KB)
...
006 (7222.000.000) 2023-08-14 13:26:16 Image size of job updated: 140304
	138  -  MemoryUsage of job (MB)
	140304  -  ResidentSetSize of job (KB)
...
006 (7222.000.000) 2023-08-14 13:31:16 Image size of job updated: 180928
	177  -  MemoryUsage of job (MB)
	180916  -  ResidentSetSize of job (KB)
...
006 (7222.000.000) 2023-08-14 13:36:16 Image size of job updated: 218240
	214  -  MemoryUsage of job (MB)
	218236  -  ResidentSetSize of job (KB)
...
006 (7222.000.000) 2023-08-14 13:36:19 Image size of job updated: 219128
	214  -  MemoryUsage of job (MB)
	218236  -  ResidentSetSize of job (KB)
...
005 (7222.000.000) 2023-08-14 13:36:19 Job terminated.
	(1) Normal termination (return value 0)
		Usr 0 00:00:00, Sys 0 00:00:00  -  Run Remote Usage
		Usr 0 00:00:00, Sys 0 00:00:00  -  Run Local Usage
		Usr 0 00:00:00, Sys 0 00:00:00  -  Total Remote Usage
		Usr 0 00:00:00, Sys 0 00:00:00  -  Total Local Usage
	0  -  Run Bytes Sent By Job
	480  -  Run Bytes Received By Job
	0  -  Total Bytes Sent By Job
	480  -  Total Bytes Received By Job
	Partitionable Resources :    Usage  Request Allocated 
	   Cpus                 :     0.99        1         1 
	   Disk (KB)            :    21           1   1873362 
	   Memory (MB)          :   214           1      2006 

	Job terminated of its own accord at 2023-08-14T11:36:19Z with exit-code 0.
...
