000 (6960.000.000) 2023-08-14 12:12:33 Job submitted from host: <90.147.8.111:9618?addrs=90.147.8.111-9618&alias=ams&noUDP&sock=schedd_3306931_2f8d>
...
040 (6960.000.000) 2023-08-14 12:12:47 Started transferring input files
	Transferring to host: <192.168.100.3:9618?addrs=192.168.100.3-9618&alias=node03&noUDP&sock=slot32_56810_88bf_2266>
...
040 (6960.000.000) 2023-08-14 12:12:47 Finished transferring input files
...
001 (6960.000.000) 2023-08-14 12:12:49 Job executing on host: <192.168.100.3:9618?addrs=192.168.100.3-9618&alias=node03&noUDP&sock=startd_56773_2261>
	SlotName: slot32@node03
...
006 (6960.000.000) 2023-08-14 12:12:59 Image size of job updated: 462396
	62  -  MemoryUsage of job (MB)
	63272  -  ResidentSetSize of job (KB)
...
006 (6960.000.000) 2023-08-14 12:17:59 Image size of job updated: 465816
	71  -  MemoryUsage of job (MB)
	71744  -  ResidentSetSize of job (KB)
...
006 (6960.000.000) 2023-08-14 12:23:00 Image size of job updated: 465816
	71  -  MemoryUsage of job (MB)
	71808  -  ResidentSetSize of job (KB)
...
006 (6960.000.000) 2023-08-14 12:28:00 Image size of job updated: 465816
	71  -  MemoryUsage of job (MB)
	72508  -  ResidentSetSize of job (KB)
...
006 (6960.000.000) 2023-08-14 12:33:00 Image size of job updated: 465816
	71  -  MemoryUsage of job (MB)
	72516  -  ResidentSetSize of job (KB)
...
005 (6960.000.000) 2023-08-14 12:43:49 Job terminated.
	(1) Normal termination (return value 0)
		Usr 0 00:30:28, Sys 0 00:00:09  -  Run Remote Usage
		Usr 0 00:00:00, Sys 0 00:00:00  -  Run Local Usage
		Usr 0 00:30:28, Sys 0 00:00:09  -  Total Remote Usage
		Usr 0 00:00:00, Sys 0 00:00:00  -  Total Local Usage
	0  -  Run Bytes Sent By Job
	480  -  Run Bytes Received By Job
	0  -  Total Bytes Sent By Job
	480  -  Total Bytes Received By Job
	Partitionable Resources :    Usage  Request Allocated 
	   Cpus                 :     0.99        1         1 
	   Disk (KB)            :    21           1   4077838 
	   Memory (MB)          :    71           1      2000 

	Job terminated of its own accord at 2023-08-14T10:43:49Z with exit-code 0.
...
