000 (7242.000.000) 2023-08-14 12:12:47 Job submitted from host: <90.147.8.111:9618?addrs=90.147.8.111-9618&alias=ams&noUDP&sock=schedd_3306931_2f8d>
...
040 (7242.000.000) 2023-08-14 13:20:07 Started transferring input files
	Transferring to host: <192.168.100.3:9618?addrs=192.168.100.3-9618&alias=node03&noUDP&sock=slot35_56810_88bf_2372>
...
040 (7242.000.000) 2023-08-14 13:20:07 Finished transferring input files
...
001 (7242.000.000) 2023-08-14 13:20:08 Job executing on host: <192.168.100.3:9618?addrs=192.168.100.3-9618&alias=node03&noUDP&sock=startd_56773_2261>
	SlotName: slot35@node03
...
006 (7242.000.000) 2023-08-14 13:20:16 Image size of job updated: 466240
	70  -  MemoryUsage of job (MB)
	71240  -  ResidentSetSize of job (KB)
...
006 (7242.000.000) 2023-08-14 13:25:16 Image size of job updated: 466240
	71  -  MemoryUsage of job (MB)
	72132  -  ResidentSetSize of job (KB)
...
006 (7242.000.000) 2023-08-14 13:30:16 Image size of job updated: 466240
	71  -  MemoryUsage of job (MB)
	72204  -  ResidentSetSize of job (KB)
...
006 (7242.000.000) 2023-08-14 13:35:17 Image size of job updated: 466240
	71  -  MemoryUsage of job (MB)
	72220  -  ResidentSetSize of job (KB)
...
006 (7242.000.000) 2023-08-14 13:40:17 Image size of job updated: 466240
	72  -  MemoryUsage of job (MB)
	73036  -  ResidentSetSize of job (KB)
...
006 (7242.000.000) 2023-08-14 13:45:17 Image size of job updated: 466240
	72  -  MemoryUsage of job (MB)
	73208  -  ResidentSetSize of job (KB)
...
006 (7242.000.000) 2023-08-14 13:55:17 Image size of job updated: 466240
	72  -  MemoryUsage of job (MB)
	73652  -  ResidentSetSize of job (KB)
...
005 (7242.000.000) 2023-08-14 13:58:31 Job terminated.
	(1) Normal termination (return value 0)
		Usr 0 00:38:11, Sys 0 00:00:01  -  Run Remote Usage
		Usr 0 00:00:00, Sys 0 00:00:00  -  Run Local Usage
		Usr 0 00:38:11, Sys 0 00:00:01  -  Total Remote Usage
		Usr 0 00:00:00, Sys 0 00:00:00  -  Total Local Usage
	0  -  Run Bytes Sent By Job
	465  -  Run Bytes Received By Job
	0  -  Total Bytes Sent By Job
	465  -  Total Bytes Received By Job
	Partitionable Resources :    Usage  Request Allocated 
	   Cpus                 :     0.99        1         1 
	   Disk (KB)            :    21           1   4077838 
	   Memory (MB)          :    72           1      2000 

	Job terminated of its own accord at 2023-08-14T11:58:31Z with exit-code 0.
...
