000 (7064.000.000) 2023-08-14 12:12:38 Job submitted from host: <90.147.8.111:9618?addrs=90.147.8.111-9618&alias=ams&noUDP&sock=schedd_3306931_2f8d>
...
040 (7064.000.000) 2023-08-14 12:39:05 Started transferring input files
	Transferring to host: <192.168.100.3:9618?addrs=192.168.100.3-9618&alias=node03&noUDP&sock=slot8_56810_88bf_2293>
...
040 (7064.000.000) 2023-08-14 12:39:05 Finished transferring input files
...
001 (7064.000.000) 2023-08-14 12:39:06 Job executing on host: <192.168.100.3:9618?addrs=192.168.100.3-9618&alias=node03&noUDP&sock=startd_56773_2261>
	SlotName: slot8@node03
...
006 (7064.000.000) 2023-08-14 12:39:15 Image size of job updated: 71252
	70  -  MemoryUsage of job (MB)
	71252  -  ResidentSetSize of job (KB)
...
006 (7064.000.000) 2023-08-14 12:44:16 Image size of job updated: 466240
	71  -  MemoryUsage of job (MB)
	72144  -  ResidentSetSize of job (KB)
...
006 (7064.000.000) 2023-08-14 12:49:17 Image size of job updated: 466240
	71  -  MemoryUsage of job (MB)
	72192  -  ResidentSetSize of job (KB)
...
006 (7064.000.000) 2023-08-14 12:54:17 Image size of job updated: 466240
	71  -  MemoryUsage of job (MB)
	72244  -  ResidentSetSize of job (KB)
...
006 (7064.000.000) 2023-08-14 12:59:17 Image size of job updated: 466240
	72  -  MemoryUsage of job (MB)
	72920  -  ResidentSetSize of job (KB)
...
006 (7064.000.000) 2023-08-14 13:04:17 Image size of job updated: 466240
	72  -  MemoryUsage of job (MB)
	73092  -  ResidentSetSize of job (KB)
...
006 (7064.000.000) 2023-08-14 13:09:17 Image size of job updated: 466240
	72  -  MemoryUsage of job (MB)
	73128  -  ResidentSetSize of job (KB)
...
006 (7064.000.000) 2023-08-14 13:14:17 Image size of job updated: 466240
	72  -  MemoryUsage of job (MB)
	73660  -  ResidentSetSize of job (KB)
...
005 (7064.000.000) 2023-08-14 13:17:18 Job terminated.
	(1) Normal termination (return value 0)
		Usr 0 00:37:54, Sys 0 00:00:03  -  Run Remote Usage
		Usr 0 00:00:00, Sys 0 00:00:00  -  Run Local Usage
		Usr 0 00:37:54, Sys 0 00:00:03  -  Total Remote Usage
		Usr 0 00:00:00, Sys 0 00:00:00  -  Total Local Usage
	0  -  Run Bytes Sent By Job
	465  -  Run Bytes Received By Job
	0  -  Total Bytes Sent By Job
	465  -  Total Bytes Received By Job
	Partitionable Resources :    Usage  Request Allocated 
	   Cpus                 :     0.99        1         1 
	   Disk (KB)            :    21           1   4077838 
	   Memory (MB)          :    72           1      2000 

	Job terminated of its own accord at 2023-08-14T11:17:17Z with exit-code 0.
...
