000 (7273.000.000) 2023-08-14 12:12:49 Job submitted from host: <90.147.8.111:9618?addrs=90.147.8.111-9618&alias=ams&noUDP&sock=schedd_3306931_2f8d>
...
040 (7273.000.000) 2023-08-14 13:28:06 Started transferring input files
	Transferring to host: <192.168.100.3:9618?addrs=192.168.100.3-9618&alias=node03&noUDP&sock=slot48_56810_88bf_2387>
...
040 (7273.000.000) 2023-08-14 13:28:06 Finished transferring input files
...
001 (7273.000.000) 2023-08-14 13:28:07 Job executing on host: <192.168.100.3:9618?addrs=192.168.100.3-9618&alias=node03&noUDP&sock=startd_56773_2261>
	SlotName: slot48@node03
...
006 (7273.000.000) 2023-08-14 13:28:16 Image size of job updated: 71188
	70  -  MemoryUsage of job (MB)
	71188  -  ResidentSetSize of job (KB)
...
006 (7273.000.000) 2023-08-14 13:33:16 Image size of job updated: 466240
	71  -  MemoryUsage of job (MB)
	72164  -  ResidentSetSize of job (KB)
...
006 (7273.000.000) 2023-08-14 13:38:17 Image size of job updated: 466240
	71  -  MemoryUsage of job (MB)
	72204  -  ResidentSetSize of job (KB)
...
006 (7273.000.000) 2023-08-14 13:43:18 Image size of job updated: 466240
	71  -  MemoryUsage of job (MB)
	72232  -  ResidentSetSize of job (KB)
...
006 (7273.000.000) 2023-08-14 13:48:18 Image size of job updated: 466240
	72  -  MemoryUsage of job (MB)
	72936  -  ResidentSetSize of job (KB)
...
006 (7273.000.000) 2023-08-14 13:53:18 Image size of job updated: 466240
	72  -  MemoryUsage of job (MB)
	73108  -  ResidentSetSize of job (KB)
...
006 (7273.000.000) 2023-08-14 13:58:18 Image size of job updated: 466240
	72  -  MemoryUsage of job (MB)
	73336  -  ResidentSetSize of job (KB)
...
006 (7273.000.000) 2023-08-14 14:03:18 Image size of job updated: 466240
	72  -  MemoryUsage of job (MB)
	73620  -  ResidentSetSize of job (KB)
...
005 (7273.000.000) 2023-08-14 14:06:48 Job terminated.
	(1) Normal termination (return value 0)
		Usr 0 00:38:28, Sys 0 00:00:01  -  Run Remote Usage
		Usr 0 00:00:00, Sys 0 00:00:00  -  Run Local Usage
		Usr 0 00:38:28, Sys 0 00:00:01  -  Total Remote Usage
		Usr 0 00:00:00, Sys 0 00:00:00  -  Total Local Usage
	0  -  Run Bytes Sent By Job
	465  -  Run Bytes Received By Job
	0  -  Total Bytes Sent By Job
	465  -  Total Bytes Received By Job
	Partitionable Resources :    Usage  Request Allocated 
	   Cpus                 :     0.99        1         1 
	   Disk (KB)            :    21           1   4077838 
	   Memory (MB)          :    72           1      2000 

	Job terminated of its own accord at 2023-08-14T12:06:48Z with exit-code 0.
...
