000 (7295.000.000) 2023-08-14 12:12:50 Job submitted from host: <90.147.8.111:9618?addrs=90.147.8.111-9618&alias=ams&noUDP&sock=schedd_3306931_2f8d>
...
040 (7295.000.000) 2023-08-14 13:34:06 Started transferring input files
	Transferring to host: <192.168.100.101:9618?addrs=192.168.100.101-9618&alias=node02&noUDP&sock=slot32_102123_a452_2573>
...
040 (7295.000.000) 2023-08-14 13:34:06 Finished transferring input files
...
001 (7295.000.000) 2023-08-14 13:34:07 Job executing on host: <192.168.100.101:9618?addrs=192.168.100.101-9618&alias=node02&noUDP&sock=startd_102084_b624>
	SlotName: slot32@node02
	CondorScratchDir = "/home/spool/lib/condor/execute/dir_172301"
	Cpus = 1
	Disk = 1873362
	Memory = 2006
...
006 (7295.000.000) 2023-08-14 13:34:16 Image size of job updated: 75176
	69  -  MemoryUsage of job (MB)
	69880  -  ResidentSetSize of job (KB)
...
006 (7295.000.000) 2023-08-14 13:39:16 Image size of job updated: 105796
	104  -  MemoryUsage of job (MB)
	105796  -  ResidentSetSize of job (KB)
...
006 (7295.000.000) 2023-08-14 13:44:16 Image size of job updated: 143436
	141  -  MemoryUsage of job (MB)
	143420  -  ResidentSetSize of job (KB)
...
006 (7295.000.000) 2023-08-14 13:48:56 Image size of job updated: 181212
	141  -  MemoryUsage of job (MB)
	143420  -  ResidentSetSize of job (KB)
...
005 (7295.000.000) 2023-08-14 13:48:57 Job terminated.
	(1) Normal termination (return value 0)
		Usr 0 00:00:00, Sys 0 00:00:00  -  Run Remote Usage
		Usr 0 00:00:00, Sys 0 00:00:00  -  Run Local Usage
		Usr 0 00:00:00, Sys 0 00:00:00  -  Total Remote Usage
		Usr 0 00:00:00, Sys 0 00:00:00  -  Total Local Usage
	0  -  Run Bytes Sent By Job
	463  -  Run Bytes Received By Job
	0  -  Total Bytes Sent By Job
	463  -  Total Bytes Received By Job
	Partitionable Resources :    Usage  Request Allocated 
	   Cpus                 :     1.00        1         1 
	   Disk (KB)            :    21           1   1873362 
	   Memory (MB)          :   141           1      2006 

	Job terminated of its own accord at 2023-08-14T11:48:56Z with exit-code 0.
...
