000 (7167.000.000) 2023-08-14 12:12:43 Job submitted from host: <90.147.8.111:9618?addrs=90.147.8.111-9618&alias=ams&noUDP&sock=schedd_3306931_2f8d>
...
040 (7167.000.000) 2023-08-14 13:03:05 Started transferring input files
	Transferring to host: <192.168.100.3:9618?addrs=192.168.100.3-9618&alias=node03&noUDP&sock=slot48_56810_88bf_2336>
...
040 (7167.000.000) 2023-08-14 13:03:05 Finished transferring input files
...
001 (7167.000.000) 2023-08-14 13:03:06 Job executing on host: <192.168.100.3:9618?addrs=192.168.100.3-9618&alias=node03&noUDP&sock=startd_56773_2261>
	SlotName: slot48@node03
...
006 (7167.000.000) 2023-08-14 13:03:15 Image size of job updated: 423720
	68  -  MemoryUsage of job (MB)
	69052  -  ResidentSetSize of job (KB)
...
006 (7167.000.000) 2023-08-14 13:08:16 Image size of job updated: 463796
	69  -  MemoryUsage of job (MB)
	69736  -  ResidentSetSize of job (KB)
...
006 (7167.000.000) 2023-08-14 13:13:16 Image size of job updated: 463796
	69  -  MemoryUsage of job (MB)
	69808  -  ResidentSetSize of job (KB)
...
006 (7167.000.000) 2023-08-14 13:18:16 Image size of job updated: 463796
	69  -  MemoryUsage of job (MB)
	70228  -  ResidentSetSize of job (KB)
...
006 (7167.000.000) 2023-08-14 13:23:16 Image size of job updated: 463796
	71  -  MemoryUsage of job (MB)
	71700  -  ResidentSetSize of job (KB)
...
005 (7167.000.000) 2023-08-14 13:28:05 Job terminated.
	(1) Normal termination (return value 0)
		Usr 0 00:24:51, Sys 0 00:00:00  -  Run Remote Usage
		Usr 0 00:00:00, Sys 0 00:00:00  -  Run Local Usage
		Usr 0 00:24:51, Sys 0 00:00:00  -  Total Remote Usage
		Usr 0 00:00:00, Sys 0 00:00:00  -  Total Local Usage
	0  -  Run Bytes Sent By Job
	448  -  Run Bytes Received By Job
	0  -  Total Bytes Sent By Job
	448  -  Total Bytes Received By Job
	Partitionable Resources :    Usage  Request Allocated 
	   Cpus                 :     0.99        1         1 
	   Disk (KB)            :    21           1   4077838 
	   Memory (MB)          :    71           1      2000 

	Job terminated of its own accord at 2023-08-14T11:28:05Z with exit-code 0.
...
