000 (6929.000.000) 2023-08-14 12:12:25 Job submitted from host: <90.147.8.111:9618?addrs=90.147.8.111-9618&alias=ams&noUDP&sock=schedd_3306931_2f8d>
...
040 (6929.000.000) 2023-08-14 12:12:25 Started transferring input files
	Transferring to host: <192.168.100.3:9618?addrs=192.168.100.3-9618&alias=node03&noUDP&sock=slot1_56810_88bf_2235>
...
040 (6929.000.000) 2023-08-14 12:12:25 Finished transferring input files
...
001 (6929.000.000) 2023-08-14 12:12:26 Job executing on host: <192.168.100.3:9618?addrs=192.168.100.3-9618&alias=node03&noUDP&sock=startd_56773_2261>
	SlotName: slot1@node03
...
006 (6929.000.000) 2023-08-14 12:12:35 Image size of job updated: 44116
	44  -  MemoryUsage of job (MB)
	44116  -  ResidentSetSize of job (KB)
...
000 (7515.000.000) 2023-08-14 12:12:59 Job submitted from host: <90.147.8.111:9618?addrs=90.147.8.111-9618&alias=ams&noUDP&sock=schedd_3306931_2f8d>
...
040 (7515.000.000) 2023-08-14 12:13:03 Started transferring input files
	Transferring to host: <192.168.100.101:9618?addrs=192.168.100.101-9618&alias=node02&noUDP&sock=slot27_102123_a452_2429>
...
040 (7515.000.000) 2023-08-14 12:13:03 Finished transferring input files
...
001 (7515.000.000) 2023-08-14 12:13:04 Job executing on host: <192.168.100.101:9618?addrs=192.168.100.101-9618&alias=node02&noUDP&sock=startd_102084_b624>
	SlotName: slot27@node02
	CondorScratchDir = "/home/spool/lib/condor/execute/dir_166955"
	Cpus = 1
	Disk = 1873362
	Memory = 2006
...
006 (7515.000.000) 2023-08-14 12:13:13 Image size of job updated: 45156
	44  -  MemoryUsage of job (MB)
	44920  -  ResidentSetSize of job (KB)
...
006 (6929.000.000) 2023-08-14 12:17:36 Image size of job updated: 637120
	78  -  MemoryUsage of job (MB)
	79748  -  ResidentSetSize of job (KB)
...
006 (7515.000.000) 2023-08-14 12:18:14 Image size of job updated: 79232
	78  -  MemoryUsage of job (MB)
	78988  -  ResidentSetSize of job (KB)
...
006 (6929.000.000) 2023-08-14 12:22:36 Image size of job updated: 700736
	139  -  MemoryUsage of job (MB)
	142332  -  ResidentSetSize of job (KB)
...
006 (7515.000.000) 2023-08-14 12:23:15 Image size of job updated: 141668
	139  -  MemoryUsage of job (MB)
	141408  -  ResidentSetSize of job (KB)
...
006 (6929.000.000) 2023-08-14 12:27:37 Image size of job updated: 731984
	170  -  MemoryUsage of job (MB)
	173192  -  ResidentSetSize of job (KB)
...
006 (7515.000.000) 2023-08-14 12:28:16 Image size of job updated: 172484
	169  -  MemoryUsage of job (MB)
	172128  -  ResidentSetSize of job (KB)
...
006 (6929.000.000) 2023-08-14 12:32:38 Image size of job updated: 731984
	171  -  MemoryUsage of job (MB)
	175044  -  ResidentSetSize of job (KB)
...
006 (7515.000.000) 2023-08-14 12:33:17 Image size of job updated: 173484
	169  -  MemoryUsage of job (MB)
	172532  -  ResidentSetSize of job (KB)
...
006 (6929.000.000) 2023-08-14 12:37:38 Image size of job updated: 739812
	180  -  MemoryUsage of job (MB)
	184160  -  ResidentSetSize of job (KB)
...
006 (7515.000.000) 2023-08-14 12:38:17 Image size of job updated: 183536
	179  -  MemoryUsage of job (MB)
	182824  -  ResidentSetSize of job (KB)
...
005 (7515.000.000) 2023-08-14 12:42:45 Job terminated.
	(1) Normal termination (return value 0)
		Usr 0 00:00:00, Sys 0 00:00:00  -  Run Remote Usage
		Usr 0 00:00:00, Sys 0 00:00:00  -  Run Local Usage
		Usr 0 00:00:00, Sys 0 00:00:00  -  Total Remote Usage
		Usr 0 00:00:00, Sys 0 00:00:00  -  Total Local Usage
	0  -  Run Bytes Sent By Job
	276  -  Run Bytes Received By Job
	0  -  Total Bytes Sent By Job
	276  -  Total Bytes Received By Job
	Partitionable Resources :    Usage  Request Allocated 
	   Cpus                 :     0.30        1         1 
	   Disk (KB)            :    21           1   1873362 
	   Memory (MB)          :   179           1      2006 

	Job terminated of its own accord at 2023-08-14T10:42:45Z with exit-code 0.
...
005 (6929.000.000) 2023-08-14 12:42:45 Job terminated.
	(1) Normal termination (return value 0)
		Usr 0 00:02:55, Sys 0 00:04:52  -  Run Remote Usage
		Usr 0 00:00:00, Sys 0 00:00:00  -  Run Local Usage
		Usr 0 00:02:55, Sys 0 00:04:52  -  Total Remote Usage
		Usr 0 00:00:00, Sys 0 00:00:00  -  Total Local Usage
	0  -  Run Bytes Sent By Job
	276  -  Run Bytes Received By Job
	0  -  Total Bytes Sent By Job
	276  -  Total Bytes Received By Job
	Partitionable Resources :    Usage  Request Allocated 
	   Cpus                 :     0.33        1         1 
	   Disk (KB)            :    21           1   4077838 
	   Memory (MB)          :   180           1      2000 

	Job terminated of its own accord at 2023-08-14T10:42:45Z with exit-code 0.
...
