000 (7268.000.000) 2023-08-14 12:12:49 Job submitted from host: <90.147.8.111:9618?addrs=90.147.8.111-9618&alias=ams&noUDP&sock=schedd_3306931_2f8d>
...
040 (7268.000.000) 2023-08-14 13:26:10 Started transferring input files
	Transferring to host: <192.168.100.3:9618?addrs=192.168.100.3-9618&alias=node03&noUDP&sock=slot42_56810_88bf_2385>
...
040 (7268.000.000) 2023-08-14 13:26:10 Finished transferring input files
...
001 (7268.000.000) 2023-08-14 13:26:11 Job executing on host: <192.168.100.3:9618?addrs=192.168.100.3-9618&alias=node03&noUDP&sock=startd_56773_2261>
	SlotName: slot42@node03
...
006 (7268.000.000) 2023-08-14 13:26:20 Image size of job updated: 465816
	70  -  MemoryUsage of job (MB)
	71612  -  ResidentSetSize of job (KB)
...
006 (7268.000.000) 2023-08-14 13:31:20 Image size of job updated: 465816
	71  -  MemoryUsage of job (MB)
	71708  -  ResidentSetSize of job (KB)
...
006 (7268.000.000) 2023-08-14 13:36:21 Image size of job updated: 465816
	71  -  MemoryUsage of job (MB)
	71784  -  ResidentSetSize of job (KB)
...
006 (7268.000.000) 2023-08-14 13:41:21 Image size of job updated: 465816
	71  -  MemoryUsage of job (MB)
	72592  -  ResidentSetSize of job (KB)
...
006 (7268.000.000) 2023-08-14 13:51:21 Image size of job updated: 465816
	73  -  MemoryUsage of job (MB)
	73904  -  ResidentSetSize of job (KB)
...
005 (7268.000.000) 2023-08-14 13:56:54 Job terminated.
	(1) Normal termination (return value 0)
		Usr 0 00:30:34, Sys 0 00:00:01  -  Run Remote Usage
		Usr 0 00:00:00, Sys 0 00:00:00  -  Run Local Usage
		Usr 0 00:30:34, Sys 0 00:00:01  -  Total Remote Usage
		Usr 0 00:00:00, Sys 0 00:00:00  -  Total Local Usage
	0  -  Run Bytes Sent By Job
	480  -  Run Bytes Received By Job
	0  -  Total Bytes Sent By Job
	480  -  Total Bytes Received By Job
	Partitionable Resources :    Usage  Request Allocated 
	   Cpus                 :     0.99        1         1 
	   Disk (KB)            :    22           1   4077838 
	   Memory (MB)          :    73           1      2000 

	Job terminated of its own accord at 2023-08-14T11:56:54Z with exit-code 0.
...
