000 (7238.000.000) 2023-08-14 12:12:47 Job submitted from host: <90.147.8.111:9618?addrs=90.147.8.111-9618&alias=ams&noUDP&sock=schedd_3306931_2f8d>
...
040 (7238.000.000) 2023-08-14 13:19:07 Started transferring input files
	Transferring to host: <192.168.100.101:9618?addrs=192.168.100.101-9618&alias=node02&noUDP&sock=slot14_102123_a452_2540>
...
040 (7238.000.000) 2023-08-14 13:19:07 Finished transferring input files
...
001 (7238.000.000) 2023-08-14 13:19:08 Job executing on host: <192.168.100.101:9618?addrs=192.168.100.101-9618&alias=node02&noUDP&sock=startd_102084_b624>
	SlotName: slot14@node02
	CondorScratchDir = "/home/spool/lib/condor/execute/dir_171782"
	Cpus = 1
	Disk = 1873362
	Memory = 2006
...
006 (7238.000.000) 2023-08-14 13:19:16 Image size of job updated: 75108
	69  -  MemoryUsage of job (MB)
	69756  -  ResidentSetSize of job (KB)
...
006 (7238.000.000) 2023-08-14 13:24:16 Image size of job updated: 106664
	104  -  MemoryUsage of job (MB)
	105644  -  ResidentSetSize of job (KB)
...
006 (7238.000.000) 2023-08-14 13:29:16 Image size of job updated: 147324
	144  -  MemoryUsage of job (MB)
	147320  -  ResidentSetSize of job (KB)
...
006 (7238.000.000) 2023-08-14 13:33:19 Image size of job updated: 181216
	144  -  MemoryUsage of job (MB)
	147320  -  ResidentSetSize of job (KB)
...
005 (7238.000.000) 2023-08-14 13:33:19 Job terminated.
	(1) Normal termination (return value 0)
		Usr 0 00:00:00, Sys 0 00:00:00  -  Run Remote Usage
		Usr 0 00:00:00, Sys 0 00:00:00  -  Run Local Usage
		Usr 0 00:00:00, Sys 0 00:00:00  -  Total Remote Usage
		Usr 0 00:00:00, Sys 0 00:00:00  -  Total Local Usage
	0  -  Run Bytes Sent By Job
	461  -  Run Bytes Received By Job
	0  -  Total Bytes Sent By Job
	461  -  Total Bytes Received By Job
	Partitionable Resources :    Usage  Request Allocated 
	   Cpus                 :     0.99        1         1 
	   Disk (KB)            :    21           1   1873362 
	   Memory (MB)          :   144           1      2006 

	Job terminated of its own accord at 2023-08-14T11:33:19Z with exit-code 0.
...
