000 (7417.000.000) 2023-08-14 12:12:55 Job submitted from host: <90.147.8.111:9618?addrs=90.147.8.111-9618&alias=ams&noUDP&sock=schedd_3306931_2f8d>
...
040 (7417.000.000) 2023-08-14 14:08:06 Started transferring input files
	Transferring to host: <192.168.100.101:9618?addrs=192.168.100.101-9618&alias=node02&noUDP&sock=slot19_102123_a452_2644>
...
040 (7417.000.000) 2023-08-14 14:08:06 Finished transferring input files
...
001 (7417.000.000) 2023-08-14 14:08:07 Job executing on host: <192.168.100.101:9618?addrs=192.168.100.101-9618&alias=node02&noUDP&sock=startd_102084_b624>
	SlotName: slot19@node02
	CondorScratchDir = "/home/spool/lib/condor/execute/dir_173465"
	Cpus = 1
	Disk = 1873362
	Memory = 2006
...
006 (7417.000.000) 2023-08-14 14:08:16 Image size of job updated: 77740
	68  -  MemoryUsage of job (MB)
	69236  -  ResidentSetSize of job (KB)
...
006 (7417.000.000) 2023-08-14 14:13:17 Image size of job updated: 79820
	78  -  MemoryUsage of job (MB)
	79780  -  ResidentSetSize of job (KB)
...
006 (7417.000.000) 2023-08-14 14:18:17 Image size of job updated: 89344
	88  -  MemoryUsage of job (MB)
	89304  -  ResidentSetSize of job (KB)
...
006 (7417.000.000) 2023-08-14 14:23:18 Image size of job updated: 99036
	97  -  MemoryUsage of job (MB)
	98912  -  ResidentSetSize of job (KB)
...
006 (7417.000.000) 2023-08-14 14:28:19 Image size of job updated: 111504
	109  -  MemoryUsage of job (MB)
	111316  -  ResidentSetSize of job (KB)
...
006 (7417.000.000) 2023-08-14 14:33:19 Image size of job updated: 127436
	124  -  MemoryUsage of job (MB)
	126008  -  ResidentSetSize of job (KB)
...
006 (7417.000.000) 2023-08-14 14:38:19 Image size of job updated: 139560
	137  -  MemoryUsage of job (MB)
	139524  -  ResidentSetSize of job (KB)
...
006 (7417.000.000) 2023-08-14 14:43:19 Image size of job updated: 153876
	151  -  MemoryUsage of job (MB)
	153876  -  ResidentSetSize of job (KB)
...
006 (7417.000.000) 2023-08-14 14:46:37 Image size of job updated: 166580
	151  -  MemoryUsage of job (MB)
	153876  -  ResidentSetSize of job (KB)
...
005 (7417.000.000) 2023-08-14 14:46:37 Job terminated.
	(1) Normal termination (return value 0)
		Usr 0 00:00:00, Sys 0 00:00:00  -  Run Remote Usage
		Usr 0 00:00:00, Sys 0 00:00:00  -  Run Local Usage
		Usr 0 00:00:00, Sys 0 00:00:00  -  Total Remote Usage
		Usr 0 00:00:00, Sys 0 00:00:00  -  Total Local Usage
	0  -  Run Bytes Sent By Job
	465  -  Run Bytes Received By Job
	0  -  Total Bytes Sent By Job
	465  -  Total Bytes Received By Job
	Partitionable Resources :    Usage  Request Allocated 
	   Cpus                 :     1.00        1         1 
	   Disk (KB)            :    21           1   1873362 
	   Memory (MB)          :   151           1      2006 

	Job terminated of its own accord at 2023-08-14T12:46:37Z with exit-code 0.
...
