000 (6972.000.000) 2023-08-14 12:12:33 Job submitted from host: <90.147.8.111:9618?addrs=90.147.8.111-9618&alias=ams&noUDP&sock=schedd_3306931_2f8d>
...
040 (6972.000.000) 2023-08-14 12:12:48 Started transferring input files
	Transferring to host: <192.168.100.3:9618?addrs=192.168.100.3-9618&alias=node03&noUDP&sock=slot44_56810_88bf_2278>
...
040 (6972.000.000) 2023-08-14 12:12:48 Finished transferring input files
...
001 (6972.000.000) 2023-08-14 12:12:49 Job executing on host: <192.168.100.3:9618?addrs=192.168.100.3-9618&alias=node03&noUDP&sock=startd_56773_2261>
	SlotName: slot44@node03
...
006 (6972.000.000) 2023-08-14 12:12:59 Image size of job updated: 465816
	70  -  MemoryUsage of job (MB)
	71624  -  ResidentSetSize of job (KB)
...
006 (6972.000.000) 2023-08-14 12:17:59 Image size of job updated: 465816
	71  -  MemoryUsage of job (MB)
	71704  -  ResidentSetSize of job (KB)
...
006 (6972.000.000) 2023-08-14 12:22:59 Image size of job updated: 465816
	71  -  MemoryUsage of job (MB)
	71780  -  ResidentSetSize of job (KB)
...
006 (6972.000.000) 2023-08-14 12:28:00 Image size of job updated: 465816
	71  -  MemoryUsage of job (MB)
	72592  -  ResidentSetSize of job (KB)
...
006 (6972.000.000) 2023-08-14 12:33:00 Image size of job updated: 465816
	71  -  MemoryUsage of job (MB)
	72608  -  ResidentSetSize of job (KB)
...
005 (6972.000.000) 2023-08-14 12:43:53 Job terminated.
	(1) Normal termination (return value 0)
		Usr 0 00:30:36, Sys 0 00:00:07  -  Run Remote Usage
		Usr 0 00:00:00, Sys 0 00:00:00  -  Run Local Usage
		Usr 0 00:30:36, Sys 0 00:00:07  -  Total Remote Usage
		Usr 0 00:00:00, Sys 0 00:00:00  -  Total Local Usage
	0  -  Run Bytes Sent By Job
	480  -  Run Bytes Received By Job
	0  -  Total Bytes Sent By Job
	480  -  Total Bytes Received By Job
	Partitionable Resources :    Usage  Request Allocated 
	   Cpus                 :     0.99        1         1 
	   Disk (KB)            :    21           1   4077838 
	   Memory (MB)          :    71           1      2000 

	Job terminated of its own accord at 2023-08-14T10:43:53Z with exit-code 0.
...
