000 (7335.000.000) 2023-08-14 12:12:52 Job submitted from host: <90.147.8.111:9618?addrs=90.147.8.111-9618&alias=ams&noUDP&sock=schedd_3306931_2f8d>
...
040 (7335.000.000) 2023-08-14 13:46:54 Started transferring input files
	Transferring to host: <192.168.100.101:9618?addrs=192.168.100.101-9618&alias=node02&noUDP&sock=slot38_102123_a452_2598>
...
040 (7335.000.000) 2023-08-14 13:46:54 Finished transferring input files
...
001 (7335.000.000) 2023-08-14 13:46:55 Job executing on host: <192.168.100.101:9618?addrs=192.168.100.101-9618&alias=node02&noUDP&sock=startd_102084_b624>
	SlotName: slot38@node02
	CondorScratchDir = "/home/spool/lib/condor/execute/dir_172721"
	Cpus = 1
	Disk = 1873362
	Memory = 2006
...
006 (7335.000.000) 2023-08-14 13:47:04 Image size of job updated: 92312
	71  -  MemoryUsage of job (MB)
	71768  -  ResidentSetSize of job (KB)
...
006 (7335.000.000) 2023-08-14 13:52:05 Image size of job updated: 92312
	84  -  MemoryUsage of job (MB)
	85504  -  ResidentSetSize of job (KB)
...
006 (7335.000.000) 2023-08-14 13:57:05 Image size of job updated: 97440
	95  -  MemoryUsage of job (MB)
	97192  -  ResidentSetSize of job (KB)
...
006 (7335.000.000) 2023-08-14 14:02:06 Image size of job updated: 109976
	108  -  MemoryUsage of job (MB)
	109976  -  ResidentSetSize of job (KB)
...
006 (7335.000.000) 2023-08-14 14:07:06 Image size of job updated: 127352
	125  -  MemoryUsage of job (MB)
	127284  -  ResidentSetSize of job (KB)
...
006 (7335.000.000) 2023-08-14 14:12:06 Image size of job updated: 145032
	142  -  MemoryUsage of job (MB)
	145032  -  ResidentSetSize of job (KB)
...
006 (7335.000.000) 2023-08-14 14:17:06 Image size of job updated: 163352
	160  -  MemoryUsage of job (MB)
	163348  -  ResidentSetSize of job (KB)
...
006 (7335.000.000) 2023-08-14 14:17:48 Image size of job updated: 167504
	160  -  MemoryUsage of job (MB)
	163348  -  ResidentSetSize of job (KB)
...
005 (7335.000.000) 2023-08-14 14:17:48 Job terminated.
	(1) Normal termination (return value 0)
		Usr 0 00:00:00, Sys 0 00:00:00  -  Run Remote Usage
		Usr 0 00:00:00, Sys 0 00:00:00  -  Run Local Usage
		Usr 0 00:00:00, Sys 0 00:00:00  -  Total Remote Usage
		Usr 0 00:00:00, Sys 0 00:00:00  -  Total Local Usage
	0  -  Run Bytes Sent By Job
	465  -  Run Bytes Received By Job
	0  -  Total Bytes Sent By Job
	465  -  Total Bytes Received By Job
	Partitionable Resources :    Usage  Request Allocated 
	   Cpus                 :     1.00        1         1 
	   Disk (KB)            :    22           1   1873362 
	   Memory (MB)          :   160           1      2006 

	Job terminated of its own accord at 2023-08-14T12:17:48Z with exit-code 0.
...
