000 (7099.000.000) 2023-08-14 12:12:40 Job submitted from host: <90.147.8.111:9618?addrs=90.147.8.111-9618&alias=ams&noUDP&sock=schedd_3306931_2f8d>
...
040 (7099.000.000) 2023-08-14 12:44:06 Started transferring input files
	Transferring to host: <192.168.100.3:9618?addrs=192.168.100.3-9618&alias=node03&noUDP&sock=slot44_56810_88bf_2316>
...
040 (7099.000.000) 2023-08-14 12:44:06 Finished transferring input files
...
001 (7099.000.000) 2023-08-14 12:44:07 Job executing on host: <192.168.100.3:9618?addrs=192.168.100.3-9618&alias=node03&noUDP&sock=startd_56773_2261>
	SlotName: slot44@node03
...
006 (7099.000.000) 2023-08-14 12:44:16 Image size of job updated: 429784
	68  -  MemoryUsage of job (MB)
	69144  -  ResidentSetSize of job (KB)
...
006 (7099.000.000) 2023-08-14 12:49:16 Image size of job updated: 463856
	69  -  MemoryUsage of job (MB)
	69776  -  ResidentSetSize of job (KB)
...
006 (7099.000.000) 2023-08-14 12:54:16 Image size of job updated: 463856
	69  -  MemoryUsage of job (MB)
	69796  -  ResidentSetSize of job (KB)
...
006 (7099.000.000) 2023-08-14 12:59:16 Image size of job updated: 463856
	69  -  MemoryUsage of job (MB)
	70228  -  ResidentSetSize of job (KB)
...
006 (7099.000.000) 2023-08-14 13:04:16 Image size of job updated: 463856
	69  -  MemoryUsage of job (MB)
	70304  -  ResidentSetSize of job (KB)
...
006 (7099.000.000) 2023-08-14 13:09:16 Image size of job updated: 463856
	69  -  MemoryUsage of job (MB)
	70420  -  ResidentSetSize of job (KB)
...
006 (7099.000.000) 2023-08-14 13:14:16 Image size of job updated: 463856
	70  -  MemoryUsage of job (MB)
	71032  -  ResidentSetSize of job (KB)
...
005 (7099.000.000) 2023-08-14 13:17:36 Job terminated.
	(1) Normal termination (return value 0)
		Usr 0 00:33:19, Sys 0 00:00:00  -  Run Remote Usage
		Usr 0 00:00:00, Sys 0 00:00:00  -  Run Local Usage
		Usr 0 00:33:19, Sys 0 00:00:00  -  Total Remote Usage
		Usr 0 00:00:00, Sys 0 00:00:00  -  Total Local Usage
	0  -  Run Bytes Sent By Job
	465  -  Run Bytes Received By Job
	0  -  Total Bytes Sent By Job
	465  -  Total Bytes Received By Job
	Partitionable Resources :    Usage  Request Allocated 
	   Cpus                 :     0.99        1         1 
	   Disk (KB)            :    21           1   4077838 
	   Memory (MB)          :    70           1      2000 

	Job terminated of its own accord at 2023-08-14T11:17:36Z with exit-code 0.
...
