000 (7351.000.000) 2023-08-14 12:12:52 Job submitted from host: <90.147.8.111:9618?addrs=90.147.8.111-9618&alias=ams&noUDP&sock=schedd_3306931_2f8d>
...
040 (7351.000.000) 2023-08-14 13:52:06 Started transferring input files
	Transferring to host: <192.168.100.3:9618?addrs=192.168.100.3-9618&alias=node03&noUDP&sock=slot10_56810_88bf_2417>
...
040 (7351.000.000) 2023-08-14 13:52:06 Finished transferring input files
...
001 (7351.000.000) 2023-08-14 13:52:07 Job executing on host: <192.168.100.3:9618?addrs=192.168.100.3-9618&alias=node03&noUDP&sock=startd_56773_2261>
	SlotName: slot10@node03
...
006 (7351.000.000) 2023-08-14 13:52:16 Image size of job updated: 463856
	68  -  MemoryUsage of job (MB)
	69136  -  ResidentSetSize of job (KB)
...
006 (7351.000.000) 2023-08-14 13:57:17 Image size of job updated: 463856
	69  -  MemoryUsage of job (MB)
	69776  -  ResidentSetSize of job (KB)
...
006 (7351.000.000) 2023-08-14 14:02:18 Image size of job updated: 463856
	69  -  MemoryUsage of job (MB)
	69828  -  ResidentSetSize of job (KB)
...
006 (7351.000.000) 2023-08-14 14:07:18 Image size of job updated: 463856
	69  -  MemoryUsage of job (MB)
	70592  -  ResidentSetSize of job (KB)
...
006 (7351.000.000) 2023-08-14 14:12:18 Image size of job updated: 463856
	70  -  MemoryUsage of job (MB)
	70748  -  ResidentSetSize of job (KB)
...
006 (7351.000.000) 2023-08-14 14:22:18 Image size of job updated: 463856
	70  -  MemoryUsage of job (MB)
	71040  -  ResidentSetSize of job (KB)
...
005 (7351.000.000) 2023-08-14 14:25:39 Job terminated.
	(1) Normal termination (return value 0)
		Usr 0 00:33:20, Sys 0 00:00:01  -  Run Remote Usage
		Usr 0 00:00:00, Sys 0 00:00:00  -  Run Local Usage
		Usr 0 00:33:20, Sys 0 00:00:01  -  Total Remote Usage
		Usr 0 00:00:00, Sys 0 00:00:00  -  Total Local Usage
	0  -  Run Bytes Sent By Job
	465  -  Run Bytes Received By Job
	0  -  Total Bytes Sent By Job
	465  -  Total Bytes Received By Job
	Partitionable Resources :    Usage  Request Allocated 
	   Cpus                 :     1.00        1         1 
	   Disk (KB)            :    21           1   4077838 
	   Memory (MB)          :    70           1      2000 

	Job terminated of its own accord at 2023-08-14T12:25:39Z with exit-code 0.
...
