000 (7376.000.000) 2023-08-14 12:12:53 Job submitted from host: <90.147.8.111:9618?addrs=90.147.8.111-9618&alias=ams&noUDP&sock=schedd_3306931_2f8d>
...
040 (7376.000.000) 2023-08-14 13:57:09 Started transferring input files
	Transferring to host: <192.168.100.101:9618?addrs=192.168.100.101-9618&alias=node02&noUDP&sock=slot2_102123_a452_2618>
...
040 (7376.000.000) 2023-08-14 13:57:09 Finished transferring input files
...
001 (7376.000.000) 2023-08-14 13:57:10 Job executing on host: <192.168.100.101:9618?addrs=192.168.100.101-9618&alias=node02&noUDP&sock=startd_102084_b624>
	SlotName: slot2@node02
	CondorScratchDir = "/home/spool/lib/condor/execute/dir_173050"
	Cpus = 1
	Disk = 1873362
	Memory = 2006
...
006 (7376.000.000) 2023-08-14 13:57:18 Image size of job updated: 77840
	69  -  MemoryUsage of job (MB)
	69692  -  ResidentSetSize of job (KB)
...
006 (7376.000.000) 2023-08-14 14:02:18 Image size of job updated: 95356
	94  -  MemoryUsage of job (MB)
	95352  -  ResidentSetSize of job (KB)
...
006 (7376.000.000) 2023-08-14 14:07:18 Image size of job updated: 125780
	123  -  MemoryUsage of job (MB)
	125780  -  ResidentSetSize of job (KB)
...
006 (7376.000.000) 2023-08-14 14:12:18 Image size of job updated: 165476
	162  -  MemoryUsage of job (MB)
	165428  -  ResidentSetSize of job (KB)
...
006 (7376.000.000) 2023-08-14 14:17:18 Image size of job updated: 205004
	201  -  MemoryUsage of job (MB)
	205004  -  ResidentSetSize of job (KB)
...
006 (7376.000.000) 2023-08-14 14:19:01 Image size of job updated: 219852
	201  -  MemoryUsage of job (MB)
	205004  -  ResidentSetSize of job (KB)
...
005 (7376.000.000) 2023-08-14 14:19:01 Job terminated.
	(1) Normal termination (return value 0)
		Usr 0 00:00:00, Sys 0 00:00:00  -  Run Remote Usage
		Usr 0 00:00:00, Sys 0 00:00:00  -  Run Local Usage
		Usr 0 00:00:00, Sys 0 00:00:00  -  Total Remote Usage
		Usr 0 00:00:00, Sys 0 00:00:00  -  Total Local Usage
	0  -  Run Bytes Sent By Job
	480  -  Run Bytes Received By Job
	0  -  Total Bytes Sent By Job
	480  -  Total Bytes Received By Job
	Partitionable Resources :    Usage  Request Allocated 
	   Cpus                 :     1.00        1         1 
	   Disk (KB)            :    22           1   1873362 
	   Memory (MB)          :   201           1      2006 

	Job terminated of its own accord at 2023-08-14T12:19:01Z with exit-code 0.
...
