000 (7170.000.000) 2023-08-14 12:12:43 Job submitted from host: <90.147.8.111:9618?addrs=90.147.8.111-9618&alias=ams&noUDP&sock=schedd_3306931_2f8d>
...
040 (7170.000.000) 2023-08-14 13:04:05 Started transferring input files
	Transferring to host: <192.168.100.3:9618?addrs=192.168.100.3-9618&alias=node03&noUDP&sock=slot40_56810_88bf_2339>
...
040 (7170.000.000) 2023-08-14 13:04:05 Finished transferring input files
...
001 (7170.000.000) 2023-08-14 13:04:06 Job executing on host: <192.168.100.3:9618?addrs=192.168.100.3-9618&alias=node03&noUDP&sock=startd_56773_2261>
	SlotName: slot40@node03
...
006 (7170.000.000) 2023-08-14 13:04:15 Image size of job updated: 71464
	70  -  MemoryUsage of job (MB)
	71464  -  ResidentSetSize of job (KB)
...
006 (7170.000.000) 2023-08-14 13:09:16 Image size of job updated: 466240
	71  -  MemoryUsage of job (MB)
	72196  -  ResidentSetSize of job (KB)
...
006 (7170.000.000) 2023-08-14 13:14:16 Image size of job updated: 466240
	71  -  MemoryUsage of job (MB)
	72220  -  ResidentSetSize of job (KB)
...
006 (7170.000.000) 2023-08-14 13:19:17 Image size of job updated: 466240
	71  -  MemoryUsage of job (MB)
	72228  -  ResidentSetSize of job (KB)
...
006 (7170.000.000) 2023-08-14 13:24:17 Image size of job updated: 466240
	71  -  MemoryUsage of job (MB)
	72552  -  ResidentSetSize of job (KB)
...
006 (7170.000.000) 2023-08-14 13:29:17 Image size of job updated: 466240
	71  -  MemoryUsage of job (MB)
	72628  -  ResidentSetSize of job (KB)
...
006 (7170.000.000) 2023-08-14 13:34:17 Image size of job updated: 466240
	72  -  MemoryUsage of job (MB)
	73220  -  ResidentSetSize of job (KB)
...
006 (7170.000.000) 2023-08-14 13:39:17 Image size of job updated: 466240
	72  -  MemoryUsage of job (MB)
	73660  -  ResidentSetSize of job (KB)
...
005 (7170.000.000) 2023-08-14 13:42:19 Job terminated.
	(1) Normal termination (return value 0)
		Usr 0 00:38:02, Sys 0 00:00:01  -  Run Remote Usage
		Usr 0 00:00:00, Sys 0 00:00:00  -  Run Local Usage
		Usr 0 00:38:02, Sys 0 00:00:01  -  Total Remote Usage
		Usr 0 00:00:00, Sys 0 00:00:00  -  Total Local Usage
	0  -  Run Bytes Sent By Job
	465  -  Run Bytes Received By Job
	0  -  Total Bytes Sent By Job
	465  -  Total Bytes Received By Job
	Partitionable Resources :    Usage  Request Allocated 
	   Cpus                 :     1.00        1         1 
	   Disk (KB)            :    21           1   4077838 
	   Memory (MB)          :    72           1      2000 

	Job terminated of its own accord at 2023-08-14T11:42:19Z with exit-code 0.
...
