000 (7166.000.000) 2023-08-14 12:12:43 Job submitted from host: <90.147.8.111:9618?addrs=90.147.8.111-9618&alias=ams&noUDP&sock=schedd_3306931_2f8d>
...
040 (7166.000.000) 2023-08-14 13:02:10 Started transferring input files
	Transferring to host: <192.168.100.3:9618?addrs=192.168.100.3-9618&alias=node03&noUDP&sock=slot1_56810_88bf_2335>
...
040 (7166.000.000) 2023-08-14 13:02:10 Finished transferring input files
...
001 (7166.000.000) 2023-08-14 13:02:11 Job executing on host: <192.168.100.3:9618?addrs=192.168.100.3-9618&alias=node03&noUDP&sock=startd_56773_2261>
	SlotName: slot1@node03
...
006 (7166.000.000) 2023-08-14 13:02:20 Image size of job updated: 458160
	68  -  MemoryUsage of job (MB)
	68780  -  ResidentSetSize of job (KB)
...
006 (7166.000.000) 2023-08-14 13:07:20 Image size of job updated: 463796
	69  -  MemoryUsage of job (MB)
	69752  -  ResidentSetSize of job (KB)
...
006 (7166.000.000) 2023-08-14 13:12:20 Image size of job updated: 463796
	69  -  MemoryUsage of job (MB)
	69760  -  ResidentSetSize of job (KB)
...
006 (7166.000.000) 2023-08-14 13:17:20 Image size of job updated: 463796
	69  -  MemoryUsage of job (MB)
	70260  -  ResidentSetSize of job (KB)
...
006 (7166.000.000) 2023-08-14 13:22:20 Image size of job updated: 463796
	70  -  MemoryUsage of job (MB)
	71624  -  ResidentSetSize of job (KB)
...
005 (7166.000.000) 2023-08-14 13:27:12 Job terminated.
	(1) Normal termination (return value 0)
		Usr 0 00:24:50, Sys 0 00:00:01  -  Run Remote Usage
		Usr 0 00:00:00, Sys 0 00:00:00  -  Run Local Usage
		Usr 0 00:24:50, Sys 0 00:00:01  -  Total Remote Usage
		Usr 0 00:00:00, Sys 0 00:00:00  -  Total Local Usage
	0  -  Run Bytes Sent By Job
	446  -  Run Bytes Received By Job
	0  -  Total Bytes Sent By Job
	446  -  Total Bytes Received By Job
	Partitionable Resources :    Usage  Request Allocated 
	   Cpus                 :     1.00        1         1 
	   Disk (KB)            :    22           1   4077838 
	   Memory (MB)          :    70           1      2000 

	Job terminated of its own accord at 2023-08-14T11:27:12Z with exit-code 0.
...
