000 (7355.000.000) 2023-08-14 12:12:53 Job submitted from host: <90.147.8.111:9618?addrs=90.147.8.111-9618&alias=ams&noUDP&sock=schedd_3306931_2f8d>
...
040 (7355.000.000) 2023-08-14 13:52:10 Started transferring input files
	Transferring to host: <192.168.100.3:9618?addrs=192.168.100.3-9618&alias=node03&noUDP&sock=slot31_56810_88bf_2420>
...
040 (7355.000.000) 2023-08-14 13:52:10 Finished transferring input files
...
001 (7355.000.000) 2023-08-14 13:52:11 Job executing on host: <192.168.100.3:9618?addrs=192.168.100.3-9618&alias=node03&noUDP&sock=startd_56773_2261>
	SlotName: slot31@node03
...
006 (7355.000.000) 2023-08-14 13:52:20 Image size of job updated: 69084
	68  -  MemoryUsage of job (MB)
	69084  -  ResidentSetSize of job (KB)
...
006 (7355.000.000) 2023-08-14 13:57:21 Image size of job updated: 463796
	69  -  MemoryUsage of job (MB)
	69760  -  ResidentSetSize of job (KB)
...
006 (7355.000.000) 2023-08-14 14:02:21 Image size of job updated: 463796
	69  -  MemoryUsage of job (MB)
	69776  -  ResidentSetSize of job (KB)
...
006 (7355.000.000) 2023-08-14 14:07:22 Image size of job updated: 463796
	69  -  MemoryUsage of job (MB)
	70576  -  ResidentSetSize of job (KB)
...
006 (7355.000.000) 2023-08-14 14:12:22 Image size of job updated: 463796
	71  -  MemoryUsage of job (MB)
	72020  -  ResidentSetSize of job (KB)
...
006 (7355.000.000) 2023-08-14 14:17:22 Image size of job updated: 463796
	71  -  MemoryUsage of job (MB)
	72624  -  ResidentSetSize of job (KB)
...
005 (7355.000.000) 2023-08-14 14:17:34 Job terminated.
	(1) Normal termination (return value 0)
		Usr 0 00:25:11, Sys 0 00:00:00  -  Run Remote Usage
		Usr 0 00:00:00, Sys 0 00:00:00  -  Run Local Usage
		Usr 0 00:25:11, Sys 0 00:00:00  -  Total Remote Usage
		Usr 0 00:00:00, Sys 0 00:00:00  -  Total Local Usage
	0  -  Run Bytes Sent By Job
	448  -  Run Bytes Received By Job
	0  -  Total Bytes Sent By Job
	448  -  Total Bytes Received By Job
	Partitionable Resources :    Usage  Request Allocated 
	   Cpus                 :     1.00        1         1 
	   Disk (KB)            :    22           1   4077838 
	   Memory (MB)          :    71           1      2000 

	Job terminated of its own accord at 2023-08-14T12:17:33Z with exit-code 0.
...
