000 (7347.000.000) 2023-08-14 12:12:52 Job submitted from host: <90.147.8.111:9618?addrs=90.147.8.111-9618&alias=ams&noUDP&sock=schedd_3306931_2f8d>
...
040 (7347.000.000) 2023-08-14 13:49:06 Started transferring input files
	Transferring to host: <192.168.100.101:9618?addrs=192.168.100.101-9618&alias=node02&noUDP&sock=slot21_102123_a452_2603>
...
040 (7347.000.000) 2023-08-14 13:49:06 Finished transferring input files
...
001 (7347.000.000) 2023-08-14 13:49:07 Job executing on host: <192.168.100.101:9618?addrs=192.168.100.101-9618&alias=node02&noUDP&sock=startd_102084_b624>
	SlotName: slot21@node02
	CondorScratchDir = "/home/spool/lib/condor/execute/dir_172793"
	Cpus = 1
	Disk = 1873362
	Memory = 2006
...
006 (7347.000.000) 2023-08-14 13:49:16 Image size of job updated: 92288
	71  -  MemoryUsage of job (MB)
	72000  -  ResidentSetSize of job (KB)
...
006 (7347.000.000) 2023-08-14 13:54:16 Image size of job updated: 99664
	98  -  MemoryUsage of job (MB)
	99664  -  ResidentSetSize of job (KB)
...
006 (7347.000.000) 2023-08-14 13:59:16 Image size of job updated: 125172
	123  -  MemoryUsage of job (MB)
	125112  -  ResidentSetSize of job (KB)
...
006 (7347.000.000) 2023-08-14 14:04:16 Image size of job updated: 156740
	153  -  MemoryUsage of job (MB)
	156616  -  ResidentSetSize of job (KB)
...
006 (7347.000.000) 2023-08-14 14:09:16 Image size of job updated: 187232
	183  -  MemoryUsage of job (MB)
	187232  -  ResidentSetSize of job (KB)
...
006 (7347.000.000) 2023-08-14 14:14:17 Image size of job updated: 221980
	217  -  MemoryUsage of job (MB)
	221976  -  ResidentSetSize of job (KB)
...
006 (7347.000.000) 2023-08-14 14:16:44 Image size of job updated: 239324
	217  -  MemoryUsage of job (MB)
	221976  -  ResidentSetSize of job (KB)
...
005 (7347.000.000) 2023-08-14 14:16:44 Job terminated.
	(1) Normal termination (return value 0)
		Usr 0 00:00:00, Sys 0 00:00:00  -  Run Remote Usage
		Usr 0 00:00:00, Sys 0 00:00:00  -  Run Local Usage
		Usr 0 00:00:00, Sys 0 00:00:00  -  Total Remote Usage
		Usr 0 00:00:00, Sys 0 00:00:00  -  Total Local Usage
	0  -  Run Bytes Sent By Job
	480  -  Run Bytes Received By Job
	0  -  Total Bytes Sent By Job
	480  -  Total Bytes Received By Job
	Partitionable Resources :    Usage  Request Allocated 
	   Cpus                 :     1.00        1         1 
	   Disk (KB)            :    21           1   1873362 
	   Memory (MB)          :   217           1      2006 

	Job terminated of its own accord at 2023-08-14T12:16:44Z with exit-code 0.
...
