000 (7511.000.000) 2023-08-14 12:12:59 Job submitted from host: <90.147.8.111:9618?addrs=90.147.8.111-9618&alias=ams&noUDP&sock=schedd_3306931_2f8d>
...
040 (7511.000.000) 2023-08-14 14:35:08 Started transferring input files
	Transferring to host: <192.168.100.3:9618?addrs=192.168.100.3-9618&alias=node03&noUDP&sock=slot3_56810_88bf_2489>
...
040 (7511.000.000) 2023-08-14 14:35:08 Finished transferring input files
...
001 (7511.000.000) 2023-08-14 14:35:09 Job executing on host: <192.168.100.3:9618?addrs=192.168.100.3-9618&alias=node03&noUDP&sock=startd_56773_2261>
	SlotName: slot3@node03
...
006 (7511.000.000) 2023-08-14 14:35:18 Image size of job updated: 71292
	70  -  MemoryUsage of job (MB)
	71292  -  ResidentSetSize of job (KB)
...
006 (7511.000.000) 2023-08-14 14:40:18 Image size of job updated: 466240
	71  -  MemoryUsage of job (MB)
	72148  -  ResidentSetSize of job (KB)
...
006 (7511.000.000) 2023-08-14 14:45:19 Image size of job updated: 466240
	71  -  MemoryUsage of job (MB)
	72204  -  ResidentSetSize of job (KB)
...
006 (7511.000.000) 2023-08-14 14:50:19 Image size of job updated: 466240
	72  -  MemoryUsage of job (MB)
	73000  -  ResidentSetSize of job (KB)
...
006 (7511.000.000) 2023-08-14 14:55:19 Image size of job updated: 466240
	72  -  MemoryUsage of job (MB)
	73160  -  ResidentSetSize of job (KB)
...
006 (7511.000.000) 2023-08-14 15:00:19 Image size of job updated: 466240
	73  -  MemoryUsage of job (MB)
	73844  -  ResidentSetSize of job (KB)
...
005 (7511.000.000) 2023-08-14 15:02:28 Job terminated.
	(1) Normal termination (return value 0)
		Usr 0 00:27:14, Sys 0 00:00:01  -  Run Remote Usage
		Usr 0 00:00:00, Sys 0 00:00:00  -  Run Local Usage
		Usr 0 00:27:14, Sys 0 00:00:01  -  Total Remote Usage
		Usr 0 00:00:00, Sys 0 00:00:00  -  Total Local Usage
	0  -  Run Bytes Sent By Job
	465  -  Run Bytes Received By Job
	0  -  Total Bytes Sent By Job
	465  -  Total Bytes Received By Job
	Partitionable Resources :    Usage  Request Allocated 
	   Cpus                 :     1.00        1         1 
	   Disk (KB)            :    21           1   4077838 
	   Memory (MB)          :    73           1      2000 

	Job terminated of its own accord at 2023-08-14T13:02:28Z with exit-code 0.
...
