000 (7353.000.000) 2023-08-14 12:12:53 Job submitted from host: <90.147.8.111:9618?addrs=90.147.8.111-9618&alias=ams&noUDP&sock=schedd_3306931_2f8d>
...
040 (7353.000.000) 2023-08-14 13:52:06 Started transferring input files
	Transferring to host: <192.168.100.3:9618?addrs=192.168.100.3-9618&alias=node03&noUDP&sock=slot38_56810_88bf_2419>
...
040 (7353.000.000) 2023-08-14 13:52:06 Finished transferring input files
...
001 (7353.000.000) 2023-08-14 13:52:07 Job executing on host: <192.168.100.3:9618?addrs=192.168.100.3-9618&alias=node03&noUDP&sock=startd_56773_2261>
	SlotName: slot38@node03
...
006 (7353.000.000) 2023-08-14 13:52:16 Image size of job updated: 463436
	68  -  MemoryUsage of job (MB)
	69260  -  ResidentSetSize of job (KB)
...
006 (7353.000.000) 2023-08-14 13:57:17 Image size of job updated: 463436
	68  -  MemoryUsage of job (MB)
	69368  -  ResidentSetSize of job (KB)
...
006 (7353.000.000) 2023-08-14 14:02:17 Image size of job updated: 463436
	68  -  MemoryUsage of job (MB)
	69416  -  ResidentSetSize of job (KB)
...
006 (7353.000.000) 2023-08-14 14:07:18 Image size of job updated: 463436
	69  -  MemoryUsage of job (MB)
	69700  -  ResidentSetSize of job (KB)
...
006 (7353.000.000) 2023-08-14 14:12:18 Image size of job updated: 463436
	69  -  MemoryUsage of job (MB)
	69836  -  ResidentSetSize of job (KB)
...
006 (7353.000.000) 2023-08-14 14:17:18 Image size of job updated: 463436
	69  -  MemoryUsage of job (MB)
	70104  -  ResidentSetSize of job (KB)
...
005 (7353.000.000) 2023-08-14 14:19:25 Job terminated.
	(1) Normal termination (return value 0)
		Usr 0 00:27:09, Sys 0 00:00:00  -  Run Remote Usage
		Usr 0 00:00:00, Sys 0 00:00:00  -  Run Local Usage
		Usr 0 00:27:09, Sys 0 00:00:00  -  Total Remote Usage
		Usr 0 00:00:00, Sys 0 00:00:00  -  Total Local Usage
	0  -  Run Bytes Sent By Job
	480  -  Run Bytes Received By Job
	0  -  Total Bytes Sent By Job
	480  -  Total Bytes Received By Job
	Partitionable Resources :    Usage  Request Allocated 
	   Cpus                 :     1.00        1         1 
	   Disk (KB)            :    21           1   4077838 
	   Memory (MB)          :    69           1      2000 

	Job terminated of its own accord at 2023-08-14T12:19:25Z with exit-code 0.
...
