000 (7313.000.000) 2023-08-14 12:12:51 Job submitted from host: <90.147.8.111:9618?addrs=90.147.8.111-9618&alias=ams&noUDP&sock=schedd_3306931_2f8d>
...
040 (7313.000.000) 2023-08-14 13:42:06 Started transferring input files
	Transferring to host: <192.168.100.3:9618?addrs=192.168.100.3-9618&alias=node03&noUDP&sock=slot29_56810_88bf_2402>
...
040 (7313.000.000) 2023-08-14 13:42:06 Finished transferring input files
...
001 (7313.000.000) 2023-08-14 13:42:07 Job executing on host: <192.168.100.3:9618?addrs=192.168.100.3-9618&alias=node03&noUDP&sock=startd_56773_2261>
	SlotName: slot29@node03
...
006 (7313.000.000) 2023-08-14 13:42:16 Image size of job updated: 466240
	70  -  MemoryUsage of job (MB)
	71476  -  ResidentSetSize of job (KB)
...
006 (7313.000.000) 2023-08-14 13:47:17 Image size of job updated: 466240
	71  -  MemoryUsage of job (MB)
	72156  -  ResidentSetSize of job (KB)
...
006 (7313.000.000) 2023-08-14 13:52:18 Image size of job updated: 466240
	71  -  MemoryUsage of job (MB)
	72192  -  ResidentSetSize of job (KB)
...
006 (7313.000.000) 2023-08-14 13:57:18 Image size of job updated: 466240
	71  -  MemoryUsage of job (MB)
	72224  -  ResidentSetSize of job (KB)
...
006 (7313.000.000) 2023-08-14 14:02:19 Image size of job updated: 466240
	72  -  MemoryUsage of job (MB)
	73116  -  ResidentSetSize of job (KB)
...
006 (7313.000.000) 2023-08-14 14:12:19 Image size of job updated: 466240
	72  -  MemoryUsage of job (MB)
	73456  -  ResidentSetSize of job (KB)
...
006 (7313.000.000) 2023-08-14 14:17:19 Image size of job updated: 466240
	72  -  MemoryUsage of job (MB)
	73716  -  ResidentSetSize of job (KB)
...
005 (7313.000.000) 2023-08-14 14:20:13 Job terminated.
	(1) Normal termination (return value 0)
		Usr 0 00:37:54, Sys 0 00:00:01  -  Run Remote Usage
		Usr 0 00:00:00, Sys 0 00:00:00  -  Run Local Usage
		Usr 0 00:37:54, Sys 0 00:00:01  -  Total Remote Usage
		Usr 0 00:00:00, Sys 0 00:00:00  -  Total Local Usage
	0  -  Run Bytes Sent By Job
	465  -  Run Bytes Received By Job
	0  -  Total Bytes Sent By Job
	465  -  Total Bytes Received By Job
	Partitionable Resources :    Usage  Request Allocated 
	   Cpus                 :     1.00        1         1 
	   Disk (KB)            :    21           1   4077838 
	   Memory (MB)          :    72           1      2000 

	Job terminated of its own accord at 2023-08-14T12:20:13Z with exit-code 0.
...
