000 (7433.000.000) 2023-08-14 12:12:56 Job submitted from host: <90.147.8.111:9618?addrs=90.147.8.111-9618&alias=ams&noUDP&sock=schedd_3306931_2f8d>
...
040 (7433.000.000) 2023-08-14 14:11:58 Started transferring input files
	Transferring to host: <192.168.100.3:9618?addrs=192.168.100.3-9618&alias=node03&noUDP&sock=slot5_56810_88bf_2452>
...
040 (7433.000.000) 2023-08-14 14:11:58 Finished transferring input files
...
001 (7433.000.000) 2023-08-14 14:11:59 Job executing on host: <192.168.100.3:9618?addrs=192.168.100.3-9618&alias=node03&noUDP&sock=startd_56773_2261>
	SlotName: slot5@node03
...
006 (7433.000.000) 2023-08-14 14:12:08 Image size of job updated: 465816
	70  -  MemoryUsage of job (MB)
	71612  -  ResidentSetSize of job (KB)
...
006 (7433.000.000) 2023-08-14 14:17:08 Image size of job updated: 465816
	71  -  MemoryUsage of job (MB)
	71728  -  ResidentSetSize of job (KB)
...
006 (7433.000.000) 2023-08-14 14:22:09 Image size of job updated: 465816
	71  -  MemoryUsage of job (MB)
	71792  -  ResidentSetSize of job (KB)
...
006 (7433.000.000) 2023-08-14 14:27:09 Image size of job updated: 465816
	71  -  MemoryUsage of job (MB)
	72484  -  ResidentSetSize of job (KB)
...
006 (7433.000.000) 2023-08-14 14:32:09 Image size of job updated: 465816
	71  -  MemoryUsage of job (MB)
	72660  -  ResidentSetSize of job (KB)
...
006 (7433.000.000) 2023-08-14 14:37:09 Image size of job updated: 465816
	73  -  MemoryUsage of job (MB)
	74288  -  ResidentSetSize of job (KB)
...
005 (7433.000.000) 2023-08-14 14:42:36 Job terminated.
	(1) Normal termination (return value 0)
		Usr 0 00:30:27, Sys 0 00:00:01  -  Run Remote Usage
		Usr 0 00:00:00, Sys 0 00:00:00  -  Run Local Usage
		Usr 0 00:30:27, Sys 0 00:00:01  -  Total Remote Usage
		Usr 0 00:00:00, Sys 0 00:00:00  -  Total Local Usage
	0  -  Run Bytes Sent By Job
	480  -  Run Bytes Received By Job
	0  -  Total Bytes Sent By Job
	480  -  Total Bytes Received By Job
	Partitionable Resources :    Usage  Request Allocated 
	   Cpus                 :     1.00        1         1 
	   Disk (KB)            :    22           1   4077838 
	   Memory (MB)          :    73           1      2000 

	Job terminated of its own accord at 2023-08-14T12:42:36Z with exit-code 0.
...
