000 (7202.000.000) 2023-08-14 12:12:45 Job submitted from host: <90.147.8.111:9618?addrs=90.147.8.111-9618&alias=ams&noUDP&sock=schedd_3306931_2f8d>
...
040 (7202.000.000) 2023-08-14 13:11:17 Started transferring input files
	Transferring to host: <192.168.100.3:9618?addrs=192.168.100.3-9618&alias=node03&noUDP&sock=slot29_56810_88bf_2355>
...
040 (7202.000.000) 2023-08-14 13:11:17 Finished transferring input files
...
001 (7202.000.000) 2023-08-14 13:11:18 Job executing on host: <192.168.100.3:9618?addrs=192.168.100.3-9618&alias=node03&noUDP&sock=startd_56773_2261>
	SlotName: slot29@node03
...
006 (7202.000.000) 2023-08-14 13:11:27 Image size of job updated: 71252
	70  -  MemoryUsage of job (MB)
	71252  -  ResidentSetSize of job (KB)
...
006 (7202.000.000) 2023-08-14 13:16:27 Image size of job updated: 465816
	71  -  MemoryUsage of job (MB)
	71732  -  ResidentSetSize of job (KB)
...
006 (7202.000.000) 2023-08-14 13:21:27 Image size of job updated: 465816
	71  -  MemoryUsage of job (MB)
	71764  -  ResidentSetSize of job (KB)
...
006 (7202.000.000) 2023-08-14 13:26:28 Image size of job updated: 465816
	71  -  MemoryUsage of job (MB)
	72572  -  ResidentSetSize of job (KB)
...
005 (7202.000.000) 2023-08-14 13:42:00 Job terminated.
	(1) Normal termination (return value 0)
		Usr 0 00:30:31, Sys 0 00:00:01  -  Run Remote Usage
		Usr 0 00:00:00, Sys 0 00:00:00  -  Run Local Usage
		Usr 0 00:30:31, Sys 0 00:00:01  -  Total Remote Usage
		Usr 0 00:00:00, Sys 0 00:00:00  -  Total Local Usage
	0  -  Run Bytes Sent By Job
	480  -  Run Bytes Received By Job
	0  -  Total Bytes Sent By Job
	480  -  Total Bytes Received By Job
	Partitionable Resources :    Usage  Request Allocated 
	   Cpus                 :     0.99        1         1 
	   Disk (KB)            :    22           1   4077838 
	   Memory (MB)          :    71           1      2000 

	Job terminated of its own accord at 2023-08-14T11:42:00Z with exit-code 0.
...
