000 (7361.000.000) 2023-08-14 12:12:53 Job submitted from host: <90.147.8.111:9618?addrs=90.147.8.111-9618&alias=ams&noUDP&sock=schedd_3306931_2f8d>
...
040 (7361.000.000) 2023-08-14 13:54:06 Started transferring input files
	Transferring to host: <192.168.100.3:9618?addrs=192.168.100.3-9618&alias=node03&noUDP&sock=slot36_56810_88bf_2423>
...
040 (7361.000.000) 2023-08-14 13:54:06 Finished transferring input files
...
001 (7361.000.000) 2023-08-14 13:54:07 Job executing on host: <192.168.100.3:9618?addrs=192.168.100.3-9618&alias=node03&noUDP&sock=startd_56773_2261>
	SlotName: slot36@node03
...
006 (7361.000.000) 2023-08-14 13:54:16 Image size of job updated: 71244
	70  -  MemoryUsage of job (MB)
	71244  -  ResidentSetSize of job (KB)
...
006 (7361.000.000) 2023-08-14 13:59:16 Image size of job updated: 465816
	71  -  MemoryUsage of job (MB)
	71704  -  ResidentSetSize of job (KB)
...
006 (7361.000.000) 2023-08-14 14:04:16 Image size of job updated: 465816
	71  -  MemoryUsage of job (MB)
	71780  -  ResidentSetSize of job (KB)
...
006 (7361.000.000) 2023-08-14 14:09:16 Image size of job updated: 465816
	71  -  MemoryUsage of job (MB)
	72628  -  ResidentSetSize of job (KB)
...
006 (7361.000.000) 2023-08-14 14:14:17 Image size of job updated: 465816
	72  -  MemoryUsage of job (MB)
	72812  -  ResidentSetSize of job (KB)
...
005 (7361.000.000) 2023-08-14 14:25:05 Job terminated.
	(1) Normal termination (return value 0)
		Usr 0 00:30:47, Sys 0 00:00:00  -  Run Remote Usage
		Usr 0 00:00:00, Sys 0 00:00:00  -  Run Local Usage
		Usr 0 00:30:47, Sys 0 00:00:00  -  Total Remote Usage
		Usr 0 00:00:00, Sys 0 00:00:00  -  Total Local Usage
	0  -  Run Bytes Sent By Job
	480  -  Run Bytes Received By Job
	0  -  Total Bytes Sent By Job
	480  -  Total Bytes Received By Job
	Partitionable Resources :    Usage  Request Allocated 
	   Cpus                 :     1.00        1         1 
	   Disk (KB)            :    21           1   4077838 
	   Memory (MB)          :    72           1      2000 

	Job terminated of its own accord at 2023-08-14T12:25:05Z with exit-code 0.
...
