000 (7207.000.000) 2023-08-14 12:12:45 Job submitted from host: <90.147.8.111:9618?addrs=90.147.8.111-9618&alias=ams&noUDP&sock=schedd_3306931_2f8d>
...
040 (7207.000.000) 2023-08-14 13:13:06 Started transferring input files
	Transferring to host: <192.168.100.3:9618?addrs=192.168.100.3-9618&alias=node03&noUDP&sock=slot24_56810_88bf_2358>
...
040 (7207.000.000) 2023-08-14 13:13:06 Finished transferring input files
...
001 (7207.000.000) 2023-08-14 13:13:07 Job executing on host: <192.168.100.3:9618?addrs=192.168.100.3-9618&alias=node03&noUDP&sock=startd_56773_2261>
	SlotName: slot24@node03
...
006 (7207.000.000) 2023-08-14 13:13:16 Image size of job updated: 71260
	70  -  MemoryUsage of job (MB)
	71260  -  ResidentSetSize of job (KB)
...
006 (7207.000.000) 2023-08-14 13:18:16 Image size of job updated: 466240
	71  -  MemoryUsage of job (MB)
	72176  -  ResidentSetSize of job (KB)
...
006 (7207.000.000) 2023-08-14 13:23:16 Image size of job updated: 466240
	71  -  MemoryUsage of job (MB)
	72240  -  ResidentSetSize of job (KB)
...
006 (7207.000.000) 2023-08-14 13:28:17 Image size of job updated: 466240
	71  -  MemoryUsage of job (MB)
	72284  -  ResidentSetSize of job (KB)
...
006 (7207.000.000) 2023-08-14 13:33:18 Image size of job updated: 466240
	72  -  MemoryUsage of job (MB)
	73204  -  ResidentSetSize of job (KB)
...
006 (7207.000.000) 2023-08-14 13:43:18 Image size of job updated: 466240
	72  -  MemoryUsage of job (MB)
	73368  -  ResidentSetSize of job (KB)
...
006 (7207.000.000) 2023-08-14 13:48:18 Image size of job updated: 466240
	72  -  MemoryUsage of job (MB)
	73672  -  ResidentSetSize of job (KB)
...
005 (7207.000.000) 2023-08-14 13:51:25 Job terminated.
	(1) Normal termination (return value 0)
		Usr 0 00:38:05, Sys 0 00:00:01  -  Run Remote Usage
		Usr 0 00:00:00, Sys 0 00:00:00  -  Run Local Usage
		Usr 0 00:38:05, Sys 0 00:00:01  -  Total Remote Usage
		Usr 0 00:00:00, Sys 0 00:00:00  -  Total Local Usage
	0  -  Run Bytes Sent By Job
	465  -  Run Bytes Received By Job
	0  -  Total Bytes Sent By Job
	465  -  Total Bytes Received By Job
	Partitionable Resources :    Usage  Request Allocated 
	   Cpus                 :     1.00        1         1 
	   Disk (KB)            :    21           1   4077838 
	   Memory (MB)          :    72           1      2000 

	Job terminated of its own accord at 2023-08-14T11:51:25Z with exit-code 0.
...
