000 (7521.000.000) 2023-08-14 12:13:00 Job submitted from host: <90.147.8.111:9618?addrs=90.147.8.111-9618&alias=ams&noUDP&sock=schedd_3306931_2f8d>
...
040 (7521.000.000) 2023-08-14 14:36:08 Started transferring input files
	Transferring to host: <192.168.100.101:9618?addrs=192.168.100.101-9618&alias=node02&noUDP&sock=slot35_102123_a452_2699>
...
040 (7521.000.000) 2023-08-14 14:36:08 Finished transferring input files
...
001 (7521.000.000) 2023-08-14 14:36:09 Job executing on host: <192.168.100.101:9618?addrs=192.168.100.101-9618&alias=node02&noUDP&sock=startd_102084_b624>
	SlotName: slot35@node02
	CondorScratchDir = "/home/spool/lib/condor/execute/dir_174371"
	Cpus = 1
	Disk = 1873362
	Memory = 2006
...
006 (7521.000.000) 2023-08-14 14:36:18 Image size of job updated: 92284
	71  -  MemoryUsage of job (MB)
	72044  -  ResidentSetSize of job (KB)
...
006 (7521.000.000) 2023-08-14 14:41:18 Image size of job updated: 103432
	102  -  MemoryUsage of job (MB)
	103432  -  ResidentSetSize of job (KB)
...
006 (7521.000.000) 2023-08-14 14:46:18 Image size of job updated: 143260
	140  -  MemoryUsage of job (MB)
	143256  -  ResidentSetSize of job (KB)
...
006 (7521.000.000) 2023-08-14 14:51:18 Image size of job updated: 190904
	187  -  MemoryUsage of job (MB)
	190904  -  ResidentSetSize of job (KB)
...
006 (7521.000.000) 2023-08-14 14:56:01 Image size of job updated: 239012
	187  -  MemoryUsage of job (MB)
	190904  -  ResidentSetSize of job (KB)
...
005 (7521.000.000) 2023-08-14 14:56:01 Job terminated.
	(1) Normal termination (return value 0)
		Usr 0 00:00:00, Sys 0 00:00:00  -  Run Remote Usage
		Usr 0 00:00:00, Sys 0 00:00:00  -  Run Local Usage
		Usr 0 00:00:00, Sys 0 00:00:00  -  Total Remote Usage
		Usr 0 00:00:00, Sys 0 00:00:00  -  Total Local Usage
	0  -  Run Bytes Sent By Job
	480  -  Run Bytes Received By Job
	0  -  Total Bytes Sent By Job
	480  -  Total Bytes Received By Job
	Partitionable Resources :    Usage  Request Allocated 
	   Cpus                 :     1.00        1         1 
	   Disk (KB)            :    21           1   1873362 
	   Memory (MB)          :   187           1      2006 

	Job terminated of its own accord at 2023-08-14T12:56:01Z with exit-code 0.
...
