000 (7357.000.000) 2023-08-14 12:12:53 Job submitted from host: <90.147.8.111:9618?addrs=90.147.8.111-9618&alias=ams&noUDP&sock=schedd_3306931_2f8d>
...
040 (7357.000.000) 2023-08-14 13:53:06 Started transferring input files
	Transferring to host: <192.168.100.101:9618?addrs=192.168.100.101-9618&alias=node02&noUDP&sock=slot7_102123_a452_2607>
...
040 (7357.000.000) 2023-08-14 13:53:06 Finished transferring input files
...
001 (7357.000.000) 2023-08-14 13:53:07 Job executing on host: <192.168.100.101:9618?addrs=192.168.100.101-9618&alias=node02&noUDP&sock=startd_102084_b624>
	SlotName: slot7@node02
	CondorScratchDir = "/home/spool/lib/condor/execute/dir_172903"
	Cpus = 1
	Disk = 1873362
	Memory = 2006
...
006 (7357.000.000) 2023-08-14 13:53:16 Image size of job updated: 92100
	70  -  MemoryUsage of job (MB)
	71476  -  ResidentSetSize of job (KB)
...
006 (7357.000.000) 2023-08-14 13:58:17 Image size of job updated: 92100
	80  -  MemoryUsage of job (MB)
	81056  -  ResidentSetSize of job (KB)
...
006 (7357.000.000) 2023-08-14 14:03:18 Image size of job updated: 92100
	88  -  MemoryUsage of job (MB)
	90100  -  ResidentSetSize of job (KB)
...
006 (7357.000.000) 2023-08-14 14:08:19 Image size of job updated: 99580
	98  -  MemoryUsage of job (MB)
	99456  -  ResidentSetSize of job (KB)
...
006 (7357.000.000) 2023-08-14 14:13:19 Image size of job updated: 109148
	106  -  MemoryUsage of job (MB)
	107820  -  ResidentSetSize of job (KB)
...
006 (7357.000.000) 2023-08-14 14:18:19 Image size of job updated: 119844
	117  -  MemoryUsage of job (MB)
	119612  -  ResidentSetSize of job (KB)
...
006 (7357.000.000) 2023-08-14 14:23:19 Image size of job updated: 131212
	129  -  MemoryUsage of job (MB)
	131212  -  ResidentSetSize of job (KB)
...
006 (7357.000.000) 2023-08-14 14:28:20 Image size of job updated: 142384
	140  -  MemoryUsage of job (MB)
	142368  -  ResidentSetSize of job (KB)
...
006 (7357.000.000) 2023-08-14 14:33:20 Image size of job updated: 154156
	151  -  MemoryUsage of job (MB)
	153972  -  ResidentSetSize of job (KB)
...
006 (7357.000.000) 2023-08-14 14:38:20 Image size of job updated: 165124
	162  -  MemoryUsage of job (MB)
	164996  -  ResidentSetSize of job (KB)
...
006 (7357.000.000) 2023-08-14 14:38:45 Image size of job updated: 167912
	162  -  MemoryUsage of job (MB)
	164996  -  ResidentSetSize of job (KB)
...
005 (7357.000.000) 2023-08-14 14:38:45 Job terminated.
	(1) Normal termination (return value 0)
		Usr 0 00:00:00, Sys 0 00:00:00  -  Run Remote Usage
		Usr 0 00:00:00, Sys 0 00:00:00  -  Run Local Usage
		Usr 0 00:00:00, Sys 0 00:00:00  -  Total Remote Usage
		Usr 0 00:00:00, Sys 0 00:00:00  -  Total Local Usage
	0  -  Run Bytes Sent By Job
	465  -  Run Bytes Received By Job
	0  -  Total Bytes Sent By Job
	465  -  Total Bytes Received By Job
	Partitionable Resources :    Usage  Request Allocated 
	   Cpus                 :     0.97        1         1 
	   Disk (KB)            :    21           1   1873362 
	   Memory (MB)          :   162           1      2006 

	Job terminated of its own accord at 2023-08-14T12:38:45Z with exit-code 0.
...
