000 (7142.000.000) 2023-08-14 12:12:42 Job submitted from host: <90.147.8.111:9618?addrs=90.147.8.111-9618&alias=ams&noUDP&sock=schedd_3306931_2f8d>
...
040 (7142.000.000) 2023-08-14 12:52:05 Started transferring input files
	Transferring to host: <192.168.100.3:9618?addrs=192.168.100.3-9618&alias=node03&noUDP&sock=slot35_56810_88bf_2330>
...
040 (7142.000.000) 2023-08-14 12:52:05 Finished transferring input files
...
001 (7142.000.000) 2023-08-14 12:52:06 Job executing on host: <192.168.100.3:9618?addrs=192.168.100.3-9618&alias=node03&noUDP&sock=startd_56773_2261>
	SlotName: slot35@node03
...
006 (7142.000.000) 2023-08-14 12:52:15 Image size of job updated: 69252
	68  -  MemoryUsage of job (MB)
	69252  -  ResidentSetSize of job (KB)
...
006 (7142.000.000) 2023-08-14 12:57:15 Image size of job updated: 463436
	68  -  MemoryUsage of job (MB)
	69380  -  ResidentSetSize of job (KB)
...
006 (7142.000.000) 2023-08-14 13:02:15 Image size of job updated: 463436
	68  -  MemoryUsage of job (MB)
	69428  -  ResidentSetSize of job (KB)
...
006 (7142.000.000) 2023-08-14 13:07:15 Image size of job updated: 463436
	68  -  MemoryUsage of job (MB)
	69540  -  ResidentSetSize of job (KB)
...
006 (7142.000.000) 2023-08-14 13:12:15 Image size of job updated: 463436
	69  -  MemoryUsage of job (MB)
	70240  -  ResidentSetSize of job (KB)
...
005 (7142.000.000) 2023-08-14 13:19:23 Job terminated.
	(1) Normal termination (return value 0)
		Usr 0 00:27:06, Sys 0 00:00:01  -  Run Remote Usage
		Usr 0 00:00:00, Sys 0 00:00:00  -  Run Local Usage
		Usr 0 00:27:06, Sys 0 00:00:01  -  Total Remote Usage
		Usr 0 00:00:00, Sys 0 00:00:00  -  Total Local Usage
	0  -  Run Bytes Sent By Job
	480  -  Run Bytes Received By Job
	0  -  Total Bytes Sent By Job
	480  -  Total Bytes Received By Job
	Partitionable Resources :    Usage  Request Allocated 
	   Cpus                 :     1.00        1         1 
	   Disk (KB)            :    21           1   4077838 
	   Memory (MB)          :    69           1      2000 

	Job terminated of its own accord at 2023-08-14T11:19:22Z with exit-code 0.
...
