000 (6967.000.000) 2023-08-14 12:12:33 Job submitted from host: <90.147.8.111:9618?addrs=90.147.8.111-9618&alias=ams&noUDP&sock=schedd_3306931_2f8d>
...
040 (6967.000.000) 2023-08-14 12:12:48 Started transferring input files
	Transferring to host: <192.168.100.3:9618?addrs=192.168.100.3-9618&alias=node03&noUDP&sock=slot39_56810_88bf_2273>
...
040 (6967.000.000) 2023-08-14 12:12:48 Finished transferring input files
...
001 (6967.000.000) 2023-08-14 12:12:49 Job executing on host: <192.168.100.3:9618?addrs=192.168.100.3-9618&alias=node03&noUDP&sock=startd_56773_2261>
	SlotName: slot39@node03
...
006 (6967.000.000) 2023-08-14 12:12:59 Image size of job updated: 458028
	60  -  MemoryUsage of job (MB)
	61212  -  ResidentSetSize of job (KB)
...
006 (6967.000.000) 2023-08-14 12:17:59 Image size of job updated: 463796
	69  -  MemoryUsage of job (MB)
	69784  -  ResidentSetSize of job (KB)
...
006 (6967.000.000) 2023-08-14 12:22:59 Image size of job updated: 463796
	69  -  MemoryUsage of job (MB)
	69804  -  ResidentSetSize of job (KB)
...
006 (6967.000.000) 2023-08-14 12:28:00 Image size of job updated: 463796
	69  -  MemoryUsage of job (MB)
	70500  -  ResidentSetSize of job (KB)
...
006 (6967.000.000) 2023-08-14 12:33:00 Image size of job updated: 463796
	71  -  MemoryUsage of job (MB)
	71728  -  ResidentSetSize of job (KB)
...
006 (6967.000.000) 2023-08-14 12:38:00 Image size of job updated: 463796
	71  -  MemoryUsage of job (MB)
	72560  -  ResidentSetSize of job (KB)
...
005 (6967.000.000) 2023-08-14 12:38:28 Job terminated.
	(1) Normal termination (return value 0)
		Usr 0 00:25:19, Sys 0 00:00:01  -  Run Remote Usage
		Usr 0 00:00:00, Sys 0 00:00:00  -  Run Local Usage
		Usr 0 00:25:19, Sys 0 00:00:01  -  Total Remote Usage
		Usr 0 00:00:00, Sys 0 00:00:00  -  Total Local Usage
	0  -  Run Bytes Sent By Job
	448  -  Run Bytes Received By Job
	0  -  Total Bytes Sent By Job
	448  -  Total Bytes Received By Job
	Partitionable Resources :    Usage  Request Allocated 
	   Cpus                 :     0.99        1         1 
	   Disk (KB)            :    21           1   4077838 
	   Memory (MB)          :    71           1      2000 

	Job terminated of its own accord at 2023-08-14T10:38:28Z with exit-code 0.
...
