000 (7391.000.000) 2023-08-14 12:12:54 Job submitted from host: <90.147.8.111:9618?addrs=90.147.8.111-9618&alias=ams&noUDP&sock=schedd_3306931_2f8d>
...
040 (7391.000.000) 2023-08-14 14:02:06 Started transferring input files
	Transferring to host: <192.168.100.3:9618?addrs=192.168.100.3-9618&alias=node03&noUDP&sock=slot34_56810_88bf_2437>
...
040 (7391.000.000) 2023-08-14 14:02:06 Finished transferring input files
...
001 (7391.000.000) 2023-08-14 14:02:07 Job executing on host: <192.168.100.3:9618?addrs=192.168.100.3-9618&alias=node03&noUDP&sock=startd_56773_2261>
	SlotName: slot34@node03
...
006 (7391.000.000) 2023-08-14 14:02:15 Image size of job updated: 440316
	68  -  MemoryUsage of job (MB)
	68812  -  ResidentSetSize of job (KB)
...
006 (7391.000.000) 2023-08-14 14:07:15 Image size of job updated: 463420
	68  -  MemoryUsage of job (MB)
	69428  -  ResidentSetSize of job (KB)
...
006 (7391.000.000) 2023-08-14 14:12:15 Image size of job updated: 463420
	69  -  MemoryUsage of job (MB)
	69816  -  ResidentSetSize of job (KB)
...
006 (7391.000.000) 2023-08-14 14:17:15 Image size of job updated: 463420
	70  -  MemoryUsage of job (MB)
	71224  -  ResidentSetSize of job (KB)
...
005 (7391.000.000) 2023-08-14 14:21:08 Job terminated.
	(1) Normal termination (return value 0)
		Usr 0 00:18:51, Sys 0 00:00:01  -  Run Remote Usage
		Usr 0 00:00:00, Sys 0 00:00:00  -  Run Local Usage
		Usr 0 00:18:51, Sys 0 00:00:01  -  Total Remote Usage
		Usr 0 00:00:00, Sys 0 00:00:00  -  Total Local Usage
	0  -  Run Bytes Sent By Job
	463  -  Run Bytes Received By Job
	0  -  Total Bytes Sent By Job
	463  -  Total Bytes Received By Job
	Partitionable Resources :    Usage  Request Allocated 
	   Cpus                 :     1.00        1         1 
	   Disk (KB)            :    21           1   4077838 
	   Memory (MB)          :    70           1      2000 

	Job terminated of its own accord at 2023-08-14T12:21:08Z with exit-code 0.
...
