000 (7484.000.000) 2023-08-14 12:12:58 Job submitted from host: <90.147.8.111:9618?addrs=90.147.8.111-9618&alias=ams&noUDP&sock=schedd_3306931_2f8d>
...
040 (7484.000.000) 2023-08-14 14:27:09 Started transferring input files
	Transferring to host: <192.168.100.101:9618?addrs=192.168.100.101-9618&alias=node02&noUDP&sock=slot15_102123_a452_2677>
...
040 (7484.000.000) 2023-08-14 14:27:09 Finished transferring input files
...
001 (7484.000.000) 2023-08-14 14:27:10 Job executing on host: <192.168.100.101:9618?addrs=192.168.100.101-9618&alias=node02&noUDP&sock=startd_102084_b624>
	SlotName: slot15@node02
	CondorScratchDir = "/home/spool/lib/condor/execute/dir_174053"
	Cpus = 1
	Disk = 1873362
	Memory = 2006
...
006 (7484.000.000) 2023-08-14 14:27:18 Image size of job updated: 77780
	68  -  MemoryUsage of job (MB)
	69420  -  ResidentSetSize of job (KB)
...
006 (7484.000.000) 2023-08-14 14:32:19 Image size of job updated: 83696
	82  -  MemoryUsage of job (MB)
	83572  -  ResidentSetSize of job (KB)
...
006 (7484.000.000) 2023-08-14 14:37:20 Image size of job updated: 97444
	96  -  MemoryUsage of job (MB)
	97336  -  ResidentSetSize of job (KB)
...
006 (7484.000.000) 2023-08-14 14:42:20 Image size of job updated: 117984
	116  -  MemoryUsage of job (MB)
	117980  -  ResidentSetSize of job (KB)
...
006 (7484.000.000) 2023-08-14 14:47:20 Image size of job updated: 143348
	140  -  MemoryUsage of job (MB)
	143348  -  ResidentSetSize of job (KB)
...
006 (7484.000.000) 2023-08-14 14:51:31 Image size of job updated: 166812
	140  -  MemoryUsage of job (MB)
	143348  -  ResidentSetSize of job (KB)
...
005 (7484.000.000) 2023-08-14 14:51:31 Job terminated.
	(1) Normal termination (return value 0)
		Usr 0 00:00:00, Sys 0 00:00:00  -  Run Remote Usage
		Usr 0 00:00:00, Sys 0 00:00:00  -  Run Local Usage
		Usr 0 00:00:00, Sys 0 00:00:00  -  Total Remote Usage
		Usr 0 00:00:00, Sys 0 00:00:00  -  Total Local Usage
	0  -  Run Bytes Sent By Job
	463  -  Run Bytes Received By Job
	0  -  Total Bytes Sent By Job
	463  -  Total Bytes Received By Job
	Partitionable Resources :    Usage  Request Allocated 
	   Cpus                 :     1.00        1         1 
	   Disk (KB)            :    21           1   1873362 
	   Memory (MB)          :   140           1      2006 

	Job terminated of its own accord at 2023-08-14T12:51:31Z with exit-code 0.
...
