000 (7477.000.000) 2023-08-14 12:12:58 Job submitted from host: <90.147.8.111:9618?addrs=90.147.8.111-9618&alias=ams&noUDP&sock=schedd_3306931_2f8d>
...
040 (7477.000.000) 2023-08-14 14:25:08 Started transferring input files
	Transferring to host: <192.168.100.101:9618?addrs=192.168.100.101-9618&alias=node02&noUDP&sock=slot13_102123_a452_2674>
...
040 (7477.000.000) 2023-08-14 14:25:08 Finished transferring input files
...
001 (7477.000.000) 2023-08-14 14:25:09 Job executing on host: <192.168.100.101:9618?addrs=192.168.100.101-9618&alias=node02&noUDP&sock=startd_102084_b624>
	SlotName: slot13@node02
	CondorScratchDir = "/home/spool/lib/condor/execute/dir_173995"
	Cpus = 1
	Disk = 1873362
	Memory = 2006
...
006 (7477.000.000) 2023-08-14 14:25:18 Image size of job updated: 77872
	68  -  MemoryUsage of job (MB)
	69596  -  ResidentSetSize of job (KB)
...
006 (7477.000.000) 2023-08-14 14:30:18 Image size of job updated: 86064
	85  -  MemoryUsage of job (MB)
	86064  -  ResidentSetSize of job (KB)
...
006 (7477.000.000) 2023-08-14 14:35:19 Image size of job updated: 100656
	99  -  MemoryUsage of job (MB)
	100620  -  ResidentSetSize of job (KB)
...
006 (7477.000.000) 2023-08-14 14:40:20 Image size of job updated: 122108
	120  -  MemoryUsage of job (MB)
	122104  -  ResidentSetSize of job (KB)
...
006 (7477.000.000) 2023-08-14 14:45:20 Image size of job updated: 146444
	144  -  MemoryUsage of job (MB)
	146444  -  ResidentSetSize of job (KB)
...
006 (7477.000.000) 2023-08-14 14:48:55 Image size of job updated: 165352
	144  -  MemoryUsage of job (MB)
	146444  -  ResidentSetSize of job (KB)
...
005 (7477.000.000) 2023-08-14 14:48:55 Job terminated.
	(1) Normal termination (return value 0)
		Usr 0 00:00:00, Sys 0 00:00:00  -  Run Remote Usage
		Usr 0 00:00:00, Sys 0 00:00:00  -  Run Local Usage
		Usr 0 00:00:00, Sys 0 00:00:00  -  Total Remote Usage
		Usr 0 00:00:00, Sys 0 00:00:00  -  Total Local Usage
	0  -  Run Bytes Sent By Job
	465  -  Run Bytes Received By Job
	0  -  Total Bytes Sent By Job
	465  -  Total Bytes Received By Job
	Partitionable Resources :    Usage  Request Allocated 
	   Cpus                 :     1.00        1         1 
	   Disk (KB)            :    21           1   1873362 
	   Memory (MB)          :   144           1      2006 

	Job terminated of its own accord at 2023-08-14T12:48:55Z with exit-code 0.
...
