000 (7260.000.000) 2023-08-14 12:12:48 Job submitted from host: <90.147.8.111:9618?addrs=90.147.8.111-9618&alias=ams&noUDP&sock=schedd_3306931_2f8d>
...
040 (7260.000.000) 2023-08-14 13:26:07 Started transferring input files
	Transferring to host: <192.168.100.3:9618?addrs=192.168.100.3-9618&alias=node03&noUDP&sock=slot4_56810_88bf_2379>
...
040 (7260.000.000) 2023-08-14 13:26:07 Finished transferring input files
...
001 (7260.000.000) 2023-08-14 13:26:08 Job executing on host: <192.168.100.3:9618?addrs=192.168.100.3-9618&alias=node03&noUDP&sock=startd_56773_2261>
	SlotName: slot4@node03
...
006 (7260.000.000) 2023-08-14 13:26:17 Image size of job updated: 409272
	61  -  MemoryUsage of job (MB)
	61792  -  ResidentSetSize of job (KB)
...
006 (7260.000.000) 2023-08-14 13:31:17 Image size of job updated: 463856
	69  -  MemoryUsage of job (MB)
	69756  -  ResidentSetSize of job (KB)
...
006 (7260.000.000) 2023-08-14 13:36:18 Image size of job updated: 463856
	69  -  MemoryUsage of job (MB)
	69800  -  ResidentSetSize of job (KB)
...
006 (7260.000.000) 2023-08-14 13:41:18 Image size of job updated: 463856
	69  -  MemoryUsage of job (MB)
	70104  -  ResidentSetSize of job (KB)
...
006 (7260.000.000) 2023-08-14 13:51:18 Image size of job updated: 463856
	69  -  MemoryUsage of job (MB)
	70544  -  ResidentSetSize of job (KB)
...
006 (7260.000.000) 2023-08-14 13:56:18 Image size of job updated: 463856
	70  -  MemoryUsage of job (MB)
	71040  -  ResidentSetSize of job (KB)
...
005 (7260.000.000) 2023-08-14 13:59:37 Job terminated.
	(1) Normal termination (return value 0)
		Usr 0 00:33:15, Sys 0 00:00:00  -  Run Remote Usage
		Usr 0 00:00:00, Sys 0 00:00:00  -  Run Local Usage
		Usr 0 00:33:15, Sys 0 00:00:00  -  Total Remote Usage
		Usr 0 00:00:00, Sys 0 00:00:00  -  Total Local Usage
	0  -  Run Bytes Sent By Job
	465  -  Run Bytes Received By Job
	0  -  Total Bytes Sent By Job
	465  -  Total Bytes Received By Job
	Partitionable Resources :    Usage  Request Allocated 
	   Cpus                 :     1.00        1         1 
	   Disk (KB)            :    21           1   4077838 
	   Memory (MB)          :    70           1      2000 

	Job terminated of its own accord at 2023-08-14T11:59:37Z with exit-code 0.
...
