000 (7054.000.000) 2023-08-14 12:12:37 Job submitted from host: <90.147.8.111:9618?addrs=90.147.8.111-9618&alias=ams&noUDP&sock=schedd_3306931_2f8d>
...
040 (7054.000.000) 2023-08-14 12:32:13 Started transferring input files
	Transferring to host: <192.168.100.3:9618?addrs=192.168.100.3-9618&alias=node03&noUDP&sock=slot40_56810_88bf_2290>
...
040 (7054.000.000) 2023-08-14 12:32:13 Finished transferring input files
...
001 (7054.000.000) 2023-08-14 12:32:14 Job executing on host: <192.168.100.3:9618?addrs=192.168.100.3-9618&alias=node03&noUDP&sock=startd_56773_2261>
	SlotName: slot40@node03
...
006 (7054.000.000) 2023-08-14 12:32:22 Image size of job updated: 465816
	70  -  MemoryUsage of job (MB)
	71248  -  ResidentSetSize of job (KB)
...
006 (7054.000.000) 2023-08-14 12:37:23 Image size of job updated: 465816
	71  -  MemoryUsage of job (MB)
	71724  -  ResidentSetSize of job (KB)
...
006 (7054.000.000) 2023-08-14 12:42:23 Image size of job updated: 465816
	71  -  MemoryUsage of job (MB)
	71772  -  ResidentSetSize of job (KB)
...
006 (7054.000.000) 2023-08-14 12:47:23 Image size of job updated: 465816
	71  -  MemoryUsage of job (MB)
	71964  -  ResidentSetSize of job (KB)
...
006 (7054.000.000) 2023-08-14 12:52:23 Image size of job updated: 465816
	71  -  MemoryUsage of job (MB)
	71992  -  ResidentSetSize of job (KB)
...
006 (7054.000.000) 2023-08-14 12:57:23 Image size of job updated: 465816
	72  -  MemoryUsage of job (MB)
	72736  -  ResidentSetSize of job (KB)
...
006 (7054.000.000) 2023-08-14 13:02:24 Image size of job updated: 465816
	72  -  MemoryUsage of job (MB)
	72964  -  ResidentSetSize of job (KB)
...
005 (7054.000.000) 2023-08-14 13:03:08 Job terminated.
	(1) Normal termination (return value 0)
		Usr 0 00:30:37, Sys 0 00:00:03  -  Run Remote Usage
		Usr 0 00:00:00, Sys 0 00:00:00  -  Run Local Usage
		Usr 0 00:30:37, Sys 0 00:00:03  -  Total Remote Usage
		Usr 0 00:00:00, Sys 0 00:00:00  -  Total Local Usage
	0  -  Run Bytes Sent By Job
	480  -  Run Bytes Received By Job
	0  -  Total Bytes Sent By Job
	480  -  Total Bytes Received By Job
	Partitionable Resources :    Usage  Request Allocated 
	   Cpus                 :     1.00        1         1 
	   Disk (KB)            :    22           1   4077838 
	   Memory (MB)          :    72           1      2000 

	Job terminated of its own accord at 2023-08-14T11:03:08Z with exit-code 0.
...
