000 (6935.000.000) 2023-08-14 12:12:32 Job submitted from host: <90.147.8.111:9618?addrs=90.147.8.111-9618&alias=ams&noUDP&sock=schedd_3306931_2f8d>
...
040 (6935.000.000) 2023-08-14 12:12:46 Started transferring input files
	Transferring to host: <192.168.100.3:9618?addrs=192.168.100.3-9618&alias=node03&noUDP&sock=slot7_56810_88bf_2240>
...
040 (6935.000.000) 2023-08-14 12:12:46 Finished transferring input files
...
001 (6935.000.000) 2023-08-14 12:12:48 Job executing on host: <192.168.100.3:9618?addrs=192.168.100.3-9618&alias=node03&noUDP&sock=startd_56773_2261>
	SlotName: slot7@node03
...
006 (6935.000.000) 2023-08-14 12:12:57 Image size of job updated: 427860
	71  -  MemoryUsage of job (MB)
	71700  -  ResidentSetSize of job (KB)
...
006 (6935.000.000) 2023-08-14 12:17:58 Image size of job updated: 466240
	71  -  MemoryUsage of job (MB)
	72168  -  ResidentSetSize of job (KB)
...
006 (6935.000.000) 2023-08-14 12:22:59 Image size of job updated: 466240
	71  -  MemoryUsage of job (MB)
	72204  -  ResidentSetSize of job (KB)
...
006 (6935.000.000) 2023-08-14 12:27:59 Image size of job updated: 466240
	71  -  MemoryUsage of job (MB)
	72212  -  ResidentSetSize of job (KB)
...
006 (6935.000.000) 2023-08-14 12:32:59 Image size of job updated: 466240
	72  -  MemoryUsage of job (MB)
	73056  -  ResidentSetSize of job (KB)
...
006 (6935.000.000) 2023-08-14 12:48:00 Image size of job updated: 466240
	72  -  MemoryUsage of job (MB)
	73404  -  ResidentSetSize of job (KB)
...
005 (6935.000.000) 2023-08-14 12:51:53 Job terminated.
	(1) Normal termination (return value 0)
		Usr 0 00:38:48, Sys 0 00:00:01  -  Run Remote Usage
		Usr 0 00:00:00, Sys 0 00:00:00  -  Run Local Usage
		Usr 0 00:38:48, Sys 0 00:00:01  -  Total Remote Usage
		Usr 0 00:00:00, Sys 0 00:00:00  -  Total Local Usage
	0  -  Run Bytes Sent By Job
	465  -  Run Bytes Received By Job
	0  -  Total Bytes Sent By Job
	465  -  Total Bytes Received By Job
	Partitionable Resources :    Usage  Request Allocated 
	   Cpus                 :     1.00        1         1 
	   Disk (KB)            :    21           1   4077838 
	   Memory (MB)          :    72           1      2000 

	Job terminated of its own accord at 2023-08-14T10:51:53Z with exit-code 0.
...
