000 (7276.000.000) 2023-08-14 12:12:49 Job submitted from host: <90.147.8.111:9618?addrs=90.147.8.111-9618&alias=ams&noUDP&sock=schedd_3306931_2f8d>
...
040 (7276.000.000) 2023-08-14 13:30:05 Started transferring input files
	Transferring to host: <192.168.100.101:9618?addrs=192.168.100.101-9618&alias=node02&noUDP&sock=slot30_102123_a452_2560>
...
040 (7276.000.000) 2023-08-14 13:30:05 Finished transferring input files
...
001 (7276.000.000) 2023-08-14 13:30:06 Job executing on host: <192.168.100.101:9618?addrs=192.168.100.101-9618&alias=node02&noUDP&sock=startd_102084_b624>
	SlotName: slot30@node02
	CondorScratchDir = "/home/spool/lib/condor/execute/dir_172142"
	Cpus = 1
	Disk = 1873362
	Memory = 2006
...
006 (7276.000.000) 2023-08-14 13:30:15 Image size of job updated: 77692
	68  -  MemoryUsage of job (MB)
	69408  -  ResidentSetSize of job (KB)
...
006 (7276.000.000) 2023-08-14 13:35:15 Image size of job updated: 85688
	84  -  MemoryUsage of job (MB)
	85624  -  ResidentSetSize of job (KB)
...
006 (7276.000.000) 2023-08-14 13:40:16 Image size of job updated: 100644
	99  -  MemoryUsage of job (MB)
	100604  -  ResidentSetSize of job (KB)
...
006 (7276.000.000) 2023-08-14 13:45:17 Image size of job updated: 118736
	116  -  MemoryUsage of job (MB)
	118732  -  ResidentSetSize of job (KB)
...
006 (7276.000.000) 2023-08-14 13:50:17 Image size of job updated: 139620
	137  -  MemoryUsage of job (MB)
	139456  -  ResidentSetSize of job (KB)
...
006 (7276.000.000) 2023-08-14 13:55:17 Image size of job updated: 159000
	154  -  MemoryUsage of job (MB)
	157660  -  ResidentSetSize of job (KB)
...
006 (7276.000.000) 2023-08-14 13:57:22 Image size of job updated: 166196
	154  -  MemoryUsage of job (MB)
	157660  -  ResidentSetSize of job (KB)
...
005 (7276.000.000) 2023-08-14 13:57:22 Job terminated.
	(1) Normal termination (return value 0)
		Usr 0 00:00:00, Sys 0 00:00:00  -  Run Remote Usage
		Usr 0 00:00:00, Sys 0 00:00:00  -  Run Local Usage
		Usr 0 00:00:00, Sys 0 00:00:00  -  Total Remote Usage
		Usr 0 00:00:00, Sys 0 00:00:00  -  Total Local Usage
	0  -  Run Bytes Sent By Job
	465  -  Run Bytes Received By Job
	0  -  Total Bytes Sent By Job
	465  -  Total Bytes Received By Job
	Partitionable Resources :    Usage  Request Allocated 
	   Cpus                 :     1.00        1         1 
	   Disk (KB)            :    22           1   1873362 
	   Memory (MB)          :   154           1      2006 

	Job terminated of its own accord at 2023-08-14T11:57:22Z with exit-code 0.
...
