000 (7194.000.000) 2023-08-14 12:12:44 Job submitted from host: <90.147.8.111:9618?addrs=90.147.8.111-9618&alias=ams&noUDP&sock=schedd_3306931_2f8d>
...
040 (7194.000.000) 2023-08-14 13:09:06 Started transferring input files
	Transferring to host: <192.168.100.101:9618?addrs=192.168.100.101-9618&alias=node02&noUDP&sock=slot16_102123_a452_2516>
...
040 (7194.000.000) 2023-08-14 13:09:06 Finished transferring input files
...
001 (7194.000.000) 2023-08-14 13:09:07 Job executing on host: <192.168.100.101:9618?addrs=192.168.100.101-9618&alias=node02&noUDP&sock=startd_102084_b624>
	SlotName: slot16@node02
	CondorScratchDir = "/home/spool/lib/condor/execute/dir_171428"
	Cpus = 1
	Disk = 1873362
	Memory = 2006
...
006 (7194.000.000) 2023-08-14 13:09:15 Image size of job updated: 78092
	69  -  MemoryUsage of job (MB)
	69736  -  ResidentSetSize of job (KB)
...
006 (7194.000.000) 2023-08-14 13:14:15 Image size of job updated: 104140
	102  -  MemoryUsage of job (MB)
	104140  -  ResidentSetSize of job (KB)
...
006 (7194.000.000) 2023-08-14 13:19:15 Image size of job updated: 142732
	140  -  MemoryUsage of job (MB)
	142732  -  ResidentSetSize of job (KB)
...
006 (7194.000.000) 2023-08-14 13:24:15 Image size of job updated: 183884
	180  -  MemoryUsage of job (MB)
	183884  -  ResidentSetSize of job (KB)
...
006 (7194.000.000) 2023-08-14 13:28:56 Image size of job updated: 219240
	180  -  MemoryUsage of job (MB)
	183884  -  ResidentSetSize of job (KB)
...
005 (7194.000.000) 2023-08-14 13:28:56 Job terminated.
	(1) Normal termination (return value 0)
		Usr 0 00:00:00, Sys 0 00:00:00  -  Run Remote Usage
		Usr 0 00:00:00, Sys 0 00:00:00  -  Run Local Usage
		Usr 0 00:00:00, Sys 0 00:00:00  -  Total Remote Usage
		Usr 0 00:00:00, Sys 0 00:00:00  -  Total Local Usage
	0  -  Run Bytes Sent By Job
	480  -  Run Bytes Received By Job
	0  -  Total Bytes Sent By Job
	480  -  Total Bytes Received By Job
	Partitionable Resources :    Usage  Request Allocated 
	   Cpus                 :     1.00        1         1 
	   Disk (KB)            :    21           1   1873362 
	   Memory (MB)          :   180           1      2006 

	Job terminated of its own accord at 2023-08-14T11:28:56Z with exit-code 0.
...
