000 (7350.000.000) 2023-08-14 12:12:52 Job submitted from host: <90.147.8.111:9618?addrs=90.147.8.111-9618&alias=ams&noUDP&sock=schedd_3306931_2f8d>
...
040 (7350.000.000) 2023-08-14 13:51:07 Started transferring input files
	Transferring to host: <192.168.100.101:9618?addrs=192.168.100.101-9618&alias=node02&noUDP&sock=slot16_102123_a452_2605>
...
040 (7350.000.000) 2023-08-14 13:51:07 Finished transferring input files
...
001 (7350.000.000) 2023-08-14 13:51:08 Job executing on host: <192.168.100.101:9618?addrs=192.168.100.101-9618&alias=node02&noUDP&sock=startd_102084_b624>
	SlotName: slot16@node02
	CondorScratchDir = "/home/spool/lib/condor/execute/dir_172856"
	Cpus = 1
	Disk = 1873362
	Memory = 2006
...
006 (7350.000.000) 2023-08-14 13:51:16 Image size of job updated: 77840
	69  -  MemoryUsage of job (MB)
	69756  -  ResidentSetSize of job (KB)
...
006 (7350.000.000) 2023-08-14 13:56:16 Image size of job updated: 97512
	96  -  MemoryUsage of job (MB)
	97508  -  ResidentSetSize of job (KB)
...
006 (7350.000.000) 2023-08-14 14:01:16 Image size of job updated: 125180
	123  -  MemoryUsage of job (MB)
	125180  -  ResidentSetSize of job (KB)
...
006 (7350.000.000) 2023-08-14 14:06:16 Image size of job updated: 158716
	155  -  MemoryUsage of job (MB)
	158716  -  ResidentSetSize of job (KB)
...
006 (7350.000.000) 2023-08-14 14:11:16 Image size of job updated: 191576
	188  -  MemoryUsage of job (MB)
	191540  -  ResidentSetSize of job (KB)
...
006 (7350.000.000) 2023-08-14 14:15:13 Image size of job updated: 219492
	188  -  MemoryUsage of job (MB)
	191540  -  ResidentSetSize of job (KB)
...
005 (7350.000.000) 2023-08-14 14:15:13 Job terminated.
	(1) Normal termination (return value 0)
		Usr 0 00:00:00, Sys 0 00:00:00  -  Run Remote Usage
		Usr 0 00:00:00, Sys 0 00:00:00  -  Run Local Usage
		Usr 0 00:00:00, Sys 0 00:00:00  -  Total Remote Usage
		Usr 0 00:00:00, Sys 0 00:00:00  -  Total Local Usage
	0  -  Run Bytes Sent By Job
	480  -  Run Bytes Received By Job
	0  -  Total Bytes Sent By Job
	480  -  Total Bytes Received By Job
	Partitionable Resources :    Usage  Request Allocated 
	   Cpus                 :     0.99        1         1 
	   Disk (KB)            :    21           1   1873362 
	   Memory (MB)          :   188           1      2006 

	Job terminated of its own accord at 2023-08-14T12:15:13Z with exit-code 0.
...
