000 (7385.000.000) 2023-08-14 12:12:54 Job submitted from host: <90.147.8.111:9618?addrs=90.147.8.111-9618&alias=ams&noUDP&sock=schedd_3306931_2f8d>
...
040 (7385.000.000) 2023-08-14 14:00:06 Started transferring input files
	Transferring to host: <192.168.100.3:9618?addrs=192.168.100.3-9618&alias=node03&noUDP&sock=slot4_56810_88bf_2434>
...
040 (7385.000.000) 2023-08-14 14:00:06 Finished transferring input files
...
001 (7385.000.000) 2023-08-14 14:00:07 Job executing on host: <192.168.100.3:9618?addrs=192.168.100.3-9618&alias=node03&noUDP&sock=startd_56773_2261>
	SlotName: slot4@node03
...
006 (7385.000.000) 2023-08-14 14:00:16 Image size of job updated: 432356
	70  -  MemoryUsage of job (MB)
	71616  -  ResidentSetSize of job (KB)
...
006 (7385.000.000) 2023-08-14 14:05:16 Image size of job updated: 465816
	71  -  MemoryUsage of job (MB)
	71720  -  ResidentSetSize of job (KB)
...
006 (7385.000.000) 2023-08-14 14:10:16 Image size of job updated: 465816
	71  -  MemoryUsage of job (MB)
	71784  -  ResidentSetSize of job (KB)
...
006 (7385.000.000) 2023-08-14 14:15:16 Image size of job updated: 465816
	71  -  MemoryUsage of job (MB)
	72552  -  ResidentSetSize of job (KB)
...
006 (7385.000.000) 2023-08-14 14:20:16 Image size of job updated: 465816
	71  -  MemoryUsage of job (MB)
	72612  -  ResidentSetSize of job (KB)
...
005 (7385.000.000) 2023-08-14 14:31:09 Job terminated.
	(1) Normal termination (return value 0)
		Usr 0 00:30:52, Sys 0 00:00:00  -  Run Remote Usage
		Usr 0 00:00:00, Sys 0 00:00:00  -  Run Local Usage
		Usr 0 00:30:52, Sys 0 00:00:00  -  Total Remote Usage
		Usr 0 00:00:00, Sys 0 00:00:00  -  Total Local Usage
	0  -  Run Bytes Sent By Job
	480  -  Run Bytes Received By Job
	0  -  Total Bytes Sent By Job
	480  -  Total Bytes Received By Job
	Partitionable Resources :    Usage  Request Allocated 
	   Cpus                 :     1.00        1         1 
	   Disk (KB)            :    21           1   4077838 
	   Memory (MB)          :    71           1      2000 

	Job terminated of its own accord at 2023-08-14T12:31:08Z with exit-code 0.
...
