000 (7070.000.000) 2023-08-14 12:12:38 Job submitted from host: <90.147.8.111:9618?addrs=90.147.8.111-9618&alias=ams&noUDP&sock=schedd_3306931_2f8d>
...
040 (7070.000.000) 2023-08-14 12:39:05 Started transferring input files
	Transferring to host: <192.168.100.3:9618?addrs=192.168.100.3-9618&alias=node03&noUDP&sock=slot39_56810_88bf_2299>
...
040 (7070.000.000) 2023-08-14 12:39:05 Finished transferring input files
...
001 (7070.000.000) 2023-08-14 12:39:06 Job executing on host: <192.168.100.3:9618?addrs=192.168.100.3-9618&alias=node03&noUDP&sock=startd_56773_2261>
	SlotName: slot39@node03
...
006 (7070.000.000) 2023-08-14 12:39:15 Image size of job updated: 69244
	68  -  MemoryUsage of job (MB)
	69244  -  ResidentSetSize of job (KB)
...
006 (7070.000.000) 2023-08-14 12:44:15 Image size of job updated: 463432
	68  -  MemoryUsage of job (MB)
	69364  -  ResidentSetSize of job (KB)
...
006 (7070.000.000) 2023-08-14 12:49:15 Image size of job updated: 463432
	68  -  MemoryUsage of job (MB)
	69428  -  ResidentSetSize of job (KB)
...
006 (7070.000.000) 2023-08-14 12:54:15 Image size of job updated: 463432
	68  -  MemoryUsage of job (MB)
	69556  -  ResidentSetSize of job (KB)
...
006 (7070.000.000) 2023-08-14 12:59:16 Image size of job updated: 463432
	69  -  MemoryUsage of job (MB)
	70088  -  ResidentSetSize of job (KB)
...
006 (7070.000.000) 2023-08-14 13:04:16 Image size of job updated: 463432
	69  -  MemoryUsage of job (MB)
	70508  -  ResidentSetSize of job (KB)
...
005 (7070.000.000) 2023-08-14 13:06:26 Job terminated.
	(1) Normal termination (return value 0)
		Usr 0 00:27:09, Sys 0 00:00:01  -  Run Remote Usage
		Usr 0 00:00:00, Sys 0 00:00:00  -  Run Local Usage
		Usr 0 00:27:09, Sys 0 00:00:01  -  Total Remote Usage
		Usr 0 00:00:00, Sys 0 00:00:00  -  Total Local Usage
	0  -  Run Bytes Sent By Job
	480  -  Run Bytes Received By Job
	0  -  Total Bytes Sent By Job
	480  -  Total Bytes Received By Job
	Partitionable Resources :    Usage  Request Allocated 
	   Cpus                 :     0.99        1         1 
	   Disk (KB)            :    21           1   4077838 
	   Memory (MB)          :    69           1      2000 

	Job terminated of its own accord at 2023-08-14T11:06:26Z with exit-code 0.
...
