000 (7432.000.000) 2023-08-14 12:12:56 Job submitted from host: <90.147.8.111:9618?addrs=90.147.8.111-9618&alias=ams&noUDP&sock=schedd_3306931_2f8d>
...
040 (7432.000.000) 2023-08-14 14:11:07 Started transferring input files
	Transferring to host: <192.168.100.101:9618?addrs=192.168.100.101-9618&alias=node02&noUDP&sock=slot63_102123_a452_2652>
...
040 (7432.000.000) 2023-08-14 14:11:07 Finished transferring input files
...
001 (7432.000.000) 2023-08-14 14:11:08 Job executing on host: <192.168.100.101:9618?addrs=192.168.100.101-9618&alias=node02&noUDP&sock=startd_102084_b624>
	SlotName: slot63@node02
	CondorScratchDir = "/home/spool/lib/condor/execute/dir_173584"
	Cpus = 1
	Disk = 1873362
	Memory = 2006
...
006 (7432.000.000) 2023-08-14 14:11:16 Image size of job updated: 92116
	71  -  MemoryUsage of job (MB)
	71928  -  ResidentSetSize of job (KB)
...
006 (7432.000.000) 2023-08-14 14:16:16 Image size of job updated: 92116
	83  -  MemoryUsage of job (MB)
	84084  -  ResidentSetSize of job (KB)
...
006 (7432.000.000) 2023-08-14 14:21:17 Image size of job updated: 97856
	96  -  MemoryUsage of job (MB)
	97760  -  ResidentSetSize of job (KB)
...
006 (7432.000.000) 2023-08-14 14:26:17 Image size of job updated: 113224
	111  -  MemoryUsage of job (MB)
	113224  -  ResidentSetSize of job (KB)
...
006 (7432.000.000) 2023-08-14 14:31:17 Image size of job updated: 129868
	127  -  MemoryUsage of job (MB)
	129868  -  ResidentSetSize of job (KB)
...
006 (7432.000.000) 2023-08-14 14:36:17 Image size of job updated: 145620
	143  -  MemoryUsage of job (MB)
	145620  -  ResidentSetSize of job (KB)
...
006 (7432.000.000) 2023-08-14 14:41:17 Image size of job updated: 164012
	161  -  MemoryUsage of job (MB)
	164012  -  ResidentSetSize of job (KB)
...
006 (7432.000.000) 2023-08-14 14:41:52 Image size of job updated: 168044
	161  -  MemoryUsage of job (MB)
	164012  -  ResidentSetSize of job (KB)
...
005 (7432.000.000) 2023-08-14 14:41:52 Job terminated.
	(1) Normal termination (return value 0)
		Usr 0 00:00:00, Sys 0 00:00:00  -  Run Remote Usage
		Usr 0 00:00:00, Sys 0 00:00:00  -  Run Local Usage
		Usr 0 00:00:00, Sys 0 00:00:00  -  Total Remote Usage
		Usr 0 00:00:00, Sys 0 00:00:00  -  Total Local Usage
	0  -  Run Bytes Sent By Job
	465  -  Run Bytes Received By Job
	0  -  Total Bytes Sent By Job
	465  -  Total Bytes Received By Job
	Partitionable Resources :    Usage  Request Allocated 
	   Cpus                 :     1.00        1         1 
	   Disk (KB)            :    21           1   1873362 
	   Memory (MB)          :   161           1      2006 

	Job terminated of its own accord at 2023-08-14T12:41:52Z with exit-code 0.
...
