000 (7380.000.000) 2023-08-14 12:12:54 Job submitted from host: <90.147.8.111:9618?addrs=90.147.8.111-9618&alias=ams&noUDP&sock=schedd_3306931_2f8d>
...
040 (7380.000.000) 2023-08-14 13:59:06 Started transferring input files
	Transferring to host: <192.168.100.3:9618?addrs=192.168.100.3-9618&alias=node03&noUDP&sock=slot35_56810_88bf_2431>
...
040 (7380.000.000) 2023-08-14 13:59:06 Finished transferring input files
...
001 (7380.000.000) 2023-08-14 13:59:07 Job executing on host: <192.168.100.3:9618?addrs=192.168.100.3-9618&alias=node03&noUDP&sock=startd_56773_2261>
	SlotName: slot35@node03
...
006 (7380.000.000) 2023-08-14 13:59:16 Image size of job updated: 432356
	70  -  MemoryUsage of job (MB)
	71608  -  ResidentSetSize of job (KB)
...
006 (7380.000.000) 2023-08-14 14:04:16 Image size of job updated: 465816
	71  -  MemoryUsage of job (MB)
	71720  -  ResidentSetSize of job (KB)
...
006 (7380.000.000) 2023-08-14 14:09:16 Image size of job updated: 465816
	71  -  MemoryUsage of job (MB)
	71764  -  ResidentSetSize of job (KB)
...
006 (7380.000.000) 2023-08-14 14:14:16 Image size of job updated: 465816
	71  -  MemoryUsage of job (MB)
	71884  -  ResidentSetSize of job (KB)
...
006 (7380.000.000) 2023-08-14 14:19:16 Image size of job updated: 465816
	71  -  MemoryUsage of job (MB)
	72124  -  ResidentSetSize of job (KB)
...
006 (7380.000.000) 2023-08-14 14:24:16 Image size of job updated: 465816
	71  -  MemoryUsage of job (MB)
	72328  -  ResidentSetSize of job (KB)
...
006 (7380.000.000) 2023-08-14 14:29:16 Image size of job updated: 465816
	71  -  MemoryUsage of job (MB)
	72544  -  ResidentSetSize of job (KB)
...
005 (7380.000.000) 2023-08-14 14:29:46 Job terminated.
	(1) Normal termination (return value 0)
		Usr 0 00:30:28, Sys 0 00:00:01  -  Run Remote Usage
		Usr 0 00:00:00, Sys 0 00:00:00  -  Run Local Usage
		Usr 0 00:30:28, Sys 0 00:00:01  -  Total Remote Usage
		Usr 0 00:00:00, Sys 0 00:00:00  -  Total Local Usage
	0  -  Run Bytes Sent By Job
	480  -  Run Bytes Received By Job
	0  -  Total Bytes Sent By Job
	480  -  Total Bytes Received By Job
	Partitionable Resources :    Usage  Request Allocated 
	   Cpus                 :     1.00        1         1 
	   Disk (KB)            :    21           1   4077838 
	   Memory (MB)          :    71           1      2000 

	Job terminated of its own accord at 2023-08-14T12:29:46Z with exit-code 0.
...
