000 (7097.000.000) 2023-08-14 12:12:40 Job submitted from host: <90.147.8.111:9618?addrs=90.147.8.111-9618&alias=ams&noUDP&sock=schedd_3306931_2f8d>
...
040 (7097.000.000) 2023-08-14 12:44:06 Started transferring input files
	Transferring to host: <192.168.100.3:9618?addrs=192.168.100.3-9618&alias=node03&noUDP&sock=slot33_56810_88bf_2313>
...
040 (7097.000.000) 2023-08-14 12:44:06 Finished transferring input files
...
001 (7097.000.000) 2023-08-14 12:44:07 Job executing on host: <192.168.100.3:9618?addrs=192.168.100.3-9618&alias=node03&noUDP&sock=startd_56773_2261>
	SlotName: slot33@node03
...
006 (7097.000.000) 2023-08-14 12:44:16 Image size of job updated: 429296
	68  -  MemoryUsage of job (MB)
	69064  -  ResidentSetSize of job (KB)
...
006 (7097.000.000) 2023-08-14 12:49:16 Image size of job updated: 463796
	69  -  MemoryUsage of job (MB)
	69752  -  ResidentSetSize of job (KB)
...
006 (7097.000.000) 2023-08-14 12:54:16 Image size of job updated: 463796
	69  -  MemoryUsage of job (MB)
	69776  -  ResidentSetSize of job (KB)
...
006 (7097.000.000) 2023-08-14 12:59:16 Image size of job updated: 463796
	69  -  MemoryUsage of job (MB)
	70184  -  ResidentSetSize of job (KB)
...
006 (7097.000.000) 2023-08-14 13:04:16 Image size of job updated: 463796
	70  -  MemoryUsage of job (MB)
	71492  -  ResidentSetSize of job (KB)
...
006 (7097.000.000) 2023-08-14 13:09:16 Image size of job updated: 463796
	71  -  MemoryUsage of job (MB)
	72344  -  ResidentSetSize of job (KB)
...
005 (7097.000.000) 2023-08-14 13:09:28 Job terminated.
	(1) Normal termination (return value 0)
		Usr 0 00:25:12, Sys 0 00:00:00  -  Run Remote Usage
		Usr 0 00:00:00, Sys 0 00:00:00  -  Run Local Usage
		Usr 0 00:25:12, Sys 0 00:00:00  -  Total Remote Usage
		Usr 0 00:00:00, Sys 0 00:00:00  -  Total Local Usage
	0  -  Run Bytes Sent By Job
	448  -  Run Bytes Received By Job
	0  -  Total Bytes Sent By Job
	448  -  Total Bytes Received By Job
	Partitionable Resources :    Usage  Request Allocated 
	   Cpus                 :     1.00        1         1 
	   Disk (KB)            :    21           1   4077838 
	   Memory (MB)          :    71           1      2000 

	Job terminated of its own accord at 2023-08-14T11:09:28Z with exit-code 0.
...
