000 (7442.000.000) 2023-08-14 12:12:56 Job submitted from host: <90.147.8.111:9618?addrs=90.147.8.111-9618&alias=ams&noUDP&sock=schedd_3306931_2f8d>
...
040 (7442.000.000) 2023-08-14 14:14:06 Started transferring input files
	Transferring to host: <192.168.100.3:9618?addrs=192.168.100.3-9618&alias=node03&noUDP&sock=slot43_56810_88bf_2458>
...
040 (7442.000.000) 2023-08-14 14:14:06 Finished transferring input files
...
001 (7442.000.000) 2023-08-14 14:14:07 Job executing on host: <192.168.100.3:9618?addrs=192.168.100.3-9618&alias=node03&noUDP&sock=startd_56773_2261>
	SlotName: slot43@node03
...
006 (7442.000.000) 2023-08-14 14:14:16 Image size of job updated: 465816
	70  -  MemoryUsage of job (MB)
	71612  -  ResidentSetSize of job (KB)
...
006 (7442.000.000) 2023-08-14 14:19:17 Image size of job updated: 465816
	71  -  MemoryUsage of job (MB)
	71720  -  ResidentSetSize of job (KB)
...
006 (7442.000.000) 2023-08-14 14:24:17 Image size of job updated: 465816
	71  -  MemoryUsage of job (MB)
	71792  -  ResidentSetSize of job (KB)
...
006 (7442.000.000) 2023-08-14 14:29:17 Image size of job updated: 465816
	71  -  MemoryUsage of job (MB)
	72696  -  ResidentSetSize of job (KB)
...
006 (7442.000.000) 2023-08-14 14:34:17 Image size of job updated: 465816
	72  -  MemoryUsage of job (MB)
	72960  -  ResidentSetSize of job (KB)
...
005 (7442.000.000) 2023-08-14 14:44:26 Job terminated.
	(1) Normal termination (return value 0)
		Usr 0 00:30:08, Sys 0 00:00:00  -  Run Remote Usage
		Usr 0 00:00:00, Sys 0 00:00:00  -  Run Local Usage
		Usr 0 00:30:08, Sys 0 00:00:00  -  Total Remote Usage
		Usr 0 00:00:00, Sys 0 00:00:00  -  Total Local Usage
	0  -  Run Bytes Sent By Job
	480  -  Run Bytes Received By Job
	0  -  Total Bytes Sent By Job
	480  -  Total Bytes Received By Job
	Partitionable Resources :    Usage  Request Allocated 
	   Cpus                 :     1.00        1         1 
	   Disk (KB)            :    21           1   4077838 
	   Memory (MB)          :    72           1      2000 

	Job terminated of its own accord at 2023-08-14T12:44:26Z with exit-code 0.
...
