000 (7483.000.000) 2023-08-14 12:12:58 Job submitted from host: <90.147.8.111:9618?addrs=90.147.8.111-9618&alias=ams&noUDP&sock=schedd_3306931_2f8d>
...
040 (7483.000.000) 2023-08-14 14:27:09 Started transferring input files
	Transferring to host: <192.168.100.3:9618?addrs=192.168.100.3-9618&alias=node03&noUDP&sock=slot30_56810_88bf_2478>
...
040 (7483.000.000) 2023-08-14 14:27:09 Finished transferring input files
...
001 (7483.000.000) 2023-08-14 14:27:10 Job executing on host: <192.168.100.3:9618?addrs=192.168.100.3-9618&alias=node03&noUDP&sock=startd_56773_2261>
	SlotName: slot30@node03
...
006 (7483.000.000) 2023-08-14 14:27:18 Image size of job updated: 71248
	70  -  MemoryUsage of job (MB)
	71248  -  ResidentSetSize of job (KB)
...
006 (7483.000.000) 2023-08-14 14:32:18 Image size of job updated: 465816
	71  -  MemoryUsage of job (MB)
	71736  -  ResidentSetSize of job (KB)
...
006 (7483.000.000) 2023-08-14 14:37:19 Image size of job updated: 465816
	71  -  MemoryUsage of job (MB)
	71780  -  ResidentSetSize of job (KB)
...
006 (7483.000.000) 2023-08-14 14:42:19 Image size of job updated: 465816
	71  -  MemoryUsage of job (MB)
	72612  -  ResidentSetSize of job (KB)
...
006 (7483.000.000) 2023-08-14 14:47:19 Image size of job updated: 465816
	73  -  MemoryUsage of job (MB)
	73828  -  ResidentSetSize of job (KB)
...
005 (7483.000.000) 2023-08-14 14:53:20 Job terminated.
	(1) Normal termination (return value 0)
		Usr 0 00:26:03, Sys 0 00:00:01  -  Run Remote Usage
		Usr 0 00:00:00, Sys 0 00:00:00  -  Run Local Usage
		Usr 0 00:26:03, Sys 0 00:00:01  -  Total Remote Usage
		Usr 0 00:00:00, Sys 0 00:00:00  -  Total Local Usage
	0  -  Run Bytes Sent By Job
	480  -  Run Bytes Received By Job
	0  -  Total Bytes Sent By Job
	480  -  Total Bytes Received By Job
	Partitionable Resources :    Usage  Request Allocated 
	   Cpus                 :     1.00        1         1 
	   Disk (KB)            :    21           1   4077838 
	   Memory (MB)          :    73           1      2000 

	Job terminated of its own accord at 2023-08-14T12:53:20Z with exit-code 0.
...
