000 (7046.000.000) 2023-08-14 12:12:37 Job submitted from host: <90.147.8.111:9618?addrs=90.147.8.111-9618&alias=ams&noUDP&sock=schedd_3306931_2f8d>
...
040 (7046.000.000) 2023-08-14 12:31:55 Started transferring input files
	Transferring to host: <192.168.100.3:9618?addrs=192.168.100.3-9618&alias=node03&noUDP&sock=slot48_56810_88bf_2285>
...
040 (7046.000.000) 2023-08-14 12:31:55 Finished transferring input files
...
001 (7046.000.000) 2023-08-14 12:31:56 Job executing on host: <192.168.100.3:9618?addrs=192.168.100.3-9618&alias=node03&noUDP&sock=startd_56773_2261>
	SlotName: slot48@node03
...
006 (7046.000.000) 2023-08-14 12:32:05 Image size of job updated: 465816
	70  -  MemoryUsage of job (MB)
	71244  -  ResidentSetSize of job (KB)
...
006 (7046.000.000) 2023-08-14 12:37:05 Image size of job updated: 465816
	71  -  MemoryUsage of job (MB)
	71716  -  ResidentSetSize of job (KB)
...
006 (7046.000.000) 2023-08-14 12:42:05 Image size of job updated: 465816
	71  -  MemoryUsage of job (MB)
	71776  -  ResidentSetSize of job (KB)
...
006 (7046.000.000) 2023-08-14 12:47:05 Image size of job updated: 465816
	71  -  MemoryUsage of job (MB)
	72476  -  ResidentSetSize of job (KB)
...
006 (7046.000.000) 2023-08-14 12:57:06 Image size of job updated: 465816
	73  -  MemoryUsage of job (MB)
	74112  -  ResidentSetSize of job (KB)
...
006 (7046.000.000) 2023-08-14 13:02:06 Image size of job updated: 465816
	73  -  MemoryUsage of job (MB)
	74372  -  ResidentSetSize of job (KB)
...
005 (7046.000.000) 2023-08-14 13:03:00 Job terminated.
	(1) Normal termination (return value 0)
		Usr 0 00:30:43, Sys 0 00:00:03  -  Run Remote Usage
		Usr 0 00:00:00, Sys 0 00:00:00  -  Run Local Usage
		Usr 0 00:30:43, Sys 0 00:00:03  -  Total Remote Usage
		Usr 0 00:00:00, Sys 0 00:00:00  -  Total Local Usage
	0  -  Run Bytes Sent By Job
	478  -  Run Bytes Received By Job
	0  -  Total Bytes Sent By Job
	478  -  Total Bytes Received By Job
	Partitionable Resources :    Usage  Request Allocated 
	   Cpus                 :     1.00        1         1 
	   Disk (KB)            :    22           1   4077838 
	   Memory (MB)          :    73           1      2000 

	Job terminated of its own accord at 2023-08-14T11:02:59Z with exit-code 0.
...
