000 (7115.000.000) 2023-08-14 12:12:40 Job submitted from host: <90.147.8.111:9618?addrs=90.147.8.111-9618&alias=ams&noUDP&sock=schedd_3306931_2f8d>
...
040 (7115.000.000) 2023-08-14 12:47:05 Started transferring input files
	Transferring to host: <192.168.100.3:9618?addrs=192.168.100.3-9618&alias=node03&noUDP&sock=slot11_56810_88bf_2319>
...
040 (7115.000.000) 2023-08-14 12:47:05 Finished transferring input files
...
001 (7115.000.000) 2023-08-14 12:47:06 Job executing on host: <192.168.100.3:9618?addrs=192.168.100.3-9618&alias=node03&noUDP&sock=startd_56773_2261>
	SlotName: slot11@node03
...
006 (7115.000.000) 2023-08-14 12:47:15 Image size of job updated: 463432
	68  -  MemoryUsage of job (MB)
	69248  -  ResidentSetSize of job (KB)
...
006 (7115.000.000) 2023-08-14 12:52:15 Image size of job updated: 463432
	68  -  MemoryUsage of job (MB)
	69336  -  ResidentSetSize of job (KB)
...
006 (7115.000.000) 2023-08-14 12:57:16 Image size of job updated: 463432
	68  -  MemoryUsage of job (MB)
	69412  -  ResidentSetSize of job (KB)
...
006 (7115.000.000) 2023-08-14 13:02:17 Image size of job updated: 463432
	68  -  MemoryUsage of job (MB)
	69544  -  ResidentSetSize of job (KB)
...
006 (7115.000.000) 2023-08-14 13:07:17 Image size of job updated: 463432
	68  -  MemoryUsage of job (MB)
	69592  -  ResidentSetSize of job (KB)
...
006 (7115.000.000) 2023-08-14 13:12:17 Image size of job updated: 463432
	69  -  MemoryUsage of job (MB)
	69868  -  ResidentSetSize of job (KB)
...
005 (7115.000.000) 2023-08-14 13:14:18 Job terminated.
	(1) Normal termination (return value 0)
		Usr 0 00:27:00, Sys 0 00:00:01  -  Run Remote Usage
		Usr 0 00:00:00, Sys 0 00:00:00  -  Run Local Usage
		Usr 0 00:27:00, Sys 0 00:00:01  -  Total Remote Usage
		Usr 0 00:00:00, Sys 0 00:00:00  -  Total Local Usage
	0  -  Run Bytes Sent By Job
	480  -  Run Bytes Received By Job
	0  -  Total Bytes Sent By Job
	480  -  Total Bytes Received By Job
	Partitionable Resources :    Usage  Request Allocated 
	   Cpus                 :     0.97        1         1 
	   Disk (KB)            :    21           1   4077838 
	   Memory (MB)          :    69           1      2000 

	Job terminated of its own accord at 2023-08-14T11:14:18Z with exit-code 0.
...
