000 (7093.000.000) 2023-08-14 12:12:39 Job submitted from host: <90.147.8.111:9618?addrs=90.147.8.111-9618&alias=ams&noUDP&sock=schedd_3306931_2f8d>
...
040 (7093.000.000) 2023-08-14 12:44:05 Started transferring input files
	Transferring to host: <192.168.100.3:9618?addrs=192.168.100.3-9618&alias=node03&noUDP&sock=slot13_56810_88bf_2309>
...
040 (7093.000.000) 2023-08-14 12:44:05 Finished transferring input files
...
001 (7093.000.000) 2023-08-14 12:44:07 Job executing on host: <192.168.100.3:9618?addrs=192.168.100.3-9618&alias=node03&noUDP&sock=startd_56773_2261>
	SlotName: slot13@node03
...
006 (7093.000.000) 2023-08-14 12:44:16 Image size of job updated: 355772
	70  -  MemoryUsage of job (MB)
	71628  -  ResidentSetSize of job (KB)
...
006 (7093.000.000) 2023-08-14 12:49:17 Image size of job updated: 465816
	71  -  MemoryUsage of job (MB)
	71720  -  ResidentSetSize of job (KB)
...
006 (7093.000.000) 2023-08-14 12:54:18 Image size of job updated: 465816
	71  -  MemoryUsage of job (MB)
	71788  -  ResidentSetSize of job (KB)
...
006 (7093.000.000) 2023-08-14 12:59:19 Image size of job updated: 465816
	71  -  MemoryUsage of job (MB)
	72544  -  ResidentSetSize of job (KB)
...
006 (7093.000.000) 2023-08-14 13:09:19 Image size of job updated: 465816
	73  -  MemoryUsage of job (MB)
	73972  -  ResidentSetSize of job (KB)
...
005 (7093.000.000) 2023-08-14 13:15:05 Job terminated.
	(1) Normal termination (return value 0)
		Usr 0 00:30:48, Sys 0 00:00:00  -  Run Remote Usage
		Usr 0 00:00:00, Sys 0 00:00:00  -  Run Local Usage
		Usr 0 00:30:48, Sys 0 00:00:00  -  Total Remote Usage
		Usr 0 00:00:00, Sys 0 00:00:00  -  Total Local Usage
	0  -  Run Bytes Sent By Job
	480  -  Run Bytes Received By Job
	0  -  Total Bytes Sent By Job
	480  -  Total Bytes Received By Job
	Partitionable Resources :    Usage  Request Allocated 
	   Cpus                 :     1.00        1         1 
	   Disk (KB)            :    21           1   4077838 
	   Memory (MB)          :    73           1      2000 

	Job terminated of its own accord at 2023-08-14T11:15:04Z with exit-code 0.
...
