000 (7421.000.000) 2023-08-14 12:12:55 Job submitted from host: <90.147.8.111:9618?addrs=90.147.8.111-9618&alias=ams&noUDP&sock=schedd_3306931_2f8d>
...
040 (7421.000.000) 2023-08-14 14:08:21 Started transferring input files
	Transferring to host: <192.168.100.3:9618?addrs=192.168.100.3-9618&alias=node03&noUDP&sock=slot21_56810_88bf_2446>
...
040 (7421.000.000) 2023-08-14 14:08:21 Finished transferring input files
...
001 (7421.000.000) 2023-08-14 14:08:22 Job executing on host: <192.168.100.3:9618?addrs=192.168.100.3-9618&alias=node03&noUDP&sock=startd_56773_2261>
	SlotName: slot21@node03
...
006 (7421.000.000) 2023-08-14 14:08:30 Image size of job updated: 463796
	68  -  MemoryUsage of job (MB)
	68836  -  ResidentSetSize of job (KB)
...
006 (7421.000.000) 2023-08-14 14:13:30 Image size of job updated: 463796
	69  -  MemoryUsage of job (MB)
	69780  -  ResidentSetSize of job (KB)
...
006 (7421.000.000) 2023-08-14 14:18:30 Image size of job updated: 463796
	69  -  MemoryUsage of job (MB)
	69820  -  ResidentSetSize of job (KB)
...
006 (7421.000.000) 2023-08-14 14:23:30 Image size of job updated: 463796
	70  -  MemoryUsage of job (MB)
	70676  -  ResidentSetSize of job (KB)
...
006 (7421.000.000) 2023-08-14 14:28:30 Image size of job updated: 463796
	71  -  MemoryUsage of job (MB)
	71928  -  ResidentSetSize of job (KB)
...
006 (7421.000.000) 2023-08-14 14:33:30 Image size of job updated: 463796
	71  -  MemoryUsage of job (MB)
	72688  -  ResidentSetSize of job (KB)
...
005 (7421.000.000) 2023-08-14 14:33:31 Job terminated.
	(1) Normal termination (return value 0)
		Usr 0 00:25:00, Sys 0 00:00:01  -  Run Remote Usage
		Usr 0 00:00:00, Sys 0 00:00:00  -  Run Local Usage
		Usr 0 00:25:00, Sys 0 00:00:01  -  Total Remote Usage
		Usr 0 00:00:00, Sys 0 00:00:00  -  Total Local Usage
	0  -  Run Bytes Sent By Job
	448  -  Run Bytes Received By Job
	0  -  Total Bytes Sent By Job
	448  -  Total Bytes Received By Job
	Partitionable Resources :    Usage  Request Allocated 
	   Cpus                 :     0.99        1         1 
	   Disk (KB)            :    22           1   4077838 
	   Memory (MB)          :    71           1      2000 

	Job terminated of its own accord at 2023-08-14T12:33:31Z with exit-code 0.
...
