000 (7500.000.000) 2023-08-14 12:12:59 Job submitted from host: <90.147.8.111:9618?addrs=90.147.8.111-9618&alias=ams&noUDP&sock=schedd_3306931_2f8d>
...
040 (7500.000.000) 2023-08-14 14:32:08 Started transferring input files
	Transferring to host: <192.168.100.3:9618?addrs=192.168.100.3-9618&alias=node03&noUDP&sock=slot4_56810_88bf_2483>
...
040 (7500.000.000) 2023-08-14 14:32:08 Finished transferring input files
...
001 (7500.000.000) 2023-08-14 14:32:09 Job executing on host: <192.168.100.3:9618?addrs=192.168.100.3-9618&alias=node03&noUDP&sock=startd_56773_2261>
	SlotName: slot4@node03
...
006 (7500.000.000) 2023-08-14 14:32:18 Image size of job updated: 77104
	68  -  MemoryUsage of job (MB)
	69072  -  ResidentSetSize of job (KB)
...
006 (7500.000.000) 2023-08-14 14:37:18 Image size of job updated: 463856
	69  -  MemoryUsage of job (MB)
	69780  -  ResidentSetSize of job (KB)
...
006 (7500.000.000) 2023-08-14 14:42:18 Image size of job updated: 463856
	69  -  MemoryUsage of job (MB)
	69828  -  ResidentSetSize of job (KB)
...
006 (7500.000.000) 2023-08-14 14:47:19 Image size of job updated: 463856
	69  -  MemoryUsage of job (MB)
	70148  -  ResidentSetSize of job (KB)
...
006 (7500.000.000) 2023-08-14 14:52:19 Image size of job updated: 463856
	69  -  MemoryUsage of job (MB)
	70480  -  ResidentSetSize of job (KB)
...
006 (7500.000.000) 2023-08-14 14:57:19 Image size of job updated: 463856
	70  -  MemoryUsage of job (MB)
	71308  -  ResidentSetSize of job (KB)
...
005 (7500.000.000) 2023-08-14 14:57:56 Job terminated.
	(1) Normal termination (return value 0)
		Usr 0 00:25:42, Sys 0 00:00:01  -  Run Remote Usage
		Usr 0 00:00:00, Sys 0 00:00:00  -  Run Local Usage
		Usr 0 00:25:42, Sys 0 00:00:01  -  Total Remote Usage
		Usr 0 00:00:00, Sys 0 00:00:00  -  Total Local Usage
	0  -  Run Bytes Sent By Job
	465  -  Run Bytes Received By Job
	0  -  Total Bytes Sent By Job
	465  -  Total Bytes Received By Job
	Partitionable Resources :    Usage  Request Allocated 
	   Cpus                 :     0.99        1         1 
	   Disk (KB)            :    21           1   4077838 
	   Memory (MB)          :    70           1      2000 

	Job terminated of its own accord at 2023-08-14T12:57:56Z with exit-code 0.
...
