000 (7051.000.000) 2023-08-14 12:12:37 Job submitted from host: <90.147.8.111:9618?addrs=90.147.8.111-9618&alias=ams&noUDP&sock=schedd_3306931_2f8d>
...
040 (7051.000.000) 2023-08-14 12:32:00 Started transferring input files
	Transferring to host: <192.168.100.3:9618?addrs=192.168.100.3-9618&alias=node03&noUDP&sock=slot41_56810_88bf_2288>
...
040 (7051.000.000) 2023-08-14 12:32:00 Finished transferring input files
...
001 (7051.000.000) 2023-08-14 12:32:01 Job executing on host: <192.168.100.3:9618?addrs=192.168.100.3-9618&alias=node03&noUDP&sock=startd_56773_2261>
	SlotName: slot41@node03
...
006 (7051.000.000) 2023-08-14 12:32:10 Image size of job updated: 457356
	68  -  MemoryUsage of job (MB)
	69276  -  ResidentSetSize of job (KB)
...
006 (7051.000.000) 2023-08-14 12:37:10 Image size of job updated: 463420
	68  -  MemoryUsage of job (MB)
	69428  -  ResidentSetSize of job (KB)
...
006 (7051.000.000) 2023-08-14 12:42:10 Image size of job updated: 463420
	69  -  MemoryUsage of job (MB)
	69852  -  ResidentSetSize of job (KB)
...
006 (7051.000.000) 2023-08-14 12:47:10 Image size of job updated: 463420
	70  -  MemoryUsage of job (MB)
	71188  -  ResidentSetSize of job (KB)
...
005 (7051.000.000) 2023-08-14 12:50:58 Job terminated.
	(1) Normal termination (return value 0)
		Usr 0 00:18:42, Sys 0 00:00:03  -  Run Remote Usage
		Usr 0 00:00:00, Sys 0 00:00:00  -  Run Local Usage
		Usr 0 00:18:42, Sys 0 00:00:03  -  Total Remote Usage
		Usr 0 00:00:00, Sys 0 00:00:00  -  Total Local Usage
	0  -  Run Bytes Sent By Job
	463  -  Run Bytes Received By Job
	0  -  Total Bytes Sent By Job
	463  -  Total Bytes Received By Job
	Partitionable Resources :    Usage  Request Allocated 
	   Cpus                 :     0.99        1         1 
	   Disk (KB)            :    22           1   4077838 
	   Memory (MB)          :    70           1      2000 

	Job terminated of its own accord at 2023-08-14T10:50:58Z with exit-code 0.
...
