000 (7297.000.000) 2023-08-14 12:12:50 Job submitted from host: <90.147.8.111:9618?addrs=90.147.8.111-9618&alias=ams&noUDP&sock=schedd_3306931_2f8d>
...
040 (7297.000.000) 2023-08-14 13:36:07 Started transferring input files
	Transferring to host: <192.168.100.3:9618?addrs=192.168.100.3-9618&alias=node03&noUDP&sock=slot33_56810_88bf_2395>
...
040 (7297.000.000) 2023-08-14 13:36:07 Finished transferring input files
...
001 (7297.000.000) 2023-08-14 13:36:08 Job executing on host: <192.168.100.3:9618?addrs=192.168.100.3-9618&alias=node03&noUDP&sock=startd_56773_2261>
	SlotName: slot33@node03
...
006 (7297.000.000) 2023-08-14 13:36:16 Image size of job updated: 69108
	68  -  MemoryUsage of job (MB)
	69108  -  ResidentSetSize of job (KB)
...
006 (7297.000.000) 2023-08-14 13:41:16 Image size of job updated: 463856
	69  -  MemoryUsage of job (MB)
	69780  -  ResidentSetSize of job (KB)
...
006 (7297.000.000) 2023-08-14 13:46:16 Image size of job updated: 463856
	69  -  MemoryUsage of job (MB)
	69828  -  ResidentSetSize of job (KB)
...
006 (7297.000.000) 2023-08-14 13:51:16 Image size of job updated: 463856
	69  -  MemoryUsage of job (MB)
	70160  -  ResidentSetSize of job (KB)
...
006 (7297.000.000) 2023-08-14 13:56:16 Image size of job updated: 463856
	69  -  MemoryUsage of job (MB)
	70344  -  ResidentSetSize of job (KB)
...
006 (7297.000.000) 2023-08-14 14:01:16 Image size of job updated: 463856
	69  -  MemoryUsage of job (MB)
	70480  -  ResidentSetSize of job (KB)
...
006 (7297.000.000) 2023-08-14 14:06:16 Image size of job updated: 463856
	70  -  MemoryUsage of job (MB)
	71032  -  ResidentSetSize of job (KB)
...
005 (7297.000.000) 2023-08-14 14:09:42 Job terminated.
	(1) Normal termination (return value 0)
		Usr 0 00:33:23, Sys 0 00:00:00  -  Run Remote Usage
		Usr 0 00:00:00, Sys 0 00:00:00  -  Run Local Usage
		Usr 0 00:33:23, Sys 0 00:00:00  -  Total Remote Usage
		Usr 0 00:00:00, Sys 0 00:00:00  -  Total Local Usage
	0  -  Run Bytes Sent By Job
	465  -  Run Bytes Received By Job
	0  -  Total Bytes Sent By Job
	465  -  Total Bytes Received By Job
	Partitionable Resources :    Usage  Request Allocated 
	   Cpus                 :     0.99        1         1 
	   Disk (KB)            :    21           1   4077838 
	   Memory (MB)          :    70           1      2000 

	Job terminated of its own accord at 2023-08-14T12:09:42Z with exit-code 0.
...
