000 (7366.000.000) 2023-08-14 12:12:53 Job submitted from host: <90.147.8.111:9618?addrs=90.147.8.111-9618&alias=ams&noUDP&sock=schedd_3306931_2f8d>
...
040 (7366.000.000) 2023-08-14 13:55:06 Started transferring input files
	Transferring to host: <192.168.100.101:9618?addrs=192.168.100.101-9618&alias=node02&noUDP&sock=slot20_102123_a452_2612>
...
040 (7366.000.000) 2023-08-14 13:55:06 Finished transferring input files
...
001 (7366.000.000) 2023-08-14 13:55:08 Job executing on host: <192.168.100.101:9618?addrs=192.168.100.101-9618&alias=node02&noUDP&sock=startd_102084_b624>
	SlotName: slot20@node02
	CondorScratchDir = "/home/spool/lib/condor/execute/dir_172972"
	Cpus = 1
	Disk = 1873362
	Memory = 2006
...
006 (7366.000.000) 2023-08-14 13:55:16 Image size of job updated: 92072
	71  -  MemoryUsage of job (MB)
	72240  -  ResidentSetSize of job (KB)
...
006 (7366.000.000) 2023-08-14 14:00:16 Image size of job updated: 99456
	98  -  MemoryUsage of job (MB)
	99456  -  ResidentSetSize of job (KB)
...
006 (7366.000.000) 2023-08-14 14:05:16 Image size of job updated: 129048
	126  -  MemoryUsage of job (MB)
	128744  -  ResidentSetSize of job (KB)
...
006 (7366.000.000) 2023-08-14 14:10:16 Image size of job updated: 165812
	162  -  MemoryUsage of job (MB)
	165708  -  ResidentSetSize of job (KB)
...
006 (7366.000.000) 2023-08-14 14:15:16 Image size of job updated: 203588
	199  -  MemoryUsage of job (MB)
	203588  -  ResidentSetSize of job (KB)
...
006 (7366.000.000) 2023-08-14 14:19:28 Image size of job updated: 239588
	199  -  MemoryUsage of job (MB)
	203588  -  ResidentSetSize of job (KB)
...
005 (7366.000.000) 2023-08-14 14:19:28 Job terminated.
	(1) Normal termination (return value 0)
		Usr 0 00:00:00, Sys 0 00:00:00  -  Run Remote Usage
		Usr 0 00:00:00, Sys 0 00:00:00  -  Run Local Usage
		Usr 0 00:00:00, Sys 0 00:00:00  -  Total Remote Usage
		Usr 0 00:00:00, Sys 0 00:00:00  -  Total Local Usage
	0  -  Run Bytes Sent By Job
	478  -  Run Bytes Received By Job
	0  -  Total Bytes Sent By Job
	478  -  Total Bytes Received By Job
	Partitionable Resources :    Usage  Request Allocated 
	   Cpus                 :     1.00        1         1 
	   Disk (KB)            :    21           1   1873362 
	   Memory (MB)          :   199           1      2006 

	Job terminated of its own accord at 2023-08-14T12:19:28Z with exit-code 0.
...
