000 (7469.000.000) 2023-08-14 12:12:57 Job submitted from host: <90.147.8.111:9618?addrs=90.147.8.111-9618&alias=ams&noUDP&sock=schedd_3306931_2f8d>
...
040 (7469.000.000) 2023-08-14 14:23:08 Started transferring input files
	Transferring to host: <192.168.100.3:9618?addrs=192.168.100.3-9618&alias=node03&noUDP&sock=slot24_56810_88bf_2470>
...
040 (7469.000.000) 2023-08-14 14:23:08 Finished transferring input files
...
001 (7469.000.000) 2023-08-14 14:23:09 Job executing on host: <192.168.100.3:9618?addrs=192.168.100.3-9618&alias=node03&noUDP&sock=startd_56773_2261>
	SlotName: slot24@node03
...
006 (7469.000.000) 2023-08-14 14:23:17 Image size of job updated: 466240
	70  -  MemoryUsage of job (MB)
	71180  -  ResidentSetSize of job (KB)
...
006 (7469.000.000) 2023-08-14 14:28:18 Image size of job updated: 466240
	71  -  MemoryUsage of job (MB)
	72148  -  ResidentSetSize of job (KB)
...
006 (7469.000.000) 2023-08-14 14:33:19 Image size of job updated: 466240
	71  -  MemoryUsage of job (MB)
	72192  -  ResidentSetSize of job (KB)
...
006 (7469.000.000) 2023-08-14 14:38:19 Image size of job updated: 466240
	71  -  MemoryUsage of job (MB)
	72228  -  ResidentSetSize of job (KB)
...
006 (7469.000.000) 2023-08-14 14:43:19 Image size of job updated: 466240
	71  -  MemoryUsage of job (MB)
	72564  -  ResidentSetSize of job (KB)
...
006 (7469.000.000) 2023-08-14 14:48:19 Image size of job updated: 466240
	72  -  MemoryUsage of job (MB)
	73172  -  ResidentSetSize of job (KB)
...
006 (7469.000.000) 2023-08-14 14:53:19 Image size of job updated: 466240
	72  -  MemoryUsage of job (MB)
	73644  -  ResidentSetSize of job (KB)
...
005 (7469.000.000) 2023-08-14 14:55:36 Job terminated.
	(1) Normal termination (return value 0)
		Usr 0 00:32:21, Sys 0 00:00:00  -  Run Remote Usage
		Usr 0 00:00:00, Sys 0 00:00:00  -  Run Local Usage
		Usr 0 00:32:21, Sys 0 00:00:00  -  Total Remote Usage
		Usr 0 00:00:00, Sys 0 00:00:00  -  Total Local Usage
	0  -  Run Bytes Sent By Job
	465  -  Run Bytes Received By Job
	0  -  Total Bytes Sent By Job
	465  -  Total Bytes Received By Job
	Partitionable Resources :    Usage  Request Allocated 
	   Cpus                 :     1.00        1         1 
	   Disk (KB)            :    21           1   4077838 
	   Memory (MB)          :    72           1      2000 

	Job terminated of its own accord at 2023-08-14T12:55:36Z with exit-code 0.
...
