000 (7172.000.000) 2023-08-14 12:12:43 Job submitted from host: <90.147.8.111:9618?addrs=90.147.8.111-9618&alias=ams&noUDP&sock=schedd_3306931_2f8d>
...
040 (7172.000.000) 2023-08-14 13:05:06 Started transferring input files
	Transferring to host: <192.168.100.3:9618?addrs=192.168.100.3-9618&alias=node03&noUDP&sock=slot12_56810_88bf_2340>
...
040 (7172.000.000) 2023-08-14 13:05:06 Finished transferring input files
...
001 (7172.000.000) 2023-08-14 13:05:07 Job executing on host: <192.168.100.3:9618?addrs=192.168.100.3-9618&alias=node03&noUDP&sock=startd_56773_2261>
	SlotName: slot12@node03
...
006 (7172.000.000) 2023-08-14 13:05:15 Image size of job updated: 69676
	68  -  MemoryUsage of job (MB)
	69244  -  ResidentSetSize of job (KB)
...
006 (7172.000.000) 2023-08-14 13:10:15 Image size of job updated: 463420
	68  -  MemoryUsage of job (MB)
	69416  -  ResidentSetSize of job (KB)
...
006 (7172.000.000) 2023-08-14 13:15:15 Image size of job updated: 463420
	69  -  MemoryUsage of job (MB)
	69836  -  ResidentSetSize of job (KB)
...
006 (7172.000.000) 2023-08-14 13:20:15 Image size of job updated: 463420
	70  -  MemoryUsage of job (MB)
	71388  -  ResidentSetSize of job (KB)
...
005 (7172.000.000) 2023-08-14 13:24:10 Job terminated.
	(1) Normal termination (return value 0)
		Usr 0 00:18:55, Sys 0 00:00:00  -  Run Remote Usage
		Usr 0 00:00:00, Sys 0 00:00:00  -  Run Local Usage
		Usr 0 00:18:55, Sys 0 00:00:00  -  Total Remote Usage
		Usr 0 00:00:00, Sys 0 00:00:00  -  Total Local Usage
	0  -  Run Bytes Sent By Job
	463  -  Run Bytes Received By Job
	0  -  Total Bytes Sent By Job
	463  -  Total Bytes Received By Job
	Partitionable Resources :    Usage  Request Allocated 
	   Cpus                 :     1.00        1         1 
	   Disk (KB)            :    21           1   4077838 
	   Memory (MB)          :    70           1      2000 

	Job terminated of its own accord at 2023-08-14T11:24:09Z with exit-code 0.
...
