000 (7177.000.000) 2023-08-14 12:12:43 Job submitted from host: <90.147.8.111:9618?addrs=90.147.8.111-9618&alias=ams&noUDP&sock=schedd_3306931_2f8d>
...
040 (7177.000.000) 2023-08-14 13:06:05 Started transferring input files
	Transferring to host: <192.168.100.3:9618?addrs=192.168.100.3-9618&alias=node03&noUDP&sock=slot6_56810_88bf_2341>
...
040 (7177.000.000) 2023-08-14 13:06:05 Finished transferring input files
...
001 (7177.000.000) 2023-08-14 13:06:06 Job executing on host: <192.168.100.3:9618?addrs=192.168.100.3-9618&alias=node03&noUDP&sock=startd_56773_2261>
	SlotName: slot6@node03
...
006 (7177.000.000) 2023-08-14 13:06:15 Image size of job updated: 460384
	68  -  MemoryUsage of job (MB)
	69076  -  ResidentSetSize of job (KB)
...
006 (7177.000.000) 2023-08-14 13:11:15 Image size of job updated: 463796
	69  -  MemoryUsage of job (MB)
	69768  -  ResidentSetSize of job (KB)
...
006 (7177.000.000) 2023-08-14 13:16:15 Image size of job updated: 463796
	69  -  MemoryUsage of job (MB)
	69800  -  ResidentSetSize of job (KB)
...
006 (7177.000.000) 2023-08-14 13:21:15 Image size of job updated: 463796
	69  -  MemoryUsage of job (MB)
	70216  -  ResidentSetSize of job (KB)
...
006 (7177.000.000) 2023-08-14 13:26:15 Image size of job updated: 463796
	71  -  MemoryUsage of job (MB)
	71824  -  ResidentSetSize of job (KB)
...
005 (7177.000.000) 2023-08-14 13:31:11 Job terminated.
	(1) Normal termination (return value 0)
		Usr 0 00:24:57, Sys 0 00:00:00  -  Run Remote Usage
		Usr 0 00:00:00, Sys 0 00:00:00  -  Run Local Usage
		Usr 0 00:24:57, Sys 0 00:00:00  -  Total Remote Usage
		Usr 0 00:00:00, Sys 0 00:00:00  -  Total Local Usage
	0  -  Run Bytes Sent By Job
	448  -  Run Bytes Received By Job
	0  -  Total Bytes Sent By Job
	448  -  Total Bytes Received By Job
	Partitionable Resources :    Usage  Request Allocated 
	   Cpus                 :     1.00        1         1 
	   Disk (KB)            :    21           1   4077838 
	   Memory (MB)          :    71           1      2000 

	Job terminated of its own accord at 2023-08-14T11:31:11Z with exit-code 0.
...
