000 (7206.000.000) 2023-08-14 12:12:45 Job submitted from host: <90.147.8.111:9618?addrs=90.147.8.111-9618&alias=ams&noUDP&sock=schedd_3306931_2f8d>
...
040 (7206.000.000) 2023-08-14 13:13:06 Started transferring input files
	Transferring to host: <192.168.100.3:9618?addrs=192.168.100.3-9618&alias=node03&noUDP&sock=slot17_56810_88bf_2356>
...
040 (7206.000.000) 2023-08-14 13:13:06 Finished transferring input files
...
001 (7206.000.000) 2023-08-14 13:13:07 Job executing on host: <192.168.100.3:9618?addrs=192.168.100.3-9618&alias=node03&noUDP&sock=startd_56773_2261>
	SlotName: slot17@node03
...
006 (7206.000.000) 2023-08-14 13:13:16 Image size of job updated: 69112
	68  -  MemoryUsage of job (MB)
	69112  -  ResidentSetSize of job (KB)
...
006 (7206.000.000) 2023-08-14 13:18:17 Image size of job updated: 463856
	69  -  MemoryUsage of job (MB)
	69772  -  ResidentSetSize of job (KB)
...
006 (7206.000.000) 2023-08-14 13:23:18 Image size of job updated: 463856
	69  -  MemoryUsage of job (MB)
	69824  -  ResidentSetSize of job (KB)
...
006 (7206.000.000) 2023-08-14 13:28:19 Image size of job updated: 463856
	69  -  MemoryUsage of job (MB)
	70160  -  ResidentSetSize of job (KB)
...
006 (7206.000.000) 2023-08-14 13:33:19 Image size of job updated: 463856
	69  -  MemoryUsage of job (MB)
	70320  -  ResidentSetSize of job (KB)
...
006 (7206.000.000) 2023-08-14 13:38:19 Image size of job updated: 463856
	69  -  MemoryUsage of job (MB)
	70572  -  ResidentSetSize of job (KB)
...
006 (7206.000.000) 2023-08-14 13:43:20 Image size of job updated: 463856
	70  -  MemoryUsage of job (MB)
	71044  -  ResidentSetSize of job (KB)
...
005 (7206.000.000) 2023-08-14 13:46:40 Job terminated.
	(1) Normal termination (return value 0)
		Usr 0 00:33:22, Sys 0 00:00:01  -  Run Remote Usage
		Usr 0 00:00:00, Sys 0 00:00:00  -  Run Local Usage
		Usr 0 00:33:22, Sys 0 00:00:01  -  Total Remote Usage
		Usr 0 00:00:00, Sys 0 00:00:00  -  Total Local Usage
	0  -  Run Bytes Sent By Job
	465  -  Run Bytes Received By Job
	0  -  Total Bytes Sent By Job
	465  -  Total Bytes Received By Job
	Partitionable Resources :    Usage  Request Allocated 
	   Cpus                 :     1.00        1         1 
	   Disk (KB)            :    21           1   4077838 
	   Memory (MB)          :    70           1      2000 

	Job terminated of its own accord at 2023-08-14T11:46:40Z with exit-code 0.
...
