000 (7230.000.000) 2023-08-14 12:12:47 Job submitted from host: <90.147.8.111:9618?addrs=90.147.8.111-9618&alias=ams&noUDP&sock=schedd_3306931_2f8d>
...
040 (7230.000.000) 2023-08-14 13:18:06 Started transferring input files
	Transferring to host: <192.168.100.3:9618?addrs=192.168.100.3-9618&alias=node03&noUDP&sock=slot46_56810_88bf_2369>
...
040 (7230.000.000) 2023-08-14 13:18:06 Finished transferring input files
...
001 (7230.000.000) 2023-08-14 13:18:07 Job executing on host: <192.168.100.3:9618?addrs=192.168.100.3-9618&alias=node03&noUDP&sock=startd_56773_2261>
	SlotName: slot46@node03
...
006 (7230.000.000) 2023-08-14 13:18:16 Image size of job updated: 465816
	70  -  MemoryUsage of job (MB)
	71608  -  ResidentSetSize of job (KB)
...
006 (7230.000.000) 2023-08-14 13:23:17 Image size of job updated: 465816
	71  -  MemoryUsage of job (MB)
	71712  -  ResidentSetSize of job (KB)
...
006 (7230.000.000) 2023-08-14 13:28:17 Image size of job updated: 465816
	71  -  MemoryUsage of job (MB)
	71760  -  ResidentSetSize of job (KB)
...
006 (7230.000.000) 2023-08-14 13:33:17 Image size of job updated: 465816
	72  -  MemoryUsage of job (MB)
	72724  -  ResidentSetSize of job (KB)
...
006 (7230.000.000) 2023-08-14 13:38:18 Image size of job updated: 465816
	72  -  MemoryUsage of job (MB)
	72892  -  ResidentSetSize of job (KB)
...
005 (7230.000.000) 2023-08-14 13:48:55 Job terminated.
	(1) Normal termination (return value 0)
		Usr 0 00:30:37, Sys 0 00:00:01  -  Run Remote Usage
		Usr 0 00:00:00, Sys 0 00:00:00  -  Run Local Usage
		Usr 0 00:30:37, Sys 0 00:00:01  -  Total Remote Usage
		Usr 0 00:00:00, Sys 0 00:00:00  -  Total Local Usage
	0  -  Run Bytes Sent By Job
	478  -  Run Bytes Received By Job
	0  -  Total Bytes Sent By Job
	478  -  Total Bytes Received By Job
	Partitionable Resources :    Usage  Request Allocated 
	   Cpus                 :     1.00        1         1 
	   Disk (KB)            :    21           1   4077838 
	   Memory (MB)          :    72           1      2000 

	Job terminated of its own accord at 2023-08-14T11:48:54Z with exit-code 0.
...
