000 (7435.000.000) 2023-08-14 12:12:56 Job submitted from host: <90.147.8.111:9618?addrs=90.147.8.111-9618&alias=ams&noUDP&sock=schedd_3306931_2f8d>
...
040 (7435.000.000) 2023-08-14 14:12:07 Started transferring input files
	Transferring to host: <192.168.100.101:9618?addrs=192.168.100.101-9618&alias=node02&noUDP&sock=slot3_102123_a452_2653>
...
040 (7435.000.000) 2023-08-14 14:12:07 Finished transferring input files
...
001 (7435.000.000) 2023-08-14 14:12:08 Job executing on host: <192.168.100.101:9618?addrs=192.168.100.101-9618&alias=node02&noUDP&sock=startd_102084_b624>
	SlotName: slot3@node02
	CondorScratchDir = "/home/spool/lib/condor/execute/dir_173607"
	Cpus = 1
	Disk = 1873362
	Memory = 2006
...
006 (7435.000.000) 2023-08-14 14:12:16 Image size of job updated: 92228
	71  -  MemoryUsage of job (MB)
	72068  -  ResidentSetSize of job (KB)
...
006 (7435.000.000) 2023-08-14 14:17:16 Image size of job updated: 100012
	98  -  MemoryUsage of job (MB)
	100008  -  ResidentSetSize of job (KB)
...
006 (7435.000.000) 2023-08-14 14:22:17 Image size of job updated: 133208
	131  -  MemoryUsage of job (MB)
	133204  -  ResidentSetSize of job (KB)
...
006 (7435.000.000) 2023-08-14 14:27:17 Image size of job updated: 171648
	168  -  MemoryUsage of job (MB)
	171648  -  ResidentSetSize of job (KB)
...
006 (7435.000.000) 2023-08-14 14:32:17 Image size of job updated: 204808
	200  -  MemoryUsage of job (MB)
	204744  -  ResidentSetSize of job (KB)
...
006 (7435.000.000) 2023-08-14 14:37:06 Image size of job updated: 239088
	200  -  MemoryUsage of job (MB)
	204744  -  ResidentSetSize of job (KB)
...
005 (7435.000.000) 2023-08-14 14:37:06 Job terminated.
	(1) Normal termination (return value 0)
		Usr 0 00:00:00, Sys 0 00:00:00  -  Run Remote Usage
		Usr 0 00:00:00, Sys 0 00:00:00  -  Run Local Usage
		Usr 0 00:00:00, Sys 0 00:00:00  -  Total Remote Usage
		Usr 0 00:00:00, Sys 0 00:00:00  -  Total Local Usage
	0  -  Run Bytes Sent By Job
	480  -  Run Bytes Received By Job
	0  -  Total Bytes Sent By Job
	480  -  Total Bytes Received By Job
	Partitionable Resources :    Usage  Request Allocated 
	   Cpus                 :     1.00        1         1 
	   Disk (KB)            :    21           1   1873362 
	   Memory (MB)          :   200           1      2006 

	Job terminated of its own accord at 2023-08-14T12:37:06Z with exit-code 0.
...
