000 (7225.000.000) 2023-08-14 12:12:47 Job submitted from host: <90.147.8.111:9618?addrs=90.147.8.111-9618&alias=ams&noUDP&sock=schedd_3306931_2f8d>
...
040 (7225.000.000) 2023-08-14 13:17:06 Started transferring input files
	Transferring to host: <192.168.100.3:9618?addrs=192.168.100.3-9618&alias=node03&noUDP&sock=slot41_56810_88bf_2365>
...
040 (7225.000.000) 2023-08-14 13:17:06 Finished transferring input files
...
001 (7225.000.000) 2023-08-14 13:17:07 Job executing on host: <192.168.100.3:9618?addrs=192.168.100.3-9618&alias=node03&noUDP&sock=startd_56773_2261>
	SlotName: slot41@node03
...
006 (7225.000.000) 2023-08-14 13:17:16 Image size of job updated: 71612
	70  -  MemoryUsage of job (MB)
	71612  -  ResidentSetSize of job (KB)
...
006 (7225.000.000) 2023-08-14 13:22:16 Image size of job updated: 465816
	71  -  MemoryUsage of job (MB)
	71720  -  ResidentSetSize of job (KB)
...
006 (7225.000.000) 2023-08-14 13:27:16 Image size of job updated: 465816
	71  -  MemoryUsage of job (MB)
	71776  -  ResidentSetSize of job (KB)
...
006 (7225.000.000) 2023-08-14 13:32:16 Image size of job updated: 465816
	71  -  MemoryUsage of job (MB)
	71920  -  ResidentSetSize of job (KB)
...
006 (7225.000.000) 2023-08-14 13:37:16 Image size of job updated: 465816
	71  -  MemoryUsage of job (MB)
	72156  -  ResidentSetSize of job (KB)
...
006 (7225.000.000) 2023-08-14 13:42:16 Image size of job updated: 465816
	71  -  MemoryUsage of job (MB)
	72320  -  ResidentSetSize of job (KB)
...
006 (7225.000.000) 2023-08-14 13:47:16 Image size of job updated: 465816
	71  -  MemoryUsage of job (MB)
	72528  -  ResidentSetSize of job (KB)
...
005 (7225.000.000) 2023-08-14 13:47:38 Job terminated.
	(1) Normal termination (return value 0)
		Usr 0 00:30:20, Sys 0 00:00:01  -  Run Remote Usage
		Usr 0 00:00:00, Sys 0 00:00:00  -  Run Local Usage
		Usr 0 00:30:20, Sys 0 00:00:01  -  Total Remote Usage
		Usr 0 00:00:00, Sys 0 00:00:00  -  Total Local Usage
	0  -  Run Bytes Sent By Job
	480  -  Run Bytes Received By Job
	0  -  Total Bytes Sent By Job
	480  -  Total Bytes Received By Job
	Partitionable Resources :    Usage  Request Allocated 
	   Cpus                 :     1.00        1         1 
	   Disk (KB)            :    21           1   4077838 
	   Memory (MB)          :    71           1      2000 

	Job terminated of its own accord at 2023-08-14T11:47:38Z with exit-code 0.
...
