000 (7263.000.000) 2023-08-14 12:12:48 Job submitted from host: <90.147.8.111:9618?addrs=90.147.8.111-9618&alias=ams&noUDP&sock=schedd_3306931_2f8d>
...
040 (7263.000.000) 2023-08-14 13:26:07 Started transferring input files
	Transferring to host: <192.168.100.3:9618?addrs=192.168.100.3-9618&alias=node03&noUDP&sock=slot22_56810_88bf_2382>
...
040 (7263.000.000) 2023-08-14 13:26:07 Finished transferring input files
...
001 (7263.000.000) 2023-08-14 13:26:08 Job executing on host: <192.168.100.3:9618?addrs=192.168.100.3-9618&alias=node03&noUDP&sock=startd_56773_2261>
	SlotName: slot22@node03
...
006 (7263.000.000) 2023-08-14 13:26:17 Image size of job updated: 465816
	70  -  MemoryUsage of job (MB)
	71616  -  ResidentSetSize of job (KB)
...
006 (7263.000.000) 2023-08-14 13:31:17 Image size of job updated: 465816
	71  -  MemoryUsage of job (MB)
	71736  -  ResidentSetSize of job (KB)
...
006 (7263.000.000) 2023-08-14 13:36:18 Image size of job updated: 465816
	71  -  MemoryUsage of job (MB)
	71776  -  ResidentSetSize of job (KB)
...
006 (7263.000.000) 2023-08-14 13:41:18 Image size of job updated: 465816
	71  -  MemoryUsage of job (MB)
	72548  -  ResidentSetSize of job (KB)
...
006 (7263.000.000) 2023-08-14 13:46:18 Image size of job updated: 465816
	72  -  MemoryUsage of job (MB)
	72780  -  ResidentSetSize of job (KB)
...
005 (7263.000.000) 2023-08-14 13:57:02 Job terminated.
	(1) Normal termination (return value 0)
		Usr 0 00:30:44, Sys 0 00:00:01  -  Run Remote Usage
		Usr 0 00:00:00, Sys 0 00:00:00  -  Run Local Usage
		Usr 0 00:30:44, Sys 0 00:00:01  -  Total Remote Usage
		Usr 0 00:00:00, Sys 0 00:00:00  -  Total Local Usage
	0  -  Run Bytes Sent By Job
	480  -  Run Bytes Received By Job
	0  -  Total Bytes Sent By Job
	480  -  Total Bytes Received By Job
	Partitionable Resources :    Usage  Request Allocated 
	   Cpus                 :     1.00        1         1 
	   Disk (KB)            :    21           1   4077838 
	   Memory (MB)          :    72           1      2000 

	Job terminated of its own accord at 2023-08-14T11:57:02Z with exit-code 0.
...
