000 (7226.000.000) 2023-08-14 12:12:47 Job submitted from host: <90.147.8.111:9618?addrs=90.147.8.111-9618&alias=ams&noUDP&sock=schedd_3306931_2f8d>
...
040 (7226.000.000) 2023-08-14 13:17:06 Started transferring input files
	Transferring to host: <192.168.100.101:9618?addrs=192.168.100.101-9618&alias=node02&noUDP&sock=slot9_102123_a452_2532>
...
040 (7226.000.000) 2023-08-14 13:17:06 Finished transferring input files
...
001 (7226.000.000) 2023-08-14 13:17:07 Job executing on host: <192.168.100.101:9618?addrs=192.168.100.101-9618&alias=node02&noUDP&sock=startd_102084_b624>
	SlotName: slot9@node02
	CondorScratchDir = "/home/spool/lib/condor/execute/dir_171700"
	Cpus = 1
	Disk = 1873362
	Memory = 2006
...
006 (7226.000.000) 2023-08-14 13:17:16 Image size of job updated: 77956
	68  -  MemoryUsage of job (MB)
	69584  -  ResidentSetSize of job (KB)
...
006 (7226.000.000) 2023-08-14 13:22:16 Image size of job updated: 86376
	85  -  MemoryUsage of job (MB)
	86252  -  ResidentSetSize of job (KB)
...
006 (7226.000.000) 2023-08-14 13:27:16 Image size of job updated: 101968
	100  -  MemoryUsage of job (MB)
	101968  -  ResidentSetSize of job (KB)
...
006 (7226.000.000) 2023-08-14 13:32:16 Image size of job updated: 123560
	121  -  MemoryUsage of job (MB)
	123500  -  ResidentSetSize of job (KB)
...
006 (7226.000.000) 2023-08-14 13:37:16 Image size of job updated: 144732
	142  -  MemoryUsage of job (MB)
	144608  -  ResidentSetSize of job (KB)
...
006 (7226.000.000) 2023-08-14 13:42:16 Image size of job updated: 163440
	160  -  MemoryUsage of job (MB)
	163440  -  ResidentSetSize of job (KB)
...
006 (7226.000.000) 2023-08-14 13:42:32 Image size of job updated: 165960
	160  -  MemoryUsage of job (MB)
	163440  -  ResidentSetSize of job (KB)
...
005 (7226.000.000) 2023-08-14 13:42:32 Job terminated.
	(1) Normal termination (return value 0)
		Usr 0 00:00:00, Sys 0 00:00:00  -  Run Remote Usage
		Usr 0 00:00:00, Sys 0 00:00:00  -  Run Local Usage
		Usr 0 00:00:00, Sys 0 00:00:00  -  Total Remote Usage
		Usr 0 00:00:00, Sys 0 00:00:00  -  Total Local Usage
	0  -  Run Bytes Sent By Job
	465  -  Run Bytes Received By Job
	0  -  Total Bytes Sent By Job
	465  -  Total Bytes Received By Job
	Partitionable Resources :    Usage  Request Allocated 
	   Cpus                 :     1.00        1         1 
	   Disk (KB)            :    21           1   1873362 
	   Memory (MB)          :   160           1      2006 

	Job terminated of its own accord at 2023-08-14T11:42:32Z with exit-code 0.
...
