000 (7296.000.000) 2023-08-14 12:12:50 Job submitted from host: <90.147.8.111:9618?addrs=90.147.8.111-9618&alias=ams&noUDP&sock=schedd_3306931_2f8d>
...
040 (7296.000.000) 2023-08-14 13:35:06 Started transferring input files
	Transferring to host: <192.168.100.3:9618?addrs=192.168.100.3-9618&alias=node03&noUDP&sock=slot23_56810_88bf_2394>
...
040 (7296.000.000) 2023-08-14 13:35:06 Finished transferring input files
...
001 (7296.000.000) 2023-08-14 13:35:07 Job executing on host: <192.168.100.3:9618?addrs=192.168.100.3-9618&alias=node03&noUDP&sock=startd_56773_2261>
	SlotName: slot23@node03
...
006 (7296.000.000) 2023-08-14 13:35:16 Image size of job updated: 466240
	70  -  MemoryUsage of job (MB)
	71236  -  ResidentSetSize of job (KB)
...
006 (7296.000.000) 2023-08-14 13:40:16 Image size of job updated: 466240
	71  -  MemoryUsage of job (MB)
	72160  -  ResidentSetSize of job (KB)
...
006 (7296.000.000) 2023-08-14 13:45:16 Image size of job updated: 466240
	71  -  MemoryUsage of job (MB)
	72220  -  ResidentSetSize of job (KB)
...
006 (7296.000.000) 2023-08-14 13:50:17 Image size of job updated: 466240
	71  -  MemoryUsage of job (MB)
	72252  -  ResidentSetSize of job (KB)
...
006 (7296.000.000) 2023-08-14 13:55:18 Image size of job updated: 466240
	72  -  MemoryUsage of job (MB)
	73236  -  ResidentSetSize of job (KB)
...
006 (7296.000.000) 2023-08-14 14:05:18 Image size of job updated: 466240
	72  -  MemoryUsage of job (MB)
	73372  -  ResidentSetSize of job (KB)
...
006 (7296.000.000) 2023-08-14 14:10:19 Image size of job updated: 466240
	72  -  MemoryUsage of job (MB)
	73692  -  ResidentSetSize of job (KB)
...
005 (7296.000.000) 2023-08-14 14:13:25 Job terminated.
	(1) Normal termination (return value 0)
		Usr 0 00:38:04, Sys 0 00:00:01  -  Run Remote Usage
		Usr 0 00:00:00, Sys 0 00:00:00  -  Run Local Usage
		Usr 0 00:38:04, Sys 0 00:00:01  -  Total Remote Usage
		Usr 0 00:00:00, Sys 0 00:00:00  -  Total Local Usage
	0  -  Run Bytes Sent By Job
	465  -  Run Bytes Received By Job
	0  -  Total Bytes Sent By Job
	465  -  Total Bytes Received By Job
	Partitionable Resources :    Usage  Request Allocated 
	   Cpus                 :     0.99        1         1 
	   Disk (KB)            :    21           1   4077838 
	   Memory (MB)          :    72           1      2000 

	Job terminated of its own accord at 2023-08-14T12:13:25Z with exit-code 0.
...
