000 (7239.000.000) 2023-08-14 12:12:47 Job submitted from host: <90.147.8.111:9618?addrs=90.147.8.111-9618&alias=ams&noUDP&sock=schedd_3306931_2f8d>
...
040 (7239.000.000) 2023-08-14 13:19:07 Started transferring input files
	Transferring to host: <192.168.100.101:9618?addrs=192.168.100.101-9618&alias=node02&noUDP&sock=slot20_102123_a452_2541>
...
040 (7239.000.000) 2023-08-14 13:19:07 Finished transferring input files
...
001 (7239.000.000) 2023-08-14 13:19:08 Job executing on host: <192.168.100.101:9618?addrs=192.168.100.101-9618&alias=node02&noUDP&sock=startd_102084_b624>
	SlotName: slot20@node02
	CondorScratchDir = "/home/spool/lib/condor/execute/dir_171784"
	Cpus = 1
	Disk = 1873362
	Memory = 2006
...
006 (7239.000.000) 2023-08-14 13:19:16 Image size of job updated: 91920
	70  -  MemoryUsage of job (MB)
	71344  -  ResidentSetSize of job (KB)
...
006 (7239.000.000) 2023-08-14 13:24:16 Image size of job updated: 91920
	90  -  MemoryUsage of job (MB)
	91800  -  ResidentSetSize of job (KB)
...
006 (7239.000.000) 2023-08-14 13:29:16 Image size of job updated: 110736
	109  -  MemoryUsage of job (MB)
	110680  -  ResidentSetSize of job (KB)
...
006 (7239.000.000) 2023-08-14 13:34:16 Image size of job updated: 132104
	130  -  MemoryUsage of job (MB)
	132104  -  ResidentSetSize of job (KB)
...
006 (7239.000.000) 2023-08-14 13:39:17 Image size of job updated: 157424
	154  -  MemoryUsage of job (MB)
	157236  -  ResidentSetSize of job (KB)
...
006 (7239.000.000) 2023-08-14 13:44:17 Image size of job updated: 185408
	182  -  MemoryUsage of job (MB)
	185348  -  ResidentSetSize of job (KB)
...
006 (7239.000.000) 2023-08-14 13:49:17 Image size of job updated: 211356
	207  -  MemoryUsage of job (MB)
	211168  -  ResidentSetSize of job (KB)
...
006 (7239.000.000) 2023-08-14 13:54:17 Image size of job updated: 235908
	231  -  MemoryUsage of job (MB)
	235720  -  ResidentSetSize of job (KB)
...
006 (7239.000.000) 2023-08-14 13:54:44 Image size of job updated: 239116
	231  -  MemoryUsage of job (MB)
	235720  -  ResidentSetSize of job (KB)
...
005 (7239.000.000) 2023-08-14 13:54:44 Job terminated.
	(1) Normal termination (return value 0)
		Usr 0 00:00:00, Sys 0 00:00:00  -  Run Remote Usage
		Usr 0 00:00:00, Sys 0 00:00:00  -  Run Local Usage
		Usr 0 00:00:00, Sys 0 00:00:00  -  Total Remote Usage
		Usr 0 00:00:00, Sys 0 00:00:00  -  Total Local Usage
	0  -  Run Bytes Sent By Job
	480  -  Run Bytes Received By Job
	0  -  Total Bytes Sent By Job
	480  -  Total Bytes Received By Job
	Partitionable Resources :    Usage  Request Allocated 
	   Cpus                 :     0.92        1         1 
	   Disk (KB)            :    21           1   1873362 
	   Memory (MB)          :   231           1      2006 

	Job terminated of its own accord at 2023-08-14T11:54:44Z with exit-code 0.
...
