000 (7342.000.000) 2023-08-14 12:12:52 Job submitted from host: <90.147.8.111:9618?addrs=90.147.8.111-9618&alias=ams&noUDP&sock=schedd_3306931_2f8d>
...
040 (7342.000.000) 2023-08-14 13:48:57 Started transferring input files
	Transferring to host: <192.168.100.101:9618?addrs=192.168.100.101-9618&alias=node02&noUDP&sock=slot32_102123_a452_2602>
...
040 (7342.000.000) 2023-08-14 13:48:57 Finished transferring input files
...
001 (7342.000.000) 2023-08-14 13:48:58 Job executing on host: <192.168.100.101:9618?addrs=192.168.100.101-9618&alias=node02&noUDP&sock=startd_102084_b624>
	SlotName: slot32@node02
	CondorScratchDir = "/home/spool/lib/condor/execute/dir_172787"
	Cpus = 1
	Disk = 1873362
	Memory = 2006
...
006 (7342.000.000) 2023-08-14 13:49:06 Image size of job updated: 77852
	69  -  MemoryUsage of job (MB)
	69852  -  ResidentSetSize of job (KB)
...
006 (7342.000.000) 2023-08-14 13:54:07 Image size of job updated: 98636
	97  -  MemoryUsage of job (MB)
	98352  -  ResidentSetSize of job (KB)
...
006 (7342.000.000) 2023-08-14 13:59:07 Image size of job updated: 126920
	124  -  MemoryUsage of job (MB)
	126884  -  ResidentSetSize of job (KB)
...
006 (7342.000.000) 2023-08-14 14:04:07 Image size of job updated: 158716
	155  -  MemoryUsage of job (MB)
	158716  -  ResidentSetSize of job (KB)
...
006 (7342.000.000) 2023-08-14 14:09:07 Image size of job updated: 189640
	186  -  MemoryUsage of job (MB)
	189516  -  ResidentSetSize of job (KB)
...
006 (7342.000.000) 2023-08-14 14:13:32 Image size of job updated: 220272
	186  -  MemoryUsage of job (MB)
	189516  -  ResidentSetSize of job (KB)
...
005 (7342.000.000) 2023-08-14 14:13:32 Job terminated.
	(1) Normal termination (return value 0)
		Usr 0 00:00:00, Sys 0 00:00:00  -  Run Remote Usage
		Usr 0 00:00:00, Sys 0 00:00:00  -  Run Local Usage
		Usr 0 00:00:00, Sys 0 00:00:00  -  Total Remote Usage
		Usr 0 00:00:00, Sys 0 00:00:00  -  Total Local Usage
	0  -  Run Bytes Sent By Job
	480  -  Run Bytes Received By Job
	0  -  Total Bytes Sent By Job
	480  -  Total Bytes Received By Job
	Partitionable Resources :    Usage  Request Allocated 
	   Cpus                 :     0.99        1         1 
	   Disk (KB)            :    22           1   1873362 
	   Memory (MB)          :   186           1      2006 

	Job terminated of its own accord at 2023-08-14T12:13:32Z with exit-code 0.
...
