000 (7389.000.000) 2023-08-14 12:12:54 Job submitted from host: <90.147.8.111:9618?addrs=90.147.8.111-9618&alias=ams&noUDP&sock=schedd_3306931_2f8d>
...
040 (7389.000.000) 2023-08-14 14:01:07 Started transferring input files
	Transferring to host: <192.168.100.101:9618?addrs=192.168.100.101-9618&alias=node02&noUDP&sock=slot15_102123_a452_2625>
...
040 (7389.000.000) 2023-08-14 14:01:07 Finished transferring input files
...
001 (7389.000.000) 2023-08-14 14:01:08 Job executing on host: <192.168.100.101:9618?addrs=192.168.100.101-9618&alias=node02&noUDP&sock=startd_102084_b624>
	SlotName: slot15@node02
	CondorScratchDir = "/home/spool/lib/condor/execute/dir_173213"
	Cpus = 1
	Disk = 1873362
	Memory = 2006
...
006 (7389.000.000) 2023-08-14 14:01:16 Image size of job updated: 92280
	70  -  MemoryUsage of job (MB)
	71420  -  ResidentSetSize of job (KB)
...
006 (7389.000.000) 2023-08-14 14:06:16 Image size of job updated: 96624
	95  -  MemoryUsage of job (MB)
	96588  -  ResidentSetSize of job (KB)
...
006 (7389.000.000) 2023-08-14 14:11:16 Image size of job updated: 123532
	121  -  MemoryUsage of job (MB)
	123496  -  ResidentSetSize of job (KB)
...
006 (7389.000.000) 2023-08-14 14:16:16 Image size of job updated: 159888
	157  -  MemoryUsage of job (MB)
	159812  -  ResidentSetSize of job (KB)
...
006 (7389.000.000) 2023-08-14 14:21:16 Image size of job updated: 197464
	193  -  MemoryUsage of job (MB)
	197296  -  ResidentSetSize of job (KB)
...
006 (7389.000.000) 2023-08-14 14:26:16 Image size of job updated: 235608
	231  -  MemoryUsage of job (MB)
	235608  -  ResidentSetSize of job (KB)
...
006 (7389.000.000) 2023-08-14 14:26:44 Image size of job updated: 239564
	231  -  MemoryUsage of job (MB)
	235608  -  ResidentSetSize of job (KB)
...
005 (7389.000.000) 2023-08-14 14:26:44 Job terminated.
	(1) Normal termination (return value 0)
		Usr 0 00:00:00, Sys 0 00:00:00  -  Run Remote Usage
		Usr 0 00:00:00, Sys 0 00:00:00  -  Run Local Usage
		Usr 0 00:00:00, Sys 0 00:00:00  -  Total Remote Usage
		Usr 0 00:00:00, Sys 0 00:00:00  -  Total Local Usage
	0  -  Run Bytes Sent By Job
	480  -  Run Bytes Received By Job
	0  -  Total Bytes Sent By Job
	480  -  Total Bytes Received By Job
	Partitionable Resources :    Usage  Request Allocated 
	   Cpus                 :     0.99        1         1 
	   Disk (KB)            :    21           1   1873362 
	   Memory (MB)          :   231           1      2006 

	Job terminated of its own accord at 2023-08-14T12:26:44Z with exit-code 0.
...
