000 (7187.000.000) 2023-08-14 12:12:44 Job submitted from host: <90.147.8.111:9618?addrs=90.147.8.111-9618&alias=ams&noUDP&sock=schedd_3306931_2f8d>
...
040 (7187.000.000) 2023-08-14 13:07:05 Started transferring input files
	Transferring to host: <192.168.100.3:9618?addrs=192.168.100.3-9618&alias=node03&noUDP&sock=slot39_56810_88bf_2348>
...
040 (7187.000.000) 2023-08-14 13:07:05 Finished transferring input files
...
001 (7187.000.000) 2023-08-14 13:07:06 Job executing on host: <192.168.100.3:9618?addrs=192.168.100.3-9618&alias=node03&noUDP&sock=startd_56773_2261>
	SlotName: slot39@node03
...
006 (7187.000.000) 2023-08-14 13:07:15 Image size of job updated: 71492
	70  -  MemoryUsage of job (MB)
	71492  -  ResidentSetSize of job (KB)
...
006 (7187.000.000) 2023-08-14 13:12:16 Image size of job updated: 466240
	71  -  MemoryUsage of job (MB)
	72164  -  ResidentSetSize of job (KB)
...
006 (7187.000.000) 2023-08-14 13:17:17 Image size of job updated: 466240
	71  -  MemoryUsage of job (MB)
	72192  -  ResidentSetSize of job (KB)
...
006 (7187.000.000) 2023-08-14 13:22:17 Image size of job updated: 466240
	71  -  MemoryUsage of job (MB)
	72256  -  ResidentSetSize of job (KB)
...
006 (7187.000.000) 2023-08-14 13:27:17 Image size of job updated: 466240
	72  -  MemoryUsage of job (MB)
	73196  -  ResidentSetSize of job (KB)
...
006 (7187.000.000) 2023-08-14 13:32:17 Image size of job updated: 466240
	72  -  MemoryUsage of job (MB)
	73364  -  ResidentSetSize of job (KB)
...
006 (7187.000.000) 2023-08-14 13:37:17 Image size of job updated: 466240
	72  -  MemoryUsage of job (MB)
	73712  -  ResidentSetSize of job (KB)
...
005 (7187.000.000) 2023-08-14 13:45:45 Job terminated.
	(1) Normal termination (return value 0)
		Usr 0 00:38:30, Sys 0 00:00:01  -  Run Remote Usage
		Usr 0 00:00:00, Sys 0 00:00:00  -  Run Local Usage
		Usr 0 00:38:30, Sys 0 00:00:01  -  Total Remote Usage
		Usr 0 00:00:00, Sys 0 00:00:00  -  Total Local Usage
	0  -  Run Bytes Sent By Job
	463  -  Run Bytes Received By Job
	0  -  Total Bytes Sent By Job
	463  -  Total Bytes Received By Job
	Partitionable Resources :    Usage  Request Allocated 
	   Cpus                 :     1.00        1         1 
	   Disk (KB)            :    21           1   4077838 
	   Memory (MB)          :    72           1      2000 

	Job terminated of its own accord at 2023-08-14T11:45:45Z with exit-code 0.
...
