000 (7452.000.000) 2023-08-14 12:12:57 Job submitted from host: <90.147.8.111:9618?addrs=90.147.8.111-9618&alias=ams&noUDP&sock=schedd_3306931_2f8d>
...
040 (7452.000.000) 2023-08-14 14:18:07 Started transferring input files
	Transferring to host: <192.168.100.3:9618?addrs=192.168.100.3-9618&alias=node03&noUDP&sock=slot31_56810_88bf_2462>
...
040 (7452.000.000) 2023-08-14 14:18:07 Finished transferring input files
...
001 (7452.000.000) 2023-08-14 14:18:08 Job executing on host: <192.168.100.3:9618?addrs=192.168.100.3-9618&alias=node03&noUDP&sock=startd_56773_2261>
	SlotName: slot31@node03
...
006 (7452.000.000) 2023-08-14 14:18:16 Image size of job updated: 466240
	70  -  MemoryUsage of job (MB)
	71252  -  ResidentSetSize of job (KB)
...
006 (7452.000.000) 2023-08-14 14:23:17 Image size of job updated: 466240
	71  -  MemoryUsage of job (MB)
	72176  -  ResidentSetSize of job (KB)
...
006 (7452.000.000) 2023-08-14 14:28:17 Image size of job updated: 466240
	71  -  MemoryUsage of job (MB)
	72196  -  ResidentSetSize of job (KB)
...
006 (7452.000.000) 2023-08-14 14:33:18 Image size of job updated: 466240
	71  -  MemoryUsage of job (MB)
	72240  -  ResidentSetSize of job (KB)
...
006 (7452.000.000) 2023-08-14 14:38:19 Image size of job updated: 466240
	72  -  MemoryUsage of job (MB)
	73152  -  ResidentSetSize of job (KB)
...
006 (7452.000.000) 2023-08-14 14:48:19 Image size of job updated: 466240
	72  -  MemoryUsage of job (MB)
	73300  -  ResidentSetSize of job (KB)
...
005 (7452.000.000) 2023-08-14 14:52:36 Job terminated.
	(1) Normal termination (return value 0)
		Usr 0 00:34:19, Sys 0 00:00:01  -  Run Remote Usage
		Usr 0 00:00:00, Sys 0 00:00:00  -  Run Local Usage
		Usr 0 00:34:19, Sys 0 00:00:01  -  Total Remote Usage
		Usr 0 00:00:00, Sys 0 00:00:00  -  Total Local Usage
	0  -  Run Bytes Sent By Job
	465  -  Run Bytes Received By Job
	0  -  Total Bytes Sent By Job
	465  -  Total Bytes Received By Job
	Partitionable Resources :    Usage  Request Allocated 
	   Cpus                 :     1.00        1         1 
	   Disk (KB)            :    21           1   4077838 
	   Memory (MB)          :    72           1      2000 

	Job terminated of its own accord at 2023-08-14T12:52:36Z with exit-code 0.
...
