000 (7178.000.000) 2023-08-14 12:12:43 Job submitted from host: <90.147.8.111:9618?addrs=90.147.8.111-9618&alias=ams&noUDP&sock=schedd_3306931_2f8d>
...
040 (7178.000.000) 2023-08-14 13:06:05 Started transferring input files
	Transferring to host: <192.168.100.3:9618?addrs=192.168.100.3-9618&alias=node03&noUDP&sock=slot20_56810_88bf_2342>
...
040 (7178.000.000) 2023-08-14 13:06:05 Finished transferring input files
...
001 (7178.000.000) 2023-08-14 13:06:06 Job executing on host: <192.168.100.3:9618?addrs=192.168.100.3-9618&alias=node03&noUDP&sock=startd_56773_2261>
	SlotName: slot20@node03
...
006 (7178.000.000) 2023-08-14 13:06:15 Image size of job updated: 463856
	68  -  MemoryUsage of job (MB)
	69148  -  ResidentSetSize of job (KB)
...
006 (7178.000.000) 2023-08-14 13:11:16 Image size of job updated: 463856
	69  -  MemoryUsage of job (MB)
	69784  -  ResidentSetSize of job (KB)
...
006 (7178.000.000) 2023-08-14 13:16:17 Image size of job updated: 463856
	69  -  MemoryUsage of job (MB)
	69832  -  ResidentSetSize of job (KB)
...
006 (7178.000.000) 2023-08-14 13:21:17 Image size of job updated: 463856
	70  -  MemoryUsage of job (MB)
	70672  -  ResidentSetSize of job (KB)
...
006 (7178.000.000) 2023-08-14 13:26:18 Image size of job updated: 463856
	70  -  MemoryUsage of job (MB)
	70880  -  ResidentSetSize of job (KB)
...
006 (7178.000.000) 2023-08-14 13:31:18 Image size of job updated: 463856
	70  -  MemoryUsage of job (MB)
	71076  -  ResidentSetSize of job (KB)
...
006 (7178.000.000) 2023-08-14 13:36:18 Image size of job updated: 463856
	70  -  MemoryUsage of job (MB)
	71296  -  ResidentSetSize of job (KB)
...
005 (7178.000.000) 2023-08-14 13:39:20 Job terminated.
	(1) Normal termination (return value 0)
		Usr 0 00:33:05, Sys 0 00:00:00  -  Run Remote Usage
		Usr 0 00:00:00, Sys 0 00:00:00  -  Run Local Usage
		Usr 0 00:33:05, Sys 0 00:00:00  -  Total Remote Usage
		Usr 0 00:00:00, Sys 0 00:00:00  -  Total Local Usage
	0  -  Run Bytes Sent By Job
	465  -  Run Bytes Received By Job
	0  -  Total Bytes Sent By Job
	465  -  Total Bytes Received By Job
	Partitionable Resources :    Usage  Request Allocated 
	   Cpus                 :     1.00        1         1 
	   Disk (KB)            :    21           1   4077838 
	   Memory (MB)          :    70           1      2000 

	Job terminated of its own accord at 2023-08-14T11:39:20Z with exit-code 0.
...
