000 (7526.000.000) 2023-08-14 12:13:00 Job submitted from host: <90.147.8.111:9618?addrs=90.147.8.111-9618&alias=ams&noUDP&sock=schedd_3306931_2f8d>
...
040 (7526.000.000) 2023-08-14 14:38:09 Started transferring input files
	Transferring to host: <192.168.100.3:9618?addrs=192.168.100.3-9618&alias=node03&noUDP&sock=slot1_56810_88bf_2494>
...
040 (7526.000.000) 2023-08-14 14:38:09 Finished transferring input files
...
001 (7526.000.000) 2023-08-14 14:38:10 Job executing on host: <192.168.100.3:9618?addrs=192.168.100.3-9618&alias=node03&noUDP&sock=startd_56773_2261>
	SlotName: slot1@node03
...
006 (7526.000.000) 2023-08-14 14:38:18 Image size of job updated: 113292
	70  -  MemoryUsage of job (MB)
	71612  -  ResidentSetSize of job (KB)
...
006 (7526.000.000) 2023-08-14 14:43:19 Image size of job updated: 465816
	71  -  MemoryUsage of job (MB)
	71744  -  ResidentSetSize of job (KB)
...
006 (7526.000.000) 2023-08-14 14:48:19 Image size of job updated: 465816
	71  -  MemoryUsage of job (MB)
	72692  -  ResidentSetSize of job (KB)
...
006 (7526.000.000) 2023-08-14 14:58:19 Image size of job updated: 465816
	73  -  MemoryUsage of job (MB)
	73956  -  ResidentSetSize of job (KB)
...
005 (7526.000.000) 2023-08-14 14:59:51 Job terminated.
	(1) Normal termination (return value 0)
		Usr 0 00:21:38, Sys 0 00:00:00  -  Run Remote Usage
		Usr 0 00:00:00, Sys 0 00:00:00  -  Run Local Usage
		Usr 0 00:21:38, Sys 0 00:00:00  -  Total Remote Usage
		Usr 0 00:00:00, Sys 0 00:00:00  -  Total Local Usage
	0  -  Run Bytes Sent By Job
	480  -  Run Bytes Received By Job
	0  -  Total Bytes Sent By Job
	480  -  Total Bytes Received By Job
	Partitionable Resources :    Usage  Request Allocated 
	   Cpus                 :     1.00        1         1 
	   Disk (KB)            :    21           1   4077838 
	   Memory (MB)          :    73           1      2000 

	Job terminated of its own accord at 2023-08-14T12:59:51Z with exit-code 0.
...
