000 (6966.000.000) 2023-08-14 12:12:33 Job submitted from host: <90.147.8.111:9618?addrs=90.147.8.111-9618&alias=ams&noUDP&sock=schedd_3306931_2f8d>
...
040 (6966.000.000) 2023-08-14 12:12:47 Started transferring input files
	Transferring to host: <192.168.100.3:9618?addrs=192.168.100.3-9618&alias=node03&noUDP&sock=slot38_56810_88bf_2272>
...
040 (6966.000.000) 2023-08-14 12:12:47 Finished transferring input files
...
001 (6966.000.000) 2023-08-14 12:12:49 Job executing on host: <192.168.100.3:9618?addrs=192.168.100.3-9618&alias=node03&noUDP&sock=startd_56773_2261>
	SlotName: slot38@node03
...
006 (6966.000.000) 2023-08-14 12:12:59 Image size of job updated: 463856
	68  -  MemoryUsage of job (MB)
	69320  -  ResidentSetSize of job (KB)
...
006 (6966.000.000) 2023-08-14 12:17:59 Image size of job updated: 463856
	69  -  MemoryUsage of job (MB)
	69756  -  ResidentSetSize of job (KB)
...
006 (6966.000.000) 2023-08-14 12:22:59 Image size of job updated: 463856
	69  -  MemoryUsage of job (MB)
	69832  -  ResidentSetSize of job (KB)
...
006 (6966.000.000) 2023-08-14 12:27:59 Image size of job updated: 463856
	69  -  MemoryUsage of job (MB)
	69960  -  ResidentSetSize of job (KB)
...
006 (6966.000.000) 2023-08-14 12:32:59 Image size of job updated: 463856
	69  -  MemoryUsage of job (MB)
	70044  -  ResidentSetSize of job (KB)
...
006 (6966.000.000) 2023-08-14 12:37:59 Image size of job updated: 463856
	70  -  MemoryUsage of job (MB)
	70992  -  ResidentSetSize of job (KB)
...
006 (6966.000.000) 2023-08-14 12:42:59 Image size of job updated: 463856
	70  -  MemoryUsage of job (MB)
	71080  -  ResidentSetSize of job (KB)
...
005 (6966.000.000) 2023-08-14 12:46:19 Job terminated.
	(1) Normal termination (return value 0)
		Usr 0 00:33:04, Sys 0 00:00:08  -  Run Remote Usage
		Usr 0 00:00:00, Sys 0 00:00:00  -  Run Local Usage
		Usr 0 00:33:04, Sys 0 00:00:08  -  Total Remote Usage
		Usr 0 00:00:00, Sys 0 00:00:00  -  Total Local Usage
	0  -  Run Bytes Sent By Job
	465  -  Run Bytes Received By Job
	0  -  Total Bytes Sent By Job
	465  -  Total Bytes Received By Job
	Partitionable Resources :    Usage  Request Allocated 
	   Cpus                 :     0.99        1         1 
	   Disk (KB)            :    21           1   4077838 
	   Memory (MB)          :    70           1      2000 

	Job terminated of its own accord at 2023-08-14T10:46:19Z with exit-code 0.
...
