000 (6959.000.000) 2023-08-14 12:12:33 Job submitted from host: <90.147.8.111:9618?addrs=90.147.8.111-9618&alias=ams&noUDP&sock=schedd_3306931_2f8d>
...
040 (6959.000.000) 2023-08-14 12:12:47 Started transferring input files
	Transferring to host: <192.168.100.3:9618?addrs=192.168.100.3-9618&alias=node03&noUDP&sock=slot31_56810_88bf_2265>
...
040 (6959.000.000) 2023-08-14 12:12:47 Finished transferring input files
...
001 (6959.000.000) 2023-08-14 12:12:49 Job executing on host: <192.168.100.3:9618?addrs=192.168.100.3-9618&alias=node03&noUDP&sock=startd_56773_2261>
	SlotName: slot31@node03
...
006 (6959.000.000) 2023-08-14 12:12:59 Image size of job updated: 457816
	60  -  MemoryUsage of job (MB)
	60884  -  ResidentSetSize of job (KB)
...
006 (6959.000.000) 2023-08-14 12:17:59 Image size of job updated: 463436
	68  -  MemoryUsage of job (MB)
	69344  -  ResidentSetSize of job (KB)
...
006 (6959.000.000) 2023-08-14 12:23:00 Image size of job updated: 463436
	68  -  MemoryUsage of job (MB)
	69412  -  ResidentSetSize of job (KB)
...
006 (6959.000.000) 2023-08-14 12:28:00 Image size of job updated: 463436
	68  -  MemoryUsage of job (MB)
	69564  -  ResidentSetSize of job (KB)
...
006 (6959.000.000) 2023-08-14 12:33:00 Image size of job updated: 463436
	69  -  MemoryUsage of job (MB)
	69648  -  ResidentSetSize of job (KB)
...
006 (6959.000.000) 2023-08-14 12:38:00 Image size of job updated: 463436
	69  -  MemoryUsage of job (MB)
	69884  -  ResidentSetSize of job (KB)
...
005 (6959.000.000) 2023-08-14 12:40:05 Job terminated.
	(1) Normal termination (return value 0)
		Usr 0 00:26:49, Sys 0 00:00:06  -  Run Remote Usage
		Usr 0 00:00:00, Sys 0 00:00:00  -  Run Local Usage
		Usr 0 00:26:49, Sys 0 00:00:06  -  Total Remote Usage
		Usr 0 00:00:00, Sys 0 00:00:00  -  Total Local Usage
	0  -  Run Bytes Sent By Job
	480  -  Run Bytes Received By Job
	0  -  Total Bytes Sent By Job
	480  -  Total Bytes Received By Job
	Partitionable Resources :    Usage  Request Allocated 
	   Cpus                 :     0.99        1         1 
	   Disk (KB)            :    21           1   4077838 
	   Memory (MB)          :    69           1      2000 

	Job terminated of its own accord at 2023-08-14T10:40:05Z with exit-code 0.
...
