000 (7339.000.000) 2023-08-14 12:12:52 Job submitted from host: <90.147.8.111:9618?addrs=90.147.8.111-9618&alias=ams&noUDP&sock=schedd_3306931_2f8d>
...
040 (7339.000.000) 2023-08-14 13:48:06 Started transferring input files
	Transferring to host: <192.168.100.3:9618?addrs=192.168.100.3-9618&alias=node03&noUDP&sock=slot41_56810_88bf_2411>
...
040 (7339.000.000) 2023-08-14 13:48:06 Finished transferring input files
...
001 (7339.000.000) 2023-08-14 13:48:07 Job executing on host: <192.168.100.3:9618?addrs=192.168.100.3-9618&alias=node03&noUDP&sock=startd_56773_2261>
	SlotName: slot41@node03
...
006 (7339.000.000) 2023-08-14 13:48:16 Image size of job updated: 69256
	68  -  MemoryUsage of job (MB)
	69256  -  ResidentSetSize of job (KB)
...
006 (7339.000.000) 2023-08-14 13:53:17 Image size of job updated: 463436
	68  -  MemoryUsage of job (MB)
	69388  -  ResidentSetSize of job (KB)
...
006 (7339.000.000) 2023-08-14 13:58:18 Image size of job updated: 463436
	68  -  MemoryUsage of job (MB)
	69420  -  ResidentSetSize of job (KB)
...
006 (7339.000.000) 2023-08-14 14:03:19 Image size of job updated: 463436
	68  -  MemoryUsage of job (MB)
	69552  -  ResidentSetSize of job (KB)
...
006 (7339.000.000) 2023-08-14 14:08:19 Image size of job updated: 463436
	69  -  MemoryUsage of job (MB)
	70128  -  ResidentSetSize of job (KB)
...
006 (7339.000.000) 2023-08-14 14:13:19 Image size of job updated: 463436
	69  -  MemoryUsage of job (MB)
	70252  -  ResidentSetSize of job (KB)
...
005 (7339.000.000) 2023-08-14 14:15:03 Job terminated.
	(1) Normal termination (return value 0)
		Usr 0 00:26:45, Sys 0 00:00:01  -  Run Remote Usage
		Usr 0 00:00:00, Sys 0 00:00:00  -  Run Local Usage
		Usr 0 00:26:45, Sys 0 00:00:01  -  Total Remote Usage
		Usr 0 00:00:00, Sys 0 00:00:00  -  Total Local Usage
	0  -  Run Bytes Sent By Job
	480  -  Run Bytes Received By Job
	0  -  Total Bytes Sent By Job
	480  -  Total Bytes Received By Job
	Partitionable Resources :    Usage  Request Allocated 
	   Cpus                 :     0.99        1         1 
	   Disk (KB)            :    21           1   4077838 
	   Memory (MB)          :    69           1      2000 

	Job terminated of its own accord at 2023-08-14T12:15:03Z with exit-code 0.
...
