000 (7458.000.000) 2023-08-14 12:12:57 Job submitted from host: <90.147.8.111:9618?addrs=90.147.8.111-9618&alias=ams&noUDP&sock=schedd_3306931_2f8d>
...
040 (7458.000.000) 2023-08-14 14:20:07 Started transferring input files
	Transferring to host: <192.168.100.3:9618?addrs=192.168.100.3-9618&alias=node03&noUDP&sock=slot39_56810_88bf_2464>
...
040 (7458.000.000) 2023-08-14 14:20:07 Finished transferring input files
...
001 (7458.000.000) 2023-08-14 14:20:08 Job executing on host: <192.168.100.3:9618?addrs=192.168.100.3-9618&alias=node03&noUDP&sock=startd_56773_2261>
	SlotName: slot39@node03
...
006 (7458.000.000) 2023-08-14 14:20:17 Image size of job updated: 463796
	68  -  MemoryUsage of job (MB)
	68860  -  ResidentSetSize of job (KB)
...
006 (7458.000.000) 2023-08-14 14:25:17 Image size of job updated: 463796
	69  -  MemoryUsage of job (MB)
	69772  -  ResidentSetSize of job (KB)
...
006 (7458.000.000) 2023-08-14 14:30:17 Image size of job updated: 463796
	69  -  MemoryUsage of job (MB)
	69796  -  ResidentSetSize of job (KB)
...
006 (7458.000.000) 2023-08-14 14:35:18 Image size of job updated: 463796
	69  -  MemoryUsage of job (MB)
	70236  -  ResidentSetSize of job (KB)
...
006 (7458.000.000) 2023-08-14 14:40:18 Image size of job updated: 463796
	71  -  MemoryUsage of job (MB)
	71896  -  ResidentSetSize of job (KB)
...
005 (7458.000.000) 2023-08-14 14:44:37 Job terminated.
	(1) Normal termination (return value 0)
		Usr 0 00:24:21, Sys 0 00:00:00  -  Run Remote Usage
		Usr 0 00:00:00, Sys 0 00:00:00  -  Run Local Usage
		Usr 0 00:24:21, Sys 0 00:00:00  -  Total Remote Usage
		Usr 0 00:00:00, Sys 0 00:00:00  -  Total Local Usage
	0  -  Run Bytes Sent By Job
	448  -  Run Bytes Received By Job
	0  -  Total Bytes Sent By Job
	448  -  Total Bytes Received By Job
	Partitionable Resources :    Usage  Request Allocated 
	   Cpus                 :     1.00        1         1 
	   Disk (KB)            :    21           1   4077838 
	   Memory (MB)          :    71           1      2000 

	Job terminated of its own accord at 2023-08-14T12:44:37Z with exit-code 0.
...
