000 (7171.000.000) 2023-08-14 12:12:43 Job submitted from host: <90.147.8.111:9618?addrs=90.147.8.111-9618&alias=ams&noUDP&sock=schedd_3306931_2f8d>
...
040 (7171.000.000) 2023-08-14 13:04:05 Started transferring input files
	Transferring to host: <192.168.100.101:9618?addrs=192.168.100.101-9618&alias=node02&noUDP&sock=slot44_102123_a452_2503>
...
040 (7171.000.000) 2023-08-14 13:04:05 Finished transferring input files
...
001 (7171.000.000) 2023-08-14 13:04:06 Job executing on host: <192.168.100.101:9618?addrs=192.168.100.101-9618&alias=node02&noUDP&sock=startd_102084_b624>
	SlotName: slot44@node02
	CondorScratchDir = "/home/spool/lib/condor/execute/dir_171184"
	Cpus = 1
	Disk = 1873362
	Memory = 2006
...
006 (7171.000.000) 2023-08-14 13:04:15 Image size of job updated: 75480
	68  -  MemoryUsage of job (MB)
	69456  -  ResidentSetSize of job (KB)
...
006 (7171.000.000) 2023-08-14 13:09:15 Image size of job updated: 86732
	85  -  MemoryUsage of job (MB)
	86712  -  ResidentSetSize of job (KB)
...
006 (7171.000.000) 2023-08-14 13:14:15 Image size of job updated: 106088
	104  -  MemoryUsage of job (MB)
	105988  -  ResidentSetSize of job (KB)
...
006 (7171.000.000) 2023-08-14 13:19:15 Image size of job updated: 127904
	125  -  MemoryUsage of job (MB)
	127904  -  ResidentSetSize of job (KB)
...
006 (7171.000.000) 2023-08-14 13:21:53 Image size of job updated: 141224
	125  -  MemoryUsage of job (MB)
	127904  -  ResidentSetSize of job (KB)
...
005 (7171.000.000) 2023-08-14 13:21:53 Job terminated.
	(1) Normal termination (return value 0)
		Usr 0 00:00:00, Sys 0 00:00:00  -  Run Remote Usage
		Usr 0 00:00:00, Sys 0 00:00:00  -  Run Local Usage
		Usr 0 00:00:00, Sys 0 00:00:00  -  Total Remote Usage
		Usr 0 00:00:00, Sys 0 00:00:00  -  Total Local Usage
	0  -  Run Bytes Sent By Job
	448  -  Run Bytes Received By Job
	0  -  Total Bytes Sent By Job
	448  -  Total Bytes Received By Job
	Partitionable Resources :    Usage  Request Allocated 
	   Cpus                 :     1.00        1         1 
	   Disk (KB)            :    21           1   1873362 
	   Memory (MB)          :   125           1      2006 

	Job terminated of its own accord at 2023-08-14T11:21:53Z with exit-code 0.
...
