000 (7306.000.000) 2023-08-14 12:12:50 Job submitted from host: <90.147.8.111:9618?addrs=90.147.8.111-9618&alias=ams&noUDP&sock=schedd_3306931_2f8d>
...
040 (7306.000.000) 2023-08-14 13:39:06 Started transferring input files
	Transferring to host: <192.168.100.101:9618?addrs=192.168.100.101-9618&alias=node02&noUDP&sock=slot47_102123_a452_2579>
...
040 (7306.000.000) 2023-08-14 13:39:06 Finished transferring input files
...
001 (7306.000.000) 2023-08-14 13:39:07 Job executing on host: <192.168.100.101:9618?addrs=192.168.100.101-9618&alias=node02&noUDP&sock=startd_102084_b624>
	SlotName: slot47@node02
	CondorScratchDir = "/home/spool/lib/condor/execute/dir_172430"
	Cpus = 1
	Disk = 1873362
	Memory = 2006
...
006 (7306.000.000) 2023-08-14 13:39:16 Image size of job updated: 75180
	69  -  MemoryUsage of job (MB)
	69936  -  ResidentSetSize of job (KB)
...
006 (7306.000.000) 2023-08-14 13:44:16 Image size of job updated: 102252
	100  -  MemoryUsage of job (MB)
	102252  -  ResidentSetSize of job (KB)
...
006 (7306.000.000) 2023-08-14 13:49:16 Image size of job updated: 142172
	139  -  MemoryUsage of job (MB)
	141924  -  ResidentSetSize of job (KB)
...
006 (7306.000.000) 2023-08-14 13:54:16 Image size of job updated: 178144
	174  -  MemoryUsage of job (MB)
	178084  -  ResidentSetSize of job (KB)
...
006 (7306.000.000) 2023-08-14 13:54:38 Image size of job updated: 181232
	174  -  MemoryUsage of job (MB)
	178084  -  ResidentSetSize of job (KB)
...
005 (7306.000.000) 2023-08-14 13:54:38 Job terminated.
	(1) Normal termination (return value 0)
		Usr 0 00:00:00, Sys 0 00:00:00  -  Run Remote Usage
		Usr 0 00:00:00, Sys 0 00:00:00  -  Run Local Usage
		Usr 0 00:00:00, Sys 0 00:00:00  -  Total Remote Usage
		Usr 0 00:00:00, Sys 0 00:00:00  -  Total Local Usage
	0  -  Run Bytes Sent By Job
	461  -  Run Bytes Received By Job
	0  -  Total Bytes Sent By Job
	461  -  Total Bytes Received By Job
	Partitionable Resources :    Usage  Request Allocated 
	   Cpus                 :     1.00        1         1 
	   Disk (KB)            :    21           1   1873362 
	   Memory (MB)          :   174           1      2006 

	Job terminated of its own accord at 2023-08-14T11:54:38Z with exit-code 0.
...
