000 (7168.000.000) 2023-08-14 12:12:43 Job submitted from host: <90.147.8.111:9618?addrs=90.147.8.111-9618&alias=ams&noUDP&sock=schedd_3306931_2f8d>
...
040 (7168.000.000) 2023-08-14 13:03:21 Started transferring input files
	Transferring to host: <192.168.100.3:9618?addrs=192.168.100.3-9618&alias=node03&noUDP&sock=slot34_56810_88bf_2337>
...
040 (7168.000.000) 2023-08-14 13:03:21 Finished transferring input files
...
001 (7168.000.000) 2023-08-14 13:03:22 Job executing on host: <192.168.100.3:9618?addrs=192.168.100.3-9618&alias=node03&noUDP&sock=startd_56773_2261>
	SlotName: slot34@node03
...
006 (7168.000.000) 2023-08-14 13:03:31 Image size of job updated: 429520
	68  -  MemoryUsage of job (MB)
	69160  -  ResidentSetSize of job (KB)
...
006 (7168.000.000) 2023-08-14 13:08:32 Image size of job updated: 463856
	69  -  MemoryUsage of job (MB)
	69764  -  ResidentSetSize of job (KB)
...
006 (7168.000.000) 2023-08-14 13:13:32 Image size of job updated: 463856
	69  -  MemoryUsage of job (MB)
	69800  -  ResidentSetSize of job (KB)
...
006 (7168.000.000) 2023-08-14 13:18:33 Image size of job updated: 463856
	70  -  MemoryUsage of job (MB)
	70680  -  ResidentSetSize of job (KB)
...
006 (7168.000.000) 2023-08-14 13:23:33 Image size of job updated: 463856
	70  -  MemoryUsage of job (MB)
	70904  -  ResidentSetSize of job (KB)
...
006 (7168.000.000) 2023-08-14 13:28:33 Image size of job updated: 463856
	70  -  MemoryUsage of job (MB)
	71100  -  ResidentSetSize of job (KB)
...
006 (7168.000.000) 2023-08-14 13:33:33 Image size of job updated: 463856
	70  -  MemoryUsage of job (MB)
	71296  -  ResidentSetSize of job (KB)
...
005 (7168.000.000) 2023-08-14 13:36:31 Job terminated.
	(1) Normal termination (return value 0)
		Usr 0 00:32:57, Sys 0 00:00:01  -  Run Remote Usage
		Usr 0 00:00:00, Sys 0 00:00:00  -  Run Local Usage
		Usr 0 00:32:57, Sys 0 00:00:01  -  Total Remote Usage
		Usr 0 00:00:00, Sys 0 00:00:00  -  Total Local Usage
	0  -  Run Bytes Sent By Job
	465  -  Run Bytes Received By Job
	0  -  Total Bytes Sent By Job
	465  -  Total Bytes Received By Job
	Partitionable Resources :    Usage  Request Allocated 
	   Cpus                 :     1.00        1         1 
	   Disk (KB)            :    22           1   4077838 
	   Memory (MB)          :    70           1      2000 

	Job terminated of its own accord at 2023-08-14T11:36:31Z with exit-code 0.
...
