000 (6977.000.000) 2023-08-14 12:12:34 Job submitted from host: <90.147.8.111:9618?addrs=90.147.8.111-9618&alias=ams&noUDP&sock=schedd_3306931_2f8d>
...
040 (6977.000.000) 2023-08-14 12:12:46 Started transferring input files
	Transferring to host: <192.168.100.101:9618?addrs=192.168.100.101-9618&alias=node02&noUDP&sock=slot1_102123_a452_2365>
...
040 (6977.000.000) 2023-08-14 12:12:46 Finished transferring input files
...
001 (6977.000.000) 2023-08-14 12:12:50 Job executing on host: <192.168.100.101:9618?addrs=192.168.100.101-9618&alias=node02&noUDP&sock=startd_102084_b624>
	SlotName: slot1@node02
	CondorScratchDir = "/home/spool/lib/condor/execute/dir_166584"
	Cpus = 1
	Disk = 1873362
	Memory = 2006
...
006 (6977.000.000) 2023-08-14 12:12:59 Image size of job updated: 78096
	68  -  MemoryUsage of job (MB)
	68944  -  ResidentSetSize of job (KB)
...
006 (6977.000.000) 2023-08-14 12:18:00 Image size of job updated: 81640
	80  -  MemoryUsage of job (MB)
	81516  -  ResidentSetSize of job (KB)
...
006 (6977.000.000) 2023-08-14 12:23:01 Image size of job updated: 92592
	91  -  MemoryUsage of job (MB)
	92592  -  ResidentSetSize of job (KB)
...
006 (6977.000.000) 2023-08-14 12:28:01 Image size of job updated: 103944
	102  -  MemoryUsage of job (MB)
	103944  -  ResidentSetSize of job (KB)
...
006 (6977.000.000) 2023-08-14 12:33:01 Image size of job updated: 119480
	117  -  MemoryUsage of job (MB)
	119480  -  ResidentSetSize of job (KB)
...
006 (6977.000.000) 2023-08-14 12:38:01 Image size of job updated: 135252
	133  -  MemoryUsage of job (MB)
	135252  -  ResidentSetSize of job (KB)
...
006 (6977.000.000) 2023-08-14 12:43:01 Image size of job updated: 149572
	147  -  MemoryUsage of job (MB)
	149568  -  ResidentSetSize of job (KB)
...
006 (6977.000.000) 2023-08-14 12:47:58 Image size of job updated: 166924
	147  -  MemoryUsage of job (MB)
	149568  -  ResidentSetSize of job (KB)
...
005 (6977.000.000) 2023-08-14 12:47:58 Job terminated.
	(1) Normal termination (return value 0)
		Usr 0 00:00:00, Sys 0 00:00:00  -  Run Remote Usage
		Usr 0 00:00:00, Sys 0 00:00:00  -  Run Local Usage
		Usr 0 00:00:00, Sys 0 00:00:00  -  Total Remote Usage
		Usr 0 00:00:00, Sys 0 00:00:00  -  Total Local Usage
	0  -  Run Bytes Sent By Job
	463  -  Run Bytes Received By Job
	0  -  Total Bytes Sent By Job
	463  -  Total Bytes Received By Job
	Partitionable Resources :    Usage  Request Allocated 
	   Cpus                 :     1.00        1         1 
	   Disk (KB)            :    21           1   1873362 
	   Memory (MB)          :   147           1      2006 

	Job terminated of its own accord at 2023-08-14T10:47:58Z with exit-code 0.
...
