000 (7525.000.000) 2023-08-14 12:13:00 Job submitted from host: <90.147.8.111:9618?addrs=90.147.8.111-9618&alias=ams&noUDP&sock=schedd_3306931_2f8d>
...
040 (7525.000.000) 2023-08-14 14:37:09 Started transferring input files
	Transferring to host: <192.168.100.101:9618?addrs=192.168.100.101-9618&alias=node02&noUDP&sock=slot16_102123_a452_2701>
...
040 (7525.000.000) 2023-08-14 14:37:09 Finished transferring input files
...
001 (7525.000.000) 2023-08-14 14:37:10 Job executing on host: <192.168.100.101:9618?addrs=192.168.100.101-9618&alias=node02&noUDP&sock=startd_102084_b624>
	SlotName: slot16@node02
	CondorScratchDir = "/home/spool/lib/condor/execute/dir_174404"
	Cpus = 1
	Disk = 1873362
	Memory = 2006
...
006 (7525.000.000) 2023-08-14 14:37:18 Image size of job updated: 77836
	68  -  MemoryUsage of job (MB)
	69488  -  ResidentSetSize of job (KB)
...
006 (7525.000.000) 2023-08-14 14:42:18 Image size of job updated: 86344
	85  -  MemoryUsage of job (MB)
	86220  -  ResidentSetSize of job (KB)
...
006 (7525.000.000) 2023-08-14 14:47:18 Image size of job updated: 105476
	104  -  MemoryUsage of job (MB)
	105476  -  ResidentSetSize of job (KB)
...
006 (7525.000.000) 2023-08-14 14:52:18 Image size of job updated: 132764
	130  -  MemoryUsage of job (MB)
	132760  -  ResidentSetSize of job (KB)
...
006 (7525.000.000) 2023-08-14 14:57:18 Image size of job updated: 159908
	157  -  MemoryUsage of job (MB)
	159904  -  ResidentSetSize of job (KB)
...
006 (7525.000.000) 2023-08-14 14:58:09 Image size of job updated: 166120
	157  -  MemoryUsage of job (MB)
	159904  -  ResidentSetSize of job (KB)
...
005 (7525.000.000) 2023-08-14 14:58:09 Job terminated.
	(1) Normal termination (return value 0)
		Usr 0 00:00:00, Sys 0 00:00:00  -  Run Remote Usage
		Usr 0 00:00:00, Sys 0 00:00:00  -  Run Local Usage
		Usr 0 00:00:00, Sys 0 00:00:00  -  Total Remote Usage
		Usr 0 00:00:00, Sys 0 00:00:00  -  Total Local Usage
	0  -  Run Bytes Sent By Job
	465  -  Run Bytes Received By Job
	0  -  Total Bytes Sent By Job
	465  -  Total Bytes Received By Job
	Partitionable Resources :    Usage  Request Allocated 
	   Cpus                 :     1.00        1         1 
	   Disk (KB)            :    21           1   1873362 
	   Memory (MB)          :   157           1      2006 

	Job terminated of its own accord at 2023-08-14T12:58:09Z with exit-code 0.
...
