000 (7151.000.000) 2023-08-14 12:12:42 Job submitted from host: <90.147.8.111:9618?addrs=90.147.8.111-9618&alias=ams&noUDP&sock=schedd_3306931_2f8d>
...
040 (7151.000.000) 2023-08-14 12:54:05 Started transferring input files
	Transferring to host: <192.168.100.101:9618?addrs=192.168.100.101-9618&alias=node02&noUDP&sock=slot2_102123_a452_2490>
...
040 (7151.000.000) 2023-08-14 12:54:06 Finished transferring input files
...
001 (7151.000.000) 2023-08-14 12:54:07 Job executing on host: <192.168.100.101:9618?addrs=192.168.100.101-9618&alias=node02&noUDP&sock=startd_102084_b624>
	SlotName: slot2@node02
	CondorScratchDir = "/home/spool/lib/condor/execute/dir_170870"
	Cpus = 1
	Disk = 1873362
	Memory = 2006
...
006 (7151.000.000) 2023-08-14 12:54:15 Image size of job updated: 77504
	68  -  MemoryUsage of job (MB)
	69252  -  ResidentSetSize of job (KB)
...
006 (7151.000.000) 2023-08-14 12:59:16 Image size of job updated: 86224
	85  -  MemoryUsage of job (MB)
	86224  -  ResidentSetSize of job (KB)
...
006 (7151.000.000) 2023-08-14 13:04:16 Image size of job updated: 103328
	101  -  MemoryUsage of job (MB)
	103324  -  ResidentSetSize of job (KB)
...
006 (7151.000.000) 2023-08-14 13:09:17 Image size of job updated: 127296
	125  -  MemoryUsage of job (MB)
	127296  -  ResidentSetSize of job (KB)
...
006 (7151.000.000) 2023-08-14 13:14:17 Image size of job updated: 148800
	146  -  MemoryUsage of job (MB)
	148552  -  ResidentSetSize of job (KB)
...
006 (7151.000.000) 2023-08-14 13:17:54 Image size of job updated: 165316
	146  -  MemoryUsage of job (MB)
	148552  -  ResidentSetSize of job (KB)
...
005 (7151.000.000) 2023-08-14 13:17:54 Job terminated.
	(1) Normal termination (return value 0)
		Usr 0 00:00:00, Sys 0 00:00:00  -  Run Remote Usage
		Usr 0 00:00:00, Sys 0 00:00:00  -  Run Local Usage
		Usr 0 00:00:00, Sys 0 00:00:00  -  Total Remote Usage
		Usr 0 00:00:00, Sys 0 00:00:00  -  Total Local Usage
	0  -  Run Bytes Sent By Job
	465  -  Run Bytes Received By Job
	0  -  Total Bytes Sent By Job
	465  -  Total Bytes Received By Job
	Partitionable Resources :    Usage  Request Allocated 
	   Cpus                 :     1.00        1         1 
	   Disk (KB)            :    21           1   1873362 
	   Memory (MB)          :   146           1      2006 

	Job terminated of its own accord at 2023-08-14T11:17:54Z with exit-code 0.
...
