000 (7237.000.000) 2023-08-14 12:12:47 Job submitted from host: <90.147.8.111:9618?addrs=90.147.8.111-9618&alias=ams&noUDP&sock=schedd_3306931_2f8d>
...
040 (7237.000.000) 2023-08-14 13:19:07 Started transferring input files
	Transferring to host: <192.168.100.101:9618?addrs=192.168.100.101-9618&alias=node02&noUDP&sock=slot5_102123_a452_2539>
...
040 (7237.000.000) 2023-08-14 13:19:07 Finished transferring input files
...
001 (7237.000.000) 2023-08-14 13:19:08 Job executing on host: <192.168.100.101:9618?addrs=192.168.100.101-9618&alias=node02&noUDP&sock=startd_102084_b624>
	SlotName: slot5@node02
	CondorScratchDir = "/home/spool/lib/condor/execute/dir_171780"
	Cpus = 1
	Disk = 1873362
	Memory = 2006
...
006 (7237.000.000) 2023-08-14 13:19:16 Image size of job updated: 77744
	68  -  MemoryUsage of job (MB)
	69444  -  ResidentSetSize of job (KB)
...
006 (7237.000.000) 2023-08-14 13:24:16 Image size of job updated: 86028
	84  -  MemoryUsage of job (MB)
	85992  -  ResidentSetSize of job (KB)
...
006 (7237.000.000) 2023-08-14 13:29:16 Image size of job updated: 101676
	100  -  MemoryUsage of job (MB)
	101676  -  ResidentSetSize of job (KB)
...
006 (7237.000.000) 2023-08-14 13:34:16 Image size of job updated: 122592
	120  -  MemoryUsage of job (MB)
	122588  -  ResidentSetSize of job (KB)
...
006 (7237.000.000) 2023-08-14 13:39:16 Image size of job updated: 143628
	141  -  MemoryUsage of job (MB)
	143628  -  ResidentSetSize of job (KB)
...
006 (7237.000.000) 2023-08-14 13:44:16 Image size of job updated: 161516
	158  -  MemoryUsage of job (MB)
	161344  -  ResidentSetSize of job (KB)
...
006 (7237.000.000) 2023-08-14 13:45:06 Image size of job updated: 166324
	158  -  MemoryUsage of job (MB)
	161344  -  ResidentSetSize of job (KB)
...
005 (7237.000.000) 2023-08-14 13:45:06 Job terminated.
	(1) Normal termination (return value 0)
		Usr 0 00:00:00, Sys 0 00:00:00  -  Run Remote Usage
		Usr 0 00:00:00, Sys 0 00:00:00  -  Run Local Usage
		Usr 0 00:00:00, Sys 0 00:00:00  -  Total Remote Usage
		Usr 0 00:00:00, Sys 0 00:00:00  -  Total Local Usage
	0  -  Run Bytes Sent By Job
	465  -  Run Bytes Received By Job
	0  -  Total Bytes Sent By Job
	465  -  Total Bytes Received By Job
	Partitionable Resources :    Usage  Request Allocated 
	   Cpus                 :     0.99        1         1 
	   Disk (KB)            :    21           1   1873362 
	   Memory (MB)          :   158           1      2006 

	Job terminated of its own accord at 2023-08-14T11:45:06Z with exit-code 0.
...
