000 (7118.000.000) 2023-08-14 12:12:41 Job submitted from host: <90.147.8.111:9618?addrs=90.147.8.111-9618&alias=ams&noUDP&sock=schedd_3306931_2f8d>
...
040 (7118.000.000) 2023-08-14 12:47:05 Started transferring input files
	Transferring to host: <192.168.100.3:9618?addrs=192.168.100.3-9618&alias=node03&noUDP&sock=slot38_56810_88bf_2322>
...
040 (7118.000.000) 2023-08-14 12:47:05 Finished transferring input files
...
001 (7118.000.000) 2023-08-14 12:47:06 Job executing on host: <192.168.100.3:9618?addrs=192.168.100.3-9618&alias=node03&noUDP&sock=startd_56773_2261>
	SlotName: slot38@node03
...
006 (7118.000.000) 2023-08-14 12:47:15 Image size of job updated: 466240
	70  -  MemoryUsage of job (MB)
	71276  -  ResidentSetSize of job (KB)
...
006 (7118.000.000) 2023-08-14 12:52:16 Image size of job updated: 466240
	71  -  MemoryUsage of job (MB)
	72160  -  ResidentSetSize of job (KB)
...
006 (7118.000.000) 2023-08-14 12:57:16 Image size of job updated: 466240
	71  -  MemoryUsage of job (MB)
	72172  -  ResidentSetSize of job (KB)
...
006 (7118.000.000) 2023-08-14 13:02:17 Image size of job updated: 466240
	71  -  MemoryUsage of job (MB)
	72232  -  ResidentSetSize of job (KB)
...
006 (7118.000.000) 2023-08-14 13:07:18 Image size of job updated: 466240
	71  -  MemoryUsage of job (MB)
	72396  -  ResidentSetSize of job (KB)
...
006 (7118.000.000) 2023-08-14 13:12:19 Image size of job updated: 466240
	71  -  MemoryUsage of job (MB)
	72484  -  ResidentSetSize of job (KB)
...
006 (7118.000.000) 2023-08-14 13:17:19 Image size of job updated: 466240
	72  -  MemoryUsage of job (MB)
	73248  -  ResidentSetSize of job (KB)
...
006 (7118.000.000) 2023-08-14 13:22:20 Image size of job updated: 466240
	72  -  MemoryUsage of job (MB)
	73624  -  ResidentSetSize of job (KB)
...
005 (7118.000.000) 2023-08-14 13:25:57 Job terminated.
	(1) Normal termination (return value 0)
		Usr 0 00:38:40, Sys 0 00:00:00  -  Run Remote Usage
		Usr 0 00:00:00, Sys 0 00:00:00  -  Run Local Usage
		Usr 0 00:38:40, Sys 0 00:00:00  -  Total Remote Usage
		Usr 0 00:00:00, Sys 0 00:00:00  -  Total Local Usage
	0  -  Run Bytes Sent By Job
	463  -  Run Bytes Received By Job
	0  -  Total Bytes Sent By Job
	463  -  Total Bytes Received By Job
	Partitionable Resources :    Usage  Request Allocated 
	   Cpus                 :     0.99        1         1 
	   Disk (KB)            :    21           1   4077838 
	   Memory (MB)          :    72           1      2000 

	Job terminated of its own accord at 2023-08-14T11:25:57Z with exit-code 0.
...
