000 (7467.000.000) 2023-08-14 12:12:57 Job submitted from host: <90.147.8.111:9618?addrs=90.147.8.111-9618&alias=ams&noUDP&sock=schedd_3306931_2f8d>
...
040 (7467.000.000) 2023-08-14 14:22:08 Started transferring input files
	Transferring to host: <192.168.100.101:9618?addrs=192.168.100.101-9618&alias=node02&noUDP&sock=slot26_102123_a452_2669>
...
040 (7467.000.000) 2023-08-14 14:22:08 Finished transferring input files
...
001 (7467.000.000) 2023-08-14 14:22:09 Job executing on host: <192.168.100.101:9618?addrs=192.168.100.101-9618&alias=node02&noUDP&sock=startd_102084_b624>
	SlotName: slot26@node02
	CondorScratchDir = "/home/spool/lib/condor/execute/dir_173905"
	Cpus = 1
	Disk = 1873362
	Memory = 2006
...
006 (7467.000.000) 2023-08-14 14:22:17 Image size of job updated: 77880
	69  -  MemoryUsage of job (MB)
	69692  -  ResidentSetSize of job (KB)
...
006 (7467.000.000) 2023-08-14 14:27:17 Image size of job updated: 99452
	98  -  MemoryUsage of job (MB)
	99360  -  ResidentSetSize of job (KB)
...
006 (7467.000.000) 2023-08-14 14:32:17 Image size of job updated: 130496
	128  -  MemoryUsage of job (MB)
	130496  -  ResidentSetSize of job (KB)
...
006 (7467.000.000) 2023-08-14 14:37:17 Image size of job updated: 166224
	163  -  MemoryUsage of job (MB)
	166224  -  ResidentSetSize of job (KB)
...
006 (7467.000.000) 2023-08-14 14:42:17 Image size of job updated: 204956
	201  -  MemoryUsage of job (MB)
	204956  -  ResidentSetSize of job (KB)
...
006 (7467.000.000) 2023-08-14 14:43:52 Image size of job updated: 219404
	201  -  MemoryUsage of job (MB)
	204956  -  ResidentSetSize of job (KB)
...
005 (7467.000.000) 2023-08-14 14:43:52 Job terminated.
	(1) Normal termination (return value 0)
		Usr 0 00:00:00, Sys 0 00:00:00  -  Run Remote Usage
		Usr 0 00:00:00, Sys 0 00:00:00  -  Run Local Usage
		Usr 0 00:00:00, Sys 0 00:00:00  -  Total Remote Usage
		Usr 0 00:00:00, Sys 0 00:00:00  -  Total Local Usage
	0  -  Run Bytes Sent By Job
	480  -  Run Bytes Received By Job
	0  -  Total Bytes Sent By Job
	480  -  Total Bytes Received By Job
	Partitionable Resources :    Usage  Request Allocated 
	   Cpus                 :     1.00        1         1 
	   Disk (KB)            :    21           1   1873362 
	   Memory (MB)          :   201           1      2006 

	Job terminated of its own accord at 2023-08-14T12:43:52Z with exit-code 0.
...
