000 (7161.000.000) 2023-08-14 12:12:43 Job submitted from host: <90.147.8.111:9618?addrs=90.147.8.111-9618&alias=ams&noUDP&sock=schedd_3306931_2f8d>
...
040 (7161.000.000) 2023-08-14 12:59:05 Started transferring input files
	Transferring to host: <192.168.100.3:9618?addrs=192.168.100.3-9618&alias=node03&noUDP&sock=slot18_56810_88bf_2334>
...
040 (7161.000.000) 2023-08-14 12:59:05 Finished transferring input files
...
001 (7161.000.000) 2023-08-14 12:59:06 Job executing on host: <192.168.100.3:9618?addrs=192.168.100.3-9618&alias=node03&noUDP&sock=startd_56773_2261>
	SlotName: slot18@node03
...
006 (7161.000.000) 2023-08-14 12:59:15 Image size of job updated: 71188
	70  -  MemoryUsage of job (MB)
	71188  -  ResidentSetSize of job (KB)
...
006 (7161.000.000) 2023-08-14 13:04:15 Image size of job updated: 466240
	71  -  MemoryUsage of job (MB)
	72156  -  ResidentSetSize of job (KB)
...
006 (7161.000.000) 2023-08-14 13:09:15 Image size of job updated: 466240
	71  -  MemoryUsage of job (MB)
	72188  -  ResidentSetSize of job (KB)
...
006 (7161.000.000) 2023-08-14 13:14:15 Image size of job updated: 466240
	71  -  MemoryUsage of job (MB)
	72216  -  ResidentSetSize of job (KB)
...
006 (7161.000.000) 2023-08-14 13:19:16 Image size of job updated: 466240
	72  -  MemoryUsage of job (MB)
	73096  -  ResidentSetSize of job (KB)
...
006 (7161.000.000) 2023-08-14 13:24:16 Image size of job updated: 466240
	72  -  MemoryUsage of job (MB)
	73324  -  ResidentSetSize of job (KB)
...
006 (7161.000.000) 2023-08-14 13:29:16 Image size of job updated: 466240
	72  -  MemoryUsage of job (MB)
	73448  -  ResidentSetSize of job (KB)
...
006 (7161.000.000) 2023-08-14 13:34:17 Image size of job updated: 466240
	72  -  MemoryUsage of job (MB)
	73676  -  ResidentSetSize of job (KB)
...
005 (7161.000.000) 2023-08-14 13:37:37 Job terminated.
	(1) Normal termination (return value 0)
		Usr 0 00:38:17, Sys 0 00:00:01  -  Run Remote Usage
		Usr 0 00:00:00, Sys 0 00:00:00  -  Run Local Usage
		Usr 0 00:38:17, Sys 0 00:00:01  -  Total Remote Usage
		Usr 0 00:00:00, Sys 0 00:00:00  -  Total Local Usage
	0  -  Run Bytes Sent By Job
	465  -  Run Bytes Received By Job
	0  -  Total Bytes Sent By Job
	465  -  Total Bytes Received By Job
	Partitionable Resources :    Usage  Request Allocated 
	   Cpus                 :     1.00        1         1 
	   Disk (KB)            :    21           1   4077838 
	   Memory (MB)          :    72           1      2000 

	Job terminated of its own accord at 2023-08-14T11:37:37Z with exit-code 0.
...
