000 (7279.000.000) 2023-08-14 12:12:49 Job submitted from host: <90.147.8.111:9618?addrs=90.147.8.111-9618&alias=ams&noUDP&sock=schedd_3306931_2f8d>
...
040 (7279.000.000) 2023-08-14 13:31:07 Started transferring input files
	Transferring to host: <192.168.100.3:9618?addrs=192.168.100.3-9618&alias=node03&noUDP&sock=slot3_56810_88bf_2388>
...
040 (7279.000.000) 2023-08-14 13:31:07 Finished transferring input files
...
001 (7279.000.000) 2023-08-14 13:31:08 Job executing on host: <192.168.100.3:9618?addrs=192.168.100.3-9618&alias=node03&noUDP&sock=startd_56773_2261>
	SlotName: slot3@node03
...
006 (7279.000.000) 2023-08-14 13:31:16 Image size of job updated: 466240
	70  -  MemoryUsage of job (MB)
	71176  -  ResidentSetSize of job (KB)
...
006 (7279.000.000) 2023-08-14 13:36:17 Image size of job updated: 466240
	71  -  MemoryUsage of job (MB)
	72152  -  ResidentSetSize of job (KB)
...
006 (7279.000.000) 2023-08-14 13:41:17 Image size of job updated: 466240
	71  -  MemoryUsage of job (MB)
	72192  -  ResidentSetSize of job (KB)
...
006 (7279.000.000) 2023-08-14 13:46:18 Image size of job updated: 466240
	71  -  MemoryUsage of job (MB)
	72220  -  ResidentSetSize of job (KB)
...
006 (7279.000.000) 2023-08-14 13:51:19 Image size of job updated: 466240
	71  -  MemoryUsage of job (MB)
	72480  -  ResidentSetSize of job (KB)
...
006 (7279.000.000) 2023-08-14 13:56:19 Image size of job updated: 466240
	72  -  MemoryUsage of job (MB)
	72740  -  ResidentSetSize of job (KB)
...
006 (7279.000.000) 2023-08-14 14:01:19 Image size of job updated: 466240
	72  -  MemoryUsage of job (MB)
	73364  -  ResidentSetSize of job (KB)
...
006 (7279.000.000) 2023-08-14 14:06:19 Image size of job updated: 466240
	72  -  MemoryUsage of job (MB)
	73720  -  ResidentSetSize of job (KB)
...
005 (7279.000.000) 2023-08-14 14:09:32 Job terminated.
	(1) Normal termination (return value 0)
		Usr 0 00:38:12, Sys 0 00:00:01  -  Run Remote Usage
		Usr 0 00:00:00, Sys 0 00:00:00  -  Run Local Usage
		Usr 0 00:38:12, Sys 0 00:00:01  -  Total Remote Usage
		Usr 0 00:00:00, Sys 0 00:00:00  -  Total Local Usage
	0  -  Run Bytes Sent By Job
	465  -  Run Bytes Received By Job
	0  -  Total Bytes Sent By Job
	465  -  Total Bytes Received By Job
	Partitionable Resources :    Usage  Request Allocated 
	   Cpus                 :     1.00        1         1 
	   Disk (KB)            :    21           1   4077838 
	   Memory (MB)          :    72           1      2000 

	Job terminated of its own accord at 2023-08-14T12:09:32Z with exit-code 0.
...
