000 (7227.000.000) 2023-08-14 12:12:47 Job submitted from host: <90.147.8.111:9618?addrs=90.147.8.111-9618&alias=ams&noUDP&sock=schedd_3306931_2f8d>
...
040 (7227.000.000) 2023-08-14 13:18:06 Started transferring input files
	Transferring to host: <192.168.100.3:9618?addrs=192.168.100.3-9618&alias=node03&noUDP&sock=slot8_56810_88bf_2366>
...
040 (7227.000.000) 2023-08-14 13:18:06 Finished transferring input files
...
001 (7227.000.000) 2023-08-14 13:18:07 Job executing on host: <192.168.100.3:9618?addrs=192.168.100.3-9618&alias=node03&noUDP&sock=startd_56773_2261>
	SlotName: slot8@node03
...
006 (7227.000.000) 2023-08-14 13:18:16 Image size of job updated: 466240
	70  -  MemoryUsage of job (MB)
	71240  -  ResidentSetSize of job (KB)
...
006 (7227.000.000) 2023-08-14 13:23:16 Image size of job updated: 466240
	71  -  MemoryUsage of job (MB)
	72152  -  ResidentSetSize of job (KB)
...
006 (7227.000.000) 2023-08-14 13:28:16 Image size of job updated: 466240
	71  -  MemoryUsage of job (MB)
	72200  -  ResidentSetSize of job (KB)
...
006 (7227.000.000) 2023-08-14 13:33:16 Image size of job updated: 466240
	71  -  MemoryUsage of job (MB)
	72228  -  ResidentSetSize of job (KB)
...
006 (7227.000.000) 2023-08-14 13:38:16 Image size of job updated: 466240
	72  -  MemoryUsage of job (MB)
	72960  -  ResidentSetSize of job (KB)
...
006 (7227.000.000) 2023-08-14 13:43:16 Image size of job updated: 466240
	72  -  MemoryUsage of job (MB)
	73132  -  ResidentSetSize of job (KB)
...
006 (7227.000.000) 2023-08-14 13:53:17 Image size of job updated: 466240
	72  -  MemoryUsage of job (MB)
	73576  -  ResidentSetSize of job (KB)
...
005 (7227.000.000) 2023-08-14 13:56:46 Job terminated.
	(1) Normal termination (return value 0)
		Usr 0 00:38:27, Sys 0 00:00:01  -  Run Remote Usage
		Usr 0 00:00:00, Sys 0 00:00:00  -  Run Local Usage
		Usr 0 00:38:27, Sys 0 00:00:01  -  Total Remote Usage
		Usr 0 00:00:00, Sys 0 00:00:00  -  Total Local Usage
	0  -  Run Bytes Sent By Job
	465  -  Run Bytes Received By Job
	0  -  Total Bytes Sent By Job
	465  -  Total Bytes Received By Job
	Partitionable Resources :    Usage  Request Allocated 
	   Cpus                 :     1.00        1         1 
	   Disk (KB)            :    21           1   4077838 
	   Memory (MB)          :    72           1      2000 

	Job terminated of its own accord at 2023-08-14T11:56:46Z with exit-code 0.
...
