000 (7504.000.000) 2023-08-14 12:12:59 Job submitted from host: <90.147.8.111:9618?addrs=90.147.8.111-9618&alias=ams&noUDP&sock=schedd_3306931_2f8d>
...
040 (7504.000.000) 2023-08-14 14:33:09 Started transferring input files
	Transferring to host: <192.168.100.3:9618?addrs=192.168.100.3-9618&alias=node03&noUDP&sock=slot47_56810_88bf_2485>
...
040 (7504.000.000) 2023-08-14 14:33:09 Finished transferring input files
...
001 (7504.000.000) 2023-08-14 14:33:10 Job executing on host: <192.168.100.3:9618?addrs=192.168.100.3-9618&alias=node03&noUDP&sock=startd_56773_2261>
	SlotName: slot47@node03
...
006 (7504.000.000) 2023-08-14 14:33:18 Image size of job updated: 69240
	68  -  MemoryUsage of job (MB)
	69240  -  ResidentSetSize of job (KB)
...
006 (7504.000.000) 2023-08-14 14:38:18 Image size of job updated: 463432
	68  -  MemoryUsage of job (MB)
	69336  -  ResidentSetSize of job (KB)
...
006 (7504.000.000) 2023-08-14 14:48:18 Image size of job updated: 463432
	68  -  MemoryUsage of job (MB)
	69608  -  ResidentSetSize of job (KB)
...
006 (7504.000.000) 2023-08-14 14:53:18 Image size of job updated: 463432
	69  -  MemoryUsage of job (MB)
	70020  -  ResidentSetSize of job (KB)
...
005 (7504.000.000) 2023-08-14 14:55:07 Job terminated.
	(1) Normal termination (return value 0)
		Usr 0 00:21:52, Sys 0 00:00:01  -  Run Remote Usage
		Usr 0 00:00:00, Sys 0 00:00:00  -  Run Local Usage
		Usr 0 00:21:52, Sys 0 00:00:01  -  Total Remote Usage
		Usr 0 00:00:00, Sys 0 00:00:00  -  Total Local Usage
	0  -  Run Bytes Sent By Job
	478  -  Run Bytes Received By Job
	0  -  Total Bytes Sent By Job
	478  -  Total Bytes Received By Job
	Partitionable Resources :    Usage  Request Allocated 
	   Cpus                 :     1.00        1         1 
	   Disk (KB)            :    21           1   4077838 
	   Memory (MB)          :    69           1      2000 

	Job terminated of its own accord at 2023-08-14T12:55:07Z with exit-code 0.
...
