000 (7055.000.000) 2023-08-14 12:12:37 Job submitted from host: <90.147.8.111:9618?addrs=90.147.8.111-9618&alias=ams&noUDP&sock=schedd_3306931_2f8d>
...
040 (7055.000.000) 2023-08-14 12:32:17 Started transferring input files
	Transferring to host: <192.168.100.3:9618?addrs=192.168.100.3-9618&alias=node03&noUDP&sock=slot30_56810_88bf_2291>
...
040 (7055.000.000) 2023-08-14 12:32:17 Finished transferring input files
...
001 (7055.000.000) 2023-08-14 12:32:18 Job executing on host: <192.168.100.3:9618?addrs=192.168.100.3-9618&alias=node03&noUDP&sock=startd_56773_2261>
	SlotName: slot30@node03
...
006 (7055.000.000) 2023-08-14 12:32:26 Image size of job updated: 447384
	68  -  MemoryUsage of job (MB)
	69084  -  ResidentSetSize of job (KB)
...
006 (7055.000.000) 2023-08-14 12:37:27 Image size of job updated: 463856
	69  -  MemoryUsage of job (MB)
	69776  -  ResidentSetSize of job (KB)
...
006 (7055.000.000) 2023-08-14 12:42:27 Image size of job updated: 463856
	69  -  MemoryUsage of job (MB)
	69824  -  ResidentSetSize of job (KB)
...
006 (7055.000.000) 2023-08-14 12:47:28 Image size of job updated: 463856
	69  -  MemoryUsage of job (MB)
	70076  -  ResidentSetSize of job (KB)
...
006 (7055.000.000) 2023-08-14 12:57:28 Image size of job updated: 463856
	70  -  MemoryUsage of job (MB)
	70756  -  ResidentSetSize of job (KB)
...
006 (7055.000.000) 2023-08-14 13:02:28 Image size of job updated: 463856
	70  -  MemoryUsage of job (MB)
	71064  -  ResidentSetSize of job (KB)
...
005 (7055.000.000) 2023-08-14 13:06:00 Job terminated.
	(1) Normal termination (return value 0)
		Usr 0 00:33:27, Sys 0 00:00:02  -  Run Remote Usage
		Usr 0 00:00:00, Sys 0 00:00:00  -  Run Local Usage
		Usr 0 00:33:27, Sys 0 00:00:02  -  Total Remote Usage
		Usr 0 00:00:00, Sys 0 00:00:00  -  Total Local Usage
	0  -  Run Bytes Sent By Job
	465  -  Run Bytes Received By Job
	0  -  Total Bytes Sent By Job
	465  -  Total Bytes Received By Job
	Partitionable Resources :    Usage  Request Allocated 
	   Cpus                 :     1.00        1         1 
	   Disk (KB)            :    22           1   4077838 
	   Memory (MB)          :    70           1      2000 

	Job terminated of its own accord at 2023-08-14T11:06:00Z with exit-code 0.
...
