000 (7470.000.000) 2023-08-14 12:12:57 Job submitted from host: <90.147.8.111:9618?addrs=90.147.8.111-9618&alias=ams&noUDP&sock=schedd_3306931_2f8d>
...
040 (7470.000.000) 2023-08-14 14:23:08 Started transferring input files
	Transferring to host: <192.168.100.101:9618?addrs=192.168.100.101-9618&alias=node02&noUDP&sock=slot12_102123_a452_2671>
...
040 (7470.000.000) 2023-08-14 14:23:08 Finished transferring input files
...
001 (7470.000.000) 2023-08-14 14:23:09 Job executing on host: <192.168.100.101:9618?addrs=192.168.100.101-9618&alias=node02&noUDP&sock=startd_102084_b624>
	SlotName: slot12@node02
	CondorScratchDir = "/home/spool/lib/condor/execute/dir_173939"
	Cpus = 1
	Disk = 1873362
	Memory = 2006
...
006 (7470.000.000) 2023-08-14 14:23:17 Image size of job updated: 77904
	68  -  MemoryUsage of job (MB)
	69312  -  ResidentSetSize of job (KB)
...
006 (7470.000.000) 2023-08-14 14:28:17 Image size of job updated: 84296
	83  -  MemoryUsage of job (MB)
	84296  -  ResidentSetSize of job (KB)
...
006 (7470.000.000) 2023-08-14 14:33:18 Image size of job updated: 98396
	96  -  MemoryUsage of job (MB)
	98272  -  ResidentSetSize of job (KB)
...
006 (7470.000.000) 2023-08-14 14:38:18 Image size of job updated: 116336
	114  -  MemoryUsage of job (MB)
	116332  -  ResidentSetSize of job (KB)
...
006 (7470.000.000) 2023-08-14 14:43:18 Image size of job updated: 138932
	136  -  MemoryUsage of job (MB)
	138904  -  ResidentSetSize of job (KB)
...
006 (7470.000.000) 2023-08-14 14:48:18 Image size of job updated: 163684
	160  -  MemoryUsage of job (MB)
	163680  -  ResidentSetSize of job (KB)
...
006 (7470.000.000) 2023-08-14 14:48:29 Image size of job updated: 165852
	160  -  MemoryUsage of job (MB)
	163680  -  ResidentSetSize of job (KB)
...
005 (7470.000.000) 2023-08-14 14:48:29 Job terminated.
	(1) Normal termination (return value 0)
		Usr 0 00:00:00, Sys 0 00:00:00  -  Run Remote Usage
		Usr 0 00:00:00, Sys 0 00:00:00  -  Run Local Usage
		Usr 0 00:00:00, Sys 0 00:00:00  -  Total Remote Usage
		Usr 0 00:00:00, Sys 0 00:00:00  -  Total Local Usage
	0  -  Run Bytes Sent By Job
	465  -  Run Bytes Received By Job
	0  -  Total Bytes Sent By Job
	465  -  Total Bytes Received By Job
	Partitionable Resources :    Usage  Request Allocated 
	   Cpus                 :     1.00        1         1 
	   Disk (KB)            :    21           1   1873362 
	   Memory (MB)          :   160           1      2006 

	Job terminated of its own accord at 2023-08-14T12:48:29Z with exit-code 0.
...
