000 (7262.000.000) 2023-08-14 12:12:48 Job submitted from host: <90.147.8.111:9618?addrs=90.147.8.111-9618&alias=ams&noUDP&sock=schedd_3306931_2f8d>
...
040 (7262.000.000) 2023-08-14 13:26:07 Started transferring input files
	Transferring to host: <192.168.100.3:9618?addrs=192.168.100.3-9618&alias=node03&noUDP&sock=slot16_56810_88bf_2380>
...
040 (7262.000.000) 2023-08-14 13:26:07 Finished transferring input files
...
001 (7262.000.000) 2023-08-14 13:26:08 Job executing on host: <192.168.100.3:9618?addrs=192.168.100.3-9618&alias=node03&noUDP&sock=startd_56773_2261>
	SlotName: slot16@node03
...
006 (7262.000.000) 2023-08-14 13:26:17 Image size of job updated: 463856
	68  -  MemoryUsage of job (MB)
	69156  -  ResidentSetSize of job (KB)
...
006 (7262.000.000) 2023-08-14 13:31:18 Image size of job updated: 463856
	69  -  MemoryUsage of job (MB)
	69752  -  ResidentSetSize of job (KB)
...
006 (7262.000.000) 2023-08-14 13:36:19 Image size of job updated: 463856
	69  -  MemoryUsage of job (MB)
	69808  -  ResidentSetSize of job (KB)
...
006 (7262.000.000) 2023-08-14 13:41:19 Image size of job updated: 463856
	69  -  MemoryUsage of job (MB)
	70108  -  ResidentSetSize of job (KB)
...
006 (7262.000.000) 2023-08-14 13:46:19 Image size of job updated: 463856
	69  -  MemoryUsage of job (MB)
	70128  -  ResidentSetSize of job (KB)
...
006 (7262.000.000) 2023-08-14 13:51:19 Image size of job updated: 463856
	70  -  MemoryUsage of job (MB)
	70668  -  ResidentSetSize of job (KB)
...
006 (7262.000.000) 2023-08-14 13:56:19 Image size of job updated: 463856
	70  -  MemoryUsage of job (MB)
	70992  -  ResidentSetSize of job (KB)
...
005 (7262.000.000) 2023-08-14 13:59:45 Job terminated.
	(1) Normal termination (return value 0)
		Usr 0 00:33:29, Sys 0 00:00:00  -  Run Remote Usage
		Usr 0 00:00:00, Sys 0 00:00:00  -  Run Local Usage
		Usr 0 00:33:29, Sys 0 00:00:00  -  Total Remote Usage
		Usr 0 00:00:00, Sys 0 00:00:00  -  Total Local Usage
	0  -  Run Bytes Sent By Job
	465  -  Run Bytes Received By Job
	0  -  Total Bytes Sent By Job
	465  -  Total Bytes Received By Job
	Partitionable Resources :    Usage  Request Allocated 
	   Cpus                 :     1.00        1         1 
	   Disk (KB)            :    21           1   4077838 
	   Memory (MB)          :    70           1      2000 

	Job terminated of its own accord at 2023-08-14T11:59:45Z with exit-code 0.
...
