000 (7406.000.000) 2023-08-14 12:12:55 Job submitted from host: <90.147.8.111:9618?addrs=90.147.8.111-9618&alias=ams&noUDP&sock=schedd_3306931_2f8d>
...
040 (7406.000.000) 2023-08-14 14:05:54 Started transferring input files
	Transferring to host: <192.168.100.3:9618?addrs=192.168.100.3-9618&alias=node03&noUDP&sock=slot17_56810_88bf_2440>
...
040 (7406.000.000) 2023-08-14 14:05:54 Finished transferring input files
...
001 (7406.000.000) 2023-08-14 14:05:55 Job executing on host: <192.168.100.3:9618?addrs=192.168.100.3-9618&alias=node03&noUDP&sock=startd_56773_2261>
	SlotName: slot17@node03
...
006 (7406.000.000) 2023-08-14 14:06:03 Image size of job updated: 69156
	68  -  MemoryUsage of job (MB)
	69156  -  ResidentSetSize of job (KB)
...
006 (7406.000.000) 2023-08-14 14:11:04 Image size of job updated: 463856
	69  -  MemoryUsage of job (MB)
	69768  -  ResidentSetSize of job (KB)
...
006 (7406.000.000) 2023-08-14 14:16:04 Image size of job updated: 463856
	69  -  MemoryUsage of job (MB)
	69800  -  ResidentSetSize of job (KB)
...
006 (7406.000.000) 2023-08-14 14:21:05 Image size of job updated: 463856
	69  -  MemoryUsage of job (MB)
	70208  -  ResidentSetSize of job (KB)
...
006 (7406.000.000) 2023-08-14 14:26:05 Image size of job updated: 463856
	69  -  MemoryUsage of job (MB)
	70460  -  ResidentSetSize of job (KB)
...
006 (7406.000.000) 2023-08-14 14:31:05 Image size of job updated: 463856
	70  -  MemoryUsage of job (MB)
	71120  -  ResidentSetSize of job (KB)
...
006 (7406.000.000) 2023-08-14 14:36:05 Image size of job updated: 463856
	70  -  MemoryUsage of job (MB)
	71212  -  ResidentSetSize of job (KB)
...
005 (7406.000.000) 2023-08-14 14:39:21 Job terminated.
	(1) Normal termination (return value 0)
		Usr 0 00:33:15, Sys 0 00:00:01  -  Run Remote Usage
		Usr 0 00:00:00, Sys 0 00:00:00  -  Run Local Usage
		Usr 0 00:33:15, Sys 0 00:00:01  -  Total Remote Usage
		Usr 0 00:00:00, Sys 0 00:00:00  -  Total Local Usage
	0  -  Run Bytes Sent By Job
	465  -  Run Bytes Received By Job
	0  -  Total Bytes Sent By Job
	465  -  Total Bytes Received By Job
	Partitionable Resources :    Usage  Request Allocated 
	   Cpus                 :     0.98        1         1 
	   Disk (KB)            :    22           1   4077838 
	   Memory (MB)          :    70           1      2000 

	Job terminated of its own accord at 2023-08-14T12:39:21Z with exit-code 0.
...
