000 (7193.000.000) 2023-08-14 12:12:44 Job submitted from host: <90.147.8.111:9618?addrs=90.147.8.111-9618&alias=ams&noUDP&sock=schedd_3306931_2f8d>
...
040 (7193.000.000) 2023-08-14 13:09:05 Started transferring input files
	Transferring to host: <192.168.100.101:9618?addrs=192.168.100.101-9618&alias=node02&noUDP&sock=slot3_102123_a452_2514>
...
040 (7193.000.000) 2023-08-14 13:09:05 Finished transferring input files
...
001 (7193.000.000) 2023-08-14 13:09:07 Job executing on host: <192.168.100.101:9618?addrs=192.168.100.101-9618&alias=node02&noUDP&sock=startd_102084_b624>
	SlotName: slot3@node02
	CondorScratchDir = "/home/spool/lib/condor/execute/dir_171425"
	Cpus = 1
	Disk = 1873362
	Memory = 2006
...
006 (7193.000.000) 2023-08-14 13:09:15 Image size of job updated: 92044
	71  -  MemoryUsage of job (MB)
	72052  -  ResidentSetSize of job (KB)
...
006 (7193.000.000) 2023-08-14 13:14:16 Image size of job updated: 105496
	104  -  MemoryUsage of job (MB)
	105496  -  ResidentSetSize of job (KB)
...
006 (7193.000.000) 2023-08-14 13:19:16 Image size of job updated: 142592
	140  -  MemoryUsage of job (MB)
	142592  -  ResidentSetSize of job (KB)
...
006 (7193.000.000) 2023-08-14 13:24:16 Image size of job updated: 184188
	180  -  MemoryUsage of job (MB)
	183300  -  ResidentSetSize of job (KB)
...
006 (7193.000.000) 2023-08-14 13:29:16 Image size of job updated: 222476
	218  -  MemoryUsage of job (MB)
	222476  -  ResidentSetSize of job (KB)
...
006 (7193.000.000) 2023-08-14 13:31:11 Image size of job updated: 239532
	218  -  MemoryUsage of job (MB)
	222476  -  ResidentSetSize of job (KB)
...
005 (7193.000.000) 2023-08-14 13:31:11 Job terminated.
	(1) Normal termination (return value 0)
		Usr 0 00:00:00, Sys 0 00:00:00  -  Run Remote Usage
		Usr 0 00:00:00, Sys 0 00:00:00  -  Run Local Usage
		Usr 0 00:00:00, Sys 0 00:00:00  -  Total Remote Usage
		Usr 0 00:00:00, Sys 0 00:00:00  -  Total Local Usage
	0  -  Run Bytes Sent By Job
	480  -  Run Bytes Received By Job
	0  -  Total Bytes Sent By Job
	480  -  Total Bytes Received By Job
	Partitionable Resources :    Usage  Request Allocated 
	   Cpus                 :     1.00        1         1 
	   Disk (KB)            :    21           1   1873362 
	   Memory (MB)          :   218           1      2006 

	Job terminated of its own accord at 2023-08-14T11:31:11Z with exit-code 0.
...
