000 (6957.000.000) 2023-08-14 12:12:33 Job submitted from host: <90.147.8.111:9618?addrs=90.147.8.111-9618&alias=ams&noUDP&sock=schedd_3306931_2f8d>
...
040 (6957.000.000) 2023-08-14 12:12:47 Started transferring input files
	Transferring to host: <192.168.100.3:9618?addrs=192.168.100.3-9618&alias=node03&noUDP&sock=slot29_56810_88bf_2263>
...
040 (6957.000.000) 2023-08-14 12:12:47 Finished transferring input files
...
001 (6957.000.000) 2023-08-14 12:12:49 Job executing on host: <192.168.100.3:9618?addrs=192.168.100.3-9618&alias=node03&noUDP&sock=startd_56773_2261>
	SlotName: slot29@node03
...
006 (6957.000.000) 2023-08-14 12:12:59 Image size of job updated: 466240
	71  -  MemoryUsage of job (MB)
	71708  -  ResidentSetSize of job (KB)
...
006 (6957.000.000) 2023-08-14 12:18:00 Image size of job updated: 466240
	71  -  MemoryUsage of job (MB)
	72156  -  ResidentSetSize of job (KB)
...
006 (6957.000.000) 2023-08-14 12:23:00 Image size of job updated: 466240
	71  -  MemoryUsage of job (MB)
	72204  -  ResidentSetSize of job (KB)
...
006 (6957.000.000) 2023-08-14 12:28:00 Image size of job updated: 466240
	71  -  MemoryUsage of job (MB)
	72236  -  ResidentSetSize of job (KB)
...
006 (6957.000.000) 2023-08-14 12:33:00 Image size of job updated: 466240
	71  -  MemoryUsage of job (MB)
	72412  -  ResidentSetSize of job (KB)
...
006 (6957.000.000) 2023-08-14 12:38:00 Image size of job updated: 466240
	71  -  MemoryUsage of job (MB)
	72472  -  ResidentSetSize of job (KB)
...
006 (6957.000.000) 2023-08-14 12:43:00 Image size of job updated: 466240
	72  -  MemoryUsage of job (MB)
	72980  -  ResidentSetSize of job (KB)
...
006 (6957.000.000) 2023-08-14 12:48:01 Image size of job updated: 466240
	72  -  MemoryUsage of job (MB)
	73472  -  ResidentSetSize of job (KB)
...
005 (6957.000.000) 2023-08-14 12:51:51 Job terminated.
	(1) Normal termination (return value 0)
		Usr 0 00:38:44, Sys 0 00:00:01  -  Run Remote Usage
		Usr 0 00:00:00, Sys 0 00:00:00  -  Run Local Usage
		Usr 0 00:38:44, Sys 0 00:00:01  -  Total Remote Usage
		Usr 0 00:00:00, Sys 0 00:00:00  -  Total Local Usage
	0  -  Run Bytes Sent By Job
	465  -  Run Bytes Received By Job
	0  -  Total Bytes Sent By Job
	465  -  Total Bytes Received By Job
	Partitionable Resources :    Usage  Request Allocated 
	   Cpus                 :     1.00        1         1 
	   Disk (KB)            :    21           1   4077838 
	   Memory (MB)          :    72           1      2000 

	Job terminated of its own accord at 2023-08-14T10:51:50Z with exit-code 0.
...
