000 (7257.000.000) 2023-08-14 12:12:48 Job submitted from host: <90.147.8.111:9618?addrs=90.147.8.111-9618&alias=ams&noUDP&sock=schedd_3306931_2f8d>
...
040 (7257.000.000) 2023-08-14 13:24:10 Started transferring input files
	Transferring to host: <192.168.100.3:9618?addrs=192.168.100.3-9618&alias=node03&noUDP&sock=slot12_56810_88bf_2376>
...
040 (7257.000.000) 2023-08-14 13:24:10 Finished transferring input files
...
001 (7257.000.000) 2023-08-14 13:24:11 Job executing on host: <192.168.100.3:9618?addrs=192.168.100.3-9618&alias=node03&noUDP&sock=startd_56773_2261>
	SlotName: slot12@node03
...
006 (7257.000.000) 2023-08-14 13:24:19 Image size of job updated: 430984
	68  -  MemoryUsage of job (MB)
	69068  -  ResidentSetSize of job (KB)
...
006 (7257.000.000) 2023-08-14 13:29:19 Image size of job updated: 463856
	69  -  MemoryUsage of job (MB)
	69752  -  ResidentSetSize of job (KB)
...
006 (7257.000.000) 2023-08-14 13:34:20 Image size of job updated: 463856
	69  -  MemoryUsage of job (MB)
	69852  -  ResidentSetSize of job (KB)
...
006 (7257.000.000) 2023-08-14 13:39:21 Image size of job updated: 463856
	69  -  MemoryUsage of job (MB)
	70136  -  ResidentSetSize of job (KB)
...
006 (7257.000.000) 2023-08-14 13:44:21 Image size of job updated: 463856
	69  -  MemoryUsage of job (MB)
	70364  -  ResidentSetSize of job (KB)
...
006 (7257.000.000) 2023-08-14 13:49:21 Image size of job updated: 463856
	69  -  MemoryUsage of job (MB)
	70560  -  ResidentSetSize of job (KB)
...
006 (7257.000.000) 2023-08-14 13:54:21 Image size of job updated: 463856
	70  -  MemoryUsage of job (MB)
	71064  -  ResidentSetSize of job (KB)
...
005 (7257.000.000) 2023-08-14 13:57:30 Job terminated.
	(1) Normal termination (return value 0)
		Usr 0 00:33:08, Sys 0 00:00:01  -  Run Remote Usage
		Usr 0 00:00:00, Sys 0 00:00:00  -  Run Local Usage
		Usr 0 00:33:08, Sys 0 00:00:01  -  Total Remote Usage
		Usr 0 00:00:00, Sys 0 00:00:00  -  Total Local Usage
	0  -  Run Bytes Sent By Job
	465  -  Run Bytes Received By Job
	0  -  Total Bytes Sent By Job
	465  -  Total Bytes Received By Job
	Partitionable Resources :    Usage  Request Allocated 
	   Cpus                 :     0.99        1         1 
	   Disk (KB)            :    22           1   4077838 
	   Memory (MB)          :    70           1      2000 

	Job terminated of its own accord at 2023-08-14T11:57:30Z with exit-code 0.
...
