000 (7049.000.000) 2023-08-14 12:12:37 Job submitted from host: <90.147.8.111:9618?addrs=90.147.8.111-9618&alias=ams&noUDP&sock=schedd_3306931_2f8d>
...
040 (7049.000.000) 2023-08-14 12:31:57 Started transferring input files
	Transferring to host: <192.168.100.3:9618?addrs=192.168.100.3-9618&alias=node03&noUDP&sock=slot20_56810_88bf_2287>
...
040 (7049.000.000) 2023-08-14 12:31:57 Finished transferring input files
...
001 (7049.000.000) 2023-08-14 12:31:58 Job executing on host: <192.168.100.3:9618?addrs=192.168.100.3-9618&alias=node03&noUDP&sock=startd_56773_2261>
	SlotName: slot20@node03
...
006 (7049.000.000) 2023-08-14 12:32:06 Image size of job updated: 463856
	68  -  MemoryUsage of job (MB)
	69104  -  ResidentSetSize of job (KB)
...
006 (7049.000.000) 2023-08-14 12:37:06 Image size of job updated: 463856
	69  -  MemoryUsage of job (MB)
	69780  -  ResidentSetSize of job (KB)
...
006 (7049.000.000) 2023-08-14 12:42:07 Image size of job updated: 463856
	69  -  MemoryUsage of job (MB)
	69800  -  ResidentSetSize of job (KB)
...
006 (7049.000.000) 2023-08-14 12:47:08 Image size of job updated: 463856
	69  -  MemoryUsage of job (MB)
	70176  -  ResidentSetSize of job (KB)
...
006 (7049.000.000) 2023-08-14 12:52:08 Image size of job updated: 463856
	69  -  MemoryUsage of job (MB)
	70276  -  ResidentSetSize of job (KB)
...
006 (7049.000.000) 2023-08-14 12:57:08 Image size of job updated: 463856
	69  -  MemoryUsage of job (MB)
	70408  -  ResidentSetSize of job (KB)
...
006 (7049.000.000) 2023-08-14 13:02:08 Image size of job updated: 463856
	70  -  MemoryUsage of job (MB)
	71060  -  ResidentSetSize of job (KB)
...
005 (7049.000.000) 2023-08-14 13:05:20 Job terminated.
	(1) Normal termination (return value 0)
		Usr 0 00:33:06, Sys 0 00:00:02  -  Run Remote Usage
		Usr 0 00:00:00, Sys 0 00:00:00  -  Run Local Usage
		Usr 0 00:33:06, Sys 0 00:00:02  -  Total Remote Usage
		Usr 0 00:00:00, Sys 0 00:00:00  -  Total Local Usage
	0  -  Run Bytes Sent By Job
	465  -  Run Bytes Received By Job
	0  -  Total Bytes Sent By Job
	465  -  Total Bytes Received By Job
	Partitionable Resources :    Usage  Request Allocated 
	   Cpus                 :     0.99        1         1 
	   Disk (KB)            :    22           1   4077838 
	   Memory (MB)          :    70           1      2000 

	Job terminated of its own accord at 2023-08-14T11:05:19Z with exit-code 0.
...
