000 (7294.000.000) 2023-08-14 12:12:50 Job submitted from host: <90.147.8.111:9618?addrs=90.147.8.111-9618&alias=ams&noUDP&sock=schedd_3306931_2f8d>
...
040 (7294.000.000) 2023-08-14 13:34:06 Started transferring input files
	Transferring to host: <192.168.100.3:9618?addrs=192.168.100.3-9618&alias=node03&noUDP&sock=slot27_56810_88bf_2393>
...
040 (7294.000.000) 2023-08-14 13:34:06 Finished transferring input files
...
001 (7294.000.000) 2023-08-14 13:34:07 Job executing on host: <192.168.100.3:9618?addrs=192.168.100.3-9618&alias=node03&noUDP&sock=startd_56773_2261>
	SlotName: slot27@node03
...
006 (7294.000.000) 2023-08-14 13:34:16 Image size of job updated: 466240
	70  -  MemoryUsage of job (MB)
	71324  -  ResidentSetSize of job (KB)
...
006 (7294.000.000) 2023-08-14 13:39:16 Image size of job updated: 466240
	71  -  MemoryUsage of job (MB)
	72200  -  ResidentSetSize of job (KB)
...
006 (7294.000.000) 2023-08-14 13:44:17 Image size of job updated: 466240
	71  -  MemoryUsage of job (MB)
	72224  -  ResidentSetSize of job (KB)
...
006 (7294.000.000) 2023-08-14 13:49:17 Image size of job updated: 466240
	71  -  MemoryUsage of job (MB)
	72236  -  ResidentSetSize of job (KB)
...
006 (7294.000.000) 2023-08-14 13:54:17 Image size of job updated: 466240
	72  -  MemoryUsage of job (MB)
	73132  -  ResidentSetSize of job (KB)
...
006 (7294.000.000) 2023-08-14 14:09:17 Image size of job updated: 466240
	72  -  MemoryUsage of job (MB)
	73684  -  ResidentSetSize of job (KB)
...
005 (7294.000.000) 2023-08-14 14:12:46 Job terminated.
	(1) Normal termination (return value 0)
		Usr 0 00:38:27, Sys 0 00:00:01  -  Run Remote Usage
		Usr 0 00:00:00, Sys 0 00:00:00  -  Run Local Usage
		Usr 0 00:38:27, Sys 0 00:00:01  -  Total Remote Usage
		Usr 0 00:00:00, Sys 0 00:00:00  -  Total Local Usage
	0  -  Run Bytes Sent By Job
	465  -  Run Bytes Received By Job
	0  -  Total Bytes Sent By Job
	465  -  Total Bytes Received By Job
	Partitionable Resources :    Usage  Request Allocated 
	   Cpus                 :     0.98        1         1 
	   Disk (KB)            :    21           1   4077838 
	   Memory (MB)          :    72           1      2000 

	Job terminated of its own accord at 2023-08-14T12:12:46Z with exit-code 0.
...
