000 (6973.000.000) 2023-08-14 12:12:33 Job submitted from host: <90.147.8.111:9618?addrs=90.147.8.111-9618&alias=ams&noUDP&sock=schedd_3306931_2f8d>
...
040 (6973.000.000) 2023-08-14 12:12:48 Started transferring input files
	Transferring to host: <192.168.100.3:9618?addrs=192.168.100.3-9618&alias=node03&noUDP&sock=slot45_56810_88bf_2279>
...
040 (6973.000.000) 2023-08-14 12:12:48 Finished transferring input files
...
001 (6973.000.000) 2023-08-14 12:12:49 Job executing on host: <192.168.100.3:9618?addrs=192.168.100.3-9618&alias=node03&noUDP&sock=startd_56773_2261>
	SlotName: slot45@node03
...
006 (6973.000.000) 2023-08-14 12:12:59 Image size of job updated: 462396
	64  -  MemoryUsage of job (MB)
	64628  -  ResidentSetSize of job (KB)
...
006 (6973.000.000) 2023-08-14 12:17:59 Image size of job updated: 465816
	71  -  MemoryUsage of job (MB)
	72644  -  ResidentSetSize of job (KB)
...
006 (6973.000.000) 2023-08-14 12:22:59 Image size of job updated: 465816
	72  -  MemoryUsage of job (MB)
	72720  -  ResidentSetSize of job (KB)
...
006 (6973.000.000) 2023-08-14 12:27:59 Image size of job updated: 465816
	72  -  MemoryUsage of job (MB)
	73408  -  ResidentSetSize of job (KB)
...
006 (6973.000.000) 2023-08-14 12:33:00 Image size of job updated: 465816
	72  -  MemoryUsage of job (MB)
	73416  -  ResidentSetSize of job (KB)
...
005 (6973.000.000) 2023-08-14 12:44:07 Job terminated.
	(1) Normal termination (return value 0)
		Usr 0 00:30:57, Sys 0 00:00:01  -  Run Remote Usage
		Usr 0 00:00:00, Sys 0 00:00:00  -  Run Local Usage
		Usr 0 00:30:57, Sys 0 00:00:01  -  Total Remote Usage
		Usr 0 00:00:00, Sys 0 00:00:00  -  Total Local Usage
	0  -  Run Bytes Sent By Job
	480  -  Run Bytes Received By Job
	0  -  Total Bytes Sent By Job
	480  -  Total Bytes Received By Job
	Partitionable Resources :    Usage  Request Allocated 
	   Cpus                 :     0.99        1         1 
	   Disk (KB)            :    21           1   4077838 
	   Memory (MB)          :    72           1      2000 

	Job terminated of its own accord at 2023-08-14T10:44:07Z with exit-code 0.
...
