000 (7492.000.000) 2023-08-14 12:12:58 Job submitted from host: <90.147.8.111:9618?addrs=90.147.8.111-9618&alias=ams&noUDP&sock=schedd_3306931_2f8d>
...
040 (7492.000.000) 2023-08-14 14:30:08 Started transferring input files
	Transferring to host: <192.168.100.3:9618?addrs=192.168.100.3-9618&alias=node03&noUDP&sock=slot35_56810_88bf_2479>
...
040 (7492.000.000) 2023-08-14 14:30:08 Finished transferring input files
...
001 (7492.000.000) 2023-08-14 14:30:09 Job executing on host: <192.168.100.3:9618?addrs=192.168.100.3-9618&alias=node03&noUDP&sock=startd_56773_2261>
	SlotName: slot35@node03
...
006 (7492.000.000) 2023-08-14 14:30:18 Image size of job updated: 463432
	68  -  MemoryUsage of job (MB)
	68876  -  ResidentSetSize of job (KB)
...
006 (7492.000.000) 2023-08-14 14:35:18 Image size of job updated: 463432
	68  -  MemoryUsage of job (MB)
	69380  -  ResidentSetSize of job (KB)
...
006 (7492.000.000) 2023-08-14 14:40:18 Image size of job updated: 463432
	68  -  MemoryUsage of job (MB)
	69412  -  ResidentSetSize of job (KB)
...
006 (7492.000.000) 2023-08-14 14:45:18 Image size of job updated: 463432
	68  -  MemoryUsage of job (MB)
	69548  -  ResidentSetSize of job (KB)
...
006 (7492.000.000) 2023-08-14 14:50:18 Image size of job updated: 463432
	69  -  MemoryUsage of job (MB)
	69928  -  ResidentSetSize of job (KB)
...
005 (7492.000.000) 2023-08-14 14:53:04 Job terminated.
	(1) Normal termination (return value 0)
		Usr 0 00:22:48, Sys 0 00:00:01  -  Run Remote Usage
		Usr 0 00:00:00, Sys 0 00:00:00  -  Run Local Usage
		Usr 0 00:22:48, Sys 0 00:00:01  -  Total Remote Usage
		Usr 0 00:00:00, Sys 0 00:00:00  -  Total Local Usage
	0  -  Run Bytes Sent By Job
	480  -  Run Bytes Received By Job
	0  -  Total Bytes Sent By Job
	480  -  Total Bytes Received By Job
	Partitionable Resources :    Usage  Request Allocated 
	   Cpus                 :     1.00        1         1 
	   Disk (KB)            :    21           1   4077838 
	   Memory (MB)          :    69           1      2000 

	Job terminated of its own accord at 2023-08-14T12:53:04Z with exit-code 0.
...
