000 (7316.000.000) 2023-08-14 12:12:51 Job submitted from host: <90.147.8.111:9618?addrs=90.147.8.111-9618&alias=ams&noUDP&sock=schedd_3306931_2f8d>
...
040 (7316.000.000) 2023-08-14 13:42:06 Started transferring input files
	Transferring to host: <192.168.100.101:9618?addrs=192.168.100.101-9618&alias=node02&noUDP&sock=slot44_102123_a452_2584>
...
040 (7316.000.000) 2023-08-14 13:42:06 Finished transferring input files
...
001 (7316.000.000) 2023-08-14 13:42:07 Job executing on host: <192.168.100.101:9618?addrs=192.168.100.101-9618&alias=node02&noUDP&sock=startd_102084_b624>
	SlotName: slot44@node02
	CondorScratchDir = "/home/spool/lib/condor/execute/dir_172533"
	Cpus = 1
	Disk = 1873362
	Memory = 2006
...
006 (7316.000.000) 2023-08-14 13:42:16 Image size of job updated: 75292
	68  -  MemoryUsage of job (MB)
	69140  -  ResidentSetSize of job (KB)
...
006 (7316.000.000) 2023-08-14 13:47:16 Image size of job updated: 85056
	84  -  MemoryUsage of job (MB)
	85056  -  ResidentSetSize of job (KB)
...
006 (7316.000.000) 2023-08-14 13:52:16 Image size of job updated: 101492
	100  -  MemoryUsage of job (MB)
	101488  -  ResidentSetSize of job (KB)
...
006 (7316.000.000) 2023-08-14 13:57:16 Image size of job updated: 119656
	117  -  MemoryUsage of job (MB)
	119656  -  ResidentSetSize of job (KB)
...
006 (7316.000.000) 2023-08-14 14:02:16 Image size of job updated: 137392
	134  -  MemoryUsage of job (MB)
	137132  -  ResidentSetSize of job (KB)
...
006 (7316.000.000) 2023-08-14 14:02:38 Image size of job updated: 139044
	134  -  MemoryUsage of job (MB)
	137132  -  ResidentSetSize of job (KB)
...
005 (7316.000.000) 2023-08-14 14:02:38 Job terminated.
	(1) Normal termination (return value 0)
		Usr 0 00:00:00, Sys 0 00:00:00  -  Run Remote Usage
		Usr 0 00:00:00, Sys 0 00:00:00  -  Run Local Usage
		Usr 0 00:00:00, Sys 0 00:00:00  -  Total Remote Usage
		Usr 0 00:00:00, Sys 0 00:00:00  -  Total Local Usage
	0  -  Run Bytes Sent By Job
	448  -  Run Bytes Received By Job
	0  -  Total Bytes Sent By Job
	448  -  Total Bytes Received By Job
	Partitionable Resources :    Usage  Request Allocated 
	   Cpus                 :     1.00        1         1 
	   Disk (KB)            :    21           1   1873362 
	   Memory (MB)          :   134           1      2006 

	Job terminated of its own accord at 2023-08-14T12:02:38Z with exit-code 0.
...
