000 (7352.000.000) 2023-08-14 12:12:52 Job submitted from host: <90.147.8.111:9618?addrs=90.147.8.111-9618&alias=ams&noUDP&sock=schedd_3306931_2f8d>
...
040 (7352.000.000) 2023-08-14 13:52:06 Started transferring input files
	Transferring to host: <192.168.100.3:9618?addrs=192.168.100.3-9618&alias=node03&noUDP&sock=slot24_56810_88bf_2418>
...
040 (7352.000.000) 2023-08-14 13:52:06 Finished transferring input files
...
001 (7352.000.000) 2023-08-14 13:52:07 Job executing on host: <192.168.100.3:9618?addrs=192.168.100.3-9618&alias=node03&noUDP&sock=startd_56773_2261>
	SlotName: slot24@node03
...
006 (7352.000.000) 2023-08-14 13:52:16 Image size of job updated: 465816
	70  -  MemoryUsage of job (MB)
	71612  -  ResidentSetSize of job (KB)
...
006 (7352.000.000) 2023-08-14 13:57:16 Image size of job updated: 465816
	71  -  MemoryUsage of job (MB)
	71708  -  ResidentSetSize of job (KB)
...
006 (7352.000.000) 2023-08-14 14:02:16 Image size of job updated: 465816
	71  -  MemoryUsage of job (MB)
	71768  -  ResidentSetSize of job (KB)
...
006 (7352.000.000) 2023-08-14 14:07:17 Image size of job updated: 465816
	71  -  MemoryUsage of job (MB)
	72660  -  ResidentSetSize of job (KB)
...
006 (7352.000.000) 2023-08-14 14:12:17 Image size of job updated: 465816
	72  -  MemoryUsage of job (MB)
	72892  -  ResidentSetSize of job (KB)
...
005 (7352.000.000) 2023-08-14 14:22:54 Job terminated.
	(1) Normal termination (return value 0)
		Usr 0 00:30:37, Sys 0 00:00:01  -  Run Remote Usage
		Usr 0 00:00:00, Sys 0 00:00:00  -  Run Local Usage
		Usr 0 00:30:37, Sys 0 00:00:01  -  Total Remote Usage
		Usr 0 00:00:00, Sys 0 00:00:00  -  Total Local Usage
	0  -  Run Bytes Sent By Job
	480  -  Run Bytes Received By Job
	0  -  Total Bytes Sent By Job
	480  -  Total Bytes Received By Job
	Partitionable Resources :    Usage  Request Allocated 
	   Cpus                 :     1.00        1         1 
	   Disk (KB)            :    21           1   4077838 
	   Memory (MB)          :    72           1      2000 

	Job terminated of its own accord at 2023-08-14T12:22:54Z with exit-code 0.
...
