000 (7503.000.000) 2023-08-14 12:12:59 Job submitted from host: <90.147.8.111:9618?addrs=90.147.8.111-9618&alias=ams&noUDP&sock=schedd_3306931_2f8d>
...
040 (7503.000.000) 2023-08-14 14:32:08 Started transferring input files
	Transferring to host: <192.168.100.101:9618?addrs=192.168.100.101-9618&alias=node02&noUDP&sock=slot62_102123_a452_2689>
...
040 (7503.000.000) 2023-08-14 14:32:08 Finished transferring input files
...
001 (7503.000.000) 2023-08-14 14:32:10 Job executing on host: <192.168.100.101:9618?addrs=192.168.100.101-9618&alias=node02&noUDP&sock=startd_102084_b624>
	SlotName: slot62@node02
	CondorScratchDir = "/home/spool/lib/condor/execute/dir_174236"
	Cpus = 1
	Disk = 1873362
	Memory = 2006
...
006 (7503.000.000) 2023-08-14 14:32:18 Image size of job updated: 92264
	70  -  MemoryUsage of job (MB)
	71612  -  ResidentSetSize of job (KB)
...
006 (7503.000.000) 2023-08-14 14:37:19 Image size of job updated: 92264
	83  -  MemoryUsage of job (MB)
	84328  -  ResidentSetSize of job (KB)
...
006 (7503.000.000) 2023-08-14 14:42:20 Image size of job updated: 98288
	96  -  MemoryUsage of job (MB)
	98288  -  ResidentSetSize of job (KB)
...
006 (7503.000.000) 2023-08-14 14:47:20 Image size of job updated: 117316
	115  -  MemoryUsage of job (MB)
	117312  -  ResidentSetSize of job (KB)
...
006 (7503.000.000) 2023-08-14 14:52:20 Image size of job updated: 139164
	136  -  MemoryUsage of job (MB)
	139160  -  ResidentSetSize of job (KB)
...
006 (7503.000.000) 2023-08-14 14:57:20 Image size of job updated: 161300
	158  -  MemoryUsage of job (MB)
	161296  -  ResidentSetSize of job (KB)
...
006 (7503.000.000) 2023-08-14 14:58:22 Image size of job updated: 168556
	158  -  MemoryUsage of job (MB)
	161296  -  ResidentSetSize of job (KB)
...
005 (7503.000.000) 2023-08-14 14:58:22 Job terminated.
	(1) Normal termination (return value 0)
		Usr 0 00:00:00, Sys 0 00:00:00  -  Run Remote Usage
		Usr 0 00:00:00, Sys 0 00:00:00  -  Run Local Usage
		Usr 0 00:00:00, Sys 0 00:00:00  -  Total Remote Usage
		Usr 0 00:00:00, Sys 0 00:00:00  -  Total Local Usage
	0  -  Run Bytes Sent By Job
	465  -  Run Bytes Received By Job
	0  -  Total Bytes Sent By Job
	465  -  Total Bytes Received By Job
	Partitionable Resources :    Usage  Request Allocated 
	   Cpus                 :     1.00        1         1 
	   Disk (KB)            :    21           1   1873362 
	   Memory (MB)          :   158           1      2006 

	Job terminated of its own accord at 2023-08-14T12:58:22Z with exit-code 0.
...
