000 (7245.000.000) 2023-08-14 12:12:48 Job submitted from host: <90.147.8.111:9618?addrs=90.147.8.111-9618&alias=ams&noUDP&sock=schedd_3306931_2f8d>
...
040 (7245.000.000) 2023-08-14 13:21:55 Started transferring input files
	Transferring to host: <192.168.100.101:9618?addrs=192.168.100.101-9618&alias=node02&noUDP&sock=slot44_102123_a452_2544>
...
040 (7245.000.000) 2023-08-14 13:21:55 Finished transferring input files
...
001 (7245.000.000) 2023-08-14 13:21:56 Job executing on host: <192.168.100.101:9618?addrs=192.168.100.101-9618&alias=node02&noUDP&sock=startd_102084_b624>
	SlotName: slot44@node02
	CondorScratchDir = "/home/spool/lib/condor/execute/dir_171883"
	Cpus = 1
	Disk = 1873362
	Memory = 2006
...
006 (7245.000.000) 2023-08-14 13:22:04 Image size of job updated: 78440
	69  -  MemoryUsage of job (MB)
	70004  -  ResidentSetSize of job (KB)
...
006 (7245.000.000) 2023-08-14 13:27:04 Image size of job updated: 103448
	102  -  MemoryUsage of job (MB)
	103444  -  ResidentSetSize of job (KB)
...
006 (7245.000.000) 2023-08-14 13:32:04 Image size of job updated: 143052
	140  -  MemoryUsage of job (MB)
	143048  -  ResidentSetSize of job (KB)
...
006 (7245.000.000) 2023-08-14 13:37:04 Image size of job updated: 184124
	180  -  MemoryUsage of job (MB)
	184124  -  ResidentSetSize of job (KB)
...
006 (7245.000.000) 2023-08-14 13:41:43 Image size of job updated: 219296
	180  -  MemoryUsage of job (MB)
	184124  -  ResidentSetSize of job (KB)
...
005 (7245.000.000) 2023-08-14 13:41:43 Job terminated.
	(1) Normal termination (return value 0)
		Usr 0 00:00:00, Sys 0 00:00:00  -  Run Remote Usage
		Usr 0 00:00:00, Sys 0 00:00:00  -  Run Local Usage
		Usr 0 00:00:00, Sys 0 00:00:00  -  Total Remote Usage
		Usr 0 00:00:00, Sys 0 00:00:00  -  Total Local Usage
	0  -  Run Bytes Sent By Job
	480  -  Run Bytes Received By Job
	0  -  Total Bytes Sent By Job
	480  -  Total Bytes Received By Job
	Partitionable Resources :    Usage  Request Allocated 
	   Cpus                 :     1.00        1         1 
	   Disk (KB)            :    22           1   1873362 
	   Memory (MB)          :   180           1      2006 

	Job terminated of its own accord at 2023-08-14T11:41:43Z with exit-code 0.
...
