000 (7179.000.000) 2023-08-14 12:12:43 Job submitted from host: <90.147.8.111:9618?addrs=90.147.8.111-9618&alias=ams&noUDP&sock=schedd_3306931_2f8d>
...
040 (7179.000.000) 2023-08-14 13:06:05 Started transferring input files
	Transferring to host: <192.168.100.3:9618?addrs=192.168.100.3-9618&alias=node03&noUDP&sock=slot27_56810_88bf_2344>
...
040 (7179.000.000) 2023-08-14 13:06:05 Finished transferring input files
...
001 (7179.000.000) 2023-08-14 13:06:06 Job executing on host: <192.168.100.3:9618?addrs=192.168.100.3-9618&alias=node03&noUDP&sock=startd_56773_2261>
	SlotName: slot27@node03
...
006 (7179.000.000) 2023-08-14 13:06:15 Image size of job updated: 456496
	68  -  MemoryUsage of job (MB)
	69256  -  ResidentSetSize of job (KB)
...
006 (7179.000.000) 2023-08-14 13:11:15 Image size of job updated: 463436
	68  -  MemoryUsage of job (MB)
	69376  -  ResidentSetSize of job (KB)
...
006 (7179.000.000) 2023-08-14 13:16:15 Image size of job updated: 463436
	68  -  MemoryUsage of job (MB)
	69408  -  ResidentSetSize of job (KB)
...
006 (7179.000.000) 2023-08-14 13:21:15 Image size of job updated: 463436
	68  -  MemoryUsage of job (MB)
	69560  -  ResidentSetSize of job (KB)
...
006 (7179.000.000) 2023-08-14 13:26:15 Image size of job updated: 463436
	69  -  MemoryUsage of job (MB)
	69684  -  ResidentSetSize of job (KB)
...
006 (7179.000.000) 2023-08-14 13:31:15 Image size of job updated: 463436
	69  -  MemoryUsage of job (MB)
	70056  -  ResidentSetSize of job (KB)
...
005 (7179.000.000) 2023-08-14 13:33:08 Job terminated.
	(1) Normal termination (return value 0)
		Usr 0 00:26:50, Sys 0 00:00:01  -  Run Remote Usage
		Usr 0 00:00:00, Sys 0 00:00:00  -  Run Local Usage
		Usr 0 00:26:50, Sys 0 00:00:01  -  Total Remote Usage
		Usr 0 00:00:00, Sys 0 00:00:00  -  Total Local Usage
	0  -  Run Bytes Sent By Job
	480  -  Run Bytes Received By Job
	0  -  Total Bytes Sent By Job
	480  -  Total Bytes Received By Job
	Partitionable Resources :    Usage  Request Allocated 
	   Cpus                 :     1.00        1         1 
	   Disk (KB)            :    21           1   4077838 
	   Memory (MB)          :    69           1      2000 

	Job terminated of its own accord at 2023-08-14T11:33:08Z with exit-code 0.
...
