000 (7331.000.000) 2023-08-14 12:12:51 Job submitted from host: <90.147.8.111:9618?addrs=90.147.8.111-9618&alias=ams&noUDP&sock=schedd_3306931_2f8d>
...
040 (7331.000.000) 2023-08-14 13:46:07 Started transferring input files
	Transferring to host: <192.168.100.3:9618?addrs=192.168.100.3-9618&alias=node03&noUDP&sock=slot43_56810_88bf_2408>
...
040 (7331.000.000) 2023-08-14 13:46:07 Finished transferring input files
...
001 (7331.000.000) 2023-08-14 13:46:08 Job executing on host: <192.168.100.3:9618?addrs=192.168.100.3-9618&alias=node03&noUDP&sock=startd_56773_2261>
	SlotName: slot43@node03
...
006 (7331.000.000) 2023-08-14 13:46:16 Image size of job updated: 68872
	68  -  MemoryUsage of job (MB)
	68872  -  ResidentSetSize of job (KB)
...
006 (7331.000.000) 2023-08-14 13:51:16 Image size of job updated: 463432
	68  -  MemoryUsage of job (MB)
	69356  -  ResidentSetSize of job (KB)
...
006 (7331.000.000) 2023-08-14 13:56:16 Image size of job updated: 463432
	68  -  MemoryUsage of job (MB)
	69404  -  ResidentSetSize of job (KB)
...
006 (7331.000.000) 2023-08-14 14:01:16 Image size of job updated: 463432
	68  -  MemoryUsage of job (MB)
	69568  -  ResidentSetSize of job (KB)
...
006 (7331.000.000) 2023-08-14 14:06:16 Image size of job updated: 463432
	69  -  MemoryUsage of job (MB)
	69804  -  ResidentSetSize of job (KB)
...
006 (7331.000.000) 2023-08-14 14:11:16 Image size of job updated: 463432
	69  -  MemoryUsage of job (MB)
	70088  -  ResidentSetSize of job (KB)
...
005 (7331.000.000) 2023-08-14 14:13:14 Job terminated.
	(1) Normal termination (return value 0)
		Usr 0 00:26:56, Sys 0 00:00:01  -  Run Remote Usage
		Usr 0 00:00:00, Sys 0 00:00:00  -  Run Local Usage
		Usr 0 00:26:56, Sys 0 00:00:01  -  Total Remote Usage
		Usr 0 00:00:00, Sys 0 00:00:00  -  Total Local Usage
	0  -  Run Bytes Sent By Job
	480  -  Run Bytes Received By Job
	0  -  Total Bytes Sent By Job
	480  -  Total Bytes Received By Job
	Partitionable Resources :    Usage  Request Allocated 
	   Cpus                 :     1.00        1         1 
	   Disk (KB)            :    21           1   4077838 
	   Memory (MB)          :    69           1      2000 

	Job terminated of its own accord at 2023-08-14T12:13:14Z with exit-code 0.
...
