000 (6936.000.000) 2023-08-14 12:12:32 Job submitted from host: <90.147.8.111:9618?addrs=90.147.8.111-9618&alias=ams&noUDP&sock=schedd_3306931_2f8d>
...
040 (6936.000.000) 2023-08-14 12:12:46 Started transferring input files
	Transferring to host: <192.168.100.3:9618?addrs=192.168.100.3-9618&alias=node03&noUDP&sock=slot8_56810_88bf_2241>
...
040 (6936.000.000) 2023-08-14 12:12:46 Finished transferring input files
...
001 (6936.000.000) 2023-08-14 12:12:49 Job executing on host: <192.168.100.3:9618?addrs=192.168.100.3-9618&alias=node03&noUDP&sock=startd_56773_2261>
	SlotName: slot8@node03
...
006 (6936.000.000) 2023-08-14 12:12:57 Image size of job updated: 429160
	68  -  MemoryUsage of job (MB)
	69272  -  ResidentSetSize of job (KB)
...
006 (6936.000.000) 2023-08-14 12:17:57 Image size of job updated: 463796
	69  -  MemoryUsage of job (MB)
	69764  -  ResidentSetSize of job (KB)
...
006 (6936.000.000) 2023-08-14 12:22:57 Image size of job updated: 463796
	69  -  MemoryUsage of job (MB)
	69788  -  ResidentSetSize of job (KB)
...
006 (6936.000.000) 2023-08-14 12:27:57 Image size of job updated: 463796
	69  -  MemoryUsage of job (MB)
	70208  -  ResidentSetSize of job (KB)
...
006 (6936.000.000) 2023-08-14 12:32:57 Image size of job updated: 463796
	71  -  MemoryUsage of job (MB)
	71704  -  ResidentSetSize of job (KB)
...
006 (6936.000.000) 2023-08-14 12:37:57 Image size of job updated: 463796
	71  -  MemoryUsage of job (MB)
	72488  -  ResidentSetSize of job (KB)
...
005 (6936.000.000) 2023-08-14 12:38:08 Job terminated.
	(1) Normal termination (return value 0)
		Usr 0 00:24:59, Sys 0 00:00:06  -  Run Remote Usage
		Usr 0 00:00:00, Sys 0 00:00:00  -  Run Local Usage
		Usr 0 00:24:59, Sys 0 00:00:06  -  Total Remote Usage
		Usr 0 00:00:00, Sys 0 00:00:00  -  Total Local Usage
	0  -  Run Bytes Sent By Job
	448  -  Run Bytes Received By Job
	0  -  Total Bytes Sent By Job
	448  -  Total Bytes Received By Job
	Partitionable Resources :    Usage  Request Allocated 
	   Cpus                 :     0.99        1         1 
	   Disk (KB)            :    21           1   4077838 
	   Memory (MB)          :    71           1      2000 

	Job terminated of its own accord at 2023-08-14T10:38:08Z with exit-code 0.
...
