000 (7528.000.000) 2023-08-14 12:13:00 Job submitted from host: <90.147.8.111:9618?addrs=90.147.8.111-9618&alias=ams&noUDP&sock=schedd_3306931_2f8d>
...
040 (7528.000.000) 2023-08-14 14:39:08 Started transferring input files
	Transferring to host: <192.168.100.3:9618?addrs=192.168.100.3-9618&alias=node03&noUDP&sock=slot7_56810_88bf_2496>
...
040 (7528.000.000) 2023-08-14 14:39:08 Finished transferring input files
...
001 (7528.000.000) 2023-08-14 14:39:09 Job executing on host: <192.168.100.3:9618?addrs=192.168.100.3-9618&alias=node03&noUDP&sock=startd_56773_2261>
	SlotName: slot7@node03
...
006 (7528.000.000) 2023-08-14 14:39:18 Image size of job updated: 432356
	70  -  MemoryUsage of job (MB)
	71616  -  ResidentSetSize of job (KB)
...
006 (7528.000.000) 2023-08-14 14:44:19 Image size of job updated: 465816
	71  -  MemoryUsage of job (MB)
	71732  -  ResidentSetSize of job (KB)
...
006 (7528.000.000) 2023-08-14 14:49:20 Image size of job updated: 465816
	71  -  MemoryUsage of job (MB)
	72676  -  ResidentSetSize of job (KB)
...
006 (7528.000.000) 2023-08-14 14:59:20 Image size of job updated: 465816
	73  -  MemoryUsage of job (MB)
	73900  -  ResidentSetSize of job (KB)
...
005 (7528.000.000) 2023-08-14 15:00:25 Job terminated.
	(1) Normal termination (return value 0)
		Usr 0 00:21:13, Sys 0 00:00:00  -  Run Remote Usage
		Usr 0 00:00:00, Sys 0 00:00:00  -  Run Local Usage
		Usr 0 00:21:13, Sys 0 00:00:00  -  Total Remote Usage
		Usr 0 00:00:00, Sys 0 00:00:00  -  Total Local Usage
	0  -  Run Bytes Sent By Job
	480  -  Run Bytes Received By Job
	0  -  Total Bytes Sent By Job
	480  -  Total Bytes Received By Job
	Partitionable Resources :    Usage  Request Allocated 
	   Cpus                 :     1.00        1         1 
	   Disk (KB)            :    21           1   4077838 
	   Memory (MB)          :    73           1      2000 

	Job terminated of its own accord at 2023-08-14T13:00:25Z with exit-code 0.
...
