000 (7300.000.000) 2023-08-14 12:12:50 Job submitted from host: <90.147.8.111:9618?addrs=90.147.8.111-9618&alias=ams&noUDP&sock=schedd_3306931_2f8d>
...
040 (7300.000.000) 2023-08-14 13:37:06 Started transferring input files
	Transferring to host: <192.168.100.101:9618?addrs=192.168.100.101-9618&alias=node02&noUDP&sock=slot26_102123_a452_2575>
...
040 (7300.000.000) 2023-08-14 13:37:06 Finished transferring input files
...
001 (7300.000.000) 2023-08-14 13:37:07 Job executing on host: <192.168.100.101:9618?addrs=192.168.100.101-9618&alias=node02&noUDP&sock=startd_102084_b624>
	SlotName: slot26@node02
	CondorScratchDir = "/home/spool/lib/condor/execute/dir_172368"
	Cpus = 1
	Disk = 1873362
	Memory = 2006
...
006 (7300.000.000) 2023-08-14 13:37:15 Image size of job updated: 75228
	68  -  MemoryUsage of job (MB)
	69284  -  ResidentSetSize of job (KB)
...
006 (7300.000.000) 2023-08-14 13:42:15 Image size of job updated: 83740
	82  -  MemoryUsage of job (MB)
	83556  -  ResidentSetSize of job (KB)
...
006 (7300.000.000) 2023-08-14 13:47:16 Image size of job updated: 99112
	97  -  MemoryUsage of job (MB)
	99048  -  ResidentSetSize of job (KB)
...
006 (7300.000.000) 2023-08-14 13:52:16 Image size of job updated: 119268
	117  -  MemoryUsage of job (MB)
	119144  -  ResidentSetSize of job (KB)
...
006 (7300.000.000) 2023-08-14 13:57:16 Image size of job updated: 136384
	134  -  MemoryUsage of job (MB)
	136364  -  ResidentSetSize of job (KB)
...
006 (7300.000.000) 2023-08-14 13:57:56 Image size of job updated: 139684
	134  -  MemoryUsage of job (MB)
	136364  -  ResidentSetSize of job (KB)
...
005 (7300.000.000) 2023-08-14 13:57:56 Job terminated.
	(1) Normal termination (return value 0)
		Usr 0 00:00:00, Sys 0 00:00:00  -  Run Remote Usage
		Usr 0 00:00:00, Sys 0 00:00:00  -  Run Local Usage
		Usr 0 00:00:00, Sys 0 00:00:00  -  Total Remote Usage
		Usr 0 00:00:00, Sys 0 00:00:00  -  Total Local Usage
	0  -  Run Bytes Sent By Job
	448  -  Run Bytes Received By Job
	0  -  Total Bytes Sent By Job
	448  -  Total Bytes Received By Job
	Partitionable Resources :    Usage  Request Allocated 
	   Cpus                 :     1.00        1         1 
	   Disk (KB)            :    21           1   1873362 
	   Memory (MB)          :   134           1      2006 

	Job terminated of its own accord at 2023-08-14T11:57:56Z with exit-code 0.
...
