000 (7186.000.000) 2023-08-14 12:12:44 Job submitted from host: <90.147.8.111:9618?addrs=90.147.8.111-9618&alias=ams&noUDP&sock=schedd_3306931_2f8d>
...
040 (7186.000.000) 2023-08-14 13:07:05 Started transferring input files
	Transferring to host: <192.168.100.3:9618?addrs=192.168.100.3-9618&alias=node03&noUDP&sock=slot31_56810_88bf_2347>
...
040 (7186.000.000) 2023-08-14 13:07:05 Finished transferring input files
...
001 (7186.000.000) 2023-08-14 13:07:06 Job executing on host: <192.168.100.3:9618?addrs=192.168.100.3-9618&alias=node03&noUDP&sock=startd_56773_2261>
	SlotName: slot31@node03
...
006 (7186.000.000) 2023-08-14 13:07:15 Image size of job updated: 69076
	68  -  MemoryUsage of job (MB)
	69076  -  ResidentSetSize of job (KB)
...
006 (7186.000.000) 2023-08-14 13:12:16 Image size of job updated: 463796
	69  -  MemoryUsage of job (MB)
	69740  -  ResidentSetSize of job (KB)
...
006 (7186.000.000) 2023-08-14 13:17:16 Image size of job updated: 463796
	69  -  MemoryUsage of job (MB)
	69796  -  ResidentSetSize of job (KB)
...
006 (7186.000.000) 2023-08-14 13:22:17 Image size of job updated: 463796
	69  -  MemoryUsage of job (MB)
	70228  -  ResidentSetSize of job (KB)
...
006 (7186.000.000) 2023-08-14 13:27:17 Image size of job updated: 463796
	71  -  MemoryUsage of job (MB)
	71688  -  ResidentSetSize of job (KB)
...
006 (7186.000.000) 2023-08-14 13:32:17 Image size of job updated: 463796
	72  -  MemoryUsage of job (MB)
	72716  -  ResidentSetSize of job (KB)
...
005 (7186.000.000) 2023-08-14 13:32:17 Job terminated.
	(1) Normal termination (return value 0)
		Usr 0 00:25:01, Sys 0 00:00:01  -  Run Remote Usage
		Usr 0 00:00:00, Sys 0 00:00:00  -  Run Local Usage
		Usr 0 00:25:01, Sys 0 00:00:01  -  Total Remote Usage
		Usr 0 00:00:00, Sys 0 00:00:00  -  Total Local Usage
	0  -  Run Bytes Sent By Job
	448  -  Run Bytes Received By Job
	0  -  Total Bytes Sent By Job
	448  -  Total Bytes Received By Job
	Partitionable Resources :    Usage  Request Allocated 
	   Cpus                 :     1.00        1         1 
	   Disk (KB)            :    21           1   4077838 
	   Memory (MB)          :    72           1      2000 

	Job terminated of its own accord at 2023-08-14T11:32:17Z with exit-code 0.
...
