000 (7274.000.000) 2023-08-14 12:12:49 Job submitted from host: <90.147.8.111:9618?addrs=90.147.8.111-9618&alias=ams&noUDP&sock=schedd_3306931_2f8d>
...
040 (7274.000.000) 2023-08-14 13:28:57 Started transferring input files
	Transferring to host: <192.168.100.101:9618?addrs=192.168.100.101-9618&alias=node02&noUDP&sock=slot16_102123_a452_2558>
...
040 (7274.000.000) 2023-08-14 13:28:57 Finished transferring input files
...
001 (7274.000.000) 2023-08-14 13:28:58 Job executing on host: <192.168.100.101:9618?addrs=192.168.100.101-9618&alias=node02&noUDP&sock=startd_102084_b624>
	SlotName: slot16@node02
	CondorScratchDir = "/home/spool/lib/condor/execute/dir_172094"
	Cpus = 1
	Disk = 1873362
	Memory = 2006
...
006 (7274.000.000) 2023-08-14 13:29:06 Image size of job updated: 77716
	68  -  MemoryUsage of job (MB)
	69364  -  ResidentSetSize of job (KB)
...
006 (7274.000.000) 2023-08-14 13:34:06 Image size of job updated: 102804
	101  -  MemoryUsage of job (MB)
	102800  -  ResidentSetSize of job (KB)
...
006 (7274.000.000) 2023-08-14 13:39:06 Image size of job updated: 138868
	136  -  MemoryUsage of job (MB)
	138744  -  ResidentSetSize of job (KB)
...
006 (7274.000.000) 2023-08-14 13:44:06 Image size of job updated: 174908
	171  -  MemoryUsage of job (MB)
	174868  -  ResidentSetSize of job (KB)
...
006 (7274.000.000) 2023-08-14 13:49:06 Image size of job updated: 210484
	206  -  MemoryUsage of job (MB)
	210324  -  ResidentSetSize of job (KB)
...
006 (7274.000.000) 2023-08-14 13:50:18 Image size of job updated: 219332
	206  -  MemoryUsage of job (MB)
	210324  -  ResidentSetSize of job (KB)
...
005 (7274.000.000) 2023-08-14 13:50:18 Job terminated.
	(1) Normal termination (return value 0)
		Usr 0 00:00:00, Sys 0 00:00:00  -  Run Remote Usage
		Usr 0 00:00:00, Sys 0 00:00:00  -  Run Local Usage
		Usr 0 00:00:00, Sys 0 00:00:00  -  Total Remote Usage
		Usr 0 00:00:00, Sys 0 00:00:00  -  Total Local Usage
	0  -  Run Bytes Sent By Job
	480  -  Run Bytes Received By Job
	0  -  Total Bytes Sent By Job
	480  -  Total Bytes Received By Job
	Partitionable Resources :    Usage  Request Allocated 
	   Cpus                 :     1.00        1         1 
	   Disk (KB)            :    22           1   1873362 
	   Memory (MB)          :   206           1      2006 

	Job terminated of its own accord at 2023-08-14T11:50:18Z with exit-code 0.
...
