000 (7329.000.000) 2023-08-14 12:12:51 Job submitted from host: <90.147.8.111:9618?addrs=90.147.8.111-9618&alias=ams&noUDP&sock=schedd_3306931_2f8d>
...
040 (7329.000.000) 2023-08-14 13:45:07 Started transferring input files
	Transferring to host: <192.168.100.101:9618?addrs=192.168.100.101-9618&alias=node02&noUDP&sock=slot34_102123_a452_2592>
...
040 (7329.000.000) 2023-08-14 13:45:07 Finished transferring input files
...
001 (7329.000.000) 2023-08-14 13:45:08 Job executing on host: <192.168.100.101:9618?addrs=192.168.100.101-9618&alias=node02&noUDP&sock=startd_102084_b624>
	SlotName: slot34@node02
	CondorScratchDir = "/home/spool/lib/condor/execute/dir_172641"
	Cpus = 1
	Disk = 1873362
	Memory = 2006
...
006 (7329.000.000) 2023-08-14 13:45:16 Image size of job updated: 91848
	70  -  MemoryUsage of job (MB)
	71236  -  ResidentSetSize of job (KB)
...
006 (7329.000.000) 2023-08-14 13:50:16 Image size of job updated: 91848
	79  -  MemoryUsage of job (MB)
	80852  -  ResidentSetSize of job (KB)
...
006 (7329.000.000) 2023-08-14 13:55:16 Image size of job updated: 91848
	88  -  MemoryUsage of job (MB)
	89760  -  ResidentSetSize of job (KB)
...
006 (7329.000.000) 2023-08-14 14:00:16 Image size of job updated: 98848
	97  -  MemoryUsage of job (MB)
	98812  -  ResidentSetSize of job (KB)
...
006 (7329.000.000) 2023-08-14 14:05:17 Image size of job updated: 109464
	107  -  MemoryUsage of job (MB)
	109080  -  ResidentSetSize of job (KB)
...
006 (7329.000.000) 2023-08-14 14:10:18 Image size of job updated: 121592
	119  -  MemoryUsage of job (MB)
	121528  -  ResidentSetSize of job (KB)
...
006 (7329.000.000) 2023-08-14 14:15:18 Image size of job updated: 134172
	132  -  MemoryUsage of job (MB)
	134172  -  ResidentSetSize of job (KB)
...
006 (7329.000.000) 2023-08-14 14:20:18 Image size of job updated: 144964
	142  -  MemoryUsage of job (MB)
	144796  -  ResidentSetSize of job (KB)
...
006 (7329.000.000) 2023-08-14 14:25:19 Image size of job updated: 156092
	153  -  MemoryUsage of job (MB)
	156092  -  ResidentSetSize of job (KB)
...
006 (7329.000.000) 2023-08-14 14:29:35 Image size of job updated: 168388
	153  -  MemoryUsage of job (MB)
	156092  -  ResidentSetSize of job (KB)
...
005 (7329.000.000) 2023-08-14 14:29:35 Job terminated.
	(1) Normal termination (return value 0)
		Usr 0 00:00:00, Sys 0 00:00:00  -  Run Remote Usage
		Usr 0 00:00:00, Sys 0 00:00:00  -  Run Local Usage
		Usr 0 00:00:00, Sys 0 00:00:00  -  Total Remote Usage
		Usr 0 00:00:00, Sys 0 00:00:00  -  Total Local Usage
	0  -  Run Bytes Sent By Job
	465  -  Run Bytes Received By Job
	0  -  Total Bytes Sent By Job
	465  -  Total Bytes Received By Job
	Partitionable Resources :    Usage  Request Allocated 
	   Cpus                 :     0.82        1         1 
	   Disk (KB)            :    21           1   1873362 
	   Memory (MB)          :   153           1      2006 

	Job terminated of its own accord at 2023-08-14T12:29:35Z with exit-code 0.
...
