000 (7407.000.000) 2023-08-14 12:12:55 Job submitted from host: <90.147.8.111:9618?addrs=90.147.8.111-9618&alias=ams&noUDP&sock=schedd_3306931_2f8d>
...
040 (7407.000.000) 2023-08-14 14:06:07 Started transferring input files
	Transferring to host: <192.168.100.3:9618?addrs=192.168.100.3-9618&alias=node03&noUDP&sock=slot26_56810_88bf_2441>
...
040 (7407.000.000) 2023-08-14 14:06:07 Finished transferring input files
...
001 (7407.000.000) 2023-08-14 14:06:08 Job executing on host: <192.168.100.3:9618?addrs=192.168.100.3-9618&alias=node03&noUDP&sock=startd_56773_2261>
	SlotName: slot26@node03
...
006 (7407.000.000) 2023-08-14 14:06:16 Image size of job updated: 451044
	70  -  MemoryUsage of job (MB)
	71608  -  ResidentSetSize of job (KB)
...
006 (7407.000.000) 2023-08-14 14:11:17 Image size of job updated: 465816
	71  -  MemoryUsage of job (MB)
	71712  -  ResidentSetSize of job (KB)
...
006 (7407.000.000) 2023-08-14 14:16:17 Image size of job updated: 465816
	71  -  MemoryUsage of job (MB)
	71776  -  ResidentSetSize of job (KB)
...
006 (7407.000.000) 2023-08-14 14:21:18 Image size of job updated: 465816
	71  -  MemoryUsage of job (MB)
	72620  -  ResidentSetSize of job (KB)
...
006 (7407.000.000) 2023-08-14 14:26:18 Image size of job updated: 465816
	72  -  MemoryUsage of job (MB)
	72796  -  ResidentSetSize of job (KB)
...
005 (7407.000.000) 2023-08-14 14:36:50 Job terminated.
	(1) Normal termination (return value 0)
		Usr 0 00:30:34, Sys 0 00:00:01  -  Run Remote Usage
		Usr 0 00:00:00, Sys 0 00:00:00  -  Run Local Usage
		Usr 0 00:30:34, Sys 0 00:00:01  -  Total Remote Usage
		Usr 0 00:00:00, Sys 0 00:00:00  -  Total Local Usage
	0  -  Run Bytes Sent By Job
	480  -  Run Bytes Received By Job
	0  -  Total Bytes Sent By Job
	480  -  Total Bytes Received By Job
	Partitionable Resources :    Usage  Request Allocated 
	   Cpus                 :     0.99        1         1 
	   Disk (KB)            :    21           1   4077838 
	   Memory (MB)          :    72           1      2000 

	Job terminated of its own accord at 2023-08-14T12:36:50Z with exit-code 0.
...
