000 (7096.000.000) 2023-08-14 12:12:39 Job submitted from host: <90.147.8.111:9618?addrs=90.147.8.111-9618&alias=ams&noUDP&sock=schedd_3306931_2f8d>
...
040 (7096.000.000) 2023-08-14 12:44:06 Started transferring input files
	Transferring to host: <192.168.100.3:9618?addrs=192.168.100.3-9618&alias=node03&noUDP&sock=slot32_56810_88bf_2312>
...
040 (7096.000.000) 2023-08-14 12:44:06 Finished transferring input files
...
001 (7096.000.000) 2023-08-14 12:44:07 Job executing on host: <192.168.100.3:9618?addrs=192.168.100.3-9618&alias=node03&noUDP&sock=startd_56773_2261>
	SlotName: slot32@node03
...
006 (7096.000.000) 2023-08-14 12:44:16 Image size of job updated: 340484
	63  -  MemoryUsage of job (MB)
	64132  -  ResidentSetSize of job (KB)
...
006 (7096.000.000) 2023-08-14 12:49:16 Image size of job updated: 466240
	71  -  MemoryUsage of job (MB)
	72144  -  ResidentSetSize of job (KB)
...
006 (7096.000.000) 2023-08-14 12:54:16 Image size of job updated: 466240
	71  -  MemoryUsage of job (MB)
	72184  -  ResidentSetSize of job (KB)
...
006 (7096.000.000) 2023-08-14 12:59:17 Image size of job updated: 466240
	71  -  MemoryUsage of job (MB)
	72228  -  ResidentSetSize of job (KB)
...
006 (7096.000.000) 2023-08-14 13:04:17 Image size of job updated: 466240
	72  -  MemoryUsage of job (MB)
	72968  -  ResidentSetSize of job (KB)
...
006 (7096.000.000) 2023-08-14 13:14:17 Image size of job updated: 466240
	72  -  MemoryUsage of job (MB)
	73468  -  ResidentSetSize of job (KB)
...
006 (7096.000.000) 2023-08-14 13:19:17 Image size of job updated: 466240
	72  -  MemoryUsage of job (MB)
	73712  -  ResidentSetSize of job (KB)
...
005 (7096.000.000) 2023-08-14 13:22:50 Job terminated.
	(1) Normal termination (return value 0)
		Usr 0 00:38:29, Sys 0 00:00:00  -  Run Remote Usage
		Usr 0 00:00:00, Sys 0 00:00:00  -  Run Local Usage
		Usr 0 00:38:29, Sys 0 00:00:00  -  Total Remote Usage
		Usr 0 00:00:00, Sys 0 00:00:00  -  Total Local Usage
	0  -  Run Bytes Sent By Job
	465  -  Run Bytes Received By Job
	0  -  Total Bytes Sent By Job
	465  -  Total Bytes Received By Job
	Partitionable Resources :    Usage  Request Allocated 
	   Cpus                 :     0.99        1         1 
	   Disk (KB)            :    21           1   4077838 
	   Memory (MB)          :    72           1      2000 

	Job terminated of its own accord at 2023-08-14T11:22:50Z with exit-code 0.
...
