000 (6954.000.000) 2023-08-14 12:12:32 Job submitted from host: <90.147.8.111:9618?addrs=90.147.8.111-9618&alias=ams&noUDP&sock=schedd_3306931_2f8d>
...
040 (6954.000.000) 2023-08-14 12:12:47 Started transferring input files
	Transferring to host: <192.168.100.3:9618?addrs=192.168.100.3-9618&alias=node03&noUDP&sock=slot26_56810_88bf_2260>
...
040 (6954.000.000) 2023-08-14 12:12:47 Finished transferring input files
...
001 (6954.000.000) 2023-08-14 12:12:49 Job executing on host: <192.168.100.3:9618?addrs=192.168.100.3-9618&alias=node03&noUDP&sock=startd_56773_2261>
	SlotName: slot26@node03
...
006 (6954.000.000) 2023-08-14 12:12:59 Image size of job updated: 460384
	60  -  MemoryUsage of job (MB)
	61220  -  ResidentSetSize of job (KB)
...
006 (6954.000.000) 2023-08-14 12:17:59 Image size of job updated: 463796
	69  -  MemoryUsage of job (MB)
	69752  -  ResidentSetSize of job (KB)
...
006 (6954.000.000) 2023-08-14 12:22:59 Image size of job updated: 463796
	69  -  MemoryUsage of job (MB)
	69816  -  ResidentSetSize of job (KB)
...
006 (6954.000.000) 2023-08-14 12:27:59 Image size of job updated: 463796
	69  -  MemoryUsage of job (MB)
	70348  -  ResidentSetSize of job (KB)
...
006 (6954.000.000) 2023-08-14 12:32:59 Image size of job updated: 463796
	70  -  MemoryUsage of job (MB)
	71480  -  ResidentSetSize of job (KB)
...
006 (6954.000.000) 2023-08-14 12:37:59 Image size of job updated: 463796
	71  -  MemoryUsage of job (MB)
	72628  -  ResidentSetSize of job (KB)
...
005 (6954.000.000) 2023-08-14 12:38:10 Job terminated.
	(1) Normal termination (return value 0)
		Usr 0 00:24:52, Sys 0 00:00:07  -  Run Remote Usage
		Usr 0 00:00:00, Sys 0 00:00:00  -  Run Local Usage
		Usr 0 00:24:52, Sys 0 00:00:07  -  Total Remote Usage
		Usr 0 00:00:00, Sys 0 00:00:00  -  Total Local Usage
	0  -  Run Bytes Sent By Job
	448  -  Run Bytes Received By Job
	0  -  Total Bytes Sent By Job
	448  -  Total Bytes Received By Job
	Partitionable Resources :    Usage  Request Allocated 
	   Cpus                 :     0.99        1         1 
	   Disk (KB)            :    21           1   4077838 
	   Memory (MB)          :    71           1      2000 

	Job terminated of its own accord at 2023-08-14T10:38:10Z with exit-code 0.
...
