000 (7200.000.000) 2023-08-14 12:12:44 Job submitted from host: <90.147.8.111:9618?addrs=90.147.8.111-9618&alias=ams&noUDP&sock=schedd_3306931_2f8d>
...
040 (7200.000.000) 2023-08-14 13:11:06 Started transferring input files
	Transferring to host: <192.168.100.3:9618?addrs=192.168.100.3-9618&alias=node03&noUDP&sock=slot15_56810_88bf_2353>
...
040 (7200.000.000) 2023-08-14 13:11:06 Finished transferring input files
...
001 (7200.000.000) 2023-08-14 13:11:07 Job executing on host: <192.168.100.3:9618?addrs=192.168.100.3-9618&alias=node03&noUDP&sock=startd_56773_2261>
	SlotName: slot15@node03
...
006 (7200.000.000) 2023-08-14 13:11:15 Image size of job updated: 71244
	70  -  MemoryUsage of job (MB)
	71244  -  ResidentSetSize of job (KB)
...
006 (7200.000.000) 2023-08-14 13:16:15 Image size of job updated: 465816
	71  -  MemoryUsage of job (MB)
	71728  -  ResidentSetSize of job (KB)
...
006 (7200.000.000) 2023-08-14 13:21:15 Image size of job updated: 465816
	71  -  MemoryUsage of job (MB)
	71772  -  ResidentSetSize of job (KB)
...
006 (7200.000.000) 2023-08-14 13:26:15 Image size of job updated: 465816
	71  -  MemoryUsage of job (MB)
	71912  -  ResidentSetSize of job (KB)
...
006 (7200.000.000) 2023-08-14 13:31:16 Image size of job updated: 465816
	71  -  MemoryUsage of job (MB)
	72144  -  ResidentSetSize of job (KB)
...
006 (7200.000.000) 2023-08-14 13:36:16 Image size of job updated: 465816
	71  -  MemoryUsage of job (MB)
	72292  -  ResidentSetSize of job (KB)
...
006 (7200.000.000) 2023-08-14 13:41:16 Image size of job updated: 465816
	71  -  MemoryUsage of job (MB)
	72508  -  ResidentSetSize of job (KB)
...
005 (7200.000.000) 2023-08-14 13:41:51 Job terminated.
	(1) Normal termination (return value 0)
		Usr 0 00:30:35, Sys 0 00:00:00  -  Run Remote Usage
		Usr 0 00:00:00, Sys 0 00:00:00  -  Run Local Usage
		Usr 0 00:30:35, Sys 0 00:00:00  -  Total Remote Usage
		Usr 0 00:00:00, Sys 0 00:00:00  -  Total Local Usage
	0  -  Run Bytes Sent By Job
	478  -  Run Bytes Received By Job
	0  -  Total Bytes Sent By Job
	478  -  Total Bytes Received By Job
	Partitionable Resources :    Usage  Request Allocated 
	   Cpus                 :     0.99        1         1 
	   Disk (KB)            :    21           1   4077838 
	   Memory (MB)          :    71           1      2000 

	Job terminated of its own accord at 2023-08-14T11:41:51Z with exit-code 0.
...
