000 (7354.000.000) 2023-08-14 12:12:53 Job submitted from host: <90.147.8.111:9618?addrs=90.147.8.111-9618&alias=ams&noUDP&sock=schedd_3306931_2f8d>
...
040 (7354.000.000) 2023-08-14 13:52:06 Started transferring input files
	Transferring to host: <192.168.100.101:9618?addrs=192.168.100.101-9618&alias=node02&noUDP&sock=slot8_102123_a452_2606>
...
040 (7354.000.000) 2023-08-14 13:52:06 Finished transferring input files
...
001 (7354.000.000) 2023-08-14 13:52:07 Job executing on host: <192.168.100.101:9618?addrs=192.168.100.101-9618&alias=node02&noUDP&sock=startd_102084_b624>
	SlotName: slot8@node02
	CondorScratchDir = "/home/spool/lib/condor/execute/dir_172879"
	Cpus = 1
	Disk = 1873362
	Memory = 2006
...
006 (7354.000.000) 2023-08-14 13:52:15 Image size of job updated: 75696
	69  -  MemoryUsage of job (MB)
	70060  -  ResidentSetSize of job (KB)
...
006 (7354.000.000) 2023-08-14 13:57:15 Image size of job updated: 100612
	99  -  MemoryUsage of job (MB)
	100612  -  ResidentSetSize of job (KB)
...
006 (7354.000.000) 2023-08-14 14:02:15 Image size of job updated: 133120
	130  -  MemoryUsage of job (MB)
	132956  -  ResidentSetSize of job (KB)
...
006 (7354.000.000) 2023-08-14 14:07:15 Image size of job updated: 165956
	163  -  MemoryUsage of job (MB)
	165956  -  ResidentSetSize of job (KB)
...
006 (7354.000.000) 2023-08-14 14:09:31 Image size of job updated: 182280
	163  -  MemoryUsage of job (MB)
	165956  -  ResidentSetSize of job (KB)
...
005 (7354.000.000) 2023-08-14 14:09:31 Job terminated.
	(1) Normal termination (return value 0)
		Usr 0 00:00:00, Sys 0 00:00:00  -  Run Remote Usage
		Usr 0 00:00:00, Sys 0 00:00:00  -  Run Local Usage
		Usr 0 00:00:00, Sys 0 00:00:00  -  Total Remote Usage
		Usr 0 00:00:00, Sys 0 00:00:00  -  Total Local Usage
	0  -  Run Bytes Sent By Job
	463  -  Run Bytes Received By Job
	0  -  Total Bytes Sent By Job
	463  -  Total Bytes Received By Job
	Partitionable Resources :    Usage  Request Allocated 
	   Cpus                 :     1.00        1         1 
	   Disk (KB)            :    21           1   1873362 
	   Memory (MB)          :   163           1      2006 

	Job terminated of its own accord at 2023-08-14T12:09:31Z with exit-code 0.
...
