000 (7318.000.000) 2023-08-14 12:12:51 Job submitted from host: <90.147.8.111:9618?addrs=90.147.8.111-9618&alias=ams&noUDP&sock=schedd_3306931_2f8d>
...
040 (7318.000.000) 2023-08-14 13:43:06 Started transferring input files
	Transferring to host: <192.168.100.3:9618?addrs=192.168.100.3-9618&alias=node03&noUDP&sock=slot11_56810_88bf_2405>
...
040 (7318.000.000) 2023-08-14 13:43:06 Finished transferring input files
...
001 (7318.000.000) 2023-08-14 13:43:07 Job executing on host: <192.168.100.3:9618?addrs=192.168.100.3-9618&alias=node03&noUDP&sock=startd_56773_2261>
	SlotName: slot11@node03
...
006 (7318.000.000) 2023-08-14 13:43:16 Image size of job updated: 69148
	68  -  MemoryUsage of job (MB)
	69148  -  ResidentSetSize of job (KB)
...
006 (7318.000.000) 2023-08-14 13:48:17 Image size of job updated: 463856
	69  -  MemoryUsage of job (MB)
	69784  -  ResidentSetSize of job (KB)
...
006 (7318.000.000) 2023-08-14 13:53:17 Image size of job updated: 463856
	69  -  MemoryUsage of job (MB)
	69824  -  ResidentSetSize of job (KB)
...
006 (7318.000.000) 2023-08-14 13:58:18 Image size of job updated: 463856
	69  -  MemoryUsage of job (MB)
	69908  -  ResidentSetSize of job (KB)
...
006 (7318.000.000) 2023-08-14 14:03:18 Image size of job updated: 463856
	69  -  MemoryUsage of job (MB)
	70204  -  ResidentSetSize of job (KB)
...
006 (7318.000.000) 2023-08-14 14:08:18 Image size of job updated: 463856
	70  -  MemoryUsage of job (MB)
	71080  -  ResidentSetSize of job (KB)
...
006 (7318.000.000) 2023-08-14 14:13:18 Image size of job updated: 463856
	70  -  MemoryUsage of job (MB)
	71212  -  ResidentSetSize of job (KB)
...
005 (7318.000.000) 2023-08-14 14:16:11 Job terminated.
	(1) Normal termination (return value 0)
		Usr 0 00:32:52, Sys 0 00:00:01  -  Run Remote Usage
		Usr 0 00:00:00, Sys 0 00:00:00  -  Run Local Usage
		Usr 0 00:32:52, Sys 0 00:00:01  -  Total Remote Usage
		Usr 0 00:00:00, Sys 0 00:00:00  -  Total Local Usage
	0  -  Run Bytes Sent By Job
	465  -  Run Bytes Received By Job
	0  -  Total Bytes Sent By Job
	465  -  Total Bytes Received By Job
	Partitionable Resources :    Usage  Request Allocated 
	   Cpus                 :     0.99        1         1 
	   Disk (KB)            :    21           1   4077838 
	   Memory (MB)          :    70           1      2000 

	Job terminated of its own accord at 2023-08-14T12:16:11Z with exit-code 0.
...
