000 (7163.000.000) 2023-08-14 12:12:43 Job submitted from host: <90.147.8.111:9618?addrs=90.147.8.111-9618&alias=ams&noUDP&sock=schedd_3306931_2f8d>
...
040 (7163.000.000) 2023-08-14 13:00:06 Started transferring input files
	Transferring to host: <192.168.100.101:9618?addrs=192.168.100.101-9618&alias=node02&noUDP&sock=slot19_102123_a452_2500>
...
040 (7163.000.000) 2023-08-14 13:00:06 Finished transferring input files
...
001 (7163.000.000) 2023-08-14 13:00:07 Job executing on host: <192.168.100.101:9618?addrs=192.168.100.101-9618&alias=node02&noUDP&sock=startd_102084_b624>
	SlotName: slot19@node02
	CondorScratchDir = "/home/spool/lib/condor/execute/dir_171068"
	Cpus = 1
	Disk = 1873362
	Memory = 2006
...
006 (7163.000.000) 2023-08-14 13:00:15 Image size of job updated: 128
	1  -  MemoryUsage of job (MB)
	72  -  ResidentSetSize of job (KB)
...
005 (7163.000.000) 2023-08-14 13:38:04 Job terminated.
	(1) Normal termination (return value 0)
		Usr 0 00:00:00, Sys 0 00:00:00  -  Run Remote Usage
		Usr 0 00:00:00, Sys 0 00:00:00  -  Run Local Usage
		Usr 0 00:00:00, Sys 0 00:00:00  -  Total Remote Usage
		Usr 0 00:00:00, Sys 0 00:00:00  -  Total Local Usage
	0  -  Run Bytes Sent By Job
	465  -  Run Bytes Received By Job
	0  -  Total Bytes Sent By Job
	465  -  Total Bytes Received By Job
	Partitionable Resources :    Usage  Request Allocated 
	   Cpus                 :     0.88        1         1 
	   Disk (KB)            :    21           1   1873362 
	   Memory (MB)          :     1           1      2006 

	Job terminated of its own accord at 2023-08-14T11:38:04Z with exit-code 0.
...
