000 (7261.000.000) 2023-08-14 12:12:48 Job submitted from host: <90.147.8.111:9618?addrs=90.147.8.111-9618&alias=ams&noUDP&sock=schedd_3306931_2f8d>
...
040 (7261.000.000) 2023-08-14 13:26:07 Started transferring input files
	Transferring to host: <192.168.100.3:9618?addrs=192.168.100.3-9618&alias=node03&noUDP&sock=slot7_56810_88bf_2381>
...
040 (7261.000.000) 2023-08-14 13:26:07 Finished transferring input files
...
001 (7261.000.000) 2023-08-14 13:26:08 Job executing on host: <192.168.100.3:9618?addrs=192.168.100.3-9618&alias=node03&noUDP&sock=startd_56773_2261>
	SlotName: slot7@node03
...
006 (7261.000.000) 2023-08-14 13:26:17 Image size of job updated: 466240
	70  -  MemoryUsage of job (MB)
	71480  -  ResidentSetSize of job (KB)
...
006 (7261.000.000) 2023-08-14 13:31:17 Image size of job updated: 466240
	71  -  MemoryUsage of job (MB)
	72160  -  ResidentSetSize of job (KB)
...
006 (7261.000.000) 2023-08-14 13:36:17 Image size of job updated: 466240
	71  -  MemoryUsage of job (MB)
	72176  -  ResidentSetSize of job (KB)
...
006 (7261.000.000) 2023-08-14 13:41:18 Image size of job updated: 466240
	71  -  MemoryUsage of job (MB)
	72224  -  ResidentSetSize of job (KB)
...
006 (7261.000.000) 2023-08-14 13:46:18 Image size of job updated: 466240
	71  -  MemoryUsage of job (MB)
	72484  -  ResidentSetSize of job (KB)
...
006 (7261.000.000) 2023-08-14 13:51:18 Image size of job updated: 466240
	71  -  MemoryUsage of job (MB)
	72700  -  ResidentSetSize of job (KB)
...
006 (7261.000.000) 2023-08-14 13:56:18 Image size of job updated: 466240
	72  -  MemoryUsage of job (MB)
	73160  -  ResidentSetSize of job (KB)
...
006 (7261.000.000) 2023-08-14 14:01:18 Image size of job updated: 466240
	73  -  MemoryUsage of job (MB)
	73752  -  ResidentSetSize of job (KB)
...
005 (7261.000.000) 2023-08-14 14:04:44 Job terminated.
	(1) Normal termination (return value 0)
		Usr 0 00:38:24, Sys 0 00:00:00  -  Run Remote Usage
		Usr 0 00:00:00, Sys 0 00:00:00  -  Run Local Usage
		Usr 0 00:38:24, Sys 0 00:00:00  -  Total Remote Usage
		Usr 0 00:00:00, Sys 0 00:00:00  -  Total Local Usage
	0  -  Run Bytes Sent By Job
	463  -  Run Bytes Received By Job
	0  -  Total Bytes Sent By Job
	463  -  Total Bytes Received By Job
	Partitionable Resources :    Usage  Request Allocated 
	   Cpus                 :     0.98        1         1 
	   Disk (KB)            :    21           1   4077838 
	   Memory (MB)          :    73           1      2000 

	Job terminated of its own accord at 2023-08-14T12:04:44Z with exit-code 0.
...
