000 (7299.000.000) 2023-08-14 12:12:50 Job submitted from host: <90.147.8.111:9618?addrs=90.147.8.111-9618&alias=ams&noUDP&sock=schedd_3306931_2f8d>
...
040 (7299.000.000) 2023-08-14 13:37:06 Started transferring input files
	Transferring to host: <192.168.100.3:9618?addrs=192.168.100.3-9618&alias=node03&noUDP&sock=slot34_56810_88bf_2396>
...
040 (7299.000.000) 2023-08-14 13:37:06 Finished transferring input files
...
001 (7299.000.000) 2023-08-14 13:37:07 Job executing on host: <192.168.100.3:9618?addrs=192.168.100.3-9618&alias=node03&noUDP&sock=startd_56773_2261>
	SlotName: slot34@node03
...
006 (7299.000.000) 2023-08-14 13:37:15 Image size of job updated: 68840
	68  -  MemoryUsage of job (MB)
	68840  -  ResidentSetSize of job (KB)
...
006 (7299.000.000) 2023-08-14 13:42:16 Image size of job updated: 463796
	69  -  MemoryUsage of job (MB)
	69784  -  ResidentSetSize of job (KB)
...
006 (7299.000.000) 2023-08-14 13:47:16 Image size of job updated: 463796
	69  -  MemoryUsage of job (MB)
	69828  -  ResidentSetSize of job (KB)
...
006 (7299.000.000) 2023-08-14 13:52:17 Image size of job updated: 463796
	69  -  MemoryUsage of job (MB)
	70244  -  ResidentSetSize of job (KB)
...
006 (7299.000.000) 2023-08-14 13:57:17 Image size of job updated: 463796
	70  -  MemoryUsage of job (MB)
	71640  -  ResidentSetSize of job (KB)
...
005 (7299.000.000) 2023-08-14 14:01:50 Job terminated.
	(1) Normal termination (return value 0)
		Usr 0 00:24:34, Sys 0 00:00:01  -  Run Remote Usage
		Usr 0 00:00:00, Sys 0 00:00:00  -  Run Local Usage
		Usr 0 00:24:34, Sys 0 00:00:01  -  Total Remote Usage
		Usr 0 00:00:00, Sys 0 00:00:00  -  Total Local Usage
	0  -  Run Bytes Sent By Job
	448  -  Run Bytes Received By Job
	0  -  Total Bytes Sent By Job
	448  -  Total Bytes Received By Job
	Partitionable Resources :    Usage  Request Allocated 
	   Cpus                 :     0.99        1         1 
	   Disk (KB)            :    21           1   4077838 
	   Memory (MB)          :    70           1      2000 

	Job terminated of its own accord at 2023-08-14T12:01:50Z with exit-code 0.
...
