000 (7292.000.000) 2023-08-14 12:12:50 Job submitted from host: <90.147.8.111:9618?addrs=90.147.8.111-9618&alias=ams&noUDP&sock=schedd_3306931_2f8d>
...
040 (7292.000.000) 2023-08-14 13:33:57 Started transferring input files
	Transferring to host: <192.168.100.3:9618?addrs=192.168.100.3-9618&alias=node03&noUDP&sock=slot19_56810_88bf_2392>
...
040 (7292.000.000) 2023-08-14 13:33:57 Finished transferring input files
...
001 (7292.000.000) 2023-08-14 13:33:58 Job executing on host: <192.168.100.3:9618?addrs=192.168.100.3-9618&alias=node03&noUDP&sock=startd_56773_2261>
	SlotName: slot19@node03
...
006 (7292.000.000) 2023-08-14 13:34:06 Image size of job updated: 451024
	70  -  MemoryUsage of job (MB)
	71268  -  ResidentSetSize of job (KB)
...
006 (7292.000.000) 2023-08-14 13:39:06 Image size of job updated: 466240
	71  -  MemoryUsage of job (MB)
	72160  -  ResidentSetSize of job (KB)
...
006 (7292.000.000) 2023-08-14 13:44:06 Image size of job updated: 466240
	71  -  MemoryUsage of job (MB)
	72208  -  ResidentSetSize of job (KB)
...
006 (7292.000.000) 2023-08-14 13:49:06 Image size of job updated: 466240
	71  -  MemoryUsage of job (MB)
	72232  -  ResidentSetSize of job (KB)
...
006 (7292.000.000) 2023-08-14 13:54:06 Image size of job updated: 466240
	72  -  MemoryUsage of job (MB)
	73268  -  ResidentSetSize of job (KB)
...
006 (7292.000.000) 2023-08-14 14:09:06 Image size of job updated: 466240
	72  -  MemoryUsage of job (MB)
	73672  -  ResidentSetSize of job (KB)
...
005 (7292.000.000) 2023-08-14 14:12:56 Job terminated.
	(1) Normal termination (return value 0)
		Usr 0 00:38:47, Sys 0 00:00:00  -  Run Remote Usage
		Usr 0 00:00:00, Sys 0 00:00:00  -  Run Local Usage
		Usr 0 00:38:47, Sys 0 00:00:00  -  Total Remote Usage
		Usr 0 00:00:00, Sys 0 00:00:00  -  Total Local Usage
	0  -  Run Bytes Sent By Job
	465  -  Run Bytes Received By Job
	0  -  Total Bytes Sent By Job
	465  -  Total Bytes Received By Job
	Partitionable Resources :    Usage  Request Allocated 
	   Cpus                 :     1.00        1         1 
	   Disk (KB)            :    22           1   4077838 
	   Memory (MB)          :    72           1      2000 

	Job terminated of its own accord at 2023-08-14T12:12:56Z with exit-code 0.
...
