000 (7493.000.000) 2023-08-14 12:12:59 Job submitted from host: <90.147.8.111:9618?addrs=90.147.8.111-9618&alias=ams&noUDP&sock=schedd_3306931_2f8d>
...
040 (7493.000.000) 2023-08-14 14:30:08 Started transferring input files
	Transferring to host: <192.168.100.101:9618?addrs=192.168.100.101-9618&alias=node02&noUDP&sock=slot4_102123_a452_2685>
...
040 (7493.000.000) 2023-08-14 14:30:08 Finished transferring input files
...
001 (7493.000.000) 2023-08-14 14:30:09 Job executing on host: <192.168.100.101:9618?addrs=192.168.100.101-9618&alias=node02&noUDP&sock=startd_102084_b624>
	SlotName: slot4@node02
	CondorScratchDir = "/home/spool/lib/condor/execute/dir_174174"
	Cpus = 1
	Disk = 1873362
	Memory = 2006
...
006 (7493.000.000) 2023-08-14 14:30:18 Image size of job updated: 75284
	68  -  MemoryUsage of job (MB)
	69416  -  ResidentSetSize of job (KB)
...
006 (7493.000.000) 2023-08-14 14:35:18 Image size of job updated: 84380
	83  -  MemoryUsage of job (MB)
	84196  -  ResidentSetSize of job (KB)
...
006 (7493.000.000) 2023-08-14 14:40:18 Image size of job updated: 102592
	101  -  MemoryUsage of job (MB)
	102472  -  ResidentSetSize of job (KB)
...
006 (7493.000.000) 2023-08-14 14:45:18 Image size of job updated: 125592
	123  -  MemoryUsage of job (MB)
	125572  -  ResidentSetSize of job (KB)
...
006 (7493.000.000) 2023-08-14 14:47:53 Image size of job updated: 138964
	123  -  MemoryUsage of job (MB)
	125572  -  ResidentSetSize of job (KB)
...
005 (7493.000.000) 2023-08-14 14:47:53 Job terminated.
	(1) Normal termination (return value 0)
		Usr 0 00:00:00, Sys 0 00:00:00  -  Run Remote Usage
		Usr 0 00:00:00, Sys 0 00:00:00  -  Run Local Usage
		Usr 0 00:00:00, Sys 0 00:00:00  -  Total Remote Usage
		Usr 0 00:00:00, Sys 0 00:00:00  -  Total Local Usage
	0  -  Run Bytes Sent By Job
	446  -  Run Bytes Received By Job
	0  -  Total Bytes Sent By Job
	446  -  Total Bytes Received By Job
	Partitionable Resources :    Usage  Request Allocated 
	   Cpus                 :     1.00        1         1 
	   Disk (KB)            :    21           1   1873362 
	   Memory (MB)          :   123           1      2006 

	Job terminated of its own accord at 2023-08-14T12:47:53Z with exit-code 0.
...
