000 (7471.000.000) 2023-08-14 12:12:58 Job submitted from host: <90.147.8.111:9618?addrs=90.147.8.111-9618&alias=ams&noUDP&sock=schedd_3306931_2f8d>
...
040 (7471.000.000) 2023-08-14 14:23:08 Started transferring input files
	Transferring to host: <192.168.100.101:9618?addrs=192.168.100.101-9618&alias=node02&noUDP&sock=slot61_102123_a452_2672>
...
040 (7471.000.000) 2023-08-14 14:23:08 Finished transferring input files
...
001 (7471.000.000) 2023-08-14 14:23:09 Job executing on host: <192.168.100.101:9618?addrs=192.168.100.101-9618&alias=node02&noUDP&sock=startd_102084_b624>
	SlotName: slot61@node02
	CondorScratchDir = "/home/spool/lib/condor/execute/dir_173940"
	Cpus = 1
	Disk = 1873362
	Memory = 2006
...
006 (7471.000.000) 2023-08-14 14:23:17 Image size of job updated: 92100
	70  -  MemoryUsage of job (MB)
	71440  -  ResidentSetSize of job (KB)
...
006 (7471.000.000) 2023-08-14 14:28:17 Image size of job updated: 100676
	99  -  MemoryUsage of job (MB)
	100640  -  ResidentSetSize of job (KB)
...
006 (7471.000.000) 2023-08-14 14:33:17 Image size of job updated: 129824
	127  -  MemoryUsage of job (MB)
	129824  -  ResidentSetSize of job (KB)
...
006 (7471.000.000) 2023-08-14 14:38:17 Image size of job updated: 165740
	162  -  MemoryUsage of job (MB)
	165740  -  ResidentSetSize of job (KB)
...
006 (7471.000.000) 2023-08-14 14:43:17 Image size of job updated: 205648
	201  -  MemoryUsage of job (MB)
	205648  -  ResidentSetSize of job (KB)
...
006 (7471.000.000) 2023-08-14 14:46:50 Image size of job updated: 239504
	201  -  MemoryUsage of job (MB)
	205648  -  ResidentSetSize of job (KB)
...
005 (7471.000.000) 2023-08-14 14:46:50 Job terminated.
	(1) Normal termination (return value 0)
		Usr 0 00:00:00, Sys 0 00:00:00  -  Run Remote Usage
		Usr 0 00:00:00, Sys 0 00:00:00  -  Run Local Usage
		Usr 0 00:00:00, Sys 0 00:00:00  -  Total Remote Usage
		Usr 0 00:00:00, Sys 0 00:00:00  -  Total Local Usage
	0  -  Run Bytes Sent By Job
	480  -  Run Bytes Received By Job
	0  -  Total Bytes Sent By Job
	480  -  Total Bytes Received By Job
	Partitionable Resources :    Usage  Request Allocated 
	   Cpus                 :     1.00        1         1 
	   Disk (KB)            :    21           1   1873362 
	   Memory (MB)          :   201           1      2006 

	Job terminated of its own accord at 2023-08-14T12:46:50Z with exit-code 0.
...
