000 (7069.000.000) 2023-08-14 12:12:38 Job submitted from host: <90.147.8.111:9618?addrs=90.147.8.111-9618&alias=ams&noUDP&sock=schedd_3306931_2f8d>
...
040 (7069.000.000) 2023-08-14 12:39:05 Started transferring input files
	Transferring to host: <192.168.100.3:9618?addrs=192.168.100.3-9618&alias=node03&noUDP&sock=slot37_56810_88bf_2296>
...
040 (7069.000.000) 2023-08-14 12:39:05 Finished transferring input files
...
001 (7069.000.000) 2023-08-14 12:39:06 Job executing on host: <192.168.100.3:9618?addrs=192.168.100.3-9618&alias=node03&noUDP&sock=startd_56773_2261>
	SlotName: slot37@node03
...
006 (7069.000.000) 2023-08-14 12:39:15 Image size of job updated: 68872
	68  -  MemoryUsage of job (MB)
	68872  -  ResidentSetSize of job (KB)
...
006 (7069.000.000) 2023-08-14 12:44:15 Image size of job updated: 463856
	69  -  MemoryUsage of job (MB)
	69804  -  ResidentSetSize of job (KB)
...
006 (7069.000.000) 2023-08-14 12:49:16 Image size of job updated: 463856
	69  -  MemoryUsage of job (MB)
	69808  -  ResidentSetSize of job (KB)
...
006 (7069.000.000) 2023-08-14 12:54:16 Image size of job updated: 463856
	69  -  MemoryUsage of job (MB)
	69920  -  ResidentSetSize of job (KB)
...
006 (7069.000.000) 2023-08-14 12:59:16 Image size of job updated: 463856
	69  -  MemoryUsage of job (MB)
	70072  -  ResidentSetSize of job (KB)
...
006 (7069.000.000) 2023-08-14 13:04:16 Image size of job updated: 463856
	70  -  MemoryUsage of job (MB)
	71012  -  ResidentSetSize of job (KB)
...
006 (7069.000.000) 2023-08-14 13:09:16 Image size of job updated: 463856
	70  -  MemoryUsage of job (MB)
	71356  -  ResidentSetSize of job (KB)
...
005 (7069.000.000) 2023-08-14 13:12:23 Job terminated.
	(1) Normal termination (return value 0)
		Usr 0 00:33:03, Sys 0 00:00:02  -  Run Remote Usage
		Usr 0 00:00:00, Sys 0 00:00:00  -  Run Local Usage
		Usr 0 00:33:03, Sys 0 00:00:02  -  Total Remote Usage
		Usr 0 00:00:00, Sys 0 00:00:00  -  Total Local Usage
	0  -  Run Bytes Sent By Job
	465  -  Run Bytes Received By Job
	0  -  Total Bytes Sent By Job
	465  -  Total Bytes Received By Job
	Partitionable Resources :    Usage  Request Allocated 
	   Cpus                 :     1.00        1         1 
	   Disk (KB)            :    21           1   4077838 
	   Memory (MB)          :    70           1      2000 

	Job terminated of its own accord at 2023-08-14T11:12:23Z with exit-code 0.
...
