000 (7456.000.000) 2023-08-14 12:12:57 Job submitted from host: <90.147.8.111:9618?addrs=90.147.8.111-9618&alias=ams&noUDP&sock=schedd_3306931_2f8d>
...
040 (7456.000.000) 2023-08-14 14:19:07 Started transferring input files
	Transferring to host: <192.168.100.101:9618?addrs=192.168.100.101-9618&alias=node02&noUDP&sock=slot2_102123_a452_2665>
...
040 (7456.000.000) 2023-08-14 14:19:07 Finished transferring input files
...
001 (7456.000.000) 2023-08-14 14:19:08 Job executing on host: <192.168.100.101:9618?addrs=192.168.100.101-9618&alias=node02&noUDP&sock=startd_102084_b624>
	SlotName: slot2@node02
	CondorScratchDir = "/home/spool/lib/condor/execute/dir_173809"
	Cpus = 1
	Disk = 1873362
	Memory = 2006
...
006 (7456.000.000) 2023-08-14 14:19:17 Image size of job updated: 92272
	71  -  MemoryUsage of job (MB)
	71900  -  ResidentSetSize of job (KB)
...
006 (7456.000.000) 2023-08-14 14:24:17 Image size of job updated: 92272
	85  -  MemoryUsage of job (MB)
	86992  -  ResidentSetSize of job (KB)
...
006 (7456.000.000) 2023-08-14 14:29:18 Image size of job updated: 100464
	99  -  MemoryUsage of job (MB)
	100464  -  ResidentSetSize of job (KB)
...
006 (7456.000.000) 2023-08-14 14:34:19 Image size of job updated: 116100
	114  -  MemoryUsage of job (MB)
	116036  -  ResidentSetSize of job (KB)
...
006 (7456.000.000) 2023-08-14 14:39:19 Image size of job updated: 134264
	132  -  MemoryUsage of job (MB)
	134260  -  ResidentSetSize of job (KB)
...
006 (7456.000.000) 2023-08-14 14:44:19 Image size of job updated: 153968
	151  -  MemoryUsage of job (MB)
	153968  -  ResidentSetSize of job (KB)
...
006 (7456.000.000) 2023-08-14 14:47:11 Image size of job updated: 167896
	151  -  MemoryUsage of job (MB)
	153968  -  ResidentSetSize of job (KB)
...
005 (7456.000.000) 2023-08-14 14:47:11 Job terminated.
	(1) Normal termination (return value 0)
		Usr 0 00:00:00, Sys 0 00:00:00  -  Run Remote Usage
		Usr 0 00:00:00, Sys 0 00:00:00  -  Run Local Usage
		Usr 0 00:00:00, Sys 0 00:00:00  -  Total Remote Usage
		Usr 0 00:00:00, Sys 0 00:00:00  -  Total Local Usage
	0  -  Run Bytes Sent By Job
	465  -  Run Bytes Received By Job
	0  -  Total Bytes Sent By Job
	465  -  Total Bytes Received By Job
	Partitionable Resources :    Usage  Request Allocated 
	   Cpus                 :     1.00        1         1 
	   Disk (KB)            :    21           1   1873362 
	   Memory (MB)          :   151           1      2006 

	Job terminated of its own accord at 2023-08-14T12:47:11Z with exit-code 0.
...
