000 (7079.000.000) 2023-08-14 12:12:39 Job submitted from host: <90.147.8.111:9618?addrs=90.147.8.111-9618&alias=ams&noUDP&sock=schedd_3306931_2f8d>
...
040 (7079.000.000) 2023-08-14 12:41:06 Started transferring input files
	Transferring to host: <192.168.100.3:9618?addrs=192.168.100.3-9618&alias=node03&noUDP&sock=slot23_56810_88bf_2303>
...
040 (7079.000.000) 2023-08-14 12:41:06 Finished transferring input files
...
001 (7079.000.000) 2023-08-14 12:41:07 Job executing on host: <192.168.100.3:9618?addrs=192.168.100.3-9618&alias=node03&noUDP&sock=startd_56773_2261>
	SlotName: slot23@node03
...
006 (7079.000.000) 2023-08-14 12:41:16 Image size of job updated: 341280
	68  -  MemoryUsage of job (MB)
	69256  -  ResidentSetSize of job (KB)
...
006 (7079.000.000) 2023-08-14 12:46:16 Image size of job updated: 463432
	68  -  MemoryUsage of job (MB)
	69368  -  ResidentSetSize of job (KB)
...
006 (7079.000.000) 2023-08-14 12:51:16 Image size of job updated: 463432
	68  -  MemoryUsage of job (MB)
	69416  -  ResidentSetSize of job (KB)
...
006 (7079.000.000) 2023-08-14 12:56:17 Image size of job updated: 463432
	69  -  MemoryUsage of job (MB)
	69796  -  ResidentSetSize of job (KB)
...
006 (7079.000.000) 2023-08-14 13:06:17 Image size of job updated: 463432
	69  -  MemoryUsage of job (MB)
	69928  -  ResidentSetSize of job (KB)
...
005 (7079.000.000) 2023-08-14 13:08:16 Job terminated.
	(1) Normal termination (return value 0)
		Usr 0 00:26:58, Sys 0 00:00:01  -  Run Remote Usage
		Usr 0 00:00:00, Sys 0 00:00:00  -  Run Local Usage
		Usr 0 00:26:58, Sys 0 00:00:01  -  Total Remote Usage
		Usr 0 00:00:00, Sys 0 00:00:00  -  Total Local Usage
	0  -  Run Bytes Sent By Job
	480  -  Run Bytes Received By Job
	0  -  Total Bytes Sent By Job
	480  -  Total Bytes Received By Job
	Partitionable Resources :    Usage  Request Allocated 
	   Cpus                 :     1.00        1         1 
	   Disk (KB)            :    21           1   4077838 
	   Memory (MB)          :    69           1      2000 

	Job terminated of its own accord at 2023-08-14T11:08:16Z with exit-code 0.
...
