000 (7377.000.000) 2023-08-14 12:12:54 Job submitted from host: <90.147.8.111:9618?addrs=90.147.8.111-9618&alias=ams&noUDP&sock=schedd_3306931_2f8d>
...
040 (7377.000.000) 2023-08-14 13:58:06 Started transferring input files
	Transferring to host: <192.168.100.3:9618?addrs=192.168.100.3-9618&alias=node03&noUDP&sock=slot12_56810_88bf_2430>
...
040 (7377.000.000) 2023-08-14 13:58:06 Finished transferring input files
...
001 (7377.000.000) 2023-08-14 13:58:07 Job executing on host: <192.168.100.3:9618?addrs=192.168.100.3-9618&alias=node03&noUDP&sock=startd_56773_2261>
	SlotName: slot12@node03
...
006 (7377.000.000) 2023-08-14 13:58:16 Image size of job updated: 374532
	68  -  MemoryUsage of job (MB)
	68788  -  ResidentSetSize of job (KB)
...
006 (7377.000.000) 2023-08-14 14:03:16 Image size of job updated: 463796
	69  -  MemoryUsage of job (MB)
	69760  -  ResidentSetSize of job (KB)
...
006 (7377.000.000) 2023-08-14 14:08:16 Image size of job updated: 463796
	69  -  MemoryUsage of job (MB)
	69780  -  ResidentSetSize of job (KB)
...
006 (7377.000.000) 2023-08-14 14:13:16 Image size of job updated: 463796
	69  -  MemoryUsage of job (MB)
	70224  -  ResidentSetSize of job (KB)
...
006 (7377.000.000) 2023-08-14 14:18:16 Image size of job updated: 463796
	70  -  MemoryUsage of job (MB)
	71572  -  ResidentSetSize of job (KB)
...
006 (7377.000.000) 2023-08-14 14:23:16 Image size of job updated: 463796
	71  -  MemoryUsage of job (MB)
	72460  -  ResidentSetSize of job (KB)
...
005 (7377.000.000) 2023-08-14 14:23:22 Job terminated.
	(1) Normal termination (return value 0)
		Usr 0 00:25:04, Sys 0 00:00:00  -  Run Remote Usage
		Usr 0 00:00:00, Sys 0 00:00:00  -  Run Local Usage
		Usr 0 00:25:04, Sys 0 00:00:00  -  Total Remote Usage
		Usr 0 00:00:00, Sys 0 00:00:00  -  Total Local Usage
	0  -  Run Bytes Sent By Job
	448  -  Run Bytes Received By Job
	0  -  Total Bytes Sent By Job
	448  -  Total Bytes Received By Job
	Partitionable Resources :    Usage  Request Allocated 
	   Cpus                 :     1.00        1         1 
	   Disk (KB)            :    21           1   4077838 
	   Memory (MB)          :    71           1      2000 

	Job terminated of its own accord at 2023-08-14T12:23:22Z with exit-code 0.
...
