000 (7212.000.000) 2023-08-14 12:12:46 Job submitted from host: <90.147.8.111:9618?addrs=90.147.8.111-9618&alias=ams&noUDP&sock=schedd_3306931_2f8d>
...
040 (7212.000.000) 2023-08-14 13:14:06 Started transferring input files
	Transferring to host: <192.168.100.101:9618?addrs=192.168.100.101-9618&alias=node02&noUDP&sock=slot54_102123_a452_2524>
...
040 (7212.000.000) 2023-08-14 13:14:06 Finished transferring input files
...
001 (7212.000.000) 2023-08-14 13:14:07 Job executing on host: <192.168.100.101:9618?addrs=192.168.100.101-9618&alias=node02&noUDP&sock=startd_102084_b624>
	SlotName: slot54@node02
	CondorScratchDir = "/home/spool/lib/condor/execute/dir_171593"
	Cpus = 1
	Disk = 1873362
	Memory = 2006
...
006 (7212.000.000) 2023-08-14 13:14:16 Image size of job updated: 74932
	68  -  MemoryUsage of job (MB)
	68736  -  ResidentSetSize of job (KB)
...
006 (7212.000.000) 2023-08-14 13:19:17 Image size of job updated: 79792
	78  -  MemoryUsage of job (MB)
	79792  -  ResidentSetSize of job (KB)
...
006 (7212.000.000) 2023-08-14 13:24:18 Image size of job updated: 88788
	87  -  MemoryUsage of job (MB)
	88788  -  ResidentSetSize of job (KB)
...
006 (7212.000.000) 2023-08-14 13:29:18 Image size of job updated: 99492
	98  -  MemoryUsage of job (MB)
	99432  -  ResidentSetSize of job (KB)
...
006 (7212.000.000) 2023-08-14 13:34:18 Image size of job updated: 111588
	109  -  MemoryUsage of job (MB)
	111588  -  ResidentSetSize of job (KB)
...
006 (7212.000.000) 2023-08-14 13:39:18 Image size of job updated: 123824
	121  -  MemoryUsage of job (MB)
	123824  -  ResidentSetSize of job (KB)
...
006 (7212.000.000) 2023-08-14 13:44:18 Image size of job updated: 135660
	133  -  MemoryUsage of job (MB)
	135660  -  ResidentSetSize of job (KB)
...
006 (7212.000.000) 2023-08-14 13:45:31 Image size of job updated: 138964
	133  -  MemoryUsage of job (MB)
	135660  -  ResidentSetSize of job (KB)
...
005 (7212.000.000) 2023-08-14 13:45:31 Job terminated.
	(1) Normal termination (return value 0)
		Usr 0 00:00:00, Sys 0 00:00:00  -  Run Remote Usage
		Usr 0 00:00:00, Sys 0 00:00:00  -  Run Local Usage
		Usr 0 00:00:00, Sys 0 00:00:00  -  Total Remote Usage
		Usr 0 00:00:00, Sys 0 00:00:00  -  Total Local Usage
	0  -  Run Bytes Sent By Job
	448  -  Run Bytes Received By Job
	0  -  Total Bytes Sent By Job
	448  -  Total Bytes Received By Job
	Partitionable Resources :    Usage  Request Allocated 
	   Cpus                 :     0.94        1         1 
	   Disk (KB)            :    21           1   1873362 
	   Memory (MB)          :   133           1      2006 

	Job terminated of its own accord at 2023-08-14T11:45:31Z with exit-code 0.
...
