000 (7243.000.000) 2023-08-14 12:12:47 Job submitted from host: <90.147.8.111:9618?addrs=90.147.8.111-9618&alias=ams&noUDP&sock=schedd_3306931_2f8d>
...
040 (7243.000.000) 2023-08-14 13:20:07 Started transferring input files
	Transferring to host: <192.168.100.101:9618?addrs=192.168.100.101-9618&alias=node02&noUDP&sock=slot49_102123_a452_2542>
...
040 (7243.000.000) 2023-08-14 13:20:07 Finished transferring input files
...
001 (7243.000.000) 2023-08-14 13:20:08 Job executing on host: <192.168.100.101:9618?addrs=192.168.100.101-9618&alias=node02&noUDP&sock=startd_102084_b624>
	SlotName: slot49@node02
	CondorScratchDir = "/home/spool/lib/condor/execute/dir_171836"
	Cpus = 1
	Disk = 1873362
	Memory = 2006
...
006 (7243.000.000) 2023-08-14 13:20:16 Image size of job updated: 75176
	69  -  MemoryUsage of job (MB)
	69828  -  ResidentSetSize of job (KB)
...
006 (7243.000.000) 2023-08-14 13:25:16 Image size of job updated: 106812
	104  -  MemoryUsage of job (MB)
	106456  -  ResidentSetSize of job (KB)
...
006 (7243.000.000) 2023-08-14 13:30:16 Image size of job updated: 148752
	146  -  MemoryUsage of job (MB)
	148752  -  ResidentSetSize of job (KB)
...
006 (7243.000.000) 2023-08-14 13:34:04 Image size of job updated: 181684
	146  -  MemoryUsage of job (MB)
	148752  -  ResidentSetSize of job (KB)
...
005 (7243.000.000) 2023-08-14 13:34:04 Job terminated.
	(1) Normal termination (return value 0)
		Usr 0 00:00:00, Sys 0 00:00:00  -  Run Remote Usage
		Usr 0 00:00:00, Sys 0 00:00:00  -  Run Local Usage
		Usr 0 00:00:00, Sys 0 00:00:00  -  Total Remote Usage
		Usr 0 00:00:00, Sys 0 00:00:00  -  Total Local Usage
	0  -  Run Bytes Sent By Job
	463  -  Run Bytes Received By Job
	0  -  Total Bytes Sent By Job
	463  -  Total Bytes Received By Job
	Partitionable Resources :    Usage  Request Allocated 
	   Cpus                 :     0.98        1         1 
	   Disk (KB)            :    21           1   1873362 
	   Memory (MB)          :   146           1      2006 

	Job terminated of its own accord at 2023-08-14T11:34:04Z with exit-code 0.
...
