000 (7053.000.000) 2023-08-14 12:12:37 Job submitted from host: <90.147.8.111:9618?addrs=90.147.8.111-9618&alias=ams&noUDP&sock=schedd_3306931_2f8d>
...
040 (7053.000.000) 2023-08-14 12:32:02 Started transferring input files
	Transferring to host: <192.168.100.3:9618?addrs=192.168.100.3-9618&alias=node03&noUDP&sock=slot15_56810_88bf_2289>
...
040 (7053.000.000) 2023-08-14 12:32:02 Finished transferring input files
...
001 (7053.000.000) 2023-08-14 12:32:03 Job executing on host: <192.168.100.3:9618?addrs=192.168.100.3-9618&alias=node03&noUDP&sock=startd_56773_2261>
	SlotName: slot15@node03
...
006 (7053.000.000) 2023-08-14 12:32:11 Image size of job updated: 432620
	70  -  MemoryUsage of job (MB)
	71248  -  ResidentSetSize of job (KB)
...
006 (7053.000.000) 2023-08-14 12:37:11 Image size of job updated: 466240
	71  -  MemoryUsage of job (MB)
	72144  -  ResidentSetSize of job (KB)
...
006 (7053.000.000) 2023-08-14 12:42:11 Image size of job updated: 466240
	71  -  MemoryUsage of job (MB)
	72204  -  ResidentSetSize of job (KB)
...
006 (7053.000.000) 2023-08-14 12:47:12 Image size of job updated: 466240
	71  -  MemoryUsage of job (MB)
	72260  -  ResidentSetSize of job (KB)
...
006 (7053.000.000) 2023-08-14 12:52:12 Image size of job updated: 466240
	71  -  MemoryUsage of job (MB)
	72372  -  ResidentSetSize of job (KB)
...
006 (7053.000.000) 2023-08-14 12:57:12 Image size of job updated: 466240
	71  -  MemoryUsage of job (MB)
	72448  -  ResidentSetSize of job (KB)
...
006 (7053.000.000) 2023-08-14 13:02:12 Image size of job updated: 466240
	72  -  MemoryUsage of job (MB)
	73184  -  ResidentSetSize of job (KB)
...
006 (7053.000.000) 2023-08-14 13:07:13 Image size of job updated: 466240
	72  -  MemoryUsage of job (MB)
	73612  -  ResidentSetSize of job (KB)
...
005 (7053.000.000) 2023-08-14 13:10:39 Job terminated.
	(1) Normal termination (return value 0)
		Usr 0 00:38:19, Sys 0 00:00:04  -  Run Remote Usage
		Usr 0 00:00:00, Sys 0 00:00:00  -  Run Local Usage
		Usr 0 00:38:19, Sys 0 00:00:04  -  Total Remote Usage
		Usr 0 00:00:00, Sys 0 00:00:00  -  Total Local Usage
	0  -  Run Bytes Sent By Job
	465  -  Run Bytes Received By Job
	0  -  Total Bytes Sent By Job
	465  -  Total Bytes Received By Job
	Partitionable Resources :    Usage  Request Allocated 
	   Cpus                 :     1.00        1         1 
	   Disk (KB)            :    22           1   4077838 
	   Memory (MB)          :    72           1      2000 

	Job terminated of its own accord at 2023-08-14T11:10:39Z with exit-code 0.
...
