000 (7444.000.000) 2023-08-14 12:12:56 Job submitted from host: <90.147.8.111:9618?addrs=90.147.8.111-9618&alias=ams&noUDP&sock=schedd_3306931_2f8d>
...
040 (7444.000.000) 2023-08-14 14:14:06 Started transferring input files
	Transferring to host: <192.168.100.101:9618?addrs=192.168.100.101-9618&alias=node02&noUDP&sock=slot32_102123_a452_2657>
...
040 (7444.000.000) 2023-08-14 14:14:06 Finished transferring input files
...
001 (7444.000.000) 2023-08-14 14:14:07 Job executing on host: <192.168.100.101:9618?addrs=192.168.100.101-9618&alias=node02&noUDP&sock=startd_102084_b624>
	SlotName: slot32@node02
	CondorScratchDir = "/home/spool/lib/condor/execute/dir_173665"
	Cpus = 1
	Disk = 1873362
	Memory = 2006
...
006 (7444.000.000) 2023-08-14 14:14:16 Image size of job updated: 75300
	68  -  MemoryUsage of job (MB)
	69380  -  ResidentSetSize of job (KB)
...
006 (7444.000.000) 2023-08-14 14:19:16 Image size of job updated: 84100
	83  -  MemoryUsage of job (MB)
	84044  -  ResidentSetSize of job (KB)
...
006 (7444.000.000) 2023-08-14 14:24:16 Image size of job updated: 102400
	100  -  MemoryUsage of job (MB)
	102112  -  ResidentSetSize of job (KB)
...
006 (7444.000.000) 2023-08-14 14:29:16 Image size of job updated: 121028
	119  -  MemoryUsage of job (MB)
	120960  -  ResidentSetSize of job (KB)
...
006 (7444.000.000) 2023-08-14 14:34:10 Image size of job updated: 140928
	119  -  MemoryUsage of job (MB)
	120960  -  ResidentSetSize of job (KB)
...
005 (7444.000.000) 2023-08-14 14:34:11 Job terminated.
	(1) Normal termination (return value 0)
		Usr 0 00:00:00, Sys 0 00:00:00  -  Run Remote Usage
		Usr 0 00:00:00, Sys 0 00:00:00  -  Run Local Usage
		Usr 0 00:00:00, Sys 0 00:00:00  -  Total Remote Usage
		Usr 0 00:00:00, Sys 0 00:00:00  -  Total Local Usage
	0  -  Run Bytes Sent By Job
	448  -  Run Bytes Received By Job
	0  -  Total Bytes Sent By Job
	448  -  Total Bytes Received By Job
	Partitionable Resources :    Usage  Request Allocated 
	   Cpus                 :     0.99        1         1 
	   Disk (KB)            :    21           1   1873362 
	   Memory (MB)          :   119           1      2006 

	Job terminated of its own accord at 2023-08-14T12:34:10Z with exit-code 0.
...
