000 (7150.000.000) 2023-08-14 12:12:42 Job submitted from host: <90.147.8.111:9618?addrs=90.147.8.111-9618&alias=ams&noUDP&sock=schedd_3306931_2f8d>
...
040 (7150.000.000) 2023-08-14 12:53:05 Started transferring input files
	Transferring to host: <192.168.100.101:9618?addrs=192.168.100.101-9618&alias=node02&noUDP&sock=slot58_102123_a452_2489>
...
040 (7150.000.000) 2023-08-14 12:53:05 Finished transferring input files
...
001 (7150.000.000) 2023-08-14 12:53:06 Job executing on host: <192.168.100.101:9618?addrs=192.168.100.101-9618&alias=node02&noUDP&sock=startd_102084_b624>
	SlotName: slot58@node02
	CondorScratchDir = "/home/spool/lib/condor/execute/dir_170841"
	Cpus = 1
	Disk = 1873362
	Memory = 2006
...
006 (7150.000.000) 2023-08-14 12:53:15 Image size of job updated: 75124
	69  -  MemoryUsage of job (MB)
	70092  -  ResidentSetSize of job (KB)
...
006 (7150.000.000) 2023-08-14 12:58:15 Image size of job updated: 109344
	107  -  MemoryUsage of job (MB)
	109284  -  ResidentSetSize of job (KB)
...
006 (7150.000.000) 2023-08-14 13:03:15 Image size of job updated: 150772
	148  -  MemoryUsage of job (MB)
	150772  -  ResidentSetSize of job (KB)
...
006 (7150.000.000) 2023-08-14 13:06:51 Image size of job updated: 181896
	148  -  MemoryUsage of job (MB)
	150772  -  ResidentSetSize of job (KB)
...
005 (7150.000.000) 2023-08-14 13:06:51 Job terminated.
	(1) Normal termination (return value 0)
		Usr 0 00:00:00, Sys 0 00:00:00  -  Run Remote Usage
		Usr 0 00:00:00, Sys 0 00:00:00  -  Run Local Usage
		Usr 0 00:00:00, Sys 0 00:00:00  -  Total Remote Usage
		Usr 0 00:00:00, Sys 0 00:00:00  -  Total Local Usage
	0  -  Run Bytes Sent By Job
	463  -  Run Bytes Received By Job
	0  -  Total Bytes Sent By Job
	463  -  Total Bytes Received By Job
	Partitionable Resources :    Usage  Request Allocated 
	   Cpus                 :     0.99        1         1 
	   Disk (KB)            :    21           1   1873362 
	   Memory (MB)          :   148           1      2006 

	Job terminated of its own accord at 2023-08-14T11:06:51Z with exit-code 0.
...
