000 (6942.000.000) 2023-08-14 12:12:32 Job submitted from host: <90.147.8.111:9618?addrs=90.147.8.111-9618&alias=ams&noUDP&sock=schedd_3306931_2f8d>
...
040 (6942.000.000) 2023-08-14 12:12:46 Started transferring input files
	Transferring to host: <192.168.100.3:9618?addrs=192.168.100.3-9618&alias=node03&noUDP&sock=slot14_56810_88bf_2248>
...
040 (6942.000.000) 2023-08-14 12:12:46 Finished transferring input files
...
001 (6942.000.000) 2023-08-14 12:12:49 Job executing on host: <192.168.100.3:9618?addrs=192.168.100.3-9618&alias=node03&noUDP&sock=startd_56773_2261>
	SlotName: slot14@node03
...
006 (6942.000.000) 2023-08-14 12:12:58 Image size of job updated: 60884
	60  -  MemoryUsage of job (MB)
	60884  -  ResidentSetSize of job (KB)
...
006 (6942.000.000) 2023-08-14 12:17:59 Image size of job updated: 463432
	68  -  MemoryUsage of job (MB)
	69344  -  ResidentSetSize of job (KB)
...
006 (6942.000.000) 2023-08-14 12:23:00 Image size of job updated: 463432
	68  -  MemoryUsage of job (MB)
	69396  -  ResidentSetSize of job (KB)
...
006 (6942.000.000) 2023-08-14 12:28:00 Image size of job updated: 463432
	68  -  MemoryUsage of job (MB)
	69564  -  ResidentSetSize of job (KB)
...
006 (6942.000.000) 2023-08-14 12:33:00 Image size of job updated: 463432
	69  -  MemoryUsage of job (MB)
	70068  -  ResidentSetSize of job (KB)
...
006 (6942.000.000) 2023-08-14 12:38:00 Image size of job updated: 463432
	69  -  MemoryUsage of job (MB)
	70172  -  ResidentSetSize of job (KB)
...
005 (6942.000.000) 2023-08-14 12:40:13 Job terminated.
	(1) Normal termination (return value 0)
		Usr 0 00:26:55, Sys 0 00:00:08  -  Run Remote Usage
		Usr 0 00:00:00, Sys 0 00:00:00  -  Run Local Usage
		Usr 0 00:26:55, Sys 0 00:00:08  -  Total Remote Usage
		Usr 0 00:00:00, Sys 0 00:00:00  -  Total Local Usage
	0  -  Run Bytes Sent By Job
	480  -  Run Bytes Received By Job
	0  -  Total Bytes Sent By Job
	480  -  Total Bytes Received By Job
	Partitionable Resources :    Usage  Request Allocated 
	   Cpus                 :     0.99        1         1 
	   Disk (KB)            :    21           1   4077838 
	   Memory (MB)          :    69           1      2000 

	Job terminated of its own accord at 2023-08-14T10:40:13Z with exit-code 0.
...
