000 (7092.000.000) 2023-08-14 12:12:39 Job submitted from host: <90.147.8.111:9618?addrs=90.147.8.111-9618&alias=ams&noUDP&sock=schedd_3306931_2f8d>
...
040 (7092.000.000) 2023-08-14 12:44:05 Started transferring input files
	Transferring to host: <192.168.100.3:9618?addrs=192.168.100.3-9618&alias=node03&noUDP&sock=slot3_56810_88bf_2308>
...
040 (7092.000.000) 2023-08-14 12:44:05 Finished transferring input files
...
001 (7092.000.000) 2023-08-14 12:44:07 Job executing on host: <192.168.100.3:9618?addrs=192.168.100.3-9618&alias=node03&noUDP&sock=startd_56773_2261>
	SlotName: slot3@node03
...
006 (7092.000.000) 2023-08-14 12:44:16 Image size of job updated: 430896
	68  -  MemoryUsage of job (MB)
	69304  -  ResidentSetSize of job (KB)
...
006 (7092.000.000) 2023-08-14 12:49:16 Image size of job updated: 463420
	68  -  MemoryUsage of job (MB)
	69428  -  ResidentSetSize of job (KB)
...
006 (7092.000.000) 2023-08-14 12:54:16 Image size of job updated: 463420
	69  -  MemoryUsage of job (MB)
	70280  -  ResidentSetSize of job (KB)
...
006 (7092.000.000) 2023-08-14 12:59:16 Image size of job updated: 463420
	70  -  MemoryUsage of job (MB)
	71116  -  ResidentSetSize of job (KB)
...
005 (7092.000.000) 2023-08-14 13:03:23 Job terminated.
	(1) Normal termination (return value 0)
		Usr 0 00:19:06, Sys 0 00:00:00  -  Run Remote Usage
		Usr 0 00:00:00, Sys 0 00:00:00  -  Run Local Usage
		Usr 0 00:19:06, Sys 0 00:00:00  -  Total Remote Usage
		Usr 0 00:00:00, Sys 0 00:00:00  -  Total Local Usage
	0  -  Run Bytes Sent By Job
	463  -  Run Bytes Received By Job
	0  -  Total Bytes Sent By Job
	463  -  Total Bytes Received By Job
	Partitionable Resources :    Usage  Request Allocated 
	   Cpus                 :     0.99        1         1 
	   Disk (KB)            :    21           1   4077838 
	   Memory (MB)          :    70           1      2000 

	Job terminated of its own accord at 2023-08-14T11:03:23Z with exit-code 0.
...
