000 (7158.000.000) 2023-08-14 12:12:42 Job submitted from host: <90.147.8.111:9618?addrs=90.147.8.111-9618&alias=ams&noUDP&sock=schedd_3306931_2f8d>
...
040 (7158.000.000) 2023-08-14 12:57:05 Started transferring input files
	Transferring to host: <192.168.100.101:9618?addrs=192.168.100.101-9618&alias=node02&noUDP&sock=slot14_102123_a452_2496>
...
040 (7158.000.000) 2023-08-14 12:57:05 Finished transferring input files
...
001 (7158.000.000) 2023-08-14 12:57:06 Job executing on host: <192.168.100.101:9618?addrs=192.168.100.101-9618&alias=node02&noUDP&sock=startd_102084_b624>
	SlotName: slot14@node02
	CondorScratchDir = "/home/spool/lib/condor/execute/dir_170958"
	Cpus = 1
	Disk = 1873362
	Memory = 2006
...
006 (7158.000.000) 2023-08-14 12:57:15 Image size of job updated: 92072
	71  -  MemoryUsage of job (MB)
	71972  -  ResidentSetSize of job (KB)
...
006 (7158.000.000) 2023-08-14 13:02:15 Image size of job updated: 107344
	105  -  MemoryUsage of job (MB)
	107344  -  ResidentSetSize of job (KB)
...
006 (7158.000.000) 2023-08-14 13:07:15 Image size of job updated: 146468
	144  -  MemoryUsage of job (MB)
	146468  -  ResidentSetSize of job (KB)
...
006 (7158.000.000) 2023-08-14 13:12:15 Image size of job updated: 188184
	184  -  MemoryUsage of job (MB)
	188092  -  ResidentSetSize of job (KB)
...
006 (7158.000.000) 2023-08-14 13:17:15 Image size of job updated: 227280
	222  -  MemoryUsage of job (MB)
	227276  -  ResidentSetSize of job (KB)
...
006 (7158.000.000) 2023-08-14 13:18:25 Image size of job updated: 238992
	222  -  MemoryUsage of job (MB)
	227276  -  ResidentSetSize of job (KB)
...
005 (7158.000.000) 2023-08-14 13:18:25 Job terminated.
	(1) Normal termination (return value 0)
		Usr 0 00:00:00, Sys 0 00:00:00  -  Run Remote Usage
		Usr 0 00:00:00, Sys 0 00:00:00  -  Run Local Usage
		Usr 0 00:00:00, Sys 0 00:00:00  -  Total Remote Usage
		Usr 0 00:00:00, Sys 0 00:00:00  -  Total Local Usage
	0  -  Run Bytes Sent By Job
	480  -  Run Bytes Received By Job
	0  -  Total Bytes Sent By Job
	480  -  Total Bytes Received By Job
	Partitionable Resources :    Usage  Request Allocated 
	   Cpus                 :     1.00        1         1 
	   Disk (KB)            :    21           1   1873362 
	   Memory (MB)          :   222           1      2006 

	Job terminated of its own accord at 2023-08-14T11:18:25Z with exit-code 0.
...
