000 (7094.000.000) 2023-08-14 12:12:39 Job submitted from host: <90.147.8.111:9618?addrs=90.147.8.111-9618&alias=ams&noUDP&sock=schedd_3306931_2f8d>
...
040 (7094.000.000) 2023-08-14 12:44:05 Started transferring input files
	Transferring to host: <192.168.100.3:9618?addrs=192.168.100.3-9618&alias=node03&noUDP&sock=slot25_56810_88bf_2310>
...
040 (7094.000.000) 2023-08-14 12:44:05 Finished transferring input files
...
001 (7094.000.000) 2023-08-14 12:44:07 Job executing on host: <192.168.100.3:9618?addrs=192.168.100.3-9618&alias=node03&noUDP&sock=startd_56773_2261>
	SlotName: slot25@node03
...
006 (7094.000.000) 2023-08-14 12:44:16 Image size of job updated: 341116
	63  -  MemoryUsage of job (MB)
	63760  -  ResidentSetSize of job (KB)
...
006 (7094.000.000) 2023-08-14 12:49:16 Image size of job updated: 465816
	71  -  MemoryUsage of job (MB)
	71720  -  ResidentSetSize of job (KB)
...
006 (7094.000.000) 2023-08-14 12:54:16 Image size of job updated: 465816
	71  -  MemoryUsage of job (MB)
	71780  -  ResidentSetSize of job (KB)
...
006 (7094.000.000) 2023-08-14 12:59:16 Image size of job updated: 465816
	71  -  MemoryUsage of job (MB)
	72512  -  ResidentSetSize of job (KB)
...
006 (7094.000.000) 2023-08-14 13:14:16 Image size of job updated: 465816
	73  -  MemoryUsage of job (MB)
	73900  -  ResidentSetSize of job (KB)
...
005 (7094.000.000) 2023-08-14 13:15:20 Job terminated.
	(1) Normal termination (return value 0)
		Usr 0 00:30:56, Sys 0 00:00:01  -  Run Remote Usage
		Usr 0 00:00:00, Sys 0 00:00:00  -  Run Local Usage
		Usr 0 00:30:56, Sys 0 00:00:01  -  Total Remote Usage
		Usr 0 00:00:00, Sys 0 00:00:00  -  Total Local Usage
	0  -  Run Bytes Sent By Job
	478  -  Run Bytes Received By Job
	0  -  Total Bytes Sent By Job
	478  -  Total Bytes Received By Job
	Partitionable Resources :    Usage  Request Allocated 
	   Cpus                 :     1.00        1         1 
	   Disk (KB)            :    21           1   4077838 
	   Memory (MB)          :    73           1      2000 

	Job terminated of its own accord at 2023-08-14T11:15:20Z with exit-code 0.
...
