000 (7117.000.000) 2023-08-14 12:12:41 Job submitted from host: <90.147.8.111:9618?addrs=90.147.8.111-9618&alias=ams&noUDP&sock=schedd_3306931_2f8d>
...
040 (7117.000.000) 2023-08-14 12:47:05 Started transferring input files
	Transferring to host: <192.168.100.3:9618?addrs=192.168.100.3-9618&alias=node03&noUDP&sock=slot19_56810_88bf_2321>
...
040 (7117.000.000) 2023-08-14 12:47:05 Finished transferring input files
...
001 (7117.000.000) 2023-08-14 12:47:06 Job executing on host: <192.168.100.3:9618?addrs=192.168.100.3-9618&alias=node03&noUDP&sock=startd_56773_2261>
	SlotName: slot19@node03
...
006 (7117.000.000) 2023-08-14 12:47:15 Image size of job updated: 463432
	68  -  MemoryUsage of job (MB)
	69244  -  ResidentSetSize of job (KB)
...
006 (7117.000.000) 2023-08-14 12:52:15 Image size of job updated: 463432
	68  -  MemoryUsage of job (MB)
	69332  -  ResidentSetSize of job (KB)
...
006 (7117.000.000) 2023-08-14 12:57:15 Image size of job updated: 463432
	68  -  MemoryUsage of job (MB)
	69396  -  ResidentSetSize of job (KB)
...
006 (7117.000.000) 2023-08-14 13:02:15 Image size of job updated: 463432
	69  -  MemoryUsage of job (MB)
	69728  -  ResidentSetSize of job (KB)
...
006 (7117.000.000) 2023-08-14 13:07:15 Image size of job updated: 463432
	69  -  MemoryUsage of job (MB)
	70432  -  ResidentSetSize of job (KB)
...
006 (7117.000.000) 2023-08-14 13:12:15 Image size of job updated: 463432
	70  -  MemoryUsage of job (MB)
	70744  -  ResidentSetSize of job (KB)
...
005 (7117.000.000) 2023-08-14 13:14:31 Job terminated.
	(1) Normal termination (return value 0)
		Usr 0 00:27:15, Sys 0 00:00:01  -  Run Remote Usage
		Usr 0 00:00:00, Sys 0 00:00:00  -  Run Local Usage
		Usr 0 00:27:15, Sys 0 00:00:01  -  Total Remote Usage
		Usr 0 00:00:00, Sys 0 00:00:00  -  Total Local Usage
	0  -  Run Bytes Sent By Job
	480  -  Run Bytes Received By Job
	0  -  Total Bytes Sent By Job
	480  -  Total Bytes Received By Job
	Partitionable Resources :    Usage  Request Allocated 
	   Cpus                 :     1.00        1         1 
	   Disk (KB)            :    21           1   4077838 
	   Memory (MB)          :    70           1      2000 

	Job terminated of its own accord at 2023-08-14T11:14:31Z with exit-code 0.
...
