000 (7319.000.000) 2023-08-14 12:12:51 Job submitted from host: <90.147.8.111:9618?addrs=90.147.8.111-9618&alias=ams&noUDP&sock=schedd_3306931_2f8d>
...
040 (7319.000.000) 2023-08-14 13:43:06 Started transferring input files
	Transferring to host: <192.168.100.3:9618?addrs=192.168.100.3-9618&alias=node03&noUDP&sock=slot40_56810_88bf_2406>
...
040 (7319.000.000) 2023-08-14 13:43:06 Finished transferring input files
...
001 (7319.000.000) 2023-08-14 13:43:07 Job executing on host: <192.168.100.3:9618?addrs=192.168.100.3-9618&alias=node03&noUDP&sock=startd_56773_2261>
	SlotName: slot40@node03
...
006 (7319.000.000) 2023-08-14 13:43:16 Image size of job updated: 69056
	68  -  MemoryUsage of job (MB)
	69056  -  ResidentSetSize of job (KB)
...
006 (7319.000.000) 2023-08-14 13:48:17 Image size of job updated: 463796
	69  -  MemoryUsage of job (MB)
	69740  -  ResidentSetSize of job (KB)
...
006 (7319.000.000) 2023-08-14 13:53:17 Image size of job updated: 463796
	69  -  MemoryUsage of job (MB)
	69788  -  ResidentSetSize of job (KB)
...
006 (7319.000.000) 2023-08-14 13:58:17 Image size of job updated: 463796
	69  -  MemoryUsage of job (MB)
	70640  -  ResidentSetSize of job (KB)
...
006 (7319.000.000) 2023-08-14 14:03:17 Image size of job updated: 463796
	71  -  MemoryUsage of job (MB)
	71864  -  ResidentSetSize of job (KB)
...
005 (7319.000.000) 2023-08-14 14:07:59 Job terminated.
	(1) Normal termination (return value 0)
		Usr 0 00:24:41, Sys 0 00:00:01  -  Run Remote Usage
		Usr 0 00:00:00, Sys 0 00:00:00  -  Run Local Usage
		Usr 0 00:24:41, Sys 0 00:00:01  -  Total Remote Usage
		Usr 0 00:00:00, Sys 0 00:00:00  -  Total Local Usage
	0  -  Run Bytes Sent By Job
	448  -  Run Bytes Received By Job
	0  -  Total Bytes Sent By Job
	448  -  Total Bytes Received By Job
	Partitionable Resources :    Usage  Request Allocated 
	   Cpus                 :     0.98        1         1 
	   Disk (KB)            :    21           1   4077838 
	   Memory (MB)          :    71           1      2000 

	Job terminated of its own accord at 2023-08-14T12:07:59Z with exit-code 0.
...
