000 (6934.000.000) 2023-08-14 12:12:32 Job submitted from host: <90.147.8.111:9618?addrs=90.147.8.111-9618&alias=ams&noUDP&sock=schedd_3306931_2f8d>
...
040 (6934.000.000) 2023-08-14 12:12:46 Started transferring input files
	Transferring to host: <192.168.100.3:9618?addrs=192.168.100.3-9618&alias=node03&noUDP&sock=slot6_56810_88bf_2239>
...
040 (6934.000.000) 2023-08-14 12:12:46 Finished transferring input files
...
001 (6934.000.000) 2023-08-14 12:12:48 Job executing on host: <192.168.100.3:9618?addrs=192.168.100.3-9618&alias=node03&noUDP&sock=startd_56773_2261>
	SlotName: slot6@node03
...
006 (6934.000.000) 2023-08-14 12:12:57 Image size of job updated: 431972
	68  -  MemoryUsage of job (MB)
	69276  -  ResidentSetSize of job (KB)
...
006 (6934.000.000) 2023-08-14 12:17:57 Image size of job updated: 463420
	68  -  MemoryUsage of job (MB)
	69428  -  ResidentSetSize of job (KB)
...
006 (6934.000.000) 2023-08-14 12:22:57 Image size of job updated: 463420
	69  -  MemoryUsage of job (MB)
	69856  -  ResidentSetSize of job (KB)
...
006 (6934.000.000) 2023-08-14 12:27:57 Image size of job updated: 463420
	70  -  MemoryUsage of job (MB)
	71080  -  ResidentSetSize of job (KB)
...
005 (6934.000.000) 2023-08-14 12:31:51 Job terminated.
	(1) Normal termination (return value 0)
		Usr 0 00:18:45, Sys 0 00:00:06  -  Run Remote Usage
		Usr 0 00:00:00, Sys 0 00:00:00  -  Run Local Usage
		Usr 0 00:18:45, Sys 0 00:00:06  -  Total Remote Usage
		Usr 0 00:00:00, Sys 0 00:00:00  -  Total Local Usage
	0  -  Run Bytes Sent By Job
	461  -  Run Bytes Received By Job
	0  -  Total Bytes Sent By Job
	461  -  Total Bytes Received By Job
	Partitionable Resources :    Usage  Request Allocated 
	   Cpus                 :     0.98        1         1 
	   Disk (KB)            :    21           1   4077838 
	   Memory (MB)          :    70           1      2000 

	Job terminated of its own accord at 2023-08-14T10:31:51Z with exit-code 0.
...
