000 (7183.000.000) 2023-08-14 12:12:44 Job submitted from host: <90.147.8.111:9618?addrs=90.147.8.111-9618&alias=ams&noUDP&sock=schedd_3306931_2f8d>
...
040 (7183.000.000) 2023-08-14 13:06:21 Started transferring input files
	Transferring to host: <192.168.100.3:9618?addrs=192.168.100.3-9618&alias=node03&noUDP&sock=slot16_56810_88bf_2345>
...
040 (7183.000.000) 2023-08-14 13:06:21 Finished transferring input files
...
001 (7183.000.000) 2023-08-14 13:06:22 Job executing on host: <192.168.100.3:9618?addrs=192.168.100.3-9618&alias=node03&noUDP&sock=startd_56773_2261>
	SlotName: slot16@node03
...
006 (7183.000.000) 2023-08-14 13:06:31 Image size of job updated: 459996
	68  -  MemoryUsage of job (MB)
	68884  -  ResidentSetSize of job (KB)
...
006 (7183.000.000) 2023-08-14 13:11:31 Image size of job updated: 463420
	68  -  MemoryUsage of job (MB)
	69420  -  ResidentSetSize of job (KB)
...
006 (7183.000.000) 2023-08-14 13:16:31 Image size of job updated: 463420
	69  -  MemoryUsage of job (MB)
	69828  -  ResidentSetSize of job (KB)
...
006 (7183.000.000) 2023-08-14 13:21:31 Image size of job updated: 463420
	70  -  MemoryUsage of job (MB)
	71028  -  ResidentSetSize of job (KB)
...
005 (7183.000.000) 2023-08-14 13:25:18 Job terminated.
	(1) Normal termination (return value 0)
		Usr 0 00:18:45, Sys 0 00:00:01  -  Run Remote Usage
		Usr 0 00:00:00, Sys 0 00:00:00  -  Run Local Usage
		Usr 0 00:18:45, Sys 0 00:00:01  -  Total Remote Usage
		Usr 0 00:00:00, Sys 0 00:00:00  -  Total Local Usage
	0  -  Run Bytes Sent By Job
	463  -  Run Bytes Received By Job
	0  -  Total Bytes Sent By Job
	463  -  Total Bytes Received By Job
	Partitionable Resources :    Usage  Request Allocated 
	   Cpus                 :     0.99        1         1 
	   Disk (KB)            :    22           1   4077838 
	   Memory (MB)          :    70           1      2000 

	Job terminated of its own accord at 2023-08-14T11:25:18Z with exit-code 0.
...
