000 (7216.000.000) 2023-08-14 12:12:46 Job submitted from host: <90.147.8.111:9618?addrs=90.147.8.111-9618&alias=ams&noUDP&sock=schedd_3306931_2f8d>
...
040 (7216.000.000) 2023-08-14 13:15:07 Started transferring input files
	Transferring to host: <192.168.100.3:9618?addrs=192.168.100.3-9618&alias=node03&noUDP&sock=slot28_56810_88bf_2363>
...
040 (7216.000.000) 2023-08-14 13:15:07 Finished transferring input files
...
001 (7216.000.000) 2023-08-14 13:15:08 Job executing on host: <192.168.100.3:9618?addrs=192.168.100.3-9618&alias=node03&noUDP&sock=startd_56773_2261>
	SlotName: slot28@node03
...
006 (7216.000.000) 2023-08-14 13:15:16 Image size of job updated: 71212
	70  -  MemoryUsage of job (MB)
	71212  -  ResidentSetSize of job (KB)
...
006 (7216.000.000) 2023-08-14 13:20:16 Image size of job updated: 466240
	71  -  MemoryUsage of job (MB)
	72144  -  ResidentSetSize of job (KB)
...
006 (7216.000.000) 2023-08-14 13:25:17 Image size of job updated: 466240
	71  -  MemoryUsage of job (MB)
	72200  -  ResidentSetSize of job (KB)
...
006 (7216.000.000) 2023-08-14 13:30:18 Image size of job updated: 466240
	71  -  MemoryUsage of job (MB)
	72224  -  ResidentSetSize of job (KB)
...
006 (7216.000.000) 2023-08-14 13:35:18 Image size of job updated: 466240
	72  -  MemoryUsage of job (MB)
	73060  -  ResidentSetSize of job (KB)
...
006 (7216.000.000) 2023-08-14 13:40:18 Image size of job updated: 466240
	72  -  MemoryUsage of job (MB)
	73176  -  ResidentSetSize of job (KB)
...
006 (7216.000.000) 2023-08-14 13:50:18 Image size of job updated: 466240
	72  -  MemoryUsage of job (MB)
	73696  -  ResidentSetSize of job (KB)
...
005 (7216.000.000) 2023-08-14 13:53:44 Job terminated.
	(1) Normal termination (return value 0)
		Usr 0 00:38:26, Sys 0 00:00:00  -  Run Remote Usage
		Usr 0 00:00:00, Sys 0 00:00:00  -  Run Local Usage
		Usr 0 00:38:26, Sys 0 00:00:00  -  Total Remote Usage
		Usr 0 00:00:00, Sys 0 00:00:00  -  Total Local Usage
	0  -  Run Bytes Sent By Job
	465  -  Run Bytes Received By Job
	0  -  Total Bytes Sent By Job
	465  -  Total Bytes Received By Job
	Partitionable Resources :    Usage  Request Allocated 
	   Cpus                 :     0.99        1         1 
	   Disk (KB)            :    21           1   4077838 
	   Memory (MB)          :    72           1      2000 

	Job terminated of its own accord at 2023-08-14T11:53:44Z with exit-code 0.
...
