000 (7497.000.000) 2023-08-14 12:12:59 Job submitted from host: <90.147.8.111:9618?addrs=90.147.8.111-9618&alias=ams&noUDP&sock=schedd_3306931_2f8d>
...
040 (7497.000.000) 2023-08-14 14:31:08 Started transferring input files
	Transferring to host: <192.168.100.3:9618?addrs=192.168.100.3-9618&alias=node03&noUDP&sock=slot42_56810_88bf_2482>
...
040 (7497.000.000) 2023-08-14 14:31:08 Finished transferring input files
...
001 (7497.000.000) 2023-08-14 14:31:09 Job executing on host: <192.168.100.3:9618?addrs=192.168.100.3-9618&alias=node03&noUDP&sock=startd_56773_2261>
	SlotName: slot42@node03
...
006 (7497.000.000) 2023-08-14 14:31:18 Image size of job updated: 69128
	68  -  MemoryUsage of job (MB)
	69128  -  ResidentSetSize of job (KB)
...
006 (7497.000.000) 2023-08-14 14:36:18 Image size of job updated: 463856
	69  -  MemoryUsage of job (MB)
	69812  -  ResidentSetSize of job (KB)
...
006 (7497.000.000) 2023-08-14 14:41:19 Image size of job updated: 463856
	69  -  MemoryUsage of job (MB)
	69844  -  ResidentSetSize of job (KB)
...
006 (7497.000.000) 2023-08-14 14:46:20 Image size of job updated: 463856
	69  -  MemoryUsage of job (MB)
	70364  -  ResidentSetSize of job (KB)
...
006 (7497.000.000) 2023-08-14 14:51:20 Image size of job updated: 463856
	70  -  MemoryUsage of job (MB)
	70960  -  ResidentSetSize of job (KB)
...
006 (7497.000.000) 2023-08-14 14:56:20 Image size of job updated: 463856
	70  -  MemoryUsage of job (MB)
	71164  -  ResidentSetSize of job (KB)
...
005 (7497.000.000) 2023-08-14 14:57:24 Job terminated.
	(1) Normal termination (return value 0)
		Usr 0 00:26:09, Sys 0 00:00:01  -  Run Remote Usage
		Usr 0 00:00:00, Sys 0 00:00:00  -  Run Local Usage
		Usr 0 00:26:09, Sys 0 00:00:01  -  Total Remote Usage
		Usr 0 00:00:00, Sys 0 00:00:00  -  Total Local Usage
	0  -  Run Bytes Sent By Job
	465  -  Run Bytes Received By Job
	0  -  Total Bytes Sent By Job
	465  -  Total Bytes Received By Job
	Partitionable Resources :    Usage  Request Allocated 
	   Cpus                 :     0.99        1         1 
	   Disk (KB)            :    21           1   4077838 
	   Memory (MB)          :    70           1      2000 

	Job terminated of its own accord at 2023-08-14T12:57:24Z with exit-code 0.
...
