000 (7304.000.000) 2023-08-14 12:12:50 Job submitted from host: <90.147.8.111:9618?addrs=90.147.8.111-9618&alias=ams&noUDP&sock=schedd_3306931_2f8d>
...
040 (7304.000.000) 2023-08-14 13:38:06 Started transferring input files
	Transferring to host: <192.168.100.101:9618?addrs=192.168.100.101-9618&alias=node02&noUDP&sock=slot56_102123_a452_2577>
...
040 (7304.000.000) 2023-08-14 13:38:06 Finished transferring input files
...
001 (7304.000.000) 2023-08-14 13:38:07 Job executing on host: <192.168.100.101:9618?addrs=192.168.100.101-9618&alias=node02&noUDP&sock=startd_102084_b624>
	SlotName: slot56@node02
	CondorScratchDir = "/home/spool/lib/condor/execute/dir_172396"
	Cpus = 1
	Disk = 1873362
	Memory = 2006
...
006 (7304.000.000) 2023-08-14 13:38:16 Image size of job updated: 92508
	71  -  MemoryUsage of job (MB)
	71760  -  ResidentSetSize of job (KB)
...
006 (7304.000.000) 2023-08-14 13:43:17 Image size of job updated: 92508
	84  -  MemoryUsage of job (MB)
	85276  -  ResidentSetSize of job (KB)
...
006 (7304.000.000) 2023-08-14 13:48:17 Image size of job updated: 98580
	97  -  MemoryUsage of job (MB)
	98580  -  ResidentSetSize of job (KB)
...
006 (7304.000.000) 2023-08-14 13:53:17 Image size of job updated: 113252
	111  -  MemoryUsage of job (MB)
	113208  -  ResidentSetSize of job (KB)
...
006 (7304.000.000) 2023-08-14 13:58:17 Image size of job updated: 129256
	127  -  MemoryUsage of job (MB)
	129064  -  ResidentSetSize of job (KB)
...
006 (7304.000.000) 2023-08-14 14:03:17 Image size of job updated: 146748
	142  -  MemoryUsage of job (MB)
	144896  -  ResidentSetSize of job (KB)
...
006 (7304.000.000) 2023-08-14 14:08:17 Image size of job updated: 161720
	158  -  MemoryUsage of job (MB)
	161720  -  ResidentSetSize of job (KB)
...
006 (7304.000.000) 2023-08-14 14:09:43 Image size of job updated: 168476
	158  -  MemoryUsage of job (MB)
	161720  -  ResidentSetSize of job (KB)
...
005 (7304.000.000) 2023-08-14 14:09:43 Job terminated.
	(1) Normal termination (return value 0)
		Usr 0 00:00:00, Sys 0 00:00:00  -  Run Remote Usage
		Usr 0 00:00:00, Sys 0 00:00:00  -  Run Local Usage
		Usr 0 00:00:00, Sys 0 00:00:00  -  Total Remote Usage
		Usr 0 00:00:00, Sys 0 00:00:00  -  Total Local Usage
	0  -  Run Bytes Sent By Job
	465  -  Run Bytes Received By Job
	0  -  Total Bytes Sent By Job
	465  -  Total Bytes Received By Job
	Partitionable Resources :    Usage  Request Allocated 
	   Cpus                 :     0.99        1         1 
	   Disk (KB)            :    21           1   1873362 
	   Memory (MB)          :   158           1      2006 

	Job terminated of its own accord at 2023-08-14T12:09:43Z with exit-code 0.
...
