000 (7208.000.000) 2023-08-14 12:12:46 Job submitted from host: <90.147.8.111:9618?addrs=90.147.8.111-9618&alias=ams&noUDP&sock=schedd_3306931_2f8d>
...
040 (7208.000.000) 2023-08-14 13:13:06 Started transferring input files
	Transferring to host: <192.168.100.3:9618?addrs=192.168.100.3-9618&alias=node03&noUDP&sock=slot26_56810_88bf_2357>
...
040 (7208.000.000) 2023-08-14 13:13:06 Finished transferring input files
...
001 (7208.000.000) 2023-08-14 13:13:07 Job executing on host: <192.168.100.3:9618?addrs=192.168.100.3-9618&alias=node03&noUDP&sock=startd_56773_2261>
	SlotName: slot26@node03
...
006 (7208.000.000) 2023-08-14 13:13:16 Image size of job updated: 68840
	68  -  MemoryUsage of job (MB)
	68840  -  ResidentSetSize of job (KB)
...
006 (7208.000.000) 2023-08-14 13:18:16 Image size of job updated: 463796
	69  -  MemoryUsage of job (MB)
	69788  -  ResidentSetSize of job (KB)
...
006 (7208.000.000) 2023-08-14 13:23:16 Image size of job updated: 463796
	69  -  MemoryUsage of job (MB)
	69800  -  ResidentSetSize of job (KB)
...
006 (7208.000.000) 2023-08-14 13:28:16 Image size of job updated: 463796
	69  -  MemoryUsage of job (MB)
	70220  -  ResidentSetSize of job (KB)
...
006 (7208.000.000) 2023-08-14 13:33:16 Image size of job updated: 463796
	70  -  MemoryUsage of job (MB)
	71348  -  ResidentSetSize of job (KB)
...
006 (7208.000.000) 2023-08-14 13:38:16 Image size of job updated: 463796
	71  -  MemoryUsage of job (MB)
	72352  -  ResidentSetSize of job (KB)
...
005 (7208.000.000) 2023-08-14 13:38:16 Job terminated.
	(1) Normal termination (return value 0)
		Usr 0 00:24:57, Sys 0 00:00:01  -  Run Remote Usage
		Usr 0 00:00:00, Sys 0 00:00:00  -  Run Local Usage
		Usr 0 00:24:57, Sys 0 00:00:01  -  Total Remote Usage
		Usr 0 00:00:00, Sys 0 00:00:00  -  Total Local Usage
	0  -  Run Bytes Sent By Job
	446  -  Run Bytes Received By Job
	0  -  Total Bytes Sent By Job
	446  -  Total Bytes Received By Job
	Partitionable Resources :    Usage  Request Allocated 
	   Cpus                 :     1.00        1         1 
	   Disk (KB)            :    21           1   4077838 
	   Memory (MB)          :    71           1      2000 

	Job terminated of its own accord at 2023-08-14T11:38:16Z with exit-code 0.
...
