000 (7244.000.000) 2023-08-14 12:12:48 Job submitted from host: <90.147.8.111:9618?addrs=90.147.8.111-9618&alias=ams&noUDP&sock=schedd_3306931_2f8d>
...
040 (7244.000.000) 2023-08-14 13:20:07 Started transferring input files
	Transferring to host: <192.168.100.101:9618?addrs=192.168.100.101-9618&alias=node02&noUDP&sock=slot61_102123_a452_2543>
...
040 (7244.000.000) 2023-08-14 13:20:07 Finished transferring input files
...
001 (7244.000.000) 2023-08-14 13:20:08 Job executing on host: <192.168.100.101:9618?addrs=192.168.100.101-9618&alias=node02&noUDP&sock=startd_102084_b624>
	SlotName: slot61@node02
	CondorScratchDir = "/home/spool/lib/condor/execute/dir_171837"
	Cpus = 1
	Disk = 1873362
	Memory = 2006
...
006 (7244.000.000) 2023-08-14 13:20:16 Image size of job updated: 92256
	71  -  MemoryUsage of job (MB)
	71724  -  ResidentSetSize of job (KB)
...
006 (7244.000.000) 2023-08-14 13:25:16 Image size of job updated: 92256
	85  -  MemoryUsage of job (MB)
	86184  -  ResidentSetSize of job (KB)
...
006 (7244.000.000) 2023-08-14 13:30:16 Image size of job updated: 99680
	98  -  MemoryUsage of job (MB)
	99640  -  ResidentSetSize of job (KB)
...
006 (7244.000.000) 2023-08-14 13:35:16 Image size of job updated: 116744
	114  -  MemoryUsage of job (MB)
	116620  -  ResidentSetSize of job (KB)
...
006 (7244.000.000) 2023-08-14 13:40:16 Image size of job updated: 134620
	132  -  MemoryUsage of job (MB)
	134496  -  ResidentSetSize of job (KB)
...
006 (7244.000.000) 2023-08-14 13:45:16 Image size of job updated: 149952
	147  -  MemoryUsage of job (MB)
	149952  -  ResidentSetSize of job (KB)
...
006 (7244.000.000) 2023-08-14 13:49:57 Image size of job updated: 168556
	147  -  MemoryUsage of job (MB)
	149952  -  ResidentSetSize of job (KB)
...
005 (7244.000.000) 2023-08-14 13:49:57 Job terminated.
	(1) Normal termination (return value 0)
		Usr 0 00:00:00, Sys 0 00:00:00  -  Run Remote Usage
		Usr 0 00:00:00, Sys 0 00:00:00  -  Run Local Usage
		Usr 0 00:00:00, Sys 0 00:00:00  -  Total Remote Usage
		Usr 0 00:00:00, Sys 0 00:00:00  -  Total Local Usage
	0  -  Run Bytes Sent By Job
	465  -  Run Bytes Received By Job
	0  -  Total Bytes Sent By Job
	465  -  Total Bytes Received By Job
	Partitionable Resources :    Usage  Request Allocated 
	   Cpus                 :     1.00        1         1 
	   Disk (KB)            :    21           1   1873362 
	   Memory (MB)          :   147           1      2006 

	Job terminated of its own accord at 2023-08-14T11:49:57Z with exit-code 0.
...
