000 (7530.000.000) 2023-08-14 12:13:00 Job submitted from host: <90.147.8.111:9618?addrs=90.147.8.111-9618&alias=ams&noUDP&sock=schedd_3306931_2f8d>
...
040 (7530.000.000) 2023-08-14 14:39:08 Started transferring input files
	Transferring to host: <192.168.100.3:9618?addrs=192.168.100.3-9618&alias=node03&noUDP&sock=slot19_56810_88bf_2498>
...
040 (7530.000.000) 2023-08-14 14:39:08 Finished transferring input files
...
001 (7530.000.000) 2023-08-14 14:39:09 Job executing on host: <192.168.100.3:9618?addrs=192.168.100.3-9618&alias=node03&noUDP&sock=startd_56773_2261>
	SlotName: slot19@node03
...
006 (7530.000.000) 2023-08-14 14:39:18 Image size of job updated: 430896
	68  -  MemoryUsage of job (MB)
	69268  -  ResidentSetSize of job (KB)
...
006 (7530.000.000) 2023-08-14 14:44:18 Image size of job updated: 463420
	68  -  MemoryUsage of job (MB)
	69456  -  ResidentSetSize of job (KB)
...
006 (7530.000.000) 2023-08-14 14:49:18 Image size of job updated: 463420
	69  -  MemoryUsage of job (MB)
	69908  -  ResidentSetSize of job (KB)
...
005 (7530.000.000) 2023-08-14 14:53:30 Job terminated.
	(1) Normal termination (return value 0)
		Usr 0 00:14:17, Sys 0 00:00:00  -  Run Remote Usage
		Usr 0 00:00:00, Sys 0 00:00:00  -  Run Local Usage
		Usr 0 00:14:17, Sys 0 00:00:00  -  Total Remote Usage
		Usr 0 00:00:00, Sys 0 00:00:00  -  Total Local Usage
	0  -  Run Bytes Sent By Job
	463  -  Run Bytes Received By Job
	0  -  Total Bytes Sent By Job
	463  -  Total Bytes Received By Job
	Partitionable Resources :    Usage  Request Allocated 
	   Cpus                 :     0.99        1         1 
	   Disk (KB)            :    21           1   4077838 
	   Memory (MB)          :    69           1      2000 

	Job terminated of its own accord at 2023-08-14T12:53:30Z with exit-code 0.
...
