000 (7362.000.000) 2023-08-14 12:12:53 Job submitted from host: <90.147.8.111:9618?addrs=90.147.8.111-9618&alias=ams&noUDP&sock=schedd_3306931_2f8d>
...
040 (7362.000.000) 2023-08-14 13:54:06 Started transferring input files
	Transferring to host: <192.168.100.3:9618?addrs=192.168.100.3-9618&alias=node03&noUDP&sock=slot47_56810_88bf_2424>
...
040 (7362.000.000) 2023-08-14 13:54:06 Finished transferring input files
...
001 (7362.000.000) 2023-08-14 13:54:07 Job executing on host: <192.168.100.3:9618?addrs=192.168.100.3-9618&alias=node03&noUDP&sock=startd_56773_2261>
	SlotName: slot47@node03
...
006 (7362.000.000) 2023-08-14 13:54:16 Image size of job updated: 71484
	70  -  MemoryUsage of job (MB)
	71484  -  ResidentSetSize of job (KB)
...
006 (7362.000.000) 2023-08-14 13:59:17 Image size of job updated: 466240
	71  -  MemoryUsage of job (MB)
	72160  -  ResidentSetSize of job (KB)
...
006 (7362.000.000) 2023-08-14 14:04:18 Image size of job updated: 466240
	71  -  MemoryUsage of job (MB)
	72176  -  ResidentSetSize of job (KB)
...
006 (7362.000.000) 2023-08-14 14:09:18 Image size of job updated: 466240
	71  -  MemoryUsage of job (MB)
	72216  -  ResidentSetSize of job (KB)
...
006 (7362.000.000) 2023-08-14 14:14:19 Image size of job updated: 466240
	72  -  MemoryUsage of job (MB)
	73268  -  ResidentSetSize of job (KB)
...
006 (7362.000.000) 2023-08-14 14:24:19 Image size of job updated: 466240
	72  -  MemoryUsage of job (MB)
	73464  -  ResidentSetSize of job (KB)
...
006 (7362.000.000) 2023-08-14 14:29:19 Image size of job updated: 466240
	72  -  MemoryUsage of job (MB)
	73664  -  ResidentSetSize of job (KB)
...
005 (7362.000.000) 2023-08-14 14:32:43 Job terminated.
	(1) Normal termination (return value 0)
		Usr 0 00:38:24, Sys 0 00:00:01  -  Run Remote Usage
		Usr 0 00:00:00, Sys 0 00:00:00  -  Run Local Usage
		Usr 0 00:38:24, Sys 0 00:00:01  -  Total Remote Usage
		Usr 0 00:00:00, Sys 0 00:00:00  -  Total Local Usage
	0  -  Run Bytes Sent By Job
	465  -  Run Bytes Received By Job
	0  -  Total Bytes Sent By Job
	465  -  Total Bytes Received By Job
	Partitionable Resources :    Usage  Request Allocated 
	   Cpus                 :     0.99        1         1 
	   Disk (KB)            :    21           1   4077838 
	   Memory (MB)          :    72           1      2000 

	Job terminated of its own accord at 2023-08-14T12:32:43Z with exit-code 0.
...
