000 (7465.000.000) 2023-08-14 12:12:57 Job submitted from host: <90.147.8.111:9618?addrs=90.147.8.111-9618&alias=ams&noUDP&sock=schedd_3306931_2f8d>
...
040 (7465.000.000) 2023-08-14 14:21:08 Started transferring input files
	Transferring to host: <192.168.100.3:9618?addrs=192.168.100.3-9618&alias=node03&noUDP&sock=slot34_56810_88bf_2468>
...
040 (7465.000.000) 2023-08-14 14:21:08 Finished transferring input files
...
001 (7465.000.000) 2023-08-14 14:21:09 Job executing on host: <192.168.100.3:9618?addrs=192.168.100.3-9618&alias=node03&noUDP&sock=startd_56773_2261>
	SlotName: slot34@node03
...
006 (7465.000.000) 2023-08-14 14:21:18 Image size of job updated: 463796
	68  -  MemoryUsage of job (MB)
	69112  -  ResidentSetSize of job (KB)
...
006 (7465.000.000) 2023-08-14 14:26:18 Image size of job updated: 463796
	69  -  MemoryUsage of job (MB)
	69784  -  ResidentSetSize of job (KB)
...
006 (7465.000.000) 2023-08-14 14:31:18 Image size of job updated: 463796
	69  -  MemoryUsage of job (MB)
	69800  -  ResidentSetSize of job (KB)
...
006 (7465.000.000) 2023-08-14 14:36:19 Image size of job updated: 463796
	69  -  MemoryUsage of job (MB)
	70244  -  ResidentSetSize of job (KB)
...
006 (7465.000.000) 2023-08-14 14:41:19 Image size of job updated: 463796
	70  -  MemoryUsage of job (MB)
	71596  -  ResidentSetSize of job (KB)
...
005 (7465.000.000) 2023-08-14 14:45:23 Job terminated.
	(1) Normal termination (return value 0)
		Usr 0 00:24:05, Sys 0 00:00:01  -  Run Remote Usage
		Usr 0 00:00:00, Sys 0 00:00:00  -  Run Local Usage
		Usr 0 00:24:05, Sys 0 00:00:01  -  Total Remote Usage
		Usr 0 00:00:00, Sys 0 00:00:00  -  Total Local Usage
	0  -  Run Bytes Sent By Job
	448  -  Run Bytes Received By Job
	0  -  Total Bytes Sent By Job
	448  -  Total Bytes Received By Job
	Partitionable Resources :    Usage  Request Allocated 
	   Cpus                 :     1.00        1         1 
	   Disk (KB)            :    22           1   4077838 
	   Memory (MB)          :    70           1      2000 

	Job terminated of its own accord at 2023-08-14T12:45:23Z with exit-code 0.
...
