000 (7119.000.000) 2023-08-14 12:12:41 Job submitted from host: <90.147.8.111:9618?addrs=90.147.8.111-9618&alias=ams&noUDP&sock=schedd_3306931_2f8d>
...
040 (7119.000.000) 2023-08-14 12:47:05 Started transferring input files
	Transferring to host: <192.168.100.101:9618?addrs=192.168.100.101-9618&alias=node02&noUDP&sock=slot54_102123_a452_2468>
...
040 (7119.000.000) 2023-08-14 12:47:05 Finished transferring input files
...
001 (7119.000.000) 2023-08-14 12:47:06 Job executing on host: <192.168.100.101:9618?addrs=192.168.100.101-9618&alias=node02&noUDP&sock=startd_102084_b624>
	SlotName: slot54@node02
	CondorScratchDir = "/home/spool/lib/condor/execute/dir_170581"
	Cpus = 1
	Disk = 1873362
	Memory = 2006
...
006 (7119.000.000) 2023-08-14 12:47:15 Image size of job updated: 1
	0  -  MemoryUsage of job (MB)
	0  -  ResidentSetSize of job (KB)
...
005 (7119.000.000) 2023-08-14 13:13:32 Job terminated.
	(1) Normal termination (return value 0)
		Usr 0 00:00:00, Sys 0 00:00:00  -  Run Remote Usage
		Usr 0 00:00:00, Sys 0 00:00:00  -  Run Local Usage
		Usr 0 00:00:00, Sys 0 00:00:00  -  Total Remote Usage
		Usr 0 00:00:00, Sys 0 00:00:00  -  Total Local Usage
	0  -  Run Bytes Sent By Job
	448  -  Run Bytes Received By Job
	0  -  Total Bytes Sent By Job
	448  -  Total Bytes Received By Job
	Partitionable Resources :    Usage  Request Allocated 
	   Cpus                 :     0.91        1         1 
	   Disk (KB)            :    21           1   1873362 
	   Memory (MB)          :     0           1      2006 

	Job terminated of its own accord at 2023-08-14T11:13:32Z with exit-code 0.
...
