000 (7104.000.000) 2023-08-14 12:12:40 Job submitted from host: <90.147.8.111:9618?addrs=90.147.8.111-9618&alias=ams&noUDP&sock=schedd_3306931_2f8d>
...
040 (7104.000.000) 2023-08-14 12:45:05 Started transferring input files
	Transferring to host: <192.168.100.3:9618?addrs=192.168.100.3-9618&alias=node03&noUDP&sock=slot45_56810_88bf_2317>
...
040 (7104.000.000) 2023-08-14 12:45:05 Finished transferring input files
...
001 (7104.000.000) 2023-08-14 12:45:06 Job executing on host: <192.168.100.3:9618?addrs=192.168.100.3-9618&alias=node03&noUDP&sock=startd_56773_2261>
	SlotName: slot45@node03
...
006 (7104.000.000) 2023-08-14 12:45:15 Image size of job updated: 460404
	68  -  MemoryUsage of job (MB)
	68744  -  ResidentSetSize of job (KB)
...
006 (7104.000.000) 2023-08-14 12:50:15 Image size of job updated: 463796
	69  -  MemoryUsage of job (MB)
	69752  -  ResidentSetSize of job (KB)
...
006 (7104.000.000) 2023-08-14 12:55:15 Image size of job updated: 463796
	69  -  MemoryUsage of job (MB)
	69804  -  ResidentSetSize of job (KB)
...
006 (7104.000.000) 2023-08-14 13:00:15 Image size of job updated: 463796
	69  -  MemoryUsage of job (MB)
	70568  -  ResidentSetSize of job (KB)
...
006 (7104.000.000) 2023-08-14 13:05:15 Image size of job updated: 463796
	70  -  MemoryUsage of job (MB)
	71268  -  ResidentSetSize of job (KB)
...
006 (7104.000.000) 2023-08-14 13:10:15 Image size of job updated: 463796
	71  -  MemoryUsage of job (MB)
	72368  -  ResidentSetSize of job (KB)
...
005 (7104.000.000) 2023-08-14 13:10:33 Job terminated.
	(1) Normal termination (return value 0)
		Usr 0 00:25:15, Sys 0 00:00:01  -  Run Remote Usage
		Usr 0 00:00:00, Sys 0 00:00:00  -  Run Local Usage
		Usr 0 00:25:15, Sys 0 00:00:01  -  Total Remote Usage
		Usr 0 00:00:00, Sys 0 00:00:00  -  Total Local Usage
	0  -  Run Bytes Sent By Job
	448  -  Run Bytes Received By Job
	0  -  Total Bytes Sent By Job
	448  -  Total Bytes Received By Job
	Partitionable Resources :    Usage  Request Allocated 
	   Cpus                 :     1.00        1         1 
	   Disk (KB)            :    21           1   4077838 
	   Memory (MB)          :    71           1      2000 

	Job terminated of its own accord at 2023-08-14T11:10:33Z with exit-code 0.
...
