000 (7386.000.000) 2023-08-14 12:12:54 Job submitted from host: <90.147.8.111:9618?addrs=90.147.8.111-9618&alias=ams&noUDP&sock=schedd_3306931_2f8d>
...
040 (7386.000.000) 2023-08-14 14:00:07 Started transferring input files
	Transferring to host: <192.168.100.3:9618?addrs=192.168.100.3-9618&alias=node03&noUDP&sock=slot16_56810_88bf_2435>
...
040 (7386.000.000) 2023-08-14 14:00:07 Finished transferring input files
...
001 (7386.000.000) 2023-08-14 14:00:08 Job executing on host: <192.168.100.3:9618?addrs=192.168.100.3-9618&alias=node03&noUDP&sock=startd_56773_2261>
	SlotName: slot16@node03
...
006 (7386.000.000) 2023-08-14 14:00:16 Image size of job updated: 431520
	68  -  MemoryUsage of job (MB)
	69104  -  ResidentSetSize of job (KB)
...
006 (7386.000.000) 2023-08-14 14:05:16 Image size of job updated: 463856
	69  -  MemoryUsage of job (MB)
	69800  -  ResidentSetSize of job (KB)
...
006 (7386.000.000) 2023-08-14 14:10:16 Image size of job updated: 463856
	69  -  MemoryUsage of job (MB)
	69832  -  ResidentSetSize of job (KB)
...
006 (7386.000.000) 2023-08-14 14:15:16 Image size of job updated: 463856
	69  -  MemoryUsage of job (MB)
	69900  -  ResidentSetSize of job (KB)
...
006 (7386.000.000) 2023-08-14 14:20:16 Image size of job updated: 463856
	69  -  MemoryUsage of job (MB)
	70304  -  ResidentSetSize of job (KB)
...
006 (7386.000.000) 2023-08-14 14:25:16 Image size of job updated: 463856
	69  -  MemoryUsage of job (MB)
	70588  -  ResidentSetSize of job (KB)
...
006 (7386.000.000) 2023-08-14 14:30:16 Image size of job updated: 463856
	70  -  MemoryUsage of job (MB)
	71128  -  ResidentSetSize of job (KB)
...
005 (7386.000.000) 2023-08-14 14:33:36 Job terminated.
	(1) Normal termination (return value 0)
		Usr 0 00:33:19, Sys 0 00:00:00  -  Run Remote Usage
		Usr 0 00:00:00, Sys 0 00:00:00  -  Run Local Usage
		Usr 0 00:33:19, Sys 0 00:00:00  -  Total Remote Usage
		Usr 0 00:00:00, Sys 0 00:00:00  -  Total Local Usage
	0  -  Run Bytes Sent By Job
	465  -  Run Bytes Received By Job
	0  -  Total Bytes Sent By Job
	465  -  Total Bytes Received By Job
	Partitionable Resources :    Usage  Request Allocated 
	   Cpus                 :     0.99        1         1 
	   Disk (KB)            :    21           1   4077838 
	   Memory (MB)          :    70           1      2000 

	Job terminated of its own accord at 2023-08-14T12:33:36Z with exit-code 0.
...
