000 (7426.000.000) 2023-08-14 12:12:55 Job submitted from host: <90.147.8.111:9618?addrs=90.147.8.111-9618&alias=ams&noUDP&sock=schedd_3306931_2f8d>
...
040 (7426.000.000) 2023-08-14 14:10:06 Started transferring input files
	Transferring to host: <192.168.100.3:9618?addrs=192.168.100.3-9618&alias=node03&noUDP&sock=slot33_56810_88bf_2449>
...
040 (7426.000.000) 2023-08-14 14:10:06 Finished transferring input files
...
001 (7426.000.000) 2023-08-14 14:10:07 Job executing on host: <192.168.100.3:9618?addrs=192.168.100.3-9618&alias=node03&noUDP&sock=startd_56773_2261>
	SlotName: slot33@node03
...
006 (7426.000.000) 2023-08-14 14:10:16 Image size of job updated: 463856
	68  -  MemoryUsage of job (MB)
	68860  -  ResidentSetSize of job (KB)
...
006 (7426.000.000) 2023-08-14 14:15:16 Image size of job updated: 463856
	69  -  MemoryUsage of job (MB)
	69788  -  ResidentSetSize of job (KB)
...
006 (7426.000.000) 2023-08-14 14:20:17 Image size of job updated: 463856
	69  -  MemoryUsage of job (MB)
	69828  -  ResidentSetSize of job (KB)
...
006 (7426.000.000) 2023-08-14 14:25:17 Image size of job updated: 463856
	69  -  MemoryUsage of job (MB)
	70152  -  ResidentSetSize of job (KB)
...
006 (7426.000.000) 2023-08-14 14:30:17 Image size of job updated: 463856
	69  -  MemoryUsage of job (MB)
	70344  -  ResidentSetSize of job (KB)
...
006 (7426.000.000) 2023-08-14 14:35:17 Image size of job updated: 463856
	69  -  MemoryUsage of job (MB)
	70512  -  ResidentSetSize of job (KB)
...
006 (7426.000.000) 2023-08-14 14:40:17 Image size of job updated: 463856
	70  -  MemoryUsage of job (MB)
	71060  -  ResidentSetSize of job (KB)
...
005 (7426.000.000) 2023-08-14 14:43:14 Job terminated.
	(1) Normal termination (return value 0)
		Usr 0 00:32:55, Sys 0 00:00:00  -  Run Remote Usage
		Usr 0 00:00:00, Sys 0 00:00:00  -  Run Local Usage
		Usr 0 00:32:55, Sys 0 00:00:00  -  Total Remote Usage
		Usr 0 00:00:00, Sys 0 00:00:00  -  Total Local Usage
	0  -  Run Bytes Sent By Job
	465  -  Run Bytes Received By Job
	0  -  Total Bytes Sent By Job
	465  -  Total Bytes Received By Job
	Partitionable Resources :    Usage  Request Allocated 
	   Cpus                 :     1.00        1         1 
	   Disk (KB)            :    21           1   4077838 
	   Memory (MB)          :    70           1      2000 

	Job terminated of its own accord at 2023-08-14T12:43:14Z with exit-code 0.
...
