000 (7138.000.000) 2023-08-14 12:12:42 Job submitted from host: <90.147.8.111:9618?addrs=90.147.8.111-9618&alias=ams&noUDP&sock=schedd_3306931_2f8d>
...
040 (7138.000.000) 2023-08-14 12:52:05 Started transferring input files
	Transferring to host: <192.168.100.3:9618?addrs=192.168.100.3-9618&alias=node03&noUDP&sock=slot7_56810_88bf_2326>
...
040 (7138.000.000) 2023-08-14 12:52:05 Finished transferring input files
...
001 (7138.000.000) 2023-08-14 12:52:06 Job executing on host: <192.168.100.3:9618?addrs=192.168.100.3-9618&alias=node03&noUDP&sock=startd_56773_2261>
	SlotName: slot7@node03
...
006 (7138.000.000) 2023-08-14 12:52:15 Image size of job updated: 69112
	68  -  MemoryUsage of job (MB)
	69112  -  ResidentSetSize of job (KB)
...
006 (7138.000.000) 2023-08-14 12:57:15 Image size of job updated: 463856
	69  -  MemoryUsage of job (MB)
	69768  -  ResidentSetSize of job (KB)
...
006 (7138.000.000) 2023-08-14 13:02:16 Image size of job updated: 463856
	69  -  MemoryUsage of job (MB)
	69804  -  ResidentSetSize of job (KB)
...
006 (7138.000.000) 2023-08-14 13:07:16 Image size of job updated: 463856
	69  -  MemoryUsage of job (MB)
	69916  -  ResidentSetSize of job (KB)
...
006 (7138.000.000) 2023-08-14 13:12:16 Image size of job updated: 463856
	69  -  MemoryUsage of job (MB)
	70056  -  ResidentSetSize of job (KB)
...
006 (7138.000.000) 2023-08-14 13:17:16 Image size of job updated: 463856
	70  -  MemoryUsage of job (MB)
	71088  -  ResidentSetSize of job (KB)
...
006 (7138.000.000) 2023-08-14 13:22:16 Image size of job updated: 463856
	70  -  MemoryUsage of job (MB)
	71228  -  ResidentSetSize of job (KB)
...
005 (7138.000.000) 2023-08-14 13:25:29 Job terminated.
	(1) Normal termination (return value 0)
		Usr 0 00:33:13, Sys 0 00:00:00  -  Run Remote Usage
		Usr 0 00:00:00, Sys 0 00:00:00  -  Run Local Usage
		Usr 0 00:33:13, Sys 0 00:00:00  -  Total Remote Usage
		Usr 0 00:00:00, Sys 0 00:00:00  -  Total Local Usage
	0  -  Run Bytes Sent By Job
	463  -  Run Bytes Received By Job
	0  -  Total Bytes Sent By Job
	463  -  Total Bytes Received By Job
	Partitionable Resources :    Usage  Request Allocated 
	   Cpus                 :     1.00        1         1 
	   Disk (KB)            :    21           1   4077838 
	   Memory (MB)          :    70           1      2000 

	Job terminated of its own accord at 2023-08-14T11:25:29Z with exit-code 0.
...
