000 (7510.000.000) 2023-08-14 12:12:59 Job submitted from host: <90.147.8.111:9618?addrs=90.147.8.111-9618&alias=ams&noUDP&sock=schedd_3306931_2f8d>
...
040 (7510.000.000) 2023-08-14 14:34:11 Started transferring input files
	Transferring to host: <192.168.100.101:9618?addrs=192.168.100.101-9618&alias=node02&noUDP&sock=slot42_102123_a452_2693>
...
040 (7510.000.000) 2023-08-14 14:34:11 Finished transferring input files
...
001 (7510.000.000) 2023-08-14 14:34:12 Job executing on host: <192.168.100.101:9618?addrs=192.168.100.101-9618&alias=node02&noUDP&sock=startd_102084_b624>
	SlotName: slot42@node02
	CondorScratchDir = "/home/spool/lib/condor/execute/dir_174296"
	Cpus = 1
	Disk = 1873362
	Memory = 2006
...
006 (7510.000.000) 2023-08-14 14:34:20 Image size of job updated: 77852
	68  -  MemoryUsage of job (MB)
	69416  -  ResidentSetSize of job (KB)
...
006 (7510.000.000) 2023-08-14 14:39:20 Image size of job updated: 84660
	83  -  MemoryUsage of job (MB)
	84524  -  ResidentSetSize of job (KB)
...
006 (7510.000.000) 2023-08-14 14:44:20 Image size of job updated: 102000
	100  -  MemoryUsage of job (MB)
	102000  -  ResidentSetSize of job (KB)
...
006 (7510.000.000) 2023-08-14 14:49:21 Image size of job updated: 128080
	126  -  MemoryUsage of job (MB)
	128080  -  ResidentSetSize of job (KB)
...
006 (7510.000.000) 2023-08-14 14:54:21 Image size of job updated: 154720
	152  -  MemoryUsage of job (MB)
	154716  -  ResidentSetSize of job (KB)
...
006 (7510.000.000) 2023-08-14 14:56:06 Image size of job updated: 166676
	152  -  MemoryUsage of job (MB)
	154716  -  ResidentSetSize of job (KB)
...
005 (7510.000.000) 2023-08-14 14:56:06 Job terminated.
	(1) Normal termination (return value 0)
		Usr 0 00:00:00, Sys 0 00:00:00  -  Run Remote Usage
		Usr 0 00:00:00, Sys 0 00:00:00  -  Run Local Usage
		Usr 0 00:00:00, Sys 0 00:00:00  -  Total Remote Usage
		Usr 0 00:00:00, Sys 0 00:00:00  -  Total Local Usage
	0  -  Run Bytes Sent By Job
	465  -  Run Bytes Received By Job
	0  -  Total Bytes Sent By Job
	465  -  Total Bytes Received By Job
	Partitionable Resources :    Usage  Request Allocated 
	   Cpus                 :     1.00        1         1 
	   Disk (KB)            :    22           1   1873362 
	   Memory (MB)          :   152           1      2006 

	Job terminated of its own accord at 2023-08-14T12:56:06Z with exit-code 0.
...
