000 (7114.000.000) 2023-08-14 12:12:40 Job submitted from host: <90.147.8.111:9618?addrs=90.147.8.111-9618&alias=ams&noUDP&sock=schedd_3306931_2f8d>
...
040 (7114.000.000) 2023-08-14 12:47:05 Started transferring input files
	Transferring to host: <192.168.100.3:9618?addrs=192.168.100.3-9618&alias=node03&noUDP&sock=slot2_56810_88bf_2318>
...
040 (7114.000.000) 2023-08-14 12:47:05 Finished transferring input files
...
001 (7114.000.000) 2023-08-14 12:47:06 Job executing on host: <192.168.100.3:9618?addrs=192.168.100.3-9618&alias=node03&noUDP&sock=startd_56773_2261>
	SlotName: slot2@node03
...
006 (7114.000.000) 2023-08-14 12:47:15 Image size of job updated: 466240
	70  -  MemoryUsage of job (MB)
	71256  -  ResidentSetSize of job (KB)
...
006 (7114.000.000) 2023-08-14 12:52:15 Image size of job updated: 466240
	71  -  MemoryUsage of job (MB)
	72168  -  ResidentSetSize of job (KB)
...
006 (7114.000.000) 2023-08-14 12:57:15 Image size of job updated: 466240
	71  -  MemoryUsage of job (MB)
	72208  -  ResidentSetSize of job (KB)
...
006 (7114.000.000) 2023-08-14 13:02:15 Image size of job updated: 466240
	71  -  MemoryUsage of job (MB)
	72236  -  ResidentSetSize of job (KB)
...
006 (7114.000.000) 2023-08-14 13:07:16 Image size of job updated: 466240
	71  -  MemoryUsage of job (MB)
	72380  -  ResidentSetSize of job (KB)
...
006 (7114.000.000) 2023-08-14 13:12:16 Image size of job updated: 466240
	71  -  MemoryUsage of job (MB)
	72548  -  ResidentSetSize of job (KB)
...
006 (7114.000.000) 2023-08-14 13:17:16 Image size of job updated: 466240
	72  -  MemoryUsage of job (MB)
	73144  -  ResidentSetSize of job (KB)
...
006 (7114.000.000) 2023-08-14 13:22:17 Image size of job updated: 466240
	72  -  MemoryUsage of job (MB)
	73648  -  ResidentSetSize of job (KB)
...
005 (7114.000.000) 2023-08-14 13:25:41 Job terminated.
	(1) Normal termination (return value 0)
		Usr 0 00:38:25, Sys 0 00:00:00  -  Run Remote Usage
		Usr 0 00:00:00, Sys 0 00:00:00  -  Run Local Usage
		Usr 0 00:38:25, Sys 0 00:00:00  -  Total Remote Usage
		Usr 0 00:00:00, Sys 0 00:00:00  -  Total Local Usage
	0  -  Run Bytes Sent By Job
	465  -  Run Bytes Received By Job
	0  -  Total Bytes Sent By Job
	465  -  Total Bytes Received By Job
	Partitionable Resources :    Usage  Request Allocated 
	   Cpus                 :     0.98        1         1 
	   Disk (KB)            :    21           1   4077838 
	   Memory (MB)          :    72           1      2000 

	Job terminated of its own accord at 2023-08-14T11:25:41Z with exit-code 0.
...
