000 (7340.000.000) 2023-08-14 12:12:52 Job submitted from host: <90.147.8.111:9618?addrs=90.147.8.111-9618&alias=ams&noUDP&sock=schedd_3306931_2f8d>
...
040 (7340.000.000) 2023-08-14 13:48:06 Started transferring input files
	Transferring to host: <192.168.100.101:9618?addrs=192.168.100.101-9618&alias=node02&noUDP&sock=slot29_102123_a452_2600>
...
040 (7340.000.000) 2023-08-14 13:48:06 Finished transferring input files
...
001 (7340.000.000) 2023-08-14 13:48:07 Job executing on host: <192.168.100.101:9618?addrs=192.168.100.101-9618&alias=node02&noUDP&sock=startd_102084_b624>
	SlotName: slot29@node02
	CondorScratchDir = "/home/spool/lib/condor/execute/dir_172755"
	Cpus = 1
	Disk = 1873362
	Memory = 2006
...
006 (7340.000.000) 2023-08-14 13:48:16 Image size of job updated: 92000
	71  -  MemoryUsage of job (MB)
	72204  -  ResidentSetSize of job (KB)
...
006 (7340.000.000) 2023-08-14 13:53:16 Image size of job updated: 101728
	100  -  MemoryUsage of job (MB)
	101728  -  ResidentSetSize of job (KB)
...
006 (7340.000.000) 2023-08-14 13:58:17 Image size of job updated: 129696
	127  -  MemoryUsage of job (MB)
	129508  -  ResidentSetSize of job (KB)
...
006 (7340.000.000) 2023-08-14 14:03:17 Image size of job updated: 164732
	161  -  MemoryUsage of job (MB)
	164732  -  ResidentSetSize of job (KB)
...
006 (7340.000.000) 2023-08-14 14:08:17 Image size of job updated: 201088
	197  -  MemoryUsage of job (MB)
	201044  -  ResidentSetSize of job (KB)
...
006 (7340.000.000) 2023-08-14 14:13:15 Image size of job updated: 239464
	197  -  MemoryUsage of job (MB)
	201044  -  ResidentSetSize of job (KB)
...
005 (7340.000.000) 2023-08-14 14:13:15 Job terminated.
	(1) Normal termination (return value 0)
		Usr 0 00:00:00, Sys 0 00:00:00  -  Run Remote Usage
		Usr 0 00:00:00, Sys 0 00:00:00  -  Run Local Usage
		Usr 0 00:00:00, Sys 0 00:00:00  -  Total Remote Usage
		Usr 0 00:00:00, Sys 0 00:00:00  -  Total Local Usage
	0  -  Run Bytes Sent By Job
	480  -  Run Bytes Received By Job
	0  -  Total Bytes Sent By Job
	480  -  Total Bytes Received By Job
	Partitionable Resources :    Usage  Request Allocated 
	   Cpus                 :     0.99        1         1 
	   Disk (KB)            :    21           1   1873362 
	   Memory (MB)          :   197           1      2006 

	Job terminated of its own accord at 2023-08-14T12:13:15Z with exit-code 0.
...
