000 (7288.000.000) 2023-08-14 12:12:49 Job submitted from host: <90.147.8.111:9618?addrs=90.147.8.111-9618&alias=ams&noUDP&sock=schedd_3306931_2f8d>
...
040 (7288.000.000) 2023-08-14 13:33:06 Started transferring input files
	Transferring to host: <192.168.100.101:9618?addrs=192.168.100.101-9618&alias=node02&noUDP&sock=slot24_102123_a452_2569>
...
040 (7288.000.000) 2023-08-14 13:33:06 Finished transferring input files
...
001 (7288.000.000) 2023-08-14 13:33:07 Job executing on host: <192.168.100.101:9618?addrs=192.168.100.101-9618&alias=node02&noUDP&sock=startd_102084_b624>
	SlotName: slot24@node02
	CondorScratchDir = "/home/spool/lib/condor/execute/dir_172260"
	Cpus = 1
	Disk = 1873362
	Memory = 2006
...
006 (7288.000.000) 2023-08-14 13:33:16 Image size of job updated: 77896
	69  -  MemoryUsage of job (MB)
	69840  -  ResidentSetSize of job (KB)
...
006 (7288.000.000) 2023-08-14 13:38:16 Image size of job updated: 102228
	100  -  MemoryUsage of job (MB)
	102228  -  ResidentSetSize of job (KB)
...
006 (7288.000.000) 2023-08-14 13:43:16 Image size of job updated: 134612
	132  -  MemoryUsage of job (MB)
	134612  -  ResidentSetSize of job (KB)
...
006 (7288.000.000) 2023-08-14 13:48:16 Image size of job updated: 172856
	169  -  MemoryUsage of job (MB)
	172788  -  ResidentSetSize of job (KB)
...
006 (7288.000.000) 2023-08-14 13:53:16 Image size of job updated: 207924
	204  -  MemoryUsage of job (MB)
	207924  -  ResidentSetSize of job (KB)
...
006 (7288.000.000) 2023-08-14 13:55:01 Image size of job updated: 219336
	204  -  MemoryUsage of job (MB)
	207924  -  ResidentSetSize of job (KB)
...
005 (7288.000.000) 2023-08-14 13:55:01 Job terminated.
	(1) Normal termination (return value 0)
		Usr 0 00:00:00, Sys 0 00:00:00  -  Run Remote Usage
		Usr 0 00:00:00, Sys 0 00:00:00  -  Run Local Usage
		Usr 0 00:00:00, Sys 0 00:00:00  -  Total Remote Usage
		Usr 0 00:00:00, Sys 0 00:00:00  -  Total Local Usage
	0  -  Run Bytes Sent By Job
	480  -  Run Bytes Received By Job
	0  -  Total Bytes Sent By Job
	480  -  Total Bytes Received By Job
	Partitionable Resources :    Usage  Request Allocated 
	   Cpus                 :     1.00        1         1 
	   Disk (KB)            :    21           1   1873362 
	   Memory (MB)          :   204           1      2006 

	Job terminated of its own accord at 2023-08-14T11:55:01Z with exit-code 0.
...
