000 (7281.000.000) 2023-08-14 12:12:49 Job submitted from host: <90.147.8.111:9618?addrs=90.147.8.111-9618&alias=ams&noUDP&sock=schedd_3306931_2f8d>
...
040 (7281.000.000) 2023-08-14 13:31:07 Started transferring input files
	Transferring to host: <192.168.100.101:9618?addrs=192.168.100.101-9618&alias=node02&noUDP&sock=slot64_102123_a452_2563>
...
040 (7281.000.000) 2023-08-14 13:31:07 Finished transferring input files
...
001 (7281.000.000) 2023-08-14 13:31:08 Job executing on host: <192.168.100.101:9618?addrs=192.168.100.101-9618&alias=node02&noUDP&sock=startd_102084_b624>
	SlotName: slot64@node02
	CondorScratchDir = "/home/spool/lib/condor/execute/dir_172182"
	Cpus = 1
	Disk = 1873362
	Memory = 2006
...
006 (7281.000.000) 2023-08-14 13:31:16 Image size of job updated: 78008
	69  -  MemoryUsage of job (MB)
	69852  -  ResidentSetSize of job (KB)
...
006 (7281.000.000) 2023-08-14 13:36:17 Image size of job updated: 88664
	87  -  MemoryUsage of job (MB)
	88664  -  ResidentSetSize of job (KB)
...
006 (7281.000.000) 2023-08-14 13:41:18 Image size of job updated: 108444
	106  -  MemoryUsage of job (MB)
	108444  -  ResidentSetSize of job (KB)
...
006 (7281.000.000) 2023-08-14 13:46:18 Image size of job updated: 130796
	128  -  MemoryUsage of job (MB)
	130792  -  ResidentSetSize of job (KB)
...
006 (7281.000.000) 2023-08-14 13:51:18 Image size of job updated: 155612
	152  -  MemoryUsage of job (MB)
	155612  -  ResidentSetSize of job (KB)
...
006 (7281.000.000) 2023-08-14 13:56:18 Image size of job updated: 181572
	178  -  MemoryUsage of job (MB)
	181464  -  ResidentSetSize of job (KB)
...
006 (7281.000.000) 2023-08-14 14:01:19 Image size of job updated: 206432
	202  -  MemoryUsage of job (MB)
	206432  -  ResidentSetSize of job (KB)
...
006 (7281.000.000) 2023-08-14 14:03:33 Image size of job updated: 219444
	202  -  MemoryUsage of job (MB)
	206432  -  ResidentSetSize of job (KB)
...
005 (7281.000.000) 2023-08-14 14:03:33 Job terminated.
	(1) Normal termination (return value 0)
		Usr 0 00:00:00, Sys 0 00:00:00  -  Run Remote Usage
		Usr 0 00:00:00, Sys 0 00:00:00  -  Run Local Usage
		Usr 0 00:00:00, Sys 0 00:00:00  -  Total Remote Usage
		Usr 0 00:00:00, Sys 0 00:00:00  -  Total Local Usage
	0  -  Run Bytes Sent By Job
	480  -  Run Bytes Received By Job
	0  -  Total Bytes Sent By Job
	480  -  Total Bytes Received By Job
	Partitionable Resources :    Usage  Request Allocated 
	   Cpus                 :     0.80        1         1 
	   Disk (KB)            :    21           1   1873362 
	   Memory (MB)          :   202           1      2006 

	Job terminated of its own accord at 2023-08-14T12:03:33Z with exit-code 0.
...
