000 (7479.000.000) 2023-08-14 12:12:58 Job submitted from host: <90.147.8.111:9618?addrs=90.147.8.111-9618&alias=ams&noUDP&sock=schedd_3306931_2f8d>
...
040 (7479.000.000) 2023-08-14 14:26:08 Started transferring input files
	Transferring to host: <192.168.100.3:9618?addrs=192.168.100.3-9618&alias=node03&noUDP&sock=slot25_56810_88bf_2476>
...
040 (7479.000.000) 2023-08-14 14:26:08 Finished transferring input files
...
001 (7479.000.000) 2023-08-14 14:26:09 Job executing on host: <192.168.100.3:9618?addrs=192.168.100.3-9618&alias=node03&noUDP&sock=startd_56773_2261>
	SlotName: slot25@node03
...
006 (7479.000.000) 2023-08-14 14:26:18 Image size of job updated: 463432
	68  -  MemoryUsage of job (MB)
	69252  -  ResidentSetSize of job (KB)
...
006 (7479.000.000) 2023-08-14 14:31:18 Image size of job updated: 463432
	68  -  MemoryUsage of job (MB)
	69340  -  ResidentSetSize of job (KB)
...
006 (7479.000.000) 2023-08-14 14:36:18 Image size of job updated: 463432
	68  -  MemoryUsage of job (MB)
	69420  -  ResidentSetSize of job (KB)
...
006 (7479.000.000) 2023-08-14 14:41:18 Image size of job updated: 463432
	68  -  MemoryUsage of job (MB)
	69544  -  ResidentSetSize of job (KB)
...
006 (7479.000.000) 2023-08-14 14:46:18 Image size of job updated: 463432
	69  -  MemoryUsage of job (MB)
	69988  -  ResidentSetSize of job (KB)
...
005 (7479.000.000) 2023-08-14 14:50:14 Job terminated.
	(1) Normal termination (return value 0)
		Usr 0 00:23:59, Sys 0 00:00:00  -  Run Remote Usage
		Usr 0 00:00:00, Sys 0 00:00:00  -  Run Local Usage
		Usr 0 00:23:59, Sys 0 00:00:00  -  Total Remote Usage
		Usr 0 00:00:00, Sys 0 00:00:00  -  Total Local Usage
	0  -  Run Bytes Sent By Job
	480  -  Run Bytes Received By Job
	0  -  Total Bytes Sent By Job
	480  -  Total Bytes Received By Job
	Partitionable Resources :    Usage  Request Allocated 
	   Cpus                 :     1.00        1         1 
	   Disk (KB)            :    21           1   4077838 
	   Memory (MB)          :    69           1      2000 

	Job terminated of its own accord at 2023-08-14T12:50:14Z with exit-code 0.
...
