000 (7326.000.000) 2023-08-14 12:12:51 Job submitted from host: <90.147.8.111:9618?addrs=90.147.8.111-9618&alias=ams&noUDP&sock=schedd_3306931_2f8d>
...
040 (7326.000.000) 2023-08-14 13:45:06 Started transferring input files
	Transferring to host: <192.168.100.101:9618?addrs=192.168.100.101-9618&alias=node02&noUDP&sock=slot5_102123_a452_2591>
...
040 (7326.000.000) 2023-08-14 13:45:06 Finished transferring input files
...
001 (7326.000.000) 2023-08-14 13:45:08 Job executing on host: <192.168.100.101:9618?addrs=192.168.100.101-9618&alias=node02&noUDP&sock=startd_102084_b624>
	SlotName: slot5@node02
	CondorScratchDir = "/home/spool/lib/condor/execute/dir_172640"
	Cpus = 1
	Disk = 1873362
	Memory = 2006
...
006 (7326.000.000) 2023-08-14 13:45:16 Image size of job updated: 92000
	70  -  MemoryUsage of job (MB)
	71352  -  ResidentSetSize of job (KB)
...
006 (7326.000.000) 2023-08-14 13:50:17 Image size of job updated: 92000
	90  -  MemoryUsage of job (MB)
	91228  -  ResidentSetSize of job (KB)
...
006 (7326.000.000) 2023-08-14 13:55:18 Image size of job updated: 111896
	110  -  MemoryUsage of job (MB)
	111896  -  ResidentSetSize of job (KB)
...
006 (7326.000.000) 2023-08-14 14:00:18 Image size of job updated: 135028
	132  -  MemoryUsage of job (MB)
	135028  -  ResidentSetSize of job (KB)
...
006 (7326.000.000) 2023-08-14 14:05:18 Image size of job updated: 161116
	158  -  MemoryUsage of job (MB)
	161116  -  ResidentSetSize of job (KB)
...
006 (7326.000.000) 2023-08-14 14:10:19 Image size of job updated: 187528
	184  -  MemoryUsage of job (MB)
	187488  -  ResidentSetSize of job (KB)
...
006 (7326.000.000) 2023-08-14 14:15:20 Image size of job updated: 212152
	208  -  MemoryUsage of job (MB)
	212152  -  ResidentSetSize of job (KB)
...
006 (7326.000.000) 2023-08-14 14:20:21 Image size of job updated: 234948
	230  -  MemoryUsage of job (MB)
	234892  -  ResidentSetSize of job (KB)
...
006 (7326.000.000) 2023-08-14 14:20:50 Image size of job updated: 239340
	230  -  MemoryUsage of job (MB)
	234892  -  ResidentSetSize of job (KB)
...
005 (7326.000.000) 2023-08-14 14:20:50 Job terminated.
	(1) Normal termination (return value 0)
		Usr 0 00:00:00, Sys 0 00:00:00  -  Run Remote Usage
		Usr 0 00:00:00, Sys 0 00:00:00  -  Run Local Usage
		Usr 0 00:00:00, Sys 0 00:00:00  -  Total Remote Usage
		Usr 0 00:00:00, Sys 0 00:00:00  -  Total Local Usage
	0  -  Run Bytes Sent By Job
	480  -  Run Bytes Received By Job
	0  -  Total Bytes Sent By Job
	480  -  Total Bytes Received By Job
	Partitionable Resources :    Usage  Request Allocated 
	   Cpus                 :     0.80        1         1 
	   Disk (KB)            :    21           1   1873362 
	   Memory (MB)          :   230           1      2006 

	Job terminated of its own accord at 2023-08-14T12:20:50Z with exit-code 0.
...
