000 (6932.000.000) 2023-08-14 12:12:32 Job submitted from host: <90.147.8.111:9618?addrs=90.147.8.111-9618&alias=ams&noUDP&sock=schedd_3306931_2f8d>
...
040 (6932.000.000) 2023-08-14 12:12:46 Started transferring input files
	Transferring to host: <192.168.100.3:9618?addrs=192.168.100.3-9618&alias=node03&noUDP&sock=slot4_56810_88bf_2237>
...
040 (6932.000.000) 2023-08-14 12:12:46 Finished transferring input files
...
001 (6932.000.000) 2023-08-14 12:12:48 Job executing on host: <192.168.100.3:9618?addrs=192.168.100.3-9618&alias=node03&noUDP&sock=startd_56773_2261>
	SlotName: slot4@node03
...
006 (6932.000.000) 2023-08-14 12:12:57 Image size of job updated: 437544
	70  -  MemoryUsage of job (MB)
	71668  -  ResidentSetSize of job (KB)
...
006 (6932.000.000) 2023-08-14 12:17:57 Image size of job updated: 466240
	71  -  MemoryUsage of job (MB)
	72124  -  ResidentSetSize of job (KB)
...
006 (6932.000.000) 2023-08-14 12:22:58 Image size of job updated: 466240
	71  -  MemoryUsage of job (MB)
	72204  -  ResidentSetSize of job (KB)
...
006 (6932.000.000) 2023-08-14 12:27:59 Image size of job updated: 466240
	71  -  MemoryUsage of job (MB)
	72232  -  ResidentSetSize of job (KB)
...
006 (6932.000.000) 2023-08-14 12:33:00 Image size of job updated: 466240
	71  -  MemoryUsage of job (MB)
	72388  -  ResidentSetSize of job (KB)
...
006 (6932.000.000) 2023-08-14 12:38:00 Image size of job updated: 466240
	71  -  MemoryUsage of job (MB)
	72448  -  ResidentSetSize of job (KB)
...
006 (6932.000.000) 2023-08-14 12:43:00 Image size of job updated: 466240
	72  -  MemoryUsage of job (MB)
	73140  -  ResidentSetSize of job (KB)
...
006 (6932.000.000) 2023-08-14 12:48:00 Image size of job updated: 466240
	72  -  MemoryUsage of job (MB)
	73436  -  ResidentSetSize of job (KB)
...
005 (6932.000.000) 2023-08-14 12:51:43 Job terminated.
	(1) Normal termination (return value 0)
		Usr 0 00:38:40, Sys 0 00:00:01  -  Run Remote Usage
		Usr 0 00:00:00, Sys 0 00:00:00  -  Run Local Usage
		Usr 0 00:38:40, Sys 0 00:00:01  -  Total Remote Usage
		Usr 0 00:00:00, Sys 0 00:00:00  -  Total Local Usage
	0  -  Run Bytes Sent By Job
	465  -  Run Bytes Received By Job
	0  -  Total Bytes Sent By Job
	465  -  Total Bytes Received By Job
	Partitionable Resources :    Usage  Request Allocated 
	   Cpus                 :     1.00        1         1 
	   Disk (KB)            :    21           1   4077838 
	   Memory (MB)          :    72           1      2000 

	Job terminated of its own accord at 2023-08-14T10:51:42Z with exit-code 0.
...
