000 (7203.000.000) 2023-08-14 12:12:45 Job submitted from host: <90.147.8.111:9618?addrs=90.147.8.111-9618&alias=ams&noUDP&sock=schedd_3306931_2f8d>
...
040 (7203.000.000) 2023-08-14 13:12:01 Started transferring input files
	Transferring to host: <192.168.100.101:9618?addrs=192.168.100.101-9618&alias=node02&noUDP&sock=slot39_102123_a452_2519>
...
040 (7203.000.000) 2023-08-14 13:12:01 Finished transferring input files
...
001 (7203.000.000) 2023-08-14 13:12:02 Job executing on host: <192.168.100.101:9618?addrs=192.168.100.101-9618&alias=node02&noUDP&sock=startd_102084_b624>
	SlotName: slot39@node02
	CondorScratchDir = "/home/spool/lib/condor/execute/dir_171531"
	Cpus = 1
	Disk = 1873362
	Memory = 2006
...
006 (7203.000.000) 2023-08-14 13:12:11 Image size of job updated: 92284
	70  -  MemoryUsage of job (MB)
	71672  -  ResidentSetSize of job (KB)
...
006 (7203.000.000) 2023-08-14 13:17:12 Image size of job updated: 92284
	86  -  MemoryUsage of job (MB)
	87232  -  ResidentSetSize of job (KB)
...
006 (7203.000.000) 2023-08-14 13:22:12 Image size of job updated: 101664
	100  -  MemoryUsage of job (MB)
	101664  -  ResidentSetSize of job (KB)
...
006 (7203.000.000) 2023-08-14 13:27:13 Image size of job updated: 119956
	118  -  MemoryUsage of job (MB)
	119952  -  ResidentSetSize of job (KB)
...
006 (7203.000.000) 2023-08-14 13:32:13 Image size of job updated: 139148
	136  -  MemoryUsage of job (MB)
	139148  -  ResidentSetSize of job (KB)
...
006 (7203.000.000) 2023-08-14 13:37:13 Image size of job updated: 157368
	154  -  MemoryUsage of job (MB)
	157368  -  ResidentSetSize of job (KB)
...
006 (7203.000.000) 2023-08-14 13:39:40 Image size of job updated: 168692
	154  -  MemoryUsage of job (MB)
	157368  -  ResidentSetSize of job (KB)
...
005 (7203.000.000) 2023-08-14 13:39:40 Job terminated.
	(1) Normal termination (return value 0)
		Usr 0 00:00:00, Sys 0 00:00:00  -  Run Remote Usage
		Usr 0 00:00:00, Sys 0 00:00:00  -  Run Local Usage
		Usr 0 00:00:00, Sys 0 00:00:00  -  Total Remote Usage
		Usr 0 00:00:00, Sys 0 00:00:00  -  Total Local Usage
	0  -  Run Bytes Sent By Job
	465  -  Run Bytes Received By Job
	0  -  Total Bytes Sent By Job
	465  -  Total Bytes Received By Job
	Partitionable Resources :    Usage  Request Allocated 
	   Cpus                 :     1.00        1         1 
	   Disk (KB)            :    22           1   1873362 
	   Memory (MB)          :   154           1      2006 

	Job terminated of its own accord at 2023-08-14T11:39:40Z with exit-code 0.
...
