000 (7169.000.000) 2023-08-14 12:12:43 Job submitted from host: <90.147.8.111:9618?addrs=90.147.8.111-9618&alias=ams&noUDP&sock=schedd_3306931_2f8d>
...
040 (7169.000.000) 2023-08-14 13:03:23 Started transferring input files
	Transferring to host: <192.168.100.3:9618?addrs=192.168.100.3-9618&alias=node03&noUDP&sock=slot3_56810_88bf_2338>
...
040 (7169.000.000) 2023-08-14 13:03:23 Finished transferring input files
...
001 (7169.000.000) 2023-08-14 13:03:24 Job executing on host: <192.168.100.3:9618?addrs=192.168.100.3-9618&alias=node03&noUDP&sock=startd_56773_2261>
	SlotName: slot3@node03
...
006 (7169.000.000) 2023-08-14 13:03:32 Image size of job updated: 463432
	68  -  MemoryUsage of job (MB)
	69240  -  ResidentSetSize of job (KB)
...
006 (7169.000.000) 2023-08-14 13:08:33 Image size of job updated: 463432
	68  -  MemoryUsage of job (MB)
	69348  -  ResidentSetSize of job (KB)
...
006 (7169.000.000) 2023-08-14 13:13:33 Image size of job updated: 463432
	68  -  MemoryUsage of job (MB)
	69412  -  ResidentSetSize of job (KB)
...
006 (7169.000.000) 2023-08-14 13:18:33 Image size of job updated: 463432
	68  -  MemoryUsage of job (MB)
	69628  -  ResidentSetSize of job (KB)
...
006 (7169.000.000) 2023-08-14 13:23:33 Image size of job updated: 463432
	69  -  MemoryUsage of job (MB)
	70596  -  ResidentSetSize of job (KB)
...
006 (7169.000.000) 2023-08-14 13:28:33 Image size of job updated: 463432
	69  -  MemoryUsage of job (MB)
	70600  -  ResidentSetSize of job (KB)
...
005 (7169.000.000) 2023-08-14 13:30:28 Job terminated.
	(1) Normal termination (return value 0)
		Usr 0 00:26:55, Sys 0 00:00:01  -  Run Remote Usage
		Usr 0 00:00:00, Sys 0 00:00:00  -  Run Local Usage
		Usr 0 00:26:55, Sys 0 00:00:01  -  Total Remote Usage
		Usr 0 00:00:00, Sys 0 00:00:00  -  Total Local Usage
	0  -  Run Bytes Sent By Job
	480  -  Run Bytes Received By Job
	0  -  Total Bytes Sent By Job
	480  -  Total Bytes Received By Job
	Partitionable Resources :    Usage  Request Allocated 
	   Cpus                 :     1.00        1         1 
	   Disk (KB)            :    22           1   4077838 
	   Memory (MB)          :    69           1      2000 

	Job terminated of its own accord at 2023-08-14T11:30:28Z with exit-code 0.
...
