000 (7451.000.000) 2023-08-14 12:12:57 Job submitted from host: <90.147.8.111:9618?addrs=90.147.8.111-9618&alias=ams&noUDP&sock=schedd_3306931_2f8d>
...
040 (7451.000.000) 2023-08-14 14:17:07 Started transferring input files
	Transferring to host: <192.168.100.101:9618?addrs=192.168.100.101-9618&alias=node02&noUDP&sock=slot21_102123_a452_2661>
...
040 (7451.000.000) 2023-08-14 14:17:07 Finished transferring input files
...
001 (7451.000.000) 2023-08-14 14:17:08 Job executing on host: <192.168.100.101:9618?addrs=192.168.100.101-9618&alias=node02&noUDP&sock=startd_102084_b624>
	SlotName: slot21@node02
	CondorScratchDir = "/home/spool/lib/condor/execute/dir_173747"
	Cpus = 1
	Disk = 1873362
	Memory = 2006
...
006 (7451.000.000) 2023-08-14 14:17:16 Image size of job updated: 75376
	68  -  MemoryUsage of job (MB)
	69580  -  ResidentSetSize of job (KB)
...
006 (7451.000.000) 2023-08-14 14:22:16 Image size of job updated: 85396
	84  -  MemoryUsage of job (MB)
	85272  -  ResidentSetSize of job (KB)
...
006 (7451.000.000) 2023-08-14 14:27:16 Image size of job updated: 103380
	101  -  MemoryUsage of job (MB)
	103216  -  ResidentSetSize of job (KB)
...
006 (7451.000.000) 2023-08-14 14:32:16 Image size of job updated: 123920
	122  -  MemoryUsage of job (MB)
	123920  -  ResidentSetSize of job (KB)
...
006 (7451.000.000) 2023-08-14 14:36:14 Image size of job updated: 139008
	122  -  MemoryUsage of job (MB)
	123920  -  ResidentSetSize of job (KB)
...
005 (7451.000.000) 2023-08-14 14:36:14 Job terminated.
	(1) Normal termination (return value 0)
		Usr 0 00:00:00, Sys 0 00:00:00  -  Run Remote Usage
		Usr 0 00:00:00, Sys 0 00:00:00  -  Run Local Usage
		Usr 0 00:00:00, Sys 0 00:00:00  -  Total Remote Usage
		Usr 0 00:00:00, Sys 0 00:00:00  -  Total Local Usage
	0  -  Run Bytes Sent By Job
	448  -  Run Bytes Received By Job
	0  -  Total Bytes Sent By Job
	448  -  Total Bytes Received By Job
	Partitionable Resources :    Usage  Request Allocated 
	   Cpus                 :     0.98        1         1 
	   Disk (KB)            :    21           1   1873362 
	   Memory (MB)          :   122           1      2006 

	Job terminated of its own accord at 2023-08-14T12:36:14Z with exit-code 0.
...
