000 (7420.000.000) 2023-08-14 12:12:55 Job submitted from host: <90.147.8.111:9618?addrs=90.147.8.111-9618&alias=ams&noUDP&sock=schedd_3306931_2f8d>
...
040 (7420.000.000) 2023-08-14 14:08:13 Started transferring input files
	Transferring to host: <192.168.100.3:9618?addrs=192.168.100.3-9618&alias=node03&noUDP&sock=slot32_56810_88bf_2445>
...
040 (7420.000.000) 2023-08-14 14:08:13 Finished transferring input files
...
001 (7420.000.000) 2023-08-14 14:08:14 Job executing on host: <192.168.100.3:9618?addrs=192.168.100.3-9618&alias=node03&noUDP&sock=startd_56773_2261>
	SlotName: slot32@node03
...
006 (7420.000.000) 2023-08-14 14:08:22 Image size of job updated: 463856
	68  -  MemoryUsage of job (MB)
	68868  -  ResidentSetSize of job (KB)
...
006 (7420.000.000) 2023-08-14 14:13:22 Image size of job updated: 463856
	69  -  MemoryUsage of job (MB)
	69772  -  ResidentSetSize of job (KB)
...
006 (7420.000.000) 2023-08-14 14:18:22 Image size of job updated: 463856
	69  -  MemoryUsage of job (MB)
	69824  -  ResidentSetSize of job (KB)
...
006 (7420.000.000) 2023-08-14 14:23:22 Image size of job updated: 463856
	69  -  MemoryUsage of job (MB)
	70140  -  ResidentSetSize of job (KB)
...
006 (7420.000.000) 2023-08-14 14:28:22 Image size of job updated: 463856
	69  -  MemoryUsage of job (MB)
	70520  -  ResidentSetSize of job (KB)
...
006 (7420.000.000) 2023-08-14 14:33:22 Image size of job updated: 463856
	70  -  MemoryUsage of job (MB)
	71064  -  ResidentSetSize of job (KB)
...
006 (7420.000.000) 2023-08-14 14:38:22 Image size of job updated: 463856
	70  -  MemoryUsage of job (MB)
	71204  -  ResidentSetSize of job (KB)
...
005 (7420.000.000) 2023-08-14 14:41:27 Job terminated.
	(1) Normal termination (return value 0)
		Usr 0 00:33:04, Sys 0 00:00:01  -  Run Remote Usage
		Usr 0 00:00:00, Sys 0 00:00:00  -  Run Local Usage
		Usr 0 00:33:04, Sys 0 00:00:01  -  Total Remote Usage
		Usr 0 00:00:00, Sys 0 00:00:00  -  Total Local Usage
	0  -  Run Bytes Sent By Job
	463  -  Run Bytes Received By Job
	0  -  Total Bytes Sent By Job
	463  -  Total Bytes Received By Job
	Partitionable Resources :    Usage  Request Allocated 
	   Cpus                 :     1.00        1         1 
	   Disk (KB)            :    22           1   4077838 
	   Memory (MB)          :    70           1      2000 

	Job terminated of its own accord at 2023-08-14T12:41:27Z with exit-code 0.
...
