000 (7320.000.000) 2023-08-14 12:12:51 Job submitted from host: <90.147.8.111:9618?addrs=90.147.8.111-9618&alias=ams&noUDP&sock=schedd_3306931_2f8d>
...
040 (7320.000.000) 2023-08-14 13:43:06 Started transferring input files
	Transferring to host: <192.168.100.101:9618?addrs=192.168.100.101-9618&alias=node02&noUDP&sock=slot9_102123_a452_2585>
...
040 (7320.000.000) 2023-08-14 13:43:06 Finished transferring input files
...
001 (7320.000.000) 2023-08-14 13:43:07 Job executing on host: <192.168.100.101:9618?addrs=192.168.100.101-9618&alias=node02&noUDP&sock=startd_102084_b624>
	SlotName: slot9@node02
	CondorScratchDir = "/home/spool/lib/condor/execute/dir_172560"
	Cpus = 1
	Disk = 1873362
	Memory = 2006
...
006 (7320.000.000) 2023-08-14 13:43:16 Image size of job updated: 92268
	70  -  MemoryUsage of job (MB)
	71672  -  ResidentSetSize of job (KB)
...
006 (7320.000.000) 2023-08-14 13:48:16 Image size of job updated: 92268
	84  -  MemoryUsage of job (MB)
	85668  -  ResidentSetSize of job (KB)
...
006 (7320.000.000) 2023-08-14 13:53:16 Image size of job updated: 98252
	96  -  MemoryUsage of job (MB)
	98212  -  ResidentSetSize of job (KB)
...
006 (7320.000.000) 2023-08-14 13:58:17 Image size of job updated: 111820
	110  -  MemoryUsage of job (MB)
	111744  -  ResidentSetSize of job (KB)
...
006 (7320.000.000) 2023-08-14 14:03:17 Image size of job updated: 127816
	125  -  MemoryUsage of job (MB)
	127816  -  ResidentSetSize of job (KB)
...
006 (7320.000.000) 2023-08-14 14:08:17 Image size of job updated: 144480
	142  -  MemoryUsage of job (MB)
	144416  -  ResidentSetSize of job (KB)
...
006 (7320.000.000) 2023-08-14 14:13:17 Image size of job updated: 162960
	159  -  MemoryUsage of job (MB)
	162712  -  ResidentSetSize of job (KB)
...
006 (7320.000.000) 2023-08-14 14:14:10 Image size of job updated: 167832
	159  -  MemoryUsage of job (MB)
	162712  -  ResidentSetSize of job (KB)
...
005 (7320.000.000) 2023-08-14 14:14:10 Job terminated.
	(1) Normal termination (return value 0)
		Usr 0 00:00:00, Sys 0 00:00:00  -  Run Remote Usage
		Usr 0 00:00:00, Sys 0 00:00:00  -  Run Local Usage
		Usr 0 00:00:00, Sys 0 00:00:00  -  Total Remote Usage
		Usr 0 00:00:00, Sys 0 00:00:00  -  Total Local Usage
	0  -  Run Bytes Sent By Job
	465  -  Run Bytes Received By Job
	0  -  Total Bytes Sent By Job
	465  -  Total Bytes Received By Job
	Partitionable Resources :    Usage  Request Allocated 
	   Cpus                 :     0.99        1         1 
	   Disk (KB)            :    21           1   1873362 
	   Memory (MB)          :   159           1      2006 

	Job terminated of its own accord at 2023-08-14T12:14:10Z with exit-code 0.
...
