000 (7157.000.000) 2023-08-14 12:12:42 Job submitted from host: <90.147.8.111:9618?addrs=90.147.8.111-9618&alias=ams&noUDP&sock=schedd_3306931_2f8d>
...
040 (7157.000.000) 2023-08-14 12:56:57 Started transferring input files
	Transferring to host: <192.168.100.3:9618?addrs=192.168.100.3-9618&alias=node03&noUDP&sock=slot36_56810_88bf_2333>
...
040 (7157.000.000) 2023-08-14 12:56:57 Finished transferring input files
...
001 (7157.000.000) 2023-08-14 12:56:58 Job executing on host: <192.168.100.3:9618?addrs=192.168.100.3-9618&alias=node03&noUDP&sock=startd_56773_2261>
	SlotName: slot36@node03
...
006 (7157.000.000) 2023-08-14 12:57:07 Image size of job updated: 437824
	68  -  MemoryUsage of job (MB)
	68812  -  ResidentSetSize of job (KB)
...
006 (7157.000.000) 2023-08-14 13:02:07 Image size of job updated: 463796
	69  -  MemoryUsage of job (MB)
	69784  -  ResidentSetSize of job (KB)
...
006 (7157.000.000) 2023-08-14 13:07:07 Image size of job updated: 463796
	69  -  MemoryUsage of job (MB)
	69812  -  ResidentSetSize of job (KB)
...
006 (7157.000.000) 2023-08-14 13:12:07 Image size of job updated: 463796
	69  -  MemoryUsage of job (MB)
	70628  -  ResidentSetSize of job (KB)
...
006 (7157.000.000) 2023-08-14 13:17:07 Image size of job updated: 463796
	70  -  MemoryUsage of job (MB)
	71380  -  ResidentSetSize of job (KB)
...
006 (7157.000.000) 2023-08-14 13:22:07 Image size of job updated: 463796
	71  -  MemoryUsage of job (MB)
	72584  -  ResidentSetSize of job (KB)
...
005 (7157.000.000) 2023-08-14 13:22:10 Job terminated.
	(1) Normal termination (return value 0)
		Usr 0 00:25:02, Sys 0 00:00:01  -  Run Remote Usage
		Usr 0 00:00:00, Sys 0 00:00:00  -  Run Local Usage
		Usr 0 00:25:02, Sys 0 00:00:01  -  Total Remote Usage
		Usr 0 00:00:00, Sys 0 00:00:00  -  Total Local Usage
	0  -  Run Bytes Sent By Job
	448  -  Run Bytes Received By Job
	0  -  Total Bytes Sent By Job
	448  -  Total Bytes Received By Job
	Partitionable Resources :    Usage  Request Allocated 
	   Cpus                 :     0.99        1         1 
	   Disk (KB)            :    22           1   4077838 
	   Memory (MB)          :    71           1      2000 

	Job terminated of its own accord at 2023-08-14T11:22:10Z with exit-code 0.
...
