000 (7348.000.000) 2023-08-14 12:12:52 Job submitted from host: <90.147.8.111:9618?addrs=90.147.8.111-9618&alias=ams&noUDP&sock=schedd_3306931_2f8d>
...
040 (7348.000.000) 2023-08-14 13:50:07 Started transferring input files
	Transferring to host: <192.168.100.101:9618?addrs=192.168.100.101-9618&alias=node02&noUDP&sock=slot61_102123_a452_2604>
...
040 (7348.000.000) 2023-08-14 13:50:07 Finished transferring input files
...
001 (7348.000.000) 2023-08-14 13:50:08 Job executing on host: <192.168.100.101:9618?addrs=192.168.100.101-9618&alias=node02&noUDP&sock=startd_102084_b624>
	SlotName: slot61@node02
	CondorScratchDir = "/home/spool/lib/condor/execute/dir_172828"
	Cpus = 1
	Disk = 1873362
	Memory = 2006
...
006 (7348.000.000) 2023-08-14 13:50:16 Image size of job updated: 92228
	71  -  MemoryUsage of job (MB)
	71760  -  ResidentSetSize of job (KB)
...
006 (7348.000.000) 2023-08-14 13:55:17 Image size of job updated: 92228
	83  -  MemoryUsage of job (MB)
	84160  -  ResidentSetSize of job (KB)
...
006 (7348.000.000) 2023-08-14 14:00:18 Image size of job updated: 94972
	93  -  MemoryUsage of job (MB)
	94972  -  ResidentSetSize of job (KB)
...
006 (7348.000.000) 2023-08-14 14:05:18 Image size of job updated: 105912
	104  -  MemoryUsage of job (MB)
	105852  -  ResidentSetSize of job (KB)
...
006 (7348.000.000) 2023-08-14 14:10:19 Image size of job updated: 122308
	120  -  MemoryUsage of job (MB)
	122264  -  ResidentSetSize of job (KB)
...
006 (7348.000.000) 2023-08-14 14:15:19 Image size of job updated: 138896
	136  -  MemoryUsage of job (MB)
	138772  -  ResidentSetSize of job (KB)
...
006 (7348.000.000) 2023-08-14 14:20:19 Image size of job updated: 156084
	153  -  MemoryUsage of job (MB)
	156084  -  ResidentSetSize of job (KB)
...
006 (7348.000.000) 2023-08-14 14:23:05 Image size of job updated: 168256
	153  -  MemoryUsage of job (MB)
	156084  -  ResidentSetSize of job (KB)
...
005 (7348.000.000) 2023-08-14 14:23:05 Job terminated.
	(1) Normal termination (return value 0)
		Usr 0 00:00:00, Sys 0 00:00:00  -  Run Remote Usage
		Usr 0 00:00:00, Sys 0 00:00:00  -  Run Local Usage
		Usr 0 00:00:00, Sys 0 00:00:00  -  Total Remote Usage
		Usr 0 00:00:00, Sys 0 00:00:00  -  Total Local Usage
	0  -  Run Bytes Sent By Job
	465  -  Run Bytes Received By Job
	0  -  Total Bytes Sent By Job
	465  -  Total Bytes Received By Job
	Partitionable Resources :    Usage  Request Allocated 
	   Cpus                 :     1.00        1         1 
	   Disk (KB)            :    21           1   1873362 
	   Memory (MB)          :   153           1      2006 

	Job terminated of its own accord at 2023-08-14T12:23:05Z with exit-code 0.
...
