000 (7425.000.000) 2023-08-14 12:12:55 Job submitted from host: <90.147.8.111:9618?addrs=90.147.8.111-9618&alias=ams&noUDP&sock=schedd_3306931_2f8d>
...
040 (7425.000.000) 2023-08-14 14:10:06 Started transferring input files
	Transferring to host: <192.168.100.3:9618?addrs=192.168.100.3-9618&alias=node03&noUDP&sock=slot6_56810_88bf_2448>
...
040 (7425.000.000) 2023-08-14 14:10:06 Finished transferring input files
...
001 (7425.000.000) 2023-08-14 14:10:07 Job executing on host: <192.168.100.3:9618?addrs=192.168.100.3-9618&alias=node03&noUDP&sock=startd_56773_2261>
	SlotName: slot6@node03
...
006 (7425.000.000) 2023-08-14 14:10:16 Image size of job updated: 463432
	68  -  MemoryUsage of job (MB)
	69256  -  ResidentSetSize of job (KB)
...
006 (7425.000.000) 2023-08-14 14:15:17 Image size of job updated: 463432
	68  -  MemoryUsage of job (MB)
	69364  -  ResidentSetSize of job (KB)
...
006 (7425.000.000) 2023-08-14 14:20:18 Image size of job updated: 463432
	68  -  MemoryUsage of job (MB)
	69408  -  ResidentSetSize of job (KB)
...
006 (7425.000.000) 2023-08-14 14:25:18 Image size of job updated: 463432
	68  -  MemoryUsage of job (MB)
	69560  -  ResidentSetSize of job (KB)
...
006 (7425.000.000) 2023-08-14 14:30:18 Image size of job updated: 463432
	69  -  MemoryUsage of job (MB)
	69864  -  ResidentSetSize of job (KB)
...
006 (7425.000.000) 2023-08-14 14:35:18 Image size of job updated: 463432
	69  -  MemoryUsage of job (MB)
	70148  -  ResidentSetSize of job (KB)
...
005 (7425.000.000) 2023-08-14 14:37:17 Job terminated.
	(1) Normal termination (return value 0)
		Usr 0 00:26:58, Sys 0 00:00:01  -  Run Remote Usage
		Usr 0 00:00:00, Sys 0 00:00:00  -  Run Local Usage
		Usr 0 00:26:58, Sys 0 00:00:01  -  Total Remote Usage
		Usr 0 00:00:00, Sys 0 00:00:00  -  Total Local Usage
	0  -  Run Bytes Sent By Job
	480  -  Run Bytes Received By Job
	0  -  Total Bytes Sent By Job
	480  -  Total Bytes Received By Job
	Partitionable Resources :    Usage  Request Allocated 
	   Cpus                 :     0.96        1         1 
	   Disk (KB)            :    21           1   4077838 
	   Memory (MB)          :    69           1      2000 

	Job terminated of its own accord at 2023-08-14T12:37:17Z with exit-code 0.
...
