000 (7478.000.000) 2023-08-14 12:12:58 Job submitted from host: <90.147.8.111:9618?addrs=90.147.8.111-9618&alias=ams&noUDP&sock=schedd_3306931_2f8d>
...
040 (7478.000.000) 2023-08-14 14:26:08 Started transferring input files
	Transferring to host: <192.168.100.3:9618?addrs=192.168.100.3-9618&alias=node03&noUDP&sock=slot10_56810_88bf_2475>
...
040 (7478.000.000) 2023-08-14 14:26:08 Finished transferring input files
...
001 (7478.000.000) 2023-08-14 14:26:09 Job executing on host: <192.168.100.3:9618?addrs=192.168.100.3-9618&alias=node03&noUDP&sock=startd_56773_2261>
	SlotName: slot10@node03
...
006 (7478.000.000) 2023-08-14 14:26:18 Image size of job updated: 463420
	68  -  MemoryUsage of job (MB)
	69260  -  ResidentSetSize of job (KB)
...
006 (7478.000.000) 2023-08-14 14:31:18 Image size of job updated: 463420
	68  -  MemoryUsage of job (MB)
	69448  -  ResidentSetSize of job (KB)
...
006 (7478.000.000) 2023-08-14 14:36:18 Image size of job updated: 463420
	69  -  MemoryUsage of job (MB)
	70056  -  ResidentSetSize of job (KB)
...
006 (7478.000.000) 2023-08-14 14:41:18 Image size of job updated: 463420
	70  -  MemoryUsage of job (MB)
	71236  -  ResidentSetSize of job (KB)
...
005 (7478.000.000) 2023-08-14 14:44:36 Job terminated.
	(1) Normal termination (return value 0)
		Usr 0 00:18:21, Sys 0 00:00:00  -  Run Remote Usage
		Usr 0 00:00:00, Sys 0 00:00:00  -  Run Local Usage
		Usr 0 00:18:21, Sys 0 00:00:00  -  Total Remote Usage
		Usr 0 00:00:00, Sys 0 00:00:00  -  Total Local Usage
	0  -  Run Bytes Sent By Job
	463  -  Run Bytes Received By Job
	0  -  Total Bytes Sent By Job
	463  -  Total Bytes Received By Job
	Partitionable Resources :    Usage  Request Allocated 
	   Cpus                 :     1.00        1         1 
	   Disk (KB)            :    21           1   4077838 
	   Memory (MB)          :    70           1      2000 

	Job terminated of its own accord at 2023-08-14T12:44:36Z with exit-code 0.
...
