000 (7042.000.000) 2023-08-14 12:12:37 Job submitted from host: <90.147.8.111:9618?addrs=90.147.8.111-9618&alias=ams&noUDP&sock=schedd_3306931_2f8d>
...
040 (7042.000.000) 2023-08-14 12:31:51 Started transferring input files
	Transferring to host: <192.168.100.3:9618?addrs=192.168.100.3-9618&alias=node03&noUDP&sock=slot6_56810_88bf_2284>
...
040 (7042.000.000) 2023-08-14 12:31:51 Finished transferring input files
...
001 (7042.000.000) 2023-08-14 12:31:52 Job executing on host: <192.168.100.3:9618?addrs=192.168.100.3-9618&alias=node03&noUDP&sock=startd_56773_2261>
	SlotName: slot6@node03
...
006 (7042.000.000) 2023-08-14 12:32:01 Image size of job updated: 463856
	68  -  MemoryUsage of job (MB)
	68856  -  ResidentSetSize of job (KB)
...
006 (7042.000.000) 2023-08-14 12:37:01 Image size of job updated: 463856
	69  -  MemoryUsage of job (MB)
	69780  -  ResidentSetSize of job (KB)
...
006 (7042.000.000) 2023-08-14 12:42:01 Image size of job updated: 463856
	69  -  MemoryUsage of job (MB)
	69820  -  ResidentSetSize of job (KB)
...
006 (7042.000.000) 2023-08-14 12:47:02 Image size of job updated: 463856
	69  -  MemoryUsage of job (MB)
	70124  -  ResidentSetSize of job (KB)
...
006 (7042.000.000) 2023-08-14 12:52:02 Image size of job updated: 463856
	69  -  MemoryUsage of job (MB)
	70208  -  ResidentSetSize of job (KB)
...
006 (7042.000.000) 2023-08-14 12:57:02 Image size of job updated: 463856
	69  -  MemoryUsage of job (MB)
	70356  -  ResidentSetSize of job (KB)
...
006 (7042.000.000) 2023-08-14 13:02:03 Image size of job updated: 463856
	70  -  MemoryUsage of job (MB)
	71108  -  ResidentSetSize of job (KB)
...
005 (7042.000.000) 2023-08-14 13:05:26 Job terminated.
	(1) Normal termination (return value 0)
		Usr 0 00:33:19, Sys 0 00:00:01  -  Run Remote Usage
		Usr 0 00:00:00, Sys 0 00:00:00  -  Run Local Usage
		Usr 0 00:33:19, Sys 0 00:00:01  -  Total Remote Usage
		Usr 0 00:00:00, Sys 0 00:00:00  -  Total Local Usage
	0  -  Run Bytes Sent By Job
	465  -  Run Bytes Received By Job
	0  -  Total Bytes Sent By Job
	465  -  Total Bytes Received By Job
	Partitionable Resources :    Usage  Request Allocated 
	   Cpus                 :     1.00        1         1 
	   Disk (KB)            :    22           1   4077838 
	   Memory (MB)          :    70           1      2000 

	Job terminated of its own accord at 2023-08-14T11:05:25Z with exit-code 0.
...
