000 (7445.000.000) 2023-08-14 12:12:56 Job submitted from host: <90.147.8.111:9618?addrs=90.147.8.111-9618&alias=ams&noUDP&sock=schedd_3306931_2f8d>
...
040 (7445.000.000) 2023-08-14 14:15:06 Started transferring input files
	Transferring to host: <192.168.100.3:9618?addrs=192.168.100.3-9618&alias=node03&noUDP&sock=slot41_56810_88bf_2459>
...
040 (7445.000.000) 2023-08-14 14:15:06 Finished transferring input files
...
001 (7445.000.000) 2023-08-14 14:15:07 Job executing on host: <192.168.100.3:9618?addrs=192.168.100.3-9618&alias=node03&noUDP&sock=startd_56773_2261>
	SlotName: slot41@node03
...
006 (7445.000.000) 2023-08-14 14:15:16 Image size of job updated: 463796
	68  -  MemoryUsage of job (MB)
	69048  -  ResidentSetSize of job (KB)
...
006 (7445.000.000) 2023-08-14 14:20:16 Image size of job updated: 463796
	69  -  MemoryUsage of job (MB)
	69744  -  ResidentSetSize of job (KB)
...
006 (7445.000.000) 2023-08-14 14:25:16 Image size of job updated: 463796
	69  -  MemoryUsage of job (MB)
	69800  -  ResidentSetSize of job (KB)
...
006 (7445.000.000) 2023-08-14 14:30:17 Image size of job updated: 463796
	69  -  MemoryUsage of job (MB)
	70384  -  ResidentSetSize of job (KB)
...
006 (7445.000.000) 2023-08-14 14:35:17 Image size of job updated: 463796
	70  -  MemoryUsage of job (MB)
	71632  -  ResidentSetSize of job (KB)
...
005 (7445.000.000) 2023-08-14 14:40:01 Job terminated.
	(1) Normal termination (return value 0)
		Usr 0 00:24:44, Sys 0 00:00:01  -  Run Remote Usage
		Usr 0 00:00:00, Sys 0 00:00:00  -  Run Local Usage
		Usr 0 00:24:44, Sys 0 00:00:01  -  Total Remote Usage
		Usr 0 00:00:00, Sys 0 00:00:00  -  Total Local Usage
	0  -  Run Bytes Sent By Job
	448  -  Run Bytes Received By Job
	0  -  Total Bytes Sent By Job
	448  -  Total Bytes Received By Job
	Partitionable Resources :    Usage  Request Allocated 
	   Cpus                 :     0.99        1         1 
	   Disk (KB)            :    21           1   4077838 
	   Memory (MB)          :    70           1      2000 

	Job terminated of its own accord at 2023-08-14T12:40:01Z with exit-code 0.
...
