000 (7140.000.000) 2023-08-14 12:12:42 Job submitted from host: <90.147.8.111:9618?addrs=90.147.8.111-9618&alias=ams&noUDP&sock=schedd_3306931_2f8d>
...
040 (7140.000.000) 2023-08-14 12:52:05 Started transferring input files
	Transferring to host: <192.168.100.3:9618?addrs=192.168.100.3-9618&alias=node03&noUDP&sock=slot22_56810_88bf_2328>
...
040 (7140.000.000) 2023-08-14 12:52:05 Finished transferring input files
...
001 (7140.000.000) 2023-08-14 12:52:06 Job executing on host: <192.168.100.3:9618?addrs=192.168.100.3-9618&alias=node03&noUDP&sock=startd_56773_2261>
	SlotName: slot22@node03
...
006 (7140.000.000) 2023-08-14 12:52:15 Image size of job updated: 61296
	60  -  MemoryUsage of job (MB)
	61296  -  ResidentSetSize of job (KB)
...
006 (7140.000.000) 2023-08-14 12:57:15 Image size of job updated: 463856
	69  -  MemoryUsage of job (MB)
	69772  -  ResidentSetSize of job (KB)
...
006 (7140.000.000) 2023-08-14 13:02:16 Image size of job updated: 463856
	69  -  MemoryUsage of job (MB)
	69816  -  ResidentSetSize of job (KB)
...
006 (7140.000.000) 2023-08-14 13:07:17 Image size of job updated: 463856
	69  -  MemoryUsage of job (MB)
	70060  -  ResidentSetSize of job (KB)
...
006 (7140.000.000) 2023-08-14 13:12:17 Image size of job updated: 463856
	69  -  MemoryUsage of job (MB)
	70168  -  ResidentSetSize of job (KB)
...
006 (7140.000.000) 2023-08-14 13:17:17 Image size of job updated: 463856
	70  -  MemoryUsage of job (MB)
	70956  -  ResidentSetSize of job (KB)
...
006 (7140.000.000) 2023-08-14 13:22:17 Image size of job updated: 463856
	70  -  MemoryUsage of job (MB)
	71260  -  ResidentSetSize of job (KB)
...
005 (7140.000.000) 2023-08-14 13:25:40 Job terminated.
	(1) Normal termination (return value 0)
		Usr 0 00:33:16, Sys 0 00:00:01  -  Run Remote Usage
		Usr 0 00:00:00, Sys 0 00:00:00  -  Run Local Usage
		Usr 0 00:33:16, Sys 0 00:00:01  -  Total Remote Usage
		Usr 0 00:00:00, Sys 0 00:00:00  -  Total Local Usage
	0  -  Run Bytes Sent By Job
	465  -  Run Bytes Received By Job
	0  -  Total Bytes Sent By Job
	465  -  Total Bytes Received By Job
	Partitionable Resources :    Usage  Request Allocated 
	   Cpus                 :     0.99        1         1 
	   Disk (KB)            :    21           1   4077838 
	   Memory (MB)          :    70           1      2000 

	Job terminated of its own accord at 2023-08-14T11:25:40Z with exit-code 0.
...
