000 (7072.000.000) 2023-08-14 12:12:38 Job submitted from host: <90.147.8.111:9618?addrs=90.147.8.111-9618&alias=ams&noUDP&sock=schedd_3306931_2f8d>
...
040 (7072.000.000) 2023-08-14 12:40:05 Started transferring input files
	Transferring to host: <192.168.100.101:9618?addrs=192.168.100.101-9618&alias=node02&noUDP&sock=slot7_102123_a452_2443>
...
040 (7072.000.000) 2023-08-14 12:40:05 Finished transferring input files
...
001 (7072.000.000) 2023-08-14 12:40:07 Job executing on host: <192.168.100.101:9618?addrs=192.168.100.101-9618&alias=node02&noUDP&sock=startd_102084_b624>
	SlotName: slot7@node02
	CondorScratchDir = "/home/spool/lib/condor/execute/dir_170073"
	Cpus = 1
	Disk = 1873362
	Memory = 2006
...
006 (7072.000.000) 2023-08-14 12:40:15 Image size of job updated: 74912
	68  -  MemoryUsage of job (MB)
	68880  -  ResidentSetSize of job (KB)
...
006 (7072.000.000) 2023-08-14 12:45:15 Image size of job updated: 97336
	96  -  MemoryUsage of job (MB)
	97332  -  ResidentSetSize of job (KB)
...
006 (7072.000.000) 2023-08-14 12:50:15 Image size of job updated: 128580
	126  -  MemoryUsage of job (MB)
	128552  -  ResidentSetSize of job (KB)
...
006 (7072.000.000) 2023-08-14 12:55:15 Image size of job updated: 160540
	157  -  MemoryUsage of job (MB)
	160540  -  ResidentSetSize of job (KB)
...
006 (7072.000.000) 2023-08-14 12:58:48 Image size of job updated: 181960
	157  -  MemoryUsage of job (MB)
	160540  -  ResidentSetSize of job (KB)
...
005 (7072.000.000) 2023-08-14 12:58:48 Job terminated.
	(1) Normal termination (return value 0)
		Usr 0 00:00:00, Sys 0 00:00:00  -  Run Remote Usage
		Usr 0 00:00:00, Sys 0 00:00:00  -  Run Local Usage
		Usr 0 00:00:00, Sys 0 00:00:00  -  Total Remote Usage
		Usr 0 00:00:00, Sys 0 00:00:00  -  Total Local Usage
	0  -  Run Bytes Sent By Job
	463  -  Run Bytes Received By Job
	0  -  Total Bytes Sent By Job
	463  -  Total Bytes Received By Job
	Partitionable Resources :    Usage  Request Allocated 
	   Cpus                 :     1.00        1         1 
	   Disk (KB)            :    21           1   1873362 
	   Memory (MB)          :   157           1      2006 

	Job terminated of its own accord at 2023-08-14T10:58:48Z with exit-code 0.
...
