000 (7241.000.000) 2023-08-14 12:12:47 Job submitted from host: <90.147.8.111:9618?addrs=90.147.8.111-9618&alias=ams&noUDP&sock=schedd_3306931_2f8d>
...
040 (7241.000.000) 2023-08-14 13:20:07 Started transferring input files
	Transferring to host: <192.168.100.3:9618?addrs=192.168.100.3-9618&alias=node03&noUDP&sock=slot10_56810_88bf_2371>
...
040 (7241.000.000) 2023-08-14 13:20:07 Finished transferring input files
...
001 (7241.000.000) 2023-08-14 13:20:08 Job executing on host: <192.168.100.3:9618?addrs=192.168.100.3-9618&alias=node03&noUDP&sock=startd_56773_2261>
	SlotName: slot10@node03
...
006 (7241.000.000) 2023-08-14 13:20:16 Image size of job updated: 465816
	70  -  MemoryUsage of job (MB)
	71248  -  ResidentSetSize of job (KB)
...
006 (7241.000.000) 2023-08-14 13:25:16 Image size of job updated: 465816
	71  -  MemoryUsage of job (MB)
	71716  -  ResidentSetSize of job (KB)
...
006 (7241.000.000) 2023-08-14 13:30:16 Image size of job updated: 465816
	71  -  MemoryUsage of job (MB)
	71784  -  ResidentSetSize of job (KB)
...
006 (7241.000.000) 2023-08-14 13:35:16 Image size of job updated: 465816
	71  -  MemoryUsage of job (MB)
	72632  -  ResidentSetSize of job (KB)
...
006 (7241.000.000) 2023-08-14 13:45:17 Image size of job updated: 465816
	73  -  MemoryUsage of job (MB)
	73836  -  ResidentSetSize of job (KB)
...
005 (7241.000.000) 2023-08-14 13:51:09 Job terminated.
	(1) Normal termination (return value 0)
		Usr 0 00:30:53, Sys 0 00:00:01  -  Run Remote Usage
		Usr 0 00:00:00, Sys 0 00:00:00  -  Run Local Usage
		Usr 0 00:30:53, Sys 0 00:00:01  -  Total Remote Usage
		Usr 0 00:00:00, Sys 0 00:00:00  -  Total Local Usage
	0  -  Run Bytes Sent By Job
	480  -  Run Bytes Received By Job
	0  -  Total Bytes Sent By Job
	480  -  Total Bytes Received By Job
	Partitionable Resources :    Usage  Request Allocated 
	   Cpus                 :     0.99        1         1 
	   Disk (KB)            :    21           1   4077838 
	   Memory (MB)          :    73           1      2000 

	Job terminated of its own accord at 2023-08-14T11:51:09Z with exit-code 0.
...
