000 (7078.000.000) 2023-08-14 12:12:39 Job submitted from host: <90.147.8.111:9618?addrs=90.147.8.111-9618&alias=ams&noUDP&sock=schedd_3306931_2f8d>
...
040 (7078.000.000) 2023-08-14 12:41:06 Started transferring input files
	Transferring to host: <192.168.100.3:9618?addrs=192.168.100.3-9618&alias=node03&noUDP&sock=slot14_56810_88bf_2302>
...
040 (7078.000.000) 2023-08-14 12:41:06 Finished transferring input files
...
001 (7078.000.000) 2023-08-14 12:41:07 Job executing on host: <192.168.100.3:9618?addrs=192.168.100.3-9618&alias=node03&noUDP&sock=startd_56773_2261>
	SlotName: slot14@node03
...
006 (7078.000.000) 2023-08-14 12:41:16 Image size of job updated: 350736
	68  -  MemoryUsage of job (MB)
	68852  -  ResidentSetSize of job (KB)
...
006 (7078.000.000) 2023-08-14 12:46:16 Image size of job updated: 463796
	69  -  MemoryUsage of job (MB)
	69764  -  ResidentSetSize of job (KB)
...
006 (7078.000.000) 2023-08-14 12:51:16 Image size of job updated: 463796
	69  -  MemoryUsage of job (MB)
	69800  -  ResidentSetSize of job (KB)
...
006 (7078.000.000) 2023-08-14 12:56:16 Image size of job updated: 463796
	69  -  MemoryUsage of job (MB)
	70224  -  ResidentSetSize of job (KB)
...
006 (7078.000.000) 2023-08-14 13:01:16 Image size of job updated: 463796
	70  -  MemoryUsage of job (MB)
	71620  -  ResidentSetSize of job (KB)
...
006 (7078.000.000) 2023-08-14 13:06:16 Image size of job updated: 463796
	71  -  MemoryUsage of job (MB)
	72632  -  ResidentSetSize of job (KB)
...
005 (7078.000.000) 2023-08-14 13:06:26 Job terminated.
	(1) Normal termination (return value 0)
		Usr 0 00:25:09, Sys 0 00:00:00  -  Run Remote Usage
		Usr 0 00:00:00, Sys 0 00:00:00  -  Run Local Usage
		Usr 0 00:25:09, Sys 0 00:00:00  -  Total Remote Usage
		Usr 0 00:00:00, Sys 0 00:00:00  -  Total Local Usage
	0  -  Run Bytes Sent By Job
	448  -  Run Bytes Received By Job
	0  -  Total Bytes Sent By Job
	448  -  Total Bytes Received By Job
	Partitionable Resources :    Usage  Request Allocated 
	   Cpus                 :     1.00        1         1 
	   Disk (KB)            :    21           1   4077838 
	   Memory (MB)          :    71           1      2000 

	Job terminated of its own accord at 2023-08-14T11:06:26Z with exit-code 0.
...
