000 (7305.000.000) 2023-08-14 12:12:50 Job submitted from host: <90.147.8.111:9618?addrs=90.147.8.111-9618&alias=ams&noUDP&sock=schedd_3306931_2f8d>
...
040 (7305.000.000) 2023-08-14 13:39:06 Started transferring input files
	Transferring to host: <192.168.100.3:9618?addrs=192.168.100.3-9618&alias=node03&noUDP&sock=slot26_56810_88bf_2398>
...
040 (7305.000.000) 2023-08-14 13:39:06 Finished transferring input files
...
001 (7305.000.000) 2023-08-14 13:39:07 Job executing on host: <192.168.100.3:9618?addrs=192.168.100.3-9618&alias=node03&noUDP&sock=startd_56773_2261>
	SlotName: slot26@node03
...
006 (7305.000.000) 2023-08-14 13:39:16 Image size of job updated: 69244
	68  -  MemoryUsage of job (MB)
	69244  -  ResidentSetSize of job (KB)
...
006 (7305.000.000) 2023-08-14 13:44:16 Image size of job updated: 463432
	68  -  MemoryUsage of job (MB)
	69344  -  ResidentSetSize of job (KB)
...
006 (7305.000.000) 2023-08-14 13:49:16 Image size of job updated: 463432
	68  -  MemoryUsage of job (MB)
	69408  -  ResidentSetSize of job (KB)
...
006 (7305.000.000) 2023-08-14 13:54:16 Image size of job updated: 463432
	68  -  MemoryUsage of job (MB)
	69504  -  ResidentSetSize of job (KB)
...
006 (7305.000.000) 2023-08-14 13:59:16 Image size of job updated: 463432
	69  -  MemoryUsage of job (MB)
	69936  -  ResidentSetSize of job (KB)
...
006 (7305.000.000) 2023-08-14 14:04:16 Image size of job updated: 463432
	69  -  MemoryUsage of job (MB)
	70176  -  ResidentSetSize of job (KB)
...
005 (7305.000.000) 2023-08-14 14:05:53 Job terminated.
	(1) Normal termination (return value 0)
		Usr 0 00:26:37, Sys 0 00:00:01  -  Run Remote Usage
		Usr 0 00:00:00, Sys 0 00:00:00  -  Run Local Usage
		Usr 0 00:26:37, Sys 0 00:00:01  -  Total Remote Usage
		Usr 0 00:00:00, Sys 0 00:00:00  -  Total Local Usage
	0  -  Run Bytes Sent By Job
	480  -  Run Bytes Received By Job
	0  -  Total Bytes Sent By Job
	480  -  Total Bytes Received By Job
	Partitionable Resources :    Usage  Request Allocated 
	   Cpus                 :     1.00        1         1 
	   Disk (KB)            :    21           1   4077838 
	   Memory (MB)          :    69           1      2000 

	Job terminated of its own accord at 2023-08-14T12:05:53Z with exit-code 0.
...
