000 (7498.000.000) 2023-08-14 12:12:59 Job submitted from host: <90.147.8.111:9618?addrs=90.147.8.111-9618&alias=ams&noUDP&sock=schedd_3306931_2f8d>
...
040 (7498.000.000) 2023-08-14 14:31:08 Started transferring input files
	Transferring to host: <192.168.100.101:9618?addrs=192.168.100.101-9618&alias=node02&noUDP&sock=slot27_102123_a452_2687>
...
040 (7498.000.000) 2023-08-14 14:31:08 Finished transferring input files
...
001 (7498.000.000) 2023-08-14 14:31:09 Job executing on host: <192.168.100.101:9618?addrs=192.168.100.101-9618&alias=node02&noUDP&sock=startd_102084_b624>
	SlotName: slot27@node02
	CondorScratchDir = "/home/spool/lib/condor/execute/dir_174206"
	Cpus = 1
	Disk = 1873362
	Memory = 2006
...
006 (7498.000.000) 2023-08-14 14:31:18 Image size of job updated: 75192
	69  -  MemoryUsage of job (MB)
	69984  -  ResidentSetSize of job (KB)
...
006 (7498.000.000) 2023-08-14 14:36:18 Image size of job updated: 103244
	101  -  MemoryUsage of job (MB)
	103244  -  ResidentSetSize of job (KB)
...
006 (7498.000.000) 2023-08-14 14:41:18 Image size of job updated: 148920
	146  -  MemoryUsage of job (MB)
	148848  -  ResidentSetSize of job (KB)
...
006 (7498.000.000) 2023-08-14 14:44:47 Image size of job updated: 181312
	146  -  MemoryUsage of job (MB)
	148848  -  ResidentSetSize of job (KB)
...
005 (7498.000.000) 2023-08-14 14:44:47 Job terminated.
	(1) Normal termination (return value 0)
		Usr 0 00:00:00, Sys 0 00:00:00  -  Run Remote Usage
		Usr 0 00:00:00, Sys 0 00:00:00  -  Run Local Usage
		Usr 0 00:00:00, Sys 0 00:00:00  -  Total Remote Usage
		Usr 0 00:00:00, Sys 0 00:00:00  -  Total Local Usage
	0  -  Run Bytes Sent By Job
	463  -  Run Bytes Received By Job
	0  -  Total Bytes Sent By Job
	463  -  Total Bytes Received By Job
	Partitionable Resources :    Usage  Request Allocated 
	   Cpus                 :     0.98        1         1 
	   Disk (KB)            :    21           1   1873362 
	   Memory (MB)          :   146           1      2006 

	Job terminated of its own accord at 2023-08-14T12:44:47Z with exit-code 0.
...
