000 (7291.000.000) 2023-08-14 12:12:50 Job submitted from host: <90.147.8.111:9618?addrs=90.147.8.111-9618&alias=ams&noUDP&sock=schedd_3306931_2f8d>
...
040 (7291.000.000) 2023-08-14 13:33:48 Started transferring input files
	Transferring to host: <192.168.100.3:9618?addrs=192.168.100.3-9618&alias=node03&noUDP&sock=slot13_56810_88bf_2391>
...
040 (7291.000.000) 2023-08-14 13:33:48 Finished transferring input files
...
001 (7291.000.000) 2023-08-14 13:33:49 Job executing on host: <192.168.100.3:9618?addrs=192.168.100.3-9618&alias=node03&noUDP&sock=startd_56773_2261>
	SlotName: slot13@node03
...
006 (7291.000.000) 2023-08-14 13:33:58 Image size of job updated: 466240
	70  -  MemoryUsage of job (MB)
	71460  -  ResidentSetSize of job (KB)
...
006 (7291.000.000) 2023-08-14 13:38:58 Image size of job updated: 466240
	71  -  MemoryUsage of job (MB)
	72140  -  ResidentSetSize of job (KB)
...
006 (7291.000.000) 2023-08-14 13:43:59 Image size of job updated: 466240
	71  -  MemoryUsage of job (MB)
	72216  -  ResidentSetSize of job (KB)
...
006 (7291.000.000) 2023-08-14 13:48:59 Image size of job updated: 466240
	71  -  MemoryUsage of job (MB)
	72220  -  ResidentSetSize of job (KB)
...
006 (7291.000.000) 2023-08-14 13:53:59 Image size of job updated: 466240
	71  -  MemoryUsage of job (MB)
	72620  -  ResidentSetSize of job (KB)
...
006 (7291.000.000) 2023-08-14 13:58:59 Image size of job updated: 466240
	72  -  MemoryUsage of job (MB)
	72708  -  ResidentSetSize of job (KB)
...
006 (7291.000.000) 2023-08-14 14:03:59 Image size of job updated: 466240
	72  -  MemoryUsage of job (MB)
	73608  -  ResidentSetSize of job (KB)
...
006 (7291.000.000) 2023-08-14 14:08:59 Image size of job updated: 466240
	73  -  MemoryUsage of job (MB)
	73772  -  ResidentSetSize of job (KB)
...
005 (7291.000.000) 2023-08-14 14:12:36 Job terminated.
	(1) Normal termination (return value 0)
		Usr 0 00:38:37, Sys 0 00:00:01  -  Run Remote Usage
		Usr 0 00:00:00, Sys 0 00:00:00  -  Run Local Usage
		Usr 0 00:38:37, Sys 0 00:00:01  -  Total Remote Usage
		Usr 0 00:00:00, Sys 0 00:00:00  -  Total Local Usage
	0  -  Run Bytes Sent By Job
	465  -  Run Bytes Received By Job
	0  -  Total Bytes Sent By Job
	465  -  Total Bytes Received By Job
	Partitionable Resources :    Usage  Request Allocated 
	   Cpus                 :     1.00        1         1 
	   Disk (KB)            :    22           1   4077838 
	   Memory (MB)          :    73           1      2000 

	Job terminated of its own accord at 2023-08-14T12:12:36Z with exit-code 0.
...
