000 (7048.000.000) 2023-08-14 12:12:37 Job submitted from host: <90.147.8.111:9618?addrs=90.147.8.111-9618&alias=ams&noUDP&sock=schedd_3306931_2f8d>
...
040 (7048.000.000) 2023-08-14 12:31:56 Started transferring input files
	Transferring to host: <192.168.100.3:9618?addrs=192.168.100.3-9618&alias=node03&noUDP&sock=slot18_56810_88bf_2286>
...
040 (7048.000.000) 2023-08-14 12:31:56 Finished transferring input files
...
001 (7048.000.000) 2023-08-14 12:31:57 Job executing on host: <192.168.100.3:9618?addrs=192.168.100.3-9618&alias=node03&noUDP&sock=startd_56773_2261>
	SlotName: slot18@node03
...
006 (7048.000.000) 2023-08-14 12:32:06 Image size of job updated: 463432
	68  -  MemoryUsage of job (MB)
	69256  -  ResidentSetSize of job (KB)
...
006 (7048.000.000) 2023-08-14 12:37:07 Image size of job updated: 463432
	68  -  MemoryUsage of job (MB)
	69352  -  ResidentSetSize of job (KB)
...
006 (7048.000.000) 2023-08-14 12:42:07 Image size of job updated: 463432
	68  -  MemoryUsage of job (MB)
	69416  -  ResidentSetSize of job (KB)
...
006 (7048.000.000) 2023-08-14 12:47:07 Image size of job updated: 463432
	68  -  MemoryUsage of job (MB)
	69548  -  ResidentSetSize of job (KB)
...
006 (7048.000.000) 2023-08-14 12:52:07 Image size of job updated: 463432
	69  -  MemoryUsage of job (MB)
	70268  -  ResidentSetSize of job (KB)
...
005 (7048.000.000) 2023-08-14 12:59:05 Job terminated.
	(1) Normal termination (return value 0)
		Usr 0 00:26:50, Sys 0 00:00:03  -  Run Remote Usage
		Usr 0 00:00:00, Sys 0 00:00:00  -  Run Local Usage
		Usr 0 00:26:50, Sys 0 00:00:03  -  Total Remote Usage
		Usr 0 00:00:00, Sys 0 00:00:00  -  Total Local Usage
	0  -  Run Bytes Sent By Job
	480  -  Run Bytes Received By Job
	0  -  Total Bytes Sent By Job
	480  -  Total Bytes Received By Job
	Partitionable Resources :    Usage  Request Allocated 
	   Cpus                 :     1.00        1         1 
	   Disk (KB)            :    22           1   4077838 
	   Memory (MB)          :    69           1      2000 

	Job terminated of its own accord at 2023-08-14T10:59:05Z with exit-code 0.
...
