000 (7308.000.000) 2023-08-14 12:12:50 Job submitted from host: <90.147.8.111:9618?addrs=90.147.8.111-9618&alias=ams&noUDP&sock=schedd_3306931_2f8d>
...
040 (7308.000.000) 2023-08-14 13:40:06 Started transferring input files
	Transferring to host: <192.168.100.101:9618?addrs=192.168.100.101-9618&alias=node02&noUDP&sock=slot18_102123_a452_2580>
...
040 (7308.000.000) 2023-08-14 13:40:07 Finished transferring input files
...
001 (7308.000.000) 2023-08-14 13:40:08 Job executing on host: <192.168.100.101:9618?addrs=192.168.100.101-9618&alias=node02&noUDP&sock=startd_102084_b624>
	SlotName: slot18@node02
	CondorScratchDir = "/home/spool/lib/condor/execute/dir_172473"
	Cpus = 1
	Disk = 1873362
	Memory = 2006
...
006 (7308.000.000) 2023-08-14 13:40:16 Image size of job updated: 75028
	68  -  MemoryUsage of job (MB)
	68864  -  ResidentSetSize of job (KB)
...
006 (7308.000.000) 2023-08-14 13:45:16 Image size of job updated: 79524
	78  -  MemoryUsage of job (MB)
	79524  -  ResidentSetSize of job (KB)
...
006 (7308.000.000) 2023-08-14 13:50:16 Image size of job updated: 88300
	87  -  MemoryUsage of job (MB)
	88176  -  ResidentSetSize of job (KB)
...
006 (7308.000.000) 2023-08-14 13:55:16 Image size of job updated: 99976
	98  -  MemoryUsage of job (MB)
	99688  -  ResidentSetSize of job (KB)
...
006 (7308.000.000) 2023-08-14 14:00:16 Image size of job updated: 112820
	111  -  MemoryUsage of job (MB)
	112820  -  ResidentSetSize of job (KB)
...
006 (7308.000.000) 2023-08-14 14:05:16 Image size of job updated: 127552
	124  -  MemoryUsage of job (MB)
	126736  -  ResidentSetSize of job (KB)
...
006 (7308.000.000) 2023-08-14 14:09:44 Image size of job updated: 139068
	124  -  MemoryUsage of job (MB)
	126736  -  ResidentSetSize of job (KB)
...
005 (7308.000.000) 2023-08-14 14:09:44 Job terminated.
	(1) Normal termination (return value 0)
		Usr 0 00:00:00, Sys 0 00:00:00  -  Run Remote Usage
		Usr 0 00:00:00, Sys 0 00:00:00  -  Run Local Usage
		Usr 0 00:00:00, Sys 0 00:00:00  -  Total Remote Usage
		Usr 0 00:00:00, Sys 0 00:00:00  -  Total Local Usage
	0  -  Run Bytes Sent By Job
	448  -  Run Bytes Received By Job
	0  -  Total Bytes Sent By Job
	448  -  Total Bytes Received By Job
	Partitionable Resources :    Usage  Request Allocated 
	   Cpus                 :     0.76        1         1 
	   Disk (KB)            :    21           1   1873362 
	   Memory (MB)          :   124           1      2006 

	Job terminated of its own accord at 2023-08-14T12:09:44Z with exit-code 0.
...
