000 (7457.000.000) 2023-08-14 12:12:57 Job submitted from host: <90.147.8.111:9618?addrs=90.147.8.111-9618&alias=ams&noUDP&sock=schedd_3306931_2f8d>
...
040 (7457.000.000) 2023-08-14 14:20:07 Started transferring input files
	Transferring to host: <192.168.100.3:9618?addrs=192.168.100.3-9618&alias=node03&noUDP&sock=slot38_56810_88bf_2463>
...
040 (7457.000.000) 2023-08-14 14:20:07 Finished transferring input files
...
001 (7457.000.000) 2023-08-14 14:20:08 Job executing on host: <192.168.100.3:9618?addrs=192.168.100.3-9618&alias=node03&noUDP&sock=startd_56773_2261>
	SlotName: slot38@node03
...
006 (7457.000.000) 2023-08-14 14:20:17 Image size of job updated: 463436
	68  -  MemoryUsage of job (MB)
	69244  -  ResidentSetSize of job (KB)
...
006 (7457.000.000) 2023-08-14 14:25:17 Image size of job updated: 463436
	68  -  MemoryUsage of job (MB)
	69368  -  ResidentSetSize of job (KB)
...
006 (7457.000.000) 2023-08-14 14:30:17 Image size of job updated: 463436
	68  -  MemoryUsage of job (MB)
	69416  -  ResidentSetSize of job (KB)
...
006 (7457.000.000) 2023-08-14 14:35:17 Image size of job updated: 463436
	69  -  MemoryUsage of job (MB)
	70272  -  ResidentSetSize of job (KB)
...
006 (7457.000.000) 2023-08-14 14:40:17 Image size of job updated: 463436
	70  -  MemoryUsage of job (MB)
	70736  -  ResidentSetSize of job (KB)
...
005 (7457.000.000) 2023-08-14 14:46:08 Job terminated.
	(1) Normal termination (return value 0)
		Usr 0 00:25:51, Sys 0 00:00:01  -  Run Remote Usage
		Usr 0 00:00:00, Sys 0 00:00:00  -  Run Local Usage
		Usr 0 00:25:51, Sys 0 00:00:01  -  Total Remote Usage
		Usr 0 00:00:00, Sys 0 00:00:00  -  Total Local Usage
	0  -  Run Bytes Sent By Job
	480  -  Run Bytes Received By Job
	0  -  Total Bytes Sent By Job
	480  -  Total Bytes Received By Job
	Partitionable Resources :    Usage  Request Allocated 
	   Cpus                 :     1.00        1         1 
	   Disk (KB)            :    21           1   4077838 
	   Memory (MB)          :    70           1      2000 

	Job terminated of its own accord at 2023-08-14T12:46:08Z with exit-code 0.
...
