000 (7341.000.000) 2023-08-14 12:12:52 Job submitted from host: <90.147.8.111:9618?addrs=90.147.8.111-9618&alias=ams&noUDP&sock=schedd_3306931_2f8d>
...
040 (7341.000.000) 2023-08-14 13:48:06 Started transferring input files
	Transferring to host: <192.168.100.101:9618?addrs=192.168.100.101-9618&alias=node02&noUDP&sock=slot60_102123_a452_2601>
...
040 (7341.000.000) 2023-08-14 13:48:06 Finished transferring input files
...
001 (7341.000.000) 2023-08-14 13:48:07 Job executing on host: <192.168.100.101:9618?addrs=192.168.100.101-9618&alias=node02&noUDP&sock=startd_102084_b624>
	SlotName: slot60@node02
	CondorScratchDir = "/home/spool/lib/condor/execute/dir_172756"
	Cpus = 1
	Disk = 1873362
	Memory = 2006
...
006 (7341.000.000) 2023-08-14 13:48:16 Image size of job updated: 75484
	69  -  MemoryUsage of job (MB)
	69856  -  ResidentSetSize of job (KB)
...
006 (7341.000.000) 2023-08-14 13:53:16 Image size of job updated: 103948
	102  -  MemoryUsage of job (MB)
	103948  -  ResidentSetSize of job (KB)
...
006 (7341.000.000) 2023-08-14 13:58:16 Image size of job updated: 139720
	137  -  MemoryUsage of job (MB)
	139472  -  ResidentSetSize of job (KB)
...
006 (7341.000.000) 2023-08-14 14:03:16 Image size of job updated: 175396
	172  -  MemoryUsage of job (MB)
	175332  -  ResidentSetSize of job (KB)
...
006 (7341.000.000) 2023-08-14 14:03:56 Image size of job updated: 180812
	172  -  MemoryUsage of job (MB)
	175332  -  ResidentSetSize of job (KB)
...
005 (7341.000.000) 2023-08-14 14:03:56 Job terminated.
	(1) Normal termination (return value 0)
		Usr 0 00:00:00, Sys 0 00:00:00  -  Run Remote Usage
		Usr 0 00:00:00, Sys 0 00:00:00  -  Run Local Usage
		Usr 0 00:00:00, Sys 0 00:00:00  -  Total Remote Usage
		Usr 0 00:00:00, Sys 0 00:00:00  -  Total Local Usage
	0  -  Run Bytes Sent By Job
	463  -  Run Bytes Received By Job
	0  -  Total Bytes Sent By Job
	463  -  Total Bytes Received By Job
	Partitionable Resources :    Usage  Request Allocated 
	   Cpus                 :     1.00        1         1 
	   Disk (KB)            :    21           1   1873362 
	   Memory (MB)          :   172           1      2006 

	Job terminated of its own accord at 2023-08-14T12:03:56Z with exit-code 0.
...
