000 (7431.000.000) 2023-08-14 12:12:56 Job submitted from host: <90.147.8.111:9618?addrs=90.147.8.111-9618&alias=ams&noUDP&sock=schedd_3306931_2f8d>
...
040 (7431.000.000) 2023-08-14 14:11:07 Started transferring input files
	Transferring to host: <192.168.100.3:9618?addrs=192.168.100.3-9618&alias=node03&noUDP&sock=slot20_56810_88bf_2451>
...
040 (7431.000.000) 2023-08-14 14:11:07 Finished transferring input files
...
001 (7431.000.000) 2023-08-14 14:11:08 Job executing on host: <192.168.100.3:9618?addrs=192.168.100.3-9618&alias=node03&noUDP&sock=startd_56773_2261>
	SlotName: slot20@node03
...
006 (7431.000.000) 2023-08-14 14:11:16 Image size of job updated: 463856
	68  -  MemoryUsage of job (MB)
	69104  -  ResidentSetSize of job (KB)
...
006 (7431.000.000) 2023-08-14 14:16:16 Image size of job updated: 463856
	69  -  MemoryUsage of job (MB)
	69796  -  ResidentSetSize of job (KB)
...
006 (7431.000.000) 2023-08-14 14:21:16 Image size of job updated: 463856
	69  -  MemoryUsage of job (MB)
	69804  -  ResidentSetSize of job (KB)
...
006 (7431.000.000) 2023-08-14 14:26:16 Image size of job updated: 463856
	70  -  MemoryUsage of job (MB)
	70676  -  ResidentSetSize of job (KB)
...
006 (7431.000.000) 2023-08-14 14:31:16 Image size of job updated: 463856
	70  -  MemoryUsage of job (MB)
	70840  -  ResidentSetSize of job (KB)
...
006 (7431.000.000) 2023-08-14 14:36:16 Image size of job updated: 463856
	70  -  MemoryUsage of job (MB)
	71100  -  ResidentSetSize of job (KB)
...
006 (7431.000.000) 2023-08-14 14:41:17 Image size of job updated: 463856
	70  -  MemoryUsage of job (MB)
	71352  -  ResidentSetSize of job (KB)
...
005 (7431.000.000) 2023-08-14 14:43:50 Job terminated.
	(1) Normal termination (return value 0)
		Usr 0 00:32:34, Sys 0 00:00:01  -  Run Remote Usage
		Usr 0 00:00:00, Sys 0 00:00:00  -  Run Local Usage
		Usr 0 00:32:34, Sys 0 00:00:01  -  Total Remote Usage
		Usr 0 00:00:00, Sys 0 00:00:00  -  Total Local Usage
	0  -  Run Bytes Sent By Job
	465  -  Run Bytes Received By Job
	0  -  Total Bytes Sent By Job
	465  -  Total Bytes Received By Job
	Partitionable Resources :    Usage  Request Allocated 
	   Cpus                 :     1.00        1         1 
	   Disk (KB)            :    21           1   4077838 
	   Memory (MB)          :    70           1      2000 

	Job terminated of its own accord at 2023-08-14T12:43:50Z with exit-code 0.
...
