000 (7475.000.000) 2023-08-14 12:12:58 Job submitted from host: <90.147.8.111:9618?addrs=90.147.8.111-9618&alias=ams&noUDP&sock=schedd_3306931_2f8d>
...
040 (7475.000.000) 2023-08-14 14:25:08 Started transferring input files
	Transferring to host: <192.168.100.3:9618?addrs=192.168.100.3-9618&alias=node03&noUDP&sock=slot28_56810_88bf_2473>
...
040 (7475.000.000) 2023-08-14 14:25:08 Finished transferring input files
...
001 (7475.000.000) 2023-08-14 14:25:09 Job executing on host: <192.168.100.3:9618?addrs=192.168.100.3-9618&alias=node03&noUDP&sock=startd_56773_2261>
	SlotName: slot28@node03
...
006 (7475.000.000) 2023-08-14 14:25:18 Image size of job updated: 466240
	70  -  MemoryUsage of job (MB)
	71500  -  ResidentSetSize of job (KB)
...
006 (7475.000.000) 2023-08-14 14:30:19 Image size of job updated: 466240
	71  -  MemoryUsage of job (MB)
	72168  -  ResidentSetSize of job (KB)
...
006 (7475.000.000) 2023-08-14 14:35:19 Image size of job updated: 466240
	71  -  MemoryUsage of job (MB)
	72208  -  ResidentSetSize of job (KB)
...
006 (7475.000.000) 2023-08-14 14:40:19 Image size of job updated: 466240
	71  -  MemoryUsage of job (MB)
	72228  -  ResidentSetSize of job (KB)
...
006 (7475.000.000) 2023-08-14 14:45:19 Image size of job updated: 466240
	71  -  MemoryUsage of job (MB)
	72656  -  ResidentSetSize of job (KB)
...
006 (7475.000.000) 2023-08-14 14:50:19 Image size of job updated: 466240
	72  -  MemoryUsage of job (MB)
	72920  -  ResidentSetSize of job (KB)
...
006 (7475.000.000) 2023-08-14 14:55:19 Image size of job updated: 466240
	73  -  MemoryUsage of job (MB)
	73808  -  ResidentSetSize of job (KB)
...
005 (7475.000.000) 2023-08-14 14:56:53 Job terminated.
	(1) Normal termination (return value 0)
		Usr 0 00:31:38, Sys 0 00:00:01  -  Run Remote Usage
		Usr 0 00:00:00, Sys 0 00:00:00  -  Run Local Usage
		Usr 0 00:31:38, Sys 0 00:00:01  -  Total Remote Usage
		Usr 0 00:00:00, Sys 0 00:00:00  -  Total Local Usage
	0  -  Run Bytes Sent By Job
	465  -  Run Bytes Received By Job
	0  -  Total Bytes Sent By Job
	465  -  Total Bytes Received By Job
	Partitionable Resources :    Usage  Request Allocated 
	   Cpus                 :     1.00        1         1 
	   Disk (KB)            :    21           1   4077838 
	   Memory (MB)          :    73           1      2000 

	Job terminated of its own accord at 2023-08-14T12:56:53Z with exit-code 0.
...
