000 (7196.000.000) 2023-08-14 12:12:44 Job submitted from host: <90.147.8.111:9618?addrs=90.147.8.111-9618&alias=ams&noUDP&sock=schedd_3306931_2f8d>
...
040 (7196.000.000) 2023-08-14 13:10:06 Started transferring input files
	Transferring to host: <192.168.100.3:9618?addrs=192.168.100.3-9618&alias=node03&noUDP&sock=slot21_56810_88bf_2351>
...
040 (7196.000.000) 2023-08-14 13:10:06 Finished transferring input files
...
001 (7196.000.000) 2023-08-14 13:10:07 Job executing on host: <192.168.100.3:9618?addrs=192.168.100.3-9618&alias=node03&noUDP&sock=startd_56773_2261>
	SlotName: slot21@node03
...
006 (7196.000.000) 2023-08-14 13:10:15 Image size of job updated: 71248
	70  -  MemoryUsage of job (MB)
	71248  -  ResidentSetSize of job (KB)
...
006 (7196.000.000) 2023-08-14 13:15:15 Image size of job updated: 466240
	71  -  MemoryUsage of job (MB)
	72164  -  ResidentSetSize of job (KB)
...
006 (7196.000.000) 2023-08-14 13:20:16 Image size of job updated: 466240
	71  -  MemoryUsage of job (MB)
	72228  -  ResidentSetSize of job (KB)
...
006 (7196.000.000) 2023-08-14 13:25:16 Image size of job updated: 466240
	71  -  MemoryUsage of job (MB)
	72272  -  ResidentSetSize of job (KB)
...
006 (7196.000.000) 2023-08-14 13:30:16 Image size of job updated: 466240
	72  -  MemoryUsage of job (MB)
	73104  -  ResidentSetSize of job (KB)
...
006 (7196.000.000) 2023-08-14 13:35:16 Image size of job updated: 466240
	72  -  MemoryUsage of job (MB)
	73120  -  ResidentSetSize of job (KB)
...
006 (7196.000.000) 2023-08-14 13:40:16 Image size of job updated: 466240
	72  -  MemoryUsage of job (MB)
	73124  -  ResidentSetSize of job (KB)
...
006 (7196.000.000) 2023-08-14 13:45:16 Image size of job updated: 466240
	72  -  MemoryUsage of job (MB)
	73692  -  ResidentSetSize of job (KB)
...
005 (7196.000.000) 2023-08-14 13:48:21 Job terminated.
	(1) Normal termination (return value 0)
		Usr 0 00:38:03, Sys 0 00:00:01  -  Run Remote Usage
		Usr 0 00:00:00, Sys 0 00:00:00  -  Run Local Usage
		Usr 0 00:38:03, Sys 0 00:00:01  -  Total Remote Usage
		Usr 0 00:00:00, Sys 0 00:00:00  -  Total Local Usage
	0  -  Run Bytes Sent By Job
	465  -  Run Bytes Received By Job
	0  -  Total Bytes Sent By Job
	465  -  Total Bytes Received By Job
	Partitionable Resources :    Usage  Request Allocated 
	   Cpus                 :     1.00        1         1 
	   Disk (KB)            :    21           1   4077838 
	   Memory (MB)          :    72           1      2000 

	Job terminated of its own accord at 2023-08-14T11:48:21Z with exit-code 0.
...
