000 (7191.000.000) 2023-08-14 12:12:44 Job submitted from host: <90.147.8.111:9618?addrs=90.147.8.111-9618&alias=ams&noUDP&sock=schedd_3306931_2f8d>
...
040 (7191.000.000) 2023-08-14 13:08:05 Started transferring input files
	Transferring to host: <192.168.100.101:9618?addrs=192.168.100.101-9618&alias=node02&noUDP&sock=slot59_102123_a452_2513>
...
040 (7191.000.000) 2023-08-14 13:08:05 Finished transferring input files
...
001 (7191.000.000) 2023-08-14 13:08:06 Job executing on host: <192.168.100.101:9618?addrs=192.168.100.101-9618&alias=node02&noUDP&sock=startd_102084_b624>
	SlotName: slot59@node02
	CondorScratchDir = "/home/spool/lib/condor/execute/dir_171337"
	Cpus = 1
	Disk = 1873362
	Memory = 2006
...
006 (7191.000.000) 2023-08-14 13:08:15 Image size of job updated: 91952
	70  -  MemoryUsage of job (MB)
	71664  -  ResidentSetSize of job (KB)
...
006 (7191.000.000) 2023-08-14 13:13:15 Image size of job updated: 91952
	85  -  MemoryUsage of job (MB)
	86876  -  ResidentSetSize of job (KB)
...
006 (7191.000.000) 2023-08-14 13:18:15 Image size of job updated: 101336
	99  -  MemoryUsage of job (MB)
	101336  -  ResidentSetSize of job (KB)
...
006 (7191.000.000) 2023-08-14 13:23:15 Image size of job updated: 119972
	118  -  MemoryUsage of job (MB)
	119848  -  ResidentSetSize of job (KB)
...
006 (7191.000.000) 2023-08-14 13:28:15 Image size of job updated: 139588
	137  -  MemoryUsage of job (MB)
	139584  -  ResidentSetSize of job (KB)
...
006 (7191.000.000) 2023-08-14 13:33:16 Image size of job updated: 158764
	155  -  MemoryUsage of job (MB)
	158660  -  ResidentSetSize of job (KB)
...
006 (7191.000.000) 2023-08-14 13:35:27 Image size of job updated: 168272
	155  -  MemoryUsage of job (MB)
	158660  -  ResidentSetSize of job (KB)
...
005 (7191.000.000) 2023-08-14 13:35:27 Job terminated.
	(1) Normal termination (return value 0)
		Usr 0 00:00:00, Sys 0 00:00:00  -  Run Remote Usage
		Usr 0 00:00:00, Sys 0 00:00:00  -  Run Local Usage
		Usr 0 00:00:00, Sys 0 00:00:00  -  Total Remote Usage
		Usr 0 00:00:00, Sys 0 00:00:00  -  Total Local Usage
	0  -  Run Bytes Sent By Job
	465  -  Run Bytes Received By Job
	0  -  Total Bytes Sent By Job
	465  -  Total Bytes Received By Job
	Partitionable Resources :    Usage  Request Allocated 
	   Cpus                 :     0.99        1         1 
	   Disk (KB)            :    21           1   1873362 
	   Memory (MB)          :   155           1      2006 

	Job terminated of its own accord at 2023-08-14T11:35:27Z with exit-code 0.
...
