000 (7293.000.000) 2023-08-14 12:12:50 Job submitted from host: <90.147.8.111:9618?addrs=90.147.8.111-9618&alias=ams&noUDP&sock=schedd_3306931_2f8d>
...
040 (7293.000.000) 2023-08-14 13:34:04 Started transferring input files
	Transferring to host: <192.168.100.101:9618?addrs=192.168.100.101-9618&alias=node02&noUDP&sock=slot49_102123_a452_2572>
...
040 (7293.000.000) 2023-08-14 13:34:04 Finished transferring input files
...
001 (7293.000.000) 2023-08-14 13:34:05 Job executing on host: <192.168.100.101:9618?addrs=192.168.100.101-9618&alias=node02&noUDP&sock=startd_102084_b624>
	SlotName: slot49@node02
	CondorScratchDir = "/home/spool/lib/condor/execute/dir_172297"
	Cpus = 1
	Disk = 1873362
	Memory = 2006
...
006 (7293.000.000) 2023-08-14 13:34:14 Image size of job updated: 91992
	71  -  MemoryUsage of job (MB)
	71872  -  ResidentSetSize of job (KB)
...
006 (7293.000.000) 2023-08-14 13:39:14 Image size of job updated: 91992
	85  -  MemoryUsage of job (MB)
	86312  -  ResidentSetSize of job (KB)
...
006 (7293.000.000) 2023-08-14 13:44:15 Image size of job updated: 99284
	97  -  MemoryUsage of job (MB)
	99280  -  ResidentSetSize of job (KB)
...
006 (7293.000.000) 2023-08-14 13:49:16 Image size of job updated: 116172
	114  -  MemoryUsage of job (MB)
	115984  -  ResidentSetSize of job (KB)
...
006 (7293.000.000) 2023-08-14 13:54:16 Image size of job updated: 133784
	131  -  MemoryUsage of job (MB)
	133536  -  ResidentSetSize of job (KB)
...
006 (7293.000.000) 2023-08-14 13:59:16 Image size of job updated: 148560
	146  -  MemoryUsage of job (MB)
	148496  -  ResidentSetSize of job (KB)
...
006 (7293.000.000) 2023-08-14 14:04:16 Image size of job updated: 164772
	161  -  MemoryUsage of job (MB)
	164696  -  ResidentSetSize of job (KB)
...
006 (7293.000.000) 2023-08-14 14:04:51 Image size of job updated: 168372
	161  -  MemoryUsage of job (MB)
	164696  -  ResidentSetSize of job (KB)
...
005 (7293.000.000) 2023-08-14 14:04:51 Job terminated.
	(1) Normal termination (return value 0)
		Usr 0 00:00:00, Sys 0 00:00:00  -  Run Remote Usage
		Usr 0 00:00:00, Sys 0 00:00:00  -  Run Local Usage
		Usr 0 00:00:00, Sys 0 00:00:00  -  Total Remote Usage
		Usr 0 00:00:00, Sys 0 00:00:00  -  Total Local Usage
	0  -  Run Bytes Sent By Job
	465  -  Run Bytes Received By Job
	0  -  Total Bytes Sent By Job
	465  -  Total Bytes Received By Job
	Partitionable Resources :    Usage  Request Allocated 
	   Cpus                 :     1.00        1         1 
	   Disk (KB)            :    22           1   1873362 
	   Memory (MB)          :   161           1      2006 

	Job terminated of its own accord at 2023-08-14T12:04:51Z with exit-code 0.
...
