000 (7375.000.000) 2023-08-14 12:12:53 Job submitted from host: <90.147.8.111:9618?addrs=90.147.8.111-9618&alias=ams&noUDP&sock=schedd_3306931_2f8d>
...
040 (7375.000.000) 2023-08-14 13:57:06 Started transferring input files
	Transferring to host: <192.168.100.3:9618?addrs=192.168.100.3-9618&alias=node03&noUDP&sock=slot42_56810_88bf_2429>
...
040 (7375.000.000) 2023-08-14 13:57:06 Finished transferring input files
...
001 (7375.000.000) 2023-08-14 13:57:07 Job executing on host: <192.168.100.3:9618?addrs=192.168.100.3-9618&alias=node03&noUDP&sock=startd_56773_2261>
	SlotName: slot42@node03
...
006 (7375.000.000) 2023-08-14 13:57:16 Image size of job updated: 424088
	68  -  MemoryUsage of job (MB)
	69120  -  ResidentSetSize of job (KB)
...
006 (7375.000.000) 2023-08-14 14:02:16 Image size of job updated: 463856
	69  -  MemoryUsage of job (MB)
	69800  -  ResidentSetSize of job (KB)
...
006 (7375.000.000) 2023-08-14 14:07:17 Image size of job updated: 463856
	69  -  MemoryUsage of job (MB)
	69816  -  ResidentSetSize of job (KB)
...
006 (7375.000.000) 2023-08-14 14:12:18 Image size of job updated: 463856
	69  -  MemoryUsage of job (MB)
	69900  -  ResidentSetSize of job (KB)
...
006 (7375.000.000) 2023-08-14 14:17:18 Image size of job updated: 463856
	69  -  MemoryUsage of job (MB)
	70240  -  ResidentSetSize of job (KB)
...
006 (7375.000.000) 2023-08-14 14:22:18 Image size of job updated: 463856
	69  -  MemoryUsage of job (MB)
	70504  -  ResidentSetSize of job (KB)
...
006 (7375.000.000) 2023-08-14 14:27:18 Image size of job updated: 463856
	70  -  MemoryUsage of job (MB)
	71040  -  ResidentSetSize of job (KB)
...
005 (7375.000.000) 2023-08-14 14:30:35 Job terminated.
	(1) Normal termination (return value 0)
		Usr 0 00:33:16, Sys 0 00:00:01  -  Run Remote Usage
		Usr 0 00:00:00, Sys 0 00:00:00  -  Run Local Usage
		Usr 0 00:33:16, Sys 0 00:00:01  -  Total Remote Usage
		Usr 0 00:00:00, Sys 0 00:00:00  -  Total Local Usage
	0  -  Run Bytes Sent By Job
	463  -  Run Bytes Received By Job
	0  -  Total Bytes Sent By Job
	463  -  Total Bytes Received By Job
	Partitionable Resources :    Usage  Request Allocated 
	   Cpus                 :     0.99        1         1 
	   Disk (KB)            :    21           1   4077838 
	   Memory (MB)          :    70           1      2000 

	Job terminated of its own accord at 2023-08-14T12:30:35Z with exit-code 0.
...
