000 (7473.000.000) 2023-08-14 12:12:58 Job submitted from host: <90.147.8.111:9618?addrs=90.147.8.111-9618&alias=ams&noUDP&sock=schedd_3306931_2f8d>
...
040 (7473.000.000) 2023-08-14 14:24:08 Started transferring input files
	Transferring to host: <192.168.100.101:9618?addrs=192.168.100.101-9618&alias=node02&noUDP&sock=slot52_102123_a452_2673>
...
040 (7473.000.000) 2023-08-14 14:24:08 Finished transferring input files
...
001 (7473.000.000) 2023-08-14 14:24:09 Job executing on host: <192.168.100.101:9618?addrs=192.168.100.101-9618&alias=node02&noUDP&sock=startd_102084_b624>
	SlotName: slot52@node02
	CondorScratchDir = "/home/spool/lib/condor/execute/dir_173970"
	Cpus = 1
	Disk = 1873362
	Memory = 2006
...
006 (7473.000.000) 2023-08-14 14:24:18 Image size of job updated: 92060
	70  -  MemoryUsage of job (MB)
	71480  -  ResidentSetSize of job (KB)
...
006 (7473.000.000) 2023-08-14 14:29:18 Image size of job updated: 92060
	84  -  MemoryUsage of job (MB)
	86012  -  ResidentSetSize of job (KB)
...
006 (7473.000.000) 2023-08-14 14:34:19 Image size of job updated: 98664
	97  -  MemoryUsage of job (MB)
	98664  -  ResidentSetSize of job (KB)
...
006 (7473.000.000) 2023-08-14 14:39:19 Image size of job updated: 114508
	112  -  MemoryUsage of job (MB)
	114504  -  ResidentSetSize of job (KB)
...
006 (7473.000.000) 2023-08-14 14:44:19 Image size of job updated: 135392
	133  -  MemoryUsage of job (MB)
	135352  -  ResidentSetSize of job (KB)
...
006 (7473.000.000) 2023-08-14 14:49:19 Image size of job updated: 156920
	154  -  MemoryUsage of job (MB)
	156920  -  ResidentSetSize of job (KB)
...
006 (7473.000.000) 2023-08-14 14:51:29 Image size of job updated: 167984
	154  -  MemoryUsage of job (MB)
	156920  -  ResidentSetSize of job (KB)
...
005 (7473.000.000) 2023-08-14 14:51:29 Job terminated.
	(1) Normal termination (return value 0)
		Usr 0 00:00:00, Sys 0 00:00:00  -  Run Remote Usage
		Usr 0 00:00:00, Sys 0 00:00:00  -  Run Local Usage
		Usr 0 00:00:00, Sys 0 00:00:00  -  Total Remote Usage
		Usr 0 00:00:00, Sys 0 00:00:00  -  Total Local Usage
	0  -  Run Bytes Sent By Job
	465  -  Run Bytes Received By Job
	0  -  Total Bytes Sent By Job
	465  -  Total Bytes Received By Job
	Partitionable Resources :    Usage  Request Allocated 
	   Cpus                 :     1.00        1         1 
	   Disk (KB)            :    21           1   1873362 
	   Memory (MB)          :   154           1      2006 

	Job terminated of its own accord at 2023-08-14T12:51:29Z with exit-code 0.
...
