000 (7401.000.000) 2023-08-14 12:12:54 Job submitted from host: <90.147.8.111:9618?addrs=90.147.8.111-9618&alias=ams&noUDP&sock=schedd_3306931_2f8d>
...
040 (7401.000.000) 2023-08-14 14:05:06 Started transferring input files
	Transferring to host: <192.168.100.101:9618?addrs=192.168.100.101-9618&alias=node02&noUDP&sock=slot4_102123_a452_2633>
...
040 (7401.000.000) 2023-08-14 14:05:06 Finished transferring input files
...
001 (7401.000.000) 2023-08-14 14:05:08 Job executing on host: <192.168.100.101:9618?addrs=192.168.100.101-9618&alias=node02&noUDP&sock=startd_102084_b624>
	SlotName: slot4@node02
	CondorScratchDir = "/home/spool/lib/condor/execute/dir_173334"
	Cpus = 1
	Disk = 1873362
	Memory = 2006
...
006 (7401.000.000) 2023-08-14 14:05:16 Image size of job updated: 91960
	70  -  MemoryUsage of job (MB)
	71396  -  ResidentSetSize of job (KB)
...
006 (7401.000.000) 2023-08-14 14:10:16 Image size of job updated: 97728
	96  -  MemoryUsage of job (MB)
	97668  -  ResidentSetSize of job (KB)
...
006 (7401.000.000) 2023-08-14 14:15:16 Image size of job updated: 129208
	126  -  MemoryUsage of job (MB)
	128264  -  ResidentSetSize of job (KB)
...
006 (7401.000.000) 2023-08-14 14:20:16 Image size of job updated: 166100
	163  -  MemoryUsage of job (MB)
	166040  -  ResidentSetSize of job (KB)
...
006 (7401.000.000) 2023-08-14 14:25:16 Image size of job updated: 206192
	202  -  MemoryUsage of job (MB)
	206192  -  ResidentSetSize of job (KB)
...
006 (7401.000.000) 2023-08-14 14:30:04 Image size of job updated: 239668
	202  -  MemoryUsage of job (MB)
	206192  -  ResidentSetSize of job (KB)
...
005 (7401.000.000) 2023-08-14 14:30:04 Job terminated.
	(1) Normal termination (return value 0)
		Usr 0 00:00:00, Sys 0 00:00:00  -  Run Remote Usage
		Usr 0 00:00:00, Sys 0 00:00:00  -  Run Local Usage
		Usr 0 00:00:00, Sys 0 00:00:00  -  Total Remote Usage
		Usr 0 00:00:00, Sys 0 00:00:00  -  Total Local Usage
	0  -  Run Bytes Sent By Job
	480  -  Run Bytes Received By Job
	0  -  Total Bytes Sent By Job
	480  -  Total Bytes Received By Job
	Partitionable Resources :    Usage  Request Allocated 
	   Cpus                 :     0.99        1         1 
	   Disk (KB)            :    21           1   1873362 
	   Memory (MB)          :   202           1      2006 

	Job terminated of its own accord at 2023-08-14T12:30:04Z with exit-code 0.
...
