Ciao! I'm monitoring
Entering in Monitoring
TotNumberEvents_computed 1800000000
['e-', 'proton', 'alpha']
{"ok":true,"result":{"message_id":6307,"sender_chat":{"id":-1001921335158,"title":"\ud83d\udc0d\ud83d\udce9\ud83d\udc0d G4 status \ud83d\udc0d\ud83d\udce9\ud83d\udc0d","username":"ilmiobotpernotifiche","type":"channel"},"chat":{"id":-1001921335158,"title":"\ud83d\udc0d\ud83d\udce9\ud83d\udc0d G4 status \ud83d\udc0d\ud83d\udce9\ud83d\udc0d","username":"ilmiobotpernotifiche","type":"channel"},"date":1692008106,"text":"Statistics\nEvents processed\n114000000 / 1800000000\n.ooo00ooo..ooo00ooo.\nF0:  20%  19%  20%  19%  20%  18%  19%  18%  19%  20%  20%  20%  20%  19% \n\nF1:  12%  12%  12%  13%  11%  11%  12%  12%  12%  11%  11%  11%  11%  11%  12%  12%  11%  11%  11%  11%  12%  12% \n\nF2:  17%  16%  17%  18%  18%  17%  18%  17%  16%  19%  18%  17%  17%  18%  17%  17%  18%  17%  17% \n\nF3:  29%  30%  33%  30%  31%  30%  30%  33%  31%  32%  30%  30%  32%  30%  32%  30%  31% \n\nF4:  14%  14%  14%  13%  14%  13%  13%  15%  15%  14%  13%  15%  15%  14%  14%  13%  14%  14%  15%  14% \n\nF5:  20%  21%  20%  20%  21%  20%  21%  21%  21%  21%  19%  20%  20%  21%  20%  18%  20%  19% \n\n.ooo00ooo..ooo00ooo.\nTot Percentage: 6.333333333333333\nTime elapsed: 120.36997127532959 seconds","entities":[{"offset":0,"length":10,"type":"bold"},{"offset":11,"length":16,"type":"bold"},{"offset":28,"length":9,"type":"phone_number"},{"offset":40,"length":10,"type":"phone_number"},{"offset":51,"length":20,"type":"bold"},{"offset":658,"length":20,"type":"bold"},{"offset":679,"length":14,"type":"bold"},{"offset":713,"length":12,"type":"bold"}]}}
<b>Statistics</b>
<b>Events processed</b>
114000000 / 1800000000
<b>.ooo00ooo..ooo00ooo.</b>
F0:  20%  19%  20%  19%  20%  18%  19%  18%  19%  20%  20%  20%  20%  19% 

F1:  12%  12%  12%  13%  11%  11%  12%  12%  12%  11%  11%  11%  11%  11%  12%  12%  11%  11%  11%  11%  12%  12% 

F2:  17%  16%  17%  18%  18%  17%  18%  17%  16%  19%  18%  17%  17%  18%  17%  17%  18%  17%  17% 

F3:  29%  30%  33%  30%  31%  30%  30%  33%  31%  32%  30%  30%  32%  30%  32%  30%  31% 

F4:  14%  14%  14%  13%  14%  13%  13%  15%  15%  14%  13%  15%  15%  14%  14%  13%  14%  14%  15%  14% 

F5:  20%  21%  20%  20%  21%  20%  21%  21%  21%  21%  19%  20%  20%  21%  20%  18%  20%  19% 

<b>.ooo00ooo..ooo00ooo.</b>
<b>Tot Percentage</b>: 6.333333333333333
<b>Time elapsed</b>: 120.36997127532959 seconds

https://api.telegram.org/bot6170289274:AAFny2C4lJTWQoX6SUR_p7h1_NRM4rVcgCM/sendPhoto
{"ok":true,"result":{"message_id":6308,"sender_chat":{"id":-1001921335158,"title":"\ud83d\udc0d\ud83d\udce9\ud83d\udc0d G4 status \ud83d\udc0d\ud83d\udce9\ud83d\udc0d","username":"ilmiobotpernotifiche","type":"channel"},"chat":{"id":-1001921335158,"title":"\ud83d\udc0d\ud83d\udce9\ud83d\udc0d G4 status \ud83d\udc0d\ud83d\udce9\ud83d\udc0d","username":"ilmiobotpernotifiche","type":"channel"},"date":1692008108,"photo":[{"file_id":"AgACAgQAAx0EcoU_dgACGKRk2f6rzytePN03mo20rBjkCUU6HwAC-L8xG69p0FLDYBWFRcL6wwEAAwIAA3MAAzAE","file_unique_id":"AQAD-L8xG69p0FJ4","file_size":755,"width":90,"height":54},{"file_id":"AgACAgQAAx0EcoU_dgACGKRk2f6rzytePN03mo20rBjkCUU6HwAC-L8xG69p0FLDYBWFRcL6wwEAAwIAA20AAzAE","file_unique_id":"AQAD-L8xG69p0FJy","file_size":8577,"width":320,"height":192},{"file_id":"AgACAgQAAx0EcoU_dgACGKRk2f6rzytePN03mo20rBjkCUU6HwAC-L8xG69p0FLDYBWFRcL6wwEAAwIAA3gAAzAE","file_unique_id":"AQAD-L8xG69p0FJ9","file_size":34351,"width":800,"height":480},{"file_id":"AgACAgQAAx0EcoU_dgACGKRk2f6rzytePN03mo20rBjkCUU6HwAC-L8xG69p0FLDYBWFRcL6wwEAAwIAA3kAAzAE","file_unique_id":"AQAD-L8xG69p0FJ-","file_size":63037,"width":1280,"height":768},{"file_id":"AgACAgQAAx0EcoU_dgACGKRk2f6rzytePN03mo20rBjkCUU6HwAC-L8xG69p0FLDYBWFRcL6wwEAAwIAA3cAAzAE","file_unique_id":"AQAD-L8xG69p0FJ8","file_size":109050,"width":2000,"height":1200}]}}
{"ok":true,"result":{"message_id":6311,"sender_chat":{"id":-1001921335158,"title":"\ud83d\udc0d\ud83d\udce9\ud83d\udc0d G4 status \ud83d\udc0d\ud83d\udce9\ud83d\udc0d","username":"ilmiobotpernotifiche","type":"channel"},"chat":{"id":-1001921335158,"title":"\ud83d\udc0d\ud83d\udce9\ud83d\udc0d G4 status \ud83d\udc0d\ud83d\udce9\ud83d\udc0d","username":"ilmiobotpernotifiche","type":"channel"},"date":1692008226,"text":"Statistics\nEvents processed\n228000000 / 1800000000\n.ooo00ooo..ooo00ooo.\nF0:  38%  37%  39%  37%  38%  36%  37%  37%  37%  39%  38%  38%  39%  38% \n\nF1:  24%  24%  24%  24%  22%  22%  23%  23%  23%  22%  22%  22%  22%  22%  24%  23%  23%  23%  23%  23%  23%  23% \n\nF2:  33%  32%  34%  35%  35%  34%  35%  34%  32%  35%  35%  33%  34%  35%  35%  33%  35%  34%  33% \n\nF3:  59%  60%  63%  60%  60%  59%  59%  63%  60%  62%  58%  60%  61%  59%  62%  60%  60% \n\nF4:  27%  27%  27%  26%  27%  26%  26%  28%  28%  27%  26%  28%  28%  27%  27%  26%  28%  27%  29%  27% \n\nF5:  39%  40%  38%  39%  40%  40%  39%  40%  39%  41%  38%  39%  39%  40%  39%  37%  39%  38% \n\n.ooo00ooo..ooo00ooo.\nTot Percentage: 12.666666666666666\nTime elapsed: 240.54266238212585 seconds","entities":[{"offset":0,"length":10,"type":"bold"},{"offset":11,"length":16,"type":"bold"},{"offset":28,"length":9,"type":"phone_number"},{"offset":40,"length":10,"type":"phone_number"},{"offset":51,"length":20,"type":"bold"},{"offset":658,"length":20,"type":"bold"},{"offset":679,"length":14,"type":"bold"},{"offset":714,"length":12,"type":"bold"}]}}
<b>Statistics</b>
<b>Events processed</b>
228000000 / 1800000000
<b>.ooo00ooo..ooo00ooo.</b>
F0:  38%  37%  39%  37%  38%  36%  37%  37%  37%  39%  38%  38%  39%  38% 

F1:  24%  24%  24%  24%  22%  22%  23%  23%  23%  22%  22%  22%  22%  22%  24%  23%  23%  23%  23%  23%  23%  23% 

F2:  33%  32%  34%  35%  35%  34%  35%  34%  32%  35%  35%  33%  34%  35%  35%  33%  35%  34%  33% 

F3:  59%  60%  63%  60%  60%  59%  59%  63%  60%  62%  58%  60%  61%  59%  62%  60%  60% 

F4:  27%  27%  27%  26%  27%  26%  26%  28%  28%  27%  26%  28%  28%  27%  27%  26%  28%  27%  29%  27% 

F5:  39%  40%  38%  39%  40%  40%  39%  40%  39%  41%  38%  39%  39%  40%  39%  37%  39%  38% 

<b>.ooo00ooo..ooo00ooo.</b>
<b>Tot Percentage</b>: 12.666666666666666
<b>Time elapsed</b>: 240.54266238212585 seconds

https://api.telegram.org/bot6170289274:AAFny2C4lJTWQoX6SUR_p7h1_NRM4rVcgCM/sendPhoto
{"ok":true,"result":{"message_id":6312,"sender_chat":{"id":-1001921335158,"title":"\ud83d\udc0d\ud83d\udce9\ud83d\udc0d G4 status \ud83d\udc0d\ud83d\udce9\ud83d\udc0d","username":"ilmiobotpernotifiche","type":"channel"},"chat":{"id":-1001921335158,"title":"\ud83d\udc0d\ud83d\udce9\ud83d\udc0d G4 status \ud83d\udc0d\ud83d\udce9\ud83d\udc0d","username":"ilmiobotpernotifiche","type":"channel"},"date":1692008228,"photo":[{"file_id":"AgACAgQAAx0EcoU_dgACGKhk2f8kwWmxkNQrGaNJJZuaN7JYmwAC-r8xG69p0FI4tgtGr95kMgEAAwIAA3MAAzAE","file_unique_id":"AQAD-r8xG69p0FJ4","file_size":768,"width":90,"height":54},{"file_id":"AgACAgQAAx0EcoU_dgACGKhk2f8kwWmxkNQrGaNJJZuaN7JYmwAC-r8xG69p0FI4tgtGr95kMgEAAwIAA20AAzAE","file_unique_id":"AQAD-r8xG69p0FJy","file_size":9156,"width":320,"height":192},{"file_id":"AgACAgQAAx0EcoU_dgACGKhk2f8kwWmxkNQrGaNJJZuaN7JYmwAC-r8xG69p0FI4tgtGr95kMgEAAwIAA3gAAzAE","file_unique_id":"AQAD-r8xG69p0FJ9","file_size":34404,"width":800,"height":480},{"file_id":"AgACAgQAAx0EcoU_dgACGKhk2f8kwWmxkNQrGaNJJZuaN7JYmwAC-r8xG69p0FI4tgtGr95kMgEAAwIAA3kAAzAE","file_unique_id":"AQAD-r8xG69p0FJ-","file_size":66193,"width":1280,"height":768},{"file_id":"AgACAgQAAx0EcoU_dgACGKhk2f8kwWmxkNQrGaNJJZuaN7JYmwAC-r8xG69p0FI4tgtGr95kMgEAAwIAA3cAAzAE","file_unique_id":"AQAD-r8xG69p0FJ8","file_size":115822,"width":2000,"height":1200}]}}
{"ok":true,"result":{"message_id":6315,"sender_chat":{"id":-1001921335158,"title":"\ud83d\udc0d\ud83d\udce9\ud83d\udc0d G4 status \ud83d\udc0d\ud83d\udce9\ud83d\udc0d","username":"ilmiobotpernotifiche","type":"channel"},"chat":{"id":-1001921335158,"title":"\ud83d\udc0d\ud83d\udce9\ud83d\udc0d G4 status \ud83d\udc0d\ud83d\udce9\ud83d\udc0d","username":"ilmiobotpernotifiche","type":"channel"},"date":1692008347,"text":"Statistics\nEvents processed\n342000000 / 1800000000\n.ooo00ooo..ooo00ooo.\nF0:  57%  56%  57%  56%  57%  53%  55%  55%  56%  57%  57%  57%  57%  56% \n\nF1:  36%  35%  35%  35%  33%  33%  35%  35%  35%  33%  33%  33%  33%  33%  35%  35%  34%  35%  35%  34%  35%  35% \n\nF2:  49%  48%  50%  52%  52%  51%  52%  51%  48%  52%  52%  49%  51%  52%  52%  49%  52%  51%  49% \n\nF3:  89%  90%  93%  89%  88%  89%  89%  93%  90%  92%  86%  89%  90%  89%  91%  89%  90% \n\nF4:  41%  40%  40%  39%  40%  39%  39%  42%  42%  40%  39%  42%  42%  41%  41%  39%  41%  40%  42%  40% \n\nF5:  59%  60%  56%  59%  59%  59%  58%  60%  58%  60%  56%  58%  59%  60%  58%  55%  58%  57% \n\n.ooo00ooo..ooo00ooo.\nTot Percentage: 19.0\nTime elapsed: 360.9394612312317 seconds","entities":[{"offset":0,"length":10,"type":"bold"},{"offset":11,"length":16,"type":"bold"},{"offset":28,"length":9,"type":"phone_number"},{"offset":40,"length":10,"type":"phone_number"},{"offset":51,"length":20,"type":"bold"},{"offset":658,"l
<b>Statistics</b>
<b>Events processed</b>
306000000 / 1800000000
<b>.ooo00ooo..ooo00ooo.</b>
F0:  51%  50%  
<b>Statistics</b>
<b>Events processed</b>
342000000 / 1800000000
<b>.ooo00ooo..ooo00ooo.</b>
F0:  57%  56%  57%  56%  57%  53%  55%  55%  56%  57%  57%  57%  57%  56% 

F1:  36%  35%  35%  35%  33%  33%  35%  35%  35%  33%  33%  33%  33%  33%  35%  35%  34%  35%  35%  34%  35%  35% 

F2:  49%  48%  50%  52%  52%  51%  52%  51%  48%  52%  52%  49%  51%  52%  52%  49%  52%  51%  49% 

F3:  89%  90%  93%  89%  88%  89%  89%  93%  90%  92%  86%  89%  90%  89%  91%  89%  90% 

F4:  41%  40%  40%  39%  40%  39%  39%  42%  42%  40%  39%  42%  42%  41%  41%  39%  41%  40%  42%  40% 

F5:  59%  60%  56%  59%  59%  59%  58%  60%  58%  60%  56%  58%  59%  60%  58%  55%  58%  57% 

<b>.ooo00ooo..ooo00ooo.</b>
<b>Tot Percentage</b>: 19.0
<b>Time elapsed</b>: 360.9394612312317 seconds

https://api.telegram.org/bot6170289274:AAFny2C4lJTWQoX6SUR_p7h1_NRM4rVcgCM/sendPhoto
{"ok":true,"result":{"message_id":6316,"sender_chat":{"id":-1001921335158,"title":"\ud83d\udc0d\ud83d\udce9\ud83d\udc0d G4 status \ud83d\udc0d\ud83d\udce9\ud83d\udc0d","username":"ilmiobotpernotifiche","type":"channel"},"chat":{"id":-1001921335158,"title":"\ud83d\udc0d\ud83d\udce9\ud83d\udc0d G4 status \ud83d\udc0d\ud83d\udce9\ud83d\udc0d","username":"ilmiobotpernotifiche","type":"channel"},"date":1692008348,"photo":[{"file_id":"AgACAgQAAx0EcoU_dgACGKxk2f-c-q3wZcMnwQABV05i-4svZcUAAvy_MRuvadBSWQYimzKePUQBAAMCAANzAAMwBA","file_unique_id":"AQAD_L8xG69p0FJ4","file_size":833,"width":90,"height":54},{"file_id":"AgACAgQAAx0EcoU_dgACGKxk2f-c-q3wZcMnwQABV05i-4svZcUAAvy_MRuvadBSWQYimzKePUQBAAMCAANtAAMwBA","file_unique_id":"AQAD_L8xG69p0FJy","file_size":10609,"width":320,"height":192},{"file_id":"AgACAgQAAx0EcoU_dgACGKxk2f-c-q3wZcMnwQABV05i-4svZcUAAvy_MRuvadBSWQYimzKePUQBAAMCAAN4AAMwBA","file_unique_id":"AQAD_L8xG69p0FJ9","file_size":40539,"width":800,"height":480},{"file_id":"AgACAgQAAx0EcoU_dgACGKxk2f-c-q3wZcMnwQABV05i-4svZcUAAvy_MRuvadBSWQYimzKePUQBAAMCAAN5AAMwBA","file_unique_id":"AQAD_L8xG69p0FJ-","file_size":76839,"width":1280,"height":768},{"file_id":"AgACAgQAAx0EcoU_dgACGKxk2f-c-q3wZcMnwQABV05i-4svZcUAAvy_MRuvadBSWQYimzKePUQBAAMCAAN3AAMwBA","file_unique_id":"AQAD_L8xG69p0FJ8","file_size":136931,"width":2000,"height":1200}]}}
{"ok":true,"result":{"message_id":6319,"sender_chat":{"id":-1001921335158,"title":"\ud83d\udc0d\ud83d\udce9\ud83d\udc0d G4 status \ud83d\udc0d\ud83d\udce9\ud83d\udc0d","username":"ilmiobotpernotifiche","type":"channel"},"chat":{"id":-1001921335158,"title":"\ud83d\udc0d\ud83d\udce9\ud83d\udc0d G4 status \ud83d\udc0d\ud83d\udce9\ud83d\udc0d","username":"ilmiobotpernotifiche","type":"channel"},"date":1692008467,"text":"Statistics\nEvents processed\n594000000 / 1800000000\n.ooo00ooo..ooo00ooo.\nF0:  75%  74%  75%  74%  75%  71%  73%  74%  75%  76%  75%  76%  76%  75% \n\nF1:  47%  47%  46%  47%  44%  44%  46%  46%  46%  44%  44%  44%  44%  44%  47%  46%  46%  46%  46%  46%  46%  46% \n\nF2:  65%  64%  67%  69%  69%  68%  69%  68%  64%  69%  70%  65%  67%  69%  69%  65%  69%  67%  65% \n\nF3:  21%  23%  25%  22%  18%  21%  21%  25%  22%  24%  16%  21%  23%  21%  24%  22%  22% \n\nF4:  55%  53%  53%  52%  53%  52%  52%  56%  56%  53%  52%  56%  55%  55%  55%  52%  55%  53%  56%  53% \n\nF5:  77%  80%  75%  79%  78%  78%  76%  79%  78%  80%  75%  78%  78%  79%  78%  73%  77%  77% \n\n.ooo00ooo..ooo00ooo.\nTot Percentage: 33.0\nTime elapsed: 481.29172587394714 seconds","entities":[{"offset":0,"length":10,"type":"bold"},{"offset":11,"length":16,"type":"bold"},{"offset":28,"length":9,"type":"phone_number"},{"offset":40,"length":10,"type":"phone_number"},{"offset":51,"length":20,"type":"bold"},{"offset":658,"length":20,"type":"bold"},{"offset":679,"length":14,"type":"bold"},{"offset":700,"length":12,"type":"bold"}]}}
<b>Statistics</b>
<b>Events processed</b>
594000000 / 1800000000
<b>.ooo00ooo..ooo00ooo.</b>
F0:  75%  74%  75%  74%  75%  71%  73%  74%  75%  76%  75%  76%  76%  75% 

F1:  47%  47%  46%  47%  44%  44%  46%  46%  46%  44%  44%  44%  44%  44%  47%  46%  46%  46%  46%  46%  46%  46% 

F2:  65%  64%  67%  69%  69%  68%  69%  68%  64%  69%  70%  65%  67%  69%  69%  65%  69%  67%  65% 

F3:  21%  23%  25%  22%  18%  21%  21%  25%  22%  24%  16%  21%  23%  21%  24%  22%  22% 

F4:  55%  53%  53%  52%  53%  52%  52%  56%  56%  53%  52%  56%  55%  55%  55%  52%  55%  53%  56%  53% 

F5:  77%  80%  75%  79%  78%  78%  76%  79%  78%  80%  75%  78%  78%  79%  78%  73%  77%  77% 

<b>.ooo00ooo..ooo00ooo.</b>
<b>Tot Percentage</b>: 33.0
<b>Time elapsed</b>: 481.29172587394714 seconds

https://api.telegram.org/bot6170289274:AAFny2C4lJTWQoX6SUR_p7h1_NRM4rVcgCM/sendPhoto
{"ok":true,"result":{"message_id":6320,"sender_chat":{"id":-1001921335158,"title":"\ud83d\udc0d\ud83d\udce9\ud83d\udc0d G4 status \ud83d\udc0d\ud83d\udce9\ud83d\udc0d","username":"ilmiobotpernotifiche","type":"channel"},"chat":{"id":-1001921335158,"title":"\ud83d\udc0d\ud83d\udce9\ud83d\udc0d G4 status \ud83d\udc0d\ud83d\udce9\ud83d\udc0d","username":"ilmiobotpernotifiche","type":"channel"},"date":1692008468,"photo":[{"file_id":"AgACAgQAAx0EcoU_dgACGLBk2gABFGP40cmYOHJVVA5DQpuzd_gAAv6_MRuvadBSJ8WZZV9sfgYBAAMCAANzAAMwBA","file_unique_id":"AQAD_r8xG69p0FJ4","file_size":752,"width":90,"height":54},{"file_id":"AgACAgQAAx0EcoU_dgACGLBk2gABFGP40cmYOHJVVA5DQpuzd_gAAv6_MRuvadBSJ8WZZV9sfgYBAAMCAANtAAMwBA","file_unique_id":"AQAD_r8xG69p0FJy","file_size":8989,"width":320,"height":192},{"file_id":"AgACAgQAAx0EcoU_dgACGLBk2gABFGP40cmYOHJVVA5DQpuzd_gAAv6_MRuvadBSJ8WZZV9sfgYBAAMCAAN4AAMwBA","file_unique_id":"AQAD_r8xG69p0FJ9","file_size":32820,"width":800,"height":480},{"file_id":"AgACAgQAAx0EcoU_dgACGLBk2gABFGP40cmYOHJVVA5DQpuzd_gAAv6_MRuvadBSJ8WZZV9sfgYBAAMCAAN5AAMwBA","file_unique_id":"AQAD_r8xG69p0FJ-","file_size":60042,"width":1280,"height":768},{"file_id":"AgACAgQAAx0EcoU_dgACGLBk2gABFGP40cmYOHJVVA5DQpuzd_gAAv6_MRuvadBSJ8WZZV9sfgYBAAMCAAN3AAMwBA","file_unique_id":"AQAD_r8xG69p0FJ8","file_size":103749,"width":2000,"height":1200}]}}
{"ok":true,"result":{"message_id":6323,"sender_chat":{"id":-1001921335158,"title":"\ud83d\udc0d\ud83d\udce9\ud83d\udc0d G4 status \ud83d\udc0d\ud83d\udce9\ud83d\udc0d","username":"ilmiobotpernotifiche","type":"channel"},"chat":{"id":-1001921335158,"title":"\ud83d\udc0d\ud83d\udce9\ud83d\udc0d G4 status \ud83d\udc0d\ud83d\udce9\ud83d\udc0d","username":"ilmiobotpernotifiche","type":"channel"},"date":1692008587,"text":"Statistics\nEvents processed\n918000000 / 1800000000\n.ooo00ooo..ooo00ooo.\nF0:  93%  92%  93%  93%  94%  88%  92%  92%  93%  95%  94%  94%  95%  93% \n\nF1:  59%  59%  58%  58%  55%  55%  58%  58%  58%  55%  55%  55%  55%  55%  58%  58%  57%  58%  58%  58%  58%  58% \n\nF2:  82%  80%  84%  85%  86%  84%  85%  85%  80%  86%  87%  81%  84%  86%  86%  81%  86%  84%  81% \n\nF3:  55%  56%  59%  55%  50%  54%  54%  59%  56%  57%  48%  55%  57%  55%  58%  56%  56% \n\nF4:  69%  66%  66%  65%  66%  65%  65%  69%  69%  66%  65%  69%  69%  69%  69%  65%  68%  66%  70%  66% \n\nF5:  96%  99%  93%  98%  97%  98%  94%  99%  97%  99%  93%  97%  98%  99%  97%  92%  96%  97% \n\n.ooo00ooo..ooo00ooo.\nTot Percentage: 51.0\nTime elapsed: 601.557443857193 seconds","entities":[{"offset":0,"length":10,"type":"bold"},{"offset":11,"length":16,"type":"bold"},{"offset":28,"length":9,"type":"phone_number"},{"offset":40,"length":10,"type":"phone_number"},{"offset":51,"length":20,"type":"bold"},{"offset":658,"length":20,"type":"bold"},{"offset":679,"length":14,"type":"bold"},{"offset":700,"length":12,"type":"bold"}]}}
<b>Statistics</b>
<b>Events processed</b>
918000000 / 1800000000
<b>.ooo00ooo..ooo00ooo.</b>
F0:  93%  92%  93%  93%  94%  88%  92%  92%  93%  95%  94%  94%  95%  93% 

F1:  59%  59%  58%  58%  55%  55%  58%  58%  58%  55%  55%  55%  55%  55%  58%  58%  57%  58%  58%  58%  58%  58% 

F2:  82%  80%  84%  85%  86%  84%  85%  85%  80%  86%  87%  81%  84%  86%  86%  81%  86%  84%  81% 

F3:  55%  56%  59%  55%  50%  54%  54%  59%  56%  57%  48%  55%  57%  55%  58%  56%  56% 

F4:  69%  66%  66%  65%  66%  65%  65%  69%  69%  66%  65%  69%  69%  69%  69%  65%  68%  66%  70%  66% 

F5:  96%  99%  93%  98%  97%  98%  94%  99%  97%  99%  93%  97%  98%  99%  97%  92%  96%  97%
https://api.telegram.org/bot6170289274:AAFny2C4lJTWQoX6SUR_p7h1_NRM4rVcgCM/sendPhoto
{"ok":true,"result"
https://api.telegram.org/bot6170289274:AAFny2C4lJTWQoX6SUR_p7h1_NRM4rVcgCM/sendPhoto
{"ok":true,"result":{"message_id":6324,"sender_chat":{"id":-1001921335158,"title":"\ud83d\udc0d\ud83d\udce9\ud83d\udc0d G4 status \ud83d\udc0d\ud83d\udce9\ud83d\udc0d","username":"ilmiobotpernotifiche","type":"channel"},"chat":{"id":-1001921335158,"title":"\ud83d\udc0d\ud83d\udce9\ud83d\udc0d G4 status \ud83d\udc0d\ud83d\udce9\ud83d\udc0d","username":"ilmiobotpernotifiche","type":"channel"},"date":1692008589,"photo":[{"file_id":"AgACAgQAAx0EcoU_dgACGLRk2gABjUPUxj5SogtsM2uGyKkdGE4AA8AxG69p0FLOYqNv-YigTQEAAwIAA3MAAzAE","file_unique_id":"AQAEwDEbr2nQUng","file_size":859,"width":90,"height":54},{"file_id":"AgACAgQAAx0EcoU_dgACGLRk2gABjUPUxj5SogtsM2uGyKkdGE4AA8AxG69p0FLOYqNv-YigTQEAAwIAA20AAzAE","file_unique_id":"AQAEwDEbr2nQUnI","file_size":11130,"width":320,"height":192},{"file_id":"AgACAgQAAx0EcoU_dgACGLRk2gABjUPUxj5SogtsM2uGyKkdGE4AA8AxG69p0FLOYqNv-YigTQEAAwIAA3gAAzAE","file_unique_id":"AQAEwDEbr2nQUn0","file_size":45245,"width":800,"height":480},{"file_id":"AgACAgQAAx0EcoU_dgACGLRk2gABjUPUxj5SogtsM2uGyKkdGE4AA8AxG69p0FLOYqNv-YigTQEAAwIAA3kAAzAE","file_unique_id":"AQAEwDEbr2nQUn4","file_size":88648,"width":1280,"height":768},{"file_id":"AgACAgQAAx0EcoU_dgACGLRk2gABjUPUxj5SogtsM2uGyKkdGE4AA8AxG69p0FLOYqNv-YigTQEAAwIAA3cAAzAE","file_unique_id":"AQAEwDEbr2nQUnw","file_size":156410,"width":2000,"height":1200}]}}
{"ok":true,"result":{"message_id":6327,"sender_chat":{"id":-1001921335158,"title":"\ud83d\udc0d\ud83d\udce9\ud83d\udc0d G4 status \ud83d\udc0d\ud83d\udce9\ud83d\udc0d","username":"ilmiobotpernotifiche","type":"channel"},"chat":{"id":-1001921335158,"title":"\ud83d\udc0d\ud83d\udce9\ud83d\udc0d G4 status \ud83d\udc0d\ud83d\udce9\ud83d\udc0d","username":"ilmiobotpernotifiche","type":"channel"},"date":1692008708,"text":"Statistics\nEvents processed\n726000000 / 1800000000\n.ooo00ooo..ooo00ooo.\nF0:  20%  19%  21%  20%  22%  10%  18%  19%  21%  23%  21%  22%  24%  20% \n\nF1:  71%  71%  69%  69%  66%  66%  69%  69%  69%  66%  66%  66%  66%  66%  70%  69%  69%  70%  69%  69%  70%  70% \n\nF2:  98%  96%  1%  3%  4%  2%  3%  3%  96%  3%  5%  97%  1%  4%  4%  97%  3%  2%  98% \n\nF3:  89%  90%  93%  89%  82%  88%  87%  92%  90%  90%  80%  88%  91%  89%  92%  90%  90% \n\nF4:  83%  79%  79%  78%  79%  78%  78%  83%  83%  79%  78%  83%  83%  83%  82%  78%  82%  79%  83%  79% \n\nF5:  20%  24%  15%  22%  21%  22%  16%  23%  20%  24%  15%  21%  22%  23%  21%  13%  20%  21% \n\n.ooo00ooo..ooo00ooo.\nTot Percentage: 40.333333333333336\nTime elapsed: 721.964775800705 seconds","entities":[{"offset":0,"length":10,"type":"bold"},{"offset":11,"length":16,"type":"bold"},{"offset":28,"length":9,"type":"phone_number"},{"offset":40,"length":10,"type":"phone_number"},{"offset":51,"length":20,"type":"bold"},{"offset":645,"length":20,"type":"bold"},{"offset":666,"length":14,"type":"bold"},{"offset":701,"length":12,"type":"bold"}]}}
<b>Statistics</b>
<b>Events processed</b>
726000000 / 1800000000
<b>.ooo00ooo..ooo00ooo.</b>
F0:  20%  19%  21%  20%  22%  10%  18%  19%  21%  23%  21%  22%  24%  20% 

F1:  71%  71%  69%  69%  66%  66%  69%  69%  69%  66%  66%  66%  66%  66%  70%  69%  69%  70%  69%  69%  70%  70% 

F2:  98%  96%  1%  3%  4%  2%  3%  3%  96%  3%  5%  97%  1%  4%  4%  97%  3%  2%  98% 

F3:  89%  90%  93%  89%  82%  88%  87%  92%  90%  90%  80%  88%  91%  89%  92%  90%  90% 

F4:  83%  79%  79%  78%  79%  78%  78%  83%  83%  79%  78%  83%  83%  83%  82%  78%  82%  79%  83%  79% 

F5:  20%  24%  15%  22%  21%  22%  16%  23%  20%  24%  15%  21%  22%  23%  21%  13%  20%  21% 

<b>.ooo00ooo..ooo00ooo.</b>
<b>Tot Percentage</b>: 40.333333333333336
<b>Time elapsed</b>: 721.964775800705 seconds

https://api.telegram.org/bot6170289274:AAFny2C4lJTWQoX6SUR_p7h1_NRM4rVcgCM/sendPhoto
{"ok":true,"result":{"message_id":6328,"sender_chat":{"id":-1001921335158,"title":"\ud83d\udc0d\ud83d\udce9\ud83d\udc0d G4 status \ud83d\udc0d\ud83d\udce9\ud83d\udc0d","username":"ilmiobotpernotifiche","type":"channel"},"chat":{"id":-1001921335158,"title":"\ud83d\udc0d\ud83d\udce9\ud83d\udc0d G4 status \ud83d\udc0d\ud83d\udce9\ud83d\udc0d","username":"ilmiobotpernotifiche","type":"channel"},"date":1692008709,"photo":[{"file_id":"AgACAgQAAx0EcoU_dgACGLhk2gEFqDB2WZxUGIKy7sLEYQ9IZQACAsAxG69p0FI6VI1Eg3tbCAEAAwIAA3MAAzAE","file_unique_id":"AQADAsAxG69p0FJ4","file_size":707,"width":90,"height":54},{"file_id":"AgACAgQAAx0EcoU_dgACGLhk2gEFqDB2WZxUGIKy7sLEYQ9IZQACAsAxG69p0FI6VI1Eg3tbCAEAAwIAA20AAzAE","file_unique_id":"AQADAsAxG69p0FJy","file_size":8183,"width":320,"height":192},{"file_id":"AgACAgQAAx0EcoU_dgACGLhk2gEFqDB2WZxUGIKy7sLEYQ9IZQACAsAxG69p0FI6VI1Eg3tbCAEAAwIAA3gAAzAE","file_unique_id":"AQADAsAxG69p0FJ9","file_size":31244,"width":800,"height":480},{"file_id":"AgACAgQAAx0EcoU_dgACGLhk2gEFqDB2WZxUGIKy7sLEYQ9IZQACAsAxG69p0FI6VI1Eg3tbCAEAAwIAA3kAAzAE","file_unique_id":"AQADAsAxG69p0FJ-","file_size":58693,"width":1280,"height":768},{"file_id":"AgACAgQAAx0EcoU_dgACGLhk2gEFqDB2WZxUGIKy7sLEYQ9IZQACAsAxG69p0FI6VI1Eg3tbCAEAAwIAA3cAAzAE","file_unique_id":"AQADAsAxG69p0FJ8","file_size":99458,"width":2000,"height":1200}]}}
{"ok":true,"result":{"message_id":6331,"sender_chat":{"id":-1001921335158,"title":"\ud83d\udc0d\ud83d\udce9\ud83d\udc0d G4 status \ud83d\udc0d\ud83d\udce9\ud83d\udc0d","username":"ilmiobotpernotifiche","type":"channel"},"chat":{"id":-1001921335158,"title":"\ud83d\udc0d\ud83d\udce9\ud83d\udc0d G4 status \ud83d\udc0d\ud83d\udce9\ud83d\udc0d","username":"ilmiobotpernotifiche","type":"channel"},"date":1692008828,"text":"Statistics\nEvents processed\n1008000000 / 1800000000\n.ooo00ooo..ooo00ooo.\nF0:  52%  51%  52%  51%  54%  40%  49%  52%  53%  55%  53%  54%  56%  52% \n\nF1:  82%  83%  81%  81%  77%  77%  81%  81%  80%  77%  77%  77%  77%  77%  81%  80%  80%  82%  81%  81%  81%  82% \n\nF2:  18%  16%  22%  24%  26%  23%  25%  25%  16%  25%  27%  17%  23%  26%  26%  17%  25%  24%  18% \n\nF3:  22%  22%  25%  21%  12%  20%  19%  24%  22%  23%  11%  21%  23%  21%  24%  23%  23% \n\nF4:  97%  92%  92%  91%  92%  92%  91%  96%  97%  92%  91%  97%  96%  97%  96%  91%  95%  92%  97%  92% \n\nF5:  45%  49%  38%  47%  45%  47%  39%  48%  45%  49%  38%  46%  47%  48%  45%  36%  44%  45% \n\n.ooo00ooo..ooo00ooo.\nTot Percentage: 56.0\nTime elapsed: 842.3794260025024 seconds","entities":[{"offset":0,"length":10,"type":"bold"},{"offset":11,"length":16,"type":"bold"},{"offset":28,"length":10,"type":"phone_number"},{"offset":41,"length":10,"type":"phone_number"},{"offset":52,"length":20,"type":"bold"},{"offset":659,"length":20,"type":"bold"},{"offset":680,"length":14,"type":"bold"},{"offset":701,"length":12,"type":"bold"}]}}
<b>Statistics</b>
<b>Events processed</b>
1008000000 / 1800000000
<b>.ooo00ooo..ooo00ooo.</b>
F0:  52%  51%  52%  51%  54%  40%  49%  52%  53%  55%  53%  54%  56%  52% 

F1:  82%  83%  81%  81%  77%  77%  81%  81%  80%  77%  77%  77%  77%  77%  81%  80%  80%  82%  81%  81%  81%  82% 

F2:  18%  16%  22%  24%  26%  23%  25%  25%  16%  25%  27%  17%  23%  26%  26%  17%  25%  24%  18% 

F3:  22%  22%  25%  21%  12%  20%  19%  24%  22%  23%  11%  21%  23%  21%  24%  23%  23% 

F4:  97%  92%  92%  91%  92%  92%  91%  96%  97%  92%  91%  97%  96%  97%  96%  91%  95%  92%  97%  92% 

F5:  45%  49%  38%  47%  45%  47%  39%  48%  45%  49%  38%  46%  47%  48%  45%  36%  44%  45% 

<b>.ooo00ooo..ooo00ooo.</b>
<b>Tot Percentage</b>: 56.0
<b>Time elapsed</b>: 842.3794260025024 seconds

https://api.telegram.org/bot6170289274:AAFny2C4lJTWQoX6SUR_p7h1_NRM4rVcgCM/sendPhoto
{"ok":true,"result":{"message_id":6332,"sender_chat":{"id":-1001921335158,"title":"\ud83d\udc0d\ud83d\udce9\ud83d\udc0d G4 status \ud83d\udc0d\ud83d\udce9\ud83d\udc0d","username":"ilmiobotpernotifiche","type":"channel"},"chat":{"id":-1001921335158,"title":"\ud83d\udc0d\ud83d\udce9\ud83d\udc0d G4 status \ud83d\udc0d\ud83d\udce9\ud83d\udc0d","username":"ilmiobotpernotifiche","type":"channel"},"date":1692008830,"photo":[{"file_id":"AgACAgQAAx0EcoU_dgACGLxk2gF-bgy-WFrswnSHVdKqz6f0BgACCcAxG69p0FJI_ayNf8d6zAEAAwIAA3MAAzAE","file_unique_id":"AQADCcAxG69p0FJ4","file_size":770,"width":90,"height":54},{"file_id":"AgACAgQAAx0EcoU_dgACGLxk2gF-bgy-WFrswnSHVdKqz6f0BgACCcAxG69p0FJI_ayNf8d6zAEAAwIAA20AAzAE","file_unique_id":"AQADCcAxG69p0FJy","file_size":8916,"width":320,"height":192},{"file_id":"AgACAgQAAx0EcoU_dgACGLxk2gF-bgy-WFrswnSHVdKqz6f0BgACCcAxG69p0FJI_ayNf8d6zAEAAwIAA3gAAzAE","file_unique_id":"AQADCcAxG69p0FJ9","file_size":34082,"width":800,"height":480},{"file_id":"AgACAgQAAx0EcoU_dgACGLxk2gF-bgy-WFrswnSHVdKqz6f0BgACCcAxG69p0FJI_ayNf8d6zAEAAwIAA3kAAzAE","file_unique_id":"AQADCcAxG69p0FJ-","file_size":62660,"width":1280,"height":768},{"file_id":"AgACAgQAAx0EcoU_dgACGLxk2gF-bgy-WFrswnSHVdKqz6f0BgACCcAxG69p0FJI_ayNf8d6zAEAAwIAA3cAAzAE","file_unique_id":"AQADCcAxG69p0FJ8","file_
{"ok":true,"result":{"message_id":6333,"se
{"ok":true,"result":{"message_id":6335,"sender_chat":{"id":-1001921335158,"title":"\ud83d\udc0d\ud83d\udce9\ud83d\udc0d G4 status \ud83d\udc0d\ud83d\udce9\ud83d\udc0d","username":"ilmiobotpernotifiche","type":"channel"},"chat":{"id":-1001921335158,"title":"\ud83d\udc0d\ud83d\udce9\ud83d\udc0d G4 status \ud83d\udc0d\ud83d\udce9\ud83d\udc0d","username":"ilmiobotpernotifiche","type":"channel"},"date":1692008948,"text":"Statistics\nEvents processed\n1350000000 / 1800000000\n.ooo00ooo..ooo00ooo.\nF0:  84%  82%  83%  83%  86%  70%  80%  83%  84%  86%  85%  86%  88%  84% \n\nF1:  93%  94%  92%  92%  88%  88%  93%  93%  92%  88%  88%  88%  88%  88%  92%  92%  92%  93%  93%  93%  93%  93% \n\nF2:  39%  37%  44%  46%  48%  45%  46%  47%  37%  46%  49%  38%  44%  48%  47%  38%  47%  45%  39% \n\nF3:  53%  55%  57%  54%  43%  51%  50%  56%  55%  54%  41%  53%  55%  53%  56%  54%  55% \n\nF4:  20%  10%  9%  7%  9%  9%  7%  18%  19%  10%  7%  19%  18%  19%  19%  8%  15%  10%  20%  10% \n\nF5:  69%  73%  61%  71%  69%  71%  63%  73%  69%  73%  61%  71%  72%  73%  69%  60%  68%  70% \n\n.ooo00ooo..ooo00ooo.\nTot Percentage: 75.0\nTime elapsed: 962.7054581642151 seconds","entities":[{"offset":0,"length":10,"type":"bold"},{"offset":11,"length":16,"type":"bold"},{"offset":28,"length":10,"type":"phone_number"},{"offset":41,"length":10,"type":"phone_number"},{"offset":52,"length":20,"type":"bold"},{"offset":652,"length":20,"type":"bold"},{"offset":673,"length":14,"type":"bold"},{"offset":694,"length":12,"type":"bold"}]}}
<b>Statistics</b>
<b>Events processed</b>
1350000000 / 1800000000
<b>.ooo00ooo..ooo00ooo.</b>
F0:  84%  82%  83%  83%  86%  70%  80%  83%  84%  86%  85%  86%  88%  84% 

F1:  93%  94%  92%  92%  88%  88%  93%  93%  92%  88%  88%  88%  88%  88%  92%  92%  92%  93%  93%  93%  93%  93% 

F2:  39%  37%  44%  46%  48%  45%  46%  47%  37%  46%  49%  38%  44%  48%  47%  38%  47%  45%  39% 

F3:  53%  55%  57%  54%  43%  51%  50%  56%  55%  54%  41%  53%  55%  53%  56%  54%  55% 

F4:  20%  10%  9%  7%  9%  9%  7%  18%  19%  10%  7%  19%  18%  19%  19%  8%  15%  10%  20%  10% 

F5:  69%  73%  61%  71%  69%  71%  63%  73%  69%  73%  61%  71%  72%  73%  69%  60%  68%  70% 

<b>.ooo00ooo..ooo00ooo.</b>
<b>Tot Percentage</b>: 75.0
<b>Time elapsed</b>: 962.7054581642151 seconds

https://api.telegram.org/bot6170289274:AAFny2C4lJTWQoX6SUR_p7h1_NRM4rVcgCM/sendPhoto
{"ok":true,"result":{"message_id":6336,"sender_chat":{"id":-1001921335158,"title":"\ud83d\udc0d\ud83d\udce9\ud83d\udc0d G4 status \ud83d\udc0d\ud83d\udce9\ud83d\udc0d","username":"ilmiobotpernotifiche","type":"channel"},"chat":{"id":-1001921335158,"title":"\ud83d\udc0d\ud83d\udce9\ud83d\udc0d G4 status \ud83d\udc0d\ud83d\udce9\ud83d\udc0d","username":"ilmiobotpernotifiche","type":"channel"},"date":1692008950,"photo":[{"file_id":"AgACAgQAAx0EcoU_dgACGMBk2gH22PUHsPpSKeQ5m_098uo37QACDMAxG69p0FJZN-6cUqQVGAEAAwIAA3MAAzAE","file_unique_id":"AQADDMAxG69p0FJ4","file_size":896,"width":90,"height":54},{"file_id":"AgACAgQAAx0EcoU_dgACGMBk2gH22PUHsPpSKeQ5m_098uo37QACDMAxG69p0FJZN-6cUqQVGAEAAwIAA20AAzAE","file_unique_id":"AQADDMAxG69p0FJy","file_size":12527,"width":320,"height":192},{"file_id":"AgACAgQAAx0EcoU_dgACGMBk2gH22PUHsPpSKeQ5m_098uo37QACDMAxG69p0FJZN-6cUqQVGAEAAwIAA3gAAzAE","file_unique_id":"AQADDMAxG69p0FJ9","file_size":51166,"width":800,"height":480},{"file_id":"AgACAgQAAx0EcoU_dgACGMBk2gH22PUHsPpSKeQ5m_098uo37QACDMAxG69p0FJZN-6cUqQVGAEAAwIAA3kAAzAE","file_unique_id":"AQADDMAxG69p0FJ-","file_size":98794,"width":1280,"height":768},{"file_id":"AgACAgQAAx0EcoU_dgACGMBk2gH22PUHsPpSKeQ5m_098uo37QACDMAxG69p0FJZN-6cUqQVGAEAAwIAA3cAAzAE","file_unique_id":"AQADDMAxG69p0FJ8","file_size":174413,"width":2000,"height":1200}]}}
{"ok":true,"result":{"message_id":6339,"sender_chat":{"id":-1001921335158,"title":"\ud83d\udc0d\ud83d\udce9\ud83d\udc0d G4 status \ud83d\udc0d\ud83d\udce9\ud83d\udc0d","username":"ilmiobotpernotifiche","type":"channel"},"chat":{"id":-1001921335158,"title":"\ud83d\udc0d\ud83d\udce9\ud83d\udc0d G4 status \ud83d\udc0d\ud83d\udce9\ud83d\udc0d","username":"ilmiobotpernotifiche","type":"channel"},"date":1692009069,"text":"Statistics\nEvents processed\n1692000000 / 1800000000\n.ooo00ooo..ooo00ooo.\nF0:  12%  11%  12%  11%  14%  100%  9%  12%  13%  14%  13%  14%  15%  12% \n\nF1:  9%  12%  7%  7%  99%  99%  9%  9%  7%  99%  99%  99%  99%  99%  8%  7%  6%  10%  9%  9%  10%  10% \n\nF2:  60%  57%  65%  68%  70%  66%  68%  69%  57%  68%  71%  59%  66%  70%  69%  59%  69%  68%  59% \n\nF3:  86%  87%  88%  87%  73%  83%  82%  88%  87%  87%  72%  86%  88%  86%  88%  87%  87% \n\nF4:  45%  33%  33%  30%  32%  33%  31%  42%  44%  33%  30%  44%  42%  44%  43%  31%  40%  33%  45%  33% \n\nF5:  94%  98%  85%  96%  94%  96%  86%  98%  94%  98%  85%  96%  97%  97%  94%  83%  93%  95% \n\n.ooo00ooo..ooo00ooo.\nTot Percentage: 94.0\nTime elapsed: 1083.4516868591309 seconds","entities":[{"offset":0,"length":10,"type":"bold"},{"offset":11,"length":16,"type":"bold"},{"offset":28,"length":10,"type":"phone_number"},{"offset":41,"length":10,"type":"phone_number"},{"offset":52,"length":20,"type":"bold"},{"offset":648,"length":20,"type":"bold"},{"offset":669,"length":14,"type":"bold"},{"offset":690,"length":12,"type":"bold"}]}}
<b>Statistics</b>
<b>Events processed</b>
1692000000 / 1800000000
<b>.ooo00ooo..ooo00ooo.</b>
F0:  12%  11%  12%  11%  14%  100%  9%  12%  13%  14%  13%  14%  15%  12% 

F1:  9%  12%  7%  7%  99%  99%  9%  9%  7%  99%  99%  99%  99%  99%  8%  7%  6%  10%  9%  9%  10%  10% 

F2:  60%  57%  65%  68%  70%  66%  68%  69%  57%  68%  71%  59%  66%  70%  69%  59%  69%  68%  59% 

F3:  86%  87%  88%  87%  73%  83%  82%  88%  87%  87%  72%  86%  88%  86%  88%  87%  87% 

F4:  45%  33%  33%  30%  32%  33%  31%  42%  44%  33%  30%  44%  42%  44%  43%  31%  40%  33%  45%  33% 

F5:  94%  98%  85%  96%  94%  96%  86%  98%  94%  98%  85%  96%  97%  97%  94%  83%  93%  95% 

<b>.ooo00ooo..ooo00ooo.</b>
<b>Tot Percentage</b>: 94.0
<b>Time elapsed</b>: 1083.4516868591309 seconds

https://api.telegram.org/bot6170289274:AAFny2C4lJTWQoX6SUR_p7h1_NRM4rVcgCM/sendPhoto
{"ok":true,"result":{"message_id":6340,"sender_chat":{"id":-1001921335158,"title":"\ud83d\udc0d\ud83d\udce9\ud83d\udc0d G4 status \ud83d\udc0d\ud83d\udce9\ud83d\udc0d","username":"ilmiobotpernotifiche","type":"channel"},"chat":{"id":-1001921335158,"title":"\ud83d\udc0d\ud83d\udce9\ud83d\udc0d G4 status \ud83d\udc0d\ud83d\udce9\ud83d\udc0d","username":"ilmiobotpernotifiche","type":"channel"},"date":1692009071,"photo":[{"file_id":"AgACAgQAAx0EcoU_dgACGMRk2gJuXQ9iE9mvttN-_qHEk9ZWIQACD8AxG69p0FLB_iRhDp1-4gEAAwIAA3MAAzAE","file_unique_id":"AQADD8AxG69p0FJ4","file_size":909,"width":90,"height":54},{"file_id":"AgACAgQAAx0EcoU_dgACGMRk2gJuXQ9iE9mvttN-_qHEk9ZWIQACD8AxG69p0FLB_iRhDp1-4gEAAwIAA20AAzAE","file_unique_id":"AQADD8AxG69p0FJy","file_size":12634,"width":320,"height":192},{"file_id":"AgACAgQAAx0EcoU_dgACGMRk2gJuXQ9iE9mvttN-_qHEk9ZWIQACD8AxG69p0FLB_iRhDp1-4gEAAwIAA3gAAzAE","file_unique_id":"AQADD8AxG69p0FJ9","file_size":50730,"width":800,"height":480},{"file_id":"AgACAgQAAx0EcoU_dgACGMRk2gJuXQ9iE9mvttN-_qHEk9ZWIQACD8AxG69p0FLB_iRhDp1-4gEAAwIAA3kAAzAE","file_unique_id":"AQADD8AxG69p0FJ-","file_size":97986,"width":1280,"height":768},{"file_id":"AgACAgQAAx0EcoU_dgACGMRk2gJuXQ9iE9mvttN-_qHEk9ZWIQACD8AxG69p0FLB_iRhDp1-4gEAAwIAA3cAAzAE","file_unique_id":"AQADD8AxG69p0FJ8","file_size":174677,"width":2000,"height":1200}]}}
{"ok":true,"result":{"message_id":6343,"sender_chat":{"id":-1001921335158,"title":"\ud83d\udc0d\ud83d\udce9\ud83d\udc0d G4 status \ud83d\udc0d\ud83d\udce9\ud83d\udc0d","username":"ilmiobotpernotifiche","type":"channel"},"chat":{"id":-1001921335158,"title":"\ud83d\udc0d\ud83d\udce9\ud83d\udc0d G4 status \ud83d\udc0d\ud83d\udce9\ud83d\udc0d","username":"ilmiobotpernotifiche","type":"channel"},"date":1692009189,"text":"Statistics\nEvents processed\n774000000 / 1800000000\n.ooo00ooo..ooo00ooo.\nF0:  36%  35%  37%  37%  39%  9%  24%  34%  38%  38%  39%  39%  39%  41%  38%  11% \n\nF1:  31%  35%  30%  29%  19%  21%  31%  31%  29%  20%  6%  20%  20%  19%  20%  30%  29%  29%  33%  32%  31%  33%  33% \n\nF2:  80%  9%  78%  87%  89%  93%  88%  7%  90%  90%  78%  90%  94%  80%  88%  92%  91%  79%  91%  89%  80% \n\nF3:  15%  100%  100%  100%  100%  100%  100%  100%  100%  100%  100%  100%  15%  100%  16%  100%  100%  100%  100%  100%  17% \n\nF4:  70%  57%  56%  54%  56%  56%  54%  6%  8%  67%  69%  56%  54%  69%  67%  69%  68%  55%  7%  65%  57%  69%  56%  5% \n\nF5:  17%  22%  8%  19%  10%  17%  19%  9%  21%  17%  21%  8%  20%  20%  21%  17%  6%  16%  19%  10% \n\n.ooo00ooo..ooo00ooo.\nTot Percentage: 43.0\nTime elapsed: 1203.8784482479095 seconds","entities":[{"offset":0,"length":10,"type":"bold"},{"offset":11,"length":16,"type":"bold"},{"offset":28,"length":9,"type":"phone_number"},{"offset":40,"length":10,"type":"phone_number"},{"offset":51,"length":20,"type":"bold"},{"offset":738,"length":20,"type":"bold"},{"offset":759,"length":14,"type":"bold"},{"offset":780,"length":12,"type":"bold"}]}

<b>Statistics</b>
<b>Events processed</b>
774000000 / 1800000000
<b>.ooo00ooo..ooo00ooo.</b>
F0:  36%  35%  37%  37%  39%  9%  24%  34%  38%  38%  39%  39%  39%  41%  38%  11% 

F1:  31%  35%  30%  29%  19%  21%  31%  31%  29%  20%  6%  20%  20%  19%  20%  30%  29%  29%  33%  32%  31%  33%  33% 

F2:  80%  9%  78%  87%  89%  93%  88%  7%  90%  90%  78%  90%  94%  80%  88%  92%  91%  79%  91%  89%  80% 

F3:  15%  100%  100%  100%  100%  100%  100%  100%  100%  100%  100%  100%  15%  100%  16%  100%  100%  100%  100%  100%  17% 

F4:  70%  57%  56%  54%  56%  56%  54%  6%  8%  67%  69%  56%  54%  69%  67%  69%  68%  55%  7%  65%  57%  69%  56%  5% 

F5:  17%  22%  8%  19%  10%  17%  19%  9%  21%  17%  21%  8%  20%  20%  21%  17%  6%  16%  19%  10% 

<b>.ooo00ooo..ooo00ooo.</b>
<b>Tot Percentage</b>: 43.0
<b>Time elapsed</b>: 1203.8784482479095 seconds

https://api.telegram.org/bot6170289274:AAFny2C4lJTWQoX6SUR_p7h1_NRM4rVcgCM/sendPhoto
{"ok":true,"result":{"message_id":6344,"sender_chat":{"id":-1001921335158,"title":"\ud83d\udc0d\ud83d\udce9\ud83d\udc0d G4 status \ud83d\udc0d\ud83d\udce9\ud83d\udc0d","username":"ilmiobotpernotifiche","type":"channel"},"chat":{"id":-1001921335158,"title":"\ud83d\udc0d\ud83d\udce9\ud83d\udc0d G4 status \ud83d\udc0d\ud83d\udce9\ud83d\udc0d","username":"ilmiobotpernotifiche","type":"channel"},"date":1692009192,"photo":[{"file_id":"AgACAgQAAx0EcoU_dgACGMhk2gLnOtHFRRoZ-iDjKuWYp2gVYAACEsAxG69p0FInl0H_eyxVWQEAAwIAA3MAAzAE","file_unique_id":"AQADEsAxG69p0FJ4","file_size":761,"width":90,"height":54},{"file_id":"AgACAgQAAx0EcoU_dgACGMhk2gLnOtHFRRoZ-iDjKuWYp2gVYAACEsAxG69p0FInl0H_eyxVWQEAAwIAA20AAzAE","file_unique_id":"AQADEsAxG69p0FJy","file_size":8643,"width":320,"height":192},{"file_id":"AgACAgQAAx0EcoU_dgACGMhk2gLnOtHFRRoZ-iDjKuWYp2gVYAACEsAxG69p0FInl0H_eyxVWQEAAwIAA3gAAzAE","file_unique_id":"AQADEsAxG69p0FJ9","file_size":30281,"width":800,"height":480},{"file_id":"AgACAgQAAx0EcoU_dgACGMhk2gLnOtHFRRoZ-iDjKuWYp2gVYAACEsAxG69p0FInl0H_eyxVWQEAAwIAA3kAAzAE","file_unique_id":"AQADEsAxG69p0FJ-","file_size":56377,"width":1280,"height":768},{"file_id":"AgACAgQAAx0EcoU_dgACGMhk2gLnOtHFRRoZ-iDjKuWYp2gVYAACEsAxG69p0FInl0H_eyxVWQEAAwIAA3cAAzAE","file_unique_id":"AQADEsAxG69p0FJ8","file_size":99803,"width":2000,"height":1200}]}}
{"ok":true,"result":{"message_id":6347,"sender_chat":{"id":-1001921335158,"title":"\ud83d\udc0d\ud83d\udce9\ud83d\udc0d G4 status \ud83d\udc0d\ud83d\udce9\ud83d\udc0d","username":"ilmiobotpernotifiche","type":"channel"},"chat":{"id":-1001921335158,"title":"\ud83d\udc0d\ud83d\udce9\ud83d\udc0d G4 status \ud83d\udc0d\ud83d\udce9\ud83d\udc0d","username":"ilmiobotpernotifiche","type":"channel"},"date":1692009310,"text":"Statistics\nEvents processed\n1026000000 / 1800000000\n.ooo00ooo..ooo00ooo.\nF0:  60%  60%  61%  61%  65%  27%  48%  59%  63%  63%  64%  64%  64%  67%  62%  30% \n\nF1:  52%  58%  52%  51%  40%  42%  54%  54%  51%  41%  17%  41%  41%  41%  41%  52%  52%  51%  55%  54%  54%  55%  55% \n\nF2:  1%  26%  99%  8%  10%  13%  9%  24%  11%  11%  16%  98%  10%  14%  100%  9%  14%  12%  100%  12%  10%  1% \n\nF3:  43%  100%  100%  100%  100%  100%  100%  100%  100%  100%  100%  100%  45%  100%  46%  100%  100%  100%  100%  100%  47% \n\nF4:  95%  80%  80%  77%  79%  80%  78%  19%  21%  91%  93%  79%  77%  94%  91%  94%  93%  78%  21%  89%  80%  94%  79%  19% \n\nF5:  40%  45%  29%  19%  43%  30%  39%  41%  31%  45%  39%  44%  29%  43%  43%  44%  40%  28%  39%  42%  29% \n\n.ooo00ooo..ooo00ooo.\nTot Percentage: 57.0\nTime elapsed: 1324.0268449783325 seconds","entities":[{"offset":0,"length":10,"type":"bold"},{"offset":11,"length":16,"type":"bold"},{"offset":28,"length":10,"type":"phone_number"},{"offset":41,"length":10,"type":"phone_number"},{"offset":52,"length":20,"type":"bold"},{"offset":758,"length":20,"type":"bold"},{"offset":779,"length":14,"type":"bold"},{"offset":800,"length":12,"type":"bold"}]}}
<b>Statistics</b>
<b>Events processed</b>
1026000000 / 1800000000
<b>.ooo00ooo..ooo00ooo.</b>
F0:  60%  60%  61%  61%  65%  27%  48%  59%  63%  63%  64%  64%  64%  67%  62%  30% 

F1:  52%  58%  52%  51%  40%  42%  54%  54%  51%  41%  17%  41%  41%  41%  41%  52%  52%  51%  55%  54%  54%  55%  55% 

F2:  1%  26%  99%  8%  10%  13%  9%  24%  11%  11%  16%  98%  10%  14%  100%  9%  14%  12%  100%  12%  10%  1% 

F3:  43%  100%  100%  100%  100%  100%  100%  100%  100%  100%  100%  100%  45%  100%  46%  100%  100%  100%  100%  100%  47% 

F4:  95%  80%  80%  77%  79%  80%  78%  19%  21%  91%  93%  79%  77%  94%  91%  94%  93%  78%  21%  89%  80%  94%  79%  19% 

F5:  40%  45%  29%  19%  43%  30%  39%  41%  31%  45%  39%  44%  29%  43%  43%  44%  40%  28%  39%  42%  29% 

<b>.ooo00ooo..ooo00ooo.</b>
<b>Tot Percentage</b>: 57.0
<b>Time elapsed</b>: 1324.0268449783325 seconds

https://api.telegram.org/bot6170289274:AAFny2C4lJTWQoX6SUR_p7h1_NRM4rVcgCM/sendPhoto
{"ok":true,"result":{"message_id":6348,"sender_chat":{"id":-1001921335158,"title":"\ud83d\udc0d\ud83d\udce9\ud83d\udc0d G4 status \ud83d\udc0d\ud83d\udce9\ud83d\udc0d","username":"ilmiobotpernotifiche","type":"channel"},"chat":{"id":-1001921335158,"title":"\ud83d\udc0d\ud83d\udce9\ud83d\udc0d G4 status \ud83d\udc0d\ud83d\udce9\ud83d\udc0d","username":"ilmiobotpernotifiche","type":"channel"},"date":1692009312,"photo":[{"file_id":"AgACAgQAAx0EcoU_dgACGMxk2gNfVHp66w_xs2mI1BQH0EAxSAACFMAxG69p0FJ6PIEUVo_qawEAAwIAA3MAAzAE","file_unique_id":"AQADFMAxG69p0FJ4","file_size":870,"width":90,"height":54},{"file_id":"AgACAgQAAx0EcoU_dgACGMxk2gNfVHp66w_xs2mI1BQH0EAxSAACFMAxG69p0FJ6PIEUVo_qawEAAwIAA20AAzAE","file_unique_id":"AQADFMAxG69p0FJy","file_size":11928,"width":320,"height":192},{"file_id":"AgACAgQAAx0EcoU_dgACGMxk2gNfVHp66w_xs2mI1BQH0EAxSAACFMAxG69p0FJ6PIEUVo_qawEAAwIAA3gAAzAE","file_unique_id":"AQADFMAxG69p0FJ9","file_size":46326,"width":800,"height":480},{"file_id":"AgACAgQAAx0EcoU_dgACGMxk2gNfVHp66w_xs2mI1BQH0EAxSAACFMAxG69p0FJ6PIEUVo_qawEAAwIAA3kAAzAE","file_unique_id":"AQADFMAxG69p0FJ-","file_size":85390,"width":1280,"height":768},{"file_id":"AgACAgQAAx0EcoU_dgACGMxk2gNfVHp66w_xs2mI1BQH0EAxSAACFMAxG69p0FJ6PIEUVo_qawEAAwIAA3cAAzAE","file_unique_id":"AQADFMAxG69p0FJ8","file_size":153522,"width":2000,"height":1200}]}}
{"ok":true,"result":{"message_id":6351,"sender_chat":{"id":-1001921335158,"title":"\ud83d\udc0d\ud83d\udce9\ud83d\udc0d G4 status \ud83d\udc0d\ud83d\udce9\ud83d\udc0d","username":"ilmiobotpernotifiche","type":"channel"},"chat":{"id":-1001921335158,"title":"\ud83d\udc0d\ud83d\udce9\ud83d\udc0d G4 status \ud83d\udc0d\ud83d\udce9\ud83d\udc0d","username":"ilmiobotpernotifiche","type":"channel"},"date":1692009430,"text":"Statistics\nEvents processed\n1272000000 / 1800000000\n.ooo00ooo..ooo00ooo.\nF0:  85%  85%  86%  86%  90%  45%  71%  83%  88%  89%  88%  90%  89%  91%  87%  48% \n\nF1:  74%  81%  74%  73%  61%  64%  77%  76%  73%  62%  29%  62%  62%  62%  62%  74%  74%  73%  78%  77%  76%  78%  78% \n\nF2:  20%  43%  18%  28%  30%  34%  29%  41%  32%  32%  31%  18%  30%  35%  20%  29%  34%  32%  19%  32%  30%  20% \n\nF3:  71%  100%  100%  100%  100%  100%  100%  100%  100%  100%  100%  100%  73%  100%  76%  100%  100%  100%  100%  100%  77% \n\nF4:  15%  2%  2%  100%  1%  3%  1%  32%  35%  12%  13%  2%  100%  14%  12%  14%  13%  1%  35%  10%  3%  14%  2%  32% \n\nF5:  63%  68%  51%  39%  66%  49%  62%  64%  53%  68%  62%  67%  51%  66%  66%  67%  62%  49%  62%  65%  47% \n\n.ooo00ooo..ooo00ooo.\nTot Percentage: 70.66666666666667\nTime elapsed: 1444.2601885795593 seconds","entities":[{"offset":0,"length":10,"type":"bold"},{"offset":11,"length":16,"type":"bold"},{"offset":28,"length":10,"type":"phone_number"},{"offset":41,"length":10,"type":"phone_number"},{"offset":52,"length":20,"type":"bold"},{"offset":754,"length":20,"type":"bold"},{"offset":775,"length":14,"type":"bold"},{"offset":809,"length":12,"type":"bold"}]}}
<b>Statistics</b>
<b>Events processed</b>
1272000000 / 1800000000
<b>.ooo00ooo..ooo00ooo.</b>
F0:  85%  85%  86%  86%  90%  45%  71%  83%  88%  89%  88%  90%  89%  91%  87%  48% 

F1:  74%  81%  74%  73%  61%  64%  77%  76%  73%  62%  29%  62%  62%  62%  62%  74%  74%  73%  78%  77%  76%  78%  78% 

F2:  20%  43%  18%  28%  30%  34%  29%  41%  32%  32%  31%  18%  30%  35%  20%  29%  34%  32%  19%  32%  30%  20% 

F3:  71%  100%  100%  100%  100%  100%  100%  100%  100%  100%  100%  100%  73%  100%  76%  100%  100%  100%  100%  100%  77% 

F4:  15%  2%  2%  100%  1%  3%  1%  32%  35%  12%  13%  2%  100%  14%  12%  14%  13%  1%  35%  10%  3%  14%  2%  32% 

F5:  63%  68%  51%  39%  66%  49%  62%  64%  53%  68%  62%  67%  51%  66%  66%  67%  62%  49%  62%  65%  47% 

<b>.ooo00ooo..ooo00ooo.</b>
<b>Tot Percentage</b>: 70.66666666666667
<b>Time elapsed</b>:
https://api.telegram.org/bo
https://api.telegram.org/bot6170289274:AAFny2C4lJTWQoX6SUR_p7h1_NRM4rVcgCM/sendPhoto
{"ok":true,"result":{"message_id":6352,"sender_chat":{"id":-1001921335158,"title":"\ud83d\udc0d\ud83d\udce9\ud83d\udc0d G4 status \ud83d\udc0d\ud83d\udce9\ud83d\udc0d","username":"ilmiobotpernotifiche","type":"channel"},"chat":{"id":-1001921335158,"title":"\ud83d\udc0d\ud83d\udce9\ud83d\udc0d G4 status \ud83d\udc0d\ud83d\udce9\ud83d\udc0d","username":"ilmiobotpernotifiche","type":"channel"},"date":1692009432,"photo":[{"file_id":"AgACAgQAAx0EcoU_dgACGNBk2gPYWUv4n_X3A9H4pHRhB7SWDwACGcAxG69p0FIFJNkPnphf6QEAAwIAA3MAAzAE","file_unique_id":"AQADGcAxG69p0FJ4","file_size":899,"width":90,"height":54},{"file_id":"AgACAgQAAx0EcoU_dgACGNBk2gPYWUv4n_X3A9H4pHRhB7SWDwACGcAxG69p0FIFJNkPnphf6QEAAwIAA20AAzAE","file_unique_id":"AQADGcAxG69p0FJy","file_size":11645,"width":320,"height":192},{"file_id":"AgACAgQAAx0EcoU_dgACGNBk2gPYWUv4n_X3A9H4pHRhB7SWDwACGcAxG69p0FIFJNkPnphf6QEAAwIAA3gAAzAE","file_unique_id":"AQADGcAxG69p0FJ9","file_size":45296,"width":800,"height":480},{"file_id":"AgACAgQAAx0EcoU_dgACGNBk2gPYWUv4n_X3A9H4pHRhB7SWDwACGcAxG69p0FIFJNkPnphf6QEAAwIAA3kAAzAE","file_unique_id":"AQADGcAxG69p0FJ-","file_size":87267,"width":1280,"height":768},{"file_id":"AgACAgQAAx0EcoU_dgACGNBk2gPYWUv4n_X3A9H4pHRhB7SWDwACGcAxG69p0FIFJNkPnphf6QEAAwIAA3cAAzAE","file_unique_id":"AQADGcAxG69p0FJ8","file_size":153363,"width":2000,"height":1200}]}}
{"ok":true,"result":{"message_id":6355,"sender_chat":{"id":-1001921335158,"title":"\ud83d\udc0d\ud83d\udce9\ud83d\udc0d G4 status \ud83d\udc0d\ud83d\udce9\ud83d\udc0d","username":"ilmiobotpernotifiche","type":"channel"},"chat":{"id":-1001921335158,"title":"\ud83d\udc0d\ud83d\udce9\ud83d\udc0d G4 status \ud83d\udc0d\ud83d\udce9\ud83d\udc0d","username":"ilmiobotpernotifiche","type":"channel"},"date":1692009550,"text":"Statistics\nEvents processed\n1524000000 / 1800000000\n.ooo00ooo..ooo00ooo.\nF0:  100%  100%  100%  100%  100%  62%  94%  100%  100%  100%  100%  7%  100%  100%  100%  100%  67% \n\nF1:  95%  2%  97%  96%  82%  85%  99%  99%  97%  83%  41%  83%  83%  84%  84%  98%  98%  97%  100%  99%  99%  100%  100% \n\nF2:  39%  60%  37%  49%  51%  54%  50%  58%  52%  52%  48%  37%  51%  7%  55%  39%  50%  54%  53%  38%  53%  50%  39% \n\nF3:  100%  100%  100%  100%  100%  100%  100%  13%  100%  100%  100%  100%  100%  5%  15%  100%  7%  100%  100%  100%  100%  100%  9% \n\nF4:  34%  20%  20%  18%  19%  21%  18%  45%  49%  31%  32%  20%  18%  33%  31%  33%  32%  18%  49%  29%  21%  33%  20%  46% \n\nF5:  87%  91%  72%  59%  9%  89%  70%  86%  87%  75%  91%  86%  9%  90%  73%  89%  89%  91%  86%  71%  86%  88%  66% \n\n.ooo00ooo..ooo00ooo.\nTot Percentage: 84.66666666666667\nTime elapsed: 1564.4351694583893 seconds","entities":[{"offset":0,"length":10,"type":"bold"},{"offset":11,"length":16,"type":"bold"},{"offset":28,"length":10,"type":"phone_number"},{"offset":41,"length":10,"type":"phone_number"},{"offset":52,"length":20,"type":"bold"},{"offset":800,"length":20,"type":"bold"},{"offset":821,"length":14,"type":"bold"},{"offset":855,"length":12,"type":"bold"}]}}
<b>Statistics</b>
<b>Events processed</b>
1524000000 / 1800000000
<b>.ooo00ooo..ooo00ooo.</b>
F0:  100%  100%  100%  100%  100%  62%  94%  100%  100%  100%  100%  7%  100%  100%  100%  100%  67% 

F1:  95%  2%  97%  96%  82%  85%  99%  99%  97%  83%  41%  83%  83%  84%  84%  98%  98%  97%  100%  99%  99%  100%  100% 

F2:  39%  60%  37%  49%  51%  54%  50%  58%  52%  52%  48%  37%  51%  7%  55%  39%  50%  54%  53%  38%  53%  50%  39% 

F3:  100%  100%  100%  100%  100%  100%  100%  13%  100%  100%  100%  100%  100%  5%  15%  100%  7%  100%  100%  100%  100%  100%  9% 

F4:  34%  20%  20%  18%  19%  21%  18%  45%  49%  31%  32%  20%  18%  33%  31%  33%  32%  18%  49%  29%  21%  33%  20%  46% 

F5:  87%  91%  72%  59%  9%  89%  70%  86%  87%  75%  91%  86%  9%  90%  73%  89%  89%  91%  86%  71%  86%  88%  66% 

<b>.ooo00ooo..ooo00ooo.</b>
<b>Tot Percentage</b>: 84.66666666666667
<b>Time elapsed</b>: 1564.4351694583893 seconds

https://api.telegram.org/bot6170289274:AAFny2C4lJTWQoX6SUR_p7h1_NRM4rVcgCM/sendPhoto
{"ok":true,"result":{"message_id":6356,"sender_chat":{"id":-1001921335158,"title":"\ud83d\udc0d\ud83d\udce9\ud83d\udc0d G4 status \ud83d\udc0d\ud83d\udce9\ud83d\udc0d","username":"ilmiobotpernotifiche","type":"channel"},"chat":{"id":-1001921335158,"title":"\ud83d\udc0d\ud83d\udce9\ud83d\udc0d G4 status \ud83d\udc0d\ud83d\udce9\ud83d\udc0d","username":"ilmiobotpernotifiche","type":"channel"},"date":1692009552,"photo":[{"file_id":"AgACAgQAAx0EcoU_dgACGNRk2gRQAnmmgwJnKHfVpJ-VbCOquAACG8AxG69p0FKpkhsXBkA4FAEAAwIAA3MAAzAE","file_unique_id":"AQADG8AxG69p0FJ4","file_size":893,"width":90,"height":54},{"file_id":"AgACAgQAAx0EcoU_dgACGNRk2gRQAnmmgwJnKHfVpJ-VbCOquAACG8AxG69p0FKpkhsXBkA4FAEAAwIAA20AAzAE","file_unique_id":"AQADG8AxG69p0FJy","file_size":11872,"width":320,"height":192},{"file_id":"AgACAgQAAx0EcoU_dgACGNRk2gRQAnmmgwJnKHfVpJ-VbCOquAACG8AxG69p0FKpkhsXBkA4FAEAAwIAA3gAAzAE","file_unique_id":"AQADG8AxG69p0FJ9","file_size":46071,"width":800,"height":480},{"file_id":"AgACAgQAAx0EcoU_dgACGNRk2gRQAnmmgwJnKHfVpJ-VbCOquAACG8AxG69p0FKpkhsXBkA4FAEAAwIAA3kAAzAE","file_unique_id":"AQADG8AxG69p0FJ-","file_size":83966,"width":1280,"height":768},{"file_id":"AgACAgQAAx0EcoU_dgACGNRk2gRQAnmmgwJnKHfVpJ-VbCOquAACG8AxG69p0FKpkhsXBkA4FAEAAwIAA3cAAzAE","file_unique_id":"AQADG8AxG69p0FJ8","file_size":158051,"width":2000,"height":1200}]}}
{"ok":true,"result":{"message_id":6359,"sender_chat":{"id":-1001921335158,"title":"\ud83d\udc0d\ud83d\udce9\ud83d\udc0d G4 status \ud83d\udc0d\ud83d\udce9\ud83d\udc0d","username":"ilmiobotpernotifiche","type":"channel"},"chat":{"id":-1001921335158,"title":"\ud83d\udc0d\ud83d\udce9\ud83d\udc0d G4 status \ud83d\udc0d\ud83d\udce9\ud83d\udc0d","username":"ilmiobotpernotifiche","type":"channel"},"date":1692009670,"text":"Statistics\nEvents processed\n1710000000 / 1800000000\n.ooo00ooo..ooo00ooo.\nF0:  100%  100%  18%  100%  100%  100%  80%  100%  100%  100%  100%  100%  26%  100%  100%  100%  100%  9%  87%  7% \n\nF1:  12%  20%  15%  14%  5%  3%  5%  16%  16%  14%  3%  53%  3%  4%  4%  4%  15%  15%  14%  17%  16%  16%  11%  5%  17%  17% \n\nF2:  58%  77%  56%  69%  72%  75%  71%  76%  73%  73%  65%  57%  72%  24%  76%  58%  71%  76%  74%  58%  73%  71%  16%  58% \n\nF3:  33%  100%  100%  100%  100%  100%  100%  41%  100%  100%  100%  100%  100%  39%  45%  14%  100%  42%  100%  100%  100%  100%  100%  44% \n\nF4:  54%  14%  38%  38%  37%  37%  39%  36%  58%  63%  51%  51%  38%  36%  53%  50%  53%  51%  13%  13%  37%  63%  48%  39%  52%  38%  61% \n\nF5:  100%  100%  94%  79%  29%  100%  90%  100%  100%  97%  100%  100%  19%  29%  100%  95%  100%  100%  100%  9%  100%  93%  100%  100%  85% \n\n.ooo00ooo..ooo00ooo.\nTot Percentage: 95.0\nTime elapsed: 1684.475692987442 seconds","entities":[{"offset":0,"length":10,"type":"bold"},{"offset":11,"length":16,"type":"bold"},{"offset":28,"length":10,"type":"phone_number"},{"offset":41,"length":10,"type":"phone_number"},{"offset":52,"length":20,"type":"bold"},{"offset":872,"length":20,"type":"bold"},{"offset":893,"length":14,"type":"bold"},{"offset":914,"length":12,"type":"bold"}]}}
<b>Statistics</b>
<b>Events processed</b>
1710000000 / 1800000000
<b>.ooo00ooo..ooo00ooo.</b>
F0:  100%  100%  18%  100%  100%  100%  80%  100%  100%  100%  100%  100%  26%  100%  100%  100%  100%  9%  87%  7% 

F1:  12%  20%  15%  14%  5%  3%  5%  16%  16%  14%  3%  53%  3%  4%  4%  4%  15%  15%  14%  17%  16%  16%  11%  5%  17%  17% 

F2:  58%  77%  56%  69%  72%  75%  71%  76%  73%  73%  65%  57%  72%  24%  76%  58%  71%  76%  74%  58%  73%  71%  16%  58% 

F3:  33%  100%  100%  100%  100%  100%  100%  41%  100%  100%  100%  100%  100%  39%  45%  14%  100%  42%  100%  100%  100%  100%  100%  44% 

F4:  54%  14%  38%  38%  37%  37%  39%  36%  58%  63%  51%  51%  38%  36%  53%  50%  53%  51%  13%  13%  37%  63%  48%  39%  52%  38%  61% 

F5:  100%  100%  94%  79%  29%  100%  90%  100%  100%  97%  100%  100%  19%  29%  100%  95%  100%  100%  100%  9%  100%  93%  100%  100%  85% 

<b>.ooo00ooo..ooo00ooo.</b>
<b>Tot Percentage</b>: 95.0
<b>Time elapsed</b>: 1684.475692987442 seconds

https://api.telegr
{"ok":true,"result":{"message_id":6358,"sender_chat":{"id":-1001921335158,"title":"\ud83d\udc0d\ud83d\udce9\ud83d\udc0d G4 status \ud83d\udc0d\ud83d\udce9\ud83d\udc0d","username":"ilmiobotpernotifiche","type":"channel"},"chat":{"id":-1001921335158,"title":"\ud83d\udc0d\ud83d\udce9\ud83d\udc0d G4 status \ud83d\udc0d\ud83d\udce9\ud83d\udc0d","username":"ilmiobotpernotifiche","type":"channel"},"date":1692009634,"photo":[{"file_id":"AgACAgQAAx0EcoU_dgACGNZk2gSh33n5NER-VJDDZQFVHwUGiQACHMAxG69p0FLzPlGh_enETQEAAwIAA3MAAzAE","file_unique_id":"AQADHMAxG69p0FJ4","file_size":797,"width":90,"height":54},{"file_id":"AgACAgQAAx0EcoU_dgACGNZk2gSh33n5NER-VJDDZQFVHwUGiQACHMAxG69p0FLzPlGh_enETQEAAwIAA20AAzAE","file_unique_id":"AQADHMAxG69p0FJy","file_size":10162,"width":320,"height":192},{"file_id":"AgACAgQAAx0EcoU_dgACGNZk2gSh33n5NER-VJDDZQFVHwUGiQACHMAxG69p0FLzPlGh_enETQEAAwIAA3gAAzAE","file_unique_id":"AQADHMAxG69p0FJ9","file_size":39027,"width":800,"height":480},{"file_id":"AgACAgQAAx0EcoU_dgACGNZk2gSh33n5NER-VJDDZQFVHwUGiQACHMAxG69p0FLzPlGh_enETQEAAwIAA3kAAzAE","file_unique_id":"AQADHMAxG69p0FJ-","file_size":72357,"width":1280,"height":768},{"file_id":"AgACAgQAAx0EcoU_dgACGNZk2gSh33n5NER-VJDDZQFVHwUGiQACHMAxG69p0FLzPlGh_enETQEAAwIAA3cAAzAE","file_unique_id":"AQADHMAxG69p0FJ8","file_size":123075,"width":2000,"height":1200}]}}
{"ok":true,"result":{"message_id":6361,"sender_chat":{"id":-1001921335158,"title":"\ud83d\udc0d\ud83d\udce9\ud83d\udc0d G4 status \ud83d\udc0d\ud83d\udce9\ud83d\udc0d","username":"ilmiobotpernotifiche","type":"channel"},"chat":{"id":-1001921335158,"title":"\ud83d\udc0d\ud83d\udce9\ud83d\udc0d G4 status \ud83d\udc0d\ud83d\udce9\ud83d\udc0d","username":"ilmiobotpernotifiche","type":"channel"},"date":1692009751,"text":"Statistics\nEvents processed\n1788000000 / 1800000000\n.ooo00ooo..ooo00ooo.\nF0:  100%  100%  31%  100%  100%  11%  100%  92%  2%  100%  100%  100%  100%  11%  100%  38%  11%  100%  100%  12%  100%  100%  21%  99%  19% \n\nF1:  23%  31%  25%  24%  13%  13%  1%  15%  27%  26%  25%  14%  60%  7%  14%  14%  14%  15%  25%  26%  25%  28%  27%  27%  19%  12%  28%  28%  7% \n\nF2:  71%  88%  2%  69%  83%  85%  90%  84%  87%  86%  86%  76%  71%  85%  35%  11%  90%  71%  84%  90%  87%  70%  87%  85%  27%  71% \n\nF3:  55%  100%  100%  100%  100%  100%  100%  60%  100%  100%  100%  100%  100%  62%  65%  35%  100%  65%  100%  100%  100%  19%  100%  100%  67% \n\nF4:  66%  23%  50%  51%  49%  49%  51%  48%  2%  67%  72%  63%  64%  50%  48%  65%  63%  66%  64%  22%  23%  48%  72%  61%  51%  64%  50%  70% \n\nF5:  100%  100%  100%  93%  43%  100%  3%  100%  100%  100%  100%  100%  33%  43%  100%  100%  100%  100%  100%  21%  100%  100%  12%  100%  100%  98% \n\n.ooo00ooo..ooo00ooo.\nTot Percentage: 99.33333333333333\nTime elapsed: 1803.2538015842438 seconds","entities":[{"offset":0,"length":10,"type":"bold"},{"offset":11,"length":16,"type":"bold"},{"offset":28,"length":10,"type":"phone_number"},{"offset":41,"length":10,"type":"phone_number"},{"offset":52,"length":20,"type":"bold"},{"offset":946,"length":20,"type":"bold"},{"offset":967,"length":14,"type":"bold"},{"offset":1001,"length":12,"type":"bold"}]}}
<b>Statistics</b>
<b>Events processed</b>
1788000000 / 1800000000
<b>.ooo00ooo..ooo00ooo.</b>
F0:  100%  100%  31%  100%  100%  11%  100%  92%  2%  100%  100%  100%  100%  11%  100%  38%  11%  100%  100%  12%  100%  100%  21%  99%  19% 

F1:  23%  31%  25%  24%  13%  13%  1%  15%  27%  26%  25%  14%  60%  7%  14%  14%  14%  15%  25%  26%  25%  28%  27%  27%  19%  12%  28%  28%  7% 

F2:  71%  88%  2%  69%  83%  85%  90%  84%  87%  86%  86%  76%  71%  85%  35%  11%  90%  71%  84%  90%  87%  70%  87%  85%  27%  71% 

F3:  55%  100%  100%  100%  100%  100%  100%  60%  100%  100%  100%  100%  100%  62%  65%  35%  100%  65%  100%  100%  100%  19%  100%  100%  67% 

F4:  66%  23%  50%  51%  49%  49%  51%  48%  2%  67%  72%  63%  64%  50%  48%  65%  63%  66%  64%  22%  23%  48%  72%  61%  51%  64%  50%  70% 

F5:  100%  100%  100%  93%  43%  100%  3%  100%  100%  100%  100%  100%  33%  43%  100%  100%  100%  100%  100%  21%  100%  100%  12%  100%  100%  98% 

<b>.ooo00ooo..ooo00ooo.</b>
<b>Tot Percentage</b>: 99.33333333333333
<b>Time elapsed</b>: 1803.2538015842438 seconds

https://api.telegram.org/bot6170289274:AAFny2C4lJTWQoX6SUR_p7h1_NRM4rVcgCM/sendPhoto
{"ok":true,"result":{"message_id":6362,"sender_chat":{"id":-1001921335158,"title":"\ud83d\udc0d\ud83d\udce9\ud83d\udc0d G4 status \ud83d\udc0d\ud83d\udce9\ud83d\udc0d","username":"ilmiobotpernotifiche","type":"channel"},"chat":{"id":-1001921335158,"title":"\ud83d\udc0d\ud83d\udce9\ud83d\udc0d G4 status \ud83d\udc0d\ud83d\udce9\ud83d\udc0d","username":"ilmiobotpernotifiche","type":"channel"},"date":1692009754,"photo":[{"file_id":"AgACAgQAAx0EcoU_dgACGNpk2gUaB96gNhYLU1pD_NgL-VNq_QACHsAxG69p0FJZ6cLRRh81SAEAAwIAA3MAAzAE","file_unique_id":"AQADHsAxG69p0FJ4","file_size":785,"width":90,"height":54},{"file_id":"AgACAgQAAx0EcoU_dgACGNpk2gUaB96gNhYLU1pD_NgL-VNq_QACHsAxG69p0FJZ6cLRRh81SAEAAwIAA20AAzAE","file_unique_id":"AQADHsAxG69p0FJy","file_size":9461,"width":320,"height":192},{"file_id":"AgACAgQAAx0EcoU_dgACGNpk2gUaB96gNhYLU1pD_NgL-VNq_QACHsAxG69p0FJZ6cLRRh81SAEAAwIAA3gAAzAE","file_unique_id":"AQADHsAxG69p0FJ9","file_size":34901,"width":800,"height":480},{"file_id":"AgACAgQAAx0EcoU_dgACGNpk2gUaB96gNhYLU1pD_NgL-VNq_QACHsAxG69p0FJZ6cLRRh81SAEAAwIAA3kAAzAE","file_unique_id":"AQADHsAxG69p0FJ-","file_size":65788,"width":1280,"height":768},{"file_id":"AgACAgQAAx0EcoU_dgACGNpk2gUaB96gNhYLU1pD_NgL-VNq_QACHsAxG69p0FJZ6cLRRh81SAEAAwIAA3cAAzAE","file_unique_id":"AQADHsAxG69p0FJ8","file_size":112712,"width":2000,"height":1200}]}}
{"ok":true,"result":{"message_id":6364,"sender_chat":{"id":-1001921335158,"title":"\ud83d\udc0d\ud83d\udce9\ud83d\udc0d G4 status \ud83d\udc0d\ud83d\udce9\ud83d\udc0d","username":"ilmiobotpernotifiche","type":"channel"},"chat":{"id":-1001921335158,"title":"\ud83d\udc0d\ud83d\udce9\ud83d\udc0d G4 status \ud83d\udc0d\ud83d\udce9\ud83d\udc0d","username":"ilmiobotpernotifiche","type":"channel"},"date":1692009765,"text":"Finished"}}
