000 (8620.000.000) 2023-08-21 18:34:10 Job submitted from host: <90.147.8.111:9618?addrs=90.147.8.111-9618&alias=ams&noUDP&sock=schedd_3306931_2f8d>
...
040 (8620.000.000) 2023-08-21 18:34:28 Started transferring input files
	Transferring to host: <192.168.100.101:9618?addrs=192.168.100.101-9618&alias=node02&noUDP&sock=slot5_102123_a452_2939>
...
040 (8620.000.000) 2023-08-21 18:34:28 Finished transferring input files
...
001 (8620.000.000) 2023-08-21 18:34:29 Job executing on host: <192.168.100.101:9618?addrs=192.168.100.101-9618&alias=node02&noUDP&sock=startd_102084_b624>
	SlotName: slot5@node02
	CondorScratchDir = "/home/spool/lib/condor/execute/dir_92048"
	Cpus = 1
	Disk = 1873362
	Memory = 2006
...
006 (8620.000.000) 2023-08-21 18:34:38 Image size of job updated: 1
	0  -  MemoryUsage of job (MB)
	0  -  ResidentSetSize of job (KB)
...
006 (8620.000.000) 2023-08-21 18:37:20 Image size of job updated: 127240
	54  -  MemoryUsage of job (MB)
	54936  -  ResidentSetSize of job (KB)
...
005 (8620.000.000) 2023-08-21 18:37:20 Job terminated.
	(1) Normal termination (return value 0)
		Usr 0 00:00:00, Sys 0 00:00:00  -  Run Remote Usage
		Usr 0 00:00:00, Sys 0 00:00:00  -  Run Local Usage
		Usr 0 00:00:00, Sys 0 00:00:00  -  Total Remote Usage
		Usr 0 00:00:00, Sys 0 00:00:00  -  Total Local Usage
	0  -  Run Bytes Sent By Job
	473  -  Run Bytes Received By Job
	0  -  Total Bytes Sent By Job
	473  -  Total Bytes Received By Job
	Partitionable Resources :    Usage  Request Allocated 
	   Cpus                 :     1.00        1         1 
	   Disk (KB)            :    22           1   1873362 
	   Memory (MB)          :    54           1      2006 

	Job terminated of its own accord at 2023-08-21T16:37:20Z with exit-code 0.
...
