000 (8591.000.000) 2023-08-21 18:34:09 Job submitted from host: <90.147.8.111:9618?addrs=90.147.8.111-9618&alias=ams&noUDP&sock=schedd_3306931_2f8d>
...
040 (8591.000.000) 2023-08-21 18:34:28 Started transferring input files
	Transferring to host: <192.168.100.3:9618?addrs=192.168.100.3-9618&alias=node03&noUDP&sock=slot24_56810_88bf_3301>
...
040 (8591.000.000) 2023-08-21 18:34:28 Finished transferring input files
...
001 (8591.000.000) 2023-08-21 18:34:31 Job executing on host: <192.168.100.3:9618?addrs=192.168.100.3-9618&alias=node03&noUDP&sock=startd_56773_2261>
	SlotName: slot24@node03
...
006 (8591.000.000) 2023-08-21 18:34:40 Image size of job updated: 424028
	24  -  MemoryUsage of job (MB)
	24368  -  ResidentSetSize of job (KB)
...
006 (8591.000.000) 2023-08-21 18:38:01 Image size of job updated: 466276
	24  -  MemoryUsage of job (MB)
	24368  -  ResidentSetSize of job (KB)
...
005 (8591.000.000) 2023-08-21 18:38:01 Job terminated.
	(1) Normal termination (return value 0)
		Usr 0 00:03:22, Sys 0 00:00:01  -  Run Remote Usage
		Usr 0 00:00:00, Sys 0 00:00:00  -  Run Local Usage
		Usr 0 00:03:22, Sys 0 00:00:01  -  Total Remote Usage
		Usr 0 00:00:00, Sys 0 00:00:00  -  Total Local Usage
	0  -  Run Bytes Sent By Job
	475  -  Run Bytes Received By Job
	0  -  Total Bytes Sent By Job
	475  -  Total Bytes Received By Job
	Partitionable Resources :    Usage  Request Allocated 
	   Cpus                 :     0.99        1         1 
	   Disk (KB)            :    22           1   4077838 
	   Memory (MB)          :    24           1      2000 

	Job terminated of its own accord at 2023-08-21T16:38:01Z with exit-code 0.
...
