000 (8574.000.000) 2023-08-21 18:34:08 Job submitted from host: <90.147.8.111:9618?addrs=90.147.8.111-9618&alias=ams&noUDP&sock=schedd_3306931_2f8d>
...
040 (8574.000.000) 2023-08-21 18:34:28 Started transferring input files
	Transferring to host: <192.168.100.3:9618?addrs=192.168.100.3-9618&alias=node03&noUDP&sock=slot7_56810_88bf_3306>
...
040 (8574.000.000) 2023-08-21 18:34:28 Finished transferring input files
...
001 (8574.000.000) 2023-08-21 18:34:31 Job executing on host: <192.168.100.3:9618?addrs=192.168.100.3-9618&alias=node03&noUDP&sock=startd_56773_2261>
	SlotName: slot7@node03
...
006 (8574.000.000) 2023-08-21 18:34:40 Image size of job updated: 463072
	64  -  MemoryUsage of job (MB)
	64920  -  ResidentSetSize of job (KB)
...
006 (8574.000.000) 2023-08-21 18:37:59 Image size of job updated: 466276
	64  -  MemoryUsage of job (MB)
	64920  -  ResidentSetSize of job (KB)
...
005 (8574.000.000) 2023-08-21 18:37:59 Job terminated.
	(1) Normal termination (return value 0)
		Usr 0 00:03:26, Sys 0 00:00:00  -  Run Remote Usage
		Usr 0 00:00:00, Sys 0 00:00:00  -  Run Local Usage
		Usr 0 00:03:26, Sys 0 00:00:00  -  Total Remote Usage
		Usr 0 00:00:00, Sys 0 00:00:00  -  Total Local Usage
	0  -  Run Bytes Sent By Job
	475  -  Run Bytes Received By Job
	0  -  Total Bytes Sent By Job
	475  -  Total Bytes Received By Job
	Partitionable Resources :    Usage  Request Allocated 
	   Cpus                 :     1.00        1         1 
	   Disk (KB)            :    22           1   4077838 
	   Memory (MB)          :    64           1      2000 

	Job terminated of its own accord at 2023-08-21T16:37:59Z with exit-code 0.
...
