000 (8584.000.000) 2023-08-21 18:34:09 Job submitted from host: <90.147.8.111:9618?addrs=90.147.8.111-9618&alias=ams&noUDP&sock=schedd_3306931_2f8d>
...
040 (8584.000.000) 2023-08-21 18:34:28 Started transferring input files
	Transferring to host: <192.168.100.3:9618?addrs=192.168.100.3-9618&alias=node03&noUDP&sock=slot17_56810_88bf_3294>
...
040 (8584.000.000) 2023-08-21 18:34:28 Finished transferring input files
...
001 (8584.000.000) 2023-08-21 18:34:31 Job executing on host: <192.168.100.3:9618?addrs=192.168.100.3-9618&alias=node03&noUDP&sock=startd_56773_2261>
	SlotName: slot17@node03
...
006 (8584.000.000) 2023-08-21 18:34:40 Image size of job updated: 424032
	24  -  MemoryUsage of job (MB)
	24360  -  ResidentSetSize of job (KB)
...
006 (8584.000.000) 2023-08-21 18:38:51 Image size of job updated: 465852
	24  -  MemoryUsage of job (MB)
	24360  -  ResidentSetSize of job (KB)
...
005 (8584.000.000) 2023-08-21 18:38:51 Job terminated.
	(1) Normal termination (return value 0)
		Usr 0 00:04:11, Sys 0 00:00:00  -  Run Remote Usage
		Usr 0 00:00:00, Sys 0 00:00:00  -  Run Local Usage
		Usr 0 00:04:11, Sys 0 00:00:00  -  Total Remote Usage
		Usr 0 00:00:00, Sys 0 00:00:00  -  Total Local Usage
	0  -  Run Bytes Sent By Job
	490  -  Run Bytes Received By Job
	0  -  Total Bytes Sent By Job
	490  -  Total Bytes Received By Job
	Partitionable Resources :    Usage  Request Allocated 
	   Cpus                 :     0.98        1         1 
	   Disk (KB)            :    22           1   4077838 
	   Memory (MB)          :    24           1      2000 

	Job terminated of its own accord at 2023-08-21T16:38:51Z with exit-code 0.
...
