000 (8569.000.000) 2023-08-21 18:34:07 Job submitted from host: <90.147.8.111:9618?addrs=90.147.8.111-9618&alias=ams&noUDP&sock=schedd_3306931_2f8d>
...
040 (8569.000.000) 2023-08-21 18:34:07 Started transferring input files
	Transferring to host: <192.168.100.3:9618?addrs=192.168.100.3-9618&alias=node03&noUDP&sock=slot1_56810_88bf_3292>
...
040 (8569.000.000) 2023-08-21 18:34:07 Finished transferring input files
...
001 (8569.000.000) 2023-08-21 18:34:08 Job executing on host: <192.168.100.3:9618?addrs=192.168.100.3-9618&alias=node03&noUDP&sock=startd_56773_2261>
	SlotName: slot1@node03
...
000 (8630.000.000) 2023-08-21 18:34:11 Job submitted from host: <90.147.8.111:9618?addrs=90.147.8.111-9618&alias=ams&noUDP&sock=schedd_3306931_2f8d>
...
006 (8569.000.000) 2023-08-21 18:34:17 Image size of job updated: 44132
	44  -  MemoryUsage of job (MB)
	44132  -  ResidentSetSize of job (KB)
...
040 (8630.000.000) 2023-08-21 18:34:28 Started transferring input files
	Transferring to host: <192.168.100.3:9618?addrs=192.168.100.3-9618&alias=node03&noUDP&sock=slot2_56810_88bf_3293>
...
040 (8630.000.000) 2023-08-21 18:34:28 Finished transferring input files
...
001 (8630.000.000) 2023-08-21 18:34:31 Job executing on host: <192.168.100.3:9618?addrs=192.168.100.3-9618&alias=node03&noUDP&sock=startd_56773_2261>
	SlotName: slot2@node03
...
006 (8630.000.000) 2023-08-21 18:34:40 Image size of job updated: 467264
	44  -  MemoryUsage of job (MB)
	44132  -  ResidentSetSize of job (KB)
...
006 (8630.000.000) 2023-08-21 18:38:34 Image size of job updated: 635708
	44  -  MemoryUsage of job (MB)
	44132  -  ResidentSetSize of job (KB)
...
005 (8630.000.000) 2023-08-21 18:38:34 Job terminated.
	(1) Normal termination (return value 0)
		Usr 0 00:01:36, Sys 0 00:00:59  -  Run Remote Usage
		Usr 0 00:00:00, Sys 0 00:00:00  -  Run Local Usage
		Usr 0 00:01:36, Sys 0 00:00:59  -  Total Remote Usage
		Usr 0 00:00:00, Sys 0 00:00:00  -  Total Local Usage
	0  -  Run Bytes Sent By Job
	278  -  Run Bytes Received By Job
	0  -  Total Bytes Sent By Job
	278  -  Total Bytes Received By Job
	Partitionable Resources :    Usage  Request Allocated 
	   Cpus                 :     0.54        1         1 
	   Disk (KB)            :    21           1   4077838 
	   Memory (MB)          :    44           1      2000 

	Job terminated of its own accord at 2023-08-21T16:38:34Z with exit-code 0.
...
006 (8569.000.000) 2023-08-21 18:38:34 Image size of job updated: 635536
	44  -  MemoryUsage of job (MB)
	44132  -  ResidentSetSize of job (KB)
...
005 (8569.000.000) 2023-08-21 18:38:34 Job terminated.
	(1) Normal termination (return value 0)
		Usr 0 00:01:04, Sys 0 00:00:35  -  Run Remote Usage
		Usr 0 00:00:00, Sys 0 00:00:00  -  Run Local Usage
		Usr 0 00:01:04, Sys 0 00:00:35  -  Total Remote Usage
		Usr 0 00:00:00, Sys 0 00:00:00  -  Total Local Usage
	0  -  Run Bytes Sent By Job
	278  -  Run Bytes Received By Job
	0  -  Total Bytes Sent By Job
	278  -  Total Bytes Received By Job
	Partitionable Resources :    Usage  Request Allocated 
	   Cpus                 :     0.00        1         1 
	   Disk (KB)            :    21           1   4077838 
	   Memory (MB)          :    44           1      2000 

	Job terminated of its own accord at 2023-08-21T16:38:34Z with exit-code 0.
...
