000 (8614.000.000) 2023-08-21 18:34:10 Job submitted from host: <90.147.8.111:9618?addrs=90.147.8.111-9618&alias=ams&noUDP&sock=schedd_3306931_2f8d>
...
040 (8614.000.000) 2023-08-21 18:34:30 Started transferring input files
	Transferring to host: <192.168.100.3:9618?addrs=192.168.100.3-9618&alias=node03&noUDP&sock=slot47_56810_88bf_3338>
...
040 (8614.000.000) 2023-08-21 18:34:30 Finished transferring input files
...
001 (8614.000.000) 2023-08-21 18:34:31 Job executing on host: <192.168.100.3:9618?addrs=192.168.100.3-9618&alias=node03&noUDP&sock=startd_56773_2261>
	SlotName: slot47@node03
...
006 (8614.000.000) 2023-08-21 18:34:40 Image size of job updated: 460368
	61  -  MemoryUsage of job (MB)
	62112  -  ResidentSetSize of job (KB)
...
006 (8614.000.000) 2023-08-21 18:38:28 Image size of job updated: 463460
	61  -  MemoryUsage of job (MB)
	62112  -  ResidentSetSize of job (KB)
...
005 (8614.000.000) 2023-08-21 18:38:28 Job terminated.
	(1) Normal termination (return value 0)
		Usr 0 00:03:53, Sys 0 00:00:00  -  Run Remote Usage
		Usr 0 00:00:00, Sys 0 00:00:00  -  Run Local Usage
		Usr 0 00:03:53, Sys 0 00:00:00  -  Total Remote Usage
		Usr 0 00:00:00, Sys 0 00:00:00  -  Total Local Usage
	0  -  Run Bytes Sent By Job
	490  -  Run Bytes Received By Job
	0  -  Total Bytes Sent By Job
	490  -  Total Bytes Received By Job
	Partitionable Resources :    Usage  Request Allocated 
	   Cpus                 :     1.00        1         1 
	   Disk (KB)            :    22           1   4077838 
	   Memory (MB)          :    61           1      2000 

	Job terminated of its own accord at 2023-08-21T16:38:28Z with exit-code 0.
...
