Ciao! I'm monitoring
Entering in Monitoring
TotNumberEvents_computed 18000000
['e-', 'proton', 'alpha']
{"ok":true,"result":{"message_id":10904,"sender_chat":{"id":-1001921335158,"title":"\ud83d\udc0d\ud83d\udce9\ud83d\udc0d G4 status \ud83d\udc0d\ud83d\udce9\ud83d\udc0d","username":"ilmiobotpernotifiche","type":"channel"},"chat":{"id":-1001921335158,"title":"\ud83d\udc0d\ud83d\udce9\ud83d\udc0d G4 status \ud83d\udc0d\ud83d\udce9\ud83d\udc0d","username":"ilmiobotpernotifiche","type":"channel"},"date":1692635669,"text":"Statistics\nEvents processed\n0 / 18000000\n.ooo00ooo..ooo00ooo.\nF0:  -  -  -  -  -  -  -  -  -  - \n\nF1:  -  -  -  -  -  -  -  -  -  - \n\nF2:  -  -  -  -  -  -  -  -  -  - \n\nF3:  -  -  -  -  -  -  -  -  -  - \n\nF4:  -  -  -  -  -  -  -  -  -  - \n\nF5:  -  -  -  -  -  -  -  -  -  - \n\n.ooo00ooo..ooo00ooo.\nTot Percentage: 0.0\nTime elapsed: 20.000550985336304 seconds","entities":[{"offset":0,"length":10,"type":"bold"},{"offset":11,"length":16,"type":"bold"},{"offset":41,"length":20,"type":"bold"},{"offset":278,"length":20,"type":"bold"},{"offset":299,"length":14,"type":"bold"},{"offset":319,"length":12,"type":"bold"}]}}
<b>Statistics</b>
<b>Events processed</b>
0 / 18000000
<b>.ooo00ooo..ooo00ooo.</b>
F0:  -  -  -  -  -  -  -  -  -  - 

F1:  -  -  -  -  -  -  -  -  -  - 

F2:  -  -  -  -  -  -  -  -  -  - 

F3:  -  -  -  -  -  -  -  -  -  - 

F4:  -  -  -  -  -  -  -  -  -  - 

F5:  -  -  -  -  -  -  -  -  -  - 

<b>.ooo00ooo..ooo00ooo.</b>
<b>Tot Percentage</b>: 0.0
<b>Time elapsed</b>: 20.000550985336304 seconds

{"ok":true,"result":{"message_id":10905,"sender_chat":{"id":-1001921335158,"title":"\ud83d\udc0d\ud83d\udce9\ud83d\udc0d G4 status \ud83d\udc0d\ud83d\udce9\ud83d\udc0d","username":"ilmiobotpernotifiche","type":"channel"},"chat":{"id":-1001921335158,"title":"\ud83d\udc0d\ud83d\udce9\ud83d\udc0d G4 status \ud83d\udc0d\ud83d\udce9\ud83d\udc0d","username":"ilmiobotpernotifiche","type":"channel"},"date":1692635689,"text":"Statistics\nEvents processed\n0 / 18000000\n.ooo00ooo..ooo00ooo.\nF0:  -  -  -  -  -  -  -  -  -  - \n\nF1:  -  -  -  -  -  -  -  -  -  - \n\nF2:  -  -  -  -  -  -  -  -  -  - \n\nF3:  -  -  -  -  -  -  -  -  -  - \n\nF4:  -  -  -  -  -  -  -  -  -  - \n\nF5:  -  -  -  -  -  -  -  -  -  - \n\n.ooo00ooo..ooo00ooo.\nTot Percentage: 0.0\nTime elapsed: 40.001771450042725 seconds","entities":[{"offset":0,"length":10,"type":"bold"},{"offset":11,"length":16,"type":"bold"},{"offset":41,"length":20,"type":"bold"},{"offset":278,"length":20,"type":"bold"},{"offset":299,"length":14,"type":"bold"},{"offset":319,"length":12,"type":"bold"}]}}
<b>Statistics</b>
<b>Events processed</b>
0 / 18000000
<b>.ooo00ooo..ooo00ooo.</b>
F0:  -  -  -  -  -  -  -  -  -  - 

F1:  -  -  -  -  -  -  -  -  -  - 

F2:  -  -  -  -  -  -  -  -  -  - 

F3:  -  -  -  -  -  -  -  -  -  - 

F4:  -  -  -  -  -  -  -  -  -  - 

F5:  -  -  -  -  -  -  -  -  -  - 

<b>.ooo00ooo..ooo00ooo.</b>
<b>Tot Percentage</b>: 0.0
<b>Time elapsed</b>: 40.001771450042725 seconds

{"ok":true,"result":{"message_id":10907,"sender_chat":{"id":-1001921335158,"title":"\ud83d\udc0d\ud83d\udce9\ud83d\udc0d G4 status \ud83d\udc0d\ud83d\udce9\ud83d\udc0d","username":"ilmiobotpernotifiche","type":"channel"},"chat":{"id":-1001921335158,"title":"\ud83d\udc0d\ud83d\udce9\ud83d\udc0d G4 status \ud83d\udc0d\ud83d\udce9\ud83d\udc0d","username":"ilmiobotpernotifiche","type":"channel"},"date":1692635709,"text":"Statistics\nEvents processed\n540000 / 18000000\n.ooo00ooo..ooo00ooo.\nF0:  20e%  20e%  30e%  30e%  -  10e%  30e%  20e%  10e%  20e% \n\nF1:  10e%  20e%  10e%  10e%  10e%  -  -  20e%  10e%  10e% \n\nF2:  20e%  10e%  10e%  -  10e%  10e%  10e%  -  20e%  - \n\nF3:  20e%  20e%  20e%  -  30e%  20e%  20e%  30e%  20e%  20e% \n\nF4:  -  30e%  30e%  20e%  -  20e%  -  20e%  20e%  20e% \n\nF5:  -  20e%  -  20e%  10e%  10e%  10e%  20e%  -  - \n\n.ooo00ooo..ooo00ooo.\nTot Percentage: 3.0\nTime elapsed: 60.00396919250488 seconds","entities":[{"offset":0,"length":10,"type":"bold"},{"offset":11,"length":16,"type":"bold"},{"offset":46,"length":20,"type":"bold"},{"offset":421,"length":20,"type":"bold"},{"offset":442,"length":14,"type":"bold"},{"offset":462,"length":12,"type":"bold"},{"offset":479,"length":14,"type":"phone_number"}]}}
<b>Statistics</b>
<b>Events processed</b>
540000 / 18000000
<b>.ooo00ooo..ooo00ooo.</b>
F0:  20e%  20e%  30e%  30e%  -  10e%  30e%  20e%  10e%  20e% 

F1:  10e%  20e%  10e%  10e%  10e%  -  -  20e%  10e%  10e% 

F2:  20e%  10e%  10e%  -  10e%  10e%  10e%  -  20e%  - 

F3:  20e%  20e%  20e%  -  30e%  20e%  20e%  30e%  20e%  20e% 

F4:  -  30e%  30e%  20e%  -  20e%  -  20e%  20e%  20e% 

F5:  -  20e%  -  20e%  10e%  10e%  10e%  20e%  -  - 

<b>.ooo00ooo..ooo00ooo.</b>
<b>Tot Percentage</b>: 3.0
<b>Time elapsed</b>: 60.00396919250488 seconds

{"ok":true,"result":{"message_id":10909,"sender_chat":{"id":-1001921335158,"title":"\ud83d\udc0d\ud83d\udce9\ud83d\udc0d G4 status \ud83d\udc0d\ud83d\udce9\ud83d\udc0d","username":"ilmiobotpernotifiche","type":"channel"},"chat":{"id":-1001921335158,"title":"\ud83d\udc0d\ud83d\udce9\ud83d\udc0d G4 status \ud83d\udc0d\ud83d\udce9\ud83d\udc0d","username":"ilmiobotpernotifiche","type":"channel"},"date":1692635729,"text":"Statistics\nEvents processed\n1740000 / 18000000\n.ooo00ooo..ooo00ooo.\nF0:  40e%  40e%  50e%  50e%  10e%  40e%  50e%  40e%  40e%  40e% \n\nF1:  30e%  40e%  40e%  40e%  30e%  -  -  40e%  40e%  30e% \n\nF2:  40e%  30e%  30e%  -  30e%  30e%  30e%  -  40e%  - \n\nF3:  40e%  40e%  40e%  10e%  50e%  40e%  40e%  50e%  50e%  40e% \n\nF4:  10e%  50e%  50e%  40e%  10e%  40e%  -  40e%  40e%  40e% \n\nF5:  10e%  50e%  10e%  50e%  40e%  30e%  40e%  40e%  10e%  10e% \n\n.ooo00ooo..ooo00ooo.\nTot Percentage: 9.666666666666666\nTime elapsed: 80.03081011772156 seconds","entities":[{"offset":0,"length":10,"type":"bold"},{"offset":11,"length":16,"type":"bold"},{"offset":47,"length":20,"type":"bold"},{"offset":446,"length":20,"type":"bold"},{"offset":467,"length":14,"type":"bold"},{"offset":501,"length":12,"type":"bold"}]}}
<b>Statistics</b>
<b>Events processed</b>
1740000 / 18000000
<b>.ooo00ooo..ooo00ooo.</b>
F0:  40e%  40e%  50e%  50e%  10e%  40e%  50e%  40e%  40e%  40e% 

F1:  30e%  40e%  40e%  40e%  30e%  -  -  40e%  40e%  30e% 

F2:  40e%  30e%  30e%  -  30e%  30e%  30e%  -  40e%  - 

F3:  40e%  40e%  40e%  10e%  50e%  40e%  40e%  50e%  50e%  40e% 

F4:  10e%  50e%  50e%  40e%  10e%  40e%  -  40e%  40e%  40e% 

F5:  10e%  50e%  10e%  50e%  40e%  30e%  40e%  40e%  10e%  10e% 

<b>.ooo00ooo..ooo00ooo.</b>
<b>Tot Percentage</b>: 9.666666666666666
<b>Time elapsed</b>: 80.03081011772156 seconds

{"ok":true,"result":{"message_id":10918,"sender_chat":{"id":-1001921335158,"title":"\ud83d\udc0d\ud83d\udce9\ud83d\udc0d G4 status \ud83d\udc0d\ud83d\udce9\ud83d\udc0d","username":"ilmiobotpernotifiche","type":"channel"},"chat":{"id":-1001921335158,"title":"\ud83d\udc0d\ud83d\udce9\ud83d\udc0d G4 status \ud83d\udc0d\ud83d\udce9\ud83d\udc0d","username":"ilmiobotpernotifiche","type":"channel"},"date":1692635862,"text":"Statistics\nEvents processed\n16320000 / 18000000\n.ooo00ooo..ooo00ooo.\nF0:  50e%  50e%  60e%  60e%  20e%  40e%  60e%  50e%  40e%  50e% \n\nF1:  40e%  50e%  40e%  40e%  40e%  10e%  10e%  50e%  40e%  40e% \n\nF2:  40e%  30e%  40e%  10e%  40e%  40e%  40e%  -  40e%  10e% \n\nF3:  50e%  50e%  50e%  100a%  50a%  40a%  40a%  50a%  40a%  40a% \n\nF4:  100a%  80a%  80a%  70a%  100a%  60a%  100a%  70a%  60a%  70a% \n\nF5:  90a%  10a%  100a%  10a%  100p%  90p%  100p%  100p%  90a%  100a% \n\n.ooo00ooo..ooo00ooo.\nTot Percentage: 90.66666666666667\nTime elapsed: 212.5457239151001 seconds","entities":[{"offset":0,"length":10,"type":"bold"},{"offset":11,"length":16,"type":"bold"},{"offset":48,"length":20,"type":"bold"},{"offset":471,"length":20,"type":"bold"},{"offset":492,"length":14,"type":"bold"},{"offset":526,"length":12,"type":"bold"}]}}
<b>Statistics</b>
<b>Events processed</b>
16320000 / 18000000
<b>.ooo00ooo..ooo00ooo.</b>
F0:  50e%  50e%  60e%  60e%  20e%  40e%  60e%  50e%  40e%  50e% 

F1:  40e%  50e%  40e%  40e%  40e%  10e%  10e%  50e%  40e%  40e% 

F2:  40e%  30e%  40e%  10e%  40e%  40e%  40e%  -  40e%  10e% 

F3:  50e%  50e%  50e%  100a%  50a%  40a%  40a%  50a%  40a%  40a% 

F4:  100a%  80a%  80a%  70a%  100a%  60a%  100a%  70a%  60a%  70a% 

F5:  90a%  10a%  100a%  10a%  100p%  90p%  100p%  100p%  90a%  100a% 

<b>.ooo00ooo..ooo00ooo.</b>
<b>Tot Percentage</b>: 90.66666666666667
<b>Time elapsed</b>: 212.5457239151001 seconds

https://api.telegram.org/bot6170289274:AAFny2C4lJTWQoX6SUR_p7h1_NRM4rVcgCM/sendPhoto
{"ok":true,"result":{"message_id":10919,"sender_chat":{"id":-1001921335158,"title":"\ud83d\udc0d\ud83d\udce9\ud83d\udc0d G4 status \ud83d\udc0d\ud83d\udce9\ud83d\udc0d","username":"ilmiobotpernotifiche","type":"channel"},"chat":{"id":-1001921335158,"title":"\ud83d\udc0d\ud83d\udce9\ud83d\udc0d G4 status \ud83d\udc0d\ud83d\udce9\ud83d\udc0d","username":"ilmiobotpernotifiche","type":"channel"},"date":1692635864,"photo":[{"file_id":"AgACAgQAAx0EcoU_dgACKqdk45LXU2VuHdad7Z1bxu2E3YfZUwAC-rwxG8FBGVMaZqlNRpTi3gEAAwIAA3MAAzAE","file_unique_id":"AQAD-rwxG8FBGVN4","file_size":787,"width":90,"height":54},{"file_id":"AgACAgQAAx0EcoU_dgACKqdk45LXU2VuHdad7Z1bxu2E3YfZUwAC-rwxG8FBGVMaZqlNRpTi3gEAAwIAA20AAzAE","file_unique_id":"AQAD-rwxG8FBGVNy","file_size":9387,"width":320,"height":192},{"file_id":"AgACAgQAAx0EcoU_dgACKqdk45LXU2VuHdad7Z1bxu2E3YfZUwAC-rwxG8FBGVMaZqlNRpTi3gEAAwIAA3gAAzAE","file_unique_id":"AQAD-rwxG8FBGVN9","file_size":34342,"width":800,"height":480},{"file_id":"AgACAgQAAx0EcoU_dgACKqdk45LXU2VuHdad7Z1bxu2E3YfZUwAC-rwxG8FBGVMaZqlNRpTi3gEAAwIAA3kAAzAE","file_unique_id":"AQAD-rwxG8FBGVN-","file_size":64789,"width":1280,"height":768},{"file_id":"AgACAgQAAx0EcoU_dgACKqdk45LXU2VuHdad7Z1bxu2E3YfZUwAC-rwxG8FBGVMaZqlNRpTi3gEAAwIAA3cAAzAE","file_unique_id":"AQAD-rwxG8FBGVN8","file_size":109019,"width":2000,"height":1200}]}}
{"ok":true,"result":{"message_id":10921,"sender_chat":{"id":-1001921335158,"title":"\ud83d\udc0d\ud83d\udce9\ud83d\udc0d G4 status \ud83d\udc0d\ud83d\udce9\ud83d\udc0d","username":"ilmiobotpernotifiche","type":"channel"},"chat":{"id":-1001921335158,"title":"\ud83d\udc0d\ud83d\udce9\ud83d\udc0d G4 status \ud83d\udc0d\ud83d\udce9\ud83d\udc0d","username":"ilmiobotpernotifiche","type":"channel"},"date":1692635893,"text":"Statistics\nEvents processed\n16440000 / 18000000\n.ooo00ooo..ooo00ooo.\nF0:  100a%  100a%  100a%  100a%  100a%  100a%  100a%  100a%  90a%  100a% \n\nF1:  60a%  80a%  80a%  70a%  60a%  100a%  100a%  80a%  70a%  60a% \n\nF2:  90p%  80p%  90p%  80a%  90p%  80p%  90p%  70a%  90p%  100a% \n\nF3:  100a%  100a%  100a%  100a%  100a%  100a%  100a%  100a%  100a%  100a% \n\nF4:  100a%  100a%  100a%  100a%  100a%  100a%  100a%  100a%  100a%  100a% \n\nF5:  100a%  60a%  100a%  60a%  50a%  50a%  60a%  60a%  100a%  100a% \n\n.ooo00ooo..ooo00ooo.\nTot Percentage: 91.33333333333333\nTime elapsed: 243.53942036628723 seconds","entities":[{"offset":0,"length":10,"type":"bold"},{"offset":11,"length":16,"type":"bold"},{"offset":48,"length":20,"type":"bold"},{"offset":501,"length":20,"type":"bold"},{"offset":522,"length":14,"type":"bold"},{"offset":556,"length":12,"type":"bold"}]}}
<b>Statistics</b>
<b>Events processed</b>
16440000 / 18000000
<b>.ooo00ooo..ooo00ooo.</b>
F0:  100a%  100a%  100a%  100a%  100a%  100a%  100a%  100a%  90a%  100a% 

F1:  60a%  80a%  80a%  70a%  60a%  100a%  100a%  80a%  70a%  60a% 

F2:  90p%  80p%  90p%  80a%  90p%  80p%  90p%  70a%  90p%  100a% 

F3:  100a%  100a%  100a%  100a%  100a%  100a%  100a%  100a%  100a%  100a% 

F4:  100a%  100a%  100a%  100a%  100a%  100a%  100a%  100a%  100a%  100a% 

F5:  100a%  60a%  100a%  60a%  50a%  50a%  60a%  60a%  100a%  100a% 

<b>.ooo00ooo..ooo00ooo.</b>
<b>Tot Percentage</b>: 91.33333333333333
<b>Time elapsed</b>: 243.53942036628723 seconds

{"ok":true,"result":{"message_id":10923,"sender_chat":{"id":-1001921335158,"title":"\ud83d\udc0d\ud83d\udce9\ud83d\udc0d G4 status \ud83d\udc0d\ud83d\udce9\ud83d\udc0d","username":"ilmiobotpernotifiche","type":"channel"},"chat":{"id":-1001921335158,"title":"\ud83d\udc0d\ud83d\udce9\ud83d\udc0d G4 status \ud83d\udc0d\ud83d\udce9\ud83d\udc0d","username":"ilmiobotpernotifiche","type":"channel"},"date":1692635913,"text":"Statistics\nEvents processed\n17880000 / 18000000\n.ooo00ooo..ooo00ooo.\nF0:  100a%  100a%  100a%  100a%  100a%  100a%  100a%  100a%  100a%  100a% \n\nF1:  100a%  100a%  100a%  100a%  100a%  100a%  100a%  100a%  100a%  100a% \n\nF2:  70a%  60a%  60a%  100a%  60a%  50a%  70a%  100a%  70a%  100a% \n\nF3:  100a%  100a%  100a%  100a%  100a%  100a%  100a%  100a%  100a%  100a% \n\nF4:  100a%  100a%  100a%  100a%  100a%  100a%  100a%  100a%  100a%  100a% \n\nF5:  100a%  100a%  100a%  100a%  90a%  90a%  100a%  100a%  100a%  100a% \n\n.ooo00ooo..ooo00ooo.\nTot Percentage: 99.33333333333333\nTime elapsed: 263.53985476493835 seconds","entities":[{"offset":0,"length":10,"type":"bold"},{"offset":11,"length":16,"type":"bold"},{"offset":48,"length":20,"type":"bold"},{"offset":516,"length":20,"type":"bold"},{"offset":537,"length":14,"type":"bold"},{"offset":571,"length":12,"type":"bold"}]}}
<b>Statistics</b>
<b>Events processed</b>
17880000 / 18000000
<b>.ooo00ooo..ooo00ooo.</b>
F0:  100a%  100a%  100a%  100a%  100a%  100a%  100a%  100a%  100a%  100a% 

F1:  100a%  100a%  100a%  100a%  100a%  100a%  100a%  100a%  100a%  100a% 

F2:  70a%  60a%  60a%  100a%  60a%  50a%  70a%  100a%  70a%  100a% 

F3:  100a%  100a%  100a%  100a%  100a%  100a%  100a%  100a%  100a%  100a% 

F4:  100a%  100a%  100a%  100a%  100a%  100a%  100a%  100a%  100a%  100a% 

F5:  100a%  100a%  100a%  100a%  90a%  90a%  100a%  100a%  100a%  100a% 

<b>.ooo00ooo..ooo00ooo.</b>
<b>Tot Percentage</b>: 99.33333333333333
<b>Time elapsed</b>: 263.53985476493835 seconds

{"ok":true,"result":{"message_id":10926,"sender_chat":{"id":-1001921335158,"title":"\ud83d\udc0d\ud83d\udce9\ud83d\udc0d G4 status \ud83d\udc0d\ud83d\udce9\ud83d\udc0d","username":"ilmiobotpernotifiche","type":"channel"},"chat":{"id":-1001921335158,"title":"\ud83d\udc0d\ud83d\udce9\ud83d\udc0d G4 status \ud83d\udc0d\ud83d\udce9\ud83d\udc0d","username":"ilmiobotpernotifiche","type":"channel"},"date":1692635914,"text":"Finished"}}
e9\ud83d\udc0d G4 status \ud83d\udc0d\ud83d\udce9\ud83d\udc0d","username":"ilmiobotpernotifiche","type":"channel"},"chat":{"id":-1001921335158,"title":"\ud83d\udc0d\ud83d\udce9\ud83d\udc0d G4 status \ud83d\udc0d\ud83d\udce9\ud83d\udc0d","username":"ilmiobotpernotifiche","type":"channel"},"date":1692635835,"text":"Statistics\nEvents processed\n12900000 / 18000000\n.ooo00ooo..ooo00ooo.\nF0:  30a%  30a%  40a%  50a%  100a%  20a%  40a%  30a%  10a%  20a% \n\nF1:  90p%  10a%  100p%  90p%  90p%  90a%  80a%  10a%  100p%  90p% \n\nF2:  50p%  40p%  40p%  100p%  40p%  40p%  40p%  90p%  50p%  90p% \n\nF3:  100p%  100p%  100p%  80a%  10a%  100p%  100p%  10a%  100p%  100p% \n\nF4:  100a%  20a%  20a%  20a%  100a%  10a%  90a%  10a%  10a%  10a% \n\nF5:  30a%  70p%  30a%  70p%  60p%  60p%  60p%  60p%  30a%  30a% \n\n.ooo00ooo..ooo00ooo.\nTot Percentage: 71.66666666666667\nTime elapsed: 162.19889378547668 seconds","entities":[{"offset":0,"length":10,"type":"bold"},{"offset":11,"length":16,"type":"bold"},{"offset":48,"length":20,"type":"bold"},{"offset":478,"length":20,"type":"bold"},{"offset":499,"length":14,"type":"bold"},{"offset":533,"length":12,"type":"bold"}]}}
<b>Statistics</b>
<b>Events processed</b>
12900000 / 18000000
<b>.ooo00ooo..ooo00ooo.</b>
F0:  30a%  30a%  40a%  50a%  100a%  20a%  40a%  30a%  10a%  20a% 

F1:  90p%  10a%  100p%  90p%  90p%  90a%  80a%  10a%  100p%  90p% 

F2:  50p%  40p%  40p%  100p%  40p%  40p%  40p%  90p%  50p%  90p% 

F3:  100p%  100p%  100p%  80a%  10a%  100p%  100p%  10a%  100p%  100p% 

F4:  100a%  20a%  20a%  20a%  100a%  10a%  90a%  10a%  10a%  10a% 

F5:  30a%  70p%  30a%  70p%  60p%  60p%  60p%  60p%  30a%  30a% 

<b>.ooo00ooo..ooo00ooo.</b>
<b>Tot Percentage</b>: 71.66666666666667
<b>Time elapsed</b>: 162.19889378547668 seconds

{"ok":true,"result":{"message_id":10917,"sender_chat":{"id":-1001921335158,"title":"\ud83d\udc0d\ud83d\udce9\ud83d\udc0d G4 status \ud83d\udc0d\ud83d\udce9\ud83d\udc0d","username":"ilmiobotpernotifiche","type":"channel"},"chat":{"id":-1001921335158,"title":"\ud83d\udc0d\ud83d\udce9\ud83d\udc0d G4 status \ud83d\udc0d\ud83d\udce9\ud83d\udc0d","username":"ilmiobotpernotifiche","type":"channel"},"date":1692635855,"text":"Statistics\nEvents processed\n16080000 / 18000000\n.ooo00ooo..ooo00ooo.\nF0:  70a%  70a%  80a%  90a%  100a%  60a%  80a%  70a%  50a%  60a% \n\nF1:  30a%  40a%  40a%  30a%  30a%  100a%  100a%  50a%  40a%  30a% \n\nF2:  70p%  60p%  70p%  40a%  70p%  60p%  70p%  30a%  70p%  30a% \n\nF3:  30a%  30a%  30a%  100a%  40a%  30a%  30a%  40a%  30a%  30a% \n\nF4:  100a%  60a%  60a%  60a%  100a%  50a%  100a%  50a%  50a%  50a% \n\nF5:  80a%  100p%  80a%  100p%  90p%  80p%  90p%  90p%  70a%  80a% \n\n.ooo00ooo..ooo00ooo.\nTot Percentage: 89.33333333333333\nTime elapsed: 182.20617651939392 seconds","entities":[{"offset":0,"length":10,"type":"bold"},{"offset":11,"length":16,"type":"bold"},{"offset":48,"length":20,"type":"bold"},{"offset":474,"length":20,"type":"bold"},{"offset":495,"length":14,"type":"bold"},{"offset":529,"length":12,"type":"bold"}]}}
<b>Statistics</b>
<b>Events processed</b>
16080000 / 18000000
<b>.ooo00ooo..ooo00ooo.</b>
F0:  70a%  70a%  80a%  90a%  100a%  60a%  80a%  70a%  50a%  60a% 

F1:  30a%  40a%  40a%  30a%  30a%  100a%  100a%  50a%  40a%  30a% 

F2:  70p%  60p%  70p%  40a%  70p%  60p%  70p%  30a%  70p%  30a% 

F3:  30a%  30a%  30a%  100a%  40a%  30a%  30a%  40a%  30a%  30a% 

F4:  100a%  60a%  60a%  60a%  100a%  50a%  100a%  50a%  50a%  50a% 

F5:  80a%  100p%  80a%  100p%  90p%  80p%  90p%  90p%  70a%  80a% 

<b>.ooo00ooo..ooo00ooo.</b>
<b>Tot Percentage</b>: 89.33333333333333
<b>Time elapsed</b>: 182.20617651939392 seconds

{"ok":true,"result":{"message_id":10920,"sender_chat":{"id":-1001921335158,"title":"\ud83d\udc0d\ud83d\udce9\ud83d\udc0d G4 status \ud83d\udc0d\ud83d\udce9\ud83d\udc0d","username":"ilmiobotpernotifiche","type":"channel"},"chat":{"id":-1001921335158,"title":"\ud83d\udc0d\ud83d\udce9\ud83d\udc0d G4 status \ud83d\udc0d\ud83d\udce9\ud83d\udc0d","username":"ilmiobotpernotifiche","type":"channel"},"date":1692635875,"text":"Statistics\nEvents processed\n15060000 / 18000000\n.ooo00ooo..ooo00ooo.\nF0:  100a%  100a%  100a%  100a%  100a%  100a%  100a%  100a%  100a%  100a% \n\nF1:  70a%  80a%  80a%  70a%  70a%  100a%  100a%  80a%  80a%  60a% \n\nF2:  100p%  90p%  90p%  90a%  90p%  90p%  90p%  70a%  100p%  80a% \n\nF3:  60a%  70a%  60a%  100a%  70a%  60a%  60a%  80a%  60a%  70a% \n\nF4:  100a%  100a%  100a%  100a%  100a%  90a%  100a%  90a%  90a%  100a% \n\nF5:  100a%  30a%  100a%  20a%  10a%  10a%  20a%  20a%  100a%  100a% \n\n.ooo00ooo..ooo00ooo.\nTot Percentage: 83.66666666666667\nTime elapsed: 202.20957016944885 seconds","entities":[{"offset":0,"length":10,"type":"bold"},{"offset":11,"length":16,"type":"bold"},{"offset":48,"length":20,"type":"bold"},{"offset":491,"length":20,"type":"bold"},{"offset":512,"length":14,"type":"bold"},{"offset":546,"length":12,"type":"bold"}]}}
<b>Statistics</b>
<b>Events processed</b>
15060000 / 18000000
<b>.ooo00ooo..ooo00ooo.</b>
F0:  100a%  100a%  100a%  100a%  100a%  100a%  100a%  100a%  100a%  100a% 

F1:  70a%  80a%  80a%  70a%  70a%  100a%  100a%  80a%  80a%  60a% 

F2:  100p%  90p%  90p%  90a%  90p%  90p%  90p%  70a%  100p%  80a% 

F3:  60a%  70a%  60a%  100a%  70a%  60a%  60a%  80a%  60a%  70a% 

F4:  100a%  100a%  100a%  100a%  100a%  90a%  100a%  90a%  90a%  100a% 

F5:  100a%  30a%  100a%  20a%  10a%  10a%  20a%  20a%  100a%  100a% 

<b>.ooo00ooo..ooo00ooo.</b>
<b>Tot Percentage</b>: 83.66666666666667
<b>Time elapsed</b>: 202.20957016944885 seconds

{"ok":true,"result":{"message_id":10922,"sender_chat":{"id":-1001921335158,"title":"\ud83d\udc0d\ud83d\udce9\ud83d\udc0d G4 status \ud83d\udc0d\ud83d\udce9\ud83d\udc0d","username":"ilmiobotpernotifiche","type":"channel"},"chat":{"id":-1001921335158,"title":"\ud83d\udc0d\ud83d\udce9\ud83d\udc0d G4 status \ud83d\udc0d\ud83d\udce9\ud83d\udc0d","username":"ilmiobotpernotifiche","type":"channel"},"date":1692635895,"text":"Statistics\nEvents processed\n16440000 / 18000000\n.ooo00ooo..ooo00ooo.\nF0:  100a%  100a%  100a%  100a%  100a%  100a%  100a%  100a%  100a%  100a% \n\nF1:  100a%  100a%  100a%  100a%  100a%  100a%  100a%  100a%  100a%  100a% \n\nF2:  30a%  20a%  30a%  100a%  30a%  20a%  30a%  100a%  30a%  100a% \n\nF3:  100a%  100a%  100a%  100a%  100a%  100a%  100a%  100a%  100a%  100a% \n\nF4:  100a%  100a%  100a%  100a%  100a%  100a%  100a%  100a%  100a%  100a% \n\nF5:  100a%  60a%  100a%  60a%  50a%  50a%  60a%  60a%  100a%  100a% \n\n.ooo00ooo..ooo00ooo.\nTot Percentage: 91.33333333333333\nTime elapsed: 222.20996236801147 seconds","entities":[{"offset":0,"length":10,"type":"bold"},{"offset":11,"length":16,"type":"bold"},{"offset":48,"length":20,"type":"bold"},{"offset":512,"length":20,"type":"bold"},{"offset":533,"length":14,"type":"bold"},{"offset":567,"length":12,"type":"bold"}]}}
<b>Statistics</b>
<b>Events processed</b>
16440000 / 18000000
<b>.ooo00ooo..ooo00ooo.</b>
F0:  100a%  100a%  100a%  100a%  100a%  100a%  100a%  100a%  100a%  100a% 

F1:  100a%  100a%  100a%  100a%  100a%  100a%  100a%  100a%  100a%  100a% 

F2:  30a%  20a%  30a%  100a%  30a%  20a%  30a%  100a%  30a%  100a% 

F3:  100a%  100a%  100a%  100a%  100a%  100a%  100a%  100a%  100a%  100a% 

F4:  100a%  100a%  100a%  100a%  100a%  100a%  100a%  100a%  100a%  100a% 

F5:  100a%  60a%  100a%  60a%  50a%  50a%  60a%  60a%  100a%  100a% 

<b>.ooo00ooo..ooo00ooo.</b>
<b>Tot Percentage</b>: 91.33333333333333
<b>Time elapsed</b>: 222.20996236801147 seconds

https://api.telegram.org/bot6170289274:AAFny2C4lJTWQoX6SUR_p7h1_NRM4rVcgCM/sendPhoto
{"ok":true,"result":{"message_id":10924,"sender_chat":{"id":-1001921335158,"title":"\ud83d\udc0d\ud83d\udce9\ud83d\udc0d G4 status \ud83d\udc0d\ud83d\udce9\ud83d\udc0d","username":"ilmiobotpernotifiche","type":"channel"},"chat":{"id":-1001921335158,"title":"\ud83d\udc0d\ud83d\udce9\ud83d\udc0d G4 status \ud83d\udc0d\ud83d\udce9\ud83d\udc0d","username":"ilmiobotpernotifiche","type":"channel"},"date":1692635913,"photo":[{"file_id":"AgACAgQAAx0EcoU_dgACKqxk45MJmIT6sqf-w5b99s1hxJgV4QAC-7wxG8FBGVOCWcWh83HyNAEAAwIAA3MAAzAE","file_unique_id":"AQAD-7wxG8FBGVN4","file_size":752,"width":90,"height":54},{"file_id":"AgACAgQAAx0EcoU_dgACKqxk45MJmIT6sqf-w5b99s1hxJgV4QAC-7wxG8FBGVOCWcWh83HyNAEAAwIAA20AAzAE","file_unique_id":"AQAD-7wxG8FBGVNy","file_size":8469,"width":320,"height":192},{"file_id":"AgACAgQAAx0EcoU_dgACKqxk45MJmIT6sqf-w5b99s1hxJgV4QAC-7wxG8FBGVOCWcWh83HyNAEAAwIAA3gAAzAE","file_unique_id":"AQAD-7wxG8FBGVN9","file_size":31267,"width":800,"height":480},{"file_id":"AgACAgQAAx0EcoU_dgACKqxk45MJmIT6sqf-w5b99s1hxJgV4QAC-7wxG8FBGVOCWcWh83HyNAEAAwIAA3kAAzAE","file_unique_id":"AQAD-7wxG8FBGVN-","file_size":59583,"width":1280,"height":768},{"file_id":"AgACAgQAAx0EcoU_dgACKqxk45MJmIT6sqf-w5b99s1hxJgV4QAC-7wxG8FBGVOCWcWh83HyNAEAAwIAA3cAAzAE","file_unique_id":"AQAD-7wxG8FBGVN8","file_size":97725,"width":2000,"height":1200}]}}
{"ok":true,"result":{"message_id":10925,"sender_chat":{"id":-1001921335158,"title":"\ud83d\udc0d\ud83d\udce9\ud83d\udc0d G4 status \ud83d\udc0d\ud83d\udce9\ud83d\udc0d","username":"ilmiobotpernotifiche","type":"channel"},"chat":{"id":-1001921335158,"title":"\ud83d\udc0d\ud83d\udce9\ud83d\udc0d G4 status \ud83d\udc0d\ud83d\udce9\ud83d\udc0d","username":"ilmiobotpernotifiche","type":"channel"},"date":1692635914,"text":"Finished"}}
