The system is: Linux - 3.10.0-1160.88.1.el7.x86_64 - x86_64
Compiling the C compiler identification source file "CMakeCCompilerId.c" succeeded.
Compiler: /cvmfs/sft.cern.ch/lcg/releases/gcc/10.1.0-6f386/x86_64-centos7/bin/gcc 
Build flags: 
Id flags:  

The output was:
0


Compilation of the C compiler identification source "CMakeCCompilerId.c" produced "a.out"

The C compiler identification is GNU, found in "/data1/home/rnicolai/LEM_GDML_upgrade/build_f3_j4/CMakeFiles/3.18.4/CompilerIdC/a.out"

Compiling the CXX compiler identification source file "CMakeCXXCompilerId.cpp" succeeded.
Compiler: /cvmfs/sft.cern.ch/lcg/releases/gcc/10.1.0-6f386/x86_64-centos7/bin/g++ 
Build flags: 
Id flags:  

The output was:
0


Compilation of the CXX compiler identification source "CMakeCXXCompilerId.cpp" produced "a.out"

The CXX compiler identification is GNU, found in "/data1/home/rnicolai/LEM_GDML_upgrade/build_f3_j4/CMakeFiles/3.18.4/CompilerIdCXX/a.out"

Detecting C compiler ABI info compiled with the following output:
Change Dir: /data1/home/rnicolai/LEM_GDML_upgrade/build_f3_j4/CMakeFiles/CMakeTmp

Run Build Command(s):/usr/bin/gmake cmTC_e55c1/fast && /usr/bin/gmake  -f CMakeFiles/cmTC_e55c1.dir/build.make CMakeFiles/cmTC_e55c1.dir/build
gmake[1]: Entering directory `/.autofs/data1/home/rnicolai/LEM_GDML_upgrade/build_f3_j4/CMakeFiles/CMakeTmp'
Building C object CMakeFiles/cmTC_e55c1.dir/CMakeCCompilerABI.c.o
/cvmfs/sft.cern.ch/lcg/releases/gcc/10.1.0-6f386/x86_64-centos7/bin/gcc   -v -o CMakeFiles/cmTC_e55c1.dir/CMakeCCompilerABI.c.o -c /cvmfs/sft.cern.ch/lcg/releases/CMake/3.18.4-2ffec/x86_64-centos7-gcc10-opt/share/cmake-3.18/Modules/CMakeCCompilerABI.c
Using built-in specs.
COLLECT_GCC=/cvmfs/sft.cern.ch/lcg/releases/gcc/10.1.0-6f386/x86_64-centos7/bin/gcc
Target: x86_64-pc-linux-gnu
Configured with: /build/gcc/WORK/build/contrib/gcc-10.1.0/src/gcc/10.1.0/configure --disable-multilib --prefix=/build/gcc/WORK/lcgcmake-install/gcc/10.1.0/x86_64-centos7 -with-system-zlib --enable-languages=all --with-gnu-ld --with-gnu-as
Thread model: posix
Supported LTO compression algorithms: zlib
gcc version 10.1.0 (GCC) 
COLLECT_GCC_OPTIONS='-v' '-o' 'CMakeFiles/cmTC_e55c1.dir/CMakeCCompilerABI.c.o' '-c' '-mtune=generic' '-march=x86-64'
 /cvmfs/sft.cern.ch/lcg/releases/gcc/10.1.0-6f386/x86_64-centos7/bin/../libexec/gcc/x86_64-pc-linux-gnu/10.1.0/cc1 -quiet -v -iprefix /cvmfs/sft.cern.ch/lcg/releases/gcc/10.1.0-6f386/x86_64-centos7/bin/../lib/gcc/x86_64-pc-linux-gnu/10.1.0/ -isystem /cvmfs/sft.cern.ch/lcg/releases/gcc/10.1.0-6f386/x86_64-centos7/include /cvmfs/sft.cern.ch/lcg/releases/CMake/3.18.4-2ffec/x86_64-centos7-gcc10-opt/share/cmake-3.18/Modules/CMakeCCompilerABI.c -quiet -dumpbase CMakeCCompilerABI.c -mtune=generic -march=x86-64 -auxbase-strip CMakeFiles/cmTC_e55c1.dir/CMakeCCompilerABI.c.o -version -o /tmp/cc9FKTKT.s
GNU C17 (GCC) version 10.1.0 (x86_64-pc-linux-gnu)
	compiled by GNU C version 10.1.0, GMP version 6.1.0, MPFR version 3.1.4, MPC version 1.0.3, isl version isl-0.18-GMP

GGC heuristics: --param ggc-min-expand=100 --param ggc-min-heapsize=131072
ignoring nonexistent directory "/cvmfs/sft.cern.ch/lcg/releases/gcc/10.1.0-6f386/x86_64-centos7/bin/../lib/gcc/x86_64-pc-linux-gnu/10.1.0/../../../../x86_64-pc-linux-gnu/include"
ignoring duplicate directory "/cvmfs/sft.cern.ch/lcg/releases/gcc/10.1.0-6f386/x86_64-centos7/bin/../lib/gcc/../../lib/gcc/x86_64-pc-linux-gnu/10.1.0/include"
ignoring duplicate directory "/cvmfs/sft.cern.ch/lcg/releases/gcc/10.1.0-6f386/x86_64-centos7/bin/../lib/gcc/../../include"
ignoring duplicate directory "/cvmfs/sft.cern.ch/lcg/releases/gcc/10.1.0-6f386/x86_64-centos7/bin/../lib/gcc/../../lib/gcc/x86_64-pc-linux-gnu/10.1.0/include-fixed"
ignoring nonexistent directory "/cvmfs/sft.cern.ch/lcg/releases/gcc/10.1.0-6f386/x86_64-centos7/bin/../lib/gcc/../../lib/gcc/x86_64-pc-linux-gnu/10.1.0/../../../../x86_64-pc-linux-gnu/include"
#include "..." search starts here:
#include <...> search starts here:
 /cvmfs/sft.cern.ch/lcg/releases/gcc/10.1.0-6f386/x86_64-centos7/include
 /cvmfs/sft.cern.ch/lcg/views/LCG_99/x86_64-centos7-gcc10-opt/include
 /cvmfs/sft.cern.ch/lcg/releases/gcc/10.1.0-6f386/x86_64-centos7/bin/../lib/gcc/x86_64-pc-linux-gnu/10.1.0/include
 /cvmfs/sft.cern.ch/lcg/releases/gcc/10.1.0-6f386/x86_64-centos7/bin/../lib/gcc/x86_64-pc-linux-gnu/10.1.0/include-fixed
 /usr/local/include
 /usr/include
End of search list.
GNU C17 (GCC) version 10.1.0 (x86_64-pc-linux-gnu)
	compiled by GNU C version 10.1.0, GMP version 6.1.0, MPFR version 3.1.4, MPC version 1.0.3, isl version isl-0.18-GMP

GGC heuristics: --param ggc-min-expand=100 --param ggc-min-heapsize=131072
Compiler executable checksum: e568910afe5321740fec65fd13e82322
COLLECT_GCC_OPTIONS='-v' '-o' 'CMakeFiles/cmTC_e55c1.dir/CMakeCCompilerABI.c.o' '-c' '-mtune=generic' '-march=x86-64'
 as -v --64 -o CMakeFiles/cmTC_e55c1.dir/CMakeCCompilerABI.c.o /tmp/cc9FKTKT.s
GNU assembler version 2.34 (x86_64-pc-linux-gnu) using BFD version (GNU Binutils) 2.34
COMPILER_PATH=/cvmfs/sft.cern.ch/lcg/releases/gcc/10.1.0-6f386/x86_64-centos7/bin/../libexec/gcc/x86_64-pc-linux-gnu/10.1.0/:/cvmfs/sft.cern.ch/lcg/releases/gcc/10.1.0-6f386/x86_64-centos7/bin/../libexec/gcc/:/cvmfs/sft.cern.ch/lcg/releases/gcc/10.1.0-6f386/x86_64-centos7/
LIBRARY_PATH=/cvmfs/sft.cern.ch/lcg/releases/gcc/10.1.0-6f386/x86_64-centos7/bin/../lib/gcc/x86_64-pc-linux-gnu/10.1.0/:/cvmfs/sft.cern.ch/lcg/releases/gcc/10.1.0-6f386/x86_64-centos7/bin/../lib/gcc/:/cvmfs/sft.cern.ch/lcg/releases/gcc/10.1.0-6f386/x86_64-centos7/bin/../lib/gcc/x86_64-pc-linux-gnu/10.1.0/../../../../lib64/:/lib/../lib64/:/usr/lib/../lib64/:/cvmfs/sft.cern.ch/lcg/releases/gcc/10.1.0-6f386/x86_64-centos7/bin/../lib/gcc/x86_64-pc-linux-gnu/10.1.0/../../../:/lib/:/usr/lib/
COLLECT_GCC_OPTIONS='-v' '-o' 'CMakeFiles/cmTC_e55c1.dir/CMakeCCompilerABI.c.o' '-c' '-mtune=generic' '-march=x86-64'
Linking C executable cmTC_e55c1
/cvmfs/sft.cern.ch/lcg/releases/CMake/3.18.4-2ffec/x86_64-centos7-gcc10-opt/bin/cmake -E cmake_link_script CMakeFiles/cmTC_e55c1.dir/link.txt --verbose=1
/cvmfs/sft.cern.ch/lcg/releases/gcc/10.1.0-6f386/x86_64-centos7/bin/gcc  -v CMakeFiles/cmTC_e55c1.dir/CMakeCCompilerABI.c.o -o cmTC_e55c1 
Using built-in specs.
COLLECT_GCC=/cvmfs/sft.cern.ch/lcg/releases/gcc/10.1.0-6f386/x86_64-centos7/bin/gcc
COLLECT_LTO_WRAPPER=/cvmfs/sft.cern.ch/lcg/releases/gcc/10.1.0-6f386/x86_64-centos7/bin/../libexec/gcc/x86_64-pc-linux-gnu/10.1.0/lto-wrapper
Target: x86_64-pc-linux-gnu
Configured with: /build/gcc/WORK/build/contrib/gcc-10.1.0/src/gcc/10.1.0/configure --disable-multilib --prefix=/build/gcc/WORK/lcgcmake-install/gcc/10.1.0/x86_64-centos7 -with-system-zlib --enable-languages=all --with-gnu-ld --with-gnu-as
Thread model: posix
Supported LTO compression algorithms: zlib
gcc version 10.1.0 (GCC) 
COMPILER_PATH=/cvmfs/sft.cern.ch/lcg/releases/gcc/10.1.0-6f386/x86_64-centos7/bin/../libexec/gcc/x86_64-pc-linux-gnu/10.1.0/:/cvmfs/sft.cern.ch/lcg/releases/gcc/10.1.0-6f386/x86_64-centos7/bin/../libexec/gcc/:/cvmfs/sft.cern.ch/lcg/releases/gcc/10.1.0-6f386/x86_64-centos7/
LIBRARY_PATH=/cvmfs/sft.cern.ch/lcg/releases/gcc/10.1.0-6f386/x86_64-centos7/bin/../lib/gcc/x86_64-pc-linux-gnu/10.1.0/:/cvmfs/sft.cern.ch/lcg/releases/gcc/10.1.0-6f386/x86_64-centos7/bin/../lib/gcc/:/cvmfs/sft.cern.ch/lcg/releases/gcc/10.1.0-6f386/x86_64-centos7/bin/../lib/gcc/x86_64-pc-linux-gnu/10.1.0/../../../../lib64/:/lib/../lib64/:/usr/lib/../lib64/:/cvmfs/sft.cern.ch/lcg/releases/gcc/10.1.0-6f386/x86_64-centos7/bin/../lib/gcc/x86_64-pc-linux-gnu/10.1.0/../../../:/lib/:/usr/lib/
COLLECT_GCC_OPTIONS='-v' '-o' 'cmTC_e55c1' '-mtune=generic' '-march=x86-64'
 /cvmfs/sft.cern.ch/lcg/releases/gcc/10.1.0-6f386/x86_64-centos7/bin/../libexec/gcc/x86_64-pc-linux-gnu/10.1.0/collect2 -plugin /cvmfs/sft.cern.ch/lcg/releases/gcc/10.1.0-6f386/x86_64-centos7/bin/../libexec/gcc/x86_64-pc-linux-gnu/10.1.0/liblto_plugin.so -plugin-opt=/cvmfs/sft.cern.ch/lcg/releases/gcc/10.1.0-6f386/x86_64-centos7/bin/../libexec/gcc/x86_64-pc-linux-gnu/10.1.0/lto-wrapper -plugin-opt=-fresolution=/tmp/cck5QKFU.res -plugin-opt=-pass-through=-lgcc -plugin-opt=-pass-through=-lgcc_s -plugin-opt=-pass-through=-lc -plugin-opt=-pass-through=-lgcc -plugin-opt=-pass-through=-lgcc_s --eh-frame-hdr -m elf_x86_64 -dynamic-linker /lib64/ld-linux-x86-64.so.2 -o cmTC_e55c1 /lib/../lib64/crt1.o /lib/../lib64/crti.o /cvmfs/sft.cern.ch/lcg/releases/gcc/10.1.0-6f386/x86_64-centos7/bin/../lib/gcc/x86_64-pc-linux-gnu/10.1.0/crtbegin.o -L/cvmfs/sft.cern.ch/lcg/releases/gcc/10.1.0-6f386/x86_64-centos7/bin/../lib/gcc/x86_64-pc-linux-gnu/10.1.0 -L/cvmfs/sft.cern.ch/lcg/releases/gcc/10.1.0-6f386/x86_64-centos7/bin/../lib/gcc -L/cvmfs/sft.cern.ch/lcg/releases/gcc/10.1.0-6f386/x86_64-centos7/bin/../lib/gcc/x86_64-pc-linux-gnu/10.1.0/../../../../lib64 -L/lib/../lib64 -L/usr/lib/../lib64 -L/cvmfs/sft.cern.ch/lcg/releases/gcc/10.1.0-6f386/x86_64-centos7/bin/../lib/gcc/x86_64-pc-linux-gnu/10.1.0/../../.. CMakeFiles/cmTC_e55c1.dir/CMakeCCompilerABI.c.o -lgcc --push-state --as-needed -lgcc_s --pop-state -lc -lgcc --push-state --as-needed -lgcc_s --pop-state /cvmfs/sft.cern.ch/lcg/releases/gcc/10.1.0-6f386/x86_64-centos7/bin/../lib/gcc/x86_64-pc-linux-gnu/10.1.0/crtend.o /lib/../lib64/crtn.o
COLLECT_GCC_OPTIONS='-v' '-o' 'cmTC_e55c1' '-mtune=generic' '-march=x86-64'
gmake[1]: Leaving directory `/.autofs/data1/home/rnicolai/LEM_GDML_upgrade/build_f3_j4/CMakeFiles/CMakeTmp'



Parsed C implicit include dir info from above output: rv=done
  found start of include info
  found start of implicit include info
    add: [/cvmfs/sft.cern.ch/lcg/releases/gcc/10.1.0-6f386/x86_64-centos7/include]
    add: [/cvmfs/sft.cern.ch/lcg/views/LCG_99/x86_64-centos7-gcc10-opt/include]
    add: [/cvmfs/sft.cern.ch/lcg/releases/gcc/10.1.0-6f386/x86_64-centos7/bin/../lib/gcc/x86_64-pc-linux-gnu/10.1.0/include]
    add: [/cvmfs/sft.cern.ch/lcg/releases/gcc/10.1.0-6f386/x86_64-centos7/bin/../lib/gcc/x86_64-pc-linux-gnu/10.1.0/include-fixed]
    add: [/usr/local/include]
    add: [/usr/include]
  end of search list found
  collapse include dir [/cvmfs/sft.cern.ch/lcg/releases/gcc/10.1.0-6f386/x86_64-centos7/include] ==> [/cvmfs/sft.cern.ch/lcg/releases/gcc/10.1.0-6f386/x86_64-centos7/include]
  collapse include dir [/cvmfs/sft.cern.ch/lcg/views/LCG_99/x86_64-centos7-gcc10-opt/include] ==> [/cvmfs/sft.cern.ch/lcg/views/LCG_99/x86_64-centos7-gcc10-opt/include]
  collapse include dir [/cvmfs/sft.cern.ch/lcg/releases/gcc/10.1.0-6f386/x86_64-centos7/bin/../lib/gcc/x86_64-pc-linux-gnu/10.1.0/include] ==> [/cvmfs/sft.cern.ch/lcg/releases/gcc/10.1.0-6f386/x86_64-centos7/lib/gcc/x86_64-pc-linux-gnu/10.1.0/include]
  collapse include dir [/cvmfs/sft.cern.ch/lcg/releases/gcc/10.1.0-6f386/x86_64-centos7/bin/../lib/gcc/x86_64-pc-linux-gnu/10.1.0/include-fixed] ==> [/cvmfs/sft.cern.ch/lcg/releases/gcc/10.1.0-6f386/x86_64-centos7/lib/gcc/x86_64-pc-linux-gnu/10.1.0/include-fixed]
  collapse include dir [/usr/local/include] ==> [/usr/local/include]
  collapse include dir [/usr/include] ==> [/usr/include]
  implicit include dirs: [/cvmfs/sft.cern.ch/lcg/releases/gcc/10.1.0-6f386/x86_64-centos7/include;/cvmfs/sft.cern.ch/lcg/views/LCG_99/x86_64-centos7-gcc10-opt/include;/cvmfs/sft.cern.ch/lcg/releases/gcc/10.1.0-6f386/x86_64-centos7/lib/gcc/x86_64-pc-linux-gnu/10.1.0/include;/cvmfs/sft.cern.ch/lcg/releases/gcc/10.1.0-6f386/x86_64-centos7/lib/gcc/x86_64-pc-linux-gnu/10.1.0/include-fixed;/usr/local/include;/usr/include]


Parsed C implicit link information from above output:
  link line regex: [^( *|.*[/\])(ld|CMAKE_LINK_STARTFILE-NOTFOUND|([^/\]+-)?ld|collect2)[^/\]*( |$)]
  ignore line: [Change Dir: /data1/home/rnicolai/LEM_GDML_upgrade/build_f3_j4/CMakeFiles/CMakeTmp]
  ignore line: []
  ignore line: [Run Build Command(s):/usr/bin/gmake cmTC_e55c1/fast && /usr/bin/gmake  -f CMakeFiles/cmTC_e55c1.dir/build.make CMakeFiles/cmTC_e55c1.dir/build]
  ignore line: [gmake[1]: Entering directory `/.autofs/data1/home/rnicolai/LEM_GDML_upgrade/build_f3_j4/CMakeFiles/CMakeTmp']
  ignore line: [Building C object CMakeFiles/cmTC_e55c1.dir/CMakeCCompilerABI.c.o]
  ignore line: [/cvmfs/sft.cern.ch/lcg/releases/gcc/10.1.0-6f386/x86_64-centos7/bin/gcc   -v -o CMakeFiles/cmTC_e55c1.dir/CMakeCCompilerABI.c.o -c /cvmfs/sft.cern.ch/lcg/releases/CMake/3.18.4-2ffec/x86_64-centos7-gcc10-opt/share/cmake-3.18/Modules/CMakeCCompilerABI.c]
  ignore line: [Using built-in specs.]
  ignore line: [COLLECT_GCC=/cvmfs/sft.cern.ch/lcg/releases/gcc/10.1.0-6f386/x86_64-centos7/bin/gcc]
  ignore line: [Target: x86_64-pc-linux-gnu]
  ignore line: [Configured with: /build/gcc/WORK/build/contrib/gcc-10.1.0/src/gcc/10.1.0/configure --disable-multilib --prefix=/build/gcc/WORK/lcgcmake-install/gcc/10.1.0/x86_64-centos7 -with-system-zlib --enable-languages=all --with-gnu-ld --with-gnu-as]
  ignore line: [Thread model: posix]
  ignore line: [Supported LTO compression algorithms: zlib]
  ignore line: [gcc version 10.1.0 (GCC) ]
  ignore line: [COLLECT_GCC_OPTIONS='-v' '-o' 'CMakeFiles/cmTC_e55c1.dir/CMakeCCompilerABI.c.o' '-c' '-mtune=generic' '-march=x86-64']
  ignore line: [ /cvmfs/sft.cern.ch/lcg/releases/gcc/10.1.0-6f386/x86_64-centos7/bin/../libexec/gcc/x86_64-pc-linux-gnu/10.1.0/cc1 -quiet -v -iprefix /cvmfs/sft.cern.ch/lcg/releases/gcc/10.1.0-6f386/x86_64-centos7/bin/../lib/gcc/x86_64-pc-linux-gnu/10.1.0/ -isystem /cvmfs/sft.cern.ch/lcg/releases/gcc/10.1.0-6f386/x86_64-centos7/include /cvmfs/sft.cern.ch/lcg/releases/CMake/3.18.4-2ffec/x86_64-centos7-gcc10-opt/share/cmake-3.18/Modules/CMakeCCompilerABI.c -quiet -dumpbase CMakeCCompilerABI.c -mtune=generic -march=x86-64 -auxbase-strip CMakeFiles/cmTC_e55c1.dir/CMakeCCompilerABI.c.o -version -o /tmp/cc9FKTKT.s]
  ignore line: [GNU C17 (GCC) version 10.1.0 (x86_64-pc-linux-gnu)]
  ignore line: [	compiled by GNU C version 10.1.0  GMP version 6.1.0  MPFR version 3.1.4  MPC version 1.0.3  isl version isl-0.18-GMP]
  ignore line: []
  ignore line: [GGC heuristics: --param ggc-min-expand=100 --param ggc-min-heapsize=131072]
  ignore line: [ignoring nonexistent directory "/cvmfs/sft.cern.ch/lcg/releases/gcc/10.1.0-6f386/x86_64-centos7/bin/../lib/gcc/x86_64-pc-linux-gnu/10.1.0/../../../../x86_64-pc-linux-gnu/include"]
  ignore line: [ignoring duplicate directory "/cvmfs/sft.cern.ch/lcg/releases/gcc/10.1.0-6f386/x86_64-centos7/bin/../lib/gcc/../../lib/gcc/x86_64-pc-linux-gnu/10.1.0/include"]
  ignore line: [ignoring duplicate directory "/cvmfs/sft.cern.ch/lcg/releases/gcc/10.1.0-6f386/x86_64-centos7/bin/../lib/gcc/../../include"]
  ignore line: [ignoring duplicate directory "/cvmfs/sft.cern.ch/lcg/releases/gcc/10.1.0-6f386/x86_64-centos7/bin/../lib/gcc/../../lib/gcc/x86_64-pc-linux-gnu/10.1.0/include-fixed"]
  ignore line: [ignoring nonexistent directory "/cvmfs/sft.cern.ch/lcg/releases/gcc/10.1.0-6f386/x86_64-centos7/bin/../lib/gcc/../../lib/gcc/x86_64-pc-linux-gnu/10.1.0/../../../../x86_64-pc-linux-gnu/include"]
  ignore line: [#include "..." search starts here:]
  ignore line: [#include <...> search starts here:]
  ignore line: [ /cvmfs/sft.cern.ch/lcg/releases/gcc/10.1.0-6f386/x86_64-centos7/include]
  ignore line: [ /cvmfs/sft.cern.ch/lcg/views/LCG_99/x86_64-centos7-gcc10-opt/include]
  ignore line: [ /cvmfs/sft.cern.ch/lcg/releases/gcc/10.1.0-6f386/x86_64-centos7/bin/../lib/gcc/x86_64-pc-linux-gnu/10.1.0/include]
  ignore line: [ /cvmfs/sft.cern.ch/lcg/releases/gcc/10.1.0-6f386/x86_64-centos7/bin/../lib/gcc/x86_64-pc-linux-gnu/10.1.0/include-fixed]
  ignore line: [ /usr/local/include]
  ignore line: [ /usr/include]
  ignore line: [End of search list.]
  ignore line: [GNU C17 (GCC) version 10.1.0 (x86_64-pc-linux-gnu)]
  ignore line: [	compiled by GNU C version 10.1.0  GMP version 6.1.0  MPFR version 3.1.4  MPC version 1.0.3  isl version isl-0.18-GMP]
  ignore line: []
  ignore line: [GGC heuristics: --param ggc-min-expand=100 --param ggc-min-heapsize=131072]
  ignore line: [Compiler executable checksum: e568910afe5321740fec65fd13e82322]
  ignore line: [COLLECT_GCC_OPTIONS='-v' '-o' 'CMakeFiles/cmTC_e55c1.dir/CMakeCCompilerABI.c.o' '-c' '-mtune=generic' '-march=x86-64']
  ignore line: [ as -v --64 -o CMakeFiles/cmTC_e55c1.dir/CMakeCCompilerABI.c.o /tmp/cc9FKTKT.s]
  ignore line: [GNU assembler version 2.34 (x86_64-pc-linux-gnu) using BFD version (GNU Binutils) 2.34]
  ignore line: [COMPILER_PATH=/cvmfs/sft.cern.ch/lcg/releases/gcc/10.1.0-6f386/x86_64-centos7/bin/../libexec/gcc/x86_64-pc-linux-gnu/10.1.0/:/cvmfs/sft.cern.ch/lcg/releases/gcc/10.1.0-6f386/x86_64-centos7/bin/../libexec/gcc/:/cvmfs/sft.cern.ch/lcg/releases/gcc/10.1.0-6f386/x86_64-centos7/]
  ignore line: [LIBRARY_PATH=/cvmfs/sft.cern.ch/lcg/releases/gcc/10.1.0-6f386/x86_64-centos7/bin/../lib/gcc/x86_64-pc-linux-gnu/10.1.0/:/cvmfs/sft.cern.ch/lcg/releases/gcc/10.1.0-6f386/x86_64-centos7/bin/../lib/gcc/:/cvmfs/sft.cern.ch/lcg/releases/gcc/10.1.0-6f386/x86_64-centos7/bin/../lib/gcc/x86_64-pc-linux-gnu/10.1.0/../../../../lib64/:/lib/../lib64/:/usr/lib/../lib64/:/cvmfs/sft.cern.ch/lcg/releases/gcc/10.1.0-6f386/x86_64-centos7/bin/../lib/gcc/x86_64-pc-linux-gnu/10.1.0/../../../:/lib/:/usr/lib/]
  ignore line: [COLLECT_GCC_OPTIONS='-v' '-o' 'CMakeFiles/cmTC_e55c1.dir/CMakeCCompilerABI.c.o' '-c' '-mtune=generic' '-march=x86-64']
  ignore line: [Linking C executable cmTC_e55c1]
  ignore line: [/cvmfs/sft.cern.ch/lcg/releases/CMake/3.18.4-2ffec/x86_64-centos7-gcc10-opt/bin/cmake -E cmake_link_script CMakeFiles/cmTC_e55c1.dir/link.txt --verbose=1]
  ignore line: [/cvmfs/sft.cern.ch/lcg/releases/gcc/10.1.0-6f386/x86_64-centos7/bin/gcc  -v CMakeFiles/cmTC_e55c1.dir/CMakeCCompilerABI.c.o -o cmTC_e55c1 ]
  ignore line: [Using built-in specs.]
  ignore line: [COLLECT_GCC=/cvmfs/sft.cern.ch/lcg/releases/gcc/10.1.0-6f386/x86_64-centos7/bin/gcc]
  ignore line: [COLLECT_LTO_WRAPPER=/cvmfs/sft.cern.ch/lcg/releases/gcc/10.1.0-6f386/x86_64-centos7/bin/../libexec/gcc/x86_64-pc-linux-gnu/10.1.0/lto-wrapper]
  ignore line: [Target: x86_64-pc-linux-gnu]
  ignore line: [Configured with: /build/gcc/WORK/build/contrib/gcc-10.1.0/src/gcc/10.1.0/configure --disable-multilib --prefix=/build/gcc/WORK/lcgcmake-install/gcc/10.1.0/x86_64-centos7 -with-system-zlib --enable-languages=all --with-gnu-ld --with-gnu-as]
  ignore line: [Thread model: posix]
  ignore line: [Supported LTO compression algorithms: zlib]
  ignore line: [gcc version 10.1.0 (GCC) ]
  ignore line: [COMPILER_PATH=/cvmfs/sft.cern.ch/lcg/releases/gcc/10.1.0-6f386/x86_64-centos7/bin/../libexec/gcc/x86_64-pc-linux-gnu/10.1.0/:/cvmfs/sft.cern.ch/lcg/releases/gcc/10.1.0-6f386/x86_64-centos7/bin/../libexec/gcc/:/cvmfs/sft.cern.ch/lcg/releases/gcc/10.1.0-6f386/x86_64-centos7/]
  ignore line: [LIBRARY_PATH=/cvmfs/sft.cern.ch/lcg/releases/gcc/10.1.0-6f386/x86_64-centos7/bin/../lib/gcc/x86_64-pc-linux-gnu/10.1.0/:/cvmfs/sft.cern.ch/lcg/releases/gcc/10.1.0-6f386/x86_64-centos7/bin/../lib/gcc/:/cvmfs/sft.cern.ch/lcg/releases/gcc/10.1.0-6f386/x86_64-centos7/bin/../lib/gcc/x86_64-pc-linux-gnu/10.1.0/../../../../lib64/:/lib/../lib64/:/usr/lib/../lib64/:/cvmfs/sft.cern.ch/lcg/releases/gcc/10.1.0-6f386/x86_64-centos7/bin/../lib/gcc/x86_64-pc-linux-gnu/10.1.0/../../../:/lib/:/usr/lib/]
  ignore line: [COLLECT_GCC_OPTIONS='-v' '-o' 'cmTC_e55c1' '-mtune=generic' '-march=x86-64']
  link line: [ /cvmfs/sft.cern.ch/lcg/releases/gcc/10.1.0-6f386/x86_64-centos7/bin/../libexec/gcc/x86_64-pc-linux-gnu/10.1.0/collect2 -plugin /cvmfs/sft.cern.ch/lcg/releases/gcc/10.1.0-6f386/x86_64-centos7/bin/../libexec/gcc/x86_64-pc-linux-gnu/10.1.0/liblto_plugin.so -plugin-opt=/cvmfs/sft.cern.ch/lcg/releases/gcc/10.1.0-6f386/x86_64-centos7/bin/../libexec/gcc/x86_64-pc-linux-gnu/10.1.0/lto-wrapper -plugin-opt=-fresolution=/tmp/cck5QKFU.res -plugin-opt=-pass-through=-lgcc -plugin-opt=-pass-through=-lgcc_s -plugin-opt=-pass-through=-lc -plugin-opt=-pass-through=-lgcc -plugin-opt=-pass-through=-lgcc_s --eh-frame-hdr -m elf_x86_64 -dynamic-linker /lib64/ld-linux-x86-64.so.2 -o cmTC_e55c1 /lib/../lib64/crt1.o /lib/../lib64/crti.o /cvmfs/sft.cern.ch/lcg/releases/gcc/10.1.0-6f386/x86_64-centos7/bin/../lib/gcc/x86_64-pc-linux-gnu/10.1.0/crtbegin.o -L/cvmfs/sft.cern.ch/lcg/releases/gcc/10.1.0-6f386/x86_64-centos7/bin/../lib/gcc/x86_64-pc-linux-gnu/10.1.0 -L/cvmfs/sft.cern.ch/lcg/releases/gcc/10.1.0-6f386/x86_64-centos7/bin/../lib/gcc -L/cvmfs/sft.cern.ch/lcg/releases/gcc/10.1.0-6f386/x86_64-centos7/bin/../lib/gcc/x86_64-pc-linux-gnu/10.1.0/../../../../lib64 -L/lib/../lib64 -L/usr/lib/../lib64 -L/cvmfs/sft.cern.ch/lcg/releases/gcc/10.1.0-6f386/x86_64-centos7/bin/../lib/gcc/x86_64-pc-linux-gnu/10.1.0/../../.. CMakeFiles/cmTC_e55c1.dir/CMakeCCompilerABI.c.o -lgcc --push-state --as-needed -lgcc_s --pop-state -lc -lgcc --push-state --as-needed -lgcc_s --pop-state /cvmfs/sft.cern.ch/lcg/releases/gcc/10.1.0-6f386/x86_64-centos7/bin/../lib/gcc/x86_64-pc-linux-gnu/10.1.0/crtend.o /lib/../lib64/crtn.o]
    arg [/cvmfs/sft.cern.ch/lcg/releases/gcc/10.1.0-6f386/x86_64-centos7/bin/../libexec/gcc/x86_64-pc-linux-gnu/10.1.0/collect2] ==> ignore
    arg [-plugin] ==> ignore
    arg [/cvmfs/sft.cern.ch/lcg/releases/gcc/10.1.0-6f386/x86_64-centos7/bin/../libexec/gcc/x86_64-pc-linux-gnu/10.1.0/liblto_plugin.so] ==> ignore
    arg [-plugin-opt=/cvmfs/sft.cern.ch/lcg/releases/gcc/10.1.0-6f386/x86_64-centos7/bin/../libexec/gcc/x86_64-pc-linux-gnu/10.1.0/lto-wrapper] ==> ignore
    arg [-plugin-opt=-fresolution=/tmp/cck5QKFU.res] ==> ignore
    arg [-plugin-opt=-pass-through=-lgcc] ==> ignore
    arg [-plugin-opt=-pass-through=-lgcc_s] ==> ignore
    arg [-plugin-opt=-pass-through=-lc] ==> ignore
    arg [-plugin-opt=-pass-through=-lgcc] ==> ignore
    arg [-plugin-opt=-pass-through=-lgcc_s] ==> ignore
    arg [--eh-frame-hdr] ==> ignore
    arg [-m] ==> ignore
    arg [elf_x86_64] ==> ignore
    arg [-dynamic-linker] ==> ignore
    arg [/lib64/ld-linux-x86-64.so.2] ==> ignore
    arg [-o] ==> ignore
    arg [cmTC_e55c1] ==> ignore
    arg [/lib/../lib64/crt1.o] ==> ignore
    arg [/lib/../lib64/crti.o] ==> ignore
    arg [/cvmfs/sft.cern.ch/lcg/releases/gcc/10.1.0-6f386/x86_64-centos7/bin/../lib/gcc/x86_64-pc-linux-gnu/10.1.0/crtbegin.o] ==> ignore
    arg [-L/cvmfs/sft.cern.ch/lcg/releases/gcc/10.1.0-6f386/x86_64-centos7/bin/../lib/gcc/x86_64-pc-linux-gnu/10.1.0] ==> dir [/cvmfs/sft.cern.ch/lcg/releases/gcc/10.1.0-6f386/x86_64-centos7/bin/../lib/gcc/x86_64-pc-linux-gnu/10.1.0]
    arg [-L/cvmfs/sft.cern.ch/lcg/releases/gcc/10.1.0-6f386/x86_64-centos7/bin/../lib/gcc] ==> dir [/cvmfs/sft.cern.ch/lcg/releases/gcc/10.1.0-6f386/x86_64-centos7/bin/../lib/gcc]
    arg [-L/cvmfs/sft.cern.ch/lcg/releases/gcc/10.1.0-6f386/x86_64-centos7/bin/../lib/gcc/x86_64-pc-linux-gnu/10.1.0/../../../../lib64] ==> dir [/cvmfs/sft.cern.ch/lcg/releases/gcc/10.1.0-6f386/x86_64-centos7/bin/../lib/gcc/x86_64-pc-linux-gnu/10.1.0/../../../../lib64]
    arg [-L/lib/../lib64] ==> dir [/lib/../lib64]
    arg [-L/usr/lib/../lib64] ==> dir [/usr/lib/../lib64]
    arg [-L/cvmfs/sft.cern.ch/lcg/releases/gcc/10.1.0-6f386/x86_64-centos7/bin/../lib/gcc/x86_64-pc-linux-gnu/10.1.0/../../..] ==> dir [/cvmfs/sft.cern.ch/lcg/releases/gcc/10.1.0-6f386/x86_64-centos7/bin/../lib/gcc/x86_64-pc-linux-gnu/10.1.0/../../..]
    arg [CMakeFiles/cmTC_e55c1.dir/CMakeCCompilerABI.c.o] ==> ignore
    arg [-lgcc] ==> lib [gcc]
    arg [--push-state] ==> ignore
    arg [--as-needed] ==> ignore
    arg [-lgcc_s] ==> lib [gcc_s]
    arg [--pop-state] ==> ignore
    arg [-lc] ==> lib [c]
    arg [-lgcc] ==> lib [gcc]
    arg [--push-state] ==> ignore
    arg [--as-needed] ==> ignore
    arg [-lgcc_s] ==> lib [gcc_s]
    arg [--pop-state] ==> ignore
    arg [/cvmfs/sft.cern.ch/lcg/releases/gcc/10.1.0-6f386/x86_64-centos7/bin/../lib/gcc/x86_64-pc-linux-gnu/10.1.0/crtend.o] ==> ignore
    arg [/lib/../lib64/crtn.o] ==> ignore
  collapse library dir [/cvmfs/sft.cern.ch/lcg/releases/gcc/10.1.0-6f386/x86_64-centos7/bin/../lib/gcc/x86_64-pc-linux-gnu/10.1.0] ==> [/cvmfs/sft.cern.ch/lcg/releases/gcc/10.1.0-6f386/x86_64-centos7/lib/gcc/x86_64-pc-linux-gnu/10.1.0]
  collapse library dir [/cvmfs/sft.cern.ch/lcg/releases/gcc/10.1.0-6f386/x86_64-centos7/bin/../lib/gcc] ==> [/cvmfs/sft.cern.ch/lcg/releases/gcc/10.1.0-6f386/x86_64-centos7/lib/gcc]
  collapse library dir [/cvmfs/sft.cern.ch/lcg/releases/gcc/10.1.0-6f386/x86_64-centos7/bin/../lib/gcc/x86_64-pc-linux-gnu/10.1.0/../../../../lib64] ==> [/cvmfs/sft.cern.ch/lcg/releases/gcc/10.1.0-6f386/x86_64-centos7/lib64]
  collapse library dir [/lib/../lib64] ==> [/lib64]
  collapse library dir [/usr/lib/../lib64] ==> [/usr/lib64]
  collapse library dir [/cvmfs/sft.cern.ch/lcg/releases/gcc/10.1.0-6f386/x86_64-centos7/bin/../lib/gcc/x86_64-pc-linux-gnu/10.1.0/../../..] ==> [/cvmfs/sft.cern.ch/lcg/releases/gcc/10.1.0-6f386/x86_64-centos7/lib]
  implicit libs: [gcc;gcc_s;c;gcc;gcc_s]
  implicit dirs: [/cvmfs/sft.cern.ch/lcg/releases/gcc/10.1.0-6f386/x86_64-centos7/lib/gcc/x86_64-pc-linux-gnu/10.1.0;/cvmfs/sft.cern.ch/lcg/releases/gcc/10.1.0-6f386/x86_64-centos7/lib/gcc;/cvmfs/sft.cern.ch/lcg/releases/gcc/10.1.0-6f386/x86_64-centos7/lib64;/lib64;/usr/lib64;/cvmfs/sft.cern.ch/lcg/releases/gcc/10.1.0-6f386/x86_64-centos7/lib]
  implicit fwks: []


Detecting CXX compiler ABI info compiled with the following output:
Change Dir: /data1/home/rnicolai/LEM_GDML_upgrade/build_f3_j4/CMakeFiles/CMakeTmp

Run Build Command(s):/usr/bin/gmake cmTC_61c41/fast && /usr/bin/gmake  -f CMakeFiles/cmTC_61c41.dir/build.make CMakeFiles/cmTC_61c41.dir/build
gmake[1]: Entering directory `/.autofs/data1/home/rnicolai/LEM_GDML_upgrade/build_f3_j4/CMakeFiles/CMakeTmp'
Building CXX object CMakeFiles/cmTC_61c41.dir/CMakeCXXCompilerABI.cpp.o
/cvmfs/sft.cern.ch/lcg/releases/gcc/10.1.0-6f386/x86_64-centos7/bin/g++   -v -o CMakeFiles/cmTC_61c41.dir/CMakeCXXCompilerABI.cpp.o -c /cvmfs/sft.cern.ch/lcg/releases/CMake/3.18.4-2ffec/x86_64-centos7-gcc10-opt/share/cmake-3.18/Modules/CMakeCXXCompilerABI.cpp
Using built-in specs.
COLLECT_GCC=/cvmfs/sft.cern.ch/lcg/releases/gcc/10.1.0-6f386/x86_64-centos7/bin/g++
Target: x86_64-pc-linux-gnu
Configured with: /build/gcc/WORK/build/contrib/gcc-10.1.0/src/gcc/10.1.0/configure --disable-multilib --prefix=/build/gcc/WORK/lcgcmake-install/gcc/10.1.0/x86_64-centos7 -with-system-zlib --enable-languages=all --with-gnu-ld --with-gnu-as
Thread model: posix
Supported LTO compression algorithms: zlib
gcc version 10.1.0 (GCC) 
COLLECT_GCC_OPTIONS='-v' '-o' 'CMakeFiles/cmTC_61c41.dir/CMakeCXXCompilerABI.cpp.o' '-c' '-shared-libgcc' '-mtune=generic' '-march=x86-64'
 /cvmfs/sft.cern.ch/lcg/releases/gcc/10.1.0-6f386/x86_64-centos7/bin/../libexec/gcc/x86_64-pc-linux-gnu/10.1.0/cc1plus -quiet -v -iprefix /cvmfs/sft.cern.ch/lcg/releases/gcc/10.1.0-6f386/x86_64-centos7/bin/../lib/gcc/x86_64-pc-linux-gnu/10.1.0/ -isystem /cvmfs/sft.cern.ch/lcg/releases/gcc/10.1.0-6f386/x86_64-centos7/include -D_GNU_SOURCE /cvmfs/sft.cern.ch/lcg/releases/CMake/3.18.4-2ffec/x86_64-centos7-gcc10-opt/share/cmake-3.18/Modules/CMakeCXXCompilerABI.cpp -quiet -dumpbase CMakeCXXCompilerABI.cpp -mtune=generic -march=x86-64 -auxbase-strip CMakeFiles/cmTC_61c41.dir/CMakeCXXCompilerABI.cpp.o -version -o /tmp/ccvEPv0h.s
GNU C++14 (GCC) version 10.1.0 (x86_64-pc-linux-gnu)
	compiled by GNU C version 10.1.0, GMP version 6.1.0, MPFR version 3.1.4, MPC version 1.0.3, isl version isl-0.18-GMP

GGC heuristics: --param ggc-min-expand=100 --param ggc-min-heapsize=131072
ignoring nonexistent directory "/cvmfs/sft.cern.ch/lcg/releases/gcc/10.1.0-6f386/x86_64-centos7/bin/../lib/gcc/x86_64-pc-linux-gnu/10.1.0/../../../../x86_64-pc-linux-gnu/include"
ignoring duplicate directory "/cvmfs/sft.cern.ch/lcg/releases/gcc/10.1.0-6f386/x86_64-centos7/bin/../lib/gcc/../../lib/gcc/x86_64-pc-linux-gnu/10.1.0/../../../../include/c++/10.1.0"
ignoring duplicate directory "/cvmfs/sft.cern.ch/lcg/releases/gcc/10.1.0-6f386/x86_64-centos7/bin/../lib/gcc/../../lib/gcc/x86_64-pc-linux-gnu/10.1.0/../../../../include/c++/10.1.0/x86_64-pc-linux-gnu"
ignoring duplicate directory "/cvmfs/sft.cern.ch/lcg/releases/gcc/10.1.0-6f386/x86_64-centos7/bin/../lib/gcc/../../lib/gcc/x86_64-pc-linux-gnu/10.1.0/../../../../include/c++/10.1.0/backward"
ignoring duplicate directory "/cvmfs/sft.cern.ch/lcg/releases/gcc/10.1.0-6f386/x86_64-centos7/bin/../lib/gcc/../../lib/gcc/x86_64-pc-linux-gnu/10.1.0/include"
ignoring duplicate directory "/cvmfs/sft.cern.ch/lcg/releases/gcc/10.1.0-6f386/x86_64-centos7/bin/../lib/gcc/../../include"
ignoring duplicate directory "/cvmfs/sft.cern.ch/lcg/releases/gcc/10.1.0-6f386/x86_64-centos7/bin/../lib/gcc/../../lib/gcc/x86_64-pc-linux-gnu/10.1.0/include-fixed"
ignoring nonexistent directory "/cvmfs/sft.cern.ch/lcg/releases/gcc/10.1.0-6f386/x86_64-centos7/bin/../lib/gcc/../../lib/gcc/x86_64-pc-linux-gnu/10.1.0/../../../../x86_64-pc-linux-gnu/include"
#include "..." search starts here:
#include <...> search starts here:
 /cvmfs/sft.cern.ch/lcg/releases/gcc/10.1.0-6f386/x86_64-centos7/include
 /cvmfs/sft.cern.ch/lcg/views/LCG_99/x86_64-centos7-gcc10-opt/include
 /cvmfs/sft.cern.ch/lcg/releases/gcc/10.1.0-6f386/x86_64-centos7/bin/../lib/gcc/x86_64-pc-linux-gnu/10.1.0/../../../../include/c++/10.1.0
 /cvmfs/sft.cern.ch/lcg/releases/gcc/10.1.0-6f386/x86_64-centos7/bin/../lib/gcc/x86_64-pc-linux-gnu/10.1.0/../../../../include/c++/10.1.0/x86_64-pc-linux-gnu
 /cvmfs/sft.cern.ch/lcg/releases/gcc/10.1.0-6f386/x86_64-centos7/bin/../lib/gcc/x86_64-pc-linux-gnu/10.1.0/../../../../include/c++/10.1.0/backward
 /cvmfs/sft.cern.ch/lcg/releases/gcc/10.1.0-6f386/x86_64-centos7/bin/../lib/gcc/x86_64-pc-linux-gnu/10.1.0/include
 /cvmfs/sft.cern.ch/lcg/releases/gcc/10.1.0-6f386/x86_64-centos7/bin/../lib/gcc/x86_64-pc-linux-gnu/10.1.0/include-fixed
 /usr/local/include
 /usr/include
End of search list.
GNU C++14 (GCC) version 10.1.0 (x86_64-pc-linux-gnu)
	compiled by GNU C version 10.1.0, GMP version 6.1.0, MPFR version 3.1.4, MPC version 1.0.3, isl version isl-0.18-GMP

GGC heuristics: --param ggc-min-expand=100 --param ggc-min-heapsize=131072
Compiler executable checksum: d65f805d86f9e9e7753d788e5db9f8d5
COLLECT_GCC_OPTIONS='-v' '-o' 'CMakeFiles/cmTC_61c41.dir/CMakeCXXCompilerABI.cpp.o' '-c' '-shared-libgcc' '-mtune=generic' '-march=x86-64'
 as -v --64 -o CMakeFiles/cmTC_61c41.dir/CMakeCXXCompilerABI.cpp.o /tmp/ccvEPv0h.s
GNU assembler version 2.34 (x86_64-pc-linux-gnu) using BFD version (GNU Binutils) 2.34
COMPILER_PATH=/cvmfs/sft.cern.ch/lcg/releases/gcc/10.1.0-6f386/x86_64-centos7/bin/../libexec/gcc/x86_64-pc-linux-gnu/10.1.0/:/cvmfs/sft.cern.ch/lcg/releases/gcc/10.1.0-6f386/x86_64-centos7/bin/../libexec/gcc/:/cvmfs/sft.cern.ch/lcg/releases/gcc/10.1.0-6f386/x86_64-centos7/
LIBRARY_PATH=/cvmfs/sft.cern.ch/lcg/releases/gcc/10.1.0-6f386/x86_64-centos7/bin/../lib/gcc/x86_64-pc-linux-gnu/10.1.0/:/cvmfs/sft.cern.ch/lcg/releases/gcc/10.1.0-6f386/x86_64-centos7/bin/../lib/gcc/:/cvmfs/sft.cern.ch/lcg/releases/gcc/10.1.0-6f386/x86_64-centos7/bin/../lib/gcc/x86_64-pc-linux-gnu/10.1.0/../../../../lib64/:/lib/../lib64/:/usr/lib/../lib64/:/cvmfs/sft.cern.ch/lcg/releases/gcc/10.1.0-6f386/x86_64-centos7/bin/../lib/gcc/x86_64-pc-linux-gnu/10.1.0/../../../:/lib/:/usr/lib/
COLLECT_GCC_OPTIONS='-v' '-o' 'CMakeFiles/cmTC_61c41.dir/CMakeCXXCompilerABI.cpp.o' '-c' '-shared-libgcc' '-mtune=generic' '-march=x86-64'
Linking CXX executable cmTC_61c41
/cvmfs/sft.cern.ch/lcg/releases/CMake/3.18.4-2ffec/x86_64-centos7-gcc10-opt/bin/cmake -E cmake_link_script CMakeFiles/cmTC_61c41.dir/link.txt --verbose=1
/cvmfs/sft.cern.ch/lcg/releases/gcc/10.1.0-6f386/x86_64-centos7/bin/g++  -v CMakeFiles/cmTC_61c41.dir/CMakeCXXCompilerABI.cpp.o -o cmTC_61c41 
Using built-in specs.
COLLECT_GCC=/cvmfs/sft.cern.ch/lcg/releases/gcc/10.1.0-6f386/x86_64-centos7/bin/g++
COLLECT_LTO_WRAPPER=/cvmfs/sft.cern.ch/lcg/releases/gcc/10.1.0-6f386/x86_64-centos7/bin/../libexec/gcc/x86_64-pc-linux-gnu/10.1.0/lto-wrapper
Target: x86_64-pc-linux-gnu
Configured with: /build/gcc/WORK/build/contrib/gcc-10.1.0/src/gcc/10.1.0/configure --disable-multilib --prefix=/build/gcc/WORK/lcgcmake-install/gcc/10.1.0/x86_64-centos7 -with-system-zlib --enable-languages=all --with-gnu-ld --with-gnu-as
Thread model: posix
Supported LTO compression algorithms: zlib
gcc version 10.1.0 (GCC) 
COMPILER_PATH=/cvmfs/sft.cern.ch/lcg/releases/gcc/10.1.0-6f386/x86_64-centos7/bin/../libexec/gcc/x86_64-pc-linux-gnu/10.1.0/:/cvmfs/sft.cern.ch/lcg/releases/gcc/10.1.0-6f386/x86_64-centos7/bin/../libexec/gcc/:/cvmfs/sft.cern.ch/lcg/releases/gcc/10.1.0-6f386/x86_64-centos7/
LIBRARY_PATH=/cvmfs/sft.cern.ch/lcg/releases/gcc/10.1.0-6f386/x86_64-centos7/bin/../lib/gcc/x86_64-pc-linux-gnu/10.1.0/:/cvmfs/sft.cern.ch/lcg/releases/gcc/10.1.0-6f386/x86_64-centos7/bin/../lib/gcc/:/cvmfs/sft.cern.ch/lcg/releases/gcc/10.1.0-6f386/x86_64-centos7/bin/../lib/gcc/x86_64-pc-linux-gnu/10.1.0/../../../../lib64/:/lib/../lib64/:/usr/lib/../lib64/:/cvmfs/sft.cern.ch/lcg/releases/gcc/10.1.0-6f386/x86_64-centos7/bin/../lib/gcc/x86_64-pc-linux-gnu/10.1.0/../../../:/lib/:/usr/lib/
COLLECT_GCC_OPTIONS='-v' '-o' 'cmTC_61c41' '-shared-libgcc' '-mtune=generic' '-march=x86-64'
 /cvmfs/sft.cern.ch/lcg/releases/gcc/10.1.0-6f386/x86_64-centos7/bin/../libexec/gcc/x86_64-pc-linux-gnu/10.1.0/collect2 -plugin /cvmfs/sft.cern.ch/lcg/releases/gcc/10.1.0-6f386/x86_64-centos7/bin/../libexec/gcc/x86_64-pc-linux-gnu/10.1.0/liblto_plugin.so -plugin-opt=/cvmfs/sft.cern.ch/lcg/releases/gcc/10.1.0-6f386/x86_64-centos7/bin/../libexec/gcc/x86_64-pc-linux-gnu/10.1.0/lto-wrapper -plugin-opt=-fresolution=/tmp/ccZy7m0l.res -plugin-opt=-pass-through=-lgcc_s -plugin-opt=-pass-through=-lgcc -plugin-opt=-pass-through=-lc -plugin-opt=-pass-through=-lgcc_s -plugin-opt=-pass-through=-lgcc --eh-frame-hdr -m elf_x86_64 -dynamic-linker /lib64/ld-linux-x86-64.so.2 -o cmTC_61c41 /lib/../lib64/crt1.o /lib/../lib64/crti.o /cvmfs/sft.cern.ch/lcg/releases/gcc/10.1.0-6f386/x86_64-centos7/bin/../lib/gcc/x86_64-pc-linux-gnu/10.1.0/crtbegin.o -L/cvmfs/sft.cern.ch/lcg/releases/gcc/10.1.0-6f386/x86_64-centos7/bin/../lib/gcc/x86_64-pc-linux-gnu/10.1.0 -L/cvmfs/sft.cern.ch/lcg/releases/gcc/10.1.0-6f386/x86_64-centos7/bin/../lib/gcc -L/cvmfs/sft.cern.ch/lcg/releases/gcc/10.1.0-6f386/x86_64-centos7/bin/../lib/gcc/x86_64-pc-linux-gnu/10.1.0/../../../../lib64 -L/lib/../lib64 -L/usr/lib/../lib64 -L/cvmfs/sft.cern.ch/lcg/releases/gcc/10.1.0-6f386/x86_64-centos7/bin/../lib/gcc/x86_64-pc-linux-gnu/10.1.0/../../.. CMakeFiles/cmTC_61c41.dir/CMakeCXXCompilerABI.cpp.o -lstdc++ -lm -lgcc_s -lgcc -lc -lgcc_s -lgcc /cvmfs/sft.cern.ch/lcg/releases/gcc/10.1.0-6f386/x86_64-centos7/bin/../lib/gcc/x86_64-pc-linux-gnu/10.1.0/crtend.o /lib/../lib64/crtn.o
COLLECT_GCC_OPTIONS='-v' '-o' 'cmTC_61c41' '-shared-libgcc' '-mtune=generic' '-march=x86-64'
gmake[1]: Leaving directory `/.autofs/data1/home/rnicolai/LEM_GDML_upgrade/build_f3_j4/CMakeFiles/CMakeTmp'



Parsed CXX implicit include dir info from above output: rv=done
  found start of include info
  found start of implicit include info
    add: [/cvmfs/sft.cern.ch/lcg/releases/gcc/10.1.0-6f386/x86_64-centos7/include]
    add: [/cvmfs/sft.cern.ch/lcg/views/LCG_99/x86_64-centos7-gcc10-opt/include]
    add: [/cvmfs/sft.cern.ch/lcg/releases/gcc/10.1.0-6f386/x86_64-centos7/bin/../lib/gcc/x86_64-pc-linux-gnu/10.1.0/../../../../include/c++/10.1.0]
    add: [/cvmfs/sft.cern.ch/lcg/releases/gcc/10.1.0-6f386/x86_64-centos7/bin/../lib/gcc/x86_64-pc-linux-gnu/10.1.0/../../../../include/c++/10.1.0/x86_64-pc-linux-gnu]
    add: [/cvmfs/sft.cern.ch/lcg/releases/gcc/10.1.0-6f386/x86_64-centos7/bin/../lib/gcc/x86_64-pc-linux-gnu/10.1.0/../../../../include/c++/10.1.0/backward]
    add: [/cvmfs/sft.cern.ch/lcg/releases/gcc/10.1.0-6f386/x86_64-centos7/bin/../lib/gcc/x86_64-pc-linux-gnu/10.1.0/include]
    add: [/cvmfs/sft.cern.ch/lcg/releases/gcc/10.1.0-6f386/x86_64-centos7/bin/../lib/gcc/x86_64-pc-linux-gnu/10.1.0/include-fixed]
    add: [/usr/local/include]
    add: [/usr/include]
  end of search list found
  collapse include dir [/cvmfs/sft.cern.ch/lcg/releases/gcc/10.1.0-6f386/x86_64-centos7/include] ==> [/cvmfs/sft.cern.ch/lcg/releases/gcc/10.1.0-6f386/x86_64-centos7/include]
  collapse include dir [/cvmfs/sft.cern.ch/lcg/views/LCG_99/x86_64-centos7-gcc10-opt/include] ==> [/cvmfs/sft.cern.ch/lcg/views/LCG_99/x86_64-centos7-gcc10-opt/include]
  collapse include dir [/cvmfs/sft.cern.ch/lcg/releases/gcc/10.1.0-6f386/x86_64-centos7/bin/../lib/gcc/x86_64-pc-linux-gnu/10.1.0/../../../../include/c++/10.1.0] ==> [/cvmfs/sft.cern.ch/lcg/releases/gcc/10.1.0-6f386/x86_64-centos7/include/c++/10.1.0]
  collapse include dir [/cvmfs/sft.cern.ch/lcg/releases/gcc/10.1.0-6f386/x86_64-centos7/bin/../lib/gcc/x86_64-pc-linux-gnu/10.1.0/../../../../include/c++/10.1.0/x86_64-pc-linux-gnu] ==> [/cvmfs/sft.cern.ch/lcg/releases/gcc/10.1.0-6f386/x86_64-centos7/include/c++/10.1.0/x86_64-pc-linux-gnu]
  collapse include dir [/cvmfs/sft.cern.ch/lcg/releases/gcc/10.1.0-6f386/x86_64-centos7/bin/../lib/gcc/x86_64-pc-linux-gnu/10.1.0/../../../../include/c++/10.1.0/backward] ==> [/cvmfs/sft.cern.ch/lcg/releases/gcc/10.1.0-6f386/x86_64-centos7/include/c++/10.1.0/backward]
  collapse include dir [/cvmfs/sft.cern.ch/lcg/releases/gcc/10.1.0-6f386/x86_64-centos7/bin/../lib/gcc/x86_64-pc-linux-gnu/10.1.0/include] ==> [/cvmfs/sft.cern.ch/lcg/releases/gcc/10.1.0-6f386/x86_64-centos7/lib/gcc/x86_64-pc-linux-gnu/10.1.0/include]
  collapse include dir [/cvmfs/sft.cern.ch/lcg/releases/gcc/10.1.0-6f386/x86_64-centos7/bin/../lib/gcc/x86_64-pc-linux-gnu/10.1.0/include-fixed] ==> [/cvmfs/sft.cern.ch/lcg/releases/gcc/10.1.0-6f386/x86_64-centos7/lib/gcc/x86_64-pc-linux-gnu/10.1.0/include-fixed]
  collapse include dir [/usr/local/include] ==> [/usr/local/include]
  collapse include dir [/usr/include] ==> [/usr/include]
  implicit include dirs: [/cvmfs/sft.cern.ch/lcg/releases/gcc/10.1.0-6f386/x86_64-centos7/include;/cvmfs/sft.cern.ch/lcg/views/LCG_99/x86_64-centos7-gcc10-opt/include;/cvmfs/sft.cern.ch/lcg/releases/gcc/10.1.0-6f386/x86_64-centos7/include/c++/10.1.0;/cvmfs/sft.cern.ch/lcg/releases/gcc/10.1.0-6f386/x86_64-centos7/include/c++/10.1.0/x86_64-pc-linux-gnu;/cvmfs/sft.cern.ch/lcg/releases/gcc/10.1.0-6f386/x86_64-centos7/include/c++/10.1.0/backward;/cvmfs/sft.cern.ch/lcg/releases/gcc/10.1.0-6f386/x86_64-centos7/lib/gcc/x86_64-pc-linux-gnu/10.1.0/include;/cvmfs/sft.cern.ch/lcg/releases/gcc/10.1.0-6f386/x86_64-centos7/lib/gcc/x86_64-pc-linux-gnu/10.1.0/include-fixed;/usr/local/include;/usr/include]


Parsed CXX implicit link information from above output:
  link line regex: [^( *|.*[/\])(ld|CMAKE_LINK_STARTFILE-NOTFOUND|([^/\]+-)?ld|collect2)[^/\]*( |$)]
  ignore line: [Change Dir: /data1/home/rnicolai/LEM_GDML_upgrade/build_f3_j4/CMakeFiles/CMakeTmp]
  ignore line: []
  ignore line: [Run Build Command(s):/usr/bin/gmake cmTC_61c41/fast && /usr/bin/gmake  -f CMakeFiles/cmTC_61c41.dir/build.make CMakeFiles/cmTC_61c41.dir/build]
  ignore line: [gmake[1]: Entering directory `/.autofs/data1/home/rnicolai/LEM_GDML_upgrade/build_f3_j4/CMakeFiles/CMakeTmp']
  ignore line: [Building CXX object CMakeFiles/cmTC_61c41.dir/CMakeCXXCompilerABI.cpp.o]
  ignore line: [/cvmfs/sft.cern.ch/lcg/releases/gcc/10.1.0-6f386/x86_64-centos7/bin/g++   -v -o CMakeFiles/cmTC_61c41.dir/CMakeCXXCompilerABI.cpp.o -c /cvmfs/sft.cern.ch/lcg/releases/CMake/3.18.4-2ffec/x86_64-centos7-gcc10-opt/share/cmake-3.18/Modules/CMakeCXXCompilerABI.cpp]
  ignore line: [Using built-in specs.]
  ignore line: [COLLECT_GCC=/cvmfs/sft.cern.ch/lcg/releases/gcc/10.1.0-6f386/x86_64-centos7/bin/g++]
  ignore line: [Target: x86_64-pc-linux-gnu]
  ignore line: [Configured with: /build/gcc/WORK/build/contrib/gcc-10.1.0/src/gcc/10.1.0/configure --disable-multilib --prefix=/build/gcc/WORK/lcgcmake-install/gcc/10.1.0/x86_64-centos7 -with-system-zlib --enable-languages=all --with-gnu-ld --with-gnu-as]
  ignore line: [Thread model: posix]
  ignore line: [Supported LTO compression algorithms: zlib]
  ignore line: [gcc version 10.1.0 (GCC) ]
  ignore line: [COLLECT_GCC_OPTIONS='-v' '-o' 'CMakeFiles/cmTC_61c41.dir/CMakeCXXCompilerABI.cpp.o' '-c' '-shared-libgcc' '-mtune=generic' '-march=x86-64']
  ignore line: [ /cvmfs/sft.cern.ch/lcg/releases/gcc/10.1.0-6f386/x86_64-centos7/bin/../libexec/gcc/x86_64-pc-linux-gnu/10.1.0/cc1plus -quiet -v -iprefix /cvmfs/sft.cern.ch/lcg/releases/gcc/10.1.0-6f386/x86_64-centos7/bin/../lib/gcc/x86_64-pc-linux-gnu/10.1.0/ -isystem /cvmfs/sft.cern.ch/lcg/releases/gcc/10.1.0-6f386/x86_64-centos7/include -D_GNU_SOURCE /cvmfs/sft.cern.ch/lcg/releases/CMake/3.18.4-2ffec/x86_64-centos7-gcc10-opt/share/cmake-3.18/Modules/CMakeCXXCompilerABI.cpp -quiet -dumpbase CMakeCXXCompilerABI.cpp -mtune=generic -march=x86-64 -auxbase-strip CMakeFiles/cmTC_61c41.dir/CMakeCXXCompilerABI.cpp.o -version -o /tmp/ccvEPv0h.s]
  ignore line: [GNU C++14 (GCC) version 10.1.0 (x86_64-pc-linux-gnu)]
  ignore line: [	compiled by GNU C version 10.1.0  GMP version 6.1.0  MPFR version 3.1.4  MPC version 1.0.3  isl version isl-0.18-GMP]
  ignore line: []
  ignore line: [GGC heuristics: --param ggc-min-expand=100 --param ggc-min-heapsize=131072]
  ignore line: [ignoring nonexistent directory "/cvmfs/sft.cern.ch/lcg/releases/gcc/10.1.0-6f386/x86_64-centos7/bin/../lib/gcc/x86_64-pc-linux-gnu/10.1.0/../../../../x86_64-pc-linux-gnu/include"]
  ignore line: [ignoring duplicate directory "/cvmfs/sft.cern.ch/lcg/releases/gcc/10.1.0-6f386/x86_64-centos7/bin/../lib/gcc/../../lib/gcc/x86_64-pc-linux-gnu/10.1.0/../../../../include/c++/10.1.0"]
  ignore line: [ignoring duplicate directory "/cvmfs/sft.cern.ch/lcg/releases/gcc/10.1.0-6f386/x86_64-centos7/bin/../lib/gcc/../../lib/gcc/x86_64-pc-linux-gnu/10.1.0/../../../../include/c++/10.1.0/x86_64-pc-linux-gnu"]
  ignore line: [ignoring duplicate directory "/cvmfs/sft.cern.ch/lcg/releases/gcc/10.1.0-6f386/x86_64-centos7/bin/../lib/gcc/../../lib/gcc/x86_64-pc-linux-gnu/10.1.0/../../../../include/c++/10.1.0/backward"]
  ignore line: [ignoring duplicate directory "/cvmfs/sft.cern.ch/lcg/releases/gcc/10.1.0-6f386/x86_64-centos7/bin/../lib/gcc/../../lib/gcc/x86_64-pc-linux-gnu/10.1.0/include"]
  ignore line: [ignoring duplicate directory "/cvmfs/sft.cern.ch/lcg/releases/gcc/10.1.0-6f386/x86_64-centos7/bin/../lib/gcc/../../include"]
  ignore line: [ignoring duplicate directory "/cvmfs/sft.cern.ch/lcg/releases/gcc/10.1.0-6f386/x86_64-centos7/bin/../lib/gcc/../../lib/gcc/x86_64-pc-linux-gnu/10.1.0/include-fixed"]
  ignore line: [ignoring nonexistent directory "/cvmfs/sft.cern.ch/lcg/releases/gcc/10.1.0-6f386/x86_64-centos7/bin/../lib/gcc/../../lib/gcc/x86_64-pc-linux-gnu/10.1.0/../../../../x86_64-pc-linux-gnu/include"]
  ignore line: [#include "..." search starts here:]
  ignore line: [#include <...> search starts here:]
  ignore line: [ /cvmfs/sft.cern.ch/lcg/releases/gcc/10.1.0-6f386/x86_64-centos7/include]
  ignore line: [ /cvmfs/sft.cern.ch/lcg/views/LCG_99/x86_64-centos7-gcc10-opt/include]
  ignore line: [ /cvmfs/sft.cern.ch/lcg/releases/gcc/10.1.0-6f386/x86_64-centos7/bin/../lib/gcc/x86_64-pc-linux-gnu/10.1.0/../../../../include/c++/10.1.0]
  ignore line: [ /cvmfs/sft.cern.ch/lcg/releases/gcc/10.1.0-6f386/x86_64-centos7/bin/../lib/gcc/x86_64-pc-linux-gnu/10.1.0/../../../../include/c++/10.1.0/x86_64-pc-linux-gnu]
  ignore line: [ /cvmfs/sft.cern.ch/lcg/releases/gcc/10.1.0-6f386/x86_64-centos7/bin/../lib/gcc/x86_64-pc-linux-gnu/10.1.0/../../../../include/c++/10.1.0/backward]
  ignore line: [ /cvmfs/sft.cern.ch/lcg/releases/gcc/10.1.0-6f386/x86_64-centos7/bin/../lib/gcc/x86_64-pc-linux-gnu/10.1.0/include]
  ignore line: [ /cvmfs/sft.cern.ch/lcg/releases/gcc/10.1.0-6f386/x86_64-centos7/bin/../lib/gcc/x86_64-pc-linux-gnu/10.1.0/include-fixed]
  ignore line: [ /usr/local/include]
  ignore line: [ /usr/include]
  ignore line: [End of search list.]
  ignore line: [GNU C++14 (GCC) version 10.1.0 (x86_64-pc-linux-gnu)]
  ignore line: [	compiled by GNU C version 10.1.0  GMP version 6.1.0  MPFR version 3.1.4  MPC version 1.0.3  isl version isl-0.18-GMP]
  ignore line: []
  ignore line: [GGC heuristics: --param ggc-min-expand=100 --param ggc-min-heapsize=131072]
  ignore line: [Compiler executable checksum: d65f805d86f9e9e7753d788e5db9f8d5]
  ignore line: [COLLECT_GCC_OPTIONS='-v' '-o' 'CMakeFiles/cmTC_61c41.dir/CMakeCXXCompilerABI.cpp.o' '-c' '-shared-libgcc' '-mtune=generic' '-march=x86-64']
  ignore line: [ as -v --64 -o CMakeFiles/cmTC_61c41.dir/CMakeCXXCompilerABI.cpp.o /tmp/ccvEPv0h.s]
  ignore line: [GNU assembler version 2.34 (x86_64-pc-linux-gnu) using BFD version (GNU Binutils) 2.34]
  ignore line: [COMPILER_PATH=/cvmfs/sft.cern.ch/lcg/releases/gcc/10.1.0-6f386/x86_64-centos7/bin/../libexec/gcc/x86_64-pc-linux-gnu/10.1.0/:/cvmfs/sft.cern.ch/lcg/releases/gcc/10.1.0-6f386/x86_64-centos7/bin/../libexec/gcc/:/cvmfs/sft.cern.ch/lcg/releases/gcc/10.1.0-6f386/x86_64-centos7/]
  ignore line: [LIBRARY_PATH=/cvmfs/sft.cern.ch/lcg/releases/gcc/10.1.0-6f386/x86_64-centos7/bin/../lib/gcc/x86_64-pc-linux-gnu/10.1.0/:/cvmfs/sft.cern.ch/lcg/releases/gcc/10.1.0-6f386/x86_64-centos7/bin/../lib/gcc/:/cvmfs/sft.cern.ch/lcg/releases/gcc/10.1.0-6f386/x86_64-centos7/bin/../lib/gcc/x86_64-pc-linux-gnu/10.1.0/../../../../lib64/:/lib/../lib64/:/usr/lib/../lib64/:/cvmfs/sft.cern.ch/lcg/releases/gcc/10.1.0-6f386/x86_64-centos7/bin/../lib/gcc/x86_64-pc-linux-gnu/10.1.0/../../../:/lib/:/usr/lib/]
  ignore line: [COLLECT_GCC_OPTIONS='-v' '-o' 'CMakeFiles/cmTC_61c41.dir/CMakeCXXCompilerABI.cpp.o' '-c' '-shared-libgcc' '-mtune=generic' '-march=x86-64']
  ignore line: [Linking CXX executable cmTC_61c41]
  ignore line: [/cvmfs/sft.cern.ch/lcg/releases/CMake/3.18.4-2ffec/x86_64-centos7-gcc10-opt/bin/cmake -E cmake_link_script CMakeFiles/cmTC_61c41.dir/link.txt --verbose=1]
  ignore line: [/cvmfs/sft.cern.ch/lcg/releases/gcc/10.1.0-6f386/x86_64-centos7/bin/g++  -v CMakeFiles/cmTC_61c41.dir/CMakeCXXCompilerABI.cpp.o -o cmTC_61c41 ]
  ignore line: [Using built-in specs.]
  ignore line: [COLLECT_GCC=/cvmfs/sft.cern.ch/lcg/releases/gcc/10.1.0-6f386/x86_64-centos7/bin/g++]
  ignore line: [COLLECT_LTO_WRAPPER=/cvmfs/sft.cern.ch/lcg/releases/gcc/10.1.0-6f386/x86_64-centos7/bin/../libexec/gcc/x86_64-pc-linux-gnu/10.1.0/lto-wrapper]
  ignore line: [Target: x86_64-pc-linux-gnu]
  ignore line: [Configured with: /build/gcc/WORK/build/contrib/gcc-10.1.0/src/gcc/10.1.0/configure --disable-multilib --prefix=/build/gcc/WORK/lcgcmake-install/gcc/10.1.0/x86_64-centos7 -with-system-zlib --enable-languages=all --with-gnu-ld --with-gnu-as]
  ignore line: [Thread model: posix]
  ignore line: [Supported LTO compression algorithms: zlib]
  ignore line: [gcc version 10.1.0 (GCC) ]
  ignore line: [COMPILER_PATH=/cvmfs/sft.cern.ch/lcg/releases/gcc/10.1.0-6f386/x86_64-centos7/bin/../libexec/gcc/x86_64-pc-linux-gnu/10.1.0/:/cvmfs/sft.cern.ch/lcg/releases/gcc/10.1.0-6f386/x86_64-centos7/bin/../libexec/gcc/:/cvmfs/sft.cern.ch/lcg/releases/gcc/10.1.0-6f386/x86_64-centos7/]
  ignore line: [LIBRARY_PATH=/cvmfs/sft.cern.ch/lcg/releases/gcc/10.1.0-6f386/x86_64-centos7/bin/../lib/gcc/x86_64-pc-linux-gnu/10.1.0/:/cvmfs/sft.cern.ch/lcg/releases/gcc/10.1.0-6f386/x86_64-centos7/bin/../lib/gcc/:/cvmfs/sft.cern.ch/lcg/releases/gcc/10.1.0-6f386/x86_64-centos7/bin/../lib/gcc/x86_64-pc-linux-gnu/10.1.0/../../../../lib64/:/lib/../lib64/:/usr/lib/../lib64/:/cvmfs/sft.cern.ch/lcg/releases/gcc/10.1.0-6f386/x86_64-centos7/bin/../lib/gcc/x86_64-pc-linux-gnu/10.1.0/../../../:/lib/:/usr/lib/]
  ignore line: [COLLECT_GCC_OPTIONS='-v' '-o' 'cmTC_61c41' '-shared-libgcc' '-mtune=generic' '-march=x86-64']
  link line: [ /cvmfs/sft.cern.ch/lcg/releases/gcc/10.1.0-6f386/x86_64-centos7/bin/../libexec/gcc/x86_64-pc-linux-gnu/10.1.0/collect2 -plugin /cvmfs/sft.cern.ch/lcg/releases/gcc/10.1.0-6f386/x86_64-centos7/bin/../libexec/gcc/x86_64-pc-linux-gnu/10.1.0/liblto_plugin.so -plugin-opt=/cvmfs/sft.cern.ch/lcg/releases/gcc/10.1.0-6f386/x86_64-centos7/bin/../libexec/gcc/x86_64-pc-linux-gnu/10.1.0/lto-wrapper -plugin-opt=-fresolution=/tmp/ccZy7m0l.res -plugin-opt=-pass-through=-lgcc_s -plugin-opt=-pass-through=-lgcc -plugin-opt=-pass-through=-lc -plugin-opt=-pass-through=-lgcc_s -plugin-opt=-pass-through=-lgcc --eh-frame-hdr -m elf_x86_64 -dynamic-linker /lib64/ld-linux-x86-64.so.2 -o cmTC_61c41 /lib/../lib64/crt1.o /lib/../lib64/crti.o /cvmfs/sft.cern.ch/lcg/releases/gcc/10.1.0-6f386/x86_64-centos7/bin/../lib/gcc/x86_64-pc-linux-gnu/10.1.0/crtbegin.o -L/cvmfs/sft.cern.ch/lcg/releases/gcc/10.1.0-6f386/x86_64-centos7/bin/../lib/gcc/x86_64-pc-linux-gnu/10.1.0 -L/cvmfs/sft.cern.ch/lcg/releases/gcc/10.1.0-6f386/x86_64-centos7/bin/../lib/gcc -L/cvmfs/sft.cern.ch/lcg/releases/gcc/10.1.0-6f386/x86_64-centos7/bin/../lib/gcc/x86_64-pc-linux-gnu/10.1.0/../../../../lib64 -L/lib/../lib64 -L/usr/lib/../lib64 -L/cvmfs/sft.cern.ch/lcg/releases/gcc/10.1.0-6f386/x86_64-centos7/bin/../lib/gcc/x86_64-pc-linux-gnu/10.1.0/../../.. CMakeFiles/cmTC_61c41.dir/CMakeCXXCompilerABI.cpp.o -lstdc++ -lm -lgcc_s -lgcc -lc -lgcc_s -lgcc /cvmfs/sft.cern.ch/lcg/releases/gcc/10.1.0-6f386/x86_64-centos7/bin/../lib/gcc/x86_64-pc-linux-gnu/10.1.0/crtend.o /lib/../lib64/crtn.o]
    arg [/cvmfs/sft.cern.ch/lcg/releases/gcc/10.1.0-6f386/x86_64-centos7/bin/../libexec/gcc/x86_64-pc-linux-gnu/10.1.0/collect2] ==> ignore
    arg [-plugin] ==> ignore
    arg [/cvmfs/sft.cern.ch/lcg/releases/gcc/10.1.0-6f386/x86_64-centos7/bin/../libexec/gcc/x86_64-pc-linux-gnu/10.1.0/liblto_plugin.so] ==> ignore
    arg [-plugin-opt=/cvmfs/sft.cern.ch/lcg/releases/gcc/10.1.0-6f386/x86_64-centos7/bin/../libexec/gcc/x86_64-pc-linux-gnu/10.1.0/lto-wrapper] ==> ignore
    arg [-plugin-opt=-fresolution=/tmp/ccZy7m0l.res] ==> ignore
    arg [-plugin-opt=-pass-through=-lgcc_s] ==> ignore
    arg [-plugin-opt=-pass-through=-lgcc] ==> ignore
    arg [-plugin-opt=-pass-through=-lc] ==> ignore
    arg [-plugin-opt=-pass-through=-lgcc_s] ==> ignore
    arg [-plugin-opt=-pass-through=-lgcc] ==> ignore
    arg [--eh-frame-hdr] ==> ignore
    arg [-m] ==> ignore
    arg [elf_x86_64] ==> ignore
    arg [-dynamic-linker] ==> ignore
    arg [/lib64/ld-linux-x86-64.so.2] ==> ignore
    arg [-o] ==> ignore
    arg [cmTC_61c41] ==> ignore
    arg [/lib/../lib64/crt1.o] ==> ignore
    arg [/lib/../lib64/crti.o] ==> ignore
    arg [/cvmfs/sft.cern.ch/lcg/releases/gcc/10.1.0-6f386/x86_64-centos7/bin/../lib/gcc/x86_64-pc-linux-gnu/10.1.0/crtbegin.o] ==> ignore
    arg [-L/cvmfs/sft.cern.ch/lcg/releases/gcc/10.1.0-6f386/x86_64-centos7/bin/../lib/gcc/x86_64-pc-linux-gnu/10.1.0] ==> dir [/cvmfs/sft.cern.ch/lcg/releases/gcc/10.1.0-6f386/x86_64-centos7/bin/../lib/gcc/x86_64-pc-linux-gnu/10.1.0]
    arg [-L/cvmfs/sft.cern.ch/lcg/releases/gcc/10.1.0-6f386/x86_64-centos7/bin/../lib/gcc] ==> dir [/cvmfs/sft.cern.ch/lcg/releases/gcc/10.1.0-6f386/x86_64-centos7/bin/../lib/gcc]
    arg [-L/cvmfs/sft.cern.ch/lcg/releases/gcc/10.1.0-6f386/x86_64-centos7/bin/../lib/gcc/x86_64-pc-linux-gnu/10.1.0/../../../../lib64] ==> dir [/cvmfs/sft.cern.ch/lcg/releases/gcc/10.1.0-6f386/x86_64-centos7/bin/../lib/gcc/x86_64-pc-linux-gnu/10.1.0/../../../../lib64]
    arg [-L/lib/../lib64] ==> dir [/lib/../lib64]
    arg [-L/usr/lib/../lib64] ==> dir [/usr/lib/../lib64]
    arg [-L/cvmfs/sft.cern.ch/lcg/releases/gcc/10.1.0-6f386/x86_64-centos7/bin/../lib/gcc/x86_64-pc-linux-gnu/10.1.0/../../..] ==> dir [/cvmfs/sft.cern.ch/lcg/releases/gcc/10.1.0-6f386/x86_64-centos7/bin/../lib/gcc/x86_64-pc-linux-gnu/10.1.0/../../..]
    arg [CMakeFiles/cmTC_61c41.dir/CMakeCXXCompilerABI.cpp.o] ==> ignore
    arg [-lstdc++] ==> lib [stdc++]
    arg [-lm] ==> lib [m]
    arg [-lgcc_s] ==> lib [gcc_s]
    arg [-lgcc] ==> lib [gcc]
    arg [-lc] ==> lib [c]
    arg [-lgcc_s] ==> lib [gcc_s]
    arg [-lgcc] ==> lib [gcc]
    arg [/cvmfs/sft.cern.ch/lcg/releases/gcc/10.1.0-6f386/x86_64-centos7/bin/../lib/gcc/x86_64-pc-linux-gnu/10.1.0/crtend.o] ==> ignore
    arg [/lib/../lib64/crtn.o] ==> ignore
  collapse library dir [/cvmfs/sft.cern.ch/lcg/releases/gcc/10.1.0-6f386/x86_64-centos7/bin/../lib/gcc/x86_64-pc-linux-gnu/10.1.0] ==> [/cvmfs/sft.cern.ch/lcg/releases/gcc/10.1.0-6f386/x86_64-centos7/lib/gcc/x86_64-pc-linux-gnu/10.1.0]
  collapse library dir [/cvmfs/sft.cern.ch/lcg/releases/gcc/10.1.0-6f386/x86_64-centos7/bin/../lib/gcc] ==> [/cvmfs/sft.cern.ch/lcg/releases/gcc/10.1.0-6f386/x86_64-centos7/lib/gcc]
  collapse library dir [/cvmfs/sft.cern.ch/lcg/releases/gcc/10.1.0-6f386/x86_64-centos7/bin/../lib/gcc/x86_64-pc-linux-gnu/10.1.0/../../../../lib64] ==> [/cvmfs/sft.cern.ch/lcg/releases/gcc/10.1.0-6f386/x86_64-centos7/lib64]
  collapse library dir [/lib/../lib64] ==> [/lib64]
  collapse library dir [/usr/lib/../lib64] ==> [/usr/lib64]
  collapse library dir [/cvmfs/sft.cern.ch/lcg/releases/gcc/10.1.0-6f386/x86_64-centos7/bin/../lib/gcc/x86_64-pc-linux-gnu/10.1.0/../../..] ==> [/cvmfs/sft.cern.ch/lcg/releases/gcc/10.1.0-6f386/x86_64-centos7/lib]
  implicit libs: [stdc++;m;gcc_s;gcc;c;gcc_s;gcc]
  implicit dirs: [/cvmfs/sft.cern.ch/lcg/releases/gcc/10.1.0-6f386/x86_64-centos7/lib/gcc/x86_64-pc-linux-gnu/10.1.0;/cvmfs/sft.cern.ch/lcg/releases/gcc/10.1.0-6f386/x86_64-centos7/lib/gcc;/cvmfs/sft.cern.ch/lcg/releases/gcc/10.1.0-6f386/x86_64-centos7/lib64;/lib64;/usr/lib64;/cvmfs/sft.cern.ch/lcg/releases/gcc/10.1.0-6f386/x86_64-centos7/lib]
  implicit fwks: []


Determining if the include file pthread.h exists passed with the following output:
Change Dir: /data1/home/rnicolai/LEM_GDML_upgrade/build_f3_j4/CMakeFiles/CMakeTmp

Run Build Command(s):/usr/bin/gmake cmTC_101d7/fast && /usr/bin/gmake  -f CMakeFiles/cmTC_101d7.dir/build.make CMakeFiles/cmTC_101d7.dir/build
gmake[1]: Entering directory `/.autofs/data1/home/rnicolai/LEM_GDML_upgrade/build_f3_j4/CMakeFiles/CMakeTmp'
Building C object CMakeFiles/cmTC_101d7.dir/CheckIncludeFile.c.o
/cvmfs/sft.cern.ch/lcg/releases/gcc/10.1.0-6f386/x86_64-centos7/bin/gcc    -o CMakeFiles/cmTC_101d7.dir/CheckIncludeFile.c.o -c /data1/home/rnicolai/LEM_GDML_upgrade/build_f3_j4/CMakeFiles/CMakeTmp/CheckIncludeFile.c
Linking C executable cmTC_101d7
/cvmfs/sft.cern.ch/lcg/releases/CMake/3.18.4-2ffec/x86_64-centos7-gcc10-opt/bin/cmake -E cmake_link_script CMakeFiles/cmTC_101d7.dir/link.txt --verbose=1
/cvmfs/sft.cern.ch/lcg/releases/gcc/10.1.0-6f386/x86_64-centos7/bin/gcc CMakeFiles/cmTC_101d7.dir/CheckIncludeFile.c.o -o cmTC_101d7 
gmake[1]: Leaving directory `/.autofs/data1/home/rnicolai/LEM_GDML_upgrade/build_f3_j4/CMakeFiles/CMakeTmp'



Performing C++ SOURCE FILE Test check_cxx_compiler_flag__Wabi succeeded with the following output:
Change Dir: /data1/home/rnicolai/LEM_GDML_upgrade/build_f3_j4/CMakeFiles/CMakeTmp

Run Build Command(s):/usr/bin/gmake cmTC_61772/fast && /usr/bin/gmake  -f CMakeFiles/cmTC_61772.dir/build.make CMakeFiles/cmTC_61772.dir/build
gmake[1]: Entering directory `/.autofs/data1/home/rnicolai/LEM_GDML_upgrade/build_f3_j4/CMakeFiles/CMakeTmp'
Building CXX object CMakeFiles/cmTC_61772.dir/src.cxx.o
/cvmfs/sft.cern.ch/lcg/releases/gcc/10.1.0-6f386/x86_64-centos7/bin/g++   -Dcheck_cxx_compiler_flag__Wabi   -Wabi -o CMakeFiles/cmTC_61772.dir/src.cxx.o -c /data1/home/rnicolai/LEM_GDML_upgrade/build_f3_j4/CMakeFiles/CMakeTmp/src.cxx
cc1plus: warning: -Wabi wont warn about anything [-Wabi]
cc1plus: note: -Wabi warns about differences from the most up-to-date ABI, which is also used by default
cc1plus: note: use e.g. -Wabi=11 to warn about changes from GCC 7
Linking CXX executable cmTC_61772
/cvmfs/sft.cern.ch/lcg/releases/CMake/3.18.4-2ffec/x86_64-centos7-gcc10-opt/bin/cmake -E cmake_link_script CMakeFiles/cmTC_61772.dir/link.txt --verbose=1
/cvmfs/sft.cern.ch/lcg/releases/gcc/10.1.0-6f386/x86_64-centos7/bin/g++  -Dcheck_cxx_compiler_flag__Wabi -rdynamic CMakeFiles/cmTC_61772.dir/src.cxx.o -o cmTC_61772 
gmake[1]: Leaving directory `/.autofs/data1/home/rnicolai/LEM_GDML_upgrade/build_f3_j4/CMakeFiles/CMakeTmp'


Source file was:
#include <cstdio>
      int main() { return 0; }
Performing C++ SOURCE FILE Test check_cxx_compiler_flag__fabi_version_0 succeeded with the following output:
Change Dir: /data1/home/rnicolai/LEM_GDML_upgrade/build_f3_j4/CMakeFiles/CMakeTmp

Run Build Command(s):/usr/bin/gmake cmTC_0b3bd/fast && /usr/bin/gmake  -f CMakeFiles/cmTC_0b3bd.dir/build.make CMakeFiles/cmTC_0b3bd.dir/build
gmake[1]: Entering directory `/.autofs/data1/home/rnicolai/LEM_GDML_upgrade/build_f3_j4/CMakeFiles/CMakeTmp'
Building CXX object CMakeFiles/cmTC_0b3bd.dir/src.cxx.o
/cvmfs/sft.cern.ch/lcg/releases/gcc/10.1.0-6f386/x86_64-centos7/bin/g++   -Dcheck_cxx_compiler_flag__fabi_version_0   -fabi-version=0 -o CMakeFiles/cmTC_0b3bd.dir/src.cxx.o -c /data1/home/rnicolai/LEM_GDML_upgrade/build_f3_j4/CMakeFiles/CMakeTmp/src.cxx
Linking CXX executable cmTC_0b3bd
/cvmfs/sft.cern.ch/lcg/releases/CMake/3.18.4-2ffec/x86_64-centos7-gcc10-opt/bin/cmake -E cmake_link_script CMakeFiles/cmTC_0b3bd.dir/link.txt --verbose=1
/cvmfs/sft.cern.ch/lcg/releases/gcc/10.1.0-6f386/x86_64-centos7/bin/g++  -Dcheck_cxx_compiler_flag__fabi_version_0 -rdynamic CMakeFiles/cmTC_0b3bd.dir/src.cxx.o -o cmTC_0b3bd 
gmake[1]: Leaving directory `/.autofs/data1/home/rnicolai/LEM_GDML_upgrade/build_f3_j4/CMakeFiles/CMakeTmp'


Source file was:
#include <cstdio>
      int main() { return 0; }
Performing C++ SOURCE FILE Test check_cxx_compiler_flag__fabi_compat_version_0 succeeded with the following output:
Change Dir: /data1/home/rnicolai/LEM_GDML_upgrade/build_f3_j4/CMakeFiles/CMakeTmp

Run Build Command(s):/usr/bin/gmake cmTC_8d960/fast && /usr/bin/gmake  -f CMakeFiles/cmTC_8d960.dir/build.make CMakeFiles/cmTC_8d960.dir/build
gmake[1]: Entering directory `/.autofs/data1/home/rnicolai/LEM_GDML_upgrade/build_f3_j4/CMakeFiles/CMakeTmp'
Building CXX object CMakeFiles/cmTC_8d960.dir/src.cxx.o
/cvmfs/sft.cern.ch/lcg/releases/gcc/10.1.0-6f386/x86_64-centos7/bin/g++   -Dcheck_cxx_compiler_flag__fabi_compat_version_0   -fabi-compat-version=0 -o CMakeFiles/cmTC_8d960.dir/src.cxx.o -c /data1/home/rnicolai/LEM_GDML_upgrade/build_f3_j4/CMakeFiles/CMakeTmp/src.cxx
Linking CXX executable cmTC_8d960
/cvmfs/sft.cern.ch/lcg/releases/CMake/3.18.4-2ffec/x86_64-centos7-gcc10-opt/bin/cmake -E cmake_link_script CMakeFiles/cmTC_8d960.dir/link.txt --verbose=1
/cvmfs/sft.cern.ch/lcg/releases/gcc/10.1.0-6f386/x86_64-centos7/bin/g++  -Dcheck_cxx_compiler_flag__fabi_compat_version_0 -rdynamic CMakeFiles/cmTC_8d960.dir/src.cxx.o -o cmTC_8d960 
gmake[1]: Leaving directory `/.autofs/data1/home/rnicolai/LEM_GDML_upgrade/build_f3_j4/CMakeFiles/CMakeTmp'


Source file was:
#include <cstdio>
      int main() { return 0; }
Performing C++ SOURCE FILE Test check_cxx_compiler_flag__ffp_contract_fast succeeded with the following output:
Change Dir: /data1/home/rnicolai/LEM_GDML_upgrade/build_f3_j4/CMakeFiles/CMakeTmp

Run Build Command(s):/usr/bin/gmake cmTC_81937/fast && /usr/bin/gmake  -f CMakeFiles/cmTC_81937.dir/build.make CMakeFiles/cmTC_81937.dir/build
gmake[1]: Entering directory `/.autofs/data1/home/rnicolai/LEM_GDML_upgrade/build_f3_j4/CMakeFiles/CMakeTmp'
Building CXX object CMakeFiles/cmTC_81937.dir/src.cxx.o
/cvmfs/sft.cern.ch/lcg/releases/gcc/10.1.0-6f386/x86_64-centos7/bin/g++   -Dcheck_cxx_compiler_flag__ffp_contract_fast   -ffp-contract=fast -o CMakeFiles/cmTC_81937.dir/src.cxx.o -c /data1/home/rnicolai/LEM_GDML_upgrade/build_f3_j4/CMakeFiles/CMakeTmp/src.cxx
Linking CXX executable cmTC_81937
/cvmfs/sft.cern.ch/lcg/releases/CMake/3.18.4-2ffec/x86_64-centos7-gcc10-opt/bin/cmake -E cmake_link_script CMakeFiles/cmTC_81937.dir/link.txt --verbose=1
/cvmfs/sft.cern.ch/lcg/releases/gcc/10.1.0-6f386/x86_64-centos7/bin/g++  -Dcheck_cxx_compiler_flag__ffp_contract_fast -rdynamic CMakeFiles/cmTC_81937.dir/src.cxx.o -o cmTC_81937 
gmake[1]: Leaving directory `/.autofs/data1/home/rnicolai/LEM_GDML_upgrade/build_f3_j4/CMakeFiles/CMakeTmp'


Source file was:
#include <cstdio>
      int main() { return 0; }
Performing C++ SOURCE FILE Test check_cxx_compiler_flag__march_skylake_avx512 succeeded with the following output:
Change Dir: /data1/home/rnicolai/LEM_GDML_upgrade/build_f3_j4/CMakeFiles/CMakeTmp

Run Build Command(s):/usr/bin/gmake cmTC_fe68a/fast && /usr/bin/gmake  -f CMakeFiles/cmTC_fe68a.dir/build.make CMakeFiles/cmTC_fe68a.dir/build
gmake[1]: Entering directory `/.autofs/data1/home/rnicolai/LEM_GDML_upgrade/build_f3_j4/CMakeFiles/CMakeTmp'
Building CXX object CMakeFiles/cmTC_fe68a.dir/src.cxx.o
/cvmfs/sft.cern.ch/lcg/releases/gcc/10.1.0-6f386/x86_64-centos7/bin/g++   -Dcheck_cxx_compiler_flag__march_skylake_avx512   -march=skylake-avx512 -o CMakeFiles/cmTC_fe68a.dir/src.cxx.o -c /data1/home/rnicolai/LEM_GDML_upgrade/build_f3_j4/CMakeFiles/CMakeTmp/src.cxx
Linking CXX executable cmTC_fe68a
/cvmfs/sft.cern.ch/lcg/releases/CMake/3.18.4-2ffec/x86_64-centos7-gcc10-opt/bin/cmake -E cmake_link_script CMakeFiles/cmTC_fe68a.dir/link.txt --verbose=1
/cvmfs/sft.cern.ch/lcg/releases/gcc/10.1.0-6f386/x86_64-centos7/bin/g++  -Dcheck_cxx_compiler_flag__march_skylake_avx512 -rdynamic CMakeFiles/cmTC_fe68a.dir/src.cxx.o -o cmTC_fe68a 
gmake[1]: Leaving directory `/.autofs/data1/home/rnicolai/LEM_GDML_upgrade/build_f3_j4/CMakeFiles/CMakeTmp'


Source file was:
#include <cstdio>
      int main() { return 0; }
Performing C++ SOURCE FILE Test check_cxx_compiler_flag__msse2 succeeded with the following output:
Change Dir: /data1/home/rnicolai/LEM_GDML_upgrade/build_f3_j4/CMakeFiles/CMakeTmp

Run Build Command(s):/usr/bin/gmake cmTC_c10fd/fast && /usr/bin/gmake  -f CMakeFiles/cmTC_c10fd.dir/build.make CMakeFiles/cmTC_c10fd.dir/build
gmake[1]: Entering directory `/.autofs/data1/home/rnicolai/LEM_GDML_upgrade/build_f3_j4/CMakeFiles/CMakeTmp'
Building CXX object CMakeFiles/cmTC_c10fd.dir/src.cxx.o
/cvmfs/sft.cern.ch/lcg/releases/gcc/10.1.0-6f386/x86_64-centos7/bin/g++   -Dcheck_cxx_compiler_flag__msse2   -msse2 -o CMakeFiles/cmTC_c10fd.dir/src.cxx.o -c /data1/home/rnicolai/LEM_GDML_upgrade/build_f3_j4/CMakeFiles/CMakeTmp/src.cxx
Linking CXX executable cmTC_c10fd
/cvmfs/sft.cern.ch/lcg/releases/CMake/3.18.4-2ffec/x86_64-centos7-gcc10-opt/bin/cmake -E cmake_link_script CMakeFiles/cmTC_c10fd.dir/link.txt --verbose=1
/cvmfs/sft.cern.ch/lcg/releases/gcc/10.1.0-6f386/x86_64-centos7/bin/g++  -Dcheck_cxx_compiler_flag__msse2 -rdynamic CMakeFiles/cmTC_c10fd.dir/src.cxx.o -o cmTC_c10fd 
gmake[1]: Leaving directory `/.autofs/data1/home/rnicolai/LEM_GDML_upgrade/build_f3_j4/CMakeFiles/CMakeTmp'


Source file was:
#include <cstdio>
      int main() { return 0; }
Performing C++ SOURCE FILE Test check_cxx_compiler_flag__msse3 succeeded with the following output:
Change Dir: /data1/home/rnicolai/LEM_GDML_upgrade/build_f3_j4/CMakeFiles/CMakeTmp

Run Build Command(s):/usr/bin/gmake cmTC_0af5b/fast && /usr/bin/gmake  -f CMakeFiles/cmTC_0af5b.dir/build.make CMakeFiles/cmTC_0af5b.dir/build
gmake[1]: Entering directory `/.autofs/data1/home/rnicolai/LEM_GDML_upgrade/build_f3_j4/CMakeFiles/CMakeTmp'
Building CXX object CMakeFiles/cmTC_0af5b.dir/src.cxx.o
/cvmfs/sft.cern.ch/lcg/releases/gcc/10.1.0-6f386/x86_64-centos7/bin/g++   -Dcheck_cxx_compiler_flag__msse3   -msse3 -o CMakeFiles/cmTC_0af5b.dir/src.cxx.o -c /data1/home/rnicolai/LEM_GDML_upgrade/build_f3_j4/CMakeFiles/CMakeTmp/src.cxx
Linking CXX executable cmTC_0af5b
/cvmfs/sft.cern.ch/lcg/releases/CMake/3.18.4-2ffec/x86_64-centos7-gcc10-opt/bin/cmake -E cmake_link_script CMakeFiles/cmTC_0af5b.dir/link.txt --verbose=1
/cvmfs/sft.cern.ch/lcg/releases/gcc/10.1.0-6f386/x86_64-centos7/bin/g++  -Dcheck_cxx_compiler_flag__msse3 -rdynamic CMakeFiles/cmTC_0af5b.dir/src.cxx.o -o cmTC_0af5b 
gmake[1]: Leaving directory `/.autofs/data1/home/rnicolai/LEM_GDML_upgrade/build_f3_j4/CMakeFiles/CMakeTmp'


Source file was:
#include <cstdio>
      int main() { return 0; }
Determining if the include file pmmintrin.h exists passed with the following output:
Change Dir: /data1/home/rnicolai/LEM_GDML_upgrade/build_f3_j4/CMakeFiles/CMakeTmp

Run Build Command(s):/usr/bin/gmake cmTC_61117/fast && /usr/bin/gmake  -f CMakeFiles/cmTC_61117.dir/build.make CMakeFiles/cmTC_61117.dir/build
gmake[1]: Entering directory `/.autofs/data1/home/rnicolai/LEM_GDML_upgrade/build_f3_j4/CMakeFiles/CMakeTmp'
Building CXX object CMakeFiles/cmTC_61117.dir/CheckIncludeFile.cxx.o
/cvmfs/sft.cern.ch/lcg/releases/gcc/10.1.0-6f386/x86_64-centos7/bin/g++   -msse3  -o CMakeFiles/cmTC_61117.dir/CheckIncludeFile.cxx.o -c /data1/home/rnicolai/LEM_GDML_upgrade/build_f3_j4/CMakeFiles/CMakeTmp/CheckIncludeFile.cxx
Linking CXX executable cmTC_61117
/cvmfs/sft.cern.ch/lcg/releases/CMake/3.18.4-2ffec/x86_64-centos7-gcc10-opt/bin/cmake -E cmake_link_script CMakeFiles/cmTC_61117.dir/link.txt --verbose=1
/cvmfs/sft.cern.ch/lcg/releases/gcc/10.1.0-6f386/x86_64-centos7/bin/g++  -msse3  -rdynamic CMakeFiles/cmTC_61117.dir/CheckIncludeFile.cxx.o -o cmTC_61117 
gmake[1]: Leaving directory `/.autofs/data1/home/rnicolai/LEM_GDML_upgrade/build_f3_j4/CMakeFiles/CMakeTmp'



Performing C++ SOURCE FILE Test check_cxx_compiler_flag__mssse3 succeeded with the following output:
Change Dir: /data1/home/rnicolai/LEM_GDML_upgrade/build_f3_j4/CMakeFiles/CMakeTmp

Run Build Command(s):/usr/bin/gmake cmTC_b8f84/fast && /usr/bin/gmake  -f CMakeFiles/cmTC_b8f84.dir/build.make CMakeFiles/cmTC_b8f84.dir/build
gmake[1]: Entering directory `/.autofs/data1/home/rnicolai/LEM_GDML_upgrade/build_f3_j4/CMakeFiles/CMakeTmp'
Building CXX object CMakeFiles/cmTC_b8f84.dir/src.cxx.o
/cvmfs/sft.cern.ch/lcg/releases/gcc/10.1.0-6f386/x86_64-centos7/bin/g++   -Dcheck_cxx_compiler_flag__mssse3   -mssse3 -o CMakeFiles/cmTC_b8f84.dir/src.cxx.o -c /data1/home/rnicolai/LEM_GDML_upgrade/build_f3_j4/CMakeFiles/CMakeTmp/src.cxx
Linking CXX executable cmTC_b8f84
/cvmfs/sft.cern.ch/lcg/releases/CMake/3.18.4-2ffec/x86_64-centos7-gcc10-opt/bin/cmake -E cmake_link_script CMakeFiles/cmTC_b8f84.dir/link.txt --verbose=1
/cvmfs/sft.cern.ch/lcg/releases/gcc/10.1.0-6f386/x86_64-centos7/bin/g++  -Dcheck_cxx_compiler_flag__mssse3 -rdynamic CMakeFiles/cmTC_b8f84.dir/src.cxx.o -o cmTC_b8f84 
gmake[1]: Leaving directory `/.autofs/data1/home/rnicolai/LEM_GDML_upgrade/build_f3_j4/CMakeFiles/CMakeTmp'


Source file was:
#include <cstdio>
      int main() { return 0; }
Determining if the include file tmmintrin.h exists passed with the following output:
Change Dir: /data1/home/rnicolai/LEM_GDML_upgrade/build_f3_j4/CMakeFiles/CMakeTmp

Run Build Command(s):/usr/bin/gmake cmTC_b212c/fast && /usr/bin/gmake  -f CMakeFiles/cmTC_b212c.dir/build.make CMakeFiles/cmTC_b212c.dir/build
gmake[1]: Entering directory `/.autofs/data1/home/rnicolai/LEM_GDML_upgrade/build_f3_j4/CMakeFiles/CMakeTmp'
Building CXX object CMakeFiles/cmTC_b212c.dir/CheckIncludeFile.cxx.o
/cvmfs/sft.cern.ch/lcg/releases/gcc/10.1.0-6f386/x86_64-centos7/bin/g++   -mssse3  -o CMakeFiles/cmTC_b212c.dir/CheckIncludeFile.cxx.o -c /data1/home/rnicolai/LEM_GDML_upgrade/build_f3_j4/CMakeFiles/CMakeTmp/CheckIncludeFile.cxx
Linking CXX executable cmTC_b212c
/cvmfs/sft.cern.ch/lcg/releases/CMake/3.18.4-2ffec/x86_64-centos7-gcc10-opt/bin/cmake -E cmake_link_script CMakeFiles/cmTC_b212c.dir/link.txt --verbose=1
/cvmfs/sft.cern.ch/lcg/releases/gcc/10.1.0-6f386/x86_64-centos7/bin/g++  -mssse3  -rdynamic CMakeFiles/cmTC_b212c.dir/CheckIncludeFile.cxx.o -o cmTC_b212c 
gmake[1]: Leaving directory `/.autofs/data1/home/rnicolai/LEM_GDML_upgrade/build_f3_j4/CMakeFiles/CMakeTmp'



Performing C++ SOURCE FILE Test check_cxx_compiler_flag__msse4_1 succeeded with the following output:
Change Dir: /data1/home/rnicolai/LEM_GDML_upgrade/build_f3_j4/CMakeFiles/CMakeTmp

Run Build Command(s):/usr/bin/gmake cmTC_c7fb2/fast && /usr/bin/gmake  -f CMakeFiles/cmTC_c7fb2.dir/build.make CMakeFiles/cmTC_c7fb2.dir/build
gmake[1]: Entering directory `/.autofs/data1/home/rnicolai/LEM_GDML_upgrade/build_f3_j4/CMakeFiles/CMakeTmp'
Building CXX object CMakeFiles/cmTC_c7fb2.dir/src.cxx.o
/cvmfs/sft.cern.ch/lcg/releases/gcc/10.1.0-6f386/x86_64-centos7/bin/g++   -Dcheck_cxx_compiler_flag__msse4_1   -msse4.1 -o CMakeFiles/cmTC_c7fb2.dir/src.cxx.o -c /data1/home/rnicolai/LEM_GDML_upgrade/build_f3_j4/CMakeFiles/CMakeTmp/src.cxx
Linking CXX executable cmTC_c7fb2
/cvmfs/sft.cern.ch/lcg/releases/CMake/3.18.4-2ffec/x86_64-centos7-gcc10-opt/bin/cmake -E cmake_link_script CMakeFiles/cmTC_c7fb2.dir/link.txt --verbose=1
/cvmfs/sft.cern.ch/lcg/releases/gcc/10.1.0-6f386/x86_64-centos7/bin/g++  -Dcheck_cxx_compiler_flag__msse4_1 -rdynamic CMakeFiles/cmTC_c7fb2.dir/src.cxx.o -o cmTC_c7fb2 
gmake[1]: Leaving directory `/.autofs/data1/home/rnicolai/LEM_GDML_upgrade/build_f3_j4/CMakeFiles/CMakeTmp'


Source file was:
#include <cstdio>
      int main() { return 0; }
Determining if the include file smmintrin.h exists passed with the following output:
Change Dir: /data1/home/rnicolai/LEM_GDML_upgrade/build_f3_j4/CMakeFiles/CMakeTmp

Run Build Command(s):/usr/bin/gmake cmTC_97ba6/fast && /usr/bin/gmake  -f CMakeFiles/cmTC_97ba6.dir/build.make CMakeFiles/cmTC_97ba6.dir/build
gmake[1]: Entering directory `/.autofs/data1/home/rnicolai/LEM_GDML_upgrade/build_f3_j4/CMakeFiles/CMakeTmp'
Building CXX object CMakeFiles/cmTC_97ba6.dir/CheckIncludeFile.cxx.o
/cvmfs/sft.cern.ch/lcg/releases/gcc/10.1.0-6f386/x86_64-centos7/bin/g++   -msse4.1  -o CMakeFiles/cmTC_97ba6.dir/CheckIncludeFile.cxx.o -c /data1/home/rnicolai/LEM_GDML_upgrade/build_f3_j4/CMakeFiles/CMakeTmp/CheckIncludeFile.cxx
Linking CXX executable cmTC_97ba6
/cvmfs/sft.cern.ch/lcg/releases/CMake/3.18.4-2ffec/x86_64-centos7-gcc10-opt/bin/cmake -E cmake_link_script CMakeFiles/cmTC_97ba6.dir/link.txt --verbose=1
/cvmfs/sft.cern.ch/lcg/releases/gcc/10.1.0-6f386/x86_64-centos7/bin/g++  -msse4.1  -rdynamic CMakeFiles/cmTC_97ba6.dir/CheckIncludeFile.cxx.o -o cmTC_97ba6 
gmake[1]: Leaving directory `/.autofs/data1/home/rnicolai/LEM_GDML_upgrade/build_f3_j4/CMakeFiles/CMakeTmp'



Performing C++ SOURCE FILE Test check_cxx_compiler_flag__msse4_2 succeeded with the following output:
Change Dir: /data1/home/rnicolai/LEM_GDML_upgrade/build_f3_j4/CMakeFiles/CMakeTmp

Run Build Command(s):/usr/bin/gmake cmTC_1d391/fast && /usr/bin/gmake  -f CMakeFiles/cmTC_1d391.dir/build.make CMakeFiles/cmTC_1d391.dir/build
gmake[1]: Entering directory `/.autofs/data1/home/rnicolai/LEM_GDML_upgrade/build_f3_j4/CMakeFiles/CMakeTmp'
Building CXX object CMakeFiles/cmTC_1d391.dir/src.cxx.o
/cvmfs/sft.cern.ch/lcg/releases/gcc/10.1.0-6f386/x86_64-centos7/bin/g++   -Dcheck_cxx_compiler_flag__msse4_2   -msse4.2 -o CMakeFiles/cmTC_1d391.dir/src.cxx.o -c /data1/home/rnicolai/LEM_GDML_upgrade/build_f3_j4/CMakeFiles/CMakeTmp/src.cxx
Linking CXX executable cmTC_1d391
/cvmfs/sft.cern.ch/lcg/releases/CMake/3.18.4-2ffec/x86_64-centos7-gcc10-opt/bin/cmake -E cmake_link_script CMakeFiles/cmTC_1d391.dir/link.txt --verbose=1
/cvmfs/sft.cern.ch/lcg/releases/gcc/10.1.0-6f386/x86_64-centos7/bin/g++  -Dcheck_cxx_compiler_flag__msse4_2 -rdynamic CMakeFiles/cmTC_1d391.dir/src.cxx.o -o cmTC_1d391 
gmake[1]: Leaving directory `/.autofs/data1/home/rnicolai/LEM_GDML_upgrade/build_f3_j4/CMakeFiles/CMakeTmp'


Source file was:
#include <cstdio>
      int main() { return 0; }
Performing C++ SOURCE FILE Test check_cxx_compiler_flag__mavx succeeded with the following output:
Change Dir: /data1/home/rnicolai/LEM_GDML_upgrade/build_f3_j4/CMakeFiles/CMakeTmp

Run Build Command(s):/usr/bin/gmake cmTC_313e1/fast && /usr/bin/gmake  -f CMakeFiles/cmTC_313e1.dir/build.make CMakeFiles/cmTC_313e1.dir/build
gmake[1]: Entering directory `/.autofs/data1/home/rnicolai/LEM_GDML_upgrade/build_f3_j4/CMakeFiles/CMakeTmp'
Building CXX object CMakeFiles/cmTC_313e1.dir/src.cxx.o
/cvmfs/sft.cern.ch/lcg/releases/gcc/10.1.0-6f386/x86_64-centos7/bin/g++   -Dcheck_cxx_compiler_flag__mavx   -mavx -o CMakeFiles/cmTC_313e1.dir/src.cxx.o -c /data1/home/rnicolai/LEM_GDML_upgrade/build_f3_j4/CMakeFiles/CMakeTmp/src.cxx
Linking CXX executable cmTC_313e1
/cvmfs/sft.cern.ch/lcg/releases/CMake/3.18.4-2ffec/x86_64-centos7-gcc10-opt/bin/cmake -E cmake_link_script CMakeFiles/cmTC_313e1.dir/link.txt --verbose=1
/cvmfs/sft.cern.ch/lcg/releases/gcc/10.1.0-6f386/x86_64-centos7/bin/g++  -Dcheck_cxx_compiler_flag__mavx -rdynamic CMakeFiles/cmTC_313e1.dir/src.cxx.o -o cmTC_313e1 
gmake[1]: Leaving directory `/.autofs/data1/home/rnicolai/LEM_GDML_upgrade/build_f3_j4/CMakeFiles/CMakeTmp'


Source file was:
#include <cstdio>
      int main() { return 0; }
Determining if the include file immintrin.h exists passed with the following output:
Change Dir: /data1/home/rnicolai/LEM_GDML_upgrade/build_f3_j4/CMakeFiles/CMakeTmp

Run Build Command(s):/usr/bin/gmake cmTC_42350/fast && /usr/bin/gmake  -f CMakeFiles/cmTC_42350.dir/build.make CMakeFiles/cmTC_42350.dir/build
gmake[1]: Entering directory `/.autofs/data1/home/rnicolai/LEM_GDML_upgrade/build_f3_j4/CMakeFiles/CMakeTmp'
Building CXX object CMakeFiles/cmTC_42350.dir/CheckIncludeFile.cxx.o
/cvmfs/sft.cern.ch/lcg/releases/gcc/10.1.0-6f386/x86_64-centos7/bin/g++   -mavx  -o CMakeFiles/cmTC_42350.dir/CheckIncludeFile.cxx.o -c /data1/home/rnicolai/LEM_GDML_upgrade/build_f3_j4/CMakeFiles/CMakeTmp/CheckIncludeFile.cxx
Linking CXX executable cmTC_42350
/cvmfs/sft.cern.ch/lcg/releases/CMake/3.18.4-2ffec/x86_64-centos7-gcc10-opt/bin/cmake -E cmake_link_script CMakeFiles/cmTC_42350.dir/link.txt --verbose=1
/cvmfs/sft.cern.ch/lcg/releases/gcc/10.1.0-6f386/x86_64-centos7/bin/g++  -mavx  -rdynamic CMakeFiles/cmTC_42350.dir/CheckIncludeFile.cxx.o -o cmTC_42350 
gmake[1]: Leaving directory `/.autofs/data1/home/rnicolai/LEM_GDML_upgrade/build_f3_j4/CMakeFiles/CMakeTmp'



Performing C++ SOURCE FILE Test check_cxx_compiler_flag__mfma succeeded with the following output:
Change Dir: /data1/home/rnicolai/LEM_GDML_upgrade/build_f3_j4/CMakeFiles/CMakeTmp

Run Build Command(s):/usr/bin/gmake cmTC_1838d/fast && /usr/bin/gmake  -f CMakeFiles/cmTC_1838d.dir/build.make CMakeFiles/cmTC_1838d.dir/build
gmake[1]: Entering directory `/.autofs/data1/home/rnicolai/LEM_GDML_upgrade/build_f3_j4/CMakeFiles/CMakeTmp'
Building CXX object CMakeFiles/cmTC_1838d.dir/src.cxx.o
/cvmfs/sft.cern.ch/lcg/releases/gcc/10.1.0-6f386/x86_64-centos7/bin/g++   -Dcheck_cxx_compiler_flag__mfma   -mfma -o CMakeFiles/cmTC_1838d.dir/src.cxx.o -c /data1/home/rnicolai/LEM_GDML_upgrade/build_f3_j4/CMakeFiles/CMakeTmp/src.cxx
Linking CXX executable cmTC_1838d
/cvmfs/sft.cern.ch/lcg/releases/CMake/3.18.4-2ffec/x86_64-centos7-gcc10-opt/bin/cmake -E cmake_link_script CMakeFiles/cmTC_1838d.dir/link.txt --verbose=1
/cvmfs/sft.cern.ch/lcg/releases/gcc/10.1.0-6f386/x86_64-centos7/bin/g++  -Dcheck_cxx_compiler_flag__mfma -rdynamic CMakeFiles/cmTC_1838d.dir/src.cxx.o -o cmTC_1838d 
gmake[1]: Leaving directory `/.autofs/data1/home/rnicolai/LEM_GDML_upgrade/build_f3_j4/CMakeFiles/CMakeTmp'


Source file was:
#include <immintrin.h>
      __m128 foo(__m128 x) { return _mm_fmadd_ps(x, x, x); }
      int main() { return 0; }
Performing C++ SOURCE FILE Test check_cxx_compiler_flag__mbmi2 succeeded with the following output:
Change Dir: /data1/home/rnicolai/LEM_GDML_upgrade/build_f3_j4/CMakeFiles/CMakeTmp

Run Build Command(s):/usr/bin/gmake cmTC_b5690/fast && /usr/bin/gmake  -f CMakeFiles/cmTC_b5690.dir/build.make CMakeFiles/cmTC_b5690.dir/build
gmake[1]: Entering directory `/.autofs/data1/home/rnicolai/LEM_GDML_upgrade/build_f3_j4/CMakeFiles/CMakeTmp'
Building CXX object CMakeFiles/cmTC_b5690.dir/src.cxx.o
/cvmfs/sft.cern.ch/lcg/releases/gcc/10.1.0-6f386/x86_64-centos7/bin/g++   -Dcheck_cxx_compiler_flag__mbmi2   -mbmi2 -o CMakeFiles/cmTC_b5690.dir/src.cxx.o -c /data1/home/rnicolai/LEM_GDML_upgrade/build_f3_j4/CMakeFiles/CMakeTmp/src.cxx
Linking CXX executable cmTC_b5690
/cvmfs/sft.cern.ch/lcg/releases/CMake/3.18.4-2ffec/x86_64-centos7-gcc10-opt/bin/cmake -E cmake_link_script CMakeFiles/cmTC_b5690.dir/link.txt --verbose=1
/cvmfs/sft.cern.ch/lcg/releases/gcc/10.1.0-6f386/x86_64-centos7/bin/g++  -Dcheck_cxx_compiler_flag__mbmi2 -rdynamic CMakeFiles/cmTC_b5690.dir/src.cxx.o -o cmTC_b5690 
gmake[1]: Leaving directory `/.autofs/data1/home/rnicolai/LEM_GDML_upgrade/build_f3_j4/CMakeFiles/CMakeTmp'


Source file was:
#include <cstdio>
      int main() { return 0; }
Performing C++ SOURCE FILE Test check_cxx_compiler_flag__mavx2 succeeded with the following output:
Change Dir: /data1/home/rnicolai/LEM_GDML_upgrade/build_f3_j4/CMakeFiles/CMakeTmp

Run Build Command(s):/usr/bin/gmake cmTC_3357f/fast && /usr/bin/gmake  -f CMakeFiles/cmTC_3357f.dir/build.make CMakeFiles/cmTC_3357f.dir/build
gmake[1]: Entering directory `/.autofs/data1/home/rnicolai/LEM_GDML_upgrade/build_f3_j4/CMakeFiles/CMakeTmp'
Building CXX object CMakeFiles/cmTC_3357f.dir/src.cxx.o
/cvmfs/sft.cern.ch/lcg/releases/gcc/10.1.0-6f386/x86_64-centos7/bin/g++   -Dcheck_cxx_compiler_flag__mavx2   -mavx2 -o CMakeFiles/cmTC_3357f.dir/src.cxx.o -c /data1/home/rnicolai/LEM_GDML_upgrade/build_f3_j4/CMakeFiles/CMakeTmp/src.cxx
Linking CXX executable cmTC_3357f
/cvmfs/sft.cern.ch/lcg/releases/CMake/3.18.4-2ffec/x86_64-centos7-gcc10-opt/bin/cmake -E cmake_link_script CMakeFiles/cmTC_3357f.dir/link.txt --verbose=1
/cvmfs/sft.cern.ch/lcg/releases/gcc/10.1.0-6f386/x86_64-centos7/bin/g++  -Dcheck_cxx_compiler_flag__mavx2 -rdynamic CMakeFiles/cmTC_3357f.dir/src.cxx.o -o cmTC_3357f 
gmake[1]: Leaving directory `/.autofs/data1/home/rnicolai/LEM_GDML_upgrade/build_f3_j4/CMakeFiles/CMakeTmp'


Source file was:
#include <cstdio>
      int main() { return 0; }
Performing C++ SOURCE FILE Test check_cxx_compiler_flag__mavx512f succeeded with the following output:
Change Dir: /data1/home/rnicolai/LEM_GDML_upgrade/build_f3_j4/CMakeFiles/CMakeTmp

Run Build Command(s):/usr/bin/gmake cmTC_8b554/fast && /usr/bin/gmake  -f CMakeFiles/cmTC_8b554.dir/build.make CMakeFiles/cmTC_8b554.dir/build
gmake[1]: Entering directory `/.autofs/data1/home/rnicolai/LEM_GDML_upgrade/build_f3_j4/CMakeFiles/CMakeTmp'
Building CXX object CMakeFiles/cmTC_8b554.dir/src.cxx.o
/cvmfs/sft.cern.ch/lcg/releases/gcc/10.1.0-6f386/x86_64-centos7/bin/g++   -Dcheck_cxx_compiler_flag__mavx512f   -mavx512f -o CMakeFiles/cmTC_8b554.dir/src.cxx.o -c /data1/home/rnicolai/LEM_GDML_upgrade/build_f3_j4/CMakeFiles/CMakeTmp/src.cxx
Linking CXX executable cmTC_8b554
/cvmfs/sft.cern.ch/lcg/releases/CMake/3.18.4-2ffec/x86_64-centos7-gcc10-opt/bin/cmake -E cmake_link_script CMakeFiles/cmTC_8b554.dir/link.txt --verbose=1
/cvmfs/sft.cern.ch/lcg/releases/gcc/10.1.0-6f386/x86_64-centos7/bin/g++  -Dcheck_cxx_compiler_flag__mavx512f -rdynamic CMakeFiles/cmTC_8b554.dir/src.cxx.o -o cmTC_8b554 
gmake[1]: Leaving directory `/.autofs/data1/home/rnicolai/LEM_GDML_upgrade/build_f3_j4/CMakeFiles/CMakeTmp'


Source file was:
#include <cstdio>
      int main() { return 0; }
Performing C++ SOURCE FILE Test check_cxx_compiler_flag__mavx512vl succeeded with the following output:
Change Dir: /data1/home/rnicolai/LEM_GDML_upgrade/build_f3_j4/CMakeFiles/CMakeTmp

Run Build Command(s):/usr/bin/gmake cmTC_c039d/fast && /usr/bin/gmake  -f CMakeFiles/cmTC_c039d.dir/build.make CMakeFiles/cmTC_c039d.dir/build
gmake[1]: Entering directory `/.autofs/data1/home/rnicolai/LEM_GDML_upgrade/build_f3_j4/CMakeFiles/CMakeTmp'
Building CXX object CMakeFiles/cmTC_c039d.dir/src.cxx.o
/cvmfs/sft.cern.ch/lcg/releases/gcc/10.1.0-6f386/x86_64-centos7/bin/g++   -Dcheck_cxx_compiler_flag__mavx512vl   -mavx512vl -o CMakeFiles/cmTC_c039d.dir/src.cxx.o -c /data1/home/rnicolai/LEM_GDML_upgrade/build_f3_j4/CMakeFiles/CMakeTmp/src.cxx
Linking CXX executable cmTC_c039d
/cvmfs/sft.cern.ch/lcg/releases/CMake/3.18.4-2ffec/x86_64-centos7-gcc10-opt/bin/cmake -E cmake_link_script CMakeFiles/cmTC_c039d.dir/link.txt --verbose=1
/cvmfs/sft.cern.ch/lcg/releases/gcc/10.1.0-6f386/x86_64-centos7/bin/g++  -Dcheck_cxx_compiler_flag__mavx512vl -rdynamic CMakeFiles/cmTC_c039d.dir/src.cxx.o -o cmTC_c039d 
gmake[1]: Leaving directory `/.autofs/data1/home/rnicolai/LEM_GDML_upgrade/build_f3_j4/CMakeFiles/CMakeTmp'


Source file was:
#include <cstdio>
      int main() { return 0; }
Performing C++ SOURCE FILE Test check_cxx_compiler_flag__mavx512cd succeeded with the following output:
Change Dir: /data1/home/rnicolai/LEM_GDML_upgrade/build_f3_j4/CMakeFiles/CMakeTmp

Run Build Command(s):/usr/bin/gmake cmTC_270bd/fast && /usr/bin/gmake  -f CMakeFiles/cmTC_270bd.dir/build.make CMakeFiles/cmTC_270bd.dir/build
gmake[1]: Entering directory `/.autofs/data1/home/rnicolai/LEM_GDML_upgrade/build_f3_j4/CMakeFiles/CMakeTmp'
Building CXX object CMakeFiles/cmTC_270bd.dir/src.cxx.o
/cvmfs/sft.cern.ch/lcg/releases/gcc/10.1.0-6f386/x86_64-centos7/bin/g++   -Dcheck_cxx_compiler_flag__mavx512cd   -mavx512cd -o CMakeFiles/cmTC_270bd.dir/src.cxx.o -c /data1/home/rnicolai/LEM_GDML_upgrade/build_f3_j4/CMakeFiles/CMakeTmp/src.cxx
Linking CXX executable cmTC_270bd
/cvmfs/sft.cern.ch/lcg/releases/CMake/3.18.4-2ffec/x86_64-centos7-gcc10-opt/bin/cmake -E cmake_link_script CMakeFiles/cmTC_270bd.dir/link.txt --verbose=1
/cvmfs/sft.cern.ch/lcg/releases/gcc/10.1.0-6f386/x86_64-centos7/bin/g++  -Dcheck_cxx_compiler_flag__mavx512cd -rdynamic CMakeFiles/cmTC_270bd.dir/src.cxx.o -o cmTC_270bd 
gmake[1]: Leaving directory `/.autofs/data1/home/rnicolai/LEM_GDML_upgrade/build_f3_j4/CMakeFiles/CMakeTmp'


Source file was:
#include <cstdio>
      int main() { return 0; }
Performing C++ SOURCE FILE Test check_cxx_compiler_flag__mavx512dq succeeded with the following output:
Change Dir: /data1/home/rnicolai/LEM_GDML_upgrade/build_f3_j4/CMakeFiles/CMakeTmp

Run Build Command(s):/usr/bin/gmake cmTC_d8ee2/fast && /usr/bin/gmake  -f CMakeFiles/cmTC_d8ee2.dir/build.make CMakeFiles/cmTC_d8ee2.dir/build
gmake[1]: Entering directory `/.autofs/data1/home/rnicolai/LEM_GDML_upgrade/build_f3_j4/CMakeFiles/CMakeTmp'
Building CXX object CMakeFiles/cmTC_d8ee2.dir/src.cxx.o
/cvmfs/sft.cern.ch/lcg/releases/gcc/10.1.0-6f386/x86_64-centos7/bin/g++   -Dcheck_cxx_compiler_flag__mavx512dq   -mavx512dq -o CMakeFiles/cmTC_d8ee2.dir/src.cxx.o -c /data1/home/rnicolai/LEM_GDML_upgrade/build_f3_j4/CMakeFiles/CMakeTmp/src.cxx
Linking CXX executable cmTC_d8ee2
/cvmfs/sft.cern.ch/lcg/releases/CMake/3.18.4-2ffec/x86_64-centos7-gcc10-opt/bin/cmake -E cmake_link_script CMakeFiles/cmTC_d8ee2.dir/link.txt --verbose=1
/cvmfs/sft.cern.ch/lcg/releases/gcc/10.1.0-6f386/x86_64-centos7/bin/g++  -Dcheck_cxx_compiler_flag__mavx512dq -rdynamic CMakeFiles/cmTC_d8ee2.dir/src.cxx.o -o cmTC_d8ee2 
gmake[1]: Leaving directory `/.autofs/data1/home/rnicolai/LEM_GDML_upgrade/build_f3_j4/CMakeFiles/CMakeTmp'


Source file was:
#include <cstdio>
      int main() { return 0; }
Performing C++ SOURCE FILE Test check_cxx_compiler_flag__mavx512bw succeeded with the following output:
Change Dir: /data1/home/rnicolai/LEM_GDML_upgrade/build_f3_j4/CMakeFiles/CMakeTmp

Run Build Command(s):/usr/bin/gmake cmTC_a19a6/fast && /usr/bin/gmake  -f CMakeFiles/cmTC_a19a6.dir/build.make CMakeFiles/cmTC_a19a6.dir/build
gmake[1]: Entering directory `/.autofs/data1/home/rnicolai/LEM_GDML_upgrade/build_f3_j4/CMakeFiles/CMakeTmp'
Building CXX object CMakeFiles/cmTC_a19a6.dir/src.cxx.o
/cvmfs/sft.cern.ch/lcg/releases/gcc/10.1.0-6f386/x86_64-centos7/bin/g++   -Dcheck_cxx_compiler_flag__mavx512bw   -mavx512bw -o CMakeFiles/cmTC_a19a6.dir/src.cxx.o -c /data1/home/rnicolai/LEM_GDML_upgrade/build_f3_j4/CMakeFiles/CMakeTmp/src.cxx
Linking CXX executable cmTC_a19a6
/cvmfs/sft.cern.ch/lcg/releases/CMake/3.18.4-2ffec/x86_64-centos7-gcc10-opt/bin/cmake -E cmake_link_script CMakeFiles/cmTC_a19a6.dir/link.txt --verbose=1
/cvmfs/sft.cern.ch/lcg/releases/gcc/10.1.0-6f386/x86_64-centos7/bin/g++  -Dcheck_cxx_compiler_flag__mavx512bw -rdynamic CMakeFiles/cmTC_a19a6.dir/src.cxx.o -o cmTC_a19a6 
gmake[1]: Leaving directory `/.autofs/data1/home/rnicolai/LEM_GDML_upgrade/build_f3_j4/CMakeFiles/CMakeTmp'


Source file was:
#include <cstdio>
      int main() { return 0; }
Performing C++ SOURCE FILE Test check_cxx_compiler_flag__mno_sse4a succeeded with the following output:
Change Dir: /data1/home/rnicolai/LEM_GDML_upgrade/build_f3_j4/CMakeFiles/CMakeTmp

Run Build Command(s):/usr/bin/gmake cmTC_f199a/fast && /usr/bin/gmake  -f CMakeFiles/cmTC_f199a.dir/build.make CMakeFiles/cmTC_f199a.dir/build
gmake[1]: Entering directory `/.autofs/data1/home/rnicolai/LEM_GDML_upgrade/build_f3_j4/CMakeFiles/CMakeTmp'
Building CXX object CMakeFiles/cmTC_f199a.dir/src.cxx.o
/cvmfs/sft.cern.ch/lcg/releases/gcc/10.1.0-6f386/x86_64-centos7/bin/g++   -Dcheck_cxx_compiler_flag__mno_sse4a   -mno-sse4a -o CMakeFiles/cmTC_f199a.dir/src.cxx.o -c /data1/home/rnicolai/LEM_GDML_upgrade/build_f3_j4/CMakeFiles/CMakeTmp/src.cxx
Linking CXX executable cmTC_f199a
/cvmfs/sft.cern.ch/lcg/releases/CMake/3.18.4-2ffec/x86_64-centos7-gcc10-opt/bin/cmake -E cmake_link_script CMakeFiles/cmTC_f199a.dir/link.txt --verbose=1
/cvmfs/sft.cern.ch/lcg/releases/gcc/10.1.0-6f386/x86_64-centos7/bin/g++  -Dcheck_cxx_compiler_flag__mno_sse4a -rdynamic CMakeFiles/cmTC_f199a.dir/src.cxx.o -o cmTC_f199a 
gmake[1]: Leaving directory `/.autofs/data1/home/rnicolai/LEM_GDML_upgrade/build_f3_j4/CMakeFiles/CMakeTmp'


Source file was:
#include <cstdio>
      int main() { return 0; }
Performing C++ SOURCE FILE Test check_cxx_compiler_flag__mno_xop succeeded with the following output:
Change Dir: /data1/home/rnicolai/LEM_GDML_upgrade/build_f3_j4/CMakeFiles/CMakeTmp

Run Build Command(s):/usr/bin/gmake cmTC_cefc3/fast && /usr/bin/gmake  -f CMakeFiles/cmTC_cefc3.dir/build.make CMakeFiles/cmTC_cefc3.dir/build
gmake[1]: Entering directory `/.autofs/data1/home/rnicolai/LEM_GDML_upgrade/build_f3_j4/CMakeFiles/CMakeTmp'
Building CXX object CMakeFiles/cmTC_cefc3.dir/src.cxx.o
/cvmfs/sft.cern.ch/lcg/releases/gcc/10.1.0-6f386/x86_64-centos7/bin/g++   -Dcheck_cxx_compiler_flag__mno_xop   -mno-xop -o CMakeFiles/cmTC_cefc3.dir/src.cxx.o -c /data1/home/rnicolai/LEM_GDML_upgrade/build_f3_j4/CMakeFiles/CMakeTmp/src.cxx
Linking CXX executable cmTC_cefc3
/cvmfs/sft.cern.ch/lcg/releases/CMake/3.18.4-2ffec/x86_64-centos7-gcc10-opt/bin/cmake -E cmake_link_script CMakeFiles/cmTC_cefc3.dir/link.txt --verbose=1
/cvmfs/sft.cern.ch/lcg/releases/gcc/10.1.0-6f386/x86_64-centos7/bin/g++  -Dcheck_cxx_compiler_flag__mno_xop -rdynamic CMakeFiles/cmTC_cefc3.dir/src.cxx.o -o cmTC_cefc3 
gmake[1]: Leaving directory `/.autofs/data1/home/rnicolai/LEM_GDML_upgrade/build_f3_j4/CMakeFiles/CMakeTmp'


Source file was:
#include <cstdio>
      int main() { return 0; }
Performing C++ SOURCE FILE Test check_cxx_compiler_flag__mno_fma4 succeeded with the following output:
Change Dir: /data1/home/rnicolai/LEM_GDML_upgrade/build_f3_j4/CMakeFiles/CMakeTmp

Run Build Command(s):/usr/bin/gmake cmTC_ef0a3/fast && /usr/bin/gmake  -f CMakeFiles/cmTC_ef0a3.dir/build.make CMakeFiles/cmTC_ef0a3.dir/build
gmake[1]: Entering directory `/.autofs/data1/home/rnicolai/LEM_GDML_upgrade/build_f3_j4/CMakeFiles/CMakeTmp'
Building CXX object CMakeFiles/cmTC_ef0a3.dir/src.cxx.o
/cvmfs/sft.cern.ch/lcg/releases/gcc/10.1.0-6f386/x86_64-centos7/bin/g++   -Dcheck_cxx_compiler_flag__mno_fma4   -mno-fma4 -o CMakeFiles/cmTC_ef0a3.dir/src.cxx.o -c /data1/home/rnicolai/LEM_GDML_upgrade/build_f3_j4/CMakeFiles/CMakeTmp/src.cxx
Linking CXX executable cmTC_ef0a3
/cvmfs/sft.cern.ch/lcg/releases/CMake/3.18.4-2ffec/x86_64-centos7-gcc10-opt/bin/cmake -E cmake_link_script CMakeFiles/cmTC_ef0a3.dir/link.txt --verbose=1
/cvmfs/sft.cern.ch/lcg/releases/gcc/10.1.0-6f386/x86_64-centos7/bin/g++  -Dcheck_cxx_compiler_flag__mno_fma4 -rdynamic CMakeFiles/cmTC_ef0a3.dir/src.cxx.o -o cmTC_ef0a3 
gmake[1]: Leaving directory `/.autofs/data1/home/rnicolai/LEM_GDML_upgrade/build_f3_j4/CMakeFiles/CMakeTmp'


Source file was:
#include <cstdio>
      int main() { return 0; }
Performing C++ SOURCE FILE Test check_cxx_compiler_flag__mno_avx512pf succeeded with the following output:
Change Dir: /data1/home/rnicolai/LEM_GDML_upgrade/build_f3_j4/CMakeFiles/CMakeTmp

Run Build Command(s):/usr/bin/gmake cmTC_2d2cf/fast && /usr/bin/gmake  -f CMakeFiles/cmTC_2d2cf.dir/build.make CMakeFiles/cmTC_2d2cf.dir/build
gmake[1]: Entering directory `/.autofs/data1/home/rnicolai/LEM_GDML_upgrade/build_f3_j4/CMakeFiles/CMakeTmp'
Building CXX object CMakeFiles/cmTC_2d2cf.dir/src.cxx.o
/cvmfs/sft.cern.ch/lcg/releases/gcc/10.1.0-6f386/x86_64-centos7/bin/g++   -Dcheck_cxx_compiler_flag__mno_avx512pf   -mno-avx512pf -o CMakeFiles/cmTC_2d2cf.dir/src.cxx.o -c /data1/home/rnicolai/LEM_GDML_upgrade/build_f3_j4/CMakeFiles/CMakeTmp/src.cxx
Linking CXX executable cmTC_2d2cf
/cvmfs/sft.cern.ch/lcg/releases/CMake/3.18.4-2ffec/x86_64-centos7-gcc10-opt/bin/cmake -E cmake_link_script CMakeFiles/cmTC_2d2cf.dir/link.txt --verbose=1
/cvmfs/sft.cern.ch/lcg/releases/gcc/10.1.0-6f386/x86_64-centos7/bin/g++  -Dcheck_cxx_compiler_flag__mno_avx512pf -rdynamic CMakeFiles/cmTC_2d2cf.dir/src.cxx.o -o cmTC_2d2cf 
gmake[1]: Leaving directory `/.autofs/data1/home/rnicolai/LEM_GDML_upgrade/build_f3_j4/CMakeFiles/CMakeTmp'


Source file was:
#include <cstdio>
      int main() { return 0; }
Performing C++ SOURCE FILE Test check_cxx_compiler_flag__mno_avx512er succeeded with the following output:
Change Dir: /data1/home/rnicolai/LEM_GDML_upgrade/build_f3_j4/CMakeFiles/CMakeTmp

Run Build Command(s):/usr/bin/gmake cmTC_3be60/fast && /usr/bin/gmake  -f CMakeFiles/cmTC_3be60.dir/build.make CMakeFiles/cmTC_3be60.dir/build
gmake[1]: Entering directory `/.autofs/data1/home/rnicolai/LEM_GDML_upgrade/build_f3_j4/CMakeFiles/CMakeTmp'
Building CXX object CMakeFiles/cmTC_3be60.dir/src.cxx.o
/cvmfs/sft.cern.ch/lcg/releases/gcc/10.1.0-6f386/x86_64-centos7/bin/g++   -Dcheck_cxx_compiler_flag__mno_avx512er   -mno-avx512er -o CMakeFiles/cmTC_3be60.dir/src.cxx.o -c /data1/home/rnicolai/LEM_GDML_upgrade/build_f3_j4/CMakeFiles/CMakeTmp/src.cxx
Linking CXX executable cmTC_3be60
/cvmfs/sft.cern.ch/lcg/releases/CMake/3.18.4-2ffec/x86_64-centos7-gcc10-opt/bin/cmake -E cmake_link_script CMakeFiles/cmTC_3be60.dir/link.txt --verbose=1
/cvmfs/sft.cern.ch/lcg/releases/gcc/10.1.0-6f386/x86_64-centos7/bin/g++  -Dcheck_cxx_compiler_flag__mno_avx512er -rdynamic CMakeFiles/cmTC_3be60.dir/src.cxx.o -o cmTC_3be60 
gmake[1]: Leaving directory `/.autofs/data1/home/rnicolai/LEM_GDML_upgrade/build_f3_j4/CMakeFiles/CMakeTmp'


Source file was:
#include <cstdio>
      int main() { return 0; }
Performing C++ SOURCE FILE Test check_cxx_compiler_flag__mno_avx512ifma succeeded with the following output:
Change Dir: /data1/home/rnicolai/LEM_GDML_upgrade/build_f3_j4/CMakeFiles/CMakeTmp

Run Build Command(s):/usr/bin/gmake cmTC_71300/fast && /usr/bin/gmake  -f CMakeFiles/cmTC_71300.dir/build.make CMakeFiles/cmTC_71300.dir/build
gmake[1]: Entering directory `/.autofs/data1/home/rnicolai/LEM_GDML_upgrade/build_f3_j4/CMakeFiles/CMakeTmp'
Building CXX object CMakeFiles/cmTC_71300.dir/src.cxx.o
/cvmfs/sft.cern.ch/lcg/releases/gcc/10.1.0-6f386/x86_64-centos7/bin/g++   -Dcheck_cxx_compiler_flag__mno_avx512ifma   -mno-avx512ifma -o CMakeFiles/cmTC_71300.dir/src.cxx.o -c /data1/home/rnicolai/LEM_GDML_upgrade/build_f3_j4/CMakeFiles/CMakeTmp/src.cxx
Linking CXX executable cmTC_71300
/cvmfs/sft.cern.ch/lcg/releases/CMake/3.18.4-2ffec/x86_64-centos7-gcc10-opt/bin/cmake -E cmake_link_script CMakeFiles/cmTC_71300.dir/link.txt --verbose=1
/cvmfs/sft.cern.ch/lcg/releases/gcc/10.1.0-6f386/x86_64-centos7/bin/g++  -Dcheck_cxx_compiler_flag__mno_avx512ifma -rdynamic CMakeFiles/cmTC_71300.dir/src.cxx.o -o cmTC_71300 
gmake[1]: Leaving directory `/.autofs/data1/home/rnicolai/LEM_GDML_upgrade/build_f3_j4/CMakeFiles/CMakeTmp'


Source file was:
#include <cstdio>
      int main() { return 0; }
Performing C++ SOURCE FILE Test check_cxx_compiler_flag__mno_avx512vbmi succeeded with the following output:
Change Dir: /data1/home/rnicolai/LEM_GDML_upgrade/build_f3_j4/CMakeFiles/CMakeTmp

Run Build Command(s):/usr/bin/gmake cmTC_d522f/fast && /usr/bin/gmake  -f CMakeFiles/cmTC_d522f.dir/build.make CMakeFiles/cmTC_d522f.dir/build
gmake[1]: Entering directory `/.autofs/data1/home/rnicolai/LEM_GDML_upgrade/build_f3_j4/CMakeFiles/CMakeTmp'
Building CXX object CMakeFiles/cmTC_d522f.dir/src.cxx.o
/cvmfs/sft.cern.ch/lcg/releases/gcc/10.1.0-6f386/x86_64-centos7/bin/g++   -Dcheck_cxx_compiler_flag__mno_avx512vbmi   -mno-avx512vbmi -o CMakeFiles/cmTC_d522f.dir/src.cxx.o -c /data1/home/rnicolai/LEM_GDML_upgrade/build_f3_j4/CMakeFiles/CMakeTmp/src.cxx
Linking CXX executable cmTC_d522f
/cvmfs/sft.cern.ch/lcg/releases/CMake/3.18.4-2ffec/x86_64-centos7-gcc10-opt/bin/cmake -E cmake_link_script CMakeFiles/cmTC_d522f.dir/link.txt --verbose=1
/cvmfs/sft.cern.ch/lcg/releases/gcc/10.1.0-6f386/x86_64-centos7/bin/g++  -Dcheck_cxx_compiler_flag__mno_avx512vbmi -rdynamic CMakeFiles/cmTC_d522f.dir/src.cxx.o -o cmTC_d522f 
gmake[1]: Leaving directory `/.autofs/data1/home/rnicolai/LEM_GDML_upgrade/build_f3_j4/CMakeFiles/CMakeTmp'


Source file was:
#include <cstdio>
      int main() { return 0; }
Determining if the function XOpenDisplay exists in the /usr/lib64/libX11.so;/usr/lib64/libXext.so passed with the following output:
Change Dir: /data1/home/rnicolai/LEM_GDML_upgrade/build_f3_j4/CMakeFiles/CMakeTmp

Run Build Command(s):/usr/bin/gmake cmTC_d4297/fast && /usr/bin/gmake  -f CMakeFiles/cmTC_d4297.dir/build.make CMakeFiles/cmTC_d4297.dir/build
gmake[1]: Entering directory `/.autofs/data1/home/rnicolai/LEM_GDML_upgrade/build_f3_j4/CMakeFiles/CMakeTmp'
Building C object CMakeFiles/cmTC_d4297.dir/CheckFunctionExists.c.o
/cvmfs/sft.cern.ch/lcg/releases/gcc/10.1.0-6f386/x86_64-centos7/bin/gcc   -DCHECK_FUNCTION_EXISTS=XOpenDisplay -o CMakeFiles/cmTC_d4297.dir/CheckFunctionExists.c.o -c /cvmfs/sft.cern.ch/lcg/releases/CMake/3.18.4-2ffec/x86_64-centos7-gcc10-opt/share/cmake-3.18/Modules/CheckFunctionExists.c
Linking C executable cmTC_d4297
/cvmfs/sft.cern.ch/lcg/releases/CMake/3.18.4-2ffec/x86_64-centos7-gcc10-opt/bin/cmake -E cmake_link_script CMakeFiles/cmTC_d4297.dir/link.txt --verbose=1
/cvmfs/sft.cern.ch/lcg/releases/gcc/10.1.0-6f386/x86_64-centos7/bin/gcc  -DCHECK_FUNCTION_EXISTS=XOpenDisplay CMakeFiles/cmTC_d4297.dir/CheckFunctionExists.c.o -o cmTC_d4297  /usr/lib64/libX11.so /usr/lib64/libXext.so 
gmake[1]: Leaving directory `/.autofs/data1/home/rnicolai/LEM_GDML_upgrade/build_f3_j4/CMakeFiles/CMakeTmp'



Determining if the function gethostbyname exists passed with the following output:
Change Dir: /data1/home/rnicolai/LEM_GDML_upgrade/build_f3_j4/CMakeFiles/CMakeTmp

Run Build Command(s):/usr/bin/gmake cmTC_d499b/fast && /usr/bin/gmake  -f CMakeFiles/cmTC_d499b.dir/build.make CMakeFiles/cmTC_d499b.dir/build
gmake[1]: Entering directory `/.autofs/data1/home/rnicolai/LEM_GDML_upgrade/build_f3_j4/CMakeFiles/CMakeTmp'
Building C object CMakeFiles/cmTC_d499b.dir/CheckFunctionExists.c.o
/cvmfs/sft.cern.ch/lcg/releases/gcc/10.1.0-6f386/x86_64-centos7/bin/gcc   -DCHECK_FUNCTION_EXISTS=gethostbyname -o CMakeFiles/cmTC_d499b.dir/CheckFunctionExists.c.o -c /cvmfs/sft.cern.ch/lcg/releases/CMake/3.18.4-2ffec/x86_64-centos7-gcc10-opt/share/cmake-3.18/Modules/CheckFunctionExists.c
Linking C executable cmTC_d499b
/cvmfs/sft.cern.ch/lcg/releases/CMake/3.18.4-2ffec/x86_64-centos7-gcc10-opt/bin/cmake -E cmake_link_script CMakeFiles/cmTC_d499b.dir/link.txt --verbose=1
/cvmfs/sft.cern.ch/lcg/releases/gcc/10.1.0-6f386/x86_64-centos7/bin/gcc  -DCHECK_FUNCTION_EXISTS=gethostbyname CMakeFiles/cmTC_d499b.dir/CheckFunctionExists.c.o -o cmTC_d499b 
gmake[1]: Leaving directory `/.autofs/data1/home/rnicolai/LEM_GDML_upgrade/build_f3_j4/CMakeFiles/CMakeTmp'



Determining if the function connect exists passed with the following output:
Change Dir: /data1/home/rnicolai/LEM_GDML_upgrade/build_f3_j4/CMakeFiles/CMakeTmp

Run Build Command(s):/usr/bin/gmake cmTC_52a6f/fast && /usr/bin/gmake  -f CMakeFiles/cmTC_52a6f.dir/build.make CMakeFiles/cmTC_52a6f.dir/build
gmake[1]: Entering directory `/.autofs/data1/home/rnicolai/LEM_GDML_upgrade/build_f3_j4/CMakeFiles/CMakeTmp'
Building C object CMakeFiles/cmTC_52a6f.dir/CheckFunctionExists.c.o
/cvmfs/sft.cern.ch/lcg/releases/gcc/10.1.0-6f386/x86_64-centos7/bin/gcc   -DCHECK_FUNCTION_EXISTS=connect -o CMakeFiles/cmTC_52a6f.dir/CheckFunctionExists.c.o -c /cvmfs/sft.cern.ch/lcg/releases/CMake/3.18.4-2ffec/x86_64-centos7-gcc10-opt/share/cmake-3.18/Modules/CheckFunctionExists.c
Linking C executable cmTC_52a6f
/cvmfs/sft.cern.ch/lcg/releases/CMake/3.18.4-2ffec/x86_64-centos7-gcc10-opt/bin/cmake -E cmake_link_script CMakeFiles/cmTC_52a6f.dir/link.txt --verbose=1
/cvmfs/sft.cern.ch/lcg/releases/gcc/10.1.0-6f386/x86_64-centos7/bin/gcc  -DCHECK_FUNCTION_EXISTS=connect CMakeFiles/cmTC_52a6f.dir/CheckFunctionExists.c.o -o cmTC_52a6f 
gmake[1]: Leaving directory `/.autofs/data1/home/rnicolai/LEM_GDML_upgrade/build_f3_j4/CMakeFiles/CMakeTmp'



Determining if the function remove exists passed with the following output:
Change Dir: /data1/home/rnicolai/LEM_GDML_upgrade/build_f3_j4/CMakeFiles/CMakeTmp

Run Build Command(s):/usr/bin/gmake cmTC_eb2ac/fast && /usr/bin/gmake  -f CMakeFiles/cmTC_eb2ac.dir/build.make CMakeFiles/cmTC_eb2ac.dir/build
gmake[1]: Entering directory `/.autofs/data1/home/rnicolai/LEM_GDML_upgrade/build_f3_j4/CMakeFiles/CMakeTmp'
Building C object CMakeFiles/cmTC_eb2ac.dir/CheckFunctionExists.c.o
/cvmfs/sft.cern.ch/lcg/releases/gcc/10.1.0-6f386/x86_64-centos7/bin/gcc   -DCHECK_FUNCTION_EXISTS=remove -o CMakeFiles/cmTC_eb2ac.dir/CheckFunctionExists.c.o -c /cvmfs/sft.cern.ch/lcg/releases/CMake/3.18.4-2ffec/x86_64-centos7-gcc10-opt/share/cmake-3.18/Modules/CheckFunctionExists.c
Linking C executable cmTC_eb2ac
/cvmfs/sft.cern.ch/lcg/releases/CMake/3.18.4-2ffec/x86_64-centos7-gcc10-opt/bin/cmake -E cmake_link_script CMakeFiles/cmTC_eb2ac.dir/link.txt --verbose=1
/cvmfs/sft.cern.ch/lcg/releases/gcc/10.1.0-6f386/x86_64-centos7/bin/gcc  -DCHECK_FUNCTION_EXISTS=remove CMakeFiles/cmTC_eb2ac.dir/CheckFunctionExists.c.o -o cmTC_eb2ac 
gmake[1]: Leaving directory `/.autofs/data1/home/rnicolai/LEM_GDML_upgrade/build_f3_j4/CMakeFiles/CMakeTmp'



Determining if the function shmat exists passed with the following output:
Change Dir: /data1/home/rnicolai/LEM_GDML_upgrade/build_f3_j4/CMakeFiles/CMakeTmp

Run Build Command(s):/usr/bin/gmake cmTC_19411/fast && /usr/bin/gmake  -f CMakeFiles/cmTC_19411.dir/build.make CMakeFiles/cmTC_19411.dir/build
gmake[1]: Entering directory `/.autofs/data1/home/rnicolai/LEM_GDML_upgrade/build_f3_j4/CMakeFiles/CMakeTmp'
Building C object CMakeFiles/cmTC_19411.dir/CheckFunctionExists.c.o
/cvmfs/sft.cern.ch/lcg/releases/gcc/10.1.0-6f386/x86_64-centos7/bin/gcc   -DCHECK_FUNCTION_EXISTS=shmat -o CMakeFiles/cmTC_19411.dir/CheckFunctionExists.c.o -c /cvmfs/sft.cern.ch/lcg/releases/CMake/3.18.4-2ffec/x86_64-centos7-gcc10-opt/share/cmake-3.18/Modules/CheckFunctionExists.c
Linking C executable cmTC_19411
/cvmfs/sft.cern.ch/lcg/releases/CMake/3.18.4-2ffec/x86_64-centos7-gcc10-opt/bin/cmake -E cmake_link_script CMakeFiles/cmTC_19411.dir/link.txt --verbose=1
/cvmfs/sft.cern.ch/lcg/releases/gcc/10.1.0-6f386/x86_64-centos7/bin/gcc  -DCHECK_FUNCTION_EXISTS=shmat CMakeFiles/cmTC_19411.dir/CheckFunctionExists.c.o -o cmTC_19411 
gmake[1]: Leaving directory `/.autofs/data1/home/rnicolai/LEM_GDML_upgrade/build_f3_j4/CMakeFiles/CMakeTmp'



Determining if the function IceConnectionNumber exists in the ICE passed with the following output:
Change Dir: /data1/home/rnicolai/LEM_GDML_upgrade/build_f3_j4/CMakeFiles/CMakeTmp

Run Build Command(s):/usr/bin/gmake cmTC_2fa32/fast && /usr/bin/gmake  -f CMakeFiles/cmTC_2fa32.dir/build.make CMakeFiles/cmTC_2fa32.dir/build
gmake[1]: Entering directory `/.autofs/data1/home/rnicolai/LEM_GDML_upgrade/build_f3_j4/CMakeFiles/CMakeTmp'
Building C object CMakeFiles/cmTC_2fa32.dir/CheckFunctionExists.c.o
/cvmfs/sft.cern.ch/lcg/releases/gcc/10.1.0-6f386/x86_64-centos7/bin/gcc   -DCHECK_FUNCTION_EXISTS=IceConnectionNumber -o CMakeFiles/cmTC_2fa32.dir/CheckFunctionExists.c.o -c /cvmfs/sft.cern.ch/lcg/releases/CMake/3.18.4-2ffec/x86_64-centos7-gcc10-opt/share/cmake-3.18/Modules/CheckFunctionExists.c
Linking C executable cmTC_2fa32
/cvmfs/sft.cern.ch/lcg/releases/CMake/3.18.4-2ffec/x86_64-centos7-gcc10-opt/bin/cmake -E cmake_link_script CMakeFiles/cmTC_2fa32.dir/link.txt --verbose=1
/cvmfs/sft.cern.ch/lcg/releases/gcc/10.1.0-6f386/x86_64-centos7/bin/gcc  -DCHECK_FUNCTION_EXISTS=IceConnectionNumber CMakeFiles/cmTC_2fa32.dir/CheckFunctionExists.c.o -o cmTC_2fa32  -lICE 
gmake[1]: Leaving directory `/.autofs/data1/home/rnicolai/LEM_GDML_upgrade/build_f3_j4/CMakeFiles/CMakeTmp'



