000 (2223.000.000) 2023-08-02 13:53:43 Job submitted from host: <90.147.8.111:9618?addrs=90.147.8.111-9618&alias=ams&noUDP&sock=schedd_3306931_2f8d>
...
040 (2223.000.000) 2023-08-02 13:54:01 Started transferring input files
	Transferring to host: <192.168.100.3:9618?addrs=192.168.100.3-9618&alias=node03&noUDP&sock=slot12_56810_88bf_68>
...
040 (2223.000.000) 2023-08-02 13:54:01 Finished transferring input files
...
001 (2223.000.000) 2023-08-02 13:54:02 Job executing on host: <192.168.100.3:9618?addrs=192.168.100.3-9618&alias=node03&noUDP&sock=startd_56773_2261>
	SlotName: slot12@node03
...
006 (2223.000.000) 2023-08-02 13:54:11 Image size of job updated: 49484
	6  -  MemoryUsage of job (MB)
	5812  -  ResidentSetSize of job (KB)
...
006 (2223.000.000) 2023-08-02 13:54:33 Image size of job updated: 2600548
	6  -  MemoryUsage of job (MB)
	5812  -  ResidentSetSize of job (KB)
...
040 (2223.000.000) 2023-08-02 13:54:33 Started transferring output files
...
040 (2223.000.000) 2023-08-02 13:54:33 Finished transferring output files
...
005 (2223.000.000) 2023-08-02 13:54:33 Job terminated.
	(1) Normal termination (return value 0)
		Usr 0 00:00:48, Sys 0 00:00:05  -  Run Remote Usage
		Usr 0 00:00:00, Sys 0 00:00:00  -  Run Local Usage
		Usr 0 00:00:48, Sys 0 00:00:05  -  Total Remote Usage
		Usr 0 00:00:00, Sys 0 00:00:00  -  Total Local Usage
	67698  -  Run Bytes Sent By Job
	785  -  Run Bytes Received By Job
	67698  -  Total Bytes Sent By Job
	785  -  Total Bytes Received By Job
	Partitionable Resources :    Usage  Request Allocated 
	   Cpus                 :                 1         1 
	   Disk (KB)            :       86        1   4077838 
	   Memory (MB)          :        6        1      2000 

	Job terminated of its own accord at 2023-08-02T11:54:33Z with exit-code 0.
...
