000 (2213.000.000) 2023-08-02 13:53:41 Job submitted from host: <90.147.8.111:9618?addrs=90.147.8.111-9618&alias=ams&noUDP&sock=schedd_3306931_2f8d>
...
040 (2213.000.000) 2023-08-02 13:54:00 Started transferring input files
	Transferring to host: <192.168.100.3:9618?addrs=192.168.100.3-9618&alias=node03&noUDP&sock=slot2_56810_88bf_64>
...
040 (2213.000.000) 2023-08-02 13:54:00 Finished transferring input files
...
001 (2213.000.000) 2023-08-02 13:54:02 Job executing on host: <192.168.100.3:9618?addrs=192.168.100.3-9618&alias=node03&noUDP&sock=startd_56773_2261>
	SlotName: slot2@node03
...
006 (2213.000.000) 2023-08-02 13:54:11 Image size of job updated: 49484
	6  -  MemoryUsage of job (MB)
	5188  -  ResidentSetSize of job (KB)
...
006 (2213.000.000) 2023-08-02 13:54:32 Image size of job updated: 2663124
	6  -  MemoryUsage of job (MB)
	5188  -  ResidentSetSize of job (KB)
...
040 (2213.000.000) 2023-08-02 13:54:32 Started transferring output files
...
040 (2213.000.000) 2023-08-02 13:54:32 Finished transferring output files
...
005 (2213.000.000) 2023-08-02 13:54:32 Job terminated.
	(1) Normal termination (return value 0)
		Usr 0 00:00:48, Sys 0 00:00:05  -  Run Remote Usage
		Usr 0 00:00:00, Sys 0 00:00:00  -  Run Local Usage
		Usr 0 00:00:48, Sys 0 00:00:05  -  Total Remote Usage
		Usr 0 00:00:00, Sys 0 00:00:00  -  Total Local Usage
	65715  -  Run Bytes Sent By Job
	800  -  Run Bytes Received By Job
	65715  -  Total Bytes Sent By Job
	800  -  Total Bytes Received By Job
	Partitionable Resources :    Usage  Request Allocated 
	   Cpus                 :                 1         1 
	   Disk (KB)            :       84        1   4077838 
	   Memory (MB)          :        6        1      2000 

	Job terminated of its own accord at 2023-08-02T11:54:32Z with exit-code 0.
...
