The system is: Linux - 3.10.0-1160.88.1.el7.x86_64 - x86_64
Compiling the C compiler identification source file "CMakeCCompilerId.c" succeeded.
Compiler: /cvmfs/sft.cern.ch/lcg/releases/gcc/10.1.0-6f386/x86_64-centos7/bin/gcc 
Build flags: 
Id flags:  

The output was:
0


Compilation of the C compiler identification source "CMakeCCompilerId.c" produced "a.out"

The C compiler identification is GNU, found in "/data1/home/rnicolai/LEM_GDML_upgrade/build_f1_j0/CMakeFiles/3.18.4/CompilerIdC/a.out"

Compiling the CXX compiler identification source file "CMakeCXXCompilerId.cpp" succeeded.
Compiler: /cvmfs/sft.cern.ch/lcg/releases/gcc/10.1.0-6f386/x86_64-centos7/bin/g++ 
Build flags: 
Id flags:  

The output was:
0


Compilation of the CXX compiler identification source "CMakeCXXCompilerId.cpp" produced "a.out"

The CXX compiler identification is GNU, found in "/data1/home/rnicolai/LEM_GDML_upgrade/build_f1_j0/CMakeFiles/3.18.4/CompilerIdCXX/a.out"

Detecting C compiler ABI info compiled with the following output:
Change Dir: /data1/home/rnicolai/LEM_GDML_upgrade/build_f1_j0/CMakeFiles/CMakeTmp

Run Build Command(s):/usr/bin/gmake cmTC_d2d03/fast && /usr/bin/gmake  -f CMakeFiles/cmTC_d2d03.dir/build.make CMakeFiles/cmTC_d2d03.dir/build
gmake[1]: Entering directory `/.autofs/data1/home/rnicolai/LEM_GDML_upgrade/build_f1_j0/CMakeFiles/CMakeTmp'
Building C object CMakeFiles/cmTC_d2d03.dir/CMakeCCompilerABI.c.o
/cvmfs/sft.cern.ch/lcg/releases/gcc/10.1.0-6f386/x86_64-centos7/bin/gcc   -v -o CMakeFiles/cmTC_d2d03.dir/CMakeCCompilerABI.c.o -c /cvmfs/sft.cern.ch/lcg/releases/CMake/3.18.4-2ffec/x86_64-centos7-gcc10-opt/share/cmake-3.18/Modules/CMakeCCompilerABI.c
Using built-in specs.
COLLECT_GCC=/cvmfs/sft.cern.ch/lcg/releases/gcc/10.1.0-6f386/x86_64-centos7/bin/gcc
Target: x86_64-pc-linux-gnu
Configured with: /build/gcc/WORK/build/contrib/gcc-10.1.0/src/gcc/10.1.0/configure --disable-multilib --prefix=/build/gcc/WORK/lcgcmake-install/gcc/10.1.0/x86_64-centos7 -with-system-zlib --enable-languages=all --with-gnu-ld --with-gnu-as
Thread model: posix
Supported LTO compression algorithms: zlib
gcc version 10.1.0 (GCC) 
COLLECT_GCC_OPTIONS='-v' '-o' 'CMakeFiles/cmTC_d2d03.dir/CMakeCCompilerABI.c.o' '-c' '-mtune=generic' '-march=x86-64'
 /cvmfs/sft.cern.ch/lcg/releases/gcc/10.1.0-6f386/x86_64-centos7/bin/../libexec/gcc/x86_64-pc-linux-gnu/10.1.0/cc1 -quiet -v -iprefix /cvmfs/sft.cern.ch/lcg/releases/gcc/10.1.0-6f386/x86_64-centos7/bin/../lib/gcc/x86_64-pc-linux-gnu/10.1.0/ -isystem /cvmfs/sft.cern.ch/lcg/releases/gcc/10.1.0-6f386/x86_64-centos7/include /cvmfs/sft.cern.ch/lcg/releases/CMake/3.18.4-2ffec/x86_64-centos7-gcc10-opt/share/cmake-3.18/Modules/CMakeCCompilerABI.c -quiet -dumpbase CMakeCCompilerABI.c -mtune=generic -march=x86-64 -auxbase-strip CMakeFiles/cmTC_d2d03.dir/CMakeCCompilerABI.c.o -version -o /tmp/ccv20w12.s
GNU C17 (GCC) version 10.1.0 (x86_64-pc-linux-gnu)
	compiled by GNU C version 10.1.0, GMP version 6.1.0, MPFR version 3.1.4, MPC version 1.0.3, isl version isl-0.18-GMP

GGC heuristics: --param ggc-min-expand=100 --param ggc-min-heapsize=131072
ignoring nonexistent directory "/cvmfs/sft.cern.ch/lcg/releases/gcc/10.1.0-6f386/x86_64-centos7/bin/../lib/gcc/x86_64-pc-linux-gnu/10.1.0/../../../../x86_64-pc-linux-gnu/include"
ignoring duplicate directory "/cvmfs/sft.cern.ch/lcg/releases/gcc/10.1.0-6f386/x86_64-centos7/bin/../lib/gcc/../../lib/gcc/x86_64-pc-linux-gnu/10.1.0/include"
ignoring duplicate directory "/cvmfs/sft.cern.ch/lcg/releases/gcc/10.1.0-6f386/x86_64-centos7/bin/../lib/gcc/../../include"
ignoring duplicate directory "/cvmfs/sft.cern.ch/lcg/releases/gcc/10.1.0-6f386/x86_64-centos7/bin/../lib/gcc/../../lib/gcc/x86_64-pc-linux-gnu/10.1.0/include-fixed"
ignoring nonexistent directory "/cvmfs/sft.cern.ch/lcg/releases/gcc/10.1.0-6f386/x86_64-centos7/bin/../lib/gcc/../../lib/gcc/x86_64-pc-linux-gnu/10.1.0/../../../../x86_64-pc-linux-gnu/include"
#include "..." search starts here:
#include <...> search starts here:
 /cvmfs/sft.cern.ch/lcg/releases/gcc/10.1.0-6f386/x86_64-centos7/include
 /cvmfs/sft.cern.ch/lcg/views/LCG_99/x86_64-centos7-gcc10-opt/include
 /cvmfs/sft.cern.ch/lcg/releases/gcc/10.1.0-6f386/x86_64-centos7/bin/../lib/gcc/x86_64-pc-linux-gnu/10.1.0/include
 /cvmfs/sft.cern.ch/lcg/releases/gcc/10.1.0-6f386/x86_64-centos7/bin/../lib/gcc/x86_64-pc-linux-gnu/10.1.0/include-fixed
 /usr/local/include
 /usr/include
End of search list.
GNU C17 (GCC) version 10.1.0 (x86_64-pc-linux-gnu)
	compiled by GNU C version 10.1.0, GMP version 6.1.0, MPFR version 3.1.4, MPC version 1.0.3, isl version isl-0.18-GMP

GGC heuristics: --param ggc-min-expand=100 --param ggc-min-heapsize=131072
Compiler executable checksum: e568910afe5321740fec65fd13e82322
COLLECT_GCC_OPTIONS='-v' '-o' 'CMakeFiles/cmTC_d2d03.dir/CMakeCCompilerABI.c.o' '-c' '-mtune=generic' '-march=x86-64'
 as -v --64 -o CMakeFiles/cmTC_d2d03.dir/CMakeCCompilerABI.c.o /tmp/ccv20w12.s
GNU assembler version 2.34 (x86_64-pc-linux-gnu) using BFD version (GNU Binutils) 2.34
COMPILER_PATH=/cvmfs/sft.cern.ch/lcg/releases/gcc/10.1.0-6f386/x86_64-centos7/bin/../libexec/gcc/x86_64-pc-linux-gnu/10.1.0/:/cvmfs/sft.cern.ch/lcg/releases/gcc/10.1.0-6f386/x86_64-centos7/bin/../libexec/gcc/:/cvmfs/sft.cern.ch/lcg/releases/gcc/10.1.0-6f386/x86_64-centos7/
LIBRARY_PATH=/cvmfs/sft.cern.ch/lcg/releases/gcc/10.1.0-6f386/x86_64-centos7/bin/../lib/gcc/x86_64-pc-linux-gnu/10.1.0/:/cvmfs/sft.cern.ch/lcg/releases/gcc/10.1.0-6f386/x86_64-centos7/bin/../lib/gcc/:/cvmfs/sft.cern.ch/lcg/releases/gcc/10.1.0-6f386/x86_64-centos7/bin/../lib/gcc/x86_64-pc-linux-gnu/10.1.0/../../../../lib64/:/lib/../lib64/:/usr/lib/../lib64/:/cvmfs/sft.cern.ch/lcg/releases/gcc/10.1.0-6f386/x86_64-centos7/bin/../lib/gcc/x86_64-pc-linux-gnu/10.1.0/../../../:/lib/:/usr/lib/
COLLECT_GCC_OPTIONS='-v' '-o' 'CMakeFiles/cmTC_d2d03.dir/CMakeCCompilerABI.c.o' '-c' '-mtune=generic' '-march=x86-64'
Linking C executable cmTC_d2d03
/cvmfs/sft.cern.ch/lcg/releases/CMake/3.18.4-2ffec/x86_64-centos7-gcc10-opt/bin/cmake -E cmake_link_script CMakeFiles/cmTC_d2d03.dir/link.txt --verbose=1
/cvmfs/sft.cern.ch/lcg/releases/gcc/10.1.0-6f386/x86_64-centos7/bin/gcc  -v CMakeFiles/cmTC_d2d03.dir/CMakeCCompilerABI.c.o -o cmTC_d2d03 
Using built-in specs.
COLLECT_GCC=/cvmfs/sft.cern.ch/lcg/releases/gcc/10.1.0-6f386/x86_64-centos7/bin/gcc
COLLECT_LTO_WRAPPER=/cvmfs/sft.cern.ch/lcg/releases/gcc/10.1.0-6f386/x86_64-centos7/bin/../libexec/gcc/x86_64-pc-linux-gnu/10.1.0/lto-wrapper
Target: x86_64-pc-linux-gnu
Configured with: /build/gcc/WORK/build/contrib/gcc-10.1.0/src/gcc/10.1.0/configure --disable-multilib --prefix=/build/gcc/WORK/lcgcmake-install/gcc/10.1.0/x86_64-centos7 -with-system-zlib --enable-languages=all --with-gnu-ld --with-gnu-as
Thread model: posix
Supported LTO compression algorithms: zlib
gcc version 10.1.0 (GCC) 
COMPILER_PATH=/cvmfs/sft.cern.ch/lcg/releases/gcc/10.1.0-6f386/x86_64-centos7/bin/../libexec/gcc/x86_64-pc-linux-gnu/10.1.0/:/cvmfs/sft.cern.ch/lcg/releases/gcc/10.1.0-6f386/x86_64-centos7/bin/../libexec/gcc/:/cvmfs/sft.cern.ch/lcg/releases/gcc/10.1.0-6f386/x86_64-centos7/
LIBRARY_PATH=/cvmfs/sft.cern.ch/lcg/releases/gcc/10.1.0-6f386/x86_64-centos7/bin/../lib/gcc/x86_64-pc-linux-gnu/10.1.0/:/cvmfs/sft.cern.ch/lcg/releases/gcc/10.1.0-6f386/x86_64-centos7/bin/../lib/gcc/:/cvmfs/sft.cern.ch/lcg/releases/gcc/10.1.0-6f386/x86_64-centos7/bin/../lib/gcc/x86_64-pc-linux-gnu/10.1.0/../../../../lib64/:/lib/../lib64/:/usr/lib/../lib64/:/cvmfs/sft.cern.ch/lcg/releases/gcc/10.1.0-6f386/x86_64-centos7/bin/../lib/gcc/x86_64-pc-linux-gnu/10.1.0/../../../:/lib/:/usr/lib/
COLLECT_GCC_OPTIONS='-v' '-o' 'cmTC_d2d03' '-mtune=generic' '-march=x86-64'
 /cvmfs/sft.cern.ch/lcg/releases/gcc/10.1.0-6f386/x86_64-centos7/bin/../libexec/gcc/x86_64-pc-linux-gnu/10.1.0/collect2 -plugin /cvmfs/sft.cern.ch/lcg/releases/gcc/10.1.0-6f386/x86_64-centos7/bin/../libexec/gcc/x86_64-pc-linux-gnu/10.1.0/liblto_plugin.so -plugin-opt=/cvmfs/sft.cern.ch/lcg/releases/gcc/10.1.0-6f386/x86_64-centos7/bin/../libexec/gcc/x86_64-pc-linux-gnu/10.1.0/lto-wrapper -plugin-opt=-fresolution=/tmp/ccu9fyg4.res -plugin-opt=-pass-through=-lgcc -plugin-opt=-pass-through=-lgcc_s -plugin-opt=-pass-through=-lc -plugin-opt=-pass-through=-lgcc -plugin-opt=-pass-through=-lgcc_s --eh-frame-hdr -m elf_x86_64 -dynamic-linker /lib64/ld-linux-x86-64.so.2 -o cmTC_d2d03 /lib/../lib64/crt1.o /lib/../lib64/crti.o /cvmfs/sft.cern.ch/lcg/releases/gcc/10.1.0-6f386/x86_64-centos7/bin/../lib/gcc/x86_64-pc-linux-gnu/10.1.0/crtbegin.o -L/cvmfs/sft.cern.ch/lcg/releases/gcc/10.1.0-6f386/x86_64-centos7/bin/../lib/gcc/x86_64-pc-linux-gnu/10.1.0 -L/cvmfs/sft.cern.ch/lcg/releases/gcc/10.1.0-6f386/x86_64-centos7/bin/../lib/gcc -L/cvmfs/sft.cern.ch/lcg/releases/gcc/10.1.0-6f386/x86_64-centos7/bin/../lib/gcc/x86_64-pc-linux-gnu/10.1.0/../../../../lib64 -L/lib/../lib64 -L/usr/lib/../lib64 -L/cvmfs/sft.cern.ch/lcg/releases/gcc/10.1.0-6f386/x86_64-centos7/bin/../lib/gcc/x86_64-pc-linux-gnu/10.1.0/../../.. CMakeFiles/cmTC_d2d03.dir/CMakeCCompilerABI.c.o -lgcc --push-state --as-needed -lgcc_s --pop-state -lc -lgcc --push-state --as-needed -lgcc_s --pop-state /cvmfs/sft.cern.ch/lcg/releases/gcc/10.1.0-6f386/x86_64-centos7/bin/../lib/gcc/x86_64-pc-linux-gnu/10.1.0/crtend.o /lib/../lib64/crtn.o
COLLECT_GCC_OPTIONS='-v' '-o' 'cmTC_d2d03' '-mtune=generic' '-march=x86-64'
gmake[1]: Leaving directory `/.autofs/data1/home/rnicolai/LEM_GDML_upgrade/build_f1_j0/CMakeFiles/CMakeTmp'



Parsed C implicit include dir info from above output: rv=done
  found start of include info
  found start of implicit include info
    add: [/cvmfs/sft.cern.ch/lcg/releases/gcc/10.1.0-6f386/x86_64-centos7/include]
    add: [/cvmfs/sft.cern.ch/lcg/views/LCG_99/x86_64-centos7-gcc10-opt/include]
    add: [/cvmfs/sft.cern.ch/lcg/releases/gcc/10.1.0-6f386/x86_64-centos7/bin/../lib/gcc/x86_64-pc-linux-gnu/10.1.0/include]
    add: [/cvmfs/sft.cern.ch/lcg/releases/gcc/10.1.0-6f386/x86_64-centos7/bin/../lib/gcc/x86_64-pc-linux-gnu/10.1.0/include-fixed]
    add: [/usr/local/include]
    add: [/usr/include]
  end of search list found
  collapse include dir [/cvmfs/sft.cern.ch/lcg/releases/gcc/10.1.0-6f386/x86_64-centos7/include] ==> [/cvmfs/sft.cern.ch/lcg/releases/gcc/10.1.0-6f386/x86_64-centos7/include]
  collapse include dir [/cvmfs/sft.cern.ch/lcg/views/LCG_99/x86_64-centos7-gcc10-opt/include] ==> [/cvmfs/sft.cern.ch/lcg/views/LCG_99/x86_64-centos7-gcc10-opt/include]
  collapse include dir [/cvmfs/sft.cern.ch/lcg/releases/gcc/10.1.0-6f386/x86_64-centos7/bin/../lib/gcc/x86_64-pc-linux-gnu/10.1.0/include] ==> [/cvmfs/sft.cern.ch/lcg/releases/gcc/10.1.0-6f386/x86_64-centos7/lib/gcc/x86_64-pc-linux-gnu/10.1.0/include]
  collapse include dir [/cvmfs/sft.cern.ch/lcg/releases/gcc/10.1.0-6f386/x86_64-centos7/bin/../lib/gcc/x86_64-pc-linux-gnu/10.1.0/include-fixed] ==> [/cvmfs/sft.cern.ch/lcg/releases/gcc/10.1.0-6f386/x86_64-centos7/lib/gcc/x86_64-pc-linux-gnu/10.1.0/include-fixed]
  collapse include dir [/usr/local/include] ==> [/usr/local/include]
  collapse include dir [/usr/include] ==> [/usr/include]
  implicit include dirs: [/cvmfs/sft.cern.ch/lcg/releases/gcc/10.1.0-6f386/x86_64-centos7/include;/cvmfs/sft.cern.ch/lcg/views/LCG_99/x86_64-centos7-gcc10-opt/include;/cvmfs/sft.cern.ch/lcg/releases/gcc/10.1.0-6f386/x86_64-centos7/lib/gcc/x86_64-pc-linux-gnu/10.1.0/include;/cvmfs/sft.cern.ch/lcg/releases/gcc/10.1.0-6f386/x86_64-centos7/lib/gcc/x86_64-pc-linux-gnu/10.1.0/include-fixed;/usr/local/include;/usr/include]


Parsed C implicit link information from above output:
  link line regex: [^( *|.*[/\])(ld|CMAKE_LINK_STARTFILE-NOTFOUND|([^/\]+-)?ld|collect2)[^/\]*( |$)]
  ignore line: [Change Dir: /data1/home/rnicolai/LEM_GDML_upgrade/build_f1_j0/CMakeFiles/CMakeTmp]
  ignore line: []
  ignore line: [Run Build Command(s):/usr/bin/gmake cmTC_d2d03/fast && /usr/bin/gmake  -f CMakeFiles/cmTC_d2d03.dir/build.make CMakeFiles/cmTC_d2d03.dir/build]
  ignore line: [gmake[1]: Entering directory `/.autofs/data1/home/rnicolai/LEM_GDML_upgrade/build_f1_j0/CMakeFiles/CMakeTmp']
  ignore line: [Building C object CMakeFiles/cmTC_d2d03.dir/CMakeCCompilerABI.c.o]
  ignore line: [/cvmfs/sft.cern.ch/lcg/releases/gcc/10.1.0-6f386/x86_64-centos7/bin/gcc   -v -o CMakeFiles/cmTC_d2d03.dir/CMakeCCompilerABI.c.o -c /cvmfs/sft.cern.ch/lcg/releases/CMake/3.18.4-2ffec/x86_64-centos7-gcc10-opt/share/cmake-3.18/Modules/CMakeCCompilerABI.c]
  ignore line: [Using built-in specs.]
  ignore line: [COLLECT_GCC=/cvmfs/sft.cern.ch/lcg/releases/gcc/10.1.0-6f386/x86_64-centos7/bin/gcc]
  ignore line: [Target: x86_64-pc-linux-gnu]
  ignore line: [Configured with: /build/gcc/WORK/build/contrib/gcc-10.1.0/src/gcc/10.1.0/configure --disable-multilib --prefix=/build/gcc/WORK/lcgcmake-install/gcc/10.1.0/x86_64-centos7 -with-system-zlib --enable-languages=all --with-gnu-ld --with-gnu-as]
  ignore line: [Thread model: posix]
  ignore line: [Supported LTO compression algorithms: zlib]
  ignore line: [gcc version 10.1.0 (GCC) ]
  ignore line: [COLLECT_GCC_OPTIONS='-v' '-o' 'CMakeFiles/cmTC_d2d03.dir/CMakeCCompilerABI.c.o' '-c' '-mtune=generic' '-march=x86-64']
  ignore line: [ /cvmfs/sft.cern.ch/lcg/releases/gcc/10.1.0-6f386/x86_64-centos7/bin/../libexec/gcc/x86_64-pc-linux-gnu/10.1.0/cc1 -quiet -v -iprefix /cvmfs/sft.cern.ch/lcg/releases/gcc/10.1.0-6f386/x86_64-centos7/bin/../lib/gcc/x86_64-pc-linux-gnu/10.1.0/ -isystem /cvmfs/sft.cern.ch/lcg/releases/gcc/10.1.0-6f386/x86_64-centos7/include /cvmfs/sft.cern.ch/lcg/releases/CMake/3.18.4-2ffec/x86_64-centos7-gcc10-opt/share/cmake-3.18/Modules/CMakeCCompilerABI.c -quiet -dumpbase CMakeCCompilerABI.c -mtune=generic -march=x86-64 -auxbase-strip CMakeFiles/cmTC_d2d03.dir/CMakeCCompilerABI.c.o -version -o /tmp/ccv20w12.s]
  ignore line: [GNU C17 (GCC) version 10.1.0 (x86_64-pc-linux-gnu)]
  ignore line: [	compiled by GNU C version 10.1.0  GMP version 6.1.0  MPFR version 3.1.4  MPC version 1.0.3  isl version isl-0.18-GMP]
  ignore line: []
  ignore line: [GGC heuristics: --param ggc-min-expand=100 --param ggc-min-heapsize=131072]
  ignore line: [ignoring nonexistent directory "/cvmfs/sft.cern.ch/lcg/releases/gcc/10.1.0-6f386/x86_64-centos7/bin/../lib/gcc/x86_64-pc-linux-gnu/10.1.0/../../../../x86_64-pc-linux-gnu/include"]
  ignore line: [ignoring duplicate directory "/cvmfs/sft.cern.ch/lcg/releases/gcc/10.1.0-6f386/x86_64-centos7/bin/../lib/gcc/../../lib/gcc/x86_64-pc-linux-gnu/10.1.0/include"]
  ignore line: [ignoring duplicate directory "/cvmfs/sft.cern.ch/lcg/releases/gcc/10.1.0-6f386/x86_64-centos7/bin/../lib/gcc/../../include"]
  ignore line: [ignoring duplicate directory "/cvmfs/sft.cern.ch/lcg/releases/gcc/10.1.0-6f386/x86_64-centos7/bin/../lib/gcc/../../lib/gcc/x86_64-pc-linux-gnu/10.1.0/include-fixed"]
  ignore line: [ignoring nonexistent directory "/cvmfs/sft.cern.ch/lcg/releases/gcc/10.1.0-6f386/x86_64-centos7/bin/../lib/gcc/../../lib/gcc/x86_64-pc-linux-gnu/10.1.0/../../../../x86_64-pc-linux-gnu/include"]
  ignore line: [#include "..." search starts here:]
  ignore line: [#include <...> search starts here:]
  ignore line: [ /cvmfs/sft.cern.ch/lcg/releases/gcc/10.1.0-6f386/x86_64-centos7/include]
  ignore line: [ /cvmfs/sft.cern.ch/lcg/views/LCG_99/x86_64-centos7-gcc10-opt/include]
  ignore line: [ /cvmfs/sft.cern.ch/lcg/releases/gcc/10.1.0-6f386/x86_64-centos7/bin/../lib/gcc/x86_64-pc-linux-gnu/10.1.0/include]
  ignore line: [ /cvmfs/sft.cern.ch/lcg/releases/gcc/10.1.0-6f386/x86_64-centos7/bin/../lib/gcc/x86_64-pc-linux-gnu/10.1.0/include-fixed]
  ignore line: [ /usr/local/include]
  ignore line: [ /usr/include]
  ignore line: [End of search list.]
  ignore line: [GNU C17 (GCC) version 10.1.0 (x86_64-pc-linux-gnu)]
  ignore line: [	compiled by GNU C version 10.1.0  GMP version 6.1.0  MPFR version 3.1.4  MPC version 1.0.3  isl version isl-0.18-GMP]
  ignore line: []
  ignore line: [GGC heuristics: --param ggc-min-expand=100 --param ggc-min-heapsize=131072]
  ignore line: [Compiler executable checksum: e568910afe5321740fec65fd13e82322]
  ignore line: [COLLECT_GCC_OPTIONS='-v' '-o' 'CMakeFiles/cmTC_d2d03.dir/CMakeCCompilerABI.c.o' '-c' '-mtune=generic' '-march=x86-64']
  ignore line: [ as -v --64 -o CMakeFiles/cmTC_d2d03.dir/CMakeCCompilerABI.c.o /tmp/ccv20w12.s]
  ignore line: [GNU assembler version 2.34 (x86_64-pc-linux-gnu) using BFD version (GNU Binutils) 2.34]
  ignore line: [COMPILER_PATH=/cvmfs/sft.cern.ch/lcg/releases/gcc/10.1.0-6f386/x86_64-centos7/bin/../libexec/gcc/x86_64-pc-linux-gnu/10.1.0/:/cvmfs/sft.cern.ch/lcg/releases/gcc/10.1.0-6f386/x86_64-centos7/bin/../libexec/gcc/:/cvmfs/sft.cern.ch/lcg/releases/gcc/10.1.0-6f386/x86_64-centos7/]
  ignore line: [LIBRARY_PATH=/cvmfs/sft.cern.ch/lcg/releases/gcc/10.1.0-6f386/x86_64-centos7/bin/../lib/gcc/x86_64-pc-linux-gnu/10.1.0/:/cvmfs/sft.cern.ch/lcg/releases/gcc/10.1.0-6f386/x86_64-centos7/bin/../lib/gcc/:/cvmfs/sft.cern.ch/lcg/releases/gcc/10.1.0-6f386/x86_64-centos7/bin/../lib/gcc/x86_64-pc-linux-gnu/10.1.0/../../../../lib64/:/lib/../lib64/:/usr/lib/../lib64/:/cvmfs/sft.cern.ch/lcg/releases/gcc/10.1.0-6f386/x86_64-centos7/bin/../lib/gcc/x86_64-pc-linux-gnu/10.1.0/../../../:/lib/:/usr/lib/]
  ignore line: [COLLECT_GCC_OPTIONS='-v' '-o' 'CMakeFiles/cmTC_d2d03.dir/CMakeCCompilerABI.c.o' '-c' '-mtune=generic' '-march=x86-64']
  ignore line: [Linking C executable cmTC_d2d03]
  ignore line: [/cvmfs/sft.cern.ch/lcg/releases/CMake/3.18.4-2ffec/x86_64-centos7-gcc10-opt/bin/cmake -E cmake_link_script CMakeFiles/cmTC_d2d03.dir/link.txt --verbose=1]
  ignore line: [/cvmfs/sft.cern.ch/lcg/releases/gcc/10.1.0-6f386/x86_64-centos7/bin/gcc  -v CMakeFiles/cmTC_d2d03.dir/CMakeCCompilerABI.c.o -o cmTC_d2d03 ]
  ignore line: [Using built-in specs.]
  ignore line: [COLLECT_GCC=/cvmfs/sft.cern.ch/lcg/releases/gcc/10.1.0-6f386/x86_64-centos7/bin/gcc]
  ignore line: [COLLECT_LTO_WRAPPER=/cvmfs/sft.cern.ch/lcg/releases/gcc/10.1.0-6f386/x86_64-centos7/bin/../libexec/gcc/x86_64-pc-linux-gnu/10.1.0/lto-wrapper]
  ignore line: [Target: x86_64-pc-linux-gnu]
  ignore line: [Configured with: /build/gcc/WORK/build/contrib/gcc-10.1.0/src/gcc/10.1.0/configure --disable-multilib --prefix=/build/gcc/WORK/lcgcmake-install/gcc/10.1.0/x86_64-centos7 -with-system-zlib --enable-languages=all --with-gnu-ld --with-gnu-as]
  ignore line: [Thread model: posix]
  ignore line: [Supported LTO compression algorithms: zlib]
  ignore line: [gcc version 10.1.0 (GCC) ]
  ignore line: [COMPILER_PATH=/cvmfs/sft.cern.ch/lcg/releases/gcc/10.1.0-6f386/x86_64-centos7/bin/../libexec/gcc/x86_64-pc-linux-gnu/10.1.0/:/cvmfs/sft.cern.ch/lcg/releases/gcc/10.1.0-6f386/x86_64-centos7/bin/../libexec/gcc/:/cvmfs/sft.cern.ch/lcg/releases/gcc/10.1.0-6f386/x86_64-centos7/]
  ignore line: [LIBRARY_PATH=/cvmfs/sft.cern.ch/lcg/releases/gcc/10.1.0-6f386/x86_64-centos7/bin/../lib/gcc/x86_64-pc-linux-gnu/10.1.0/:/cvmfs/sft.cern.ch/lcg/releases/gcc/10.1.0-6f386/x86_64-centos7/bin/../lib/gcc/:/cvmfs/sft.cern.ch/lcg/releases/gcc/10.1.0-6f386/x86_64-centos7/bin/../lib/gcc/x86_64-pc-linux-gnu/10.1.0/../../../../lib64/:/lib/../lib64/:/usr/lib/../lib64/:/cvmfs/sft.cern.ch/lcg/releases/gcc/10.1.0-6f386/x86_64-centos7/bin/../lib/gcc/x86_64-pc-linux-gnu/10.1.0/../../../:/lib/:/usr/lib/]
  ignore line: [COLLECT_GCC_OPTIONS='-v' '-o' 'cmTC_d2d03' '-mtune=generic' '-march=x86-64']
  link line: [ /cvmfs/sft.cern.ch/lcg/releases/gcc/10.1.0-6f386/x86_64-centos7/bin/../libexec/gcc/x86_64-pc-linux-gnu/10.1.0/collect2 -plugin /cvmfs/sft.cern.ch/lcg/releases/gcc/10.1.0-6f386/x86_64-centos7/bin/../libexec/gcc/x86_64-pc-linux-gnu/10.1.0/liblto_plugin.so -plugin-opt=/cvmfs/sft.cern.ch/lcg/releases/gcc/10.1.0-6f386/x86_64-centos7/bin/../libexec/gcc/x86_64-pc-linux-gnu/10.1.0/lto-wrapper -plugin-opt=-fresolution=/tmp/ccu9fyg4.res -plugin-opt=-pass-through=-lgcc -plugin-opt=-pass-through=-lgcc_s -plugin-opt=-pass-through=-lc -plugin-opt=-pass-through=-lgcc -plugin-opt=-pass-through=-lgcc_s --eh-frame-hdr -m elf_x86_64 -dynamic-linker /lib64/ld-linux-x86-64.so.2 -o cmTC_d2d03 /lib/../lib64/crt1.o /lib/../lib64/crti.o /cvmfs/sft.cern.ch/lcg/releases/gcc/10.1.0-6f386/x86_64-centos7/bin/../lib/gcc/x86_64-pc-linux-gnu/10.1.0/crtbegin.o -L/cvmfs/sft.cern.ch/lcg/releases/gcc/10.1.0-6f386/x86_64-centos7/bin/../lib/gcc/x86_64-pc-linux-gnu/10.1.0 -L/cvmfs/sft.cern.ch/lcg/releases/gcc/10.1.0-6f386/x86_64-centos7/bin/../lib/gcc -L/cvmfs/sft.cern.ch/lcg/releases/gcc/10.1.0-6f386/x86_64-centos7/bin/../lib/gcc/x86_64-pc-linux-gnu/10.1.0/../../../../lib64 -L/lib/../lib64 -L/usr/lib/../lib64 -L/cvmfs/sft.cern.ch/lcg/releases/gcc/10.1.0-6f386/x86_64-centos7/bin/../lib/gcc/x86_64-pc-linux-gnu/10.1.0/../../.. CMakeFiles/cmTC_d2d03.dir/CMakeCCompilerABI.c.o -lgcc --push-state --as-needed -lgcc_s --pop-state -lc -lgcc --push-state --as-needed -lgcc_s --pop-state /cvmfs/sft.cern.ch/lcg/releases/gcc/10.1.0-6f386/x86_64-centos7/bin/../lib/gcc/x86_64-pc-linux-gnu/10.1.0/crtend.o /lib/../lib64/crtn.o]
    arg [/cvmfs/sft.cern.ch/lcg/releases/gcc/10.1.0-6f386/x86_64-centos7/bin/../libexec/gcc/x86_64-pc-linux-gnu/10.1.0/collect2] ==> ignore
    arg [-plugin] ==> ignore
    arg [/cvmfs/sft.cern.ch/lcg/releases/gcc/10.1.0-6f386/x86_64-centos7/bin/../libexec/gcc/x86_64-pc-linux-gnu/10.1.0/liblto_plugin.so] ==> ignore
    arg [-plugin-opt=/cvmfs/sft.cern.ch/lcg/releases/gcc/10.1.0-6f386/x86_64-centos7/bin/../libexec/gcc/x86_64-pc-linux-gnu/10.1.0/lto-wrapper] ==> ignore
    arg [-plugin-opt=-fresolution=/tmp/ccu9fyg4.res] ==> ignore
    arg [-plugin-opt=-pass-through=-lgcc] ==> ignore
    arg [-plugin-opt=-pass-through=-lgcc_s] ==> ignore
    arg [-plugin-opt=-pass-through=-lc] ==> ignore
    arg [-plugin-opt=-pass-through=-lgcc] ==> ignore
    arg [-plugin-opt=-pass-through=-lgcc_s] ==> ignore
    arg [--eh-frame-hdr] ==> ignore
    arg [-m] ==> ignore
    arg [elf_x86_64] ==> ignore
    arg [-dynamic-linker] ==> ignore
    arg [/lib64/ld-linux-x86-64.so.2] ==> ignore
    arg [-o] ==> ignore
    arg [cmTC_d2d03] ==> ignore
    arg [/lib/../lib64/crt1.o] ==> ignore
    arg [/lib/../lib64/crti.o] ==> ignore
    arg [/cvmfs/sft.cern.ch/lcg/releases/gcc/10.1.0-6f386/x86_64-centos7/bin/../lib/gcc/x86_64-pc-linux-gnu/10.1.0/crtbegin.o] ==> ignore
    arg [-L/cvmfs/sft.cern.ch/lcg/releases/gcc/10.1.0-6f386/x86_64-centos7/bin/../lib/gcc/x86_64-pc-linux-gnu/10.1.0] ==> dir [/cvmfs/sft.cern.ch/lcg/releases/gcc/10.1.0-6f386/x86_64-centos7/bin/../lib/gcc/x86_64-pc-linux-gnu/10.1.0]
    arg [-L/cvmfs/sft.cern.ch/lcg/releases/gcc/10.1.0-6f386/x86_64-centos7/bin/../lib/gcc] ==> dir [/cvmfs/sft.cern.ch/lcg/releases/gcc/10.1.0-6f386/x86_64-centos7/bin/../lib/gcc]
    arg [-L/cvmfs/sft.cern.ch/lcg/releases/gcc/10.1.0-6f386/x86_64-centos7/bin/../lib/gcc/x86_64-pc-linux-gnu/10.1.0/../../../../lib64] ==> dir [/cvmfs/sft.cern.ch/lcg/releases/gcc/10.1.0-6f386/x86_64-centos7/bin/../lib/gcc/x86_64-pc-linux-gnu/10.1.0/../../../../lib64]
    arg [-L/lib/../lib64] ==> dir [/lib/../lib64]
    arg [-L/usr/lib/../lib64] ==> dir [/usr/lib/../lib64]
    arg [-L/cvmfs/sft.cern.ch/lcg/releases/gcc/10.1.0-6f386/x86_64-centos7/bin/../lib/gcc/x86_64-pc-linux-gnu/10.1.0/../../..] ==> dir [/cvmfs/sft.cern.ch/lcg/releases/gcc/10.1.0-6f386/x86_64-centos7/bin/../lib/gcc/x86_64-pc-linux-gnu/10.1.0/../../..]
    arg [CMakeFiles/cmTC_d2d03.dir/CMakeCCompilerABI.c.o] ==> ignore
    arg [-lgcc] ==> lib [gcc]
    arg [--push-state] ==> ignore
    arg [--as-needed] ==> ignore
    arg [-lgcc_s] ==> lib [gcc_s]
    arg [--pop-state] ==> ignore
    arg [-lc] ==> lib [c]
    arg [-lgcc] ==> lib [gcc]
    arg [--push-state] ==> ignore
    arg [--as-needed] ==> ignore
    arg [-lgcc_s] ==> lib [gcc_s]
    arg [--pop-state] ==> ignore
    arg [/cvmfs/sft.cern.ch/lcg/releases/gcc/10.1.0-6f386/x86_64-centos7/bin/../lib/gcc/x86_64-pc-linux-gnu/10.1.0/crtend.o] ==> ignore
    arg [/lib/../lib64/crtn.o] ==> ignore
  collapse library dir [/cvmfs/sft.cern.ch/lcg/releases/gcc/10.1.0-6f386/x86_64-centos7/bin/../lib/gcc/x86_64-pc-linux-gnu/10.1.0] ==> [/cvmfs/sft.cern.ch/lcg/releases/gcc/10.1.0-6f386/x86_64-centos7/lib/gcc/x86_64-pc-linux-gnu/10.1.0]
  collapse library dir [/cvmfs/sft.cern.ch/lcg/releases/gcc/10.1.0-6f386/x86_64-centos7/bin/../lib/gcc] ==> [/cvmfs/sft.cern.ch/lcg/releases/gcc/10.1.0-6f386/x86_64-centos7/lib/gcc]
  collapse library dir [/cvmfs/sft.cern.ch/lcg/releases/gcc/10.1.0-6f386/x86_64-centos7/bin/../lib/gcc/x86_64-pc-linux-gnu/10.1.0/../../../../lib64] ==> [/cvmfs/sft.cern.ch/lcg/releases/gcc/10.1.0-6f386/x86_64-centos7/lib64]
  collapse library dir [/lib/../lib64] ==> [/lib64]
  collapse library dir [/usr/lib/../lib64] ==> [/usr/lib64]
  collapse library dir [/cvmfs/sft.cern.ch/lcg/releases/gcc/10.1.0-6f386/x86_64-centos7/bin/../lib/gcc/x86_64-pc-linux-gnu/10.1.0/../../..] ==> [/cvmfs/sft.cern.ch/lcg/releases/gcc/10.1.0-6f386/x86_64-centos7/lib]
  implicit libs: [gcc;gcc_s;c;gcc;gcc_s]
  implicit dirs: [/cvmfs/sft.cern.ch/lcg/releases/gcc/10.1.0-6f386/x86_64-centos7/lib/gcc/x86_64-pc-linux-gnu/10.1.0;/cvmfs/sft.cern.ch/lcg/releases/gcc/10.1.0-6f386/x86_64-centos7/lib/gcc;/cvmfs/sft.cern.ch/lcg/releases/gcc/10.1.0-6f386/x86_64-centos7/lib64;/lib64;/usr/lib64;/cvmfs/sft.cern.ch/lcg/releases/gcc/10.1.0-6f386/x86_64-centos7/lib]
  implicit fwks: []


Detecting CXX compiler ABI info compiled with the following output:
Change Dir: /data1/home/rnicolai/LEM_GDML_upgrade/build_f1_j0/CMakeFiles/CMakeTmp

Run Build Command(s):/usr/bin/gmake cmTC_80aa8/fast && /usr/bin/gmake  -f CMakeFiles/cmTC_80aa8.dir/build.make CMakeFiles/cmTC_80aa8.dir/build
gmake[1]: Entering directory `/.autofs/data1/home/rnicolai/LEM_GDML_upgrade/build_f1_j0/CMakeFiles/CMakeTmp'
Building CXX object CMakeFiles/cmTC_80aa8.dir/CMakeCXXCompilerABI.cpp.o
/cvmfs/sft.cern.ch/lcg/releases/gcc/10.1.0-6f386/x86_64-centos7/bin/g++   -v -o CMakeFiles/cmTC_80aa8.dir/CMakeCXXCompilerABI.cpp.o -c /cvmfs/sft.cern.ch/lcg/releases/CMake/3.18.4-2ffec/x86_64-centos7-gcc10-opt/share/cmake-3.18/Modules/CMakeCXXCompilerABI.cpp
Using built-in specs.
COLLECT_GCC=/cvmfs/sft.cern.ch/lcg/releases/gcc/10.1.0-6f386/x86_64-centos7/bin/g++
Target: x86_64-pc-linux-gnu
Configured with: /build/gcc/WORK/build/contrib/gcc-10.1.0/src/gcc/10.1.0/configure --disable-multilib --prefix=/build/gcc/WORK/lcgcmake-install/gcc/10.1.0/x86_64-centos7 -with-system-zlib --enable-languages=all --with-gnu-ld --with-gnu-as
Thread model: posix
Supported LTO compression algorithms: zlib
gcc version 10.1.0 (GCC) 
COLLECT_GCC_OPTIONS='-v' '-o' 'CMakeFiles/cmTC_80aa8.dir/CMakeCXXCompilerABI.cpp.o' '-c' '-shared-libgcc' '-mtune=generic' '-march=x86-64'
 /cvmfs/sft.cern.ch/lcg/releases/gcc/10.1.0-6f386/x86_64-centos7/bin/../libexec/gcc/x86_64-pc-linux-gnu/10.1.0/cc1plus -quiet -v -iprefix /cvmfs/sft.cern.ch/lcg/releases/gcc/10.1.0-6f386/x86_64-centos7/bin/../lib/gcc/x86_64-pc-linux-gnu/10.1.0/ -isystem /cvmfs/sft.cern.ch/lcg/releases/gcc/10.1.0-6f386/x86_64-centos7/include -D_GNU_SOURCE /cvmfs/sft.cern.ch/lcg/releases/CMake/3.18.4-2ffec/x86_64-centos7-gcc10-opt/share/cmake-3.18/Modules/CMakeCXXCompilerABI.cpp -quiet -dumpbase CMakeCXXCompilerABI.cpp -mtune=generic -march=x86-64 -auxbase-strip CMakeFiles/cmTC_80aa8.dir/CMakeCXXCompilerABI.cpp.o -version -o /tmp/ccl66yXr.s
GNU C++14 (GCC) version 10.1.0 (x86_64-pc-linux-gnu)
	compiled by GNU C version 10.1.0, GMP version 6.1.0, MPFR version 3.1.4, MPC version 1.0.3, isl version isl-0.18-GMP

GGC heuristics: --param ggc-min-expand=100 --param ggc-min-heapsize=131072
ignoring nonexistent directory "/cvmfs/sft.cern.ch/lcg/releases/gcc/10.1.0-6f386/x86_64-centos7/bin/../lib/gcc/x86_64-pc-linux-gnu/10.1.0/../../../../x86_64-pc-linux-gnu/include"
ignoring duplicate directory "/cvmfs/sft.cern.ch/lcg/releases/gcc/10.1.0-6f386/x86_64-centos7/bin/../lib/gcc/../../lib/gcc/x86_64-pc-linux-gnu/10.1.0/../../../../include/c++/10.1.0"
ignoring duplicate directory "/cvmfs/sft.cern.ch/lcg/releases/gcc/10.1.0-6f386/x86_64-centos7/bin/../lib/gcc/../../lib/gcc/x86_64-pc-linux-gnu/10.1.0/../../../../include/c++/10.1.0/x86_64-pc-linux-gnu"
ignoring duplicate directory "/cvmfs/sft.cern.ch/lcg/releases/gcc/10.1.0-6f386/x86_64-centos7/bin/../lib/gcc/../../lib/gcc/x86_64-pc-linux-gnu/10.1.0/../../../../include/c++/10.1.0/backward"
ignoring duplicate directory "/cvmfs/sft.cern.ch/lcg/releases/gcc/10.1.0-6f386/x86_64-centos7/bin/../lib/gcc/../../lib/gcc/x86_64-pc-linux-gnu/10.1.0/include"
ignoring duplicate directory "/cvmfs/sft.cern.ch/lcg/releases/gcc/10.1.0-6f386/x86_64-centos7/bin/../lib/gcc/../../include"
ignoring duplicate directory "/cvmfs/sft.cern.ch/lcg/releases/gcc/10.1.0-6f386/x86_64-centos7/bin/../lib/gcc/../../lib/gcc/x86_64-pc-linux-gnu/10.1.0/include-fixed"
ignoring nonexistent directory "/cvmfs/sft.cern.ch/lcg/releases/gcc/10.1.0-6f386/x86_64-centos7/bin/../lib/gcc/../../lib/gcc/x86_64-pc-linux-gnu/10.1.0/../../../../x86_64-pc-linux-gnu/include"
#include "..." search starts here:
#include <...> search starts here:
 /cvmfs/sft.cern.ch/lcg/releases/gcc/10.1.0-6f386/x86_64-centos7/include
 /cvmfs/sft.cern.ch/lcg/views/LCG_99/x86_64-centos7-gcc10-opt/include
 /cvmfs/sft.cern.ch/lcg/releases/gcc/10.1.0-6f386/x86_64-centos7/bin/../lib/gcc/x86_64-pc-linux-gnu/10.1.0/../../../../include/c++/10.1.0
 /cvmfs/sft.cern.ch/lcg/releases/gcc/10.1.0-6f386/x86_64-centos7/bin/../lib/gcc/x86_64-pc-linux-gnu/10.1.0/../../../../include/c++/10.1.0/x86_64-pc-linux-gnu
 /cvmfs/sft.cern.ch/lcg/releases/gcc/10.1.0-6f386/x86_64-centos7/bin/../lib/gcc/x86_64-pc-linux-gnu/10.1.0/../../../../include/c++/10.1.0/backward
 /cvmfs/sft.cern.ch/lcg/releases/gcc/10.1.0-6f386/x86_64-centos7/bin/../lib/gcc/x86_64-pc-linux-gnu/10.1.0/include
 /cvmfs/sft.cern.ch/lcg/releases/gcc/10.1.0-6f386/x86_64-centos7/bin/../lib/gcc/x86_64-pc-linux-gnu/10.1.0/include-fixed
 /usr/local/include
 /usr/include
End of search list.
GNU C++14 (GCC) version 10.1.0 (x86_64-pc-linux-gnu)
	compiled by GNU C version 10.1.0, GMP version 6.1.0, MPFR version 3.1.4, MPC version 1.0.3, isl version isl-0.18-GMP

GGC heuristics: --param ggc-min-expand=100 --param ggc-min-heapsize=131072
Compiler executable checksum: d65f805d86f9e9e7753d788e5db9f8d5
COLLECT_GCC_OPTIONS='-v' '-o' 'CMakeFiles/cmTC_80aa8.dir/CMakeCXXCompilerABI.cpp.o' '-c' '-shared-libgcc' '-mtune=generic' '-march=x86-64'
 as -v --64 -o CMakeFiles/cmTC_80aa8.dir/CMakeCXXCompilerABI.cpp.o /tmp/ccl66yXr.s
GNU assembler version 2.34 (x86_64-pc-linux-gnu) using BFD version (GNU Binutils) 2.34
COMPILER_PATH=/cvmfs/sft.cern.ch/lcg/releases/gcc/10.1.0-6f386/x86_64-centos7/bin/../libexec/gcc/x86_64-pc-linux-gnu/10.1.0/:/cvmfs/sft.cern.ch/lcg/releases/gcc/10.1.0-6f386/x86_64-centos7/bin/../libexec/gcc/:/cvmfs/sft.cern.ch/lcg/releases/gcc/10.1.0-6f386/x86_64-centos7/
LIBRARY_PATH=/cvmfs/sft.cern.ch/lcg/releases/gcc/10.1.0-6f386/x86_64-centos7/bin/../lib/gcc/x86_64-pc-linux-gnu/10.1.0/:/cvmfs/sft.cern.ch/lcg/releases/gcc/10.1.0-6f386/x86_64-centos7/bin/../lib/gcc/:/cvmfs/sft.cern.ch/lcg/releases/gcc/10.1.0-6f386/x86_64-centos7/bin/../lib/gcc/x86_64-pc-linux-gnu/10.1.0/../../../../lib64/:/lib/../lib64/:/usr/lib/../lib64/:/cvmfs/sft.cern.ch/lcg/releases/gcc/10.1.0-6f386/x86_64-centos7/bin/../lib/gcc/x86_64-pc-linux-gnu/10.1.0/../../../:/lib/:/usr/lib/
COLLECT_GCC_OPTIONS='-v' '-o' 'CMakeFiles/cmTC_80aa8.dir/CMakeCXXCompilerABI.cpp.o' '-c' '-shared-libgcc' '-mtune=generic' '-march=x86-64'
Linking CXX executable cmTC_80aa8
/cvmfs/sft.cern.ch/lcg/releases/CMake/3.18.4-2ffec/x86_64-centos7-gcc10-opt/bin/cmake -E cmake_link_script CMakeFiles/cmTC_80aa8.dir/link.txt --verbose=1
/cvmfs/sft.cern.ch/lcg/releases/gcc/10.1.0-6f386/x86_64-centos7/bin/g++  -v CMakeFiles/cmTC_80aa8.dir/CMakeCXXCompilerABI.cpp.o -o cmTC_80aa8 
Using built-in specs.
COLLECT_GCC=/cvmfs/sft.cern.ch/lcg/releases/gcc/10.1.0-6f386/x86_64-centos7/bin/g++
COLLECT_LTO_WRAPPER=/cvmfs/sft.cern.ch/lcg/releases/gcc/10.1.0-6f386/x86_64-centos7/bin/../libexec/gcc/x86_64-pc-linux-gnu/10.1.0/lto-wrapper
Target: x86_64-pc-linux-gnu
Configured with: /build/gcc/WORK/build/contrib/gcc-10.1.0/src/gcc/10.1.0/configure --disable-multilib --prefix=/build/gcc/WORK/lcgcmake-install/gcc/10.1.0/x86_64-centos7 -with-system-zlib --enable-languages=all --with-gnu-ld --with-gnu-as
Thread model: posix
Supported LTO compression algorithms: zlib
gcc version 10.1.0 (GCC) 
COMPILER_PATH=/cvmfs/sft.cern.ch/lcg/releases/gcc/10.1.0-6f386/x86_64-centos7/bin/../libexec/gcc/x86_64-pc-linux-gnu/10.1.0/:/cvmfs/sft.cern.ch/lcg/releases/gcc/10.1.0-6f386/x86_64-centos7/bin/../libexec/gcc/:/cvmfs/sft.cern.ch/lcg/releases/gcc/10.1.0-6f386/x86_64-centos7/
LIBRARY_PATH=/cvmfs/sft.cern.ch/lcg/releases/gcc/10.1.0-6f386/x86_64-centos7/bin/../lib/gcc/x86_64-pc-linux-gnu/10.1.0/:/cvmfs/sft.cern.ch/lcg/releases/gcc/10.1.0-6f386/x86_64-centos7/bin/../lib/gcc/:/cvmfs/sft.cern.ch/lcg/releases/gcc/10.1.0-6f386/x86_64-centos7/bin/../lib/gcc/x86_64-pc-linux-gnu/10.1.0/../../../../lib64/:/lib/../lib64/:/usr/lib/../lib64/:/cvmfs/sft.cern.ch/lcg/releases/gcc/10.1.0-6f386/x86_64-centos7/bin/../lib/gcc/x86_64-pc-linux-gnu/10.1.0/../../../:/lib/:/usr/lib/
COLLECT_GCC_OPTIONS='-v' '-o' 'cmTC_80aa8' '-shared-libgcc' '-mtune=generic' '-march=x86-64'
 /cvmfs/sft.cern.ch/lcg/releases/gcc/10.1.0-6f386/x86_64-centos7/bin/../libexec/gcc/x86_64-pc-linux-gnu/10.1.0/collect2 -plugin /cvmfs/sft.cern.ch/lcg/releases/gcc/10.1.0-6f386/x86_64-centos7/bin/../libexec/gcc/x86_64-pc-linux-gnu/10.1.0/liblto_plugin.so -plugin-opt=/cvmfs/sft.cern.ch/lcg/releases/gcc/10.1.0-6f386/x86_64-centos7/bin/../libexec/gcc/x86_64-pc-linux-gnu/10.1.0/lto-wrapper -plugin-opt=-fresolution=/tmp/ccc1kXjy.res -plugin-opt=-pass-through=-lgcc_s -plugin-opt=-pass-through=-lgcc -plugin-opt=-pass-through=-lc -plugin-opt=-pass-through=-lgcc_s -plugin-opt=-pass-through=-lgcc --eh-frame-hdr -m elf_x86_64 -dynamic-linker /lib64/ld-linux-x86-64.so.2 -o cmTC_80aa8 /lib/../lib64/crt1.o /lib/../lib64/crti.o /cvmfs/sft.cern.ch/lcg/releases/gcc/10.1.0-6f386/x86_64-centos7/bin/../lib/gcc/x86_64-pc-linux-gnu/10.1.0/crtbegin.o -L/cvmfs/sft.cern.ch/lcg/releases/gcc/10.1.0-6f386/x86_64-centos7/bin/../lib/gcc/x86_64-pc-linux-gnu/10.1.0 -L/cvmfs/sft.cern.ch/lcg/releases/gcc/10.1.0-6f386/x86_64-centos7/bin/../lib/gcc -L/cvmfs/sft.cern.ch/lcg/releases/gcc/10.1.0-6f386/x86_64-centos7/bin/../lib/gcc/x86_64-pc-linux-gnu/10.1.0/../../../../lib64 -L/lib/../lib64 -L/usr/lib/../lib64 -L/cvmfs/sft.cern.ch/lcg/releases/gcc/10.1.0-6f386/x86_64-centos7/bin/../lib/gcc/x86_64-pc-linux-gnu/10.1.0/../../.. CMakeFiles/cmTC_80aa8.dir/CMakeCXXCompilerABI.cpp.o -lstdc++ -lm -lgcc_s -lgcc -lc -lgcc_s -lgcc /cvmfs/sft.cern.ch/lcg/releases/gcc/10.1.0-6f386/x86_64-centos7/bin/../lib/gcc/x86_64-pc-linux-gnu/10.1.0/crtend.o /lib/../lib64/crtn.o
COLLECT_GCC_OPTIONS='-v' '-o' 'cmTC_80aa8' '-shared-libgcc' '-mtune=generic' '-march=x86-64'
gmake[1]: Leaving directory `/.autofs/data1/home/rnicolai/LEM_GDML_upgrade/build_f1_j0/CMakeFiles/CMakeTmp'



Parsed CXX implicit include dir info from above output: rv=done
  found start of include info
  found start of implicit include info
    add: [/cvmfs/sft.cern.ch/lcg/releases/gcc/10.1.0-6f386/x86_64-centos7/include]
    add: [/cvmfs/sft.cern.ch/lcg/views/LCG_99/x86_64-centos7-gcc10-opt/include]
    add: [/cvmfs/sft.cern.ch/lcg/releases/gcc/10.1.0-6f386/x86_64-centos7/bin/../lib/gcc/x86_64-pc-linux-gnu/10.1.0/../../../../include/c++/10.1.0]
    add: [/cvmfs/sft.cern.ch/lcg/releases/gcc/10.1.0-6f386/x86_64-centos7/bin/../lib/gcc/x86_64-pc-linux-gnu/10.1.0/../../../../include/c++/10.1.0/x86_64-pc-linux-gnu]
    add: [/cvmfs/sft.cern.ch/lcg/releases/gcc/10.1.0-6f386/x86_64-centos7/bin/../lib/gcc/x86_64-pc-linux-gnu/10.1.0/../../../../include/c++/10.1.0/backward]
    add: [/cvmfs/sft.cern.ch/lcg/releases/gcc/10.1.0-6f386/x86_64-centos7/bin/../lib/gcc/x86_64-pc-linux-gnu/10.1.0/include]
    add: [/cvmfs/sft.cern.ch/lcg/releases/gcc/10.1.0-6f386/x86_64-centos7/bin/../lib/gcc/x86_64-pc-linux-gnu/10.1.0/include-fixed]
    add: [/usr/local/include]
    add: [/usr/include]
  end of search list found
  collapse include dir [/cvmfs/sft.cern.ch/lcg/releases/gcc/10.1.0-6f386/x86_64-centos7/include] ==> [/cvmfs/sft.cern.ch/lcg/releases/gcc/10.1.0-6f386/x86_64-centos7/include]
  collapse include dir [/cvmfs/sft.cern.ch/lcg/views/LCG_99/x86_64-centos7-gcc10-opt/include] ==> [/cvmfs/sft.cern.ch/lcg/views/LCG_99/x86_64-centos7-gcc10-opt/include]
  collapse include dir [/cvmfs/sft.cern.ch/lcg/releases/gcc/10.1.0-6f386/x86_64-centos7/bin/../lib/gcc/x86_64-pc-linux-gnu/10.1.0/../../../../include/c++/10.1.0] ==> [/cvmfs/sft.cern.ch/lcg/releases/gcc/10.1.0-6f386/x86_64-centos7/include/c++/10.1.0]
  collapse include dir [/cvmfs/sft.cern.ch/lcg/releases/gcc/10.1.0-6f386/x86_64-centos7/bin/../lib/gcc/x86_64-pc-linux-gnu/10.1.0/../../../../include/c++/10.1.0/x86_64-pc-linux-gnu] ==> [/cvmfs/sft.cern.ch/lcg/releases/gcc/10.1.0-6f386/x86_64-centos7/include/c++/10.1.0/x86_64-pc-linux-gnu]
  collapse include dir [/cvmfs/sft.cern.ch/lcg/releases/gcc/10.1.0-6f386/x86_64-centos7/bin/../lib/gcc/x86_64-pc-linux-gnu/10.1.0/../../../../include/c++/10.1.0/backward] ==> [/cvmfs/sft.cern.ch/lcg/releases/gcc/10.1.0-6f386/x86_64-centos7/include/c++/10.1.0/backward]
  collapse include dir [/cvmfs/sft.cern.ch/lcg/releases/gcc/10.1.0-6f386/x86_64-centos7/bin/../lib/gcc/x86_64-pc-linux-gnu/10.1.0/include] ==> [/cvmfs/sft.cern.ch/lcg/releases/gcc/10.1.0-6f386/x86_64-centos7/lib/gcc/x86_64-pc-linux-gnu/10.1.0/include]
  collapse include dir [/cvmfs/sft.cern.ch/lcg/releases/gcc/10.1.0-6f386/x86_64-centos7/bin/../lib/gcc/x86_64-pc-linux-gnu/10.1.0/include-fixed] ==> [/cvmfs/sft.cern.ch/lcg/releases/gcc/10.1.0-6f386/x86_64-centos7/lib/gcc/x86_64-pc-linux-gnu/10.1.0/include-fixed]
  collapse include dir [/usr/local/include] ==> [/usr/local/include]
  collapse include dir [/usr/include] ==> [/usr/include]
  implicit include dirs: [/cvmfs/sft.cern.ch/lcg/releases/gcc/10.1.0-6f386/x86_64-centos7/include;/cvmfs/sft.cern.ch/lcg/views/LCG_99/x86_64-centos7-gcc10-opt/include;/cvmfs/sft.cern.ch/lcg/releases/gcc/10.1.0-6f386/x86_64-centos7/include/c++/10.1.0;/cvmfs/sft.cern.ch/lcg/releases/gcc/10.1.0-6f386/x86_64-centos7/include/c++/10.1.0/x86_64-pc-linux-gnu;/cvmfs/sft.cern.ch/lcg/releases/gcc/10.1.0-6f386/x86_64-centos7/include/c++/10.1.0/backward;/cvmfs/sft.cern.ch/lcg/releases/gcc/10.1.0-6f386/x86_64-centos7/lib/gcc/x86_64-pc-linux-gnu/10.1.0/include;/cvmfs/sft.cern.ch/lcg/releases/gcc/10.1.0-6f386/x86_64-centos7/lib/gcc/x86_64-pc-linux-gnu/10.1.0/include-fixed;/usr/local/include;/usr/include]


Parsed CXX implicit link information from above output:
  link line regex: [^( *|.*[/\])(ld|CMAKE_LINK_STARTFILE-NOTFOUND|([^/\]+-)?ld|collect2)[^/\]*( |$)]
  ignore line: [Change Dir: /data1/home/rnicolai/LEM_GDML_upgrade/build_f1_j0/CMakeFiles/CMakeTmp]
  ignore line: []
  ignore line: [Run Build Command(s):/usr/bin/gmake cmTC_80aa8/fast && /usr/bin/gmake  -f CMakeFiles/cmTC_80aa8.dir/build.make CMakeFiles/cmTC_80aa8.dir/build]
  ignore line: [gmake[1]: Entering directory `/.autofs/data1/home/rnicolai/LEM_GDML_upgrade/build_f1_j0/CMakeFiles/CMakeTmp']
  ignore line: [Building CXX object CMakeFiles/cmTC_80aa8.dir/CMakeCXXCompilerABI.cpp.o]
  ignore line: [/cvmfs/sft.cern.ch/lcg/releases/gcc/10.1.0-6f386/x86_64-centos7/bin/g++   -v -o CMakeFiles/cmTC_80aa8.dir/CMakeCXXCompilerABI.cpp.o -c /cvmfs/sft.cern.ch/lcg/releases/CMake/3.18.4-2ffec/x86_64-centos7-gcc10-opt/share/cmake-3.18/Modules/CMakeCXXCompilerABI.cpp]
  ignore line: [Using built-in specs.]
  ignore line: [COLLECT_GCC=/cvmfs/sft.cern.ch/lcg/releases/gcc/10.1.0-6f386/x86_64-centos7/bin/g++]
  ignore line: [Target: x86_64-pc-linux-gnu]
  ignore line: [Configured with: /build/gcc/WORK/build/contrib/gcc-10.1.0/src/gcc/10.1.0/configure --disable-multilib --prefix=/build/gcc/WORK/lcgcmake-install/gcc/10.1.0/x86_64-centos7 -with-system-zlib --enable-languages=all --with-gnu-ld --with-gnu-as]
  ignore line: [Thread model: posix]
  ignore line: [Supported LTO compression algorithms: zlib]
  ignore line: [gcc version 10.1.0 (GCC) ]
  ignore line: [COLLECT_GCC_OPTIONS='-v' '-o' 'CMakeFiles/cmTC_80aa8.dir/CMakeCXXCompilerABI.cpp.o' '-c' '-shared-libgcc' '-mtune=generic' '-march=x86-64']
  ignore line: [ /cvmfs/sft.cern.ch/lcg/releases/gcc/10.1.0-6f386/x86_64-centos7/bin/../libexec/gcc/x86_64-pc-linux-gnu/10.1.0/cc1plus -quiet -v -iprefix /cvmfs/sft.cern.ch/lcg/releases/gcc/10.1.0-6f386/x86_64-centos7/bin/../lib/gcc/x86_64-pc-linux-gnu/10.1.0/ -isystem /cvmfs/sft.cern.ch/lcg/releases/gcc/10.1.0-6f386/x86_64-centos7/include -D_GNU_SOURCE /cvmfs/sft.cern.ch/lcg/releases/CMake/3.18.4-2ffec/x86_64-centos7-gcc10-opt/share/cmake-3.18/Modules/CMakeCXXCompilerABI.cpp -quiet -dumpbase CMakeCXXCompilerABI.cpp -mtune=generic -march=x86-64 -auxbase-strip CMakeFiles/cmTC_80aa8.dir/CMakeCXXCompilerABI.cpp.o -version -o /tmp/ccl66yXr.s]
  ignore line: [GNU C++14 (GCC) version 10.1.0 (x86_64-pc-linux-gnu)]
  ignore line: [	compiled by GNU C version 10.1.0  GMP version 6.1.0  MPFR version 3.1.4  MPC version 1.0.3  isl version isl-0.18-GMP]
  ignore line: []
  ignore line: [GGC heuristics: --param ggc-min-expand=100 --param ggc-min-heapsize=131072]
  ignore line: [ignoring nonexistent directory "/cvmfs/sft.cern.ch/lcg/releases/gcc/10.1.0-6f386/x86_64-centos7/bin/../lib/gcc/x86_64-pc-linux-gnu/10.1.0/../../../../x86_64-pc-linux-gnu/include"]
  ignore line: [ignoring duplicate directory "/cvmfs/sft.cern.ch/lcg/releases/gcc/10.1.0-6f386/x86_64-centos7/bin/../lib/gcc/../../lib/gcc/x86_64-pc-linux-gnu/10.1.0/../../../../include/c++/10.1.0"]
  ignore line: [ignoring duplicate directory "/cvmfs/sft.cern.ch/lcg/releases/gcc/10.1.0-6f386/x86_64-centos7/bin/../lib/gcc/../../lib/gcc/x86_64-pc-linux-gnu/10.1.0/../../../../include/c++/10.1.0/x86_64-pc-linux-gnu"]
  ignore line: [ignoring duplicate directory "/cvmfs/sft.cern.ch/lcg/releases/gcc/10.1.0-6f386/x86_64-centos7/bin/../lib/gcc/../../lib/gcc/x86_64-pc-linux-gnu/10.1.0/../../../../include/c++/10.1.0/backward"]
  ignore line: [ignoring duplicate directory "/cvmfs/sft.cern.ch/lcg/releases/gcc/10.1.0-6f386/x86_64-centos7/bin/../lib/gcc/../../lib/gcc/x86_64-pc-linux-gnu/10.1.0/include"]
  ignore line: [ignoring duplicate directory "/cvmfs/sft.cern.ch/lcg/releases/gcc/10.1.0-6f386/x86_64-centos7/bin/../lib/gcc/../../include"]
  ignore line: [ignoring duplicate directory "/cvmfs/sft.cern.ch/lcg/releases/gcc/10.1.0-6f386/x86_64-centos7/bin/../lib/gcc/../../lib/gcc/x86_64-pc-linux-gnu/10.1.0/include-fixed"]
  ignore line: [ignoring nonexistent directory "/cvmfs/sft.cern.ch/lcg/releases/gcc/10.1.0-6f386/x86_64-centos7/bin/../lib/gcc/../../lib/gcc/x86_64-pc-linux-gnu/10.1.0/../../../../x86_64-pc-linux-gnu/include"]
  ignore line: [#include "..." search starts here:]
  ignore line: [#include <...> search starts here:]
  ignore line: [ /cvmfs/sft.cern.ch/lcg/releases/gcc/10.1.0-6f386/x86_64-centos7/include]
  ignore line: [ /cvmfs/sft.cern.ch/lcg/views/LCG_99/x86_64-centos7-gcc10-opt/include]
  ignore line: [ /cvmfs/sft.cern.ch/lcg/releases/gcc/10.1.0-6f386/x86_64-centos7/bin/../lib/gcc/x86_64-pc-linux-gnu/10.1.0/../../../../include/c++/10.1.0]
  ignore line: [ /cvmfs/sft.cern.ch/lcg/releases/gcc/10.1.0-6f386/x86_64-centos7/bin/../lib/gcc/x86_64-pc-linux-gnu/10.1.0/../../../../include/c++/10.1.0/x86_64-pc-linux-gnu]
  ignore line: [ /cvmfs/sft.cern.ch/lcg/releases/gcc/10.1.0-6f386/x86_64-centos7/bin/../lib/gcc/x86_64-pc-linux-gnu/10.1.0/../../../../include/c++/10.1.0/backward]
  ignore line: [ /cvmfs/sft.cern.ch/lcg/releases/gcc/10.1.0-6f386/x86_64-centos7/bin/../lib/gcc/x86_64-pc-linux-gnu/10.1.0/include]
  ignore line: [ /cvmfs/sft.cern.ch/lcg/releases/gcc/10.1.0-6f386/x86_64-centos7/bin/../lib/gcc/x86_64-pc-linux-gnu/10.1.0/include-fixed]
  ignore line: [ /usr/local/include]
  ignore line: [ /usr/include]
  ignore line: [End of search list.]
  ignore line: [GNU C++14 (GCC) version 10.1.0 (x86_64-pc-linux-gnu)]
  ignore line: [	compiled by GNU C version 10.1.0  GMP version 6.1.0  MPFR version 3.1.4  MPC version 1.0.3  isl version isl-0.18-GMP]
  ignore line: []
  ignore line: [GGC heuristics: --param ggc-min-expand=100 --param ggc-min-heapsize=131072]
  ignore line: [Compiler executable checksum: d65f805d86f9e9e7753d788e5db9f8d5]
  ignore line: [COLLECT_GCC_OPTIONS='-v' '-o' 'CMakeFiles/cmTC_80aa8.dir/CMakeCXXCompilerABI.cpp.o' '-c' '-shared-libgcc' '-mtune=generic' '-march=x86-64']
  ignore line: [ as -v --64 -o CMakeFiles/cmTC_80aa8.dir/CMakeCXXCompilerABI.cpp.o /tmp/ccl66yXr.s]
  ignore line: [GNU assembler version 2.34 (x86_64-pc-linux-gnu) using BFD version (GNU Binutils) 2.34]
  ignore line: [COMPILER_PATH=/cvmfs/sft.cern.ch/lcg/releases/gcc/10.1.0-6f386/x86_64-centos7/bin/../libexec/gcc/x86_64-pc-linux-gnu/10.1.0/:/cvmfs/sft.cern.ch/lcg/releases/gcc/10.1.0-6f386/x86_64-centos7/bin/../libexec/gcc/:/cvmfs/sft.cern.ch/lcg/releases/gcc/10.1.0-6f386/x86_64-centos7/]
  ignore line: [LIBRARY_PATH=/cvmfs/sft.cern.ch/lcg/releases/gcc/10.1.0-6f386/x86_64-centos7/bin/../lib/gcc/x86_64-pc-linux-gnu/10.1.0/:/cvmfs/sft.cern.ch/lcg/releases/gcc/10.1.0-6f386/x86_64-centos7/bin/../lib/gcc/:/cvmfs/sft.cern.ch/lcg/releases/gcc/10.1.0-6f386/x86_64-centos7/bin/../lib/gcc/x86_64-pc-linux-gnu/10.1.0/../../../../lib64/:/lib/../lib64/:/usr/lib/../lib64/:/cvmfs/sft.cern.ch/lcg/releases/gcc/10.1.0-6f386/x86_64-centos7/bin/../lib/gcc/x86_64-pc-linux-gnu/10.1.0/../../../:/lib/:/usr/lib/]
  ignore line: [COLLECT_GCC_OPTIONS='-v' '-o' 'CMakeFiles/cmTC_80aa8.dir/CMakeCXXCompilerABI.cpp.o' '-c' '-shared-libgcc' '-mtune=generic' '-march=x86-64']
  ignore line: [Linking CXX executable cmTC_80aa8]
  ignore line: [/cvmfs/sft.cern.ch/lcg/releases/CMake/3.18.4-2ffec/x86_64-centos7-gcc10-opt/bin/cmake -E cmake_link_script CMakeFiles/cmTC_80aa8.dir/link.txt --verbose=1]
  ignore line: [/cvmfs/sft.cern.ch/lcg/releases/gcc/10.1.0-6f386/x86_64-centos7/bin/g++  -v CMakeFiles/cmTC_80aa8.dir/CMakeCXXCompilerABI.cpp.o -o cmTC_80aa8 ]
  ignore line: [Using built-in specs.]
  ignore line: [COLLECT_GCC=/cvmfs/sft.cern.ch/lcg/releases/gcc/10.1.0-6f386/x86_64-centos7/bin/g++]
  ignore line: [COLLECT_LTO_WRAPPER=/cvmfs/sft.cern.ch/lcg/releases/gcc/10.1.0-6f386/x86_64-centos7/bin/../libexec/gcc/x86_64-pc-linux-gnu/10.1.0/lto-wrapper]
  ignore line: [Target: x86_64-pc-linux-gnu]
  ignore line: [Configured with: /build/gcc/WORK/build/contrib/gcc-10.1.0/src/gcc/10.1.0/configure --disable-multilib --prefix=/build/gcc/WORK/lcgcmake-install/gcc/10.1.0/x86_64-centos7 -with-system-zlib --enable-languages=all --with-gnu-ld --with-gnu-as]
  ignore line: [Thread model: posix]
  ignore line: [Supported LTO compression algorithms: zlib]
  ignore line: [gcc version 10.1.0 (GCC) ]
  ignore line: [COMPILER_PATH=/cvmfs/sft.cern.ch/lcg/releases/gcc/10.1.0-6f386/x86_64-centos7/bin/../libexec/gcc/x86_64-pc-linux-gnu/10.1.0/:/cvmfs/sft.cern.ch/lcg/releases/gcc/10.1.0-6f386/x86_64-centos7/bin/../libexec/gcc/:/cvmfs/sft.cern.ch/lcg/releases/gcc/10.1.0-6f386/x86_64-centos7/]
  ignore line: [LIBRARY_PATH=/cvmfs/sft.cern.ch/lcg/releases/gcc/10.1.0-6f386/x86_64-centos7/bin/../lib/gcc/x86_64-pc-linux-gnu/10.1.0/:/cvmfs/sft.cern.ch/lcg/releases/gcc/10.1.0-6f386/x86_64-centos7/bin/../lib/gcc/:/cvmfs/sft.cern.ch/lcg/releases/gcc/10.1.0-6f386/x86_64-centos7/bin/../lib/gcc/x86_64-pc-linux-gnu/10.1.0/../../../../lib64/:/lib/../lib64/:/usr/lib/../lib64/:/cvmfs/sft.cern.ch/lcg/releases/gcc/10.1.0-6f386/x86_64-centos7/bin/../lib/gcc/x86_64-pc-linux-gnu/10.1.0/../../../:/lib/:/usr/lib/]
  ignore line: [COLLECT_GCC_OPTIONS='-v' '-o' 'cmTC_80aa8' '-shared-libgcc' '-mtune=generic' '-march=x86-64']
  link line: [ /cvmfs/sft.cern.ch/lcg/releases/gcc/10.1.0-6f386/x86_64-centos7/bin/../libexec/gcc/x86_64-pc-linux-gnu/10.1.0/collect2 -plugin /cvmfs/sft.cern.ch/lcg/releases/gcc/10.1.0-6f386/x86_64-centos7/bin/../libexec/gcc/x86_64-pc-linux-gnu/10.1.0/liblto_plugin.so -plugin-opt=/cvmfs/sft.cern.ch/lcg/releases/gcc/10.1.0-6f386/x86_64-centos7/bin/../libexec/gcc/x86_64-pc-linux-gnu/10.1.0/lto-wrapper -plugin-opt=-fresolution=/tmp/ccc1kXjy.res -plugin-opt=-pass-through=-lgcc_s -plugin-opt=-pass-through=-lgcc -plugin-opt=-pass-through=-lc -plugin-opt=-pass-through=-lgcc_s -plugin-opt=-pass-through=-lgcc --eh-frame-hdr -m elf_x86_64 -dynamic-linker /lib64/ld-linux-x86-64.so.2 -o cmTC_80aa8 /lib/../lib64/crt1.o /lib/../lib64/crti.o /cvmfs/sft.cern.ch/lcg/releases/gcc/10.1.0-6f386/x86_64-centos7/bin/../lib/gcc/x86_64-pc-linux-gnu/10.1.0/crtbegin.o -L/cvmfs/sft.cern.ch/lcg/releases/gcc/10.1.0-6f386/x86_64-centos7/bin/../lib/gcc/x86_64-pc-linux-gnu/10.1.0 -L/cvmfs/sft.cern.ch/lcg/releases/gcc/10.1.0-6f386/x86_64-centos7/bin/../lib/gcc -L/cvmfs/sft.cern.ch/lcg/releases/gcc/10.1.0-6f386/x86_64-centos7/bin/../lib/gcc/x86_64-pc-linux-gnu/10.1.0/../../../../lib64 -L/lib/../lib64 -L/usr/lib/../lib64 -L/cvmfs/sft.cern.ch/lcg/releases/gcc/10.1.0-6f386/x86_64-centos7/bin/../lib/gcc/x86_64-pc-linux-gnu/10.1.0/../../.. CMakeFiles/cmTC_80aa8.dir/CMakeCXXCompilerABI.cpp.o -lstdc++ -lm -lgcc_s -lgcc -lc -lgcc_s -lgcc /cvmfs/sft.cern.ch/lcg/releases/gcc/10.1.0-6f386/x86_64-centos7/bin/../lib/gcc/x86_64-pc-linux-gnu/10.1.0/crtend.o /lib/../lib64/crtn.o]
    arg [/cvmfs/sft.cern.ch/lcg/releases/gcc/10.1.0-6f386/x86_64-centos7/bin/../libexec/gcc/x86_64-pc-linux-gnu/10.1.0/collect2] ==> ignore
    arg [-plugin] ==> ignore
    arg [/cvmfs/sft.cern.ch/lcg/releases/gcc/10.1.0-6f386/x86_64-centos7/bin/../libexec/gcc/x86_64-pc-linux-gnu/10.1.0/liblto_plugin.so] ==> ignore
    arg [-plugin-opt=/cvmfs/sft.cern.ch/lcg/releases/gcc/10.1.0-6f386/x86_64-centos7/bin/../libexec/gcc/x86_64-pc-linux-gnu/10.1.0/lto-wrapper] ==> ignore
    arg [-plugin-opt=-fresolution=/tmp/ccc1kXjy.res] ==> ignore
    arg [-plugin-opt=-pass-through=-lgcc_s] ==> ignore
    arg [-plugin-opt=-pass-through=-lgcc] ==> ignore
    arg [-plugin-opt=-pass-through=-lc] ==> ignore
    arg [-plugin-opt=-pass-through=-lgcc_s] ==> ignore
    arg [-plugin-opt=-pass-through=-lgcc] ==> ignore
    arg [--eh-frame-hdr] ==> ignore
    arg [-m] ==> ignore
    arg [elf_x86_64] ==> ignore
    arg [-dynamic-linker] ==> ignore
    arg [/lib64/ld-linux-x86-64.so.2] ==> ignore
    arg [-o] ==> ignore
    arg [cmTC_80aa8] ==> ignore
    arg [/lib/../lib64/crt1.o] ==> ignore
    arg [/lib/../lib64/crti.o] ==> ignore
    arg [/cvmfs/sft.cern.ch/lcg/releases/gcc/10.1.0-6f386/x86_64-centos7/bin/../lib/gcc/x86_64-pc-linux-gnu/10.1.0/crtbegin.o] ==> ignore
    arg [-L/cvmfs/sft.cern.ch/lcg/releases/gcc/10.1.0-6f386/x86_64-centos7/bin/../lib/gcc/x86_64-pc-linux-gnu/10.1.0] ==> dir [/cvmfs/sft.cern.ch/lcg/releases/gcc/10.1.0-6f386/x86_64-centos7/bin/../lib/gcc/x86_64-pc-linux-gnu/10.1.0]
    arg [-L/cvmfs/sft.cern.ch/lcg/releases/gcc/10.1.0-6f386/x86_64-centos7/bin/../lib/gcc] ==> dir [/cvmfs/sft.cern.ch/lcg/releases/gcc/10.1.0-6f386/x86_64-centos7/bin/../lib/gcc]
    arg [-L/cvmfs/sft.cern.ch/lcg/releases/gcc/10.1.0-6f386/x86_64-centos7/bin/../lib/gcc/x86_64-pc-linux-gnu/10.1.0/../../../../lib64] ==> dir [/cvmfs/sft.cern.ch/lcg/releases/gcc/10.1.0-6f386/x86_64-centos7/bin/../lib/gcc/x86_64-pc-linux-gnu/10.1.0/../../../../lib64]
    arg [-L/lib/../lib64] ==> dir [/lib/../lib64]
    arg [-L/usr/lib/../lib64] ==> dir [/usr/lib/../lib64]
    arg [-L/cvmfs/sft.cern.ch/lcg/releases/gcc/10.1.0-6f386/x86_64-centos7/bin/../lib/gcc/x86_64-pc-linux-gnu/10.1.0/../../..] ==> dir [/cvmfs/sft.cern.ch/lcg/releases/gcc/10.1.0-6f386/x86_64-centos7/bin/../lib/gcc/x86_64-pc-linux-gnu/10.1.0/../../..]
    arg [CMakeFiles/cmTC_80aa8.dir/CMakeCXXCompilerABI.cpp.o] ==> ignore
    arg [-lstdc++] ==> lib [stdc++]
    arg [-lm] ==> lib [m]
    arg [-lgcc_s] ==> lib [gcc_s]
    arg [-lgcc] ==> lib [gcc]
    arg [-lc] ==> lib [c]
    arg [-lgcc_s] ==> lib [gcc_s]
    arg [-lgcc] ==> lib [gcc]
    arg [/cvmfs/sft.cern.ch/lcg/releases/gcc/10.1.0-6f386/x86_64-centos7/bin/../lib/gcc/x86_64-pc-linux-gnu/10.1.0/crtend.o] ==> ignore
    arg [/lib/../lib64/crtn.o] ==> ignore
  collapse library dir [/cvmfs/sft.cern.ch/lcg/releases/gcc/10.1.0-6f386/x86_64-centos7/bin/../lib/gcc/x86_64-pc-linux-gnu/10.1.0] ==> [/cvmfs/sft.cern.ch/lcg/releases/gcc/10.1.0-6f386/x86_64-centos7/lib/gcc/x86_64-pc-linux-gnu/10.1.0]
  collapse library dir [/cvmfs/sft.cern.ch/lcg/releases/gcc/10.1.0-6f386/x86_64-centos7/bin/../lib/gcc] ==> [/cvmfs/sft.cern.ch/lcg/releases/gcc/10.1.0-6f386/x86_64-centos7/lib/gcc]
  collapse library dir [/cvmfs/sft.cern.ch/lcg/releases/gcc/10.1.0-6f386/x86_64-centos7/bin/../lib/gcc/x86_64-pc-linux-gnu/10.1.0/../../../../lib64] ==> [/cvmfs/sft.cern.ch/lcg/releases/gcc/10.1.0-6f386/x86_64-centos7/lib64]
  collapse library dir [/lib/../lib64] ==> [/lib64]
  collapse library dir [/usr/lib/../lib64] ==> [/usr/lib64]
  collapse library dir [/cvmfs/sft.cern.ch/lcg/releases/gcc/10.1.0-6f386/x86_64-centos7/bin/../lib/gcc/x86_64-pc-linux-gnu/10.1.0/../../..] ==> [/cvmfs/sft.cern.ch/lcg/releases/gcc/10.1.0-6f386/x86_64-centos7/lib]
  implicit libs: [stdc++;m;gcc_s;gcc;c;gcc_s;gcc]
  implicit dirs: [/cvmfs/sft.cern.ch/lcg/releases/gcc/10.1.0-6f386/x86_64-centos7/lib/gcc/x86_64-pc-linux-gnu/10.1.0;/cvmfs/sft.cern.ch/lcg/releases/gcc/10.1.0-6f386/x86_64-centos7/lib/gcc;/cvmfs/sft.cern.ch/lcg/releases/gcc/10.1.0-6f386/x86_64-centos7/lib64;/lib64;/usr/lib64;/cvmfs/sft.cern.ch/lcg/releases/gcc/10.1.0-6f386/x86_64-centos7/lib]
  implicit fwks: []


Determining if the include file pthread.h exists passed with the following output:
Change Dir: /data1/home/rnicolai/LEM_GDML_upgrade/build_f1_j0/CMakeFiles/CMakeTmp

Run Build Command(s):/usr/bin/gmake cmTC_b3084/fast && /usr/bin/gmake  -f CMakeFiles/cmTC_b3084.dir/build.make CMakeFiles/cmTC_b3084.dir/build
gmake[1]: Entering directory `/.autofs/data1/home/rnicolai/LEM_GDML_upgrade/build_f1_j0/CMakeFiles/CMakeTmp'
Building C object CMakeFiles/cmTC_b3084.dir/CheckIncludeFile.c.o
/cvmfs/sft.cern.ch/lcg/releases/gcc/10.1.0-6f386/x86_64-centos7/bin/gcc    -o CMakeFiles/cmTC_b3084.dir/CheckIncludeFile.c.o -c /data1/home/rnicolai/LEM_GDML_upgrade/build_f1_j0/CMakeFiles/CMakeTmp/CheckIncludeFile.c
Linking C executable cmTC_b3084
/cvmfs/sft.cern.ch/lcg/releases/CMake/3.18.4-2ffec/x86_64-centos7-gcc10-opt/bin/cmake -E cmake_link_script CMakeFiles/cmTC_b3084.dir/link.txt --verbose=1
/cvmfs/sft.cern.ch/lcg/releases/gcc/10.1.0-6f386/x86_64-centos7/bin/gcc CMakeFiles/cmTC_b3084.dir/CheckIncludeFile.c.o -o cmTC_b3084 
gmake[1]: Leaving directory `/.autofs/data1/home/rnicolai/LEM_GDML_upgrade/build_f1_j0/CMakeFiles/CMakeTmp'



Performing C++ SOURCE FILE Test check_cxx_compiler_flag__Wabi succeeded with the following output:
Change Dir: /data1/home/rnicolai/LEM_GDML_upgrade/build_f1_j0/CMakeFiles/CMakeTmp

Run Build Command(s):/usr/bin/gmake cmTC_267ab/fast && /usr/bin/gmake  -f CMakeFiles/cmTC_267ab.dir/build.make CMakeFiles/cmTC_267ab.dir/build
gmake[1]: Entering directory `/.autofs/data1/home/rnicolai/LEM_GDML_upgrade/build_f1_j0/CMakeFiles/CMakeTmp'
Building CXX object CMakeFiles/cmTC_267ab.dir/src.cxx.o
/cvmfs/sft.cern.ch/lcg/releases/gcc/10.1.0-6f386/x86_64-centos7/bin/g++   -Dcheck_cxx_compiler_flag__Wabi   -Wabi -o CMakeFiles/cmTC_267ab.dir/src.cxx.o -c /data1/home/rnicolai/LEM_GDML_upgrade/build_f1_j0/CMakeFiles/CMakeTmp/src.cxx
cc1plus: warning: -Wabi wont warn about anything [-Wabi]
cc1plus: note: -Wabi warns about differences from the most up-to-date ABI, which is also used by default
cc1plus: note: use e.g. -Wabi=11 to warn about changes from GCC 7
Linking CXX executable cmTC_267ab
/cvmfs/sft.cern.ch/lcg/releases/CMake/3.18.4-2ffec/x86_64-centos7-gcc10-opt/bin/cmake -E cmake_link_script CMakeFiles/cmTC_267ab.dir/link.txt --verbose=1
/cvmfs/sft.cern.ch/lcg/releases/gcc/10.1.0-6f386/x86_64-centos7/bin/g++  -Dcheck_cxx_compiler_flag__Wabi -rdynamic CMakeFiles/cmTC_267ab.dir/src.cxx.o -o cmTC_267ab 
gmake[1]: Leaving directory `/.autofs/data1/home/rnicolai/LEM_GDML_upgrade/build_f1_j0/CMakeFiles/CMakeTmp'


Source file was:
#include <cstdio>
      int main() { return 0; }
Performing C++ SOURCE FILE Test check_cxx_compiler_flag__fabi_version_0 succeeded with the following output:
Change Dir: /data1/home/rnicolai/LEM_GDML_upgrade/build_f1_j0/CMakeFiles/CMakeTmp

Run Build Command(s):/usr/bin/gmake cmTC_9931a/fast && /usr/bin/gmake  -f CMakeFiles/cmTC_9931a.dir/build.make CMakeFiles/cmTC_9931a.dir/build
gmake[1]: Entering directory `/.autofs/data1/home/rnicolai/LEM_GDML_upgrade/build_f1_j0/CMakeFiles/CMakeTmp'
Building CXX object CMakeFiles/cmTC_9931a.dir/src.cxx.o
/cvmfs/sft.cern.ch/lcg/releases/gcc/10.1.0-6f386/x86_64-centos7/bin/g++   -Dcheck_cxx_compiler_flag__fabi_version_0   -fabi-version=0 -o CMakeFiles/cmTC_9931a.dir/src.cxx.o -c /data1/home/rnicolai/LEM_GDML_upgrade/build_f1_j0/CMakeFiles/CMakeTmp/src.cxx
Linking CXX executable cmTC_9931a
/cvmfs/sft.cern.ch/lcg/releases/CMake/3.18.4-2ffec/x86_64-centos7-gcc10-opt/bin/cmake -E cmake_link_script CMakeFiles/cmTC_9931a.dir/link.txt --verbose=1
/cvmfs/sft.cern.ch/lcg/releases/gcc/10.1.0-6f386/x86_64-centos7/bin/g++  -Dcheck_cxx_compiler_flag__fabi_version_0 -rdynamic CMakeFiles/cmTC_9931a.dir/src.cxx.o -o cmTC_9931a 
gmake[1]: Leaving directory `/.autofs/data1/home/rnicolai/LEM_GDML_upgrade/build_f1_j0/CMakeFiles/CMakeTmp'


Source file was:
#include <cstdio>
      int main() { return 0; }
Performing C++ SOURCE FILE Test check_cxx_compiler_flag__fabi_compat_version_0 succeeded with the following output:
Change Dir: /data1/home/rnicolai/LEM_GDML_upgrade/build_f1_j0/CMakeFiles/CMakeTmp

Run Build Command(s):/usr/bin/gmake cmTC_89e17/fast && /usr/bin/gmake  -f CMakeFiles/cmTC_89e17.dir/build.make CMakeFiles/cmTC_89e17.dir/build
gmake[1]: Entering directory `/.autofs/data1/home/rnicolai/LEM_GDML_upgrade/build_f1_j0/CMakeFiles/CMakeTmp'
Building CXX object CMakeFiles/cmTC_89e17.dir/src.cxx.o
/cvmfs/sft.cern.ch/lcg/releases/gcc/10.1.0-6f386/x86_64-centos7/bin/g++   -Dcheck_cxx_compiler_flag__fabi_compat_version_0   -fabi-compat-version=0 -o CMakeFiles/cmTC_89e17.dir/src.cxx.o -c /data1/home/rnicolai/LEM_GDML_upgrade/build_f1_j0/CMakeFiles/CMakeTmp/src.cxx
Linking CXX executable cmTC_89e17
/cvmfs/sft.cern.ch/lcg/releases/CMake/3.18.4-2ffec/x86_64-centos7-gcc10-opt/bin/cmake -E cmake_link_script CMakeFiles/cmTC_89e17.dir/link.txt --verbose=1
/cvmfs/sft.cern.ch/lcg/releases/gcc/10.1.0-6f386/x86_64-centos7/bin/g++  -Dcheck_cxx_compiler_flag__fabi_compat_version_0 -rdynamic CMakeFiles/cmTC_89e17.dir/src.cxx.o -o cmTC_89e17 
gmake[1]: Leaving directory `/.autofs/data1/home/rnicolai/LEM_GDML_upgrade/build_f1_j0/CMakeFiles/CMakeTmp'


Source file was:
#include <cstdio>
      int main() { return 0; }
Performing C++ SOURCE FILE Test check_cxx_compiler_flag__ffp_contract_fast succeeded with the following output:
Change Dir: /data1/home/rnicolai/LEM_GDML_upgrade/build_f1_j0/CMakeFiles/CMakeTmp

Run Build Command(s):/usr/bin/gmake cmTC_0de43/fast && /usr/bin/gmake  -f CMakeFiles/cmTC_0de43.dir/build.make CMakeFiles/cmTC_0de43.dir/build
gmake[1]: Entering directory `/.autofs/data1/home/rnicolai/LEM_GDML_upgrade/build_f1_j0/CMakeFiles/CMakeTmp'
Building CXX object CMakeFiles/cmTC_0de43.dir/src.cxx.o
/cvmfs/sft.cern.ch/lcg/releases/gcc/10.1.0-6f386/x86_64-centos7/bin/g++   -Dcheck_cxx_compiler_flag__ffp_contract_fast   -ffp-contract=fast -o CMakeFiles/cmTC_0de43.dir/src.cxx.o -c /data1/home/rnicolai/LEM_GDML_upgrade/build_f1_j0/CMakeFiles/CMakeTmp/src.cxx
Linking CXX executable cmTC_0de43
/cvmfs/sft.cern.ch/lcg/releases/CMake/3.18.4-2ffec/x86_64-centos7-gcc10-opt/bin/cmake -E cmake_link_script CMakeFiles/cmTC_0de43.dir/link.txt --verbose=1
/cvmfs/sft.cern.ch/lcg/releases/gcc/10.1.0-6f386/x86_64-centos7/bin/g++  -Dcheck_cxx_compiler_flag__ffp_contract_fast -rdynamic CMakeFiles/cmTC_0de43.dir/src.cxx.o -o cmTC_0de43 
gmake[1]: Leaving directory `/.autofs/data1/home/rnicolai/LEM_GDML_upgrade/build_f1_j0/CMakeFiles/CMakeTmp'


Source file was:
#include <cstdio>
      int main() { return 0; }
Performing C++ SOURCE FILE Test check_cxx_compiler_flag__march_skylake_avx512 succeeded with the following output:
Change Dir: /data1/home/rnicolai/LEM_GDML_upgrade/build_f1_j0/CMakeFiles/CMakeTmp

Run Build Command(s):/usr/bin/gmake cmTC_fee42/fast && /usr/bin/gmake  -f CMakeFiles/cmTC_fee42.dir/build.make CMakeFiles/cmTC_fee42.dir/build
gmake[1]: Entering directory `/.autofs/data1/home/rnicolai/LEM_GDML_upgrade/build_f1_j0/CMakeFiles/CMakeTmp'
Building CXX object CMakeFiles/cmTC_fee42.dir/src.cxx.o
/cvmfs/sft.cern.ch/lcg/releases/gcc/10.1.0-6f386/x86_64-centos7/bin/g++   -Dcheck_cxx_compiler_flag__march_skylake_avx512   -march=skylake-avx512 -o CMakeFiles/cmTC_fee42.dir/src.cxx.o -c /data1/home/rnicolai/LEM_GDML_upgrade/build_f1_j0/CMakeFiles/CMakeTmp/src.cxx
Linking CXX executable cmTC_fee42
/cvmfs/sft.cern.ch/lcg/releases/CMake/3.18.4-2ffec/x86_64-centos7-gcc10-opt/bin/cmake -E cmake_link_script CMakeFiles/cmTC_fee42.dir/link.txt --verbose=1
/cvmfs/sft.cern.ch/lcg/releases/gcc/10.1.0-6f386/x86_64-centos7/bin/g++  -Dcheck_cxx_compiler_flag__march_skylake_avx512 -rdynamic CMakeFiles/cmTC_fee42.dir/src.cxx.o -o cmTC_fee42 
gmake[1]: Leaving directory `/.autofs/data1/home/rnicolai/LEM_GDML_upgrade/build_f1_j0/CMakeFiles/CMakeTmp'


Source file was:
#include <cstdio>
      int main() { return 0; }
Performing C++ SOURCE FILE Test check_cxx_compiler_flag__msse2 succeeded with the following output:
Change Dir: /data1/home/rnicolai/LEM_GDML_upgrade/build_f1_j0/CMakeFiles/CMakeTmp

Run Build Command(s):/usr/bin/gmake cmTC_be17c/fast && /usr/bin/gmake  -f CMakeFiles/cmTC_be17c.dir/build.make CMakeFiles/cmTC_be17c.dir/build
gmake[1]: Entering directory `/.autofs/data1/home/rnicolai/LEM_GDML_upgrade/build_f1_j0/CMakeFiles/CMakeTmp'
Building CXX object CMakeFiles/cmTC_be17c.dir/src.cxx.o
/cvmfs/sft.cern.ch/lcg/releases/gcc/10.1.0-6f386/x86_64-centos7/bin/g++   -Dcheck_cxx_compiler_flag__msse2   -msse2 -o CMakeFiles/cmTC_be17c.dir/src.cxx.o -c /data1/home/rnicolai/LEM_GDML_upgrade/build_f1_j0/CMakeFiles/CMakeTmp/src.cxx
Linking CXX executable cmTC_be17c
/cvmfs/sft.cern.ch/lcg/releases/CMake/3.18.4-2ffec/x86_64-centos7-gcc10-opt/bin/cmake -E cmake_link_script CMakeFiles/cmTC_be17c.dir/link.txt --verbose=1
/cvmfs/sft.cern.ch/lcg/releases/gcc/10.1.0-6f386/x86_64-centos7/bin/g++  -Dcheck_cxx_compiler_flag__msse2 -rdynamic CMakeFiles/cmTC_be17c.dir/src.cxx.o -o cmTC_be17c 
gmake[1]: Leaving directory `/.autofs/data1/home/rnicolai/LEM_GDML_upgrade/build_f1_j0/CMakeFiles/CMakeTmp'


Source file was:
#include <cstdio>
      int main() { return 0; }
Performing C++ SOURCE FILE Test check_cxx_compiler_flag__msse3 succeeded with the following output:
Change Dir: /data1/home/rnicolai/LEM_GDML_upgrade/build_f1_j0/CMakeFiles/CMakeTmp

Run Build Command(s):/usr/bin/gmake cmTC_2db00/fast && /usr/bin/gmake  -f CMakeFiles/cmTC_2db00.dir/build.make CMakeFiles/cmTC_2db00.dir/build
gmake[1]: Entering directory `/.autofs/data1/home/rnicolai/LEM_GDML_upgrade/build_f1_j0/CMakeFiles/CMakeTmp'
Building CXX object CMakeFiles/cmTC_2db00.dir/src.cxx.o
/cvmfs/sft.cern.ch/lcg/releases/gcc/10.1.0-6f386/x86_64-centos7/bin/g++   -Dcheck_cxx_compiler_flag__msse3   -msse3 -o CMakeFiles/cmTC_2db00.dir/src.cxx.o -c /data1/home/rnicolai/LEM_GDML_upgrade/build_f1_j0/CMakeFiles/CMakeTmp/src.cxx
Linking CXX executable cmTC_2db00
/cvmfs/sft.cern.ch/lcg/releases/CMake/3.18.4-2ffec/x86_64-centos7-gcc10-opt/bin/cmake -E cmake_link_script CMakeFiles/cmTC_2db00.dir/link.txt --verbose=1
/cvmfs/sft.cern.ch/lcg/releases/gcc/10.1.0-6f386/x86_64-centos7/bin/g++  -Dcheck_cxx_compiler_flag__msse3 -rdynamic CMakeFiles/cmTC_2db00.dir/src.cxx.o -o cmTC_2db00 
gmake[1]: Leaving directory `/.autofs/data1/home/rnicolai/LEM_GDML_upgrade/build_f1_j0/CMakeFiles/CMakeTmp'


Source file was:
#include <cstdio>
      int main() { return 0; }
Determining if the include file pmmintrin.h exists passed with the following output:
Change Dir: /data1/home/rnicolai/LEM_GDML_upgrade/build_f1_j0/CMakeFiles/CMakeTmp

Run Build Command(s):/usr/bin/gmake cmTC_af8f4/fast && /usr/bin/gmake  -f CMakeFiles/cmTC_af8f4.dir/build.make CMakeFiles/cmTC_af8f4.dir/build
gmake[1]: Entering directory `/.autofs/data1/home/rnicolai/LEM_GDML_upgrade/build_f1_j0/CMakeFiles/CMakeTmp'
Building CXX object CMakeFiles/cmTC_af8f4.dir/CheckIncludeFile.cxx.o
/cvmfs/sft.cern.ch/lcg/releases/gcc/10.1.0-6f386/x86_64-centos7/bin/g++   -msse3  -o CMakeFiles/cmTC_af8f4.dir/CheckIncludeFile.cxx.o -c /data1/home/rnicolai/LEM_GDML_upgrade/build_f1_j0/CMakeFiles/CMakeTmp/CheckIncludeFile.cxx
Linking CXX executable cmTC_af8f4
/cvmfs/sft.cern.ch/lcg/releases/CMake/3.18.4-2ffec/x86_64-centos7-gcc10-opt/bin/cmake -E cmake_link_script CMakeFiles/cmTC_af8f4.dir/link.txt --verbose=1
/cvmfs/sft.cern.ch/lcg/releases/gcc/10.1.0-6f386/x86_64-centos7/bin/g++  -msse3  -rdynamic CMakeFiles/cmTC_af8f4.dir/CheckIncludeFile.cxx.o -o cmTC_af8f4 
gmake[1]: Leaving directory `/.autofs/data1/home/rnicolai/LEM_GDML_upgrade/build_f1_j0/CMakeFiles/CMakeTmp'



Performing C++ SOURCE FILE Test check_cxx_compiler_flag__mssse3 succeeded with the following output:
Change Dir: /data1/home/rnicolai/LEM_GDML_upgrade/build_f1_j0/CMakeFiles/CMakeTmp

Run Build Command(s):/usr/bin/gmake cmTC_d3da4/fast && /usr/bin/gmake  -f CMakeFiles/cmTC_d3da4.dir/build.make CMakeFiles/cmTC_d3da4.dir/build
gmake[1]: Entering directory `/.autofs/data1/home/rnicolai/LEM_GDML_upgrade/build_f1_j0/CMakeFiles/CMakeTmp'
Building CXX object CMakeFiles/cmTC_d3da4.dir/src.cxx.o
/cvmfs/sft.cern.ch/lcg/releases/gcc/10.1.0-6f386/x86_64-centos7/bin/g++   -Dcheck_cxx_compiler_flag__mssse3   -mssse3 -o CMakeFiles/cmTC_d3da4.dir/src.cxx.o -c /data1/home/rnicolai/LEM_GDML_upgrade/build_f1_j0/CMakeFiles/CMakeTmp/src.cxx
Linking CXX executable cmTC_d3da4
/cvmfs/sft.cern.ch/lcg/releases/CMake/3.18.4-2ffec/x86_64-centos7-gcc10-opt/bin/cmake -E cmake_link_script CMakeFiles/cmTC_d3da4.dir/link.txt --verbose=1
/cvmfs/sft.cern.ch/lcg/releases/gcc/10.1.0-6f386/x86_64-centos7/bin/g++  -Dcheck_cxx_compiler_flag__mssse3 -rdynamic CMakeFiles/cmTC_d3da4.dir/src.cxx.o -o cmTC_d3da4 
gmake[1]: Leaving directory `/.autofs/data1/home/rnicolai/LEM_GDML_upgrade/build_f1_j0/CMakeFiles/CMakeTmp'


Source file was:
#include <cstdio>
      int main() { return 0; }
Determining if the include file tmmintrin.h exists passed with the following output:
Change Dir: /data1/home/rnicolai/LEM_GDML_upgrade/build_f1_j0/CMakeFiles/CMakeTmp

Run Build Command(s):/usr/bin/gmake cmTC_daeeb/fast && /usr/bin/gmake  -f CMakeFiles/cmTC_daeeb.dir/build.make CMakeFiles/cmTC_daeeb.dir/build
gmake[1]: Entering directory `/.autofs/data1/home/rnicolai/LEM_GDML_upgrade/build_f1_j0/CMakeFiles/CMakeTmp'
Building CXX object CMakeFiles/cmTC_daeeb.dir/CheckIncludeFile.cxx.o
/cvmfs/sft.cern.ch/lcg/releases/gcc/10.1.0-6f386/x86_64-centos7/bin/g++   -mssse3  -o CMakeFiles/cmTC_daeeb.dir/CheckIncludeFile.cxx.o -c /data1/home/rnicolai/LEM_GDML_upgrade/build_f1_j0/CMakeFiles/CMakeTmp/CheckIncludeFile.cxx
Linking CXX executable cmTC_daeeb
/cvmfs/sft.cern.ch/lcg/releases/CMake/3.18.4-2ffec/x86_64-centos7-gcc10-opt/bin/cmake -E cmake_link_script CMakeFiles/cmTC_daeeb.dir/link.txt --verbose=1
/cvmfs/sft.cern.ch/lcg/releases/gcc/10.1.0-6f386/x86_64-centos7/bin/g++  -mssse3  -rdynamic CMakeFiles/cmTC_daeeb.dir/CheckIncludeFile.cxx.o -o cmTC_daeeb 
gmake[1]: Leaving directory `/.autofs/data1/home/rnicolai/LEM_GDML_upgrade/build_f1_j0/CMakeFiles/CMakeTmp'



Performing C++ SOURCE FILE Test check_cxx_compiler_flag__msse4_1 succeeded with the following output:
Change Dir: /data1/home/rnicolai/LEM_GDML_upgrade/build_f1_j0/CMakeFiles/CMakeTmp

Run Build Command(s):/usr/bin/gmake cmTC_446a3/fast && /usr/bin/gmake  -f CMakeFiles/cmTC_446a3.dir/build.make CMakeFiles/cmTC_446a3.dir/build
gmake[1]: Entering directory `/.autofs/data1/home/rnicolai/LEM_GDML_upgrade/build_f1_j0/CMakeFiles/CMakeTmp'
Building CXX object CMakeFiles/cmTC_446a3.dir/src.cxx.o
/cvmfs/sft.cern.ch/lcg/releases/gcc/10.1.0-6f386/x86_64-centos7/bin/g++   -Dcheck_cxx_compiler_flag__msse4_1   -msse4.1 -o CMakeFiles/cmTC_446a3.dir/src.cxx.o -c /data1/home/rnicolai/LEM_GDML_upgrade/build_f1_j0/CMakeFiles/CMakeTmp/src.cxx
Linking CXX executable cmTC_446a3
/cvmfs/sft.cern.ch/lcg/releases/CMake/3.18.4-2ffec/x86_64-centos7-gcc10-opt/bin/cmake -E cmake_link_script CMakeFiles/cmTC_446a3.dir/link.txt --verbose=1
/cvmfs/sft.cern.ch/lcg/releases/gcc/10.1.0-6f386/x86_64-centos7/bin/g++  -Dcheck_cxx_compiler_flag__msse4_1 -rdynamic CMakeFiles/cmTC_446a3.dir/src.cxx.o -o cmTC_446a3 
gmake[1]: Leaving directory `/.autofs/data1/home/rnicolai/LEM_GDML_upgrade/build_f1_j0/CMakeFiles/CMakeTmp'


Source file was:
#include <cstdio>
      int main() { return 0; }
Determining if the include file smmintrin.h exists passed with the following output:
Change Dir: /data1/home/rnicolai/LEM_GDML_upgrade/build_f1_j0/CMakeFiles/CMakeTmp

Run Build Command(s):/usr/bin/gmake cmTC_d088c/fast && /usr/bin/gmake  -f CMakeFiles/cmTC_d088c.dir/build.make CMakeFiles/cmTC_d088c.dir/build
gmake[1]: Entering directory `/.autofs/data1/home/rnicolai/LEM_GDML_upgrade/build_f1_j0/CMakeFiles/CMakeTmp'
Building CXX object CMakeFiles/cmTC_d088c.dir/CheckIncludeFile.cxx.o
/cvmfs/sft.cern.ch/lcg/releases/gcc/10.1.0-6f386/x86_64-centos7/bin/g++   -msse4.1  -o CMakeFiles/cmTC_d088c.dir/CheckIncludeFile.cxx.o -c /data1/home/rnicolai/LEM_GDML_upgrade/build_f1_j0/CMakeFiles/CMakeTmp/CheckIncludeFile.cxx
Linking CXX executable cmTC_d088c
/cvmfs/sft.cern.ch/lcg/releases/CMake/3.18.4-2ffec/x86_64-centos7-gcc10-opt/bin/cmake -E cmake_link_script CMakeFiles/cmTC_d088c.dir/link.txt --verbose=1
/cvmfs/sft.cern.ch/lcg/releases/gcc/10.1.0-6f386/x86_64-centos7/bin/g++  -msse4.1  -rdynamic CMakeFiles/cmTC_d088c.dir/CheckIncludeFile.cxx.o -o cmTC_d088c 
gmake[1]: Leaving directory `/.autofs/data1/home/rnicolai/LEM_GDML_upgrade/build_f1_j0/CMakeFiles/CMakeTmp'



Performing C++ SOURCE FILE Test check_cxx_compiler_flag__msse4_2 succeeded with the following output:
Change Dir: /data1/home/rnicolai/LEM_GDML_upgrade/build_f1_j0/CMakeFiles/CMakeTmp

Run Build Command(s):/usr/bin/gmake cmTC_da7a4/fast && /usr/bin/gmake  -f CMakeFiles/cmTC_da7a4.dir/build.make CMakeFiles/cmTC_da7a4.dir/build
gmake[1]: Entering directory `/.autofs/data1/home/rnicolai/LEM_GDML_upgrade/build_f1_j0/CMakeFiles/CMakeTmp'
Building CXX object CMakeFiles/cmTC_da7a4.dir/src.cxx.o
/cvmfs/sft.cern.ch/lcg/releases/gcc/10.1.0-6f386/x86_64-centos7/bin/g++   -Dcheck_cxx_compiler_flag__msse4_2   -msse4.2 -o CMakeFiles/cmTC_da7a4.dir/src.cxx.o -c /data1/home/rnicolai/LEM_GDML_upgrade/build_f1_j0/CMakeFiles/CMakeTmp/src.cxx
Linking CXX executable cmTC_da7a4
/cvmfs/sft.cern.ch/lcg/releases/CMake/3.18.4-2ffec/x86_64-centos7-gcc10-opt/bin/cmake -E cmake_link_script CMakeFiles/cmTC_da7a4.dir/link.txt --verbose=1
/cvmfs/sft.cern.ch/lcg/releases/gcc/10.1.0-6f386/x86_64-centos7/bin/g++  -Dcheck_cxx_compiler_flag__msse4_2 -rdynamic CMakeFiles/cmTC_da7a4.dir/src.cxx.o -o cmTC_da7a4 
gmake[1]: Leaving directory `/.autofs/data1/home/rnicolai/LEM_GDML_upgrade/build_f1_j0/CMakeFiles/CMakeTmp'


Source file was:
#include <cstdio>
      int main() { return 0; }
Performing C++ SOURCE FILE Test check_cxx_compiler_flag__mavx succeeded with the following output:
Change Dir: /data1/home/rnicolai/LEM_GDML_upgrade/build_f1_j0/CMakeFiles/CMakeTmp

Run Build Command(s):/usr/bin/gmake cmTC_77971/fast && /usr/bin/gmake  -f CMakeFiles/cmTC_77971.dir/build.make CMakeFiles/cmTC_77971.dir/build
gmake[1]: Entering directory `/.autofs/data1/home/rnicolai/LEM_GDML_upgrade/build_f1_j0/CMakeFiles/CMakeTmp'
Building CXX object CMakeFiles/cmTC_77971.dir/src.cxx.o
/cvmfs/sft.cern.ch/lcg/releases/gcc/10.1.0-6f386/x86_64-centos7/bin/g++   -Dcheck_cxx_compiler_flag__mavx   -mavx -o CMakeFiles/cmTC_77971.dir/src.cxx.o -c /data1/home/rnicolai/LEM_GDML_upgrade/build_f1_j0/CMakeFiles/CMakeTmp/src.cxx
Linking CXX executable cmTC_77971
/cvmfs/sft.cern.ch/lcg/releases/CMake/3.18.4-2ffec/x86_64-centos7-gcc10-opt/bin/cmake -E cmake_link_script CMakeFiles/cmTC_77971.dir/link.txt --verbose=1
/cvmfs/sft.cern.ch/lcg/releases/gcc/10.1.0-6f386/x86_64-centos7/bin/g++  -Dcheck_cxx_compiler_flag__mavx -rdynamic CMakeFiles/cmTC_77971.dir/src.cxx.o -o cmTC_77971 
gmake[1]: Leaving directory `/.autofs/data1/home/rnicolai/LEM_GDML_upgrade/build_f1_j0/CMakeFiles/CMakeTmp'


Source file was:
#include <cstdio>
      int main() { return 0; }
Determining if the include file immintrin.h exists passed with the following output:
Change Dir: /data1/home/rnicolai/LEM_GDML_upgrade/build_f1_j0/CMakeFiles/CMakeTmp

Run Build Command(s):/usr/bin/gmake cmTC_d46b9/fast && /usr/bin/gmake  -f CMakeFiles/cmTC_d46b9.dir/build.make CMakeFiles/cmTC_d46b9.dir/build
gmake[1]: Entering directory `/.autofs/data1/home/rnicolai/LEM_GDML_upgrade/build_f1_j0/CMakeFiles/CMakeTmp'
Building CXX object CMakeFiles/cmTC_d46b9.dir/CheckIncludeFile.cxx.o
/cvmfs/sft.cern.ch/lcg/releases/gcc/10.1.0-6f386/x86_64-centos7/bin/g++   -mavx  -o CMakeFiles/cmTC_d46b9.dir/CheckIncludeFile.cxx.o -c /data1/home/rnicolai/LEM_GDML_upgrade/build_f1_j0/CMakeFiles/CMakeTmp/CheckIncludeFile.cxx
Linking CXX executable cmTC_d46b9
/cvmfs/sft.cern.ch/lcg/releases/CMake/3.18.4-2ffec/x86_64-centos7-gcc10-opt/bin/cmake -E cmake_link_script CMakeFiles/cmTC_d46b9.dir/link.txt --verbose=1
/cvmfs/sft.cern.ch/lcg/releases/gcc/10.1.0-6f386/x86_64-centos7/bin/g++  -mavx  -rdynamic CMakeFiles/cmTC_d46b9.dir/CheckIncludeFile.cxx.o -o cmTC_d46b9 
gmake[1]: Leaving directory `/.autofs/data1/home/rnicolai/LEM_GDML_upgrade/build_f1_j0/CMakeFiles/CMakeTmp'



Performing C++ SOURCE FILE Test check_cxx_compiler_flag__mfma succeeded with the following output:
Change Dir: /data1/home/rnicolai/LEM_GDML_upgrade/build_f1_j0/CMakeFiles/CMakeTmp

Run Build Command(s):/usr/bin/gmake cmTC_3a4c9/fast && /usr/bin/gmake  -f CMakeFiles/cmTC_3a4c9.dir/build.make CMakeFiles/cmTC_3a4c9.dir/build
gmake[1]: Entering directory `/.autofs/data1/home/rnicolai/LEM_GDML_upgrade/build_f1_j0/CMakeFiles/CMakeTmp'
Building CXX object CMakeFiles/cmTC_3a4c9.dir/src.cxx.o
/cvmfs/sft.cern.ch/lcg/releases/gcc/10.1.0-6f386/x86_64-centos7/bin/g++   -Dcheck_cxx_compiler_flag__mfma   -mfma -o CMakeFiles/cmTC_3a4c9.dir/src.cxx.o -c /data1/home/rnicolai/LEM_GDML_upgrade/build_f1_j0/CMakeFiles/CMakeTmp/src.cxx
Linking CXX executable cmTC_3a4c9
/cvmfs/sft.cern.ch/lcg/releases/CMake/3.18.4-2ffec/x86_64-centos7-gcc10-opt/bin/cmake -E cmake_link_script CMakeFiles/cmTC_3a4c9.dir/link.txt --verbose=1
/cvmfs/sft.cern.ch/lcg/releases/gcc/10.1.0-6f386/x86_64-centos7/bin/g++  -Dcheck_cxx_compiler_flag__mfma -rdynamic CMakeFiles/cmTC_3a4c9.dir/src.cxx.o -o cmTC_3a4c9 
gmake[1]: Leaving directory `/.autofs/data1/home/rnicolai/LEM_GDML_upgrade/build_f1_j0/CMakeFiles/CMakeTmp'


Source file was:
#include <immintrin.h>
      __m128 foo(__m128 x) { return _mm_fmadd_ps(x, x, x); }
      int main() { return 0; }
Performing C++ SOURCE FILE Test check_cxx_compiler_flag__mbmi2 succeeded with the following output:
Change Dir: /data1/home/rnicolai/LEM_GDML_upgrade/build_f1_j0/CMakeFiles/CMakeTmp

Run Build Command(s):/usr/bin/gmake cmTC_97f36/fast && /usr/bin/gmake  -f CMakeFiles/cmTC_97f36.dir/build.make CMakeFiles/cmTC_97f36.dir/build
gmake[1]: Entering directory `/.autofs/data1/home/rnicolai/LEM_GDML_upgrade/build_f1_j0/CMakeFiles/CMakeTmp'
Building CXX object CMakeFiles/cmTC_97f36.dir/src.cxx.o
/cvmfs/sft.cern.ch/lcg/releases/gcc/10.1.0-6f386/x86_64-centos7/bin/g++   -Dcheck_cxx_compiler_flag__mbmi2   -mbmi2 -o CMakeFiles/cmTC_97f36.dir/src.cxx.o -c /data1/home/rnicolai/LEM_GDML_upgrade/build_f1_j0/CMakeFiles/CMakeTmp/src.cxx
Linking CXX executable cmTC_97f36
/cvmfs/sft.cern.ch/lcg/releases/CMake/3.18.4-2ffec/x86_64-centos7-gcc10-opt/bin/cmake -E cmake_link_script CMakeFiles/cmTC_97f36.dir/link.txt --verbose=1
/cvmfs/sft.cern.ch/lcg/releases/gcc/10.1.0-6f386/x86_64-centos7/bin/g++  -Dcheck_cxx_compiler_flag__mbmi2 -rdynamic CMakeFiles/cmTC_97f36.dir/src.cxx.o -o cmTC_97f36 
gmake[1]: Leaving directory `/.autofs/data1/home/rnicolai/LEM_GDML_upgrade/build_f1_j0/CMakeFiles/CMakeTmp'


Source file was:
#include <cstdio>
      int main() { return 0; }
Performing C++ SOURCE FILE Test check_cxx_compiler_flag__mavx2 succeeded with the following output:
Change Dir: /data1/home/rnicolai/LEM_GDML_upgrade/build_f1_j0/CMakeFiles/CMakeTmp

Run Build Command(s):/usr/bin/gmake cmTC_800a2/fast && /usr/bin/gmake  -f CMakeFiles/cmTC_800a2.dir/build.make CMakeFiles/cmTC_800a2.dir/build
gmake[1]: Entering directory `/.autofs/data1/home/rnicolai/LEM_GDML_upgrade/build_f1_j0/CMakeFiles/CMakeTmp'
Building CXX object CMakeFiles/cmTC_800a2.dir/src.cxx.o
/cvmfs/sft.cern.ch/lcg/releases/gcc/10.1.0-6f386/x86_64-centos7/bin/g++   -Dcheck_cxx_compiler_flag__mavx2   -mavx2 -o CMakeFiles/cmTC_800a2.dir/src.cxx.o -c /data1/home/rnicolai/LEM_GDML_upgrade/build_f1_j0/CMakeFiles/CMakeTmp/src.cxx
Linking CXX executable cmTC_800a2
/cvmfs/sft.cern.ch/lcg/releases/CMake/3.18.4-2ffec/x86_64-centos7-gcc10-opt/bin/cmake -E cmake_link_script CMakeFiles/cmTC_800a2.dir/link.txt --verbose=1
/cvmfs/sft.cern.ch/lcg/releases/gcc/10.1.0-6f386/x86_64-centos7/bin/g++  -Dcheck_cxx_compiler_flag__mavx2 -rdynamic CMakeFiles/cmTC_800a2.dir/src.cxx.o -o cmTC_800a2 
gmake[1]: Leaving directory `/.autofs/data1/home/rnicolai/LEM_GDML_upgrade/build_f1_j0/CMakeFiles/CMakeTmp'


Source file was:
#include <cstdio>
      int main() { return 0; }
Performing C++ SOURCE FILE Test check_cxx_compiler_flag__mavx512f succeeded with the following output:
Change Dir: /data1/home/rnicolai/LEM_GDML_upgrade/build_f1_j0/CMakeFiles/CMakeTmp

Run Build Command(s):/usr/bin/gmake cmTC_d1e68/fast && /usr/bin/gmake  -f CMakeFiles/cmTC_d1e68.dir/build.make CMakeFiles/cmTC_d1e68.dir/build
gmake[1]: Entering directory `/.autofs/data1/home/rnicolai/LEM_GDML_upgrade/build_f1_j0/CMakeFiles/CMakeTmp'
Building CXX object CMakeFiles/cmTC_d1e68.dir/src.cxx.o
/cvmfs/sft.cern.ch/lcg/releases/gcc/10.1.0-6f386/x86_64-centos7/bin/g++   -Dcheck_cxx_compiler_flag__mavx512f   -mavx512f -o CMakeFiles/cmTC_d1e68.dir/src.cxx.o -c /data1/home/rnicolai/LEM_GDML_upgrade/build_f1_j0/CMakeFiles/CMakeTmp/src.cxx
Linking CXX executable cmTC_d1e68
/cvmfs/sft.cern.ch/lcg/releases/CMake/3.18.4-2ffec/x86_64-centos7-gcc10-opt/bin/cmake -E cmake_link_script CMakeFiles/cmTC_d1e68.dir/link.txt --verbose=1
/cvmfs/sft.cern.ch/lcg/releases/gcc/10.1.0-6f386/x86_64-centos7/bin/g++  -Dcheck_cxx_compiler_flag__mavx512f -rdynamic CMakeFiles/cmTC_d1e68.dir/src.cxx.o -o cmTC_d1e68 
gmake[1]: Leaving directory `/.autofs/data1/home/rnicolai/LEM_GDML_upgrade/build_f1_j0/CMakeFiles/CMakeTmp'


Source file was:
#include <cstdio>
      int main() { return 0; }
Performing C++ SOURCE FILE Test check_cxx_compiler_flag__mavx512vl succeeded with the following output:
Change Dir: /data1/home/rnicolai/LEM_GDML_upgrade/build_f1_j0/CMakeFiles/CMakeTmp

Run Build Command(s):/usr/bin/gmake cmTC_b0cad/fast && /usr/bin/gmake  -f CMakeFiles/cmTC_b0cad.dir/build.make CMakeFiles/cmTC_b0cad.dir/build
gmake[1]: Entering directory `/.autofs/data1/home/rnicolai/LEM_GDML_upgrade/build_f1_j0/CMakeFiles/CMakeTmp'
Building CXX object CMakeFiles/cmTC_b0cad.dir/src.cxx.o
/cvmfs/sft.cern.ch/lcg/releases/gcc/10.1.0-6f386/x86_64-centos7/bin/g++   -Dcheck_cxx_compiler_flag__mavx512vl   -mavx512vl -o CMakeFiles/cmTC_b0cad.dir/src.cxx.o -c /data1/home/rnicolai/LEM_GDML_upgrade/build_f1_j0/CMakeFiles/CMakeTmp/src.cxx
Linking CXX executable cmTC_b0cad
/cvmfs/sft.cern.ch/lcg/releases/CMake/3.18.4-2ffec/x86_64-centos7-gcc10-opt/bin/cmake -E cmake_link_script CMakeFiles/cmTC_b0cad.dir/link.txt --verbose=1
/cvmfs/sft.cern.ch/lcg/releases/gcc/10.1.0-6f386/x86_64-centos7/bin/g++  -Dcheck_cxx_compiler_flag__mavx512vl -rdynamic CMakeFiles/cmTC_b0cad.dir/src.cxx.o -o cmTC_b0cad 
gmake[1]: Leaving directory `/.autofs/data1/home/rnicolai/LEM_GDML_upgrade/build_f1_j0/CMakeFiles/CMakeTmp'


Source file was:
#include <cstdio>
      int main() { return 0; }
Performing C++ SOURCE FILE Test check_cxx_compiler_flag__mavx512cd succeeded with the following output:
Change Dir: /data1/home/rnicolai/LEM_GDML_upgrade/build_f1_j0/CMakeFiles/CMakeTmp

Run Build Command(s):/usr/bin/gmake cmTC_46497/fast && /usr/bin/gmake  -f CMakeFiles/cmTC_46497.dir/build.make CMakeFiles/cmTC_46497.dir/build
gmake[1]: Entering directory `/.autofs/data1/home/rnicolai/LEM_GDML_upgrade/build_f1_j0/CMakeFiles/CMakeTmp'
Building CXX object CMakeFiles/cmTC_46497.dir/src.cxx.o
/cvmfs/sft.cern.ch/lcg/releases/gcc/10.1.0-6f386/x86_64-centos7/bin/g++   -Dcheck_cxx_compiler_flag__mavx512cd   -mavx512cd -o CMakeFiles/cmTC_46497.dir/src.cxx.o -c /data1/home/rnicolai/LEM_GDML_upgrade/build_f1_j0/CMakeFiles/CMakeTmp/src.cxx
Linking CXX executable cmTC_46497
/cvmfs/sft.cern.ch/lcg/releases/CMake/3.18.4-2ffec/x86_64-centos7-gcc10-opt/bin/cmake -E cmake_link_script CMakeFiles/cmTC_46497.dir/link.txt --verbose=1
/cvmfs/sft.cern.ch/lcg/releases/gcc/10.1.0-6f386/x86_64-centos7/bin/g++  -Dcheck_cxx_compiler_flag__mavx512cd -rdynamic CMakeFiles/cmTC_46497.dir/src.cxx.o -o cmTC_46497 
gmake[1]: Leaving directory `/.autofs/data1/home/rnicolai/LEM_GDML_upgrade/build_f1_j0/CMakeFiles/CMakeTmp'


Source file was:
#include <cstdio>
      int main() { return 0; }
Performing C++ SOURCE FILE Test check_cxx_compiler_flag__mavx512dq succeeded with the following output:
Change Dir: /data1/home/rnicolai/LEM_GDML_upgrade/build_f1_j0/CMakeFiles/CMakeTmp

Run Build Command(s):/usr/bin/gmake cmTC_f4058/fast && /usr/bin/gmake  -f CMakeFiles/cmTC_f4058.dir/build.make CMakeFiles/cmTC_f4058.dir/build
gmake[1]: Entering directory `/.autofs/data1/home/rnicolai/LEM_GDML_upgrade/build_f1_j0/CMakeFiles/CMakeTmp'
Building CXX object CMakeFiles/cmTC_f4058.dir/src.cxx.o
/cvmfs/sft.cern.ch/lcg/releases/gcc/10.1.0-6f386/x86_64-centos7/bin/g++   -Dcheck_cxx_compiler_flag__mavx512dq   -mavx512dq -o CMakeFiles/cmTC_f4058.dir/src.cxx.o -c /data1/home/rnicolai/LEM_GDML_upgrade/build_f1_j0/CMakeFiles/CMakeTmp/src.cxx
Linking CXX executable cmTC_f4058
/cvmfs/sft.cern.ch/lcg/releases/CMake/3.18.4-2ffec/x86_64-centos7-gcc10-opt/bin/cmake -E cmake_link_script CMakeFiles/cmTC_f4058.dir/link.txt --verbose=1
/cvmfs/sft.cern.ch/lcg/releases/gcc/10.1.0-6f386/x86_64-centos7/bin/g++  -Dcheck_cxx_compiler_flag__mavx512dq -rdynamic CMakeFiles/cmTC_f4058.dir/src.cxx.o -o cmTC_f4058 
gmake[1]: Leaving directory `/.autofs/data1/home/rnicolai/LEM_GDML_upgrade/build_f1_j0/CMakeFiles/CMakeTmp'


Source file was:
#include <cstdio>
      int main() { return 0; }
Performing C++ SOURCE FILE Test check_cxx_compiler_flag__mavx512bw succeeded with the following output:
Change Dir: /data1/home/rnicolai/LEM_GDML_upgrade/build_f1_j0/CMakeFiles/CMakeTmp

Run Build Command(s):/usr/bin/gmake cmTC_a2d8a/fast && /usr/bin/gmake  -f CMakeFiles/cmTC_a2d8a.dir/build.make CMakeFiles/cmTC_a2d8a.dir/build
gmake[1]: Entering directory `/.autofs/data1/home/rnicolai/LEM_GDML_upgrade/build_f1_j0/CMakeFiles/CMakeTmp'
Building CXX object CMakeFiles/cmTC_a2d8a.dir/src.cxx.o
/cvmfs/sft.cern.ch/lcg/releases/gcc/10.1.0-6f386/x86_64-centos7/bin/g++   -Dcheck_cxx_compiler_flag__mavx512bw   -mavx512bw -o CMakeFiles/cmTC_a2d8a.dir/src.cxx.o -c /data1/home/rnicolai/LEM_GDML_upgrade/build_f1_j0/CMakeFiles/CMakeTmp/src.cxx
Linking CXX executable cmTC_a2d8a
/cvmfs/sft.cern.ch/lcg/releases/CMake/3.18.4-2ffec/x86_64-centos7-gcc10-opt/bin/cmake -E cmake_link_script CMakeFiles/cmTC_a2d8a.dir/link.txt --verbose=1
/cvmfs/sft.cern.ch/lcg/releases/gcc/10.1.0-6f386/x86_64-centos7/bin/g++  -Dcheck_cxx_compiler_flag__mavx512bw -rdynamic CMakeFiles/cmTC_a2d8a.dir/src.cxx.o -o cmTC_a2d8a 
gmake[1]: Leaving directory `/.autofs/data1/home/rnicolai/LEM_GDML_upgrade/build_f1_j0/CMakeFiles/CMakeTmp'


Source file was:
#include <cstdio>
      int main() { return 0; }
Performing C++ SOURCE FILE Test check_cxx_compiler_flag__mno_sse4a succeeded with the following output:
Change Dir: /data1/home/rnicolai/LEM_GDML_upgrade/build_f1_j0/CMakeFiles/CMakeTmp

Run Build Command(s):/usr/bin/gmake cmTC_71588/fast && /usr/bin/gmake  -f CMakeFiles/cmTC_71588.dir/build.make CMakeFiles/cmTC_71588.dir/build
gmake[1]: Entering directory `/.autofs/data1/home/rnicolai/LEM_GDML_upgrade/build_f1_j0/CMakeFiles/CMakeTmp'
Building CXX object CMakeFiles/cmTC_71588.dir/src.cxx.o
/cvmfs/sft.cern.ch/lcg/releases/gcc/10.1.0-6f386/x86_64-centos7/bin/g++   -Dcheck_cxx_compiler_flag__mno_sse4a   -mno-sse4a -o CMakeFiles/cmTC_71588.dir/src.cxx.o -c /data1/home/rnicolai/LEM_GDML_upgrade/build_f1_j0/CMakeFiles/CMakeTmp/src.cxx
Linking CXX executable cmTC_71588
/cvmfs/sft.cern.ch/lcg/releases/CMake/3.18.4-2ffec/x86_64-centos7-gcc10-opt/bin/cmake -E cmake_link_script CMakeFiles/cmTC_71588.dir/link.txt --verbose=1
/cvmfs/sft.cern.ch/lcg/releases/gcc/10.1.0-6f386/x86_64-centos7/bin/g++  -Dcheck_cxx_compiler_flag__mno_sse4a -rdynamic CMakeFiles/cmTC_71588.dir/src.cxx.o -o cmTC_71588 
gmake[1]: Leaving directory `/.autofs/data1/home/rnicolai/LEM_GDML_upgrade/build_f1_j0/CMakeFiles/CMakeTmp'


Source file was:
#include <cstdio>
      int main() { return 0; }
Performing C++ SOURCE FILE Test check_cxx_compiler_flag__mno_xop succeeded with the following output:
Change Dir: /data1/home/rnicolai/LEM_GDML_upgrade/build_f1_j0/CMakeFiles/CMakeTmp

Run Build Command(s):/usr/bin/gmake cmTC_c9a03/fast && /usr/bin/gmake  -f CMakeFiles/cmTC_c9a03.dir/build.make CMakeFiles/cmTC_c9a03.dir/build
gmake[1]: Entering directory `/.autofs/data1/home/rnicolai/LEM_GDML_upgrade/build_f1_j0/CMakeFiles/CMakeTmp'
Building CXX object CMakeFiles/cmTC_c9a03.dir/src.cxx.o
/cvmfs/sft.cern.ch/lcg/releases/gcc/10.1.0-6f386/x86_64-centos7/bin/g++   -Dcheck_cxx_compiler_flag__mno_xop   -mno-xop -o CMakeFiles/cmTC_c9a03.dir/src.cxx.o -c /data1/home/rnicolai/LEM_GDML_upgrade/build_f1_j0/CMakeFiles/CMakeTmp/src.cxx
Linking CXX executable cmTC_c9a03
/cvmfs/sft.cern.ch/lcg/releases/CMake/3.18.4-2ffec/x86_64-centos7-gcc10-opt/bin/cmake -E cmake_link_script CMakeFiles/cmTC_c9a03.dir/link.txt --verbose=1
/cvmfs/sft.cern.ch/lcg/releases/gcc/10.1.0-6f386/x86_64-centos7/bin/g++  -Dcheck_cxx_compiler_flag__mno_xop -rdynamic CMakeFiles/cmTC_c9a03.dir/src.cxx.o -o cmTC_c9a03 
gmake[1]: Leaving directory `/.autofs/data1/home/rnicolai/LEM_GDML_upgrade/build_f1_j0/CMakeFiles/CMakeTmp'


Source file was:
#include <cstdio>
      int main() { return 0; }
Performing C++ SOURCE FILE Test check_cxx_compiler_flag__mno_fma4 succeeded with the following output:
Change Dir: /data1/home/rnicolai/LEM_GDML_upgrade/build_f1_j0/CMakeFiles/CMakeTmp

Run Build Command(s):/usr/bin/gmake cmTC_c01e3/fast && /usr/bin/gmake  -f CMakeFiles/cmTC_c01e3.dir/build.make CMakeFiles/cmTC_c01e3.dir/build
gmake[1]: Entering directory `/.autofs/data1/home/rnicolai/LEM_GDML_upgrade/build_f1_j0/CMakeFiles/CMakeTmp'
Building CXX object CMakeFiles/cmTC_c01e3.dir/src.cxx.o
/cvmfs/sft.cern.ch/lcg/releases/gcc/10.1.0-6f386/x86_64-centos7/bin/g++   -Dcheck_cxx_compiler_flag__mno_fma4   -mno-fma4 -o CMakeFiles/cmTC_c01e3.dir/src.cxx.o -c /data1/home/rnicolai/LEM_GDML_upgrade/build_f1_j0/CMakeFiles/CMakeTmp/src.cxx
Linking CXX executable cmTC_c01e3
/cvmfs/sft.cern.ch/lcg/releases/CMake/3.18.4-2ffec/x86_64-centos7-gcc10-opt/bin/cmake -E cmake_link_script CMakeFiles/cmTC_c01e3.dir/link.txt --verbose=1
/cvmfs/sft.cern.ch/lcg/releases/gcc/10.1.0-6f386/x86_64-centos7/bin/g++  -Dcheck_cxx_compiler_flag__mno_fma4 -rdynamic CMakeFiles/cmTC_c01e3.dir/src.cxx.o -o cmTC_c01e3 
gmake[1]: Leaving directory `/.autofs/data1/home/rnicolai/LEM_GDML_upgrade/build_f1_j0/CMakeFiles/CMakeTmp'


Source file was:
#include <cstdio>
      int main() { return 0; }
Performing C++ SOURCE FILE Test check_cxx_compiler_flag__mno_avx512pf succeeded with the following output:
Change Dir: /data1/home/rnicolai/LEM_GDML_upgrade/build_f1_j0/CMakeFiles/CMakeTmp

Run Build Command(s):/usr/bin/gmake cmTC_d65e7/fast && /usr/bin/gmake  -f CMakeFiles/cmTC_d65e7.dir/build.make CMakeFiles/cmTC_d65e7.dir/build
gmake[1]: Entering directory `/.autofs/data1/home/rnicolai/LEM_GDML_upgrade/build_f1_j0/CMakeFiles/CMakeTmp'
Building CXX object CMakeFiles/cmTC_d65e7.dir/src.cxx.o
/cvmfs/sft.cern.ch/lcg/releases/gcc/10.1.0-6f386/x86_64-centos7/bin/g++   -Dcheck_cxx_compiler_flag__mno_avx512pf   -mno-avx512pf -o CMakeFiles/cmTC_d65e7.dir/src.cxx.o -c /data1/home/rnicolai/LEM_GDML_upgrade/build_f1_j0/CMakeFiles/CMakeTmp/src.cxx
Linking CXX executable cmTC_d65e7
/cvmfs/sft.cern.ch/lcg/releases/CMake/3.18.4-2ffec/x86_64-centos7-gcc10-opt/bin/cmake -E cmake_link_script CMakeFiles/cmTC_d65e7.dir/link.txt --verbose=1
/cvmfs/sft.cern.ch/lcg/releases/gcc/10.1.0-6f386/x86_64-centos7/bin/g++  -Dcheck_cxx_compiler_flag__mno_avx512pf -rdynamic CMakeFiles/cmTC_d65e7.dir/src.cxx.o -o cmTC_d65e7 
gmake[1]: Leaving directory `/.autofs/data1/home/rnicolai/LEM_GDML_upgrade/build_f1_j0/CMakeFiles/CMakeTmp'


Source file was:
#include <cstdio>
      int main() { return 0; }
Performing C++ SOURCE FILE Test check_cxx_compiler_flag__mno_avx512er succeeded with the following output:
Change Dir: /data1/home/rnicolai/LEM_GDML_upgrade/build_f1_j0/CMakeFiles/CMakeTmp

Run Build Command(s):/usr/bin/gmake cmTC_4e4be/fast && /usr/bin/gmake  -f CMakeFiles/cmTC_4e4be.dir/build.make CMakeFiles/cmTC_4e4be.dir/build
gmake[1]: Entering directory `/.autofs/data1/home/rnicolai/LEM_GDML_upgrade/build_f1_j0/CMakeFiles/CMakeTmp'
Building CXX object CMakeFiles/cmTC_4e4be.dir/src.cxx.o
/cvmfs/sft.cern.ch/lcg/releases/gcc/10.1.0-6f386/x86_64-centos7/bin/g++   -Dcheck_cxx_compiler_flag__mno_avx512er   -mno-avx512er -o CMakeFiles/cmTC_4e4be.dir/src.cxx.o -c /data1/home/rnicolai/LEM_GDML_upgrade/build_f1_j0/CMakeFiles/CMakeTmp/src.cxx
Linking CXX executable cmTC_4e4be
/cvmfs/sft.cern.ch/lcg/releases/CMake/3.18.4-2ffec/x86_64-centos7-gcc10-opt/bin/cmake -E cmake_link_script CMakeFiles/cmTC_4e4be.dir/link.txt --verbose=1
/cvmfs/sft.cern.ch/lcg/releases/gcc/10.1.0-6f386/x86_64-centos7/bin/g++  -Dcheck_cxx_compiler_flag__mno_avx512er -rdynamic CMakeFiles/cmTC_4e4be.dir/src.cxx.o -o cmTC_4e4be 
gmake[1]: Leaving directory `/.autofs/data1/home/rnicolai/LEM_GDML_upgrade/build_f1_j0/CMakeFiles/CMakeTmp'


Source file was:
#include <cstdio>
      int main() { return 0; }
Performing C++ SOURCE FILE Test check_cxx_compiler_flag__mno_avx512ifma succeeded with the following output:
Change Dir: /data1/home/rnicolai/LEM_GDML_upgrade/build_f1_j0/CMakeFiles/CMakeTmp

Run Build Command(s):/usr/bin/gmake cmTC_6e88c/fast && /usr/bin/gmake  -f CMakeFiles/cmTC_6e88c.dir/build.make CMakeFiles/cmTC_6e88c.dir/build
gmake[1]: Entering directory `/.autofs/data1/home/rnicolai/LEM_GDML_upgrade/build_f1_j0/CMakeFiles/CMakeTmp'
Building CXX object CMakeFiles/cmTC_6e88c.dir/src.cxx.o
/cvmfs/sft.cern.ch/lcg/releases/gcc/10.1.0-6f386/x86_64-centos7/bin/g++   -Dcheck_cxx_compiler_flag__mno_avx512ifma   -mno-avx512ifma -o CMakeFiles/cmTC_6e88c.dir/src.cxx.o -c /data1/home/rnicolai/LEM_GDML_upgrade/build_f1_j0/CMakeFiles/CMakeTmp/src.cxx
Linking CXX executable cmTC_6e88c
/cvmfs/sft.cern.ch/lcg/releases/CMake/3.18.4-2ffec/x86_64-centos7-gcc10-opt/bin/cmake -E cmake_link_script CMakeFiles/cmTC_6e88c.dir/link.txt --verbose=1
/cvmfs/sft.cern.ch/lcg/releases/gcc/10.1.0-6f386/x86_64-centos7/bin/g++  -Dcheck_cxx_compiler_flag__mno_avx512ifma -rdynamic CMakeFiles/cmTC_6e88c.dir/src.cxx.o -o cmTC_6e88c 
gmake[1]: Leaving directory `/.autofs/data1/home/rnicolai/LEM_GDML_upgrade/build_f1_j0/CMakeFiles/CMakeTmp'


Source file was:
#include <cstdio>
      int main() { return 0; }
Performing C++ SOURCE FILE Test check_cxx_compiler_flag__mno_avx512vbmi succeeded with the following output:
Change Dir: /data1/home/rnicolai/LEM_GDML_upgrade/build_f1_j0/CMakeFiles/CMakeTmp

Run Build Command(s):/usr/bin/gmake cmTC_f255e/fast && /usr/bin/gmake  -f CMakeFiles/cmTC_f255e.dir/build.make CMakeFiles/cmTC_f255e.dir/build
gmake[1]: Entering directory `/.autofs/data1/home/rnicolai/LEM_GDML_upgrade/build_f1_j0/CMakeFiles/CMakeTmp'
Building CXX object CMakeFiles/cmTC_f255e.dir/src.cxx.o
/cvmfs/sft.cern.ch/lcg/releases/gcc/10.1.0-6f386/x86_64-centos7/bin/g++   -Dcheck_cxx_compiler_flag__mno_avx512vbmi   -mno-avx512vbmi -o CMakeFiles/cmTC_f255e.dir/src.cxx.o -c /data1/home/rnicolai/LEM_GDML_upgrade/build_f1_j0/CMakeFiles/CMakeTmp/src.cxx
Linking CXX executable cmTC_f255e
/cvmfs/sft.cern.ch/lcg/releases/CMake/3.18.4-2ffec/x86_64-centos7-gcc10-opt/bin/cmake -E cmake_link_script CMakeFiles/cmTC_f255e.dir/link.txt --verbose=1
/cvmfs/sft.cern.ch/lcg/releases/gcc/10.1.0-6f386/x86_64-centos7/bin/g++  -Dcheck_cxx_compiler_flag__mno_avx512vbmi -rdynamic CMakeFiles/cmTC_f255e.dir/src.cxx.o -o cmTC_f255e 
gmake[1]: Leaving directory `/.autofs/data1/home/rnicolai/LEM_GDML_upgrade/build_f1_j0/CMakeFiles/CMakeTmp'


Source file was:
#include <cstdio>
      int main() { return 0; }
Determining if the function XOpenDisplay exists in the /usr/lib64/libX11.so;/usr/lib64/libXext.so passed with the following output:
Change Dir: /data1/home/rnicolai/LEM_GDML_upgrade/build_f1_j0/CMakeFiles/CMakeTmp

Run Build Command(s):/usr/bin/gmake cmTC_b9d6e/fast && /usr/bin/gmake  -f CMakeFiles/cmTC_b9d6e.dir/build.make CMakeFiles/cmTC_b9d6e.dir/build
gmake[1]: Entering directory `/.autofs/data1/home/rnicolai/LEM_GDML_upgrade/build_f1_j0/CMakeFiles/CMakeTmp'
Building C object CMakeFiles/cmTC_b9d6e.dir/CheckFunctionExists.c.o
/cvmfs/sft.cern.ch/lcg/releases/gcc/10.1.0-6f386/x86_64-centos7/bin/gcc   -DCHECK_FUNCTION_EXISTS=XOpenDisplay -o CMakeFiles/cmTC_b9d6e.dir/CheckFunctionExists.c.o -c /cvmfs/sft.cern.ch/lcg/releases/CMake/3.18.4-2ffec/x86_64-centos7-gcc10-opt/share/cmake-3.18/Modules/CheckFunctionExists.c
Linking C executable cmTC_b9d6e
/cvmfs/sft.cern.ch/lcg/releases/CMake/3.18.4-2ffec/x86_64-centos7-gcc10-opt/bin/cmake -E cmake_link_script CMakeFiles/cmTC_b9d6e.dir/link.txt --verbose=1
/cvmfs/sft.cern.ch/lcg/releases/gcc/10.1.0-6f386/x86_64-centos7/bin/gcc  -DCHECK_FUNCTION_EXISTS=XOpenDisplay CMakeFiles/cmTC_b9d6e.dir/CheckFunctionExists.c.o -o cmTC_b9d6e  /usr/lib64/libX11.so /usr/lib64/libXext.so 
gmake[1]: Leaving directory `/.autofs/data1/home/rnicolai/LEM_GDML_upgrade/build_f1_j0/CMakeFiles/CMakeTmp'



Determining if the function gethostbyname exists passed with the following output:
Change Dir: /data1/home/rnicolai/LEM_GDML_upgrade/build_f1_j0/CMakeFiles/CMakeTmp

Run Build Command(s):/usr/bin/gmake cmTC_065a9/fast && /usr/bin/gmake  -f CMakeFiles/cmTC_065a9.dir/build.make CMakeFiles/cmTC_065a9.dir/build
gmake[1]: Entering directory `/.autofs/data1/home/rnicolai/LEM_GDML_upgrade/build_f1_j0/CMakeFiles/CMakeTmp'
Building C object CMakeFiles/cmTC_065a9.dir/CheckFunctionExists.c.o
/cvmfs/sft.cern.ch/lcg/releases/gcc/10.1.0-6f386/x86_64-centos7/bin/gcc   -DCHECK_FUNCTION_EXISTS=gethostbyname -o CMakeFiles/cmTC_065a9.dir/CheckFunctionExists.c.o -c /cvmfs/sft.cern.ch/lcg/releases/CMake/3.18.4-2ffec/x86_64-centos7-gcc10-opt/share/cmake-3.18/Modules/CheckFunctionExists.c
Linking C executable cmTC_065a9
/cvmfs/sft.cern.ch/lcg/releases/CMake/3.18.4-2ffec/x86_64-centos7-gcc10-opt/bin/cmake -E cmake_link_script CMakeFiles/cmTC_065a9.dir/link.txt --verbose=1
/cvmfs/sft.cern.ch/lcg/releases/gcc/10.1.0-6f386/x86_64-centos7/bin/gcc  -DCHECK_FUNCTION_EXISTS=gethostbyname CMakeFiles/cmTC_065a9.dir/CheckFunctionExists.c.o -o cmTC_065a9 
gmake[1]: Leaving directory `/.autofs/data1/home/rnicolai/LEM_GDML_upgrade/build_f1_j0/CMakeFiles/CMakeTmp'



Determining if the function connect exists passed with the following output:
Change Dir: /data1/home/rnicolai/LEM_GDML_upgrade/build_f1_j0/CMakeFiles/CMakeTmp

Run Build Command(s):/usr/bin/gmake cmTC_5a220/fast && /usr/bin/gmake  -f CMakeFiles/cmTC_5a220.dir/build.make CMakeFiles/cmTC_5a220.dir/build
gmake[1]: Entering directory `/.autofs/data1/home/rnicolai/LEM_GDML_upgrade/build_f1_j0/CMakeFiles/CMakeTmp'
Building C object CMakeFiles/cmTC_5a220.dir/CheckFunctionExists.c.o
/cvmfs/sft.cern.ch/lcg/releases/gcc/10.1.0-6f386/x86_64-centos7/bin/gcc   -DCHECK_FUNCTION_EXISTS=connect -o CMakeFiles/cmTC_5a220.dir/CheckFunctionExists.c.o -c /cvmfs/sft.cern.ch/lcg/releases/CMake/3.18.4-2ffec/x86_64-centos7-gcc10-opt/share/cmake-3.18/Modules/CheckFunctionExists.c
Linking C executable cmTC_5a220
/cvmfs/sft.cern.ch/lcg/releases/CMake/3.18.4-2ffec/x86_64-centos7-gcc10-opt/bin/cmake -E cmake_link_script CMakeFiles/cmTC_5a220.dir/link.txt --verbose=1
/cvmfs/sft.cern.ch/lcg/releases/gcc/10.1.0-6f386/x86_64-centos7/bin/gcc  -DCHECK_FUNCTION_EXISTS=connect CMakeFiles/cmTC_5a220.dir/CheckFunctionExists.c.o -o cmTC_5a220 
gmake[1]: Leaving directory `/.autofs/data1/home/rnicolai/LEM_GDML_upgrade/build_f1_j0/CMakeFiles/CMakeTmp'



Determining if the function remove exists passed with the following output:
Change Dir: /data1/home/rnicolai/LEM_GDML_upgrade/build_f1_j0/CMakeFiles/CMakeTmp

Run Build Command(s):/usr/bin/gmake cmTC_793aa/fast && /usr/bin/gmake  -f CMakeFiles/cmTC_793aa.dir/build.make CMakeFiles/cmTC_793aa.dir/build
gmake[1]: Entering directory `/.autofs/data1/home/rnicolai/LEM_GDML_upgrade/build_f1_j0/CMakeFiles/CMakeTmp'
Building C object CMakeFiles/cmTC_793aa.dir/CheckFunctionExists.c.o
/cvmfs/sft.cern.ch/lcg/releases/gcc/10.1.0-6f386/x86_64-centos7/bin/gcc   -DCHECK_FUNCTION_EXISTS=remove -o CMakeFiles/cmTC_793aa.dir/CheckFunctionExists.c.o -c /cvmfs/sft.cern.ch/lcg/releases/CMake/3.18.4-2ffec/x86_64-centos7-gcc10-opt/share/cmake-3.18/Modules/CheckFunctionExists.c
Linking C executable cmTC_793aa
/cvmfs/sft.cern.ch/lcg/releases/CMake/3.18.4-2ffec/x86_64-centos7-gcc10-opt/bin/cmake -E cmake_link_script CMakeFiles/cmTC_793aa.dir/link.txt --verbose=1
/cvmfs/sft.cern.ch/lcg/releases/gcc/10.1.0-6f386/x86_64-centos7/bin/gcc  -DCHECK_FUNCTION_EXISTS=remove CMakeFiles/cmTC_793aa.dir/CheckFunctionExists.c.o -o cmTC_793aa 
gmake[1]: Leaving directory `/.autofs/data1/home/rnicolai/LEM_GDML_upgrade/build_f1_j0/CMakeFiles/CMakeTmp'



Determining if the function shmat exists passed with the following output:
Change Dir: /data1/home/rnicolai/LEM_GDML_upgrade/build_f1_j0/CMakeFiles/CMakeTmp

Run Build Command(s):/usr/bin/gmake cmTC_29dfd/fast && /usr/bin/gmake  -f CMakeFiles/cmTC_29dfd.dir/build.make CMakeFiles/cmTC_29dfd.dir/build
gmake[1]: Entering directory `/.autofs/data1/home/rnicolai/LEM_GDML_upgrade/build_f1_j0/CMakeFiles/CMakeTmp'
Building C object CMakeFiles/cmTC_29dfd.dir/CheckFunctionExists.c.o
/cvmfs/sft.cern.ch/lcg/releases/gcc/10.1.0-6f386/x86_64-centos7/bin/gcc   -DCHECK_FUNCTION_EXISTS=shmat -o CMakeFiles/cmTC_29dfd.dir/CheckFunctionExists.c.o -c /cvmfs/sft.cern.ch/lcg/releases/CMake/3.18.4-2ffec/x86_64-centos7-gcc10-opt/share/cmake-3.18/Modules/CheckFunctionExists.c
Linking C executable cmTC_29dfd
/cvmfs/sft.cern.ch/lcg/releases/CMake/3.18.4-2ffec/x86_64-centos7-gcc10-opt/bin/cmake -E cmake_link_script CMakeFiles/cmTC_29dfd.dir/link.txt --verbose=1
/cvmfs/sft.cern.ch/lcg/releases/gcc/10.1.0-6f386/x86_64-centos7/bin/gcc  -DCHECK_FUNCTION_EXISTS=shmat CMakeFiles/cmTC_29dfd.dir/CheckFunctionExists.c.o -o cmTC_29dfd 
gmake[1]: Leaving directory `/.autofs/data1/home/rnicolai/LEM_GDML_upgrade/build_f1_j0/CMakeFiles/CMakeTmp'



Determining if the function IceConnectionNumber exists in the ICE passed with the following output:
Change Dir: /data1/home/rnicolai/LEM_GDML_upgrade/build_f1_j0/CMakeFiles/CMakeTmp

Run Build Command(s):/usr/bin/gmake cmTC_d91a6/fast && /usr/bin/gmake  -f CMakeFiles/cmTC_d91a6.dir/build.make CMakeFiles/cmTC_d91a6.dir/build
gmake[1]: Entering directory `/.autofs/data1/home/rnicolai/LEM_GDML_upgrade/build_f1_j0/CMakeFiles/CMakeTmp'
Building C object CMakeFiles/cmTC_d91a6.dir/CheckFunctionExists.c.o
/cvmfs/sft.cern.ch/lcg/releases/gcc/10.1.0-6f386/x86_64-centos7/bin/gcc   -DCHECK_FUNCTION_EXISTS=IceConnectionNumber -o CMakeFiles/cmTC_d91a6.dir/CheckFunctionExists.c.o -c /cvmfs/sft.cern.ch/lcg/releases/CMake/3.18.4-2ffec/x86_64-centos7-gcc10-opt/share/cmake-3.18/Modules/CheckFunctionExists.c
Linking C executable cmTC_d91a6
/cvmfs/sft.cern.ch/lcg/releases/CMake/3.18.4-2ffec/x86_64-centos7-gcc10-opt/bin/cmake -E cmake_link_script CMakeFiles/cmTC_d91a6.dir/link.txt --verbose=1
/cvmfs/sft.cern.ch/lcg/releases/gcc/10.1.0-6f386/x86_64-centos7/bin/gcc  -DCHECK_FUNCTION_EXISTS=IceConnectionNumber CMakeFiles/cmTC_d91a6.dir/CheckFunctionExists.c.o -o cmTC_d91a6  -lICE 
gmake[1]: Leaving directory `/.autofs/data1/home/rnicolai/LEM_GDML_upgrade/build_f1_j0/CMakeFiles/CMakeTmp'



