   ------------------------------------------------------------------
  | Welcome to ROOT 6.26/10                        https://root.cern |
  | (c) 1995-2021, The ROOT Team; conception: R. Brun, F. Rademakers |
  | Built for linuxx8664gcc on Nov 16 2022, 10:42:54                 |
  | From tags/v6-26-10@v6-26-10                                      |
  | With c++ (Ubuntu 11.3.0-1ubuntu1~22.04) 11.3.0                   |
  | Try '.help', '.demo', '.license', '.credits', '.quit'/'.q'       |
   ------------------------------------------------------------------


Processing ../ROOT/AngleResolutionDescoped.C...
Nfiles = 3
FileName[0] = pELECTRON_08032023_t0.root
FileName[1] = pPROTON_08032023_t0.root
FileName[2] = pALPHA_08032023_t0.root
******************************************************************************
*Tree    :Edep      : Edep                                                   *
*Entries :  1122647 : Total =       341670455 bytes  File  Size =  131963913 *
*        :          : Tree compression factor =   2.59                       *
******************************************************************************
*Br    0 :RandEnergy : Double_t Edep                                         *
*Entries :  1122647 : Total  Size=   13486579 bytes  File Size  =   11277201 *
*Baskets :      138 : Basket Size=    5339136 bytes  Compression=   1.20     *
*............................................................................*
*Br    1 :Xgen      : Double_t Edep                                          *
*Entries :  1122647 : Total  Size=   13485733 bytes  File Size  =   11311816 *
*Baskets :      138 : Basket Size=    5338112 bytes  Compression=   1.19     *
*............................................................................*
*Br    2 :Ygen      : Double_t Edep                                          *
*Entries :  1122647 : Total  Size=   13485733 bytes  File Size  =   11311775 *
*Baskets :      138 : Basket Size=    5338112 bytes  Compression=   1.19     *
*............................................................................*
*Br    3 :Zgen      : Double_t Edep                                          *
*Entries :  1122647 : Total  Size=   13485733 bytes  File Size  =    2771201 *
*Baskets :      138 : Basket Size=    5338112 bytes  Compression=   4.87     *
*............................................................................*
*Br    4 :pDirX     : Double_t Edep                                          *
*Entries :  1122647 : Total  Size=   13485874 bytes  File Size  =   11282824 *
*Baskets :      138 : Basket Size=    5338112 bytes  Compression=   1.19     *
*............................................................................*
*Br    5 :pDirY     : Double_t Edep                                          *
*Entries :  1122647 : Total  Size=   13485874 bytes  File Size  =   11283110 *
*Baskets :      138 : Basket Size=    5338112 bytes  Compression=   1.19     *
*............................................................................*
*Br    6 :pDirZ     : Double_t Edep                                          *
*Entries :  1122647 : Total  Size=   13485874 bytes  File Size  =   11151988 *
*Baskets :      138 : Basket Size=    5338112 bytes  Compression=   1.21     *
*............................................................................*
*Br    7 :Ed_LV_P2  : Double_t Edep                                          *
*Entries :  1122647 : Total  Size=   13486297 bytes  File Size  =    3175529 *
*Baskets :      138 : Basket Size=    5338624 bytes  Compression=   4.25     *
*............................................................................*
*Br    8 :Ed_LV_V2  : Double_t Edep                                          *
*Entries :  1122647 : Total  Size=   13486297 bytes  File Size  =    3731812 *
*Baskets :      138 : Basket Size=    5338624 bytes  Compression=   3.61     *
*............................................................................*
*Br    9 :Ed_LV_P1  : Double_t Edep                                          *
*Entries :  1122647 : Total  Size=   13486297 bytes  File Size  =    3633839 *
*Baskets :      138 : Basket Size=    5338624 bytes  Compression=   3.71     *
*............................................................................*
*Br   10 :Ed_LV_V1  : Double_t Edep                                          *
*Entries :  1122647 : Total  Size=   13486297 bytes  File Size  =   10994471 *
*Baskets :      138 : Basket Size=    5338624 bytes  Compression=   1.23     *
*............................................................................*
*Br   11 :Ed_LV_THIN : Double_t Edep                                         *
*Entries :  1122647 : Total  Size=   13486579 bytes  File Size  =    2889233 *
*Baskets :      138 : Basket Size=    5339136 bytes  Compression=   4.67     *
*............................................................................*
*Br   12 :Ed_LV_THIN001 : Double_t Edep                                      *
*Entries :  1122647 : Total  Size=   13487002 bytes  File Size  =    2867277 *
*Baskets :      138 : Basket Size=    5339136 bytes  Compression=   4.70     *
*............................................................................*
*Br   13 :Ed_LV_THIN002 : Double_t Edep                                      *
*Entries :  1122647 : Total  Size=   13487002 bytes  File Size  =    2864845 *
*Baskets :      138 : Basket Size=    5339136 bytes  Compression=   4.71     *
*............................................................................*
*Br   14 :Ed_LV_THIN003 : Double_t Edep                                      *
*Entries :  1122647 : Total  Size=   13487002 bytes  File Size  =    2865760 *
*Baskets :      138 : Basket Size=    5339136 bytes  Compression=   4.71     *
*............................................................................*
*Br   15 :Ed_LV_THIN004 : Double_t Edep                                      *
*Entries :  1122647 : Total  Size=   13487002 bytes  File Size  =    2865933 *
*Baskets :      138 : Basket Size=    5339136 bytes  Compression=   4.70     *
*............................................................................*
*Br   16 :Ed_LV_THIN005 : Double_t Edep                                      *
*Entries :  1122647 : Total  Size=   13487002 bytes  File Size  =    3008879 *
*Baskets :      138 : Basket Size=    5339136 bytes  Compression=   4.48     *
*............................................................................*
*Br   17 :Ed_LV_THIN006 : Double_t Edep                                      *
*Entries :  1122647 : Total  Size=   13487002 bytes  File Size  =    2863625 *
*Baskets :      138 : Basket Size=    5339136 bytes  Compression=   4.71     *
*............................................................................*
*Br   18 :Ed_LV_THICK004 : Double_t Edep                                     *
*Entries :  1122647 : Total  Size=   13487143 bytes  File Size  =    2794918 *
*Baskets :      138 : Basket Size=    5339648 bytes  Compression=   4.82     *
*............................................................................*
*Br   19 :Ed_LV_THICK001 : Double_t Edep                                     *
*Entries :  1122647 : Total  Size=   13487143 bytes  File Size  =    2796899 *
*Baskets :      138 : Basket Size=    5339648 bytes  Compression=   4.82     *
*............................................................................*
*Br   20 :Ed_LV_THICK005 : Double_t Edep                                     *
*Entries :  1122647 : Total  Size=   13487143 bytes  File Size  =    2881398 *
*Baskets :      138 : Basket Size=    5339648 bytes  Compression=   4.68     *
*............................................................................*
*Br   21 :Ed_LV_THICK002 : Double_t Edep                                     *
*Entries :  1122647 : Total  Size=   13487143 bytes  File Size  =    2791007 *
*Baskets :      138 : Basket Size=    5339648 bytes  Compression=   4.83     *
*............................................................................*
*Br   22 :Ed_LV_THICK006 : Double_t Edep                                     *
*Entries :  1122647 : Total  Size=   13487143 bytes  File Size  =    2793227 *
*Baskets :      138 : Basket Size=    5339648 bytes  Compression=   4.83     *
*............................................................................*
*Br   23 :Ed_LV_THICK003 : Double_t Edep                                     *
*Entries :  1122647 : Total  Size=   13487143 bytes  File Size  =    2796765 *
*Baskets :      138 : Basket Size=    5339648 bytes  Compression=   4.82     *
*............................................................................*
*Br   24 :Ed_LV_THICK : Double_t Edep                                        *
*Entries :  1122647 : Total  Size=   13486720 bytes  File Size  =    2794289 *
*Baskets :      138 : Basket Size=    5339136 bytes  Compression=   4.83     *
*............................................................................*
*Br   25 :NumberID  : NumberID/I                                             *
*Entries :  1122647 : Total  Size=    4504300 bytes  File Size  =     136380 *
*Baskets :      141 : Basket Size=      32000 bytes  Compression=  33.00     *
*............................................................................*
******************************************************************************
*Tree    :Edep      : Edep                                                   *
*Entries :  1315464 : Total =       400286476 bytes  File  Size =  155418775 *
*        :          : Tree compression factor =   2.58                       *
******************************************************************************
*Br    0 :RandEnergy : Double_t Edep                                         *
*Entries :  1315464 : Total  Size=   15800278 bytes  File Size  =   13115462 *
*Baskets :      137 : Basket Size=    5318144 bytes  Compression=   1.20     *
*............................................................................*
*Br    1 :Xgen      : Double_t Edep                                          *
*Entries :  1315464 : Total  Size=   15799438 bytes  File Size  =   13265955 *
*Baskets :      137 : Basket Size=    5317632 bytes  Compression=   1.19     *
*............................................................................*
*Br    2 :Ygen      : Double_t Edep                                          *
*Entries :  1315464 : Total  Size=   15799438 bytes  File Size  =   13265344 *
*Baskets :      137 : Basket Size=    5317632 bytes  Compression=   1.19     *
*............................................................................*
*Br    3 :Zgen      : Double_t Edep                                          *
*Entries :  1315464 : Total  Size=   15799438 bytes  File Size  =    3265996 *
*Baskets :      137 : Basket Size=    5317632 bytes  Compression=   4.84     *
*............................................................................*
*Br    4 :pDirX     : Double_t Edep                                          *
*Entries :  1315464 : Total  Size=   15799578 bytes  File Size  =   13225441 *
*Baskets :      137 : Basket Size=    5317632 bytes  Compression=   1.19     *
*............................................................................*
*Br    5 :pDirY     : Double_t Edep                                          *
*Entries :  1315464 : Total  Size=   15799578 bytes  File Size  =   13225647 *
*Baskets :      137 : Basket Size=    5317632 bytes  Compression=   1.19     *
*............................................................................*
*Br    6 :pDirZ     : Double_t Edep                                          *
*Entries :  1315464 : Total  Size=   15799578 bytes  File Size  =   13082116 *
*Baskets :      137 : Basket Size=    5317632 bytes  Compression=   1.21     *
*............................................................................*
*Br    7 :Ed_LV_P2  : Double_t Edep                                          *
*Entries :  1315464 : Total  Size=   15799998 bytes  File Size  =    3736345 *
*Baskets :      137 : Basket Size=    5318144 bytes  Compression=   4.23     *
*............................................................................*
*Br    8 :Ed_LV_V2  : Double_t Edep                                          *
*Entries :  1315464 : Total  Size=   15799998 bytes  File Size  =    4161747 *
*Baskets :      137 : Basket Size=    5318144 bytes  Compression=   3.80     *
*............................................................................*
*Br    9 :Ed_LV_P1  : Double_t Edep                                          *
*Entries :  1315464 : Total  Size=   15799998 bytes  File Size  =    4673799 *
*Baskets :      137 : Basket Size=    5318144 bytes  Compression=   3.38     *
*............................................................................*
*Br   10 :Ed_LV_V1  : Double_t Edep                                          *
*Entries :  1315464 : Total  Size=   15799998 bytes  File Size  =   12886036 *
*Baskets :      137 : Basket Size=    5318144 bytes  Compression=   1.23     *
*............................................................................*
*Br   11 :Ed_LV_THIN : Double_t Edep                                         *
*Entries :  1315464 : Total  Size=   15800278 bytes  File Size  =    3387062 *
*Baskets :      137 : Basket Size=    5318144 bytes  Compression=   4.66     *
*............................................................................*
*Br   12 :Ed_LV_THIN001 : Double_t Edep                                      *
*Entries :  1315464 : Total  Size=   15800698 bytes  File Size  =    3365787 *
*Baskets :      137 : Basket Size=    5318656 bytes  Compression=   4.69     *
*............................................................................*
*Br   13 :Ed_LV_THIN002 : Double_t Edep                                      *
*Entries :  1315464 : Total  Size=   15800698 bytes  File Size  =    3363368 *
*Baskets :      137 : Basket Size=    5318656 bytes  Compression=   4.70     *
*............................................................................*
*Br   14 :Ed_LV_THIN003 : Double_t Edep                                      *
*Entries :  1315464 : Total  Size=   15800698 bytes  File Size  =    3366023 *
*Baskets :      137 : Basket Size=    5318656 bytes  Compression=   4.69     *
*............................................................................*
*Br   15 :Ed_LV_THIN004 : Double_t Edep                                      *
*Entries :  1315464 : Total  Size=   15800698 bytes  File Size  =    3366684 *
*Baskets :      137 : Basket Size=    5318656 bytes  Compression=   4.69     *
*............................................................................*
*Br   16 :Ed_LV_THIN005 : Double_t Edep                                      *
*Entries :  1315464 : Total  Size=   15800698 bytes  File Size  =    3480137 *
*Baskets :      137 : Basket Size=    5318656 bytes  Compression=   4.54     *
*............................................................................*
*Br   17 :Ed_LV_THIN006 : Double_t Edep                                      *
*Entries :  1315464 : Total  Size=   15800698 bytes  File Size  =    3363958 *
*Baskets :      137 : Basket Size=    5318656 bytes  Compression=   4.70     *
*............................................................................*
*Br   18 :Ed_LV_THICK004 : Double_t Edep                                     *
*Entries :  1315464 : Total  Size=   15800838 bytes  File Size  =    3370510 *
*Baskets :      137 : Basket Size=    5318656 bytes  Compression=   4.69     *
*............................................................................*
*Br   19 :Ed_LV_THICK001 : Double_t Edep                                     *
*Entries :  1315464 : Total  Size=   15800838 bytes  File Size  =    3368804 *
*Baskets :      137 : Basket Size=    5318656 bytes  Compression=   4.69     *
*............................................................................*
*Br   20 :Ed_LV_THICK005 : Double_t Edep                                     *
*Entries :  1315464 : Total  Size=   15800838 bytes  File Size  =    3393735 *
*Baskets :      137 : Basket Size=    5318656 bytes  Compression=   4.65     *
*............................................................................*
*Br   21 :Ed_LV_THICK002 : Double_t Edep                                     *
*Entries :  1315464 : Total  Size=   15800838 bytes  File Size  =    3369207 *
*Baskets :      137 : Basket Size=    5318656 bytes  Compression=   4.69     *
*............................................................................*
*Br   22 :Ed_LV_THICK006 : Double_t Edep                                     *
*Entries :  1315464 : Total  Size=   15800838 bytes  File Size  =    3369134 *
*Baskets :      137 : Basket Size=    5318656 bytes  Compression=   4.69     *
*............................................................................*
*Br   23 :Ed_LV_THICK003 : Double_t Edep                                     *
*Entries :  1315464 : Total  Size=   15800838 bytes  File Size  =    3369141 *
*Baskets :      137 : Basket Size=    5318656 bytes  Compression=   4.69     *
*............................................................................*
*Br   24 :Ed_LV_THICK : Double_t Edep                                        *
*Entries :  1315464 : Total  Size=   15800418 bytes  File Size  =    3367608 *
*Baskets :      137 : Basket Size=    5318656 bytes  Compression=   4.69     *
*............................................................................*
*Br   25 :NumberID  : NumberID/I                                             *
*Entries :  1315464 : Total  Size=    5277848 bytes  File Size  =     185679 *
*Baskets :      165 : Basket Size=      32000 bytes  Compression=  28.41     *
*............................................................................*
******************************************************************************
*Tree    :Edep      : Edep                                                   *
*Entries :   975873 : Total =       297049152 bytes  File  Size =  114172563 *
*        :          : Tree compression factor =   2.60                       *
******************************************************************************
*Br    0 :RandEnergy : Double_t Edep                                         *
*Entries :   975873 : Total  Size=   11725291 bytes  File Size  =    9718692 *
*Baskets :      138 : Basket Size=    5340160 bytes  Compression=   1.21     *
*............................................................................*
*Br    1 :Xgen      : Double_t Edep                                          *
*Entries :   975873 : Total  Size=   11724346 bytes  File Size  =    9826412 *
*Baskets :      137 : Basket Size=    5339136 bytes  Compression=   1.19     *
*............................................................................*
*Br    2 :Ygen      : Double_t Edep                                          *
*Entries :   975873 : Total  Size=   11724346 bytes  File Size  =    9827075 *
*Baskets :      137 : Basket Size=    5339136 bytes  Compression=   1.19     *
*............................................................................*
*Br    3 :Zgen      : Double_t Edep                                          *
*Entries :   975873 : Total  Size=   11724346 bytes  File Size  =    2400137 *
*Baskets :      137 : Basket Size=    5339136 bytes  Compression=   4.88     *
*............................................................................*
*Br    4 :pDirX     : Double_t Edep                                          *
*Entries :   975873 : Total  Size=   11724586 bytes  File Size  =    9802569 *
*Baskets :      138 : Basket Size=    5339136 bytes  Compression=   1.20     *
*............................................................................*
*Br    5 :pDirY     : Double_t Edep                                          *
*Entries :   975873 : Total  Size=   11724586 bytes  File Size  =    9802243 *
*Baskets :      138 : Basket Size=    5339136 bytes  Compression=   1.20     *
*............................................................................*
*Br    6 :pDirZ     : Double_t Edep                                          *
*Entries :   975873 : Total  Size=   11724586 bytes  File Size  =    9689855 *
*Baskets :      138 : Basket Size=    5339136 bytes  Compression=   1.21     *
*............................................................................*
*Br    7 :Ed_LV_P2  : Double_t Edep                                          *
*Entries :   975873 : Total  Size=   11725009 bytes  File Size  =    2664224 *
*Baskets :      138 : Basket Size=    5339648 bytes  Compression=   4.40     *
*............................................................................*
*Br    8 :Ed_LV_V2  : Double_t Edep                                          *
*Entries :   975873 : Total  Size=   11725009 bytes  File Size  =    2922014 *
*Baskets :      138 : Basket Size=    5339648 bytes  Compression=   4.01     *
*............................................................................*
*Br    9 :Ed_LV_P1  : Double_t Edep                                          *
*Entries :   975873 : Total  Size=   11725009 bytes  File Size  =    3152050 *
*Baskets :      138 : Basket Size=    5339648 bytes  Compression=   3.72     *
*............................................................................*
*Br   10 :Ed_LV_V1  : Double_t Edep                                          *
*Entries :   975873 : Total  Size=   11725009 bytes  File Size  =    9539455 *
*Baskets :      138 : Basket Size=    5339648 bytes  Compression=   1.23     *
*............................................................................*
*Br   11 :Ed_LV_THIN : Double_t Edep                                         *
*Entries :   975873 : Total  Size=   11725291 bytes  File Size  =    2500502 *
*Baskets :      138 : Basket Size=    5340160 bytes  Compression=   4.69     *
*............................................................................*
*Br   12 :Ed_LV_THIN001 : Double_t Edep                                      *
*Entries :   975873 : Total  Size=   11725714 bytes  File Size  =    2480519 *
*Baskets :      138 : Basket Size=    5340160 bytes  Compression=   4.73     *
*............................................................................*
*Br   13 :Ed_LV_THIN002 : Double_t Edep                                      *
*Entries :   975873 : Total  Size=   11725714 bytes  File Size  =    2478642 *
*Baskets :      138 : Basket Size=    5340160 bytes  Compression=   4.73     *
*............................................................................*
*Br   14 :Ed_LV_THIN003 : Double_t Edep                                      *
*Entries :   975873 : Total  Size=   11725714 bytes  File Size  =    2479800 *
*Baskets :      138 : Basket Size=    5340160 bytes  Compression=   4.73     *
*............................................................................*
*Br   15 :Ed_LV_THIN004 : Double_t Edep                                      *
*Entries :   975873 : Total  Size=   11725714 bytes  File Size  =    2480097 *
*Baskets :      138 : Basket Size=    5340160 bytes  Compression=   4.73     *
*............................................................................*
*Br   16 :Ed_LV_THIN005 : Double_t Edep                                      *
*Entries :   975873 : Total  Size=   11725714 bytes  File Size  =    2578975 *
*Baskets :      138 : Basket Size=    5340160 bytes  Compression=   4.55     *
*............................................................................*
*Br   17 :Ed_LV_THIN006 : Double_t Edep                                      *
*Entries :   975873 : Total  Size=   11725714 bytes  File Size  =    2478236 *
*Baskets :      138 : Basket Size=    5340160 bytes  Compression=   4.73     *
*............................................................................*
*Br   18 :Ed_LV_THICK004 : Double_t Edep                                     *
*Entries :   975873 : Total  Size=   11725855 bytes  File Size  =    2444390 *
*Baskets :      138 : Basket Size=    5340672 bytes  Compression=   4.80     *
*............................................................................*
*Br   19 :Ed_LV_THICK001 : Double_t Edep                                     *
*Entries :   975873 : Total  Size=   11725855 bytes  File Size  =    2447179 *
*Baskets :      138 : Basket Size=    5340672 bytes  Compression=   4.79     *
*............................................................................*
*Br   20 :Ed_LV_THICK005 : Double_t Edep                                     *
*Entries :   975873 : Total  Size=   11725855 bytes  File Size  =    2501660 *
*Baskets :      138 : Basket Size=    5340672 bytes  Compression=   4.69     *
*............................................................................*
*Br   21 :Ed_LV_THICK002 : Double_t Edep                                     *
*Entries :   975873 : Total  Size=   11725855 bytes  File Size  =    2450707 *
*Baskets :      138 : Basket Size=    5340672 bytes  Compression=   4.78     *
*............................................................................*
*Br   22 :Ed_LV_THICK006 : Double_t Edep                                     *
*Entries :   975873 : Total  Size=   11725855 bytes  File Size  =    2450787 *
*Baskets :      138 : Basket Size=    5340672 bytes  Compression=   4.78     *
*............................................................................*
*Br   23 :Ed_LV_THICK003 : Double_t Edep                                     *
*Entries :   975873 : Total  Size=   11725855 bytes  File Size  =    2449137 *
*Baskets :      138 : Basket Size=    5340672 bytes  Compression=   4.79     *
*............................................................................*
*Br   24 :Ed_LV_THICK : Double_t Edep                                        *
*Entries :   975873 : Total  Size=   11725432 bytes  File Size  =    2449317 *
*Baskets :      138 : Basket Size=    5340160 bytes  Compression=   4.79     *
*............................................................................*
*Br   25 :NumberID  : NumberID/I                                             *
*Entries :   975873 : Total  Size=    3915494 bytes  File Size  =     130108 *
*Baskets :      123 : Basket Size=      32000 bytes  Compression=  30.07     *
*............................................................................*
Branches Names : 
############################
0 NumberID
1 RandEnergy
2 RandNumber
3 Xgen
4 Ygen
5 Zgen
6 pDirX
7 pDirY
8 pDirZ
9 Ed_Veto0
10 Ed_Veto1
11 Ed_DrilledVeto
12 Ed_BottomVeto
13 Thin_0_ID0
14 Thin_1_ID1
15 Thin_2_ID2
16 Thin_3_ID3
17 Thin_4_ID4
18 Thin_5_ID5
19 Thin_6_ID6
20 Thick_0_ID0
21 Thick_1_ID1
22 Thick_2_ID2
23 Thick_3_ID3
24 Thick_4_ID4
25 Thick_5_ID5
26 Thick_6_ID6
Setting alias in File 0 : pELECTRON_08032023_t0.root
Defining total energy in File 0 : pELECTRON_08032023_t0.root
i= 0 CopyNumber= 1
i= 1 CopyNumber= 2
i= 2 CopyNumber= 3
i= 3 CopyNumber= 4
i= 4 CopyNumber= 5
i= 5 CopyNumber= 6
i= 6 CopyNumber= 7
Setting alias in File 1 : pPROTON_08032023_t0.root
Defining total energy in File 1 : pPROTON_08032023_t0.root
i= 0 CopyNumber= 1
i= 1 CopyNumber= 2
i= 2 CopyNumber= 3
i= 3 CopyNumber= 4
i= 4 CopyNumber= 5
i= 5 CopyNumber= 6
i= 6 CopyNumber= 7
Setting alias in File 2 : pALPHA_08032023_t0.root
Defining total energy in File 2 : pALPHA_08032023_t0.root
i= 0 CopyNumber= 1
i= 1 CopyNumber= 2
i= 2 CopyNumber= 3
i= 3 CopyNumber= 4
i= 4 CopyNumber= 5
i= 5 CopyNumber= 6
i= 6 CopyNumber= 7
Defining good events for pairThin_0_ID0 & Thick_0_ID0
ConditionPairSilicon[0] = ((Thin_0_ID0 > 0.01) && (Thick_0_ID0 > 0.03))
Defining good events for pairThin_1_ID1 & Thick_1_ID1
ConditionPairSilicon[1] = ((Thin_1_ID1 > 0.01) && (Thick_1_ID1 > 0.03))
Defining good events for pairThin_2_ID2 & Thick_2_ID2
ConditionPairSilicon[2] = ((Thin_2_ID2 > 0.01) && (Thick_2_ID2 > 0.03))
Defining good events for pairThin_3_ID3 & Thick_3_ID3
ConditionPairSilicon[3] = ((Thin_3_ID3 > 0.01) && (Thick_3_ID3 > 0.03))
Defining good events for pairThin_4_ID4 & Thick_4_ID4
ConditionPairSilicon[4] = ((Thin_4_ID4 > 0.01) && (Thick_4_ID4 > 0.03))
Defining good events for pairThin_5_ID5 & Thick_5_ID5
ConditionPairSilicon[5] = ((Thin_5_ID5 > 0.01) && (Thick_5_ID5 > 0.03))
Defining good events for pairThin_6_ID6 & Thick_6_ID6
ConditionPairSilicon[6] = ((Thin_6_ID6 > 0.01) && (Thick_6_ID6 > 0.03))
Defining good events for pairThin_0_ID0 & Thick_0_ID0
Defining good events for pairThin_1_ID1 & Thick_1_ID1
Defining good events for pairThin_2_ID2 & Thick_2_ID2
Defining good events for pairThin_3_ID3 & Thick_3_ID3
Defining good events for pairThin_4_ID4 & Thick_4_ID4
Defining good events for pairThin_5_ID5 & Thick_5_ID5
Defining good events for pairThin_6_ID6 & Thick_6_ID6
(NumberID == 0)
(NumberID == 0) || (NumberID == 1)
(NumberID == 0) || (NumberID == 1) || (NumberID == 2)
(NumberID == 0) || (NumberID == 1) || (NumberID == 2) || (NumberID == 3)
(NumberID == 0) || (NumberID == 1) || (NumberID == 2) || (NumberID == 3) || (NumberID == 4)
(NumberID == 0) || (NumberID == 1) || (NumberID == 2) || (NumberID == 3) || (NumberID == 4) || (NumberID == 5)
(NumberID == 0) || (NumberID == 1) || (NumberID == 2) || (NumberID == 3) || (NumberID == 4) || (NumberID == 5) || (NumberID == 6)
Particle 0
Copy No 	 Std X 	 Std Y 	 # Events 
0 	46.3333 	42.0683 104
1 	45.9478 	43.0944 108
2 	45.5869 	43.4564 88
3 	42.6317 	40.2368 158
4 	42.2822 	44.4055 141
5 	42.7877 	43.3269 1450
6 	40.2074 	42.7899 98
Particle 1
Copy No 	 Std X 	 Std Y 	 # Events 
0 	47.2625 	40.043 52
1 	43.5138 	46.9739 65
2 	42.8758 	41.5713 83
3 	44.0451 	44.1527 150
4 	44.5547 	45.0306 142
5 	43.8958 	42.5332 934
6 	42.2614 	39.0096 59
Particle 2
Copy No 	 Std X 	 Std Y 	 # Events 
0 	40.6693 	42.9428 77
1 	41.8385 	40.3155 63
2 	40.7745 	40.6752 97
3 	43.3161 	42.3994 129
4 	40.3321 	43.8137 152
5 	42.0387 	44.0658 1151
6 	41.042 	45.5776 95
ERROR in TPDF::Open: Cannot open file:../docs/assets/images/AnglesProtonsAlpha.pdf
ERROR in TSVG::Open: Cannot open file:../docs/assets/images/AnglesProtonsAlpha.svg
TFile**		../ROOT/Tree2.root	
 TFile*		../ROOT/Tree2.root	
  OBJ: TTree	Proj_2	Proj_2 : 0 at: 0x55bad0c35c90
  KEY: TTree	Proj_2;2	Proj_2 [current cycle]
  KEY: TTree	Proj_2;1	Proj_2 [backup cycle]
TFile**		../ROOT/Tree2.root	
 TFile*		../ROOT/Tree2.root	
  OBJ: TTree	Proj_2	Proj_2 : 0 at: 0x55bad0c35c90
  KEY: TTree	Proj_2;2	Proj_2 [current cycle]
  KEY: TTree	Proj_2;1	Proj_2 [backup cycle]
