000 (8349.000.000) 2023-08-20 23:26:38 Job submitted from host: <90.147.8.111:9618?addrs=90.147.8.111-9618&alias=ams&noUDP&sock=schedd_3306931_2f8d>
...
040 (8349.000.000) 2023-08-20 23:26:53 Started transferring input files
	Transferring to host: <192.168.100.3:9618?addrs=192.168.100.3-9618&alias=node03&noUDP&sock=slot36_56810_88bf_3087>
...
040 (8349.000.000) 2023-08-20 23:26:53 Finished transferring input files
...
001 (8349.000.000) 2023-08-20 23:26:55 Job executing on host: <192.168.100.3:9618?addrs=192.168.100.3-9618&alias=node03&noUDP&sock=startd_56773_2261>
	SlotName: slot36@node03
...
006 (8349.000.000) 2023-08-20 23:27:04 Image size of job updated: 340212
	22  -  MemoryUsage of job (MB)
	21604  -  ResidentSetSize of job (KB)
...
006 (8349.000.000) 2023-08-20 23:32:04 Image size of job updated: 463820
	70  -  MemoryUsage of job (MB)
	71676  -  ResidentSetSize of job (KB)
...
006 (8349.000.000) 2023-08-20 23:37:05 Image size of job updated: 463820
	71  -  MemoryUsage of job (MB)
	71928  -  ResidentSetSize of job (KB)
...
006 (8349.000.000) 2023-08-20 23:42:05 Image size of job updated: 463820
	71  -  MemoryUsage of job (MB)
	71932  -  ResidentSetSize of job (KB)
...
006 (8349.000.000) 2023-08-20 23:47:05 Image size of job updated: 463820
	71  -  MemoryUsage of job (MB)
	72344  -  ResidentSetSize of job (KB)
...
006 (8349.000.000) 2023-08-20 23:52:05 Image size of job updated: 463820
	72  -  MemoryUsage of job (MB)
	72892  -  ResidentSetSize of job (KB)
...
005 (8349.000.000) 2023-08-20 23:54:55 Job terminated.
	(1) Normal termination (return value 0)
		Usr 0 00:27:39, Sys 0 00:00:05  -  Run Remote Usage
		Usr 0 00:00:00, Sys 0 00:00:00  -  Run Local Usage
		Usr 0 00:27:39, Sys 0 00:00:05  -  Total Remote Usage
		Usr 0 00:00:00, Sys 0 00:00:00  -  Total Local Usage
	0  -  Run Bytes Sent By Job
	458  -  Run Bytes Received By Job
	0  -  Total Bytes Sent By Job
	458  -  Total Bytes Received By Job
	Partitionable Resources :    Usage  Request Allocated 
	   Cpus                 :     1.00        1         1 
	   Disk (KB)            :    22           1   4077838 
	   Memory (MB)          :    72           1      2000 

	Job terminated of its own accord at 2023-08-20T21:54:55Z with exit-code 0.
...
