000 (8359.000.000) 2023-08-20 23:26:38 Job submitted from host: <90.147.8.111:9618?addrs=90.147.8.111-9618&alias=ams&noUDP&sock=schedd_3306931_2f8d>
...
040 (8359.000.000) 2023-08-20 23:26:54 Started transferring input files
	Transferring to host: <192.168.100.3:9618?addrs=192.168.100.3-9618&alias=node03&noUDP&sock=slot46_56810_88bf_3097>
...
040 (8359.000.000) 2023-08-20 23:26:54 Finished transferring input files
...
001 (8359.000.000) 2023-08-20 23:26:55 Job executing on host: <192.168.100.3:9618?addrs=192.168.100.3-9618&alias=node03&noUDP&sock=startd_56773_2261>
	SlotName: slot46@node03
...
006 (8359.000.000) 2023-08-20 23:27:04 Image size of job updated: 340488
	7  -  MemoryUsage of job (MB)
	6940  -  ResidentSetSize of job (KB)
...
005 (8359.000.000) 2023-08-20 23:27:07 Job terminated.
	(1) Normal termination (return value 134)
		Usr 0 00:00:00, Sys 0 00:00:00  -  Run Remote Usage
		Usr 0 00:00:00, Sys 0 00:00:00  -  Run Local Usage
		Usr 0 00:00:00, Sys 0 00:00:00  -  Total Remote Usage
		Usr 0 00:00:00, Sys 0 00:00:00  -  Total Local Usage
	0  -  Run Bytes Sent By Job
	475  -  Run Bytes Received By Job
	0  -  Total Bytes Sent By Job
	475  -  Total Bytes Received By Job
	Partitionable Resources :    Usage  Request Allocated 
	   Cpus                 :                 1         1 
	   Disk (KB)            :       17        1   4077838 
	   Memory (MB)          :        7        1      2000 

	Job terminated of its own accord at 2023-08-20T21:27:07Z with exit-code 134.
...
