000 (8319.000.000) 2023-08-20 23:26:36 Job submitted from host: <90.147.8.111:9618?addrs=90.147.8.111-9618&alias=ams&noUDP&sock=schedd_3306931_2f8d>
...
040 (8319.000.000) 2023-08-20 23:26:52 Started transferring input files
	Transferring to host: <192.168.100.3:9618?addrs=192.168.100.3-9618&alias=node03&noUDP&sock=slot6_56810_88bf_3066>
...
040 (8319.000.000) 2023-08-20 23:26:52 Finished transferring input files
...
001 (8319.000.000) 2023-08-20 23:26:55 Job executing on host: <192.168.100.3:9618?addrs=192.168.100.3-9618&alias=node03&noUDP&sock=startd_56773_2261>
	SlotName: slot6@node03
...
006 (8319.000.000) 2023-08-20 23:27:04 Image size of job updated: 421212
	61  -  MemoryUsage of job (MB)
	61584  -  ResidentSetSize of job (KB)
...
006 (8319.000.000) 2023-08-20 23:32:04 Image size of job updated: 463444
	70  -  MemoryUsage of job (MB)
	71304  -  ResidentSetSize of job (KB)
...
006 (8319.000.000) 2023-08-20 23:37:05 Image size of job updated: 463444
	70  -  MemoryUsage of job (MB)
	71536  -  ResidentSetSize of job (KB)
...
006 (8319.000.000) 2023-08-20 23:42:05 Image size of job updated: 463444
	70  -  MemoryUsage of job (MB)
	71656  -  ResidentSetSize of job (KB)
...
006 (8319.000.000) 2023-08-20 23:47:06 Image size of job updated: 463444
	71  -  MemoryUsage of job (MB)
	72004  -  ResidentSetSize of job (KB)
...
006 (8319.000.000) 2023-08-20 23:52:06 Image size of job updated: 463444
	72  -  MemoryUsage of job (MB)
	72776  -  ResidentSetSize of job (KB)
...
006 (8319.000.000) 2023-08-20 23:57:06 Image size of job updated: 463444
	72  -  MemoryUsage of job (MB)
	73592  -  ResidentSetSize of job (KB)
...
005 (8319.000.000) 2023-08-20 23:58:37 Job terminated.
	(1) Normal termination (return value 0)
		Usr 0 00:31:32, Sys 0 00:00:01  -  Run Remote Usage
		Usr 0 00:00:00, Sys 0 00:00:00  -  Run Local Usage
		Usr 0 00:31:32, Sys 0 00:00:01  -  Total Remote Usage
		Usr 0 00:00:00, Sys 0 00:00:00  -  Total Local Usage
	0  -  Run Bytes Sent By Job
	473  -  Run Bytes Received By Job
	0  -  Total Bytes Sent By Job
	473  -  Total Bytes Received By Job
	Partitionable Resources :    Usage  Request Allocated 
	   Cpus                 :     1.00        1         1 
	   Disk (KB)            :    22           1   4077838 
	   Memory (MB)          :    72           1      2000 

	Job terminated of its own accord at 2023-08-20T21:58:37Z with exit-code 0.
...
