000 (8344.000.000) 2023-08-20 23:26:38 Job submitted from host: <90.147.8.111:9618?addrs=90.147.8.111-9618&alias=ams&noUDP&sock=schedd_3306931_2f8d>
...
040 (8344.000.000) 2023-08-20 23:26:53 Started transferring input files
	Transferring to host: <192.168.100.3:9618?addrs=192.168.100.3-9618&alias=node03&noUDP&sock=slot31_56810_88bf_3082>
...
040 (8344.000.000) 2023-08-20 23:26:53 Finished transferring input files
...
001 (8344.000.000) 2023-08-20 23:26:55 Job executing on host: <192.168.100.3:9618?addrs=192.168.100.3-9618&alias=node03&noUDP&sock=startd_56773_2261>
	SlotName: slot31@node03
...
006 (8344.000.000) 2023-08-20 23:27:04 Image size of job updated: 339944
	8  -  MemoryUsage of job (MB)
	7500  -  ResidentSetSize of job (KB)
...
006 (8344.000.000) 2023-08-20 23:32:04 Image size of job updated: 465848
	73  -  MemoryUsage of job (MB)
	74128  -  ResidentSetSize of job (KB)
...
006 (8344.000.000) 2023-08-20 23:37:04 Image size of job updated: 465848
	73  -  MemoryUsage of job (MB)
	74292  -  ResidentSetSize of job (KB)
...
006 (8344.000.000) 2023-08-20 23:42:05 Image size of job updated: 465848
	73  -  MemoryUsage of job (MB)
	74464  -  ResidentSetSize of job (KB)
...
006 (8344.000.000) 2023-08-20 23:47:06 Image size of job updated: 465848
	74  -  MemoryUsage of job (MB)
	74900  -  ResidentSetSize of job (KB)
...
006 (8344.000.000) 2023-08-20 23:57:07 Image size of job updated: 465848
	74  -  MemoryUsage of job (MB)
	74908  -  ResidentSetSize of job (KB)
...
006 (8344.000.000) 2023-08-21 00:02:07 Image size of job updated: 465848
	75  -  MemoryUsage of job (MB)
	75976  -  ResidentSetSize of job (KB)
...
005 (8344.000.000) 2023-08-21 00:04:59 Job terminated.
	(1) Normal termination (return value 0)
		Usr 0 00:37:45, Sys 0 00:00:01  -  Run Remote Usage
		Usr 0 00:00:00, Sys 0 00:00:00  -  Run Local Usage
		Usr 0 00:37:45, Sys 0 00:00:01  -  Total Remote Usage
		Usr 0 00:00:00, Sys 0 00:00:00  -  Total Local Usage
	0  -  Run Bytes Sent By Job
	490  -  Run Bytes Received By Job
	0  -  Total Bytes Sent By Job
	490  -  Total Bytes Received By Job
	Partitionable Resources :    Usage  Request Allocated 
	   Cpus                 :     1.00        1         1 
	   Disk (KB)            :    22           1   4077838 
	   Memory (MB)          :    75           1      2000 

	Job terminated of its own accord at 2023-08-20T22:04:59Z with exit-code 0.
...
