000 (8318.000.000) 2023-08-20 23:26:36 Job submitted from host: <90.147.8.111:9618?addrs=90.147.8.111-9618&alias=ams&noUDP&sock=schedd_3306931_2f8d>
...
040 (8318.000.000) 2023-08-20 23:26:52 Started transferring input files
	Transferring to host: <192.168.100.3:9618?addrs=192.168.100.3-9618&alias=node03&noUDP&sock=slot5_56810_88bf_3064>
...
040 (8318.000.000) 2023-08-20 23:26:52 Finished transferring input files
...
001 (8318.000.000) 2023-08-20 23:26:55 Job executing on host: <192.168.100.3:9618?addrs=192.168.100.3-9618&alias=node03&noUDP&sock=startd_56773_2261>
	SlotName: slot5@node03
...
006 (8318.000.000) 2023-08-20 23:27:04 Image size of job updated: 443888
	61  -  MemoryUsage of job (MB)
	62452  -  ResidentSetSize of job (KB)
...
006 (8318.000.000) 2023-08-20 23:32:05 Image size of job updated: 463816
	70  -  MemoryUsage of job (MB)
	71660  -  ResidentSetSize of job (KB)
...
006 (8318.000.000) 2023-08-20 23:37:05 Image size of job updated: 463816
	71  -  MemoryUsage of job (MB)
	71896  -  ResidentSetSize of job (KB)
...
006 (8318.000.000) 2023-08-20 23:42:06 Image size of job updated: 463816
	71  -  MemoryUsage of job (MB)
	71932  -  ResidentSetSize of job (KB)
...
006 (8318.000.000) 2023-08-20 23:47:06 Image size of job updated: 463816
	71  -  MemoryUsage of job (MB)
	72552  -  ResidentSetSize of job (KB)
...
006 (8318.000.000) 2023-08-20 23:52:06 Image size of job updated: 463816
	72  -  MemoryUsage of job (MB)
	73036  -  ResidentSetSize of job (KB)
...
005 (8318.000.000) 2023-08-20 23:55:13 Job terminated.
	(1) Normal termination (return value 0)
		Usr 0 00:28:09, Sys 0 00:00:01  -  Run Remote Usage
		Usr 0 00:00:00, Sys 0 00:00:00  -  Run Local Usage
		Usr 0 00:28:09, Sys 0 00:00:01  -  Total Remote Usage
		Usr 0 00:00:00, Sys 0 00:00:00  -  Total Local Usage
	0  -  Run Bytes Sent By Job
	458  -  Run Bytes Received By Job
	0  -  Total Bytes Sent By Job
	458  -  Total Bytes Received By Job
	Partitionable Resources :    Usage  Request Allocated 
	   Cpus                 :     1.00        1         1 
	   Disk (KB)            :    22           1   4077838 
	   Memory (MB)          :    72           1      2000 

	Job terminated of its own accord at 2023-08-20T21:55:13Z with exit-code 0.
...
