000 (8370.000.000) 2023-08-20 23:26:39 Job submitted from host: <90.147.8.111:9618?addrs=90.147.8.111-9618&alias=ams&noUDP&sock=schedd_3306931_2f8d>
...
040 (8370.000.000) 2023-08-20 23:26:52 Started transferring input files
	Transferring to host: <192.168.100.101:9618?addrs=192.168.100.101-9618&alias=node02&noUDP&sock=slot9_102123_a452_2933>
...
040 (8370.000.000) 2023-08-20 23:26:52 Finished transferring input files
...
001 (8370.000.000) 2023-08-20 23:26:53 Job executing on host: <192.168.100.101:9618?addrs=192.168.100.101-9618&alias=node02&noUDP&sock=startd_102084_b624>
	SlotName: slot9@node02
	CondorScratchDir = "/home/spool/lib/condor/execute/dir_75887"
	Cpus = 1
	Disk = 1873362
	Memory = 2006
...
006 (8370.000.000) 2023-08-20 23:27:02 Image size of job updated: 1
	0  -  MemoryUsage of job (MB)
	0  -  ResidentSetSize of job (KB)
...
006 (8370.000.000) 2023-08-20 23:32:03 Image size of job updated: 138260
	136  -  MemoryUsage of job (MB)
	138256  -  ResidentSetSize of job (KB)
...
006 (8370.000.000) 2023-08-20 23:37:03 Image size of job updated: 234320
	229  -  MemoryUsage of job (MB)
	234320  -  ResidentSetSize of job (KB)
...
006 (8370.000.000) 2023-08-20 23:42:03 Image size of job updated: 376072
	368  -  MemoryUsage of job (MB)
	376068  -  ResidentSetSize of job (KB)
...
006 (8370.000.000) 2023-08-20 23:45:00 Image size of job updated: 457752
	376  -  MemoryUsage of job (MB)
	385008  -  ResidentSetSize of job (KB)
...
005 (8370.000.000) 2023-08-20 23:45:00 Job terminated.
	(1) Normal termination (return value 0)
		Usr 0 00:00:00, Sys 0 00:00:00  -  Run Remote Usage
		Usr 0 00:00:00, Sys 0 00:00:00  -  Run Local Usage
		Usr 0 00:00:00, Sys 0 00:00:00  -  Total Remote Usage
		Usr 0 00:00:00, Sys 0 00:00:00  -  Total Local Usage
	0  -  Run Bytes Sent By Job
	475  -  Run Bytes Received By Job
	0  -  Total Bytes Sent By Job
	475  -  Total Bytes Received By Job
	Partitionable Resources :    Usage  Request Allocated 
	   Cpus                 :     1.00        1         1 
	   Disk (KB)            :    22           1   1873362 
	   Memory (MB)          :   376           1      2006 

	Job terminated of its own accord at 2023-08-20T21:45:00Z with exit-code 0.
...
