000 (8366.000.000) 2023-08-20 23:26:39 Job submitted from host: <90.147.8.111:9618?addrs=90.147.8.111-9618&alias=ams&noUDP&sock=schedd_3306931_2f8d>
...
040 (8366.000.000) 2023-08-20 23:26:51 Started transferring input files
	Transferring to host: <192.168.100.101:9618?addrs=192.168.100.101-9618&alias=node02&noUDP&sock=slot5_102123_a452_2926>
...
040 (8366.000.000) 2023-08-20 23:26:51 Finished transferring input files
...
001 (8366.000.000) 2023-08-20 23:26:53 Job executing on host: <192.168.100.101:9618?addrs=192.168.100.101-9618&alias=node02&noUDP&sock=startd_102084_b624>
	SlotName: slot5@node02
	CondorScratchDir = "/home/spool/lib/condor/execute/dir_75873"
	Cpus = 1
	Disk = 1873362
	Memory = 2006
...
006 (8366.000.000) 2023-08-20 23:27:02 Image size of job updated: 1
	0  -  MemoryUsage of job (MB)
	0  -  ResidentSetSize of job (KB)
...
006 (8366.000.000) 2023-08-20 23:32:03 Image size of job updated: 166308
	163  -  MemoryUsage of job (MB)
	166308  -  ResidentSetSize of job (KB)
...
006 (8366.000.000) 2023-08-20 23:37:03 Image size of job updated: 287176
	281  -  MemoryUsage of job (MB)
	287176  -  ResidentSetSize of job (KB)
...
006 (8366.000.000) 2023-08-20 23:42:03 Image size of job updated: 421004
	412  -  MemoryUsage of job (MB)
	421000  -  ResidentSetSize of job (KB)
...
006 (8366.000.000) 2023-08-20 23:46:26 Image size of job updated: 535924
	452  -  MemoryUsage of job (MB)
	462292  -  ResidentSetSize of job (KB)
...
005 (8366.000.000) 2023-08-20 23:46:26 Job terminated.
	(1) Normal termination (return value 0)
		Usr 0 00:00:00, Sys 0 00:00:00  -  Run Remote Usage
		Usr 0 00:00:00, Sys 0 00:00:00  -  Run Local Usage
		Usr 0 00:00:00, Sys 0 00:00:00  -  Total Remote Usage
		Usr 0 00:00:00, Sys 0 00:00:00  -  Total Local Usage
	0  -  Run Bytes Sent By Job
	473  -  Run Bytes Received By Job
	0  -  Total Bytes Sent By Job
	473  -  Total Bytes Received By Job
	Partitionable Resources :    Usage  Request Allocated 
	   Cpus                 :     0.99        1         1 
	   Disk (KB)            :    22           1   1873362 
	   Memory (MB)          :   452           1      2006 

	Job terminated of its own accord at 2023-08-20T21:46:26Z with exit-code 0.
...
