000 (8320.000.000) 2023-08-20 23:26:36 Job submitted from host: <90.147.8.111:9618?addrs=90.147.8.111-9618&alias=ams&noUDP&sock=schedd_3306931_2f8d>
...
040 (8320.000.000) 2023-08-20 23:26:52 Started transferring input files
	Transferring to host: <192.168.100.3:9618?addrs=192.168.100.3-9618&alias=node03&noUDP&sock=slot7_56810_88bf_3065>
...
040 (8320.000.000) 2023-08-20 23:26:52 Finished transferring input files
...
001 (8320.000.000) 2023-08-20 23:26:55 Job executing on host: <192.168.100.3:9618?addrs=192.168.100.3-9618&alias=node03&noUDP&sock=startd_56773_2261>
	SlotName: slot7@node03
...
006 (8320.000.000) 2023-08-20 23:27:04 Image size of job updated: 341284
	90  -  MemoryUsage of job (MB)
	91876  -  ResidentSetSize of job (KB)
...
006 (8320.000.000) 2023-08-20 23:32:04 Image size of job updated: 466272
	90  -  MemoryUsage of job (MB)
	91904  -  ResidentSetSize of job (KB)
...
005 (8320.000.000) 2023-08-20 23:57:12 Job terminated.
	(1) Normal termination (return value 0)
		Usr 0 00:29:57, Sys 0 00:00:05  -  Run Remote Usage
		Usr 0 00:00:00, Sys 0 00:00:00  -  Run Local Usage
		Usr 0 00:29:57, Sys 0 00:00:05  -  Total Remote Usage
		Usr 0 00:00:00, Sys 0 00:00:00  -  Total Local Usage
	0  -  Run Bytes Sent By Job
	475  -  Run Bytes Received By Job
	0  -  Total Bytes Sent By Job
	475  -  Total Bytes Received By Job
	Partitionable Resources :    Usage  Request Allocated 
	   Cpus                 :     1.00        1         1 
	   Disk (KB)            :    22           1   4077838 
	   Memory (MB)          :    90           1      2000 

	Job terminated of its own accord at 2023-08-20T21:57:12Z with exit-code 0.
...
