000 (8347.000.000) 2023-08-20 23:26:38 Job submitted from host: <90.147.8.111:9618?addrs=90.147.8.111-9618&alias=ams&noUDP&sock=schedd_3306931_2f8d>
...
040 (8347.000.000) 2023-08-20 23:26:53 Started transferring input files
	Transferring to host: <192.168.100.3:9618?addrs=192.168.100.3-9618&alias=node03&noUDP&sock=slot34_56810_88bf_3085>
...
040 (8347.000.000) 2023-08-20 23:26:53 Finished transferring input files
...
001 (8347.000.000) 2023-08-20 23:26:55 Job executing on host: <192.168.100.3:9618?addrs=192.168.100.3-9618&alias=node03&noUDP&sock=startd_56773_2261>
	SlotName: slot34@node03
...
006 (8347.000.000) 2023-08-20 23:27:04 Image size of job updated: 340488
	74  -  MemoryUsage of job (MB)
	74960  -  ResidentSetSize of job (KB)
...
006 (8347.000.000) 2023-08-20 23:32:04 Image size of job updated: 463816
	74  -  MemoryUsage of job (MB)
	75008  -  ResidentSetSize of job (KB)
...
005 (8347.000.000) 2023-08-20 23:55:27 Job terminated.
	(1) Normal termination (return value 0)
		Usr 0 00:28:17, Sys 0 00:00:01  -  Run Remote Usage
		Usr 0 00:00:00, Sys 0 00:00:00  -  Run Local Usage
		Usr 0 00:28:17, Sys 0 00:00:01  -  Total Remote Usage
		Usr 0 00:00:00, Sys 0 00:00:00  -  Total Local Usage
	0  -  Run Bytes Sent By Job
	458  -  Run Bytes Received By Job
	0  -  Total Bytes Sent By Job
	458  -  Total Bytes Received By Job
	Partitionable Resources :    Usage  Request Allocated 
	   Cpus                 :     1.00        1         1 
	   Disk (KB)            :    22           1   4077838 
	   Memory (MB)          :    74           1      2000 

	Job terminated of its own accord at 2023-08-20T21:55:27Z with exit-code 0.
...
