000 (8364.000.000) 2023-08-20 23:26:39 Job submitted from host: <90.147.8.111:9618?addrs=90.147.8.111-9618&alias=ams&noUDP&sock=schedd_3306931_2f8d>
...
040 (8364.000.000) 2023-08-20 23:26:51 Started transferring input files
	Transferring to host: <192.168.100.101:9618?addrs=192.168.100.101-9618&alias=node02&noUDP&sock=slot3_102123_a452_2924>
...
040 (8364.000.000) 2023-08-20 23:26:51 Finished transferring input files
...
001 (8364.000.000) 2023-08-20 23:26:53 Job executing on host: <192.168.100.101:9618?addrs=192.168.100.101-9618&alias=node02&noUDP&sock=startd_102084_b624>
	SlotName: slot3@node02
	CondorScratchDir = "/home/spool/lib/condor/execute/dir_75869"
	Cpus = 1
	Disk = 1873362
	Memory = 2006
...
006 (8364.000.000) 2023-08-20 23:27:01 Image size of job updated: 1
	0  -  MemoryUsage of job (MB)
	0  -  ResidentSetSize of job (KB)
...
006 (8364.000.000) 2023-08-20 23:32:01 Image size of job updated: 144776
	142  -  MemoryUsage of job (MB)
	144776  -  ResidentSetSize of job (KB)
...
006 (8364.000.000) 2023-08-20 23:37:01 Image size of job updated: 240200
	235  -  MemoryUsage of job (MB)
	240200  -  ResidentSetSize of job (KB)
...
006 (8364.000.000) 2023-08-20 23:42:01 Image size of job updated: 379748
	371  -  MemoryUsage of job (MB)
	379664  -  ResidentSetSize of job (KB)
...
006 (8364.000.000) 2023-08-20 23:45:04 Image size of job updated: 463828
	383  -  MemoryUsage of job (MB)
	391236  -  ResidentSetSize of job (KB)
...
005 (8364.000.000) 2023-08-20 23:45:04 Job terminated.
	(1) Normal termination (return value 0)
		Usr 0 00:00:00, Sys 0 00:00:00  -  Run Remote Usage
		Usr 0 00:00:00, Sys 0 00:00:00  -  Run Local Usage
		Usr 0 00:00:00, Sys 0 00:00:00  -  Total Remote Usage
		Usr 0 00:00:00, Sys 0 00:00:00  -  Total Local Usage
	0  -  Run Bytes Sent By Job
	475  -  Run Bytes Received By Job
	0  -  Total Bytes Sent By Job
	475  -  Total Bytes Received By Job
	Partitionable Resources :    Usage  Request Allocated 
	   Cpus                 :     1.00        1         1 
	   Disk (KB)            :    22           1   1873362 
	   Memory (MB)          :   383           1      2006 

	Job terminated of its own accord at 2023-08-20T21:45:04Z with exit-code 0.
...
