000 (8362.000.000) 2023-08-20 23:26:39 Job submitted from host: <90.147.8.111:9618?addrs=90.147.8.111-9618&alias=ams&noUDP&sock=schedd_3306931_2f8d>
...
040 (8362.000.000) 2023-08-20 23:26:51 Started transferring input files
	Transferring to host: <192.168.100.101:9618?addrs=192.168.100.101-9618&alias=node02&noUDP&sock=slot1_102123_a452_2921>
...
040 (8362.000.000) 2023-08-20 23:26:51 Finished transferring input files
...
001 (8362.000.000) 2023-08-20 23:26:53 Job executing on host: <192.168.100.101:9618?addrs=192.168.100.101-9618&alias=node02&noUDP&sock=startd_102084_b624>
	SlotName: slot1@node02
	CondorScratchDir = "/home/spool/lib/condor/execute/dir_75864"
	Cpus = 1
	Disk = 1873362
	Memory = 2006
...
006 (8362.000.000) 2023-08-20 23:27:01 Image size of job updated: 1
	0  -  MemoryUsage of job (MB)
	0  -  ResidentSetSize of job (KB)
...
006 (8362.000.000) 2023-08-20 23:32:01 Image size of job updated: 144588
	142  -  MemoryUsage of job (MB)
	144588  -  ResidentSetSize of job (KB)
...
006 (8362.000.000) 2023-08-20 23:37:02 Image size of job updated: 233216
	228  -  MemoryUsage of job (MB)
	233216  -  ResidentSetSize of job (KB)
...
006 (8362.000.000) 2023-08-20 23:42:02 Image size of job updated: 339356
	332  -  MemoryUsage of job (MB)
	339356  -  ResidentSetSize of job (KB)
...
006 (8362.000.000) 2023-08-20 23:47:02 Image size of job updated: 447796
	438  -  MemoryUsage of job (MB)
	447792  -  ResidentSetSize of job (KB)
...
006 (8362.000.000) 2023-08-20 23:52:02 Image size of job updated: 546800
	534  -  MemoryUsage of job (MB)
	546796  -  ResidentSetSize of job (KB)
...
006 (8362.000.000) 2023-08-20 23:53:26 Image size of job updated: 577120
	534  -  MemoryUsage of job (MB)
	546796  -  ResidentSetSize of job (KB)
...
005 (8362.000.000) 2023-08-20 23:53:26 Job terminated.
	(1) Normal termination (return value 0)
		Usr 0 00:00:00, Sys 0 00:00:00  -  Run Remote Usage
		Usr 0 00:00:00, Sys 0 00:00:00  -  Run Local Usage
		Usr 0 00:00:00, Sys 0 00:00:00  -  Total Remote Usage
		Usr 0 00:00:00, Sys 0 00:00:00  -  Total Local Usage
	0  -  Run Bytes Sent By Job
	490  -  Run Bytes Received By Job
	0  -  Total Bytes Sent By Job
	490  -  Total Bytes Received By Job
	Partitionable Resources :    Usage  Request Allocated 
	   Cpus                 :     1.00        1         1 
	   Disk (KB)            :    22           1   1873362 
	   Memory (MB)          :   534           1      2006 

	Job terminated of its own accord at 2023-08-20T21:53:26Z with exit-code 0.
...
