000 (8375.000.000) 2023-08-20 23:26:39 Job submitted from host: <90.147.8.111:9618?addrs=90.147.8.111-9618&alias=ams&noUDP&sock=schedd_3306931_2f8d>
...
040 (8375.000.000) 2023-08-20 23:26:51 Started transferring input files
	Transferring to host: <192.168.100.101:9618?addrs=192.168.100.101-9618&alias=node02&noUDP&sock=slot14_102123_a452_2922>
...
040 (8375.000.000) 2023-08-20 23:26:51 Finished transferring input files
...
001 (8375.000.000) 2023-08-20 23:26:53 Job executing on host: <192.168.100.101:9618?addrs=192.168.100.101-9618&alias=node02&noUDP&sock=startd_102084_b624>
	SlotName: slot14@node02
	CondorScratchDir = "/home/spool/lib/condor/execute/dir_75865"
	Cpus = 1
	Disk = 1873362
	Memory = 2006
...
006 (8375.000.000) 2023-08-20 23:27:01 Image size of job updated: 1
	0  -  MemoryUsage of job (MB)
	0  -  ResidentSetSize of job (KB)
...
006 (8375.000.000) 2023-08-20 23:32:01 Image size of job updated: 176360
	173  -  MemoryUsage of job (MB)
	176360  -  ResidentSetSize of job (KB)
...
006 (8375.000.000) 2023-08-20 23:37:01 Image size of job updated: 265764
	260  -  MemoryUsage of job (MB)
	265760  -  ResidentSetSize of job (KB)
...
006 (8375.000.000) 2023-08-20 23:42:01 Image size of job updated: 370576
	362  -  MemoryUsage of job (MB)
	370576  -  ResidentSetSize of job (KB)
...
006 (8375.000.000) 2023-08-20 23:47:01 Image size of job updated: 478716
	468  -  MemoryUsage of job (MB)
	478716  -  ResidentSetSize of job (KB)
...
006 (8375.000.000) 2023-08-20 23:52:01 Image size of job updated: 589888
	577  -  MemoryUsage of job (MB)
	589888  -  ResidentSetSize of job (KB)
...
006 (8375.000.000) 2023-08-20 23:52:48 Image size of job updated: 609168
	577  -  MemoryUsage of job (MB)
	589888  -  ResidentSetSize of job (KB)
...
005 (8375.000.000) 2023-08-20 23:52:48 Job terminated.
	(1) Normal termination (return value 0)
		Usr 0 00:00:00, Sys 0 00:00:00  -  Run Remote Usage
		Usr 0 00:00:00, Sys 0 00:00:00  -  Run Local Usage
		Usr 0 00:00:00, Sys 0 00:00:00  -  Total Remote Usage
		Usr 0 00:00:00, Sys 0 00:00:00  -  Total Local Usage
	0  -  Run Bytes Sent By Job
	490  -  Run Bytes Received By Job
	0  -  Total Bytes Sent By Job
	490  -  Total Bytes Received By Job
	Partitionable Resources :    Usage  Request Allocated 
	   Cpus                 :     1.00        1         1 
	   Disk (KB)            :    22           1   1873362 
	   Memory (MB)          :   577           1      2006 

	Job terminated of its own accord at 2023-08-20T21:52:48Z with exit-code 0.
...
