000 (8363.000.000) 2023-08-20 23:26:39 Job submitted from host: <90.147.8.111:9618?addrs=90.147.8.111-9618&alias=ams&noUDP&sock=schedd_3306931_2f8d>
...
040 (8363.000.000) 2023-08-20 23:26:51 Started transferring input files
	Transferring to host: <192.168.100.101:9618?addrs=192.168.100.101-9618&alias=node02&noUDP&sock=slot2_102123_a452_2923>
...
040 (8363.000.000) 2023-08-20 23:26:51 Finished transferring input files
...
001 (8363.000.000) 2023-08-20 23:26:53 Job executing on host: <192.168.100.101:9618?addrs=192.168.100.101-9618&alias=node02&noUDP&sock=startd_102084_b624>
	SlotName: slot2@node02
	CondorScratchDir = "/home/spool/lib/condor/execute/dir_75867"
	Cpus = 1
	Disk = 1873362
	Memory = 2006
...
006 (8363.000.000) 2023-08-20 23:27:02 Image size of job updated: 1
	0  -  MemoryUsage of job (MB)
	0  -  ResidentSetSize of job (KB)
...
006 (8363.000.000) 2023-08-20 23:32:03 Image size of job updated: 149764
	147  -  MemoryUsage of job (MB)
	149764  -  ResidentSetSize of job (KB)
...
006 (8363.000.000) 2023-08-20 23:37:03 Image size of job updated: 238988
	234  -  MemoryUsage of job (MB)
	238988  -  ResidentSetSize of job (KB)
...
006 (8363.000.000) 2023-08-20 23:42:04 Image size of job updated: 344628
	337  -  MemoryUsage of job (MB)
	344628  -  ResidentSetSize of job (KB)
...
006 (8363.000.000) 2023-08-20 23:47:04 Image size of job updated: 453428
	443  -  MemoryUsage of job (MB)
	453428  -  ResidentSetSize of job (KB)
...
006 (8363.000.000) 2023-08-20 23:52:04 Image size of job updated: 564208
	551  -  MemoryUsage of job (MB)
	564208  -  ResidentSetSize of job (KB)
...
006 (8363.000.000) 2023-08-20 23:52:42 Image size of job updated: 580424
	551  -  MemoryUsage of job (MB)
	564208  -  ResidentSetSize of job (KB)
...
005 (8363.000.000) 2023-08-20 23:52:42 Job terminated.
	(1) Normal termination (return value 0)
		Usr 0 00:00:00, Sys 0 00:00:00  -  Run Remote Usage
		Usr 0 00:00:00, Sys 0 00:00:00  -  Run Local Usage
		Usr 0 00:00:00, Sys 0 00:00:00  -  Total Remote Usage
		Usr 0 00:00:00, Sys 0 00:00:00  -  Total Local Usage
	0  -  Run Bytes Sent By Job
	490  -  Run Bytes Received By Job
	0  -  Total Bytes Sent By Job
	490  -  Total Bytes Received By Job
	Partitionable Resources :    Usage  Request Allocated 
	   Cpus                 :     1.00        1         1 
	   Disk (KB)            :    22           1   1873362 
	   Memory (MB)          :   551           1      2006 

	Job terminated of its own accord at 2023-08-20T21:52:42Z with exit-code 0.
...
