000 (8358.000.000) 2023-08-20 23:26:38 Job submitted from host: <90.147.8.111:9618?addrs=90.147.8.111-9618&alias=ams&noUDP&sock=schedd_3306931_2f8d>
...
040 (8358.000.000) 2023-08-20 23:26:53 Started transferring input files
	Transferring to host: <192.168.100.3:9618?addrs=192.168.100.3-9618&alias=node03&noUDP&sock=slot45_56810_88bf_3096>
...
040 (8358.000.000) 2023-08-20 23:26:53 Finished transferring input files
...
001 (8358.000.000) 2023-08-20 23:26:55 Job executing on host: <192.168.100.3:9618?addrs=192.168.100.3-9618&alias=node03&noUDP&sock=startd_56773_2261>
	SlotName: slot45@node03
...
006 (8358.000.000) 2023-08-20 23:27:04 Image size of job updated: 340212
	7  -  MemoryUsage of job (MB)
	6932  -  ResidentSetSize of job (KB)
...
006 (8358.000.000) 2023-08-20 23:32:04 Image size of job updated: 463444
	70  -  MemoryUsage of job (MB)
	71256  -  ResidentSetSize of job (KB)
...
006 (8358.000.000) 2023-08-20 23:37:04 Image size of job updated: 463444
	70  -  MemoryUsage of job (MB)
	71516  -  ResidentSetSize of job (KB)
...
006 (8358.000.000) 2023-08-20 23:42:04 Image size of job updated: 463444
	70  -  MemoryUsage of job (MB)
	71620  -  ResidentSetSize of job (KB)
...
006 (8358.000.000) 2023-08-20 23:47:04 Image size of job updated: 463444
	71  -  MemoryUsage of job (MB)
	72008  -  ResidentSetSize of job (KB)
...
006 (8358.000.000) 2023-08-20 23:52:04 Image size of job updated: 463444
	72  -  MemoryUsage of job (MB)
	72796  -  ResidentSetSize of job (KB)
...
006 (8358.000.000) 2023-08-20 23:57:04 Image size of job updated: 463444
	72  -  MemoryUsage of job (MB)
	73320  -  ResidentSetSize of job (KB)
...
005 (8358.000.000) 2023-08-20 23:58:28 Job terminated.
	(1) Normal termination (return value 0)
		Usr 0 00:31:07, Sys 0 00:00:05  -  Run Remote Usage
		Usr 0 00:00:00, Sys 0 00:00:00  -  Run Local Usage
		Usr 0 00:31:07, Sys 0 00:00:05  -  Total Remote Usage
		Usr 0 00:00:00, Sys 0 00:00:00  -  Total Local Usage
	0  -  Run Bytes Sent By Job
	473  -  Run Bytes Received By Job
	0  -  Total Bytes Sent By Job
	473  -  Total Bytes Received By Job
	Partitionable Resources :    Usage  Request Allocated 
	   Cpus                 :     1.00        1         1 
	   Disk (KB)            :    22           1   4077838 
	   Memory (MB)          :    72           1      2000 

	Job terminated of its own accord at 2023-08-20T21:58:28Z with exit-code 0.
...
