000 (8360.000.000) 2023-08-20 23:26:38 Job submitted from host: <90.147.8.111:9618?addrs=90.147.8.111-9618&alias=ams&noUDP&sock=schedd_3306931_2f8d>
...
040 (8360.000.000) 2023-08-20 23:26:54 Started transferring input files
	Transferring to host: <192.168.100.3:9618?addrs=192.168.100.3-9618&alias=node03&noUDP&sock=slot47_56810_88bf_3098>
...
040 (8360.000.000) 2023-08-20 23:26:54 Finished transferring input files
...
001 (8360.000.000) 2023-08-20 23:26:55 Job executing on host: <192.168.100.3:9618?addrs=192.168.100.3-9618&alias=node03&noUDP&sock=startd_56773_2261>
	SlotName: slot47@node03
...
006 (8360.000.000) 2023-08-20 23:27:04 Image size of job updated: 340212
	22  -  MemoryUsage of job (MB)
	21940  -  ResidentSetSize of job (KB)
...
006 (8360.000.000) 2023-08-20 23:32:04 Image size of job updated: 463456
	70  -  MemoryUsage of job (MB)
	71256  -  ResidentSetSize of job (KB)
...
006 (8360.000.000) 2023-08-20 23:37:04 Image size of job updated: 463456
	70  -  MemoryUsage of job (MB)
	71340  -  ResidentSetSize of job (KB)
...
006 (8360.000.000) 2023-08-20 23:42:05 Image size of job updated: 463456
	71  -  MemoryUsage of job (MB)
	71692  -  ResidentSetSize of job (KB)
...
006 (8360.000.000) 2023-08-21 00:02:08 Image size of job updated: 463456
	71  -  MemoryUsage of job (MB)
	72004  -  ResidentSetSize of job (KB)
...
005 (8360.000.000) 2023-08-21 00:02:41 Job terminated.
	(1) Normal termination (return value 0)
		Usr 0 00:35:31, Sys 0 00:00:01  -  Run Remote Usage
		Usr 0 00:00:00, Sys 0 00:00:00  -  Run Local Usage
		Usr 0 00:35:31, Sys 0 00:00:01  -  Total Remote Usage
		Usr 0 00:00:00, Sys 0 00:00:00  -  Total Local Usage
	0  -  Run Bytes Sent By Job
	490  -  Run Bytes Received By Job
	0  -  Total Bytes Sent By Job
	490  -  Total Bytes Received By Job
	Partitionable Resources :    Usage  Request Allocated 
	   Cpus                 :     1.00        1         1 
	   Disk (KB)            :    22           1   4077838 
	   Memory (MB)          :    71           1      2000 

	Job terminated of its own accord at 2023-08-20T22:02:41Z with exit-code 0.
...
