000 (8365.000.000) 2023-08-20 23:26:39 Job submitted from host: <90.147.8.111:9618?addrs=90.147.8.111-9618&alias=ams&noUDP&sock=schedd_3306931_2f8d>
...
040 (8365.000.000) 2023-08-20 23:26:51 Started transferring input files
	Transferring to host: <192.168.100.101:9618?addrs=192.168.100.101-9618&alias=node02&noUDP&sock=slot4_102123_a452_2925>
...
040 (8365.000.000) 2023-08-20 23:26:51 Finished transferring input files
...
001 (8365.000.000) 2023-08-20 23:26:53 Job executing on host: <192.168.100.101:9618?addrs=192.168.100.101-9618&alias=node02&noUDP&sock=startd_102084_b624>
	SlotName: slot4@node02
	CondorScratchDir = "/home/spool/lib/condor/execute/dir_75871"
	Cpus = 1
	Disk = 1873362
	Memory = 2006
...
006 (8365.000.000) 2023-08-20 23:27:02 Image size of job updated: 1
	0  -  MemoryUsage of job (MB)
	0  -  ResidentSetSize of job (KB)
...
006 (8365.000.000) 2023-08-20 23:32:03 Image size of job updated: 142220
	139  -  MemoryUsage of job (MB)
	142220  -  ResidentSetSize of job (KB)
...
006 (8365.000.000) 2023-08-20 23:37:03 Image size of job updated: 231144
	226  -  MemoryUsage of job (MB)
	231140  -  ResidentSetSize of job (KB)
...
006 (8365.000.000) 2023-08-20 23:42:03 Image size of job updated: 338928
	331  -  MemoryUsage of job (MB)
	338860  -  ResidentSetSize of job (KB)
...
006 (8365.000.000) 2023-08-20 23:47:03 Image size of job updated: 444292
	434  -  MemoryUsage of job (MB)
	444292  -  ResidentSetSize of job (KB)
...
006 (8365.000.000) 2023-08-20 23:50:48 Image size of job updated: 522692
	441  -  MemoryUsage of job (MB)
	450652  -  ResidentSetSize of job (KB)
...
005 (8365.000.000) 2023-08-20 23:50:48 Job terminated.
	(1) Normal termination (return value 0)
		Usr 0 00:00:00, Sys 0 00:00:00  -  Run Remote Usage
		Usr 0 00:00:00, Sys 0 00:00:00  -  Run Local Usage
		Usr 0 00:00:00, Sys 0 00:00:00  -  Total Remote Usage
		Usr 0 00:00:00, Sys 0 00:00:00  -  Total Local Usage
	0  -  Run Bytes Sent By Job
	490  -  Run Bytes Received By Job
	0  -  Total Bytes Sent By Job
	490  -  Total Bytes Received By Job
	Partitionable Resources :    Usage  Request Allocated 
	   Cpus                 :     0.99        1         1 
	   Disk (KB)            :    22           1   1873362 
	   Memory (MB)          :   441           1      2006 

	Job terminated of its own accord at 2023-08-20T21:50:48Z with exit-code 0.
...
