000 (8343.000.000) 2023-08-20 23:26:38 Job submitted from host: <90.147.8.111:9618?addrs=90.147.8.111-9618&alias=ams&noUDP&sock=schedd_3306931_2f8d>
...
040 (8343.000.000) 2023-08-20 23:26:53 Started transferring input files
	Transferring to host: <192.168.100.3:9618?addrs=192.168.100.3-9618&alias=node03&noUDP&sock=slot30_56810_88bf_3081>
...
040 (8343.000.000) 2023-08-20 23:26:53 Finished transferring input files
...
001 (8343.000.000) 2023-08-20 23:26:55 Job executing on host: <192.168.100.3:9618?addrs=192.168.100.3-9618&alias=node03&noUDP&sock=startd_56773_2261>
	SlotName: slot30@node03
...
006 (8343.000.000) 2023-08-20 23:27:04 Image size of job updated: 432120
	64  -  MemoryUsage of job (MB)
	64904  -  ResidentSetSize of job (KB)
...
006 (8343.000.000) 2023-08-20 23:32:05 Image size of job updated: 466268
	73  -  MemoryUsage of job (MB)
	74668  -  ResidentSetSize of job (KB)
...
006 (8343.000.000) 2023-08-20 23:37:05 Image size of job updated: 466268
	74  -  MemoryUsage of job (MB)
	74952  -  ResidentSetSize of job (KB)
...
006 (8343.000.000) 2023-08-20 23:47:05 Image size of job updated: 466268
	74  -  MemoryUsage of job (MB)
	75368  -  ResidentSetSize of job (KB)
...
006 (8343.000.000) 2023-08-20 23:57:05 Image size of job updated: 466268
	75  -  MemoryUsage of job (MB)
	75992  -  ResidentSetSize of job (KB)
...
005 (8343.000.000) 2023-08-20 23:57:06 Job terminated.
	(1) Normal termination (return value 0)
		Usr 0 00:30:02, Sys 0 00:00:01  -  Run Remote Usage
		Usr 0 00:00:00, Sys 0 00:00:00  -  Run Local Usage
		Usr 0 00:30:02, Sys 0 00:00:01  -  Total Remote Usage
		Usr 0 00:00:00, Sys 0 00:00:00  -  Total Local Usage
	0  -  Run Bytes Sent By Job
	475  -  Run Bytes Received By Job
	0  -  Total Bytes Sent By Job
	475  -  Total Bytes Received By Job
	Partitionable Resources :    Usage  Request Allocated 
	   Cpus                 :     1.00        1         1 
	   Disk (KB)            :    22           1   4077838 
	   Memory (MB)          :    75           1      2000 

	Job terminated of its own accord at 2023-08-20T21:57:06Z with exit-code 0.
...
