000 (8346.000.000) 2023-08-20 23:26:38 Job submitted from host: <90.147.8.111:9618?addrs=90.147.8.111-9618&alias=ams&noUDP&sock=schedd_3306931_2f8d>
...
040 (8346.000.000) 2023-08-20 23:26:53 Started transferring input files
	Transferring to host: <192.168.100.3:9618?addrs=192.168.100.3-9618&alias=node03&noUDP&sock=slot33_56810_88bf_3084>
...
040 (8346.000.000) 2023-08-20 23:26:53 Finished transferring input files
...
001 (8346.000.000) 2023-08-20 23:26:55 Job executing on host: <192.168.100.3:9618?addrs=192.168.100.3-9618&alias=node03&noUDP&sock=startd_56773_2261>
	SlotName: slot33@node03
...
006 (8346.000.000) 2023-08-20 23:27:04 Image size of job updated: 431412
	61  -  MemoryUsage of job (MB)
	62108  -  ResidentSetSize of job (KB)
...
006 (8346.000.000) 2023-08-20 23:32:04 Image size of job updated: 463456
	70  -  MemoryUsage of job (MB)
	71260  -  ResidentSetSize of job (KB)
...
006 (8346.000.000) 2023-08-20 23:37:04 Image size of job updated: 463456
	70  -  MemoryUsage of job (MB)
	71484  -  ResidentSetSize of job (KB)
...
006 (8346.000.000) 2023-08-20 23:42:04 Image size of job updated: 463456
	70  -  MemoryUsage of job (MB)
	71676  -  ResidentSetSize of job (KB)
...
006 (8346.000.000) 2023-08-21 00:02:06 Image size of job updated: 463456
	71  -  MemoryUsage of job (MB)
	71940  -  ResidentSetSize of job (KB)
...
005 (8346.000.000) 2023-08-21 00:02:30 Job terminated.
	(1) Normal termination (return value 0)
		Usr 0 00:35:26, Sys 0 00:00:01  -  Run Remote Usage
		Usr 0 00:00:00, Sys 0 00:00:00  -  Run Local Usage
		Usr 0 00:35:26, Sys 0 00:00:01  -  Total Remote Usage
		Usr 0 00:00:00, Sys 0 00:00:00  -  Total Local Usage
	0  -  Run Bytes Sent By Job
	490  -  Run Bytes Received By Job
	0  -  Total Bytes Sent By Job
	490  -  Total Bytes Received By Job
	Partitionable Resources :    Usage  Request Allocated 
	   Cpus                 :     1.00        1         1 
	   Disk (KB)            :    22           1   4077838 
	   Memory (MB)          :    71           1      2000 

	Job terminated of its own accord at 2023-08-20T22:02:30Z with exit-code 0.
...
