000 (8315.000.000) 2023-08-20 23:26:30 Job submitted from host: <90.147.8.111:9618?addrs=90.147.8.111-9618&alias=ams&noUDP&sock=schedd_3306931_2f8d>
...
040 (8315.000.000) 2023-08-20 23:26:30 Started transferring input files
	Transferring to host: <192.168.100.3:9618?addrs=192.168.100.3-9618&alias=node03&noUDP&sock=slot1_56810_88bf_3052>
...
040 (8315.000.000) 2023-08-20 23:26:30 Finished transferring input files
...
001 (8315.000.000) 2023-08-20 23:26:31 Job executing on host: <192.168.100.3:9618?addrs=192.168.100.3-9618&alias=node03&noUDP&sock=startd_56773_2261>
	SlotName: slot1@node03
...
000 (8376.000.000) 2023-08-20 23:26:39 Job submitted from host: <90.147.8.111:9618?addrs=90.147.8.111-9618&alias=ams&noUDP&sock=schedd_3306931_2f8d>
...
006 (8315.000.000) 2023-08-20 23:26:40 Image size of job updated: 44
	1  -  MemoryUsage of job (MB)
	44  -  ResidentSetSize of job (KB)
...
040 (8376.000.000) 2023-08-20 23:26:51 Started transferring input files
	Transferring to host: <192.168.100.3:9618?addrs=192.168.100.3-9618&alias=node03&noUDP&sock=slot2_56810_88bf_3053>
...
040 (8376.000.000) 2023-08-20 23:26:51 Finished transferring input files
...
001 (8376.000.000) 2023-08-20 23:26:55 Job executing on host: <192.168.100.3:9618?addrs=192.168.100.3-9618&alias=node03&noUDP&sock=startd_56773_2261>
	SlotName: slot2@node03
...
006 (8376.000.000) 2023-08-20 23:27:04 Image size of job updated: 467264
	44  -  MemoryUsage of job (MB)
	44140  -  ResidentSetSize of job (KB)
...
006 (8315.000.000) 2023-08-20 23:31:41 Image size of job updated: 636180
	78  -  MemoryUsage of job (MB)
	79704  -  ResidentSetSize of job (KB)
...
006 (8376.000.000) 2023-08-20 23:32:05 Image size of job updated: 472384
	45  -  MemoryUsage of job (MB)
	45112  -  ResidentSetSize of job (KB)
...
006 (8315.000.000) 2023-08-20 23:36:42 Image size of job updated: 678984
	119  -  MemoryUsage of job (MB)
	121732  -  ResidentSetSize of job (KB)
...
006 (8315.000.000) 2023-08-20 23:41:43 Image size of job updated: 732140
	171  -  MemoryUsage of job (MB)
	174496  -  ResidentSetSize of job (KB)
...
006 (8315.000.000) 2023-08-20 23:46:43 Image size of job updated: 732140
	173  -  MemoryUsage of job (MB)
	177100  -  ResidentSetSize of job (KB)
...
006 (8376.000.000) 2023-08-20 23:47:06 Image size of job updated: 635772
	76  -  MemoryUsage of job (MB)
	77048  -  ResidentSetSize of job (KB)
...
006 (8376.000.000) 2023-08-20 23:52:06 Image size of job updated: 636356
	77  -  MemoryUsage of job (MB)
	77968  -  ResidentSetSize of job (KB)
...
006 (8315.000.000) 2023-08-20 23:56:45 Image size of job updated: 732396
	173  -  MemoryUsage of job (MB)
	177144  -  ResidentSetSize of job (KB)
...
006 (8376.000.000) 2023-08-20 23:57:07 Image size of job updated: 700712
	138  -  MemoryUsage of job (MB)
	141168  -  ResidentSetSize of job (KB)
...
006 (8315.000.000) 2023-08-21 00:01:46 Image size of job updated: 732396
	174  -  MemoryUsage of job (MB)
	177356  -  ResidentSetSize of job (KB)
...
006 (8376.000.000) 2023-08-21 00:02:08 Image size of job updated: 732808
	170  -  MemoryUsage of job (MB)
	173136  -  ResidentSetSize of job (KB)
...
005 (8376.000.000) 2023-08-21 00:02:41 Job terminated.
	(1) Normal termination (return value 0)
		Usr 0 00:07:04, Sys 0 00:04:05  -  Run Remote Usage
		Usr 0 00:00:00, Sys 0 00:00:00  -  Run Local Usage
		Usr 0 00:07:04, Sys 0 00:04:05  -  Total Remote Usage
		Usr 0 00:00:00, Sys 0 00:00:00  -  Total Local Usage
	0  -  Run Bytes Sent By Job
	279  -  Run Bytes Received By Job
	0  -  Total Bytes Sent By Job
	279  -  Total Bytes Received By Job
	Partitionable Resources :    Usage  Request Allocated 
	   Cpus                 :     0.84        1         1 
	   Disk (KB)            :    21           1   4077838 
	   Memory (MB)          :   170           1      2000 

	Job terminated of its own accord at 2023-08-20T22:02:41Z with exit-code 0.
...
005 (8315.000.000) 2023-08-21 00:02:41 Job terminated.
	(1) Normal termination (return value 0)
		Usr 0 00:14:47, Sys 0 00:08:50  -  Run Remote Usage
		Usr 0 00:00:00, Sys 0 00:00:00  -  Run Local Usage
		Usr 0 00:14:47, Sys 0 00:08:50  -  Total Remote Usage
		Usr 0 00:00:00, Sys 0 00:00:00  -  Total Local Usage
	0  -  Run Bytes Sent By Job
	279  -  Run Bytes Received By Job
	0  -  Total Bytes Sent By Job
	279  -  Total Bytes Received By Job
	Partitionable Resources :    Usage  Request Allocated 
	   Cpus                 :     0.86        1         1 
	   Disk (KB)            :    21           1   4077838 
	   Memory (MB)          :   174           1      2000 

	Job terminated of its own accord at 2023-08-20T22:02:41Z with exit-code 0.
...
