000 (8173.000.000) 2023-08-19 19:44:01 Job submitted from host: <90.147.8.111:9618?addrs=90.147.8.111-9618&alias=ams&noUDP&sock=schedd_3306931_2f8d>
...
040 (8173.000.000) 2023-08-19 19:44:16 Started transferring input files
	Transferring to host: <192.168.100.3:9618?addrs=192.168.100.3-9618&alias=node03&noUDP&sock=slot42_56810_88bf_3003>
...
040 (8173.000.000) 2023-08-19 19:44:16 Finished transferring input files
...
001 (8173.000.000) 2023-08-19 19:44:17 Job executing on host: <192.168.100.3:9618?addrs=192.168.100.3-9618&alias=node03&noUDP&sock=startd_56773_2261>
	SlotName: slot42@node03
...
006 (8173.000.000) 2023-08-19 19:44:27 Image size of job updated: 49480
	22  -  MemoryUsage of job (MB)
	21936  -  ResidentSetSize of job (KB)
...
006 (8173.000.000) 2023-08-19 19:49:13 Image size of job updated: 463452
	22  -  MemoryUsage of job (MB)
	21936  -  ResidentSetSize of job (KB)
...
005 (8173.000.000) 2023-08-19 19:49:13 Job terminated.
	(1) Normal termination (return value 0)
		Usr 0 00:04:46, Sys 0 00:00:00  -  Run Remote Usage
		Usr 0 00:00:00, Sys 0 00:00:00  -  Run Local Usage
		Usr 0 00:04:46, Sys 0 00:00:00  -  Total Remote Usage
		Usr 0 00:00:00, Sys 0 00:00:00  -  Total Local Usage
	0  -  Run Bytes Sent By Job
	492  -  Run Bytes Received By Job
	0  -  Total Bytes Sent By Job
	492  -  Total Bytes Received By Job
	Partitionable Resources :    Usage  Request Allocated 
	   Cpus                 :     1.00        1         1 
	   Disk (KB)            :    21           1   4077838 
	   Memory (MB)          :    22           1      2000 

	Job terminated of its own accord at 2023-08-19T17:49:13Z with exit-code 0.
...
