000 (8143.000.000) 2023-08-19 19:44:00 Job submitted from host: <90.147.8.111:9618?addrs=90.147.8.111-9618&alias=ams&noUDP&sock=schedd_3306931_2f8d>
...
040 (8143.000.000) 2023-08-19 19:44:14 Started transferring input files
	Transferring to host: <192.168.100.3:9618?addrs=192.168.100.3-9618&alias=node03&noUDP&sock=slot12_56810_88bf_2973>
...
040 (8143.000.000) 2023-08-19 19:44:14 Finished transferring input files
...
001 (8143.000.000) 2023-08-19 19:44:17 Job executing on host: <192.168.100.3:9618?addrs=192.168.100.3-9618&alias=node03&noUDP&sock=startd_56773_2261>
	SlotName: slot12@node03
...
006 (8143.000.000) 2023-08-19 19:44:26 Image size of job updated: 65852
	65  -  MemoryUsage of job (MB)
	65728  -  ResidentSetSize of job (KB)
...
006 (8143.000.000) 2023-08-19 19:48:05 Image size of job updated: 463440
	65  -  MemoryUsage of job (MB)
	65808  -  ResidentSetSize of job (KB)
...
005 (8143.000.000) 2023-08-19 19:48:05 Job terminated.
	(1) Normal termination (return value 0)
		Usr 0 00:03:36, Sys 0 00:00:01  -  Run Remote Usage
		Usr 0 00:00:00, Sys 0 00:00:00  -  Run Local Usage
		Usr 0 00:03:36, Sys 0 00:00:01  -  Total Remote Usage
		Usr 0 00:00:00, Sys 0 00:00:00  -  Total Local Usage
	0  -  Run Bytes Sent By Job
	475  -  Run Bytes Received By Job
	0  -  Total Bytes Sent By Job
	475  -  Total Bytes Received By Job
	Partitionable Resources :    Usage  Request Allocated 
	   Cpus                 :     0.99        1         1 
	   Disk (KB)            :    21           1   4077838 
	   Memory (MB)          :    65           1      2000 

	Job terminated of its own accord at 2023-08-19T17:48:05Z with exit-code 0.
...
