000 (8171.000.000) 2023-08-19 19:44:01 Job submitted from host: <90.147.8.111:9618?addrs=90.147.8.111-9618&alias=ams&noUDP&sock=schedd_3306931_2f8d>
...
040 (8171.000.000) 2023-08-19 19:44:16 Started transferring input files
	Transferring to host: <192.168.100.3:9618?addrs=192.168.100.3-9618&alias=node03&noUDP&sock=slot40_56810_88bf_3001>
...
040 (8171.000.000) 2023-08-19 19:44:16 Finished transferring input files
...
001 (8171.000.000) 2023-08-19 19:44:17 Job executing on host: <192.168.100.3:9618?addrs=192.168.100.3-9618&alias=node03&noUDP&sock=startd_56773_2261>
	SlotName: slot40@node03
...
006 (8171.000.000) 2023-08-19 19:44:27 Image size of job updated: 49480
	22  -  MemoryUsage of job (MB)
	21600  -  ResidentSetSize of job (KB)
...
006 (8171.000.000) 2023-08-19 19:48:04 Image size of job updated: 463440
	22  -  MemoryUsage of job (MB)
	21600  -  ResidentSetSize of job (KB)
...
005 (8171.000.000) 2023-08-19 19:48:04 Job terminated.
	(1) Normal termination (return value 0)
		Usr 0 00:03:36, Sys 0 00:00:01  -  Run Remote Usage
		Usr 0 00:00:00, Sys 0 00:00:00  -  Run Local Usage
		Usr 0 00:03:36, Sys 0 00:00:01  -  Total Remote Usage
		Usr 0 00:00:00, Sys 0 00:00:00  -  Total Local Usage
	0  -  Run Bytes Sent By Job
	473  -  Run Bytes Received By Job
	0  -  Total Bytes Sent By Job
	473  -  Total Bytes Received By Job
	Partitionable Resources :    Usage  Request Allocated 
	   Cpus                 :     0.99        1         1 
	   Disk (KB)            :    21           1   4077838 
	   Memory (MB)          :    22           1      2000 

	Job terminated of its own accord at 2023-08-19T17:48:04Z with exit-code 0.
...
