000 (8268.000.000) 2023-08-19 19:44:06 Job submitted from host: <90.147.8.111:9618?addrs=90.147.8.111-9618&alias=ams&noUDP&sock=schedd_3306931_2f8d>
...
040 (8268.000.000) 2023-08-19 19:48:39 Started transferring input files
	Transferring to host: <192.168.100.3:9618?addrs=192.168.100.3-9618&alias=node03&noUDP&sock=slot5_56810_88bf_3024>
...
040 (8268.000.000) 2023-08-19 19:48:39 Finished transferring input files
...
001 (8268.000.000) 2023-08-19 19:48:40 Job executing on host: <192.168.100.3:9618?addrs=192.168.100.3-9618&alias=node03&noUDP&sock=startd_56773_2261>
	SlotName: slot5@node03
...
006 (8268.000.000) 2023-08-19 19:48:48 Image size of job updated: 421208
	52  -  MemoryUsage of job (MB)
	52640  -  ResidentSetSize of job (KB)
...
006 (8268.000.000) 2023-08-19 19:52:06 Image size of job updated: 463440
	52  -  MemoryUsage of job (MB)
	52700  -  ResidentSetSize of job (KB)
...
005 (8268.000.000) 2023-08-19 19:52:07 Job terminated.
	(1) Normal termination (return value 0)
		Usr 0 00:03:23, Sys 0 00:00:00  -  Run Remote Usage
		Usr 0 00:00:00, Sys 0 00:00:00  -  Run Local Usage
		Usr 0 00:03:23, Sys 0 00:00:00  -  Total Remote Usage
		Usr 0 00:00:00, Sys 0 00:00:00  -  Total Local Usage
	0  -  Run Bytes Sent By Job
	475  -  Run Bytes Received By Job
	0  -  Total Bytes Sent By Job
	475  -  Total Bytes Received By Job
	Partitionable Resources :    Usage  Request Allocated 
	   Cpus                 :     1.00        1         1 
	   Disk (KB)            :    22           1   4077838 
	   Memory (MB)          :    52           1      2000 

	Job terminated of its own accord at 2023-08-19T17:52:06Z with exit-code 0.
...
