000 (8167.000.000) 2023-08-19 19:44:01 Job submitted from host: <90.147.8.111:9618?addrs=90.147.8.111-9618&alias=ams&noUDP&sock=schedd_3306931_2f8d>
...
040 (8167.000.000) 2023-08-19 19:44:15 Started transferring input files
	Transferring to host: <192.168.100.3:9618?addrs=192.168.100.3-9618&alias=node03&noUDP&sock=slot36_56810_88bf_2997>
...
040 (8167.000.000) 2023-08-19 19:44:15 Finished transferring input files
...
001 (8167.000.000) 2023-08-19 19:44:17 Job executing on host: <192.168.100.3:9618?addrs=192.168.100.3-9618&alias=node03&noUDP&sock=startd_56773_2261>
	SlotName: slot36@node03
...
006 (8167.000.000) 2023-08-19 19:44:27 Image size of job updated: 64664
	63  -  MemoryUsage of job (MB)
	64480  -  ResidentSetSize of job (KB)
...
006 (8167.000.000) 2023-08-19 19:49:28 Image size of job updated: 465844
	73  -  MemoryUsage of job (MB)
	74192  -  ResidentSetSize of job (KB)
...
005 (8167.000.000) 2023-08-19 19:49:34 Job terminated.
	(1) Normal termination (return value 0)
		Usr 0 00:05:12, Sys 0 00:00:00  -  Run Remote Usage
		Usr 0 00:00:00, Sys 0 00:00:00  -  Run Local Usage
		Usr 0 00:05:12, Sys 0 00:00:00  -  Total Remote Usage
		Usr 0 00:00:00, Sys 0 00:00:00  -  Total Local Usage
	0  -  Run Bytes Sent By Job
	492  -  Run Bytes Received By Job
	0  -  Total Bytes Sent By Job
	492  -  Total Bytes Received By Job
	Partitionable Resources :    Usage  Request Allocated 
	   Cpus                 :     1.00        1         1 
	   Disk (KB)            :    21           1   4077838 
	   Memory (MB)          :    73           1      2000 

	Job terminated of its own accord at 2023-08-19T17:49:34Z with exit-code 0.
...
