000 (8205.000.000) 2023-08-19 19:44:03 Job submitted from host: <90.147.8.111:9618?addrs=90.147.8.111-9618&alias=ams&noUDP&sock=schedd_3306931_2f8d>
...
040 (8205.000.000) 2023-08-19 19:44:16 Started transferring input files
	Transferring to host: <192.168.100.101:9618?addrs=192.168.100.101-9618&alias=node02&noUDP&sock=slot26_102123_a452_2866>
...
040 (8205.000.000) 2023-08-19 19:44:16 Finished transferring input files
...
001 (8205.000.000) 2023-08-19 19:44:20 Job executing on host: <192.168.100.101:9618?addrs=192.168.100.101-9618&alias=node02&noUDP&sock=startd_102084_b624>
	SlotName: slot26@node02
	CondorScratchDir = "/home/spool/lib/condor/execute/dir_51945"
	Cpus = 1
	Disk = 1873362
	Memory = 2006
...
006 (8205.000.000) 2023-08-19 19:44:29 Image size of job updated: 1
	0  -  MemoryUsage of job (MB)
	0  -  ResidentSetSize of job (KB)
...
006 (8205.000.000) 2023-08-19 19:49:21 Image size of job updated: 116080
	43  -  MemoryUsage of job (MB)
	43344  -  ResidentSetSize of job (KB)
...
005 (8205.000.000) 2023-08-19 19:49:21 Job terminated.
	(1) Normal termination (return value 0)
		Usr 0 00:00:00, Sys 0 00:00:00  -  Run Remote Usage
		Usr 0 00:00:00, Sys 0 00:00:00  -  Run Local Usage
		Usr 0 00:00:00, Sys 0 00:00:00  -  Total Remote Usage
		Usr 0 00:00:00, Sys 0 00:00:00  -  Total Local Usage
	0  -  Run Bytes Sent By Job
	458  -  Run Bytes Received By Job
	0  -  Total Bytes Sent By Job
	458  -  Total Bytes Received By Job
	Partitionable Resources :    Usage  Request Allocated 
	   Cpus                 :     0.95        1         1 
	   Disk (KB)            :    21           1   1873362 
	   Memory (MB)          :    43           1      2006 

	Job terminated of its own accord at 2023-08-19T17:49:21Z with exit-code 0.
...
