000 (8255.000.000) 2023-08-19 19:44:05 Job submitted from host: <90.147.8.111:9618?addrs=90.147.8.111-9618&alias=ams&noUDP&sock=schedd_3306931_2f8d>
...
040 (8255.000.000) 2023-08-19 19:48:05 Started transferring input files
	Transferring to host: <192.168.100.3:9618?addrs=192.168.100.3-9618&alias=node03&noUDP&sock=slot12_56810_88bf_3015>
...
040 (8255.000.000) 2023-08-19 19:48:05 Finished transferring input files
...
001 (8255.000.000) 2023-08-19 19:48:06 Job executing on host: <192.168.100.3:9618?addrs=192.168.100.3-9618&alias=node03&noUDP&sock=startd_56773_2261>
	SlotName: slot12@node03
...
006 (8255.000.000) 2023-08-19 19:48:15 Image size of job updated: 432248
	36  -  MemoryUsage of job (MB)
	35956  -  ResidentSetSize of job (KB)
...
006 (8255.000.000) 2023-08-19 19:53:00 Image size of job updated: 466264
	36  -  MemoryUsage of job (MB)
	35972  -  ResidentSetSize of job (KB)
...
005 (8255.000.000) 2023-08-19 19:53:00 Job terminated.
	(1) Normal termination (return value 0)
		Usr 0 00:04:50, Sys 0 00:00:00  -  Run Remote Usage
		Usr 0 00:00:00, Sys 0 00:00:00  -  Run Local Usage
		Usr 0 00:04:50, Sys 0 00:00:00  -  Total Remote Usage
		Usr 0 00:00:00, Sys 0 00:00:00  -  Total Local Usage
	0  -  Run Bytes Sent By Job
	477  -  Run Bytes Received By Job
	0  -  Total Bytes Sent By Job
	477  -  Total Bytes Received By Job
	Partitionable Resources :    Usage  Request Allocated 
	   Cpus                 :     1.00        1         1 
	   Disk (KB)            :    22           1   4077838 
	   Memory (MB)          :    36           1      2000 

	Job terminated of its own accord at 2023-08-19T17:53:00Z with exit-code 0.
...
