000 (8274.000.000) 2023-08-19 19:44:06 Job submitted from host: <90.147.8.111:9618?addrs=90.147.8.111-9618&alias=ams&noUDP&sock=schedd_3306931_2f8d>
...
040 (8274.000.000) 2023-08-19 19:48:49 Started transferring input files
	Transferring to host: <192.168.100.101:9618?addrs=192.168.100.101-9618&alias=node02&noUDP&sock=slot50_102123_a452_2907>
...
040 (8274.000.000) 2023-08-19 19:48:49 Finished transferring input files
...
001 (8274.000.000) 2023-08-19 19:48:50 Job executing on host: <192.168.100.101:9618?addrs=192.168.100.101-9618&alias=node02&noUDP&sock=startd_102084_b624>
	SlotName: slot50@node02
	CondorScratchDir = "/home/spool/lib/condor/execute/dir_52773"
	Cpus = 1
	Disk = 1873362
	Memory = 2006
...
006 (8274.000.000) 2023-08-19 19:48:59 Image size of job updated: 92448
	24  -  MemoryUsage of job (MB)
	24472  -  ResidentSetSize of job (KB)
...
006 (8274.000.000) 2023-08-19 19:52:40 Image size of job updated: 127460
	52  -  MemoryUsage of job (MB)
	53224  -  ResidentSetSize of job (KB)
...
005 (8274.000.000) 2023-08-19 19:52:40 Job terminated.
	(1) Normal termination (return value 0)
		Usr 0 00:00:00, Sys 0 00:00:00  -  Run Remote Usage
		Usr 0 00:00:00, Sys 0 00:00:00  -  Run Local Usage
		Usr 0 00:00:00, Sys 0 00:00:00  -  Total Remote Usage
		Usr 0 00:00:00, Sys 0 00:00:00  -  Total Local Usage
	0  -  Run Bytes Sent By Job
	492  -  Run Bytes Received By Job
	0  -  Total Bytes Sent By Job
	492  -  Total Bytes Received By Job
	Partitionable Resources :    Usage  Request Allocated 
	   Cpus                 :     1.00        1         1 
	   Disk (KB)            :    22           1   1873362 
	   Memory (MB)          :    52           1      2006 

	Job terminated of its own accord at 2023-08-19T17:52:40Z with exit-code 0.
...
