000 (8267.000.000) 2023-08-19 19:44:06 Job submitted from host: <90.147.8.111:9618?addrs=90.147.8.111-9618&alias=ams&noUDP&sock=schedd_3306931_2f8d>
...
040 (8267.000.000) 2023-08-19 19:48:38 Started transferring input files
	Transferring to host: <192.168.100.3:9618?addrs=192.168.100.3-9618&alias=node03&noUDP&sock=slot8_56810_88bf_3023>
...
040 (8267.000.000) 2023-08-19 19:48:38 Finished transferring input files
...
001 (8267.000.000) 2023-08-19 19:48:39 Job executing on host: <192.168.100.3:9618?addrs=192.168.100.3-9618&alias=node03&noUDP&sock=startd_56773_2261>
	SlotName: slot8@node03
...
006 (8267.000.000) 2023-08-19 19:48:47 Image size of job updated: 424024
	24  -  MemoryUsage of job (MB)
	24360  -  ResidentSetSize of job (KB)
...
006 (8267.000.000) 2023-08-19 19:53:18 Image size of job updated: 465844
	24  -  MemoryUsage of job (MB)
	24360  -  ResidentSetSize of job (KB)
...
005 (8267.000.000) 2023-08-19 19:53:18 Job terminated.
	(1) Normal termination (return value 0)
		Usr 0 00:04:36, Sys 0 00:00:00  -  Run Remote Usage
		Usr 0 00:00:00, Sys 0 00:00:00  -  Run Local Usage
		Usr 0 00:04:36, Sys 0 00:00:00  -  Total Remote Usage
		Usr 0 00:00:00, Sys 0 00:00:00  -  Total Local Usage
	0  -  Run Bytes Sent By Job
	490  -  Run Bytes Received By Job
	0  -  Total Bytes Sent By Job
	490  -  Total Bytes Received By Job
	Partitionable Resources :    Usage  Request Allocated 
	   Cpus                 :     1.00        1         1 
	   Disk (KB)            :    22           1   4077838 
	   Memory (MB)          :    24           1      2000 

	Job terminated of its own accord at 2023-08-19T17:53:18Z with exit-code 0.
...
