000 (8144.000.000) 2023-08-19 19:44:00 Job submitted from host: <90.147.8.111:9618?addrs=90.147.8.111-9618&alias=ams&noUDP&sock=schedd_3306931_2f8d>
...
040 (8144.000.000) 2023-08-19 19:44:14 Started transferring input files
	Transferring to host: <192.168.100.3:9618?addrs=192.168.100.3-9618&alias=node03&noUDP&sock=slot13_56810_88bf_2974>
...
040 (8144.000.000) 2023-08-19 19:44:14 Finished transferring input files
...
001 (8144.000.000) 2023-08-19 19:44:17 Job executing on host: <192.168.100.3:9618?addrs=192.168.100.3-9618&alias=node03&noUDP&sock=startd_56773_2261>
	SlotName: slot13@node03
...
006 (8144.000.000) 2023-08-19 19:44:26 Image size of job updated: 61328
	60  -  MemoryUsage of job (MB)
	61328  -  ResidentSetSize of job (KB)
...
006 (8144.000.000) 2023-08-19 19:48:02 Image size of job updated: 463440
	61  -  MemoryUsage of job (MB)
	61572  -  ResidentSetSize of job (KB)
...
005 (8144.000.000) 2023-08-19 19:48:02 Job terminated.
	(1) Normal termination (return value 0)
		Usr 0 00:03:39, Sys 0 00:00:00  -  Run Remote Usage
		Usr 0 00:00:00, Sys 0 00:00:00  -  Run Local Usage
		Usr 0 00:03:39, Sys 0 00:00:00  -  Total Remote Usage
		Usr 0 00:00:00, Sys 0 00:00:00  -  Total Local Usage
	0  -  Run Bytes Sent By Job
	473  -  Run Bytes Received By Job
	0  -  Total Bytes Sent By Job
	473  -  Total Bytes Received By Job
	Partitionable Resources :    Usage  Request Allocated 
	   Cpus                 :     0.99        1         1 
	   Disk (KB)            :    21           1   4077838 
	   Memory (MB)          :    61           1      2000 

	Job terminated of its own accord at 2023-08-19T17:48:02Z with exit-code 0.
...
