000 (8259.000.000) 2023-08-19 19:44:06 Job submitted from host: <90.147.8.111:9618?addrs=90.147.8.111-9618&alias=ams&noUDP&sock=schedd_3306931_2f8d>
...
040 (8259.000.000) 2023-08-19 19:48:16 Started transferring input files
	Transferring to host: <192.168.100.3:9618?addrs=192.168.100.3-9618&alias=node03&noUDP&sock=slot29_56810_88bf_3019>
...
040 (8259.000.000) 2023-08-19 19:48:16 Finished transferring input files
...
001 (8259.000.000) 2023-08-19 19:48:17 Job executing on host: <192.168.100.3:9618?addrs=192.168.100.3-9618&alias=node03&noUDP&sock=startd_56773_2261>
	SlotName: slot29@node03
...
006 (8259.000.000) 2023-08-19 19:48:26 Image size of job updated: 379820
	61  -  MemoryUsage of job (MB)
	62100  -  ResidentSetSize of job (KB)
...
006 (8259.000.000) 2023-08-19 19:52:49 Image size of job updated: 463452
	61  -  MemoryUsage of job (MB)
	62100  -  ResidentSetSize of job (KB)
...
005 (8259.000.000) 2023-08-19 19:52:49 Job terminated.
	(1) Normal termination (return value 0)
		Usr 0 00:04:29, Sys 0 00:00:00  -  Run Remote Usage
		Usr 0 00:00:00, Sys 0 00:00:00  -  Run Local Usage
		Usr 0 00:04:29, Sys 0 00:00:00  -  Total Remote Usage
		Usr 0 00:00:00, Sys 0 00:00:00  -  Total Local Usage
	0  -  Run Bytes Sent By Job
	490  -  Run Bytes Received By Job
	0  -  Total Bytes Sent By Job
	490  -  Total Bytes Received By Job
	Partitionable Resources :    Usage  Request Allocated 
	   Cpus                 :     1.00        1         1 
	   Disk (KB)            :    22           1   4077838 
	   Memory (MB)          :    61           1      2000 

	Job terminated of its own accord at 2023-08-19T17:52:49Z with exit-code 0.
...
