000 (8295.000.000) 2023-08-19 19:44:07 Job submitted from host: <90.147.8.111:9618?addrs=90.147.8.111-9618&alias=ams&noUDP&sock=schedd_3306931_2f8d>
...
040 (8295.000.000) 2023-08-19 19:49:19 Started transferring input files
	Transferring to host: <192.168.100.3:9618?addrs=192.168.100.3-9618&alias=node03&noUDP&sock=slot17_56810_88bf_3040>
...
040 (8295.000.000) 2023-08-19 19:49:19 Finished transferring input files
...
001 (8295.000.000) 2023-08-19 19:49:20 Job executing on host: <192.168.100.3:9618?addrs=192.168.100.3-9618&alias=node03&noUDP&sock=startd_56773_2261>
	SlotName: slot17@node03
...
006 (8295.000.000) 2023-08-19 19:49:28 Image size of job updated: 437856
	60  -  MemoryUsage of job (MB)
	61316  -  ResidentSetSize of job (KB)
...
006 (8295.000.000) 2023-08-19 19:53:33 Image size of job updated: 463876
	60  -  MemoryUsage of job (MB)
	61320  -  ResidentSetSize of job (KB)
...
005 (8295.000.000) 2023-08-19 19:53:33 Job terminated.
	(1) Normal termination (return value 0)
		Usr 0 00:04:11, Sys 0 00:00:00  -  Run Remote Usage
		Usr 0 00:00:00, Sys 0 00:00:00  -  Run Local Usage
		Usr 0 00:04:11, Sys 0 00:00:00  -  Total Remote Usage
		Usr 0 00:00:00, Sys 0 00:00:00  -  Total Local Usage
	0  -  Run Bytes Sent By Job
	475  -  Run Bytes Received By Job
	0  -  Total Bytes Sent By Job
	475  -  Total Bytes Received By Job
	Partitionable Resources :    Usage  Request Allocated 
	   Cpus                 :     1.00        1         1 
	   Disk (KB)            :    22           1   4077838 
	   Memory (MB)          :    60           1      2000 

	Job terminated of its own accord at 2023-08-19T17:53:33Z with exit-code 0.
...
