000 (8133.000.000) 2023-08-19 19:43:53 Job submitted from host: <90.147.8.111:9618?addrs=90.147.8.111-9618&alias=ams&noUDP&sock=schedd_3306931_2f8d>
...
040 (8133.000.000) 2023-08-19 19:43:53 Started transferring input files
	Transferring to host: <192.168.100.3:9618?addrs=192.168.100.3-9618&alias=node03&noUDP&sock=slot1_56810_88bf_2962>
...
040 (8133.000.000) 2023-08-19 19:43:53 Finished transferring input files
...
001 (8133.000.000) 2023-08-19 19:43:54 Job executing on host: <192.168.100.3:9618?addrs=192.168.100.3-9618&alias=node03&noUDP&sock=startd_56773_2261>
	SlotName: slot1@node03
...
006 (8133.000.000) 2023-08-19 19:44:03 Image size of job updated: 1248
	1  -  MemoryUsage of job (MB)
	44  -  ResidentSetSize of job (KB)
...
000 (8310.000.000) 2023-08-19 19:44:08 Job submitted from host: <90.147.8.111:9618?addrs=90.147.8.111-9618&alias=ams&noUDP&sock=schedd_3306931_2f8d>
...
040 (8310.000.000) 2023-08-19 19:44:14 Started transferring input files
	Transferring to host: <192.168.100.3:9618?addrs=192.168.100.3-9618&alias=node03&noUDP&sock=slot2_56810_88bf_2971>
...
040 (8310.000.000) 2023-08-19 19:44:14 Finished transferring input files
...
001 (8310.000.000) 2023-08-19 19:44:17 Job executing on host: <192.168.100.3:9618?addrs=192.168.100.3-9618&alias=node03&noUDP&sock=startd_56773_2261>
	SlotName: slot2@node03
...
006 (8310.000.000) 2023-08-19 19:44:26 Image size of job updated: 49480
	44  -  MemoryUsage of job (MB)
	44124  -  ResidentSetSize of job (KB)
...
006 (8133.000.000) 2023-08-19 19:49:04 Image size of job updated: 636096
	78  -  MemoryUsage of job (MB)
	79676  -  ResidentSetSize of job (KB)
...
006 (8310.000.000) 2023-08-19 19:49:26 Image size of job updated: 636088
	76  -  MemoryUsage of job (MB)
	77620  -  ResidentSetSize of job (KB)
...
006 (8133.000.000) 2023-08-19 19:54:05 Image size of job updated: 656508
	98  -  MemoryUsage of job (MB)
	99924  -  ResidentSetSize of job (KB)
...
006 (8310.000.000) 2023-08-19 19:54:27 Image size of job updated: 677720
	136  -  MemoryUsage of job (MB)
	139104  -  ResidentSetSize of job (KB)
...
006 (8133.000.000) 2023-08-19 19:57:21 Image size of job updated: 697872
	133  -  MemoryUsage of job (MB)
	135624  -  ResidentSetSize of job (KB)
...
004 (8133.000.000) 2023-08-19 19:57:21 Job was evicted.
	(0) CPU times
		Usr 0 00:04:01, Sys 0 00:03:08  -  Run Remote Usage
		Usr 0 00:00:00, Sys 0 00:00:00  -  Run Local Usage
	0  -  Run Bytes Sent By Job
	278  -  Run Bytes Received By Job
	Partitionable Resources :    Usage  Request Allocated 
	   Cpus                 :     0.92        1         1 
	   Disk (KB)            :    21           1   4077838 
	   Memory (MB)          :   133           1      2000 
...
009 (8133.000.000) 2023-08-19 19:57:21 Job was aborted.
	via condor_rm (by user rnicolai)
...
006 (8310.000.000) 2023-08-19 19:57:21 Image size of job updated: 718936
	153  -  MemoryUsage of job (MB)
	155684  -  ResidentSetSize of job (KB)
...
004 (8310.000.000) 2023-08-19 19:57:21 Job was evicted.
	(0) CPU times
		Usr 0 00:04:47, Sys 0 00:03:37  -  Run Remote Usage
		Usr 0 00:00:00, Sys 0 00:00:00  -  Run Local Usage
	0  -  Run Bytes Sent By Job
	278  -  Run Bytes Received By Job
	Partitionable Resources :    Usage  Request Allocated 
	   Cpus                 :     0.94        1         1 
	   Disk (KB)            :    21           1   4077838 
	   Memory (MB)          :   153           1      2000 
...
009 (8310.000.000) 2023-08-19 19:57:21 Job was aborted.
	via condor_rm (by user rnicolai)
...
