000 (8280.000.000) 2023-08-19 19:44:07 Job submitted from host: <90.147.8.111:9618?addrs=90.147.8.111-9618&alias=ams&noUDP&sock=schedd_3306931_2f8d>
...
040 (8280.000.000) 2023-08-19 19:49:04 Started transferring input files
	Transferring to host: <192.168.100.3:9618?addrs=192.168.100.3-9618&alias=node03&noUDP&sock=slot28_56810_88bf_3028>
...
040 (8280.000.000) 2023-08-19 19:49:04 Finished transferring input files
...
001 (8280.000.000) 2023-08-19 19:49:05 Job executing on host: <192.168.100.3:9618?addrs=192.168.100.3-9618&alias=node03&noUDP&sock=startd_56773_2261>
	SlotName: slot28@node03
...
006 (8280.000.000) 2023-08-19 19:49:14 Image size of job updated: 434288
	58  -  MemoryUsage of job (MB)
	59228  -  ResidentSetSize of job (KB)
...
006 (8280.000.000) 2023-08-19 19:53:14 Image size of job updated: 463876
	58  -  MemoryUsage of job (MB)
	59272  -  ResidentSetSize of job (KB)
...
005 (8280.000.000) 2023-08-19 19:53:14 Job terminated.
	(1) Normal termination (return value 0)
		Usr 0 00:04:06, Sys 0 00:00:00  -  Run Remote Usage
		Usr 0 00:00:00, Sys 0 00:00:00  -  Run Local Usage
		Usr 0 00:04:06, Sys 0 00:00:00  -  Total Remote Usage
		Usr 0 00:00:00, Sys 0 00:00:00  -  Total Local Usage
	0  -  Run Bytes Sent By Job
	475  -  Run Bytes Received By Job
	0  -  Total Bytes Sent By Job
	475  -  Total Bytes Received By Job
	Partitionable Resources :    Usage  Request Allocated 
	   Cpus                 :     1.00        1         1 
	   Disk (KB)            :    22           1   4077838 
	   Memory (MB)          :    58           1      2000 

	Job terminated of its own accord at 2023-08-19T17:53:14Z with exit-code 0.
...
