
Usage: gdml_det <intput_gdml_file:mandatory>

Output text folder set to: /data1/home/rnicolai/LEM_GDML_upgrade/OUT/Output_Geant4Simulation_20230819/Text_output/GDML_file_0/OutText_f0_j10
Output monitoring folder set to: /data1/home/rnicolai/LEM_GDML_upgrade/OUT/Output_Geant4Simulation_20230819/Progress_monitoring
Job number set to: 10
Update frequency set to: 10000
G4GDML: Reading '/data1/home/rnicolai/LEM_GDML_upgrade/OUT/Output_Geant4Simulation_20230819/GDML_src/LEM_GAGG-worldVOL_Parsed.gdml'...
G4GDML: VALIDATION ERROR! element 'materials' is not allowed for content model '(define,materials,solids,structure,userinfo?,setup+)' at line: 25580
G4GDML: VALIDATION ERROR! ID attribute 'G4_PLASTIC_SC_VINYLTOLUENE' is referenced but was never declared at line: 25580
G4GDML: VALIDATION ERROR! ID attribute 'G4_BAKELITE' is referenced but was never declared at line: 25580
G4GDML: VALIDATION ERROR! ID attribute 'G4_Galactic' is referenced but was never declared at line: 25580
G4GDML: VALIDATION ERROR! ID attribute 'G4_Al' is referenced but was never declared at line: 25580
G4GDML: VALIDATION ERROR! ID attribute 'G4_Si' is referenced but was never declared at line: 25580
G4GDML: Reading definitions...
G4GDML: Reading materials...
G4GDML: Reading materials...
G4GDML: Reading solids...
G4GDML: Reading structure...
G4GDML: Reading setup...
G4GDML: Reading '/data1/home/rnicolai/LEM_GDML_upgrade/OUT/Output_Geant4Simulation_20230819/GDML_src/LEM_GAGG-worldVOL_Parsed.gdml' done!
Stripping off GDML names of materials, solids and volumes ...


          ################################
          !!! G4Backtrace is activated !!!
          ################################


**************************************************************
 Geant4 version Name: geant4-11-00-patch-03 [MT]   (16-September-2022)
  << in Multi-threaded mode >> 
                       Copyright : Geant4 Collaboration
                      References : NIM A 506 (2003), 250-303
                                 : IEEE-TNS 53 (2006), 270-278
                                 : NIM A 835 (2016), 186-225
                             WWW : http://geant4.org/
**************************************************************

<<< Geant4 Physics List simulation engine: FTFP_BERT

Found 46 volume(s) with auxiliary information.

Volume LV_AlScrew_Thick_3 has the following list of auxiliary information: 
Computing random points on LV_AlScrew_Thick_3
	Type: Color Value: #ffff00ff
	Type: SensDet Value: Calorimeter
Volume LV_AlTop has the following list of auxiliary information: 
Computing random points on LV_AlTop
	Type: Color Value: #7f7f7f99
	Type: SensDet Value: Calorimeter
Volume LV_SiliconDetector_Thin_0 has the following list of auxiliary information: 
Computing random points on LV_SiliconDetector_Thin_0
	Type: Color Value: #ffffffff
	Type: SensDet Value: Calorimeter
Volume LV_AlFrame_Thin_0 has the following list of auxiliary information: 
Computing random points on LV_AlFrame_Thin_0
	Type: Color Value: #00ffffb2
	Type: SensDet Value: Calorimeter
Volume LV_SiliconDetector_Thin_2 has the following list of auxiliary information: 
Computing random points on LV_SiliconDetector_Thin_2
	Type: Color Value: #ffffffff
	Type: SensDet Value: Calorimeter
Volume LV_AlFrame_Thin_1 has the following list of auxiliary information: 
Computing random points on LV_AlFrame_Thin_1
	Type: Color Value: #00ffffb2
	Type: SensDet Value: Calorimeter
Volume LV_BakeliteBoardMiddleLower has the following list of auxiliary information: 
Computing random points on LV_BakeliteBoardMiddleLower
	Type: Color Value: #33ff33cc
	Type: SensDet Value: Calorimeter
Volume LV_AlScrew has the following list of auxiliary information: 
Computing random points on LV_AlScrew
	Type: Color Value: #ffff00ff
	Type: SensDet Value: Calorimeter
Volume LV_AlBottom has the following list of auxiliary information: 
Computing random points on LV_AlBottom
	Type: Color Value: #7f7f7f99
	Type: SensDet Value: Calorimeter
Volume LV_PlasticVetoBottom has the following list of auxiliary information: 
Computing random points on LV_PlasticVetoBottom
	Type: Color Value: #ffcc99b2
	Type: SensDet Value: Calorimeter
Volume LV_BakeliteBoardTop has the following list of auxiliary information: 
Computing random points on LV_BakeliteBoardTop
	Type: Color Value: #33ff33cc
	Type: SensDet Value: Calorimeter
Volume LV_AlScrew_1 has the following list of auxiliary information: 
Computing random points on LV_AlScrew_1
	Type: Color Value: #ffff00ff
	Type: SensDet Value: Calorimeter
Volume LV_AlScrew_3 has the following list of auxiliary information: 
Computing random points on LV_AlScrew_3
	Type: Color Value: #ffff00ff
	Type: SensDet Value: Calorimeter
Volume LV_SiliconDetector_Thin_4 has the following list of auxiliary information: 
Computing random points on LV_SiliconDetector_Thin_4
	Type: Color Value: #ffffffff
	Type: SensDet Value: Calorimeter
Volume LV_SiliconDetector_Thin_3 has the following list of auxiliary information: 
Computing random points on LV_SiliconDetector_Thin_3
	Type: Color Value: #ffffffff
	Type: SensDet Value: Calorimeter
Volume LV_AlCoverUpper has the following list of auxiliary information: 
Computing random points on LV_AlCoverUpper
	Type: Color Value: #ff00ffb2
	Type: SensDet Value: Calorimeter
Volume LV_AlFrame_Thin_4 has the following list of auxiliary information: 
Computing random points on LV_AlFrame_Thin_4
	Type: Color Value: #00ffffb2
	Type: SensDet Value: Calorimeter
Volume LV_AlFrame_Thin_3 has the following list of auxiliary information: 
Computing random points on LV_AlFrame_Thin_3
	Type: Color Value: #00ffffb2
	Type: SensDet Value: Calorimeter
Volume LV_AlFrame_Thin_2 has the following list of auxiliary information: 
Computing random points on LV_AlFrame_Thin_2
	Type: Color Value: #00ffffb2
	Type: SensDet Value: Calorimeter
Volume LV_AlFrame_Thick_1 has the following list of auxiliary information: 
Computing random points on LV_AlFrame_Thick_1
	Type: Color Value: #00ffffb2
	Type: SensDet Value: Calorimeter
Volume LV_SiliconDetector_Thick_4 has the following list of auxiliary information: 
Computing random points on LV_SiliconDetector_Thick_4
	Type: Color Value: #ffffffff
	Type: SensDet Value: Calorimeter
Volume LV_AlScrew_Thick_2 has the following list of auxiliary information: 
Computing random points on LV_AlScrew_Thick_2
	Type: Color Value: #ffff00ff
	Type: SensDet Value: Calorimeter
Volume LV_AlScrew_Thick_1 has the following list of auxiliary information: 
Computing random points on LV_AlScrew_Thick_1
	Type: Color Value: #ffff00ff
	Type: SensDet Value: Calorimeter
Volume LV_AlFrame_Thick_4 has the following list of auxiliary information: 
Computing random points on LV_AlFrame_Thick_4
	Type: Color Value: #00ffffb2
	Type: SensDet Value: Calorimeter
Volume LV_SiliconDetector_Thick_2 has the following list of auxiliary information: 
Computing random points on LV_SiliconDetector_Thick_2
	Type: Color Value: #ffffffff
	Type: SensDet Value: Calorimeter
Volume LV_AlFrame_Thick_2 has the following list of auxiliary information: 
Computing random points on LV_AlFrame_Thick_2
	Type: Color Value: #00ffffb2
	Type: SensDet Value: Calorimeter
Volume LV_BakeliteCable_2 has the following list of auxiliary information: 
Computing random points on LV_BakeliteCable_2
	Type: Color Value: #33ff33cc
	Type: SensDet Value: Calorimeter
Volume LV_SiliconDetector_Thick_1 has the following list of auxiliary information: 
Computing random points on LV_SiliconDetector_Thick_1
	Type: Color Value: #ffffffff
	Type: SensDet Value: Calorimeter
Volume LV_AlScrew_Thick_4 has the following list of auxiliary information: 
Computing random points on LV_AlScrew_Thick_4
	Type: Color Value: #ffff00ff
	Type: SensDet Value: Calorimeter
Volume LV_BakeliteCable has the following list of auxiliary information: 
Computing random points on LV_BakeliteCable
	Type: Color Value: #33ff33cc
	Type: SensDet Value: Calorimeter
Volume LV_BakeliteCable_4 has the following list of auxiliary information: 
Computing random points on LV_BakeliteCable_4
	Type: Color Value: #33ff33cc
	Type: SensDet Value: Calorimeter
Volume LV_BakeliteCable_3 has the following list of auxiliary information: 
Computing random points on LV_BakeliteCable_3
	Type: Color Value: #33ff33cc
	Type: SensDet Value: Calorimeter
Volume LV_BakeliteCable_1 has the following list of auxiliary information: 
Computing random points on LV_BakeliteCable_1
	Type: Color Value: #33ff33cc
	Type: SensDet Value: Calorimeter
Volume LV_Calo has the following list of auxiliary information: 
Computing random points on LV_Calo
	Type: Color Value: #3333ffff
	Type: SensDet Value: Calorimeter
Volume LV_PlasticVetoTop has the following list of auxiliary information: 
Computing random points on LV_PlasticVetoTop
	Type: Color Value: #ffcc99b2
	Type: SensDet Value: Calorimeter
Volume LV_AlScrew_2 has the following list of auxiliary information: 
Computing random points on LV_AlScrew_2
	Type: Color Value: #ffff00ff
	Type: SensDet Value: Calorimeter
Volume LV_AlCoverLower has the following list of auxiliary information: 
Computing random points on LV_AlCoverLower
	Type: Color Value: #ff00ffb2
	Type: SensDet Value: Calorimeter
Volume LV_BakeliteBoardCalo has the following list of auxiliary information: 
Computing random points on LV_BakeliteBoardCalo
	Type: Color Value: #3333ffff
	Type: SensDet Value: Calorimeter
Volume LV_SiliconDetector_Thin_1 has the following list of auxiliary information: 
Computing random points on LV_SiliconDetector_Thin_1
	Type: Color Value: #ffffffff
	Type: SensDet Value: Calorimeter
Volume LV_BakeliteBoardMiddleUpper has the following list of auxiliary information: 
Computing random points on LV_BakeliteBoardMiddleUpper
	Type: Color Value: #33ff33cc
	Type: SensDet Value: Calorimeter
Volume LV_BakeliteBoardBottom has the following list of auxiliary information: 
Computing random points on LV_BakeliteBoardBottom
	Type: Color Value: #33ff33cc
	Type: SensDet Value: Calorimeter
Volume LV_AlFrame_Thick_3 has the following list of auxiliary information: 
Computing random points on LV_AlFrame_Thick_3
	Type: Color Value: #00ffffb2
	Type: SensDet Value: Calorimeter
Volume LV_SiliconDetector_Thick_0 has the following list of auxiliary information: 
Computing random points on LV_SiliconDetector_Thick_0
	Type: Color Value: #ffffffff
	Type: SensDet Value: Calorimeter
Volume LV_SiliconDetector_Thick_3 has the following list of auxiliary information: 
Computing random points on LV_SiliconDetector_Thick_3
	Type: Color Value: #ffffffff
	Type: SensDet Value: Calorimeter
Volume LV_AlFrame_Thick_0 has the following list of auxiliary information: 
Computing random points on LV_AlFrame_Thick_0
	Type: Color Value: #00ffffb2
	Type: SensDet Value: Calorimeter
Volume LV_AlScrew_Thick_0 has the following list of auxiliary information: 
Computing random points on LV_AlScrew_Thick_0
	Type: Color Value: #ffff00ff
	Type: SensDet Value: Calorimeter

Volume LV_AlScrew_Thick_3 has the following list of auxiliary information: 
Attaching sensitive detector Calorimeter to volume LV_AlScrew_Thick_3
Volume LV_AlTop has the following list of auxiliary information: 
Attaching sensitive detector Calorimeter to volume LV_AlTop
Volume LV_SiliconDetector_Thin_0 has the following list of auxiliary information: 
Attaching sensitive detector Calorimeter to volume LV_SiliconDetector_Thin_0
Volume LV_AlFrame_Thin_0 has the following list of auxiliary information: 
Attaching sensitive detector Calorimeter to volume LV_AlFrame_Thin_0
Volume LV_SiliconDetector_Thin_2 has the following list of auxiliary information: 
Attaching sensitive detector Calorimeter to volume LV_SiliconDetector_Thin_2
Volume LV_AlFrame_Thin_1 has the following list of auxiliary information: 
Attaching sensitive detector Calorimeter to volume LV_AlFrame_Thin_1
Volume LV_BakeliteBoardMiddleLower has the following list of auxiliary information: 
Attaching sensitive detector Calorimeter to volume LV_BakeliteBoardMiddleLower
Volume LV_AlScrew has the following list of auxiliary information: 
Attaching sensitive detector Calorimeter to volume LV_AlScrew
Volume LV_AlBottom has the following list of auxiliary information: 
Attaching sensitive detector Calorimeter to volume LV_AlBottom
Volume LV_PlasticVetoBottom has the following list of auxiliary information: 
Attaching sensitive detector Calorimeter to volume LV_PlasticVetoBottom
Volume LV_BakeliteBoardTop has the following list of auxiliary information: 
Attaching sensitive detector Calorimeter to volume LV_BakeliteBoardTop
Volume LV_AlScrew_1 has the following list of auxiliary information: 
Attaching sensitive detector Calorimeter to volume LV_AlScrew_1
Volume LV_AlScrew_3 has the following list of auxiliary information: 
Attaching sensitive detector Calorimeter to volume LV_AlScrew_3
Volume LV_SiliconDetector_Thin_4 has the following list of auxiliary information: 
Attaching sensitive detector Calorimeter to volume LV_SiliconDetector_Thin_4
Volume LV_SiliconDetector_Thin_3 has the following list of auxiliary information: 
Attaching sensitive detector Calorimeter to volume LV_SiliconDetector_Thin_3
Volume LV_AlCoverUpper has the following list of auxiliary information: 
Attaching sensitive detector Calorimeter to volume LV_AlCoverUpper
Volume LV_AlFrame_Thin_4 has the following list of auxiliary information: 
Attaching sensitive detector Calorimeter to volume LV_AlFrame_Thin_4
Volume LV_AlFrame_Thin_3 has the following list of auxiliary information: 
Attaching sensitive detector Calorimeter to volume LV_AlFrame_Thin_3
Volume LV_AlFrame_Thin_2 has the following list of auxiliary information: 
Attaching sensitive detector Calorimeter to volume LV_AlFrame_Thin_2
Volume LV_AlFrame_Thick_1 has the following list of auxiliary information: 
Attaching sensitive detector Calorimeter to volume LV_AlFrame_Thick_1
Volume LV_SiliconDetector_Thick_4 has the following list of auxiliary information: 
Attaching sensitive detector Calorimeter to volume LV_SiliconDetector_Thick_4
Volume LV_AlScrew_Thick_2 has the following list of auxiliary information: 
Attaching sensitive detector Calorimeter to volume LV_AlScrew_Thick_2
Volume LV_AlScrew_Thick_1 has the following list of auxiliary information: 
Attaching sensitive detector Calorimeter to volume LV_AlScrew_Thick_1
Volume LV_AlFrame_Thick_4 has the following list of auxiliary information: 
Attaching sensitive detector Calorimeter to volume LV_AlFrame_Thick_4
Volume LV_SiliconDetector_Thick_2 has the following list of auxiliary information: 
Attaching sensitive detector Calorimeter to volume LV_SiliconDetector_Thick_2
Volume LV_AlFrame_Thick_2 has the following list of auxiliary information: 
Attaching sensitive detector Calorimeter to volume LV_AlFrame_Thick_2
Volume LV_BakeliteCable_2 has the following list of auxiliary information: 
Attaching sensitive detector Calorimeter to volume LV_BakeliteCable_2
Volume LV_SiliconDetector_Thick_1 has the following list of auxiliary information: 
Attaching sensitive detector Calorimeter to volume LV_SiliconDetector_Thick_1
Volume LV_AlScrew_Thick_4 has the following list of auxiliary information: 
Attaching sensitive detector Calorimeter to volume LV_AlScrew_Thick_4
Volume LV_BakeliteCable has the following list of auxiliary information: 
Attaching sensitive detector Calorimeter to volume LV_BakeliteCable
Volume LV_BakeliteCable_4 has the following list of auxiliary information: 
Attaching sensitive detector Calorimeter to volume LV_BakeliteCable_4
Volume LV_BakeliteCable_3 has the following list of auxiliary information: 
Attaching sensitive detector Calorimeter to volume LV_BakeliteCable_3
Volume LV_BakeliteCable_1 has the following list of auxiliary information: 
Attaching sensitive detector Calorimeter to volume LV_BakeliteCable_1
Volume LV_Calo has the following list of auxiliary information: 
Attaching sensitive detector Calorimeter to volume LV_Calo
Volume LV_PlasticVetoTop has the following list of auxiliary information: 
Attaching sensitive detector Calorimeter to volume LV_PlasticVetoTop
Volume LV_AlScrew_2 has the following list of auxiliary information: 
Attaching sensitive detector Calorimeter to volume LV_AlScrew_2
Volume LV_AlCoverLower has the following list of auxiliary information: 
Attaching sensitive detector Calorimeter to volume LV_AlCoverLower
Volume LV_BakeliteBoardCalo has the following list of auxiliary information: 
Attaching sensitive detector Calorimeter to volume LV_BakeliteBoardCalo
Volume LV_SiliconDetector_Thin_1 has the following list of auxiliary information: 
Attaching sensitive detector Calorimeter to volume LV_SiliconDetector_Thin_1
Volume LV_BakeliteBoardMiddleUpper has the following list of auxiliary information: 
Attaching sensitive detector Calorimeter to volume LV_BakeliteBoardMiddleUpper
Volume LV_BakeliteBoardBottom has the following list of auxiliary information: 
Attaching sensitive detector Calorimeter to volume LV_BakeliteBoardBottom
Volume LV_AlFrame_Thick_3 has the following list of auxiliary information: 
Attaching sensitive detector Calorimeter to volume LV_AlFrame_Thick_3
Volume LV_SiliconDetector_Thick_0 has the following list of auxiliary information: 
Attaching sensitive detector Calorimeter to volume LV_SiliconDetector_Thick_0
Volume LV_SiliconDetector_Thick_3 has the following list of auxiliary information: 
Attaching sensitive detector Calorimeter to volume LV_SiliconDetector_Thick_3
Volume LV_AlFrame_Thick_0 has the following list of auxiliary information: 
Attaching sensitive detector Calorimeter to volume LV_AlFrame_Thick_0
Volume LV_AlScrew_Thick_0 has the following list of auxiliary information: 
Attaching sensitive detector Calorimeter to volume LV_AlScrew_Thick_0

 hInelastic FTFP_BERT : threshold between BERT and FTFP is over the interval 
 for pions :   3 to 6 GeV
 for kaons :   3 to 6 GeV
 for proton :  3 to 6 GeV
 for neutron : 3 to 6 GeV

### Adding tracking cuts for neutron  TimeCut(ns)= 10000  KinEnergyCut(MeV)= 0
=======================================================================
======                 Electromagnetic Physics Parameters      ========
=======================================================================
LPM effect enabled                                 1
Enable creation and use of sampling tables         0
Apply cuts on all EM processes                     0
Use general process                                0
Enable linear polarisation for gamma               0
Enable sampling of quantum entanglement            0
X-section factor for integral approach             0.8
Min kinetic energy for tables                      100 eV 
Max kinetic energy for tables                      100 TeV
Number of bins per decade of a table               7
Verbose level                                      1
Verbose level for worker thread                    0
Bremsstrahlung energy threshold above which 
  primary e+- is added to the list of secondary    100 TeV
Bremsstrahlung energy threshold above which primary
  muon/hadron is added to the list of secondary    100 TeV
Lowest triplet kinetic energy                      1 MeV
Enable sampling of gamma linear polarisation       0
5D gamma conversion model type                     0
5D gamma conversion model on isolated ion          0
Livermore data directory                           livermore
=======================================================================
======                 Ionisation Parameters                   ========
=======================================================================
Step function for e+-                              (0.2, 1 mm)
Step function for muons/hadrons                    (0.2, 0.1 mm)
Step function for light ions                       (0.2, 0.1 mm)
Step function for general ions                     (0.2, 0.1 mm)
Lowest e+e- kinetic energy                         1 keV
Lowest muon/hadron kinetic energy                  1 keV
Fluctuations of dE/dx are enabled                  1
Use ICRU90 data                                    0
Use built-in Birks satuaration                     0
Build CSDA range enabled                           0
Use cut as a final range enabled                   0
Enable angular generator interface                 0
Max kinetic energy for CSDA tables                 1 GeV
Max kinetic energy for NIEL computation            0 eV 
Linear loss limit                                  0.01
Read data from file for e+e- pair production by mu 0
=======================================================================
======                 Multiple Scattering Parameters          ========
=======================================================================
Type of msc step limit algorithm for e+-           1
Type of msc step limit algorithm for muons/hadrons 0
Msc lateral displacement for e+- enabled           1
Msc lateral displacement for muons and hadrons     0
Urban msc model lateral displacement alg96         1
Range factor for msc step limit for e+-            0.04
Range factor for msc step limit for muons/hadrons  0.2
Geometry factor for msc step limitation of e+-     2.5
Safety factor for msc step limit for e+-           0.6
Skin parameter for msc step limitation of e+-      1
Lambda limit for msc step limit for e+-            1 mm
Use Mott correction for e- scattering              0
Factor used for dynamic computation of angular 
  limit between single and multiple scattering     1
Fixed angular limit between single 
  and multiple scattering                          3.1416 rad
Upper energy limit for e+- multiple scattering     100 MeV
Type of electron single scattering model           0
Type of nuclear form-factor                        1
Screening factor                                   1
=======================================================================

phot:  for gamma SubType=12 BuildTable=0
      LambdaPrime table from 200 keV to 100 TeV in 61 bins 
      ===== EM models for the G4Region  DefaultRegionForTheWorld ======
 LivermorePhElectric : Emin=    0 eV  Emax=  100 TeV  SauterGavrila Fluo

compt:  for gamma SubType=13 BuildTable=1
      Lambda table from 100 eV  to 1 MeV, 7 bins/decade, spline: 1
      LambdaPrime table from 1 MeV to 100 TeV in 56 bins 
      ===== EM models for the G4Region  DefaultRegionForTheWorld ======
       Klein-Nishina : Emin=    0 eV  Emax=  100 TeV

conv:  for gamma SubType=14 BuildTable=1
      Lambda table from 1.022 MeV to 100 TeV, 18 bins/decade, spline: 1
      ===== EM models for the G4Region  DefaultRegionForTheWorld ======
     BetheHeitlerLPM : Emin=    0 eV  Emax=  100 TeV  ModifiedTsai

Rayl:  for gamma SubType=11 BuildTable=1
      Lambda table from 100 eV  to 100 keV, 7 bins/decade, spline: 0
      LambdaPrime table from 100 keV to 100 TeV in 63 bins 
      ===== EM models for the G4Region  DefaultRegionForTheWorld ======
   LivermoreRayleigh : Emin=    0 eV  Emax=  100 TeV  CullenGenerator

msc:  for e-  SubType= 10
      ===== EM models for the G4Region  DefaultRegionForTheWorld ======
            UrbanMsc : Emin=    0 eV  Emax=  100 MeV Nbins=42 100 eV  - 100 MeV
          StepLim=UseSafety Rfact=0.04 Gfact=2.5 Sfact=0.6 DispFlag:1 Skin=1 Llim=1 mm
        WentzelVIUni : Emin=  100 MeV Emax=  100 TeV Nbins=42 100 MeV - 100 TeV
          StepLim=UseSafety Rfact=0.04 Gfact=2.5 Sfact=0.6 DispFlag:1 Skin=1 Llim=1 mm

eIoni:  for e-  XStype:1  SubType=2
      dE/dx and range tables from 100 eV  to 100 TeV in 84 bins
      Lambda tables from threshold to 100 TeV, 7 bins/decade, spline: 1
      StepFunction=(0.2, 1 mm), integ: 1, fluct: 1, linLossLim= 0.01
      ===== EM models for the G4Region  DefaultRegionForTheWorld ======
        MollerBhabha : Emin=    0 eV  Emax=  100 TeV

eBrem:  for e-  XStype:4  SubType=3
      dE/dx and range tables from 100 eV  to 100 TeV in 84 bins
      Lambda tables from threshold to 100 TeV, 7 bins/decade, spline: 1
      LPM flag: 1 for E > 1 GeV,  VertexHighEnergyTh(GeV)= 100000
      ===== EM models for the G4Region  DefaultRegionForTheWorld ======
             eBremSB : Emin=    0 eV  Emax=    1 GeV  ModifiedTsai
            eBremLPM : Emin=    1 GeV Emax=  100 TeV  ModifiedTsai

CoulombScat:  for e- XStype:1 SubType=1 BuildTable=1
      Lambda table from 100 MeV to 100 TeV, 7 bins/decade, spline: 0
      ThetaMin(p) < Theta(degree) < 180; pLimit(GeV^1)= 0.139531
      ===== EM models for the G4Region  DefaultRegionForTheWorld ======
  eCoulombScattering : Emin=  100 MeV Emax=  100 TeV

msc:  for e+  SubType= 10
      ===== EM models for the G4Region  DefaultRegionForTheWorld ======
            UrbanMsc : Emin=    0 eV  Emax=  100 MeV Nbins=42 100 eV  - 100 MeV
          StepLim=UseSafety Rfact=0.04 Gfact=2.5 Sfact=0.6 DispFlag:1 Skin=1 Llim=1 mm
        WentzelVIUni : Emin=  100 MeV Emax=  100 TeV Nbins=42 100 MeV - 100 TeV
          StepLim=UseSafety Rfact=0.04 Gfact=2.5 Sfact=0.6 DispFlag:1 Skin=1 Llim=1 mm

eIoni:  for e+  XStype:1  SubType=2
      dE/dx and range tables from 100 eV  to 100 TeV in 84 bins
      Lambda tables from threshold to 100 TeV, 7 bins/decade, spline: 1
      StepFunction=(0.2, 1 mm), integ: 1, fluct: 1, linLossLim= 0.01
      ===== EM models for the G4Region  DefaultRegionForTheWorld ======
        MollerBhabha : Emin=    0 eV  Emax=  100 TeV

eBrem:  for e+  XStype:4  SubType=3
      dE/dx and range tables from 100 eV  to 100 TeV in 84 bins
      Lambda tables from threshold to 100 TeV, 7 bins/decade, spline: 1
      LPM flag: 1 for E > 1 GeV,  VertexHighEnergyTh(GeV)= 100000
      ===== EM models for the G4Region  DefaultRegionForTheWorld ======
             eBremSB : Emin=    0 eV  Emax=    1 GeV  ModifiedTsai
            eBremLPM : Emin=    1 GeV Emax=  100 TeV  ModifiedTsai

annihil:  for e+ XStype:2 SubType=5 BuildTable=0
      ===== EM models for the G4Region  DefaultRegionForTheWorld ======
            eplus2gg : Emin=    0 eV  Emax=  100 TeV

CoulombScat:  for e+ XStype:1 SubType=1 BuildTable=1
      Lambda table from 100 MeV to 100 TeV, 7 bins/decade, spline: 0
      ThetaMin(p) < Theta(degree) < 180; pLimit(GeV^1)= 0.139531
      ===== EM models for the G4Region  DefaultRegionForTheWorld ======
  eCoulombScattering : Emin=  100 MeV Emax=  100 TeV

msc:  for proton  SubType= 10
      ===== EM models for the G4Region  DefaultRegionForTheWorld ======
        WentzelVIUni : Emin=    0 eV  Emax=  100 TeV Nbins=84 100 eV  - 100 TeV
          StepLim=Minimal Rfact=0.2 Gfact=2.5 Sfact=0.6 DispFlag:0 Skin=1 Llim=1 mm

hIoni:  for proton  XStype:1  SubType=2
      dE/dx and range tables from 100 eV  to 100 TeV in 84 bins
      Lambda tables from threshold to 100 TeV, 7 bins/decade, spline: 1
      StepFunction=(0.2, 0.1 mm), integ: 1, fluct: 1, linLossLim= 0.01
      ===== EM models for the G4Region  DefaultRegionForTheWorld ======
               Bragg : Emin=    0 eV  Emax=    2 MeV
          BetheBloch : Emin=    2 MeV Emax=  100 TeV

hBrems:  for proton  XStype:1  SubType=3
      dE/dx and range tables from 100 eV  to 100 TeV in 84 bins
      Lambda tables from threshold to 100 TeV, 7 bins/decade, spline: 0
      ===== EM models for the G4Region  DefaultRegionForTheWorld ======
               hBrem : Emin=    0 eV  Emax=  100 TeV  ModifiedMephi

hPairProd:  for proton  XStype:1  SubType=4
      dE/dx and range tables from 100 eV  to 100 TeV in 84 bins
      Lambda tables from threshold to 100 TeV, 7 bins/decade, spline: 0
      Sampling table 17x1001; from 7.50618 GeV to 100 TeV 
      ===== EM models for the G4Region  DefaultRegionForTheWorld ======
           hPairProd : Emin=    0 eV  Emax=  100 TeV  ModifiedMephi

CoulombScat:  for proton XStype:1 SubType=1 BuildTable=1
      Lambda table from threshold  to 100 TeV, 7 bins/decade, spline: 0
      ThetaMin(p) < Theta(degree) < 180; pLimit(GeV^1)= 0.139531
      ===== EM models for the G4Region  DefaultRegionForTheWorld ======
  eCoulombScattering : Emin=    0 eV  Emax=  100 TeV

msc:  for GenericIon  SubType= 10
      ===== EM models for the G4Region  DefaultRegionForTheWorld ======
            UrbanMsc : Emin=    0 eV  Emax=  100 TeV
          StepLim=Minimal Rfact=0.2 Gfact=2.5 Sfact=0.6 DispFlag:0 Skin=1 Llim=1 mm

ionIoni:  for GenericIon  XStype:1  SubType=2
      dE/dx and range tables from 100 eV  to 100 TeV in 84 bins
      Lambda tables from threshold to 100 TeV, 7 bins/decade, spline: 1
      StepFunction=(0.2, 0.1 mm), integ: 1, fluct: 1, linLossLim= 0.02
      Stopping Power data for 17 ion/material pairs
      ===== EM models for the G4Region  DefaultRegionForTheWorld ======
            BraggIon : Emin=    0 eV  Emax=    2 MeV
          BetheBloch : Emin=    2 MeV Emax=  100 TeV

msc:  for alpha  SubType= 10
      ===== EM models for the G4Region  DefaultRegionForTheWorld ======
            UrbanMsc : Emin=    0 eV  Emax=  100 TeV
          StepLim=Minimal Rfact=0.2 Gfact=2.5 Sfact=0.6 DispFlag:0 Skin=1 Llim=1 mm

ionIoni:  for alpha  XStype:1  SubType=2
      dE/dx and range tables from 100 eV  to 100 TeV in 84 bins
      Lambda tables from threshold to 100 TeV, 7 bins/decade, spline: 1
      StepFunction=(0.2, 0.1 mm), integ: 1, fluct: 1, linLossLim= 0.02
      ===== EM models for the G4Region  DefaultRegionForTheWorld ======
            BraggIon : Emin=    0 eV  Emax=7.9452 MeV
          BetheBloch : Emin=7.9452 MeV Emax=  100 TeV

msc:  for anti_proton  SubType= 10
      ===== EM models for the G4Region  DefaultRegionForTheWorld ======
        WentzelVIUni : Emin=    0 eV  Emax=  100 TeV Nbins=84 100 eV  - 100 TeV
          StepLim=Minimal Rfact=0.2 Gfact=2.5 Sfact=0.6 DispFlag:0 Skin=1 Llim=1 mm

hIoni:  for anti_proton  XStype:1  SubType=2
      dE/dx and range tables from 100 eV  to 100 TeV in 84 bins
      Lambda tables from threshold to 100 TeV, 7 bins/decade, spline: 1
      StepFunction=(0.2, 0.1 mm), integ: 1, fluct: 1, linLossLim= 0.01
      ===== EM models for the G4Region  DefaultRegionForTheWorld ======
            ICRU73QO : Emin=    0 eV  Emax=    2 MeV
          BetheBloch : Emin=    2 MeV Emax=  100 TeV

hBrems:  for anti_proton  XStype:1  SubType=3
      dE/dx and range tables from 100 eV  to 100 TeV in 84 bins
      Lambda tables from threshold to 100 TeV, 7 bins/decade, spline: 0
      ===== EM models for the G4Region  DefaultRegionForTheWorld ======
               hBrem : Emin=    0 eV  Emax=  100 TeV  ModifiedMephi

hPairProd:  for anti_proton  XStype:1  SubType=4
      dE/dx and range tables from 100 eV  to 100 TeV in 84 bins
      Lambda tables from threshold to 100 TeV, 7 bins/decade, spline: 0
      Sampling table 17x1001; from 7.50618 GeV to 100 TeV 
      ===== EM models for the G4Region  DefaultRegionForTheWorld ======
           hPairProd : Emin=    0 eV  Emax=  100 TeV  ModifiedMephi

CoulombScat:  for anti_proton XStype:1 SubType=1 BuildTable=1
      Lambda table from threshold  to 100 TeV, 7 bins/decade, spline: 0
      ThetaMin(p) < Theta(degree) < 180; pLimit(GeV^1)= 0.139531
      ===== EM models for the G4Region  DefaultRegionForTheWorld ======
  eCoulombScattering : Emin=    0 eV  Emax=  100 TeV

msc:  for kaon+  SubType= 10
      ===== EM models for the G4Region  DefaultRegionForTheWorld ======
        WentzelVIUni : Emin=    0 eV  Emax=  100 TeV Nbins=84 100 eV  - 100 TeV
          StepLim=Minimal Rfact=0.2 Gfact=2.5 Sfact=0.6 DispFlag:0 Skin=1 Llim=1 mm

hIoni:  for kaon+  XStype:1  SubType=2
      dE/dx and range tables from 100 eV  to 100 TeV in 84 bins
      Lambda tables from threshold to 100 TeV, 7 bins/decade, spline: 1
      StepFunction=(0.2, 0.1 mm), integ: 1, fluct: 1, linLossLim= 0.01
      ===== EM models for the G4Region  DefaultRegionForTheWorld ======
               Bragg : Emin=    0 eV  Emax=1.05231 MeV
          BetheBloch : Emin=1.05231 MeV Emax=  100 TeV

hBrems:  for kaon+  XStype:1  SubType=3
      dE/dx and range tables from 100 eV  to 100 TeV in 84 bins
      Lambda tables from threshold to 100 TeV, 7 bins/decade, spline: 0
      ===== EM models for the G4Region  DefaultRegionForTheWorld ======
               hBrem : Emin=    0 eV  Emax=  100 TeV  ModifiedMephi

hPairProd:  for kaon+  XStype:1  SubType=4
      dE/dx and range tables from 100 eV  to 100 TeV in 84 bins
      Lambda tables from threshold to 100 TeV, 7 bins/decade, spline: 0
      Sampling table 18x1001; from 3.94942 GeV to 100 TeV 
      ===== EM models for the G4Region  DefaultRegionForTheWorld ======
           hPairProd : Emin=    0 eV  Emax=  100 TeV  ModifiedMephi

CoulombScat:  for kaon+ XStype:1 SubType=1 BuildTable=1
      Lambda table from threshold  to 100 TeV, 7 bins/decade, spline: 0
      ThetaMin(p) < Theta(degree) < 180; pLimit(GeV^1)= 0.139531
      ===== EM models for the G4Region  DefaultRegionForTheWorld ======
  eCoulombScattering : Emin=    0 eV  Emax=  100 TeV

msc:  for kaon-  SubType= 10
      ===== EM models for the G4Region  DefaultRegionForTheWorld ======
        WentzelVIUni : Emin=    0 eV  Emax=  100 TeV Nbins=84 100 eV  - 100 TeV
          StepLim=Minimal Rfact=0.2 Gfact=2.5 Sfact=0.6 DispFlag:0 Skin=1 Llim=1 mm

hIoni:  for kaon-  XStype:1  SubType=2
      dE/dx and range tables from 100 eV  to 100 TeV in 84 bins
      Lambda tables from threshold to 100 TeV, 7 bins/decade, spline: 1
      StepFunction=(0.2, 0.1 mm), integ: 1, fluct: 1, linLossLim= 0.01
      ===== EM models for the G4Region  DefaultRegionForTheWorld ======
            ICRU73QO : Emin=    0 eV  Emax=1.05231 MeV
          BetheBloch : Emin=1.05231 MeV Emax=  100 TeV

hBrems:  for kaon-  XStype:1  SubType=3
      dE/dx and range tables from 100 eV  to 100 TeV in 84 bins
      Lambda tables from threshold to 100 TeV, 7 bins/decade, spline: 0
      ===== EM models for the G4Region  DefaultRegionForTheWorld ======
               hBrem : Emin=    0 eV  Emax=  100 TeV  ModifiedMephi

hPairProd:  for kaon-  XStype:1  SubType=4
      dE/dx and range tables from 100 eV  to 100 TeV in 84 bins
      Lambda tables from threshold to 100 TeV, 7 bins/decade, spline: 0
      Sampling table 18x1001; from 3.94942 GeV to 100 TeV 
      ===== EM models for the G4Region  DefaultRegionForTheWorld ======
           hPairProd : Emin=    0 eV  Emax=  100 TeV  ModifiedMephi

CoulombScat:  for kaon- XStype:1 SubType=1 BuildTable=1
      Used Lambda table of kaon+
      ThetaMin(p) < Theta(degree) < 180; pLimit(GeV^1)= 0.139531
      ===== EM models for the G4Region  DefaultRegionForTheWorld ======
  eCoulombScattering : Emin=    0 eV  Emax=  100 TeV

msc:  for mu+  SubType= 10
      ===== EM models for the G4Region  DefaultRegionForTheWorld ======
        WentzelVIUni : Emin=    0 eV  Emax=  100 TeV Nbins=84 100 eV  - 100 TeV
          StepLim=Minimal Rfact=0.2 Gfact=2.5 Sfact=0.6 DispFlag:0 Skin=1 Llim=1 mm

muIoni:  for mu+  XStype:1  SubType=2
      dE/dx and range tables from 100 eV  to 100 TeV in 84 bins
      Lambda tables from threshold to 100 TeV, 7 bins/decade, spline: 1
      StepFunction=(0.2, 0.1 mm), integ: 1, fluct: 1, linLossLim= 0.01
      ===== EM models for the G4Region  DefaultRegionForTheWorld ======
               Bragg : Emin=    0 eV  Emax=  200 keV
          BetheBloch : Emin=  200 keV Emax=    1 GeV
        MuBetheBloch : Emin=    1 GeV Emax=  100 TeV

muBrems:  for mu+  XStype:1  SubType=3
      dE/dx and range tables from 100 eV  to 100 TeV in 84 bins
      Lambda tables from threshold to 100 TeV, 7 bins/decade, spline: 0
      ===== EM models for the G4Region  DefaultRegionForTheWorld ======
              MuBrem : Emin=    0 eV  Emax=  100 TeV  ModifiedMephi

muPairProd:  for mu+  XStype:1  SubType=4
      dE/dx and range tables from 100 eV  to 100 TeV in 84 bins
      Lambda tables from threshold to 100 TeV, 7 bins/decade, spline: 0
      Sampling table 21x1001; from 1 GeV to 100 TeV 
      ===== EM models for the G4Region  DefaultRegionForTheWorld ======
          muPairProd : Emin=    0 eV  Emax=  100 TeV  ModifiedMephi

CoulombScat:  for mu+ XStype:1 SubType=1 BuildTable=1
      Lambda table from threshold  to 100 TeV, 7 bins/decade, spline: 0
      ThetaMin(p) < Theta(degree) < 180; pLimit(GeV^1)= 0.139531
      ===== EM models for the G4Region  DefaultRegionForTheWorld ======
  eCoulombScattering : Emin=    0 eV  Emax=  100 TeV

msc:  for mu-  SubType= 10
      ===== EM models for the G4Region  DefaultRegionForTheWorld ======
        WentzelVIUni : Emin=    0 eV  Emax=  100 TeV Nbins=84 100 eV  - 100 TeV
          StepLim=Minimal Rfact=0.2 Gfact=2.5 Sfact=0.6 DispFlag:0 Skin=1 Llim=1 mm

muIoni:  for mu-  XStype:1  SubType=2
      dE/dx and range tables from 100 eV  to 100 TeV in 84 bins
      Lambda tables from threshold to 100 TeV, 7 bins/decade, spline: 1
      StepFunction=(0.2, 0.1 mm), integ: 1, fluct: 1, linLossLim= 0.01
      ===== EM models for the G4Region  DefaultRegionForTheWorld ======
            ICRU73QO : Emin=    0 eV  Emax=  200 keV
          BetheBloch : Emin=  200 keV Emax=    1 GeV
        MuBetheBloch : Emin=    1 GeV Emax=  100 TeV

muBrems:  for mu-  XStype:1  SubType=3
      dE/dx and range tables from 100 eV  to 100 TeV in 84 bins
      Lambda tables from threshold to 100 TeV, 7 bins/decade, spline: 0
      ===== EM models for the G4Region  DefaultRegionForTheWorld ======
              MuBrem : Emin=    0 eV  Emax=  100 TeV  ModifiedMephi

muPairProd:  for mu-  XStype:1  SubType=4
      dE/dx and range tables from 100 eV  to 100 TeV in 84 bins
      Lambda tables from threshold to 100 TeV, 7 bins/decade, spline: 0
      Sampling table 21x1001; from 1 GeV to 100 TeV 
      ===== EM models for the G4Region  DefaultRegionForTheWorld ======
          muPairProd : Emin=    0 eV  Emax=  100 TeV  ModifiedMephi

CoulombScat:  for mu- XStype:1 SubType=1 BuildTable=1
      Used Lambda table of mu+
      ThetaMin(p) < Theta(degree) < 180; pLimit(GeV^1)= 0.139531
      ===== EM models for the G4Region  DefaultRegionForTheWorld ======
  eCoulombScattering : Emin=    0 eV  Emax=  100 TeV

msc:  for pi+  SubType= 10
      ===== EM models for the G4Region  DefaultRegionForTheWorld ======
        WentzelVIUni : Emin=    0 eV  Emax=  100 TeV Nbins=84 100 eV  - 100 TeV
          StepLim=Minimal Rfact=0.2 Gfact=2.5 Sfact=0.6 DispFlag:0 Skin=1 Llim=1 mm

hIoni:  for pi+  XStype:1  SubType=2
      dE/dx and range tables from 100 eV  to 100 TeV in 84 bins
      Lambda tables from threshold to 100 TeV, 7 bins/decade, spline: 1
      StepFunction=(0.2, 0.1 mm), integ: 1, fluct: 1, linLossLim= 0.01
      ===== EM models for the G4Region  DefaultRegionForTheWorld ======
               Bragg : Emin=    0 eV  Emax=297.505 keV
          BetheBloch : Emin=297.505 keV Emax=  100 TeV

hBrems:  for pi+  XStype:1  SubType=3
      dE/dx and range tables from 100 eV  to 100 TeV in 84 bins
      Lambda tables from threshold to 100 TeV, 7 bins/decade, spline: 0
      ===== EM models for the G4Region  DefaultRegionForTheWorld ======
               hBrem : Emin=    0 eV  Emax=  100 TeV  ModifiedMephi

hPairProd:  for pi+  XStype:1  SubType=4
      dE/dx and range tables from 100 eV  to 100 TeV in 84 bins
      Lambda tables from threshold to 100 TeV, 7 bins/decade, spline: 0
      Sampling table 20x1001; from 1.11656 GeV to 100 TeV 
      ===== EM models for the G4Region  DefaultRegionForTheWorld ======
           hPairProd : Emin=    0 eV  Emax=  100 TeV  ModifiedMephi

CoulombScat:  for pi+ XStype:1 SubType=1 BuildTable=1
      Lambda table from threshold  to 100 TeV, 7 bins/decade, spline: 0
      ThetaMin(p) < Theta(degree) < 180; pLimit(GeV^1)= 0.139531
      ===== EM models for the G4Region  DefaultRegionForTheWorld ======
  eCoulombScattering : Emin=    0 eV  Emax=  100 TeV

msc:  for pi-  SubType= 10
      ===== EM models for the G4Region  DefaultRegionForTheWorld ======
        WentzelVIUni : Emin=    0 eV  Emax=  100 TeV Nbins=84 100 eV  - 100 TeV
          StepLim=Minimal Rfact=0.2 Gfact=2.5 Sfact=0.6 DispFlag:0 Skin=1 Llim=1 mm

hIoni:  for pi-  XStype:1  SubType=2
      dE/dx and range tables from 100 eV  to 100 TeV in 84 bins
      Lambda tables from threshold to 100 TeV, 7 bins/decade, spline: 1
      StepFunction=(0.2, 0.1 mm), integ: 1, fluct: 1, linLossLim= 0.01
      ===== EM models for the G4Region  DefaultRegionForTheWorld ======
            ICRU73QO : Emin=    0 eV  Emax=297.505 keV
          BetheBloch : Emin=297.505 keV Emax=  100 TeV

hBrems:  for pi-  XStype:1  SubType=3
      dE/dx and range tables from 100 eV  to 100 TeV in 84 bins
      Lambda tables from threshold to 100 TeV, 7 bins/decade, spline: 0
      ===== EM models for the G4Region  DefaultRegionForTheWorld ======
               hBrem : Emin=    0 eV  Emax=  100 TeV  ModifiedMephi

hPairProd:  for pi-  XStype:1  SubType=4
      dE/dx and range tables from 100 eV  to 100 TeV in 84 bins
      Lambda tables from threshold to 100 TeV, 7 bins/decade, spline: 0
      Sampling table 20x1001; from 1.11656 GeV to 100 TeV 
      ===== EM models for the G4Region  DefaultRegionForTheWorld ======
           hPairProd : Emin=    0 eV  Emax=  100 TeV  ModifiedMephi

CoulombScat:  for pi- XStype:1 SubType=1 BuildTable=1
      Used Lambda table of pi+
      ThetaMin(p) < Theta(degree) < 180; pLimit(GeV^1)= 0.139531
      ===== EM models for the G4Region  DefaultRegionForTheWorld ======
  eCoulombScattering : Emin=    0 eV  Emax=  100 TeV

====================================================================
                  HADRONIC PROCESSES SUMMARY (verbose level 1)

---------------------------------------------------
                           Hadronic Processes for neutron

  Process: hadElastic
        Model:             hElasticCHIPS: 0 eV  ---> 100 TeV
     Cr_sctns:        G4NeutronElasticXS: 0 eV  ---> 100 TeV

  Process: neutronInelastic
        Model:                      FTFP: 3 GeV ---> 100 TeV
        Model:            BertiniCascade: 0 eV  ---> 6 GeV
     Cr_sctns:      G4NeutronInelasticXS: 0 eV  ---> 100 TeV

  Process: nCapture
        Model:               nRadCapture: 0 eV  ---> 100 TeV
     Cr_sctns:        G4NeutronCaptureXS: 0 eV  ---> 100 TeV

  Process: nKiller

---------------------------------------------------
                           Hadronic Processes for B-

  Process: hadElastic
        Model:              hElasticLHEP: 0 eV  ---> 100 TeV
     Cr_sctns:            Glauber-Gribov: 0 eV  ---> 100 TeV

  Process: B-Inelastic
        Model:                      FTFP: 0 eV  ---> 100 TeV
     Cr_sctns:            Glauber-Gribov: 0 eV  ---> 100 TeV

---------------------------------------------------
                           Hadronic Processes for D-

  Process: hadElastic
        Model:              hElasticLHEP: 0 eV  ---> 100 TeV
     Cr_sctns:            Glauber-Gribov: 0 eV  ---> 100 TeV

  Process: D-Inelastic
        Model:                      FTFP: 0 eV  ---> 100 TeV
     Cr_sctns:            Glauber-Gribov: 0 eV  ---> 100 TeV

---------------------------------------------------
                           Hadronic Processes for GenericIon

  Process: ionInelastic
        Model:  Binary Light Ion Cascade: 0 eV /n ---> 6 GeV/n
        Model:                      FTFP: 3 GeV/n ---> 100 TeV/n
     Cr_sctns:  Glauber-Gribov Nucl-nucl: 0 eV  ---> 25.6 PeV

---------------------------------------------------
                           Hadronic Processes for He3

  Process: hadElastic
        Model:              hElasticLHEP: 0 eV /n ---> 100 TeV/n
     Cr_sctns:  Glauber-Gribov Nucl-nucl: 0 eV  ---> 25.6 PeV

  Process: He3Inelastic
        Model:  Binary Light Ion Cascade: 0 eV /n ---> 6 GeV/n
        Model:                      FTFP: 3 GeV/n ---> 100 TeV/n
     Cr_sctns:  Glauber-Gribov Nucl-nucl: 0 eV  ---> 25.6 PeV

---------------------------------------------------
                           Hadronic Processes for alpha

  Process: hadElastic
        Model:              hElasticLHEP: 0 eV /n ---> 100 TeV/n
     Cr_sctns:  Glauber-Gribov Nucl-nucl: 0 eV  ---> 25.6 PeV

  Process: alphaInelastic
        Model:  Binary Light Ion Cascade: 0 eV /n ---> 6 GeV/n
        Model:                      FTFP: 3 GeV/n ---> 100 TeV/n
     Cr_sctns:  Glauber-Gribov Nucl-nucl: 0 eV  ---> 25.6 PeV

---------------------------------------------------
                           Hadronic Processes for anti_He3

  Process: hadElastic
        Model:              hElasticLHEP: 0 eV /n ---> 100.1 MeV/n
        Model:              AntiAElastic: 100 MeV/n ---> 100 TeV/n
     Cr_sctns:              AntiAGlauber: 0 eV  ---> 25.6 PeV

  Process: anti_He3Inelastic
        Model:                      FTFP: 0 eV /n ---> 100 TeV/n
     Cr_sctns:              AntiAGlauber: 0 eV  ---> 25.6 PeV

  Process: hFritiofCaptureAtRest

---------------------------------------------------
                           Hadronic Processes for anti_alpha

  Process: hadElastic
        Model:              hElasticLHEP: 0 eV /n ---> 100.1 MeV/n
        Model:              AntiAElastic: 100 MeV/n ---> 100 TeV/n
     Cr_sctns:              AntiAGlauber: 0 eV  ---> 25.6 PeV

  Process: anti_alphaInelastic
        Model:                      FTFP: 0 eV /n ---> 100 TeV/n
     Cr_sctns:              AntiAGlauber: 0 eV  ---> 25.6 PeV

  Process: hFritiofCaptureAtRest

---------------------------------------------------
                           Hadronic Processes for anti_deuteron

  Process: hadElastic
        Model:              hElasticLHEP: 0 eV /n ---> 100.1 MeV/n
        Model:              AntiAElastic: 100 MeV/n ---> 100 TeV/n
     Cr_sctns:              AntiAGlauber: 0 eV  ---> 25.6 PeV

  Process: anti_deuteronInelastic
        Model:                      FTFP: 0 eV /n ---> 100 TeV/n
     Cr_sctns:              AntiAGlauber: 0 eV  ---> 25.6 PeV

  Process: hFritiofCaptureAtRest

---------------------------------------------------
                           Hadronic Processes for anti_lambda

  Process: hadElastic
        Model:              hElasticLHEP: 0 eV  ---> 100 TeV
     Cr_sctns:            Glauber-Gribov: 0 eV  ---> 100 TeV

  Process: anti_lambdaInelastic
        Model:                      FTFP: 0 eV  ---> 100 TeV
     Cr_sctns:            Glauber-Gribov: 0 eV  ---> 100 TeV

  Process: hFritiofCaptureAtRest

---------------------------------------------------
                           Hadronic Processes for anti_neutron

  Process: hadElastic
        Model:              hElasticLHEP: 0 eV  ---> 100.1 MeV
        Model:              AntiAElastic: 100 MeV ---> 100 TeV
     Cr_sctns:              AntiAGlauber: 0 eV  ---> 25.6 PeV

  Process: anti_neutronInelastic
        Model:                      FTFP: 0 eV  ---> 100 TeV
     Cr_sctns:              AntiAGlauber: 0 eV  ---> 25.6 PeV

  Process: hFritiofCaptureAtRest

---------------------------------------------------
                           Hadronic Processes for anti_proton

  Process: hadElastic
        Model:              hElasticLHEP: 0 eV  ---> 100.1 MeV
        Model:              AntiAElastic: 100 MeV ---> 100 TeV
     Cr_sctns:              AntiAGlauber: 0 eV  ---> 25.6 PeV

  Process: anti_protonInelastic
        Model:                      FTFP: 0 eV  ---> 100 TeV
     Cr_sctns:              AntiAGlauber: 0 eV  ---> 25.6 PeV

  Process: hFritiofCaptureAtRest

---------------------------------------------------
                           Hadronic Processes for anti_triton

  Process: hadElastic
        Model:              hElasticLHEP: 0 eV /n ---> 100.1 MeV/n
        Model:              AntiAElastic: 100 MeV/n ---> 100 TeV/n
     Cr_sctns:              AntiAGlauber: 0 eV  ---> 25.6 PeV

  Process: anti_tritonInelastic
        Model:                      FTFP: 0 eV /n ---> 100 TeV/n
     Cr_sctns:              AntiAGlauber: 0 eV  ---> 25.6 PeV

  Process: hFritiofCaptureAtRest

---------------------------------------------------
                           Hadronic Processes for deuteron

  Process: hadElastic
        Model:              hElasticLHEP: 0 eV /n ---> 100 TeV/n
     Cr_sctns:  Glauber-Gribov Nucl-nucl: 0 eV  ---> 25.6 PeV

  Process: dInelastic
        Model:  Binary Light Ion Cascade: 0 eV /n ---> 6 GeV/n
        Model:                      FTFP: 3 GeV/n ---> 100 TeV/n
     Cr_sctns:  Glauber-Gribov Nucl-nucl: 0 eV  ---> 25.6 PeV

---------------------------------------------------
                           Hadronic Processes for e+

  Process: positronNuclear
        Model:   G4ElectroVDNuclearModel: 0 eV  ---> 1 PeV
     Cr_sctns:          ElectroNuclearXS: 0 eV  ---> 100 TeV

---------------------------------------------------
                           Hadronic Processes for e-

  Process: electronNuclear
        Model:   G4ElectroVDNuclearModel: 0 eV  ---> 1 PeV
     Cr_sctns:          ElectroNuclearXS: 0 eV  ---> 100 TeV

---------------------------------------------------
                           Hadronic Processes for gamma

  Process: photonNuclear
        Model:               GammaNPreco: 0 eV  ---> 200 MeV
        Model:            BertiniCascade: 199 MeV ---> 6 GeV
        Model:           TheoFSGenerator: 3 GeV ---> 100 TeV
     Cr_sctns:            GammaNuclearXS: 0 eV  ---> 100 TeV

---------------------------------------------------
                           Hadronic Processes for kaon+

  Process: hadElastic
        Model:              hElasticLHEP: 0 eV  ---> 100 TeV
     Cr_sctns:            Glauber-Gribov: 0 eV  ---> 100 TeV

  Process: kaon+Inelastic
        Model:                      FTFP: 3 GeV ---> 100 TeV
        Model:            BertiniCascade: 0 eV  ---> 6 GeV
     Cr_sctns:            Glauber-Gribov: 0 eV  ---> 100 TeV

---------------------------------------------------
                           Hadronic Processes for kaon-

  Process: hadElastic
        Model:              hElasticLHEP: 0 eV  ---> 100 TeV
     Cr_sctns:            Glauber-Gribov: 0 eV  ---> 100 TeV

  Process: kaon-Inelastic
        Model:                      FTFP: 3 GeV ---> 100 TeV
        Model:            BertiniCascade: 0 eV  ---> 6 GeV
     Cr_sctns:            Glauber-Gribov: 0 eV  ---> 100 TeV

  Process: hBertiniCaptureAtRest

---------------------------------------------------
                           Hadronic Processes for lambda

  Process: hadElastic
        Model:              hElasticLHEP: 0 eV  ---> 100 TeV
     Cr_sctns:            Glauber-Gribov: 0 eV  ---> 100 TeV

  Process: lambdaInelastic
        Model:                      FTFP: 3 GeV ---> 100 TeV
        Model:            BertiniCascade: 0 eV  ---> 6 GeV
     Cr_sctns:            Glauber-Gribov: 0 eV  ---> 100 TeV

---------------------------------------------------
                           Hadronic Processes for mu+

  Process: muonNuclear
        Model:      G4MuonVDNuclearModel: 0 eV  ---> 1 PeV
     Cr_sctns:     KokoulinMuonNuclearXS: 0 eV  ---> 100 TeV

---------------------------------------------------
                           Hadronic Processes for mu-

  Process: muonNuclear
        Model:      G4MuonVDNuclearModel: 0 eV  ---> 1 PeV
     Cr_sctns:     KokoulinMuonNuclearXS: 0 eV  ---> 100 TeV

  Process: muMinusCaptureAtRest

---------------------------------------------------
                           Hadronic Processes for pi+

  Process: hadElastic
        Model:           hElasticGlauber: 0 eV  ---> 100 TeV
     Cr_sctns:  BarashenkovGlauberGribov: 0 eV  ---> 100 TeV

  Process: pi+Inelastic
        Model:                      FTFP: 3 GeV ---> 100 TeV
        Model:            BertiniCascade: 0 eV  ---> 6 GeV
     Cr_sctns:  BarashenkovGlauberGribov: 0 eV  ---> 100 TeV

---------------------------------------------------
                           Hadronic Processes for pi-

  Process: hadElastic
        Model:           hElasticGlauber: 0 eV  ---> 100 TeV
     Cr_sctns:  BarashenkovGlauberGribov: 0 eV  ---> 100 TeV

  Process: pi-Inelastic
        Model:                      FTFP: 3 GeV ---> 100 TeV
        Model:            BertiniCascade: 0 eV  ---> 6 GeV
     Cr_sctns:  BarashenkovGlauberGribov: 0 eV  ---> 100 TeV

  Process: hBertiniCaptureAtRest

---------------------------------------------------
                           Hadronic Processes for proton

  Process: hadElastic
        Model:             hElasticCHIPS: 0 eV  ---> 100 TeV
     Cr_sctns:  BarashenkovGlauberGribov: 0 eV  ---> 100 TeV

  Process: protonInelastic
        Model:                      FTFP: 3 GeV ---> 100 TeV
        Model:            BertiniCascade: 0 eV  ---> 6 GeV
     Cr_sctns:  BarashenkovGlauberGribov: 0 eV  ---> 100 TeV

---------------------------------------------------
                           Hadronic Processes for sigma-

  Process: hadElastic
        Model:              hElasticLHEP: 0 eV  ---> 100 TeV
     Cr_sctns:            Glauber-Gribov: 0 eV  ---> 100 TeV

  Process: sigma-Inelastic
        Model:                      FTFP: 3 GeV ---> 100 TeV
        Model:            BertiniCascade: 0 eV  ---> 6 GeV
     Cr_sctns:            Glauber-Gribov: 0 eV  ---> 100 TeV

  Process: hBertiniCaptureAtRest

---------------------------------------------------
                           Hadronic Processes for triton

  Process: hadElastic
        Model:              hElasticLHEP: 0 eV /n ---> 100 TeV/n
     Cr_sctns:  Glauber-Gribov Nucl-nucl: 0 eV  ---> 25.6 PeV

  Process: tInelastic
        Model:  Binary Light Ion Cascade: 0 eV /n ---> 6 GeV/n
        Model:                      FTFP: 3 GeV/n ---> 100 TeV/n
     Cr_sctns:  Glauber-Gribov Nucl-nucl: 0 eV  ---> 25.6 PeV

================================================================
=======================================================================
======       Pre-compound/De-excitation Physics Parameters     ========
=======================================================================
Type of pre-compound inverse x-section              3
Pre-compound model active                           1
Pre-compound excitation low energy (MeV)            0.1
Pre-compound excitation high energy (MeV)           30
Type of de-excitation inverse x-section             3
Type of de-excitation factory                       Evaporation+GEM
Number of de-excitation channels                    68
Min excitation energy (keV)                         0.01
Min energy per nucleon for multifragmentation (MeV) 2e+05
Limit excitation energy for Fermi BreakUp (MeV)     20
Level density (1/MeV)                               0.075
Use simple level density model                      1
Use discrete excitation energy of the residual      0
Time limit for long lived isomeres (ns)             1
Isomer production flag                              1
Internal e- conversion flag                         1
Store e- internal conversion data                   0
Correlated gamma emission flag                      0
Max 2J for sampling of angular correlations         10
=======================================================================

=========================================================================
--> G4TaskRunManager::CreateAndStartWorkers() --> Initializing workers...
=========================================================================

G4WT0 > ###############
G4WT0 > ###############
G4WT0 > ###############
G4WT0 > ###############
G4WT0 > ###############
G4WT0 > ###############
G4WT0 > ###############
G4WT0 > ###############
G4WT0 > ###############
G4WT0 > ###############
G4WT0 > /data1/home/rnicolai/LEM_GDML_upgrade/OUT/Output_Geant4Simulation_20230819/Text_output/GDML_file_0/OutText_f0_j10_GDML_SD_EventAction.txt
G4WT0 > ###############
G4WT0 > ###############
G4WT0 > ###############
G4WT0 > ###############
G4WT0 > ###############
G4WT0 > ###############
G4WT0 > ###############
G4WT0 > ###############
G4WT0 > ###############
G4WT0 > ###############
G4WT0 > ###############
G4WT0 > ###############
G4WT0 > ###############
G4WT0 > ###############
G4WT0 > ###############
G4WT0 > ###############
G4WT0 > ###############
G4WT0 > ###############
G4WT0 > ###############
G4WT0 > ###############
G4WT0 > ###############
G4WT0 > ###############
G4WT0 > ###############
G4WT0 > ###############
G4WT0 > ###############
G4WT0 > ###############
G4WT0 > ###############
G4WT0 > ###############
G4WT0 > ###############
G4WT0 > ###############
G4WT0 > ###############
G4WT0 > ###############
G4WT0 > ###############
G4WT0 > ###############
G4WT0 > ###############
G4WT0 > ###############
G4WT0 > ###############
G4WT0 > ###############
G4WT0 > ###############
G4WT0 > ###############
G4WT0 > ###############
G4WT0 > ###############
G4WT0 > ###############
G4WT0 > ###############
G4WT0 > ###############
G4WT0 > ###############
G4WT0 > ###############
G4WT0 > ###############
G4WT0 > ###############
G4WT0 > ###############
G4WT0 > ###############
G4WT0 > ###############
G4WT0 > ###############
G4WT0 > ###############
G4WT0 > ###############
G4WT0 > ###############
G4WT0 > ###############
G4WT0 > ###############
G4WT0 > ###############
G4WT0 > ###############
G4WT0 > ###############
G4WT0 > ###############
G4WT0 > ###############
G4WT0 > ###############
G4WT0 > ###############
G4WT0 > ###############
G4WT0 > ###############
G4WT0 > ###############
G4WT0 > ###############
G4WT0 > ###############
G4WT0 > ###############
G4WT0 > ###############
G4WT0 > ###############
G4WT0 > ###############
G4WT0 > ###############
G4WT0 > ###############
G4WT0 > ###############
G4WT0 > ###############
G4WT0 > ###############
G4WT0 > ###############
G4WT0 > ###############
G4WT0 > ###############
G4WT0 > ###############
G4WT0 > ###############
G4WT0 > ###############
G4WT0 > ###############
G4WT0 > ###############
G4WT0 > ###############
G4WT0 > ###############
G4WT0 > ###############
G4WT0 > ###############
G4WT0 > ###############
G4WT0 > ###############
G4WT0 > ###############
G4WT0 > ###############
G4WT0 > ###############
G4WT0 > ###############
G4WT0 > ###############
G4WT0 > ###############
G4WT0 > ###############
Visualization Manager instantiating with verbosity "warnings (3)"...
Visualization Manager initialising...
Registering graphics systems...

You have successfully registered the following graphics systems.
Registered graphics systems are:
  ASCIITree (ATree)
  DAWNFILE (DAWNFILE)
  G4HepRepFile (HepRepFile)
  RayTracer (RayTracer)
  VRML2FILE (VRML2FILE)
  gMocrenFile (gMocrenFile)
  OpenGLImmediateQt (OGLIQt, OGLI)
  OpenGLStoredQt (OGLSQt, OGL, OGLS)
  OpenGLImmediateXm (OGLIXm, OGLIQt_FALLBACK)
  OpenGLStoredXm (OGLSXm, OGLSQt_FALLBACK)
  OpenGLImmediateX (OGLIX, OGLIQt_FALLBACK, OGLIXm_FALLBACK)
  OpenGLStoredX (OGLSX, OGLSQt_FALLBACK, OGLSXm_FALLBACK)

Registering model factories...

You have successfully registered the following model factories.
Registered model factories:
  generic
  drawByAttribute
  drawByCharge
  drawByOriginVolume
  drawByParticleID
  drawByEncounteredVolume

Registered models:
  None

Registered filter factories:
  attributeFilter
  chargeFilter
  originVolumeFilter
  particleFilter
  encounteredVolumeFilter

Registered filters:
  None

You have successfully registered the following user vis actions.
Run Duration User Vis Actions: none
End of Event User Vis Actions: none
End of Run User Vis Actions: none

Some /vis commands (optionally) take a string to specify colour.
"/vis/list" to see available colours.

========= Table of registered couples ============================

Index : 0     used in the geometry : Yes
 Material : G4_Galactic
 Range cuts        :  gamma  700 um     e-  700 um     e+  700 um  proton 700 um 
 Energy thresholds :  gamma  990 eV     e-  990 eV     e+  990 eV  proton 70 keV
 Region(s) which use this couple : 
    DefaultRegionForTheWorld

Index : 1     used in the geometry : Yes
 Material : G4_Al
 Range cuts        :  gamma  700 um     e-  700 um     e+  700 um  proton 700 um 
 Energy thresholds :  gamma  5.84707 keV    e-  461.19 keV    e+  445.1 keV proton 70 keV
 Region(s) which use this couple : 
    DefaultRegionForTheWorld

Index : 2     used in the geometry : Yes
 Material : G4_Si
 Range cuts        :  gamma  700 um     e-  700 um     e+  700 um  proton 700 um 
 Energy thresholds :  gamma  5.85415 keV    e-  423.338 keV    e+  409.013 keV proton 70 keV
 Region(s) which use this couple : 
    DefaultRegionForTheWorld

Index : 3     used in the geometry : Yes
 Material : G4_BAKELITE
 Range cuts        :  gamma  700 um     e-  700 um     e+  700 um  proton 700 um 
 Energy thresholds :  gamma  2.38497 keV    e-  311.339 keV    e+  303.255 keV proton 70 keV
 Region(s) which use this couple : 
    DefaultRegionForTheWorld

Index : 4     used in the geometry : Yes
 Material : G4_PLASTIC_SC_VINYLTOLUENE
 Range cuts        :  gamma  700 um     e-  700 um     e+  700 um  proton 700 um 
 Energy thresholds :  gamma  2.09715 keV    e-  281.883 keV    e+  275.044 keV proton 70 keV
 Region(s) which use this couple : 
    DefaultRegionForTheWorld

Index : 5     used in the geometry : Yes
 Material : GAGG
 Range cuts        :  gamma  700 um     e-  700 um     e+  700 um  proton 700 um 
 Energy thresholds :  gamma  34.9059 keV    e-  782.898 keV    e+  745.353 keV proton 70 keV
 Region(s) which use this couple : 
    DefaultRegionForTheWorld

==================================================================

G4VisManager: Using G4TrajectoryDrawByCharge as fallback trajectory model.
See commands in /vis/modeling/trajectories/ for other options.
### Run 0 starts.

============================================================================================
--> G4TaskRunManager::CreateAndStartWorkers() --> Creating 316 tasks with 316 events/task...
============================================================================================

G4WT0 > ### Run 0 starts on worker thread 0.
G4WT0 > ... set ntuple merging row mode : row-wise - done
G4WT0 > ... create file : /data1/home/rnicolai/LEM_GDML_upgrade/OUT/Output_Geant4Simulation_20230819/DST/GDML_file_0/e-_j10_t0.root - done
G4WT0 > ... open analysis file : /data1/home/rnicolai/LEM_GDML_upgrade/OUT/Output_Geant4Simulation_20230819/DST/GDML_file_0/e-_j10.root - done
G4WT0 > ... open analysis file : /data1/home/rnicolai/LEM_GDML_upgrade/OUT/Output_Geant4Simulation_20230819/DST/GDML_file_0/e-_j10.root - done
G4WT0 > Event N: 1000
G4WT0 > Event N: 2000
G4WT0 > 2448	11.5891	3.30891	4.64242	1.6496	1.65931	0	0
G4WT0 > Event N: 3000
G4WT0 > Event N: 4000
G4WT0 > Event N: 5000
G4WT0 > Event N: 6000
G4WT0 > 6665	10.9233	2.08081	4.39542	1.54834	0.532464	0	0
G4WT0 > Event N: 7000
G4WT0 > Event N: 8000
G4WT0 > Event N: 9000
G4WT0 > Event N: 10000
G4WT0 > Event N: 11000
G4WT0 > Event N: 12000
G4WT0 > Event N: 13000
G4WT0 > Event N: 14000
G4WT0 > Event N: 15000
G4WT0 > Event N: 16000
G4WT0 > Event N: 17000
G4WT0 > Event N: 18000
G4WT0 > Event N: 19000
G4WT0 > Event N: 20000
G4WT0 > Event N: 21000
G4WT0 > Event N: 22000
G4WT0 > Event N: 23000
G4WT0 > Event N: 24000
G4WT0 > Event N: 25000
G4WT0 > 25328	7.01273	0.181151	3.14531	0.0508657	0.130286	0	0
G4WT0 > Event N: 26000
G4WT0 > Event N: 27000
G4WT0 > Event N: 28000
G4WT0 > Event N: 29000
G4WT0 > 29830	11.5927	3.18187	4.17681	0.534565	2.64731	0	0
G4WT0 > Event N: 30000
G4WT0 > 30891	6.82198	0.779587	2.98797	0.242508	0.537079	0	0
G4WT0 > Event N: 31000
G4WT0 > Event N: 32000
G4WT0 > Event N: 33000
G4WT0 > Event N: 34000
G4WT0 > Event N: 35000
G4WT0 > Event N: 36000
G4WT0 > Event N: 37000
G4WT0 > Event N: 38000
G4WT0 > Event N: 39000
G4WT0 > 39409	11.1929	2.93249	3.98702	1.35926	1.57323	0	0
G4WT0 > Event N: 40000
G4WT0 > Event N: 41000
G4WT0 > Event N: 42000
G4WT0 > Event N: 43000
G4WT0 > Event N: 44000
G4WT0 > Event N: 45000
G4WT0 > Event N: 46000
G4WT0 > Event N: 47000
G4WT0 > Event N: 48000
G4WT0 > 48243	9.40299	0.152644	4.3264	0.0678434	0.0848003	0	0
G4WT0 > Event N: 49000
G4WT0 > Event N: 50000
G4WT0 > Event N: 51000
G4WT0 > 51214	8.50989	1.31091	3.17637	0.518802	0.792109	0	0
G4WT0 > Event N: 52000
G4WT0 > Event N: 53000
G4WT0 > Event N: 54000
G4WT0 > Event N: 55000
G4WT0 > Event N: 56000
G4WT0 > Event N: 57000
G4WT0 > Event N: 58000
G4WT0 > Event N: 59000
G4WT0 > Event N: 60000
G4WT0 > Event N: 61000
G4WT0 > 61458	11.3869	0.312521	3.25081	0.153757	0.158763	0	0
G4WT0 > Event N: 62000
G4WT0 > Event N: 63000
G4WT0 > Event N: 64000
G4WT0 > Event N: 65000
G4WT0 > Event N: 66000
G4WT0 > Event N: 67000
G4WT0 > Event N: 68000
G4WT0 > 68302	9.62946	2.17681	3.20827	2.12972	0.0470909	0	0
G4WT0 > Event N: 69000
G4WT0 > 69859	11.0266	2.01258	4.11743	1.89362	0.118956	0	0
G4WT0 > Event N: 70000
G4WT0 > Event N: 71000
G4WT0 > 71148	11.0036	3.22014	4.73238	2.01227	1.20787	0	0
G4WT0 > Event N: 72000
G4WT0 > Event N: 73000
G4WT0 > Event N: 74000
G4WT0 > Event N: 75000
G4WT0 > Event N: 76000
G4WT0 > Event N: 77000
G4WT0 > Event N: 78000
G4WT0 > Event N: 79000
G4WT0 > Event N: 80000
G4WT0 > Event N: 81000
G4WT0 > Event N: 82000
G4WT0 > Event N: 83000
G4WT0 > Event N: 84000
G4WT0 > Event N: 85000
G4WT0 > Event N: 86000
G4WT0 > Event N: 87000
G4WT0 > Event N: 88000
G4WT0 > Event N: 89000
G4WT0 > Event N: 90000
G4WT0 > Event N: 91000
G4WT0 > Event N: 92000
G4WT0 > 92782	8.82422	0.125187	4.40613	0.0427914	0.0823952	0	0
G4WT0 > Event N: 93000
G4WT0 > Event N: 94000
G4WT0 > Event N: 95000
G4WT0 > Event N: 96000
G4WT0 > 96787	8.40682	2.11938	3.33103	0.0501867	2.0692	0	0
G4WT0 > Event N: 97000
G4WT0 > Event N: 98000
G4WT0 > Event N: 99000
G4WT0 > Event N: 100000
G4WT0 > [thread 0] Thread-local run terminated.
G4WT0 > [thread 0] Run Summary
G4WT0 > [thread 0]   Number of events processed : 100000
G4WT0 > [thread 0]   User=0.000000s Real=0.000923s Sys=0.000000s [Cpu=0.0%]
G4WT0 > ... write file : /data1/home/rnicolai/LEM_GDML_upgrade/OUT/Output_Geant4Simulation_20230819/DST/GDML_file_0/e-_j10_t0.root - done
G4WT0 > ... close file : /data1/home/rnicolai/LEM_GDML_upgrade/OUT/Output_Geant4Simulation_20230819/DST/GDML_file_0/e-_j10_t0.root - done
 Run terminated.
Run Summary
  Number of events processed : 100000
  User=73.070000s Real=73.669404s Sys=0.050000s [Cpu=99.3%]
0 events have been kept for refreshing and/or reviewing.
  "/vis/reviewKeptEvents" to review them one by one.
  "/vis/enable", then "/vis/viewer/flush" or "/vis/viewer/rebuild" to see them accumulated.

========= Table of registered couples ============================

Index : 0     used in the geometry : Yes
 Material : G4_Galactic
 Range cuts        :  gamma  700 um     e-  700 um     e+  700 um  proton 700 um 
 Energy thresholds :  gamma  990 eV     e-  990 eV     e+  990 eV  proton 70 keV
 Region(s) which use this couple : 
    DefaultRegionForTheWorld

Index : 1     used in the geometry : Yes
 Material : G4_Al
 Range cuts        :  gamma  700 um     e-  700 um     e+  700 um  proton 700 um 
 Energy thresholds :  gamma  5.84707 keV    e-  461.19 keV    e+  445.1 keV proton 70 keV
 Region(s) which use this couple : 
    DefaultRegionForTheWorld

Index : 2     used in the geometry : Yes
 Material : G4_Si
 Range cuts        :  gamma  700 um     e-  700 um     e+  700 um  proton 700 um 
 Energy thresholds :  gamma  5.85415 keV    e-  423.338 keV    e+  409.013 keV proton 70 keV
 Region(s) which use this couple : 
    DefaultRegionForTheWorld

Index : 3     used in the geometry : Yes
 Material : G4_BAKELITE
 Range cuts        :  gamma  700 um     e-  700 um     e+  700 um  proton 700 um 
 Energy thresholds :  gamma  2.38497 keV    e-  311.339 keV    e+  303.255 keV proton 70 keV
 Region(s) which use this couple : 
    DefaultRegionForTheWorld

Index : 4     used in the geometry : Yes
 Material : G4_PLASTIC_SC_VINYLTOLUENE
 Range cuts        :  gamma  700 um     e-  700 um     e+  700 um  proton 700 um 
 Energy thresholds :  gamma  2.09715 keV    e-  281.883 keV    e+  275.044 keV proton 70 keV
 Region(s) which use this couple : 
    DefaultRegionForTheWorld

Index : 5     used in the geometry : Yes
 Material : GAGG
 Range cuts        :  gamma  700 um     e-  700 um     e+  700 um  proton 700 um 
 Energy thresholds :  gamma  34.9059 keV    e-  782.898 keV    e+  745.353 keV proton 70 keV
 Region(s) which use this couple : 
    DefaultRegionForTheWorld

==================================================================

### Run 1 starts.

============================================================================================
--> G4TaskRunManager::CreateAndStartWorkers() --> Creating 316 tasks with 316 events/task...
============================================================================================

G4WT0 > ### Run 1 starts on worker thread 0.
G4WT0 > ... create file : /data1/home/rnicolai/LEM_GDML_upgrade/OUT/Output_Geant4Simulation_20230819/DST/GDML_file_0/proton_j10_t0.root - done
G4WT0 > ... open analysis file : /data1/home/rnicolai/LEM_GDML_upgrade/OUT/Output_Geant4Simulation_20230819/DST/GDML_file_0/proton_j10.root - done
G4WT0 > ... open analysis file : /data1/home/rnicolai/LEM_GDML_upgrade/OUT/Output_Geant4Simulation_20230819/DST/GDML_file_0/proton_j10.root - done
G4WT0 > Event N: 1000
G4WT0 > Event N: 2000
G4WT0 > Event N: 3000
G4WT0 > 3781	98.9745	13.3872	31.1758	2.67218	10.715	0	0
G4WT0 > Event N: 4000
G4WT0 > 4591	71.1937	23.8619	26.6784	8.3023	15.5596	0	0
G4WT0 > Event N: 5000
G4WT0 > Event N: 6000
G4WT0 > Event N: 7000
G4WT0 > Event N: 8000
G4WT0 > Event N: 9000
G4WT0 > Event N: 10000
G4WT0 > Event N: 11000
G4WT0 > Event N: 12000
G4WT0 > Event N: 13000
G4WT0 > Event N: 14000
G4WT0 > Event N: 15000
G4WT0 > Event N: 16000
G4WT0 > Event N: 17000
G4WT0 > Event N: 18000
G4WT0 > Event N: 19000
G4WT0 > Event N: 20000
G4WT0 > Event N: 21000
G4WT0 > Event N: 22000
G4WT0 > Event N: 23000
G4WT0 > Event N: 24000
G4WT0 > Event N: 25000
G4WT0 > Event N: 26000
G4WT0 > Event N: 27000
G4WT0 > Event N: 28000
G4WT0 > 28662	78.2444	28.4325	36.7601	7.797	20.6356	0	0
G4WT0 > Event N: 29000
G4WT0 > Event N: 30000
G4WT0 > Event N: 31000
G4WT0 > Event N: 32000
G4WT0 > Event N: 33000
G4WT0 > Event N: 34000
G4WT0 > Event N: 35000
G4WT0 > Event N: 36000
G4WT0 > Event N: 37000
G4WT0 > Event N: 38000
G4WT0 > Event N: 39000
G4WT0 > Event N: 40000
G4WT0 > Event N: 41000
G4WT0 > Event N: 42000
G4WT0 > Event N: 43000
G4WT0 > Event N: 44000
G4WT0 > Event N: 45000
G4WT0 > Event N: 46000
G4WT0 > Event N: 47000
G4WT0 > Event N: 48000
G4WT0 > Event N: 49000
G4WT0 > Event N: 50000
G4WT0 > Event N: 51000
G4WT0 > Event N: 52000
G4WT0 > Event N: 53000
G4WT0 > Event N: 54000
G4WT0 > Event N: 55000
G4WT0 > Event N: 56000
G4WT0 > Event N: 57000
G4WT0 > Event N: 58000
G4WT0 > Event N: 59000
G4WT0 > Event N: 60000
G4WT0 > Event N: 61000
G4WT0 > Event N: 62000
G4WT0 > 62269	82.5736	6.59212	8.68397	0.171122	6.421	0	0
G4WT0 > Event N: 63000
G4WT0 > Event N: 64000
G4WT0 > Event N: 65000
G4WT0 > Event N: 66000
G4WT0 > Event N: 67000
G4WT0 > Event N: 68000
G4WT0 > Event N: 69000
G4WT0 > Event N: 70000
G4WT0 > Event N: 71000
G4WT0 > Event N: 72000
G4WT0 > Event N: 73000
G4WT0 > Event N: 74000
G4WT0 > Event N: 75000
G4WT0 > Event N: 76000
G4WT0 > Event N: 77000
G4WT0 > Event N: 78000
G4WT0 > Event N: 79000
G4WT0 > Event N: 80000
G4WT0 > Event N: 81000
G4WT0 > Event N: 82000
G4WT0 > Event N: 83000
G4WT0 > Event N: 84000
G4WT0 > Event N: 85000
G4WT0 > Event N: 86000
G4WT0 > Event N: 87000
G4WT0 > Event N: 88000
G4WT0 > Event N: 89000
G4WT0 > Event N: 90000
G4WT0 > 90326	69.9601	12.9974	16.2299	2.23537	10.762	0	0
G4WT0 > Event N: 91000
G4WT0 > Event N: 92000
G4WT0 > Event N: 93000
G4WT0 > Event N: 94000
G4WT0 > Event N: 95000
G4WT0 > Event N: 96000
G4WT0 > Event N: 97000
G4WT0 > Event N: 98000
G4WT0 > 98120	72.0241	0.892896	35.8989	0.355752	0.537144	0	0
G4WT0 > Event N: 99000
G4WT0 > Event N: 100000
G4WT0 > [thread 0] Thread-local run terminated.
G4WT0 > [thread 0] Run Summary
G4WT0 > [thread 0]   Number of events processed : 100000
G4WT0 > [thread 0]   User=0.000000s Real=0.000881s Sys=0.000000s [Cpu=0.0%]
G4WT0 > ... write file : /data1/home/rnicolai/LEM_GDML_upgrade/OUT/Output_Geant4Simulation_20230819/DST/GDML_file_0/proton_j10_t0.root - done
G4WT0 > ... close file : /data1/home/rnicolai/LEM_GDML_upgrade/OUT/Output_Geant4Simulation_20230819/DST/GDML_file_0/proton_j10_t0.root - done
 Run terminated.
Run Summary
  Number of events processed : 100000
  User=38.220000s Real=38.398414s Sys=0.020000s [Cpu=99.6%]
0 events have been kept for refreshing and/or reviewing.
  "/vis/reviewKeptEvents" to review them one by one.
  "/vis/enable", then "/vis/viewer/flush" or "/vis/viewer/rebuild" to see them accumulated.

========= Table of registered couples ============================

Index : 0     used in the geometry : Yes
 Material : G4_Galactic
 Range cuts        :  gamma  700 um     e-  700 um     e+  700 um  proton 700 um 
 Energy thresholds :  gamma  990 eV     e-  990 eV     e+  990 eV  proton 70 keV
 Region(s) which use this couple : 
    DefaultRegionForTheWorld

Index : 1     used in the geometry : Yes
 Material : G4_Al
 Range cuts        :  gamma  700 um     e-  700 um     e+  700 um  proton 700 um 
 Energy thresholds :  gamma  5.84707 keV    e-  461.19 keV    e+  445.1 keV proton 70 keV
 Region(s) which use this couple : 
    DefaultRegionForTheWorld

Index : 2     used in the geometry : Yes
 Material : G4_Si
 Range cuts        :  gamma  700 um     e-  700 um     e+  700 um  proton 700 um 
 Energy thresholds :  gamma  5.85415 keV    e-  423.338 keV    e+  409.013 keV proton 70 keV
 Region(s) which use this couple : 
    DefaultRegionForTheWorld

Index : 3     used in the geometry : Yes
 Material : G4_BAKELITE
 Range cuts        :  gamma  700 um     e-  700 um     e+  700 um  proton 700 um 
 Energy thresholds :  gamma  2.38497 keV    e-  311.339 keV    e+  303.255 keV proton 70 keV
 Region(s) which use this couple : 
    DefaultRegionForTheWorld

Index : 4     used in the geometry : Yes
 Material : G4_PLASTIC_SC_VINYLTOLUENE
 Range cuts        :  gamma  700 um     e-  700 um     e+  700 um  proton 700 um 
 Energy thresholds :  gamma  2.09715 keV    e-  281.883 keV    e+  275.044 keV proton 70 keV
 Region(s) which use this couple : 
    DefaultRegionForTheWorld

Index : 5     used in the geometry : Yes
 Material : GAGG
 Range cuts        :  gamma  700 um     e-  700 um     e+  700 um  proton 700 um 
 Energy thresholds :  gamma  34.9059 keV    e-  782.898 keV    e+  745.353 keV proton 70 keV
 Region(s) which use this couple : 
    DefaultRegionForTheWorld

==================================================================

### Run 2 starts.

============================================================================================
--> G4TaskRunManager::CreateAndStartWorkers() --> Creating 316 tasks with 316 events/task...
============================================================================================

G4WT0 > ### Run 2 starts on worker thread 0.
G4WT0 > ... create file : /data1/home/rnicolai/LEM_GDML_upgrade/OUT/Output_Geant4Simulation_20230819/DST/GDML_file_0/alpha_j10_t0.root - done
G4WT0 > ... open analysis file : /data1/home/rnicolai/LEM_GDML_upgrade/OUT/Output_Geant4Simulation_20230819/DST/GDML_file_0/alpha_j10.root - done
G4WT0 > ... open analysis file : /data1/home/rnicolai/LEM_GDML_upgrade/OUT/Output_Geant4Simulation_20230819/DST/GDML_file_0/alpha_j10.root - done
G4WT0 > Event N: 1000
G4WT0 > Event N: 2000
G4WT0 > Event N: 3000
G4WT0 > 3190	323.279	59.5224	138.734	42.9183	16.6041	0	0
G4WT0 > Event N: 4000
G4WT0 > Event N: 5000
G4WT0 > Event N: 6000
G4WT0 > Event N: 7000
G4WT0 > Event N: 8000
G4WT0 > Event N: 9000
G4WT0 > Event N: 10000
G4WT0 > Event N: 11000
G4WT0 > Event N: 12000
G4WT0 > Event N: 13000
G4WT0 > Event N: 14000
G4WT0 > Event N: 15000
G4WT0 > Event N: 16000
G4WT0 > 16325	287.952	3.45899	123.429	0.985698	2.47329	0	0
G4WT0 > Event N: 17000
G4WT0 > Event N: 18000
G4WT0 > Event N: 19000
G4WT0 > Event N: 20000
G4WT0 > Event N: 21000
G4WT0 > Event N: 22000
G4WT0 > Event N: 23000
G4WT0 > Event N: 24000
G4WT0 > Event N: 25000
G4WT0 > Event N: 26000
G4WT0 > Event N: 27000
G4WT0 > 27565	389.98	64.8129	111.558	0.673918	64.139	0	0
G4WT0 > Event N: 28000
G4WT0 > Event N: 29000
G4WT0 > Event N: 30000
G4WT0 > Event N: 31000
G4WT0 > Event N: 32000
G4WT0 > Event N: 33000
G4WT0 > Event N: 34000
G4WT0 > 34359	337.233	89.8734	121.092	21.2981	68.5753	0	0
G4WT0 > Event N: 35000
G4WT0 > Event N: 36000
G4WT0 > Event N: 37000
G4WT0 > Event N: 38000
G4WT0 > Event N: 39000
G4WT0 > Event N: 40000
G4WT0 > Event N: 41000
G4WT0 > Event N: 42000
G4WT0 > Event N: 43000
G4WT0 > Event N: 44000
G4WT0 > Event N: 45000
G4WT0 > Event N: 46000
G4WT0 > Event N: 47000
G4WT0 > Event N: 48000
G4WT0 > Event N: 49000
G4WT0 > Event N: 50000
G4WT0 > Event N: 51000
G4WT0 > Event N: 52000
G4WT0 > Event N: 53000
G4WT0 > Event N: 54000
G4WT0 > Event N: 55000
G4WT0 > Event N: 56000
G4WT0 > Event N: 57000
G4WT0 > 57569	209.861	5.04202	102.817	1.0838	3.95822	0	0
G4WT0 > 57901	238.671	3.3854	85.1757	3.15282	0.23258	0	0
G4WT0 > Event N: 58000
G4WT0 > 58494	238.018	64.0687	102.432	42.3357	21.733	0	0
G4WT0 > Event N: 59000
G4WT0 > Event N: 60000
G4WT0 > Event N: 61000
G4WT0 > Event N: 62000
G4WT0 > Event N: 63000
G4WT0 > Event N: 64000
G4WT0 > Event N: 65000
G4WT0 > Event N: 66000
G4WT0 > 66998	387.409	98.9306	177.692	26.2295	72.7011	0	0
G4WT0 > Event N: 67000
G4WT0 > Event N: 68000
G4WT0 > Event N: 69000
G4WT0 > Event N: 70000
G4WT0 > Event N: 71000
G4WT0 > Event N: 72000
G4WT0 > Event N: 73000
G4WT0 > Event N: 74000
G4WT0 > Event N: 75000
G4WT0 > Event N: 76000
G4WT0 > Event N: 77000
G4WT0 > Event N: 78000
G4WT0 > 78684	265.495	42.0802	130.044	19.5522	22.528	0	0
G4WT0 > Event N: 79000
G4WT0 > 79426	320.007	27.6006	88.8905	17.3246	10.276	0	0
G4WT0 > Event N: 80000
G4WT0 > Event N: 81000
G4WT0 > Event N: 82000
G4WT0 > Event N: 83000
G4WT0 > 83004	360.334	110.647	174.87	7.50191	103.145	0	0
G4WT0 > Event N: 84000
G4WT0 > Event N: 85000
G4WT0 > Event N: 86000
G4WT0 > Event N: 87000
G4WT0 > Event N: 88000
G4WT0 > Event N: 89000
G4WT0 > Event N: 90000
G4WT0 > Event N: 91000
G4WT0 > 91955	168.466	52.4245	74.2674	22.4441	29.9804	0	0
G4WT0 > Event N: 92000
G4WT0 > Event N: 93000
G4WT0 > Event N: 94000
G4WT0 > Event N: 95000
G4WT0 > Event N: 96000
G4WT0 > Event N: 97000
G4WT0 > Event N: 98000
G4WT0 > Event N: 99000
G4WT0 > Event N: 100000
G4WT0 > [thread 0] Thread-local run terminated.
G4WT0 > [thread 0] Run Summary
G4WT0 > [thread 0]   Number of events processed : 100000
G4WT0 > [thread 0]   User=0.000000s Real=0.000819s Sys=0.000000s [Cpu=0.0%]
G4WT0 > ... write file : /data1/home/rnicolai/LEM_GDML_upgrade/OUT/Output_Geant4Simulation_20230819/DST/GDML_file_0/alpha_j10_t0.root - done
G4WT0 > ... close file : /data1/home/rnicolai/LEM_GDML_upgrade/OUT/Output_Geant4Simulation_20230819/DST/GDML_file_0/alpha_j10_t0.root - done
 Run terminated.
Run Summary
  Number of events processed : 100000
  User=44.480000s Real=44.755062s Sys=0.020000s [Cpu=99.4%]
0 events have been kept for refreshing and/or reviewing.
  "/vis/reviewKeptEvents" to review them one by one.
  "/vis/enable", then "/vis/viewer/flush" or "/vis/viewer/rebuild" to see them accumulated.
Graphics systems deleted.
Visualization Manager deleting...
G4WT0 > Destroying WorkerRunManager (0x2add00049d70)
G4WT0 > G4 kernel has come to Quit state.
G4WT0 > ================== Deleting memory pools ===================
G4WT0 > Number of memory pools allocated: 14; of which, static: 0
G4WT0 > Dynamic pools deleted: 14 / Total memory freed: 0.066 MB
G4WT0 > ============================================================
G4WT0 > Thread-local UImanager is to be deleted.
G4WT0 > There should not be any thread-local G4cout/G4cerr hereafter.
ThreadPool destroyed
G4 kernel has come to Quit state.
================== Deleting memory pools ===================
Number of memory pools allocated: 5; of which, static: 0
Dynamic pools deleted: 5 / Total memory freed: 0.016 MB
============================================================
RunManagerKernel is deleted. Good bye :)
