
Usage: gdml_det <intput_gdml_file:mandatory>

Output text folder set to: /data1/home/rnicolai/LEM_GDML_upgrade/OUT/Output_Geant4Simulation_20230819/Text_output/GDML_file_4/OutText_f4_j7
Output monitoring folder set to: /data1/home/rnicolai/LEM_GDML_upgrade/OUT/Output_Geant4Simulation_20230819/Progress_monitoring
Job number set to: 7
Update frequency set to: 10000
G4GDML: Reading '/data1/home/rnicolai/LEM_GDML_upgrade/OUT/Output_Geant4Simulation_20230819/GDML_src/LEM_Plastic_Mirion_Ametek-worldVOL_Parsed.gdml'...
G4GDML: VALIDATION ERROR! element 'materials' is not allowed for content model '(define,materials,solids,structure,userinfo?,setup+)' at line: 26572
G4GDML: VALIDATION ERROR! ID attribute 'G4_PLASTIC_SC_VINYLTOLUENE' is referenced but was never declared at line: 26572
G4GDML: VALIDATION ERROR! ID attribute 'G4_BAKELITE' is referenced but was never declared at line: 26572
G4GDML: VALIDATION ERROR! ID attribute 'G4_Galactic' is referenced but was never declared at line: 26572
G4GDML: VALIDATION ERROR! ID attribute 'G4_Al' is referenced but was never declared at line: 26572
G4GDML: VALIDATION ERROR! ID attribute 'G4_Si' is referenced but was never declared at line: 26572
G4GDML: Reading definitions...
G4GDML: Reading materials...
G4GDML: Reading materials...
G4GDML: Reading solids...
G4GDML: Reading structure...
G4GDML: Reading setup...
G4GDML: Reading '/data1/home/rnicolai/LEM_GDML_upgrade/OUT/Output_Geant4Simulation_20230819/GDML_src/LEM_Plastic_Mirion_Ametek-worldVOL_Parsed.gdml' done!
Stripping off GDML names of materials, solids and volumes ...


          ################################
          !!! G4Backtrace is activated !!!
          ################################


**************************************************************
 Geant4 version Name: geant4-11-00-patch-03 [MT]   (16-September-2022)
  << in Multi-threaded mode >> 
                       Copyright : Geant4 Collaboration
                      References : NIM A 506 (2003), 250-303
                                 : IEEE-TNS 53 (2006), 270-278
                                 : NIM A 835 (2016), 186-225
                             WWW : http://geant4.org/
**************************************************************

<<< Geant4 Physics List simulation engine: FTFP_BERT

Found 46 volume(s) with auxiliary information.

Volume LV_AlTop has the following list of auxiliary information: 
Computing random points on LV_AlTop
	Type: Color Value: #7f7f7f99
	Type: SensDet Value: Calorimeter
Volume LV_BakeliteCable_3 has the following list of auxiliary information: 
Computing random points on LV_BakeliteCable_3
	Type: Color Value: #33ff33cc
	Type: SensDet Value: Calorimeter
Volume LV_BakeliteCable_1 has the following list of auxiliary information: 
Computing random points on LV_BakeliteCable_1
	Type: Color Value: #33ff33cc
	Type: SensDet Value: Calorimeter
Volume LV_AlFrame_Thick_3 has the following list of auxiliary information: 
Computing random points on LV_AlFrame_Thick_3
	Type: Color Value: #00ffffb2
	Type: SensDet Value: Calorimeter
Volume LV_BakeliteCable_4 has the following list of auxiliary information: 
Computing random points on LV_BakeliteCable_4
	Type: Color Value: #33ff33cc
	Type: SensDet Value: Calorimeter
Volume LV_BakeliteCable has the following list of auxiliary information: 
Computing random points on LV_BakeliteCable
	Type: Color Value: #33ff33cc
	Type: SensDet Value: Calorimeter
Volume LV_AlFrame_Thick_1 has the following list of auxiliary information: 
Computing random points on LV_AlFrame_Thick_1
	Type: Color Value: #00ffffb2
	Type: SensDet Value: Calorimeter
Volume LV_AlFrame_Thick_2 has the following list of auxiliary information: 
Computing random points on LV_AlFrame_Thick_2
	Type: Color Value: #00ffffb2
	Type: SensDet Value: Calorimeter
Volume LV_AlScrew_Thick_2 has the following list of auxiliary information: 
Computing random points on LV_AlScrew_Thick_2
	Type: Color Value: #ffff00ff
	Type: SensDet Value: Calorimeter
Volume LV_AlScrew_Thick_3 has the following list of auxiliary information: 
Computing random points on LV_AlScrew_Thick_3
	Type: Color Value: #ffff00ff
	Type: SensDet Value: Calorimeter
Volume LV_BakeliteBoardMiddleUpper has the following list of auxiliary information: 
Computing random points on LV_BakeliteBoardMiddleUpper
	Type: Color Value: #33ff33cc
	Type: SensDet Value: Calorimeter
Volume LV_BakeliteBoardCalo has the following list of auxiliary information: 
Computing random points on LV_BakeliteBoardCalo
	Type: Color Value: #3333ffff
	Type: SensDet Value: Calorimeter
Volume LV_Calo has the following list of auxiliary information: 
Computing random points on LV_Calo
	Type: Color Value: #3333ffff
	Type: SensDet Value: Calorimeter
Volume LV_PlasticVetoTop has the following list of auxiliary information: 
Computing random points on LV_PlasticVetoTop
	Type: Color Value: #ffcc99b2
	Type: SensDet Value: Calorimeter
Volume LV_AlCoverLower has the following list of auxiliary information: 
Computing random points on LV_AlCoverLower
	Type: Color Value: #ff00ffb2
	Type: SensDet Value: Calorimeter
Volume LV_BakeliteBoardBottom has the following list of auxiliary information: 
Computing random points on LV_BakeliteBoardBottom
	Type: Color Value: #33ff33cc
	Type: SensDet Value: Calorimeter
Volume LV_AlFrame_Thin_4 has the following list of auxiliary information: 
Computing random points on LV_AlFrame_Thin_4
	Type: Color Value: #00ffffb2
	Type: SensDet Value: Calorimeter
Volume LV_SiliconDetector_Thin_4 has the following list of auxiliary information: 
Computing random points on LV_SiliconDetector_Thin_4
	Type: Color Value: #ffffffff
	Type: SensDet Value: Calorimeter
Volume LV_AlFrame_Thin_2 has the following list of auxiliary information: 
Computing random points on LV_AlFrame_Thin_2
	Type: Color Value: #00ffffb2
	Type: SensDet Value: Calorimeter
Volume LV_AlFrame_Thin_3 has the following list of auxiliary information: 
Computing random points on LV_AlFrame_Thin_3
	Type: Color Value: #00ffffb2
	Type: SensDet Value: Calorimeter
Volume LV_AlCoverUpper has the following list of auxiliary information: 
Computing random points on LV_AlCoverUpper
	Type: Color Value: #ff00ffb2
	Type: SensDet Value: Calorimeter
Volume LV_SiliconDetector_Thin_1 has the following list of auxiliary information: 
Computing random points on LV_SiliconDetector_Thin_1
	Type: Color Value: #ffffffff
	Type: SensDet Value: Calorimeter
Volume LV_SiliconDetector_Thin_2 has the following list of auxiliary information: 
Computing random points on LV_SiliconDetector_Thin_2
	Type: Color Value: #ffffffff
	Type: SensDet Value: Calorimeter
Volume LV_SiliconDetector_Thin_0 has the following list of auxiliary information: 
Computing random points on LV_SiliconDetector_Thin_0
	Type: Color Value: #ffffffff
	Type: SensDet Value: Calorimeter
Volume LV_AlFrame_Thin_0 has the following list of auxiliary information: 
Computing random points on LV_AlFrame_Thin_0
	Type: Color Value: #00ffffb2
	Type: SensDet Value: Calorimeter
Volume LV_SiliconDetector_Thin_3 has the following list of auxiliary information: 
Computing random points on LV_SiliconDetector_Thin_3
	Type: Color Value: #ffffffff
	Type: SensDet Value: Calorimeter
Volume LV_AlFrame_Thin_1 has the following list of auxiliary information: 
Computing random points on LV_AlFrame_Thin_1
	Type: Color Value: #00ffffb2
	Type: SensDet Value: Calorimeter
Volume LV_BakeliteCable_2 has the following list of auxiliary information: 
Computing random points on LV_BakeliteCable_2
	Type: Color Value: #33ff33cc
	Type: SensDet Value: Calorimeter
Volume LV_SiliconDetector_Thick_3 has the following list of auxiliary information: 
Computing random points on LV_SiliconDetector_Thick_3
	Type: Color Value: #ffffffff
	Type: SensDet Value: Calorimeter
Volume LV_SiliconDetector_Thick_1 has the following list of auxiliary information: 
Computing random points on LV_SiliconDetector_Thick_1
	Type: Color Value: #ffffffff
	Type: SensDet Value: Calorimeter
Volume LV_SiliconDetector_Thick_2 has the following list of auxiliary information: 
Computing random points on LV_SiliconDetector_Thick_2
	Type: Color Value: #ffffffff
	Type: SensDet Value: Calorimeter
Volume LV_AlBottom has the following list of auxiliary information: 
Computing random points on LV_AlBottom
	Type: Color Value: #7f7f7f99
	Type: SensDet Value: Calorimeter
Volume LV_PlasticVetoBottom has the following list of auxiliary information: 
Computing random points on LV_PlasticVetoBottom
	Type: Color Value: #ffcc99b2
	Type: SensDet Value: Calorimeter
Volume LV_BakeliteBoardMiddleLower has the following list of auxiliary information: 
Computing random points on LV_BakeliteBoardMiddleLower
	Type: Color Value: #33ff33cc
	Type: SensDet Value: Calorimeter
Volume LV_BoardTop has the following list of auxiliary information: 
Computing random points on LV_BoardTop
	Type: SensDet Value: Calorimeter
Volume LV_AlScrew_Thick_1 has the following list of auxiliary information: 
Computing random points on LV_AlScrew_Thick_1
	Type: Color Value: #ffff00ff
	Type: SensDet Value: Calorimeter
Volume LV_AlScrew_1 has the following list of auxiliary information: 
Computing random points on LV_AlScrew_1
	Type: Color Value: #ffff00ff
	Type: SensDet Value: Calorimeter
Volume LV_AlScrew has the following list of auxiliary information: 
Computing random points on LV_AlScrew
	Type: Color Value: #ffff00ff
	Type: SensDet Value: Calorimeter
Volume LV_AlScrew_2 has the following list of auxiliary information: 
Computing random points on LV_AlScrew_2
	Type: Color Value: #ffff00ff
	Type: SensDet Value: Calorimeter
Volume LV_AlScrew_3 has the following list of auxiliary information: 
Computing random points on LV_AlScrew_3
	Type: Color Value: #ffff00ff
	Type: SensDet Value: Calorimeter
Volume LV_AlFrame_Thick_4 has the following list of auxiliary information: 
Computing random points on LV_AlFrame_Thick_4
	Type: Color Value: #00ffffb2
	Type: SensDet Value: Calorimeter
Volume LV_SiliconDetector_Thick_0 has the following list of auxiliary information: 
Computing random points on LV_SiliconDetector_Thick_0
	Type: Color Value: #ffffffff
	Type: SensDet Value: Calorimeter
Volume LV_SiliconDetector_Thick_4 has the following list of auxiliary information: 
Computing random points on LV_SiliconDetector_Thick_4
	Type: Color Value: #ffffffff
	Type: SensDet Value: Calorimeter
Volume LV_AlScrew_Thick_0 has the following list of auxiliary information: 
Computing random points on LV_AlScrew_Thick_0
	Type: Color Value: #ffff00ff
	Type: SensDet Value: Calorimeter
Volume LV_AlFrame_Thick_0 has the following list of auxiliary information: 
Computing random points on LV_AlFrame_Thick_0
	Type: Color Value: #00ffffb2
	Type: SensDet Value: Calorimeter
Volume LV_AlScrew_Thick_4 has the following list of auxiliary information: 
Computing random points on LV_AlScrew_Thick_4
	Type: Color Value: #ffff00ff
	Type: SensDet Value: Calorimeter

Volume LV_AlTop has the following list of auxiliary information: 
Attaching sensitive detector Calorimeter to volume LV_AlTop
Volume LV_BakeliteCable_3 has the following list of auxiliary information: 
Attaching sensitive detector Calorimeter to volume LV_BakeliteCable_3
Volume LV_BakeliteCable_1 has the following list of auxiliary information: 
Attaching sensitive detector Calorimeter to volume LV_BakeliteCable_1
Volume LV_AlFrame_Thick_3 has the following list of auxiliary information: 
Attaching sensitive detector Calorimeter to volume LV_AlFrame_Thick_3
Volume LV_BakeliteCable_4 has the following list of auxiliary information: 
Attaching sensitive detector Calorimeter to volume LV_BakeliteCable_4
Volume LV_BakeliteCable has the following list of auxiliary information: 
Attaching sensitive detector Calorimeter to volume LV_BakeliteCable
Volume LV_AlFrame_Thick_1 has the following list of auxiliary information: 
Attaching sensitive detector Calorimeter to volume LV_AlFrame_Thick_1
Volume LV_AlFrame_Thick_2 has the following list of auxiliary information: 
Attaching sensitive detector Calorimeter to volume LV_AlFrame_Thick_2
Volume LV_AlScrew_Thick_2 has the following list of auxiliary information: 
Attaching sensitive detector Calorimeter to volume LV_AlScrew_Thick_2
Volume LV_AlScrew_Thick_3 has the following list of auxiliary information: 
Attaching sensitive detector Calorimeter to volume LV_AlScrew_Thick_3
Volume LV_BakeliteBoardMiddleUpper has the following list of auxiliary information: 
Attaching sensitive detector Calorimeter to volume LV_BakeliteBoardMiddleUpper
Volume LV_BakeliteBoardCalo has the following list of auxiliary information: 
Attaching sensitive detector Calorimeter to volume LV_BakeliteBoardCalo
Volume LV_Calo has the following list of auxiliary information: 
Attaching sensitive detector Calorimeter to volume LV_Calo
Volume LV_PlasticVetoTop has the following list of auxiliary information: 
Attaching sensitive detector Calorimeter to volume LV_PlasticVetoTop
Volume LV_AlCoverLower has the following list of auxiliary information: 
Attaching sensitive detector Calorimeter to volume LV_AlCoverLower
Volume LV_BakeliteBoardBottom has the following list of auxiliary information: 
Attaching sensitive detector Calorimeter to volume LV_BakeliteBoardBottom
Volume LV_AlFrame_Thin_4 has the following list of auxiliary information: 
Attaching sensitive detector Calorimeter to volume LV_AlFrame_Thin_4
Volume LV_SiliconDetector_Thin_4 has the following list of auxiliary information: 
Attaching sensitive detector Calorimeter to volume LV_SiliconDetector_Thin_4
Volume LV_AlFrame_Thin_2 has the following list of auxiliary information: 
Attaching sensitive detector Calorimeter to volume LV_AlFrame_Thin_2
Volume LV_AlFrame_Thin_3 has the following list of auxiliary information: 
Attaching sensitive detector Calorimeter to volume LV_AlFrame_Thin_3
Volume LV_AlCoverUpper has the following list of auxiliary information: 
Attaching sensitive detector Calorimeter to volume LV_AlCoverUpper
Volume LV_SiliconDetector_Thin_1 has the following list of auxiliary information: 
Attaching sensitive detector Calorimeter to volume LV_SiliconDetector_Thin_1
Volume LV_SiliconDetector_Thin_2 has the following list of auxiliary information: 
Attaching sensitive detector Calorimeter to volume LV_SiliconDetector_Thin_2
Volume LV_SiliconDetector_Thin_0 has the following list of auxiliary information: 
Attaching sensitive detector Calorimeter to volume LV_SiliconDetector_Thin_0
Volume LV_AlFrame_Thin_0 has the following list of auxiliary information: 
Attaching sensitive detector Calorimeter to volume LV_AlFrame_Thin_0
Volume LV_SiliconDetector_Thin_3 has the following list of auxiliary information: 
Attaching sensitive detector Calorimeter to volume LV_SiliconDetector_Thin_3
Volume LV_AlFrame_Thin_1 has the following list of auxiliary information: 
Attaching sensitive detector Calorimeter to volume LV_AlFrame_Thin_1
Volume LV_BakeliteCable_2 has the following list of auxiliary information: 
Attaching sensitive detector Calorimeter to volume LV_BakeliteCable_2
Volume LV_SiliconDetector_Thick_3 has the following list of auxiliary information: 
Attaching sensitive detector Calorimeter to volume LV_SiliconDetector_Thick_3
Volume LV_SiliconDetector_Thick_1 has the following list of auxiliary information: 
Attaching sensitive detector Calorimeter to volume LV_SiliconDetector_Thick_1
Volume LV_SiliconDetector_Thick_2 has the following list of auxiliary information: 
Attaching sensitive detector Calorimeter to volume LV_SiliconDetector_Thick_2
Volume LV_AlBottom has the following list of auxiliary information: 
Attaching sensitive detector Calorimeter to volume LV_AlBottom
Volume LV_PlasticVetoBottom has the following list of auxiliary information: 
Attaching sensitive detector Calorimeter to volume LV_PlasticVetoBottom
Volume LV_BakeliteBoardMiddleLower has the following list of auxiliary information: 
Attaching sensitive detector Calorimeter to volume LV_BakeliteBoardMiddleLower
Volume LV_BoardTop has the following list of auxiliary information: 
Attaching sensitive detector Calorimeter to volume LV_BoardTop
Volume LV_AlScrew_Thick_1 has the following list of auxiliary information: 
Attaching sensitive detector Calorimeter to volume LV_AlScrew_Thick_1
Volume LV_AlScrew_1 has the following list of auxiliary information: 
Attaching sensitive detector Calorimeter to volume LV_AlScrew_1
Volume LV_AlScrew has the following list of auxiliary information: 
Attaching sensitive detector Calorimeter to volume LV_AlScrew
Volume LV_AlScrew_2 has the following list of auxiliary information: 
Attaching sensitive detector Calorimeter to volume LV_AlScrew_2
Volume LV_AlScrew_3 has the following list of auxiliary information: 
Attaching sensitive detector Calorimeter to volume LV_AlScrew_3
Volume LV_AlFrame_Thick_4 has the following list of auxiliary information: 
Attaching sensitive detector Calorimeter to volume LV_AlFrame_Thick_4
Volume LV_SiliconDetector_Thick_0 has the following list of auxiliary information: 
Attaching sensitive detector Calorimeter to volume LV_SiliconDetector_Thick_0
Volume LV_SiliconDetector_Thick_4 has the following list of auxiliary information: 
Attaching sensitive detector Calorimeter to volume LV_SiliconDetector_Thick_4
Volume LV_AlScrew_Thick_0 has the following list of auxiliary information: 
Attaching sensitive detector Calorimeter to volume LV_AlScrew_Thick_0
Volume LV_AlFrame_Thick_0 has the following list of auxiliary information: 
Attaching sensitive detector Calorimeter to volume LV_AlFrame_Thick_0
Volume LV_AlScrew_Thick_4 has the following list of auxiliary information: 
Attaching sensitive detector Calorimeter to volume LV_AlScrew_Thick_4

 hInelastic FTFP_BERT : threshold between BERT and FTFP is over the interval 
 for pions :   3 to 6 GeV
 for kaons :   3 to 6 GeV
 for proton :  3 to 6 GeV
 for neutron : 3 to 6 GeV

### Adding tracking cuts for neutron  TimeCut(ns)= 10000  KinEnergyCut(MeV)= 0
=======================================================================
======                 Electromagnetic Physics Parameters      ========
=======================================================================
LPM effect enabled                                 1
Enable creation and use of sampling tables         0
Apply cuts on all EM processes                     0
Use general process                                0
Enable linear polarisation for gamma               0
Enable sampling of quantum entanglement            0
X-section factor for integral approach             0.8
Min kinetic energy for tables                      100 eV 
Max kinetic energy for tables                      100 TeV
Number of bins per decade of a table               7
Verbose level                                      1
Verbose level for worker thread                    0
Bremsstrahlung energy threshold above which 
  primary e+- is added to the list of secondary    100 TeV
Bremsstrahlung energy threshold above which primary
  muon/hadron is added to the list of secondary    100 TeV
Lowest triplet kinetic energy                      1 MeV
Enable sampling of gamma linear polarisation       0
5D gamma conversion model type                     0
5D gamma conversion model on isolated ion          0
Livermore data directory                           livermore
=======================================================================
======                 Ionisation Parameters                   ========
=======================================================================
Step function for e+-                              (0.2, 1 mm)
Step function for muons/hadrons                    (0.2, 0.1 mm)
Step function for light ions                       (0.2, 0.1 mm)
Step function for general ions                     (0.2, 0.1 mm)
Lowest e+e- kinetic energy                         1 keV
Lowest muon/hadron kinetic energy                  1 keV
Fluctuations of dE/dx are enabled                  1
Use ICRU90 data                                    0
Use built-in Birks satuaration                     0
Build CSDA range enabled                           0
Use cut as a final range enabled                   0
Enable angular generator interface                 0
Max kinetic energy for CSDA tables                 1 GeV
Max kinetic energy for NIEL computation            0 eV 
Linear loss limit                                  0.01
Read data from file for e+e- pair production by mu 0
=======================================================================
======                 Multiple Scattering Parameters          ========
=======================================================================
Type of msc step limit algorithm for e+-           1
Type of msc step limit algorithm for muons/hadrons 0
Msc lateral displacement for e+- enabled           1
Msc lateral displacement for muons and hadrons     0
Urban msc model lateral displacement alg96         1
Range factor for msc step limit for e+-            0.04
Range factor for msc step limit for muons/hadrons  0.2
Geometry factor for msc step limitation of e+-     2.5
Safety factor for msc step limit for e+-           0.6
Skin parameter for msc step limitation of e+-      1
Lambda limit for msc step limit for e+-            1 mm
Use Mott correction for e- scattering              0
Factor used for dynamic computation of angular 
  limit between single and multiple scattering     1
Fixed angular limit between single 
  and multiple scattering                          3.1416 rad
Upper energy limit for e+- multiple scattering     100 MeV
Type of electron single scattering model           0
Type of nuclear form-factor                        1
Screening factor                                   1
=======================================================================

phot:  for gamma SubType=12 BuildTable=0
      LambdaPrime table from 200 keV to 100 TeV in 61 bins 
      ===== EM models for the G4Region  DefaultRegionForTheWorld ======
 LivermorePhElectric : Emin=    0 eV  Emax=  100 TeV  SauterGavrila Fluo

compt:  for gamma SubType=13 BuildTable=1
      Lambda table from 100 eV  to 1 MeV, 7 bins/decade, spline: 1
      LambdaPrime table from 1 MeV to 100 TeV in 56 bins 
      ===== EM models for the G4Region  DefaultRegionForTheWorld ======
       Klein-Nishina : Emin=    0 eV  Emax=  100 TeV

conv:  for gamma SubType=14 BuildTable=1
      Lambda table from 1.022 MeV to 100 TeV, 18 bins/decade, spline: 1
      ===== EM models for the G4Region  DefaultRegionForTheWorld ======
     BetheHeitlerLPM : Emin=    0 eV  Emax=  100 TeV  ModifiedTsai

Rayl:  for gamma SubType=11 BuildTable=1
      Lambda table from 100 eV  to 100 keV, 7 bins/decade, spline: 0
      LambdaPrime table from 100 keV to 100 TeV in 63 bins 
      ===== EM models for the G4Region  DefaultRegionForTheWorld ======
   LivermoreRayleigh : Emin=    0 eV  Emax=  100 TeV  CullenGenerator

msc:  for e-  SubType= 10
      ===== EM models for the G4Region  DefaultRegionForTheWorld ======
            UrbanMsc : Emin=    0 eV  Emax=  100 MeV Nbins=42 100 eV  - 100 MeV
          StepLim=UseSafety Rfact=0.04 Gfact=2.5 Sfact=0.6 DispFlag:1 Skin=1 Llim=1 mm
        WentzelVIUni : Emin=  100 MeV Emax=  100 TeV Nbins=42 100 MeV - 100 TeV
          StepLim=UseSafety Rfact=0.04 Gfact=2.5 Sfact=0.6 DispFlag:1 Skin=1 Llim=1 mm

eIoni:  for e-  XStype:1  SubType=2
      dE/dx and range tables from 100 eV  to 100 TeV in 84 bins
      Lambda tables from threshold to 100 TeV, 7 bins/decade, spline: 1
      StepFunction=(0.2, 1 mm), integ: 1, fluct: 1, linLossLim= 0.01
      ===== EM models for the G4Region  DefaultRegionForTheWorld ======
        MollerBhabha : Emin=    0 eV  Emax=  100 TeV

eBrem:  for e-  XStype:4  SubType=3
      dE/dx and range tables from 100 eV  to 100 TeV in 84 bins
      Lambda tables from threshold to 100 TeV, 7 bins/decade, spline: 1
      LPM flag: 1 for E > 1 GeV,  VertexHighEnergyTh(GeV)= 100000
      ===== EM models for the G4Region  DefaultRegionForTheWorld ======
             eBremSB : Emin=    0 eV  Emax=    1 GeV  ModifiedTsai
            eBremLPM : Emin=    1 GeV Emax=  100 TeV  ModifiedTsai

CoulombScat:  for e- XStype:1 SubType=1 BuildTable=1
      Lambda table from 100 MeV to 100 TeV, 7 bins/decade, spline: 0
      ThetaMin(p) < Theta(degree) < 180; pLimit(GeV^1)= 0.139531
      ===== EM models for the G4Region  DefaultRegionForTheWorld ======
  eCoulombScattering : Emin=  100 MeV Emax=  100 TeV

msc:  for e+  SubType= 10
      ===== EM models for the G4Region  DefaultRegionForTheWorld ======
            UrbanMsc : Emin=    0 eV  Emax=  100 MeV Nbins=42 100 eV  - 100 MeV
          StepLim=UseSafety Rfact=0.04 Gfact=2.5 Sfact=0.6 DispFlag:1 Skin=1 Llim=1 mm
        WentzelVIUni : Emin=  100 MeV Emax=  100 TeV Nbins=42 100 MeV - 100 TeV
          StepLim=UseSafety Rfact=0.04 Gfact=2.5 Sfact=0.6 DispFlag:1 Skin=1 Llim=1 mm

eIoni:  for e+  XStype:1  SubType=2
      dE/dx and range tables from 100 eV  to 100 TeV in 84 bins
      Lambda tables from threshold to 100 TeV, 7 bins/decade, spline: 1
      StepFunction=(0.2, 1 mm), integ: 1, fluct: 1, linLossLim= 0.01
      ===== EM models for the G4Region  DefaultRegionForTheWorld ======
        MollerBhabha : Emin=    0 eV  Emax=  100 TeV

eBrem:  for e+  XStype:4  SubType=3
      dE/dx and range tables from 100 eV  to 100 TeV in 84 bins
      Lambda tables from threshold to 100 TeV, 7 bins/decade, spline: 1
      LPM flag: 1 for E > 1 GeV,  VertexHighEnergyTh(GeV)= 100000
      ===== EM models for the G4Region  DefaultRegionForTheWorld ======
             eBremSB : Emin=    0 eV  Emax=    1 GeV  ModifiedTsai
            eBremLPM : Emin=    1 GeV Emax=  100 TeV  ModifiedTsai

annihil:  for e+ XStype:2 SubType=5 BuildTable=0
      ===== EM models for the G4Region  DefaultRegionForTheWorld ======
            eplus2gg : Emin=    0 eV  Emax=  100 TeV

CoulombScat:  for e+ XStype:1 SubType=1 BuildTable=1
      Lambda table from 100 MeV to 100 TeV, 7 bins/decade, spline: 0
      ThetaMin(p) < Theta(degree) < 180; pLimit(GeV^1)= 0.139531
      ===== EM models for the G4Region  DefaultRegionForTheWorld ======
  eCoulombScattering : Emin=  100 MeV Emax=  100 TeV

msc:  for proton  SubType= 10
      ===== EM models for the G4Region  DefaultRegionForTheWorld ======
        WentzelVIUni : Emin=    0 eV  Emax=  100 TeV Nbins=84 100 eV  - 100 TeV
          StepLim=Minimal Rfact=0.2 Gfact=2.5 Sfact=0.6 DispFlag:0 Skin=1 Llim=1 mm

hIoni:  for proton  XStype:1  SubType=2
      dE/dx and range tables from 100 eV  to 100 TeV in 84 bins
      Lambda tables from threshold to 100 TeV, 7 bins/decade, spline: 1
      StepFunction=(0.2, 0.1 mm), integ: 1, fluct: 1, linLossLim= 0.01
      ===== EM models for the G4Region  DefaultRegionForTheWorld ======
               Bragg : Emin=    0 eV  Emax=    2 MeV
          BetheBloch : Emin=    2 MeV Emax=  100 TeV

hBrems:  for proton  XStype:1  SubType=3
      dE/dx and range tables from 100 eV  to 100 TeV in 84 bins
      Lambda tables from threshold to 100 TeV, 7 bins/decade, spline: 0
      ===== EM models for the G4Region  DefaultRegionForTheWorld ======
               hBrem : Emin=    0 eV  Emax=  100 TeV  ModifiedMephi

hPairProd:  for proton  XStype:1  SubType=4
      dE/dx and range tables from 100 eV  to 100 TeV in 84 bins
      Lambda tables from threshold to 100 TeV, 7 bins/decade, spline: 0
      Sampling table 17x1001; from 7.50618 GeV to 100 TeV 
      ===== EM models for the G4Region  DefaultRegionForTheWorld ======
           hPairProd : Emin=    0 eV  Emax=  100 TeV  ModifiedMephi

CoulombScat:  for proton XStype:1 SubType=1 BuildTable=1
      Lambda table from threshold  to 100 TeV, 7 bins/decade, spline: 0
      ThetaMin(p) < Theta(degree) < 180; pLimit(GeV^1)= 0.139531
      ===== EM models for the G4Region  DefaultRegionForTheWorld ======
  eCoulombScattering : Emin=    0 eV  Emax=  100 TeV

msc:  for GenericIon  SubType= 10
      ===== EM models for the G4Region  DefaultRegionForTheWorld ======
            UrbanMsc : Emin=    0 eV  Emax=  100 TeV
          StepLim=Minimal Rfact=0.2 Gfact=2.5 Sfact=0.6 DispFlag:0 Skin=1 Llim=1 mm

ionIoni:  for GenericIon  XStype:1  SubType=2
      dE/dx and range tables from 100 eV  to 100 TeV in 84 bins
      Lambda tables from threshold to 100 TeV, 7 bins/decade, spline: 1
      StepFunction=(0.2, 0.1 mm), integ: 1, fluct: 1, linLossLim= 0.02
      Stopping Power data for 17 ion/material pairs
      ===== EM models for the G4Region  DefaultRegionForTheWorld ======
            BraggIon : Emin=    0 eV  Emax=    2 MeV
          BetheBloch : Emin=    2 MeV Emax=  100 TeV

msc:  for alpha  SubType= 10
      ===== EM models for the G4Region  DefaultRegionForTheWorld ======
            UrbanMsc : Emin=    0 eV  Emax=  100 TeV
          StepLim=Minimal Rfact=0.2 Gfact=2.5 Sfact=0.6 DispFlag:0 Skin=1 Llim=1 mm

ionIoni:  for alpha  XStype:1  SubType=2
      dE/dx and range tables from 100 eV  to 100 TeV in 84 bins
      Lambda tables from threshold to 100 TeV, 7 bins/decade, spline: 1
      StepFunction=(0.2, 0.1 mm), integ: 1, fluct: 1, linLossLim= 0.02
      ===== EM models for the G4Region  DefaultRegionForTheWorld ======
            BraggIon : Emin=    0 eV  Emax=7.9452 MeV
          BetheBloch : Emin=7.9452 MeV Emax=  100 TeV

msc:  for anti_proton  SubType= 10
      ===== EM models for the G4Region  DefaultRegionForTheWorld ======
        WentzelVIUni : Emin=    0 eV  Emax=  100 TeV Nbins=84 100 eV  - 100 TeV
          StepLim=Minimal Rfact=0.2 Gfact=2.5 Sfact=0.6 DispFlag:0 Skin=1 Llim=1 mm

hIoni:  for anti_proton  XStype:1  SubType=2
      dE/dx and range tables from 100 eV  to 100 TeV in 84 bins
      Lambda tables from threshold to 100 TeV, 7 bins/decade, spline: 1
      StepFunction=(0.2, 0.1 mm), integ: 1, fluct: 1, linLossLim= 0.01
      ===== EM models for the G4Region  DefaultRegionForTheWorld ======
            ICRU73QO : Emin=    0 eV  Emax=    2 MeV
          BetheBloch : Emin=    2 MeV Emax=  100 TeV

hBrems:  for anti_proton  XStype:1  SubType=3
      dE/dx and range tables from 100 eV  to 100 TeV in 84 bins
      Lambda tables from threshold to 100 TeV, 7 bins/decade, spline: 0
      ===== EM models for the G4Region  DefaultRegionForTheWorld ======
               hBrem : Emin=    0 eV  Emax=  100 TeV  ModifiedMephi

hPairProd:  for anti_proton  XStype:1  SubType=4
      dE/dx and range tables from 100 eV  to 100 TeV in 84 bins
      Lambda tables from threshold to 100 TeV, 7 bins/decade, spline: 0
      Sampling table 17x1001; from 7.50618 GeV to 100 TeV 
      ===== EM models for the G4Region  DefaultRegionForTheWorld ======
           hPairProd : Emin=    0 eV  Emax=  100 TeV  ModifiedMephi

CoulombScat:  for anti_proton XStype:1 SubType=1 BuildTable=1
      Lambda table from threshold  to 100 TeV, 7 bins/decade, spline: 0
      ThetaMin(p) < Theta(degree) < 180; pLimit(GeV^1)= 0.139531
      ===== EM models for the G4Region  DefaultRegionForTheWorld ======
  eCoulombScattering : Emin=    0 eV  Emax=  100 TeV

msc:  for kaon+  SubType= 10
      ===== EM models for the G4Region  DefaultRegionForTheWorld ======
        WentzelVIUni : Emin=    0 eV  Emax=  100 TeV Nbins=84 100 eV  - 100 TeV
          StepLim=Minimal Rfact=0.2 Gfact=2.5 Sfact=0.6 DispFlag:0 Skin=1 Llim=1 mm

hIoni:  for kaon+  XStype:1  SubType=2
      dE/dx and range tables from 100 eV  to 100 TeV in 84 bins
      Lambda tables from threshold to 100 TeV, 7 bins/decade, spline: 1
      StepFunction=(0.2, 0.1 mm), integ: 1, fluct: 1, linLossLim= 0.01
      ===== EM models for the G4Region  DefaultRegionForTheWorld ======
               Bragg : Emin=    0 eV  Emax=1.05231 MeV
          BetheBloch : Emin=1.05231 MeV Emax=  100 TeV

hBrems:  for kaon+  XStype:1  SubType=3
      dE/dx and range tables from 100 eV  to 100 TeV in 84 bins
      Lambda tables from threshold to 100 TeV, 7 bins/decade, spline: 0
      ===== EM models for the G4Region  DefaultRegionForTheWorld ======
               hBrem : Emin=    0 eV  Emax=  100 TeV  ModifiedMephi

hPairProd:  for kaon+  XStype:1  SubType=4
      dE/dx and range tables from 100 eV  to 100 TeV in 84 bins
      Lambda tables from threshold to 100 TeV, 7 bins/decade, spline: 0
      Sampling table 18x1001; from 3.94942 GeV to 100 TeV 
      ===== EM models for the G4Region  DefaultRegionForTheWorld ======
           hPairProd : Emin=    0 eV  Emax=  100 TeV  ModifiedMephi

CoulombScat:  for kaon+ XStype:1 SubType=1 BuildTable=1
      Lambda table from threshold  to 100 TeV, 7 bins/decade, spline: 0
      ThetaMin(p) < Theta(degree) < 180; pLimit(GeV^1)= 0.139531
      ===== EM models for the G4Region  DefaultRegionForTheWorld ======
  eCoulombScattering : Emin=    0 eV  Emax=  100 TeV

msc:  for kaon-  SubType= 10
      ===== EM models for the G4Region  DefaultRegionForTheWorld ======
        WentzelVIUni : Emin=    0 eV  Emax=  100 TeV Nbins=84 100 eV  - 100 TeV
          StepLim=Minimal Rfact=0.2 Gfact=2.5 Sfact=0.6 DispFlag:0 Skin=1 Llim=1 mm

hIoni:  for kaon-  XStype:1  SubType=2
      dE/dx and range tables from 100 eV  to 100 TeV in 84 bins
      Lambda tables from threshold to 100 TeV, 7 bins/decade, spline: 1
      StepFunction=(0.2, 0.1 mm), integ: 1, fluct: 1, linLossLim= 0.01
      ===== EM models for the G4Region  DefaultRegionForTheWorld ======
            ICRU73QO : Emin=    0 eV  Emax=1.05231 MeV
          BetheBloch : Emin=1.05231 MeV Emax=  100 TeV

hBrems:  for kaon-  XStype:1  SubType=3
      dE/dx and range tables from 100 eV  to 100 TeV in 84 bins
      Lambda tables from threshold to 100 TeV, 7 bins/decade, spline: 0
      ===== EM models for the G4Region  DefaultRegionForTheWorld ======
               hBrem : Emin=    0 eV  Emax=  100 TeV  ModifiedMephi

hPairProd:  for kaon-  XStype:1  SubType=4
      dE/dx and range tables from 100 eV  to 100 TeV in 84 bins
      Lambda tables from threshold to 100 TeV, 7 bins/decade, spline: 0
      Sampling table 18x1001; from 3.94942 GeV to 100 TeV 
      ===== EM models for the G4Region  DefaultRegionForTheWorld ======
           hPairProd : Emin=    0 eV  Emax=  100 TeV  ModifiedMephi

CoulombScat:  for kaon- XStype:1 SubType=1 BuildTable=1
      Used Lambda table of kaon+
      ThetaMin(p) < Theta(degree) < 180; pLimit(GeV^1)= 0.139531
      ===== EM models for the G4Region  DefaultRegionForTheWorld ======
  eCoulombScattering : Emin=    0 eV  Emax=  100 TeV

msc:  for mu+  SubType= 10
      ===== EM models for the G4Region  DefaultRegionForTheWorld ======
        WentzelVIUni : Emin=    0 eV  Emax=  100 TeV Nbins=84 100 eV  - 100 TeV
          StepLim=Minimal Rfact=0.2 Gfact=2.5 Sfact=0.6 DispFlag:0 Skin=1 Llim=1 mm

muIoni:  for mu+  XStype:1  SubType=2
      dE/dx and range tables from 100 eV  to 100 TeV in 84 bins
      Lambda tables from threshold to 100 TeV, 7 bins/decade, spline: 1
      StepFunction=(0.2, 0.1 mm), integ: 1, fluct: 1, linLossLim= 0.01
      ===== EM models for the G4Region  DefaultRegionForTheWorld ======
               Bragg : Emin=    0 eV  Emax=  200 keV
          BetheBloch : Emin=  200 keV Emax=    1 GeV
        MuBetheBloch : Emin=    1 GeV Emax=  100 TeV

muBrems:  for mu+  XStype:1  SubType=3
      dE/dx and range tables from 100 eV  to 100 TeV in 84 bins
      Lambda tables from threshold to 100 TeV, 7 bins/decade, spline: 0
      ===== EM models for the G4Region  DefaultRegionForTheWorld ======
              MuBrem : Emin=    0 eV  Emax=  100 TeV  ModifiedMephi

muPairProd:  for mu+  XStype:1  SubType=4
      dE/dx and range tables from 100 eV  to 100 TeV in 84 bins
      Lambda tables from threshold to 100 TeV, 7 bins/decade, spline: 0
      Sampling table 21x1001; from 1 GeV to 100 TeV 
      ===== EM models for the G4Region  DefaultRegionForTheWorld ======
          muPairProd : Emin=    0 eV  Emax=  100 TeV  ModifiedMephi

CoulombScat:  for mu+ XStype:1 SubType=1 BuildTable=1
      Lambda table from threshold  to 100 TeV, 7 bins/decade, spline: 0
      ThetaMin(p) < Theta(degree) < 180; pLimit(GeV^1)= 0.139531
      ===== EM models for the G4Region  DefaultRegionForTheWorld ======
  eCoulombScattering : Emin=    0 eV  Emax=  100 TeV

msc:  for mu-  SubType= 10
      ===== EM models for the G4Region  DefaultRegionForTheWorld ======
        WentzelVIUni : Emin=    0 eV  Emax=  100 TeV Nbins=84 100 eV  - 100 TeV
          StepLim=Minimal Rfact=0.2 Gfact=2.5 Sfact=0.6 DispFlag:0 Skin=1 Llim=1 mm

muIoni:  for mu-  XStype:1  SubType=2
      dE/dx and range tables from 100 eV  to 100 TeV in 84 bins
      Lambda tables from threshold to 100 TeV, 7 bins/decade, spline: 1
      StepFunction=(0.2, 0.1 mm), integ: 1, fluct: 1, linLossLim= 0.01
      ===== EM models for the G4Region  DefaultRegionForTheWorld ======
            ICRU73QO : Emin=    0 eV  Emax=  200 keV
          BetheBloch : Emin=  200 keV Emax=    1 GeV
        MuBetheBloch : Emin=    1 GeV Emax=  100 TeV

muBrems:  for mu-  XStype:1  SubType=3
      dE/dx and range tables from 100 eV  to 100 TeV in 84 bins
      Lambda tables from threshold to 100 TeV, 7 bins/decade, spline: 0
      ===== EM models for the G4Region  DefaultRegionForTheWorld ======
              MuBrem : Emin=    0 eV  Emax=  100 TeV  ModifiedMephi

muPairProd:  for mu-  XStype:1  SubType=4
      dE/dx and range tables from 100 eV  to 100 TeV in 84 bins
      Lambda tables from threshold to 100 TeV, 7 bins/decade, spline: 0
      Sampling table 21x1001; from 1 GeV to 100 TeV 
      ===== EM models for the G4Region  DefaultRegionForTheWorld ======
          muPairProd : Emin=    0 eV  Emax=  100 TeV  ModifiedMephi

CoulombScat:  for mu- XStype:1 SubType=1 BuildTable=1
      Used Lambda table of mu+
      ThetaMin(p) < Theta(degree) < 180; pLimit(GeV^1)= 0.139531
      ===== EM models for the G4Region  DefaultRegionForTheWorld ======
  eCoulombScattering : Emin=    0 eV  Emax=  100 TeV

msc:  for pi+  SubType= 10
      ===== EM models for the G4Region  DefaultRegionForTheWorld ======
        WentzelVIUni : Emin=    0 eV  Emax=  100 TeV Nbins=84 100 eV  - 100 TeV
          StepLim=Minimal Rfact=0.2 Gfact=2.5 Sfact=0.6 DispFlag:0 Skin=1 Llim=1 mm

hIoni:  for pi+  XStype:1  SubType=2
      dE/dx and range tables from 100 eV  to 100 TeV in 84 bins
      Lambda tables from threshold to 100 TeV, 7 bins/decade, spline: 1
      StepFunction=(0.2, 0.1 mm), integ: 1, fluct: 1, linLossLim= 0.01
      ===== EM models for the G4Region  DefaultRegionForTheWorld ======
               Bragg : Emin=    0 eV  Emax=297.505 keV
          BetheBloch : Emin=297.505 keV Emax=  100 TeV

hBrems:  for pi+  XStype:1  SubType=3
      dE/dx and range tables from 100 eV  to 100 TeV in 84 bins
      Lambda tables from threshold to 100 TeV, 7 bins/decade, spline: 0
      ===== EM models for the G4Region  DefaultRegionForTheWorld ======
               hBrem : Emin=    0 eV  Emax=  100 TeV  ModifiedMephi

hPairProd:  for pi+  XStype:1  SubType=4
      dE/dx and range tables from 100 eV  to 100 TeV in 84 bins
      Lambda tables from threshold to 100 TeV, 7 bins/decade, spline: 0
      Sampling table 20x1001; from 1.11656 GeV to 100 TeV 
      ===== EM models for the G4Region  DefaultRegionForTheWorld ======
           hPairProd : Emin=    0 eV  Emax=  100 TeV  ModifiedMephi

CoulombScat:  for pi+ XStype:1 SubType=1 BuildTable=1
      Lambda table from threshold  to 100 TeV, 7 bins/decade, spline: 0
      ThetaMin(p) < Theta(degree) < 180; pLimit(GeV^1)= 0.139531
      ===== EM models for the G4Region  DefaultRegionForTheWorld ======
  eCoulombScattering : Emin=    0 eV  Emax=  100 TeV

msc:  for pi-  SubType= 10
      ===== EM models for the G4Region  DefaultRegionForTheWorld ======
        WentzelVIUni : Emin=    0 eV  Emax=  100 TeV Nbins=84 100 eV  - 100 TeV
          StepLim=Minimal Rfact=0.2 Gfact=2.5 Sfact=0.6 DispFlag:0 Skin=1 Llim=1 mm

hIoni:  for pi-  XStype:1  SubType=2
      dE/dx and range tables from 100 eV  to 100 TeV in 84 bins
      Lambda tables from threshold to 100 TeV, 7 bins/decade, spline: 1
      StepFunction=(0.2, 0.1 mm), integ: 1, fluct: 1, linLossLim= 0.01
      ===== EM models for the G4Region  DefaultRegionForTheWorld ======
            ICRU73QO : Emin=    0 eV  Emax=297.505 keV
          BetheBloch : Emin=297.505 keV Emax=  100 TeV

hBrems:  for pi-  XStype:1  SubType=3
      dE/dx and range tables from 100 eV  to 100 TeV in 84 bins
      Lambda tables from threshold to 100 TeV, 7 bins/decade, spline: 0
      ===== EM models for the G4Region  DefaultRegionForTheWorld ======
               hBrem : Emin=    0 eV  Emax=  100 TeV  ModifiedMephi

hPairProd:  for pi-  XStype:1  SubType=4
      dE/dx and range tables from 100 eV  to 100 TeV in 84 bins
      Lambda tables from threshold to 100 TeV, 7 bins/decade, spline: 0
      Sampling table 20x1001; from 1.11656 GeV to 100 TeV 
      ===== EM models for the G4Region  DefaultRegionForTheWorld ======
           hPairProd : Emin=    0 eV  Emax=  100 TeV  ModifiedMephi

CoulombScat:  for pi- XStype:1 SubType=1 BuildTable=1
      Used Lambda table of pi+
      ThetaMin(p) < Theta(degree) < 180; pLimit(GeV^1)= 0.139531
      ===== EM models for the G4Region  DefaultRegionForTheWorld ======
  eCoulombScattering : Emin=    0 eV  Emax=  100 TeV

====================================================================
                  HADRONIC PROCESSES SUMMARY (verbose level 1)

---------------------------------------------------
                           Hadronic Processes for neutron

  Process: hadElastic
        Model:             hElasticCHIPS: 0 eV  ---> 100 TeV
     Cr_sctns:        G4NeutronElasticXS: 0 eV  ---> 100 TeV

  Process: neutronInelastic
        Model:                      FTFP: 3 GeV ---> 100 TeV
        Model:            BertiniCascade: 0 eV  ---> 6 GeV
     Cr_sctns:      G4NeutronInelasticXS: 0 eV  ---> 100 TeV

  Process: nCapture
        Model:               nRadCapture: 0 eV  ---> 100 TeV
     Cr_sctns:        G4NeutronCaptureXS: 0 eV  ---> 100 TeV

  Process: nKiller

---------------------------------------------------
                           Hadronic Processes for B-

  Process: hadElastic
        Model:              hElasticLHEP: 0 eV  ---> 100 TeV
     Cr_sctns:            Glauber-Gribov: 0 eV  ---> 100 TeV

  Process: B-Inelastic
        Model:                      FTFP: 0 eV  ---> 100 TeV
     Cr_sctns:            Glauber-Gribov: 0 eV  ---> 100 TeV

---------------------------------------------------
                           Hadronic Processes for D-

  Process: hadElastic
        Model:              hElasticLHEP: 0 eV  ---> 100 TeV
     Cr_sctns:            Glauber-Gribov: 0 eV  ---> 100 TeV

  Process: D-Inelastic
        Model:                      FTFP: 0 eV  ---> 100 TeV
     Cr_sctns:            Glauber-Gribov: 0 eV  ---> 100 TeV

---------------------------------------------------
                           Hadronic Processes for GenericIon

  Process: ionInelastic
        Model:  Binary Light Ion Cascade: 0 eV /n ---> 6 GeV/n
        Model:                      FTFP: 3 GeV/n ---> 100 TeV/n
     Cr_sctns:  Glauber-Gribov Nucl-nucl: 0 eV  ---> 25.6 PeV

---------------------------------------------------
                           Hadronic Processes for He3

  Process: hadElastic
        Model:              hElasticLHEP: 0 eV /n ---> 100 TeV/n
     Cr_sctns:  Glauber-Gribov Nucl-nucl: 0 eV  ---> 25.6 PeV

  Process: He3Inelastic
        Model:  Binary Light Ion Cascade: 0 eV /n ---> 6 GeV/n
        Model:                      FTFP: 3 GeV/n ---> 100 TeV/n
     Cr_sctns:  Glauber-Gribov Nucl-nucl: 0 eV  ---> 25.6 PeV

---------------------------------------------------
                           Hadronic Processes for alpha

  Process: hadElastic
        Model:              hElasticLHEP: 0 eV /n ---> 100 TeV/n
     Cr_sctns:  Glauber-Gribov Nucl-nucl: 0 eV  ---> 25.6 PeV

  Process: alphaInelastic
        Model:  Binary Light Ion Cascade: 0 eV /n ---> 6 GeV/n
        Model:                      FTFP: 3 GeV/n ---> 100 TeV/n
     Cr_sctns:  Glauber-Gribov Nucl-nucl: 0 eV  ---> 25.6 PeV

---------------------------------------------------
                           Hadronic Processes for anti_He3

  Process: hadElastic
        Model:              hElasticLHEP: 0 eV /n ---> 100.1 MeV/n
        Model:              AntiAElastic: 100 MeV/n ---> 100 TeV/n
     Cr_sctns:              AntiAGlauber: 0 eV  ---> 25.6 PeV

  Process: anti_He3Inelastic
        Model:                      FTFP: 0 eV /n ---> 100 TeV/n
     Cr_sctns:              AntiAGlauber: 0 eV  ---> 25.6 PeV

  Process: hFritiofCaptureAtRest

---------------------------------------------------
                           Hadronic Processes for anti_alpha

  Process: hadElastic
        Model:              hElasticLHEP: 0 eV /n ---> 100.1 MeV/n
        Model:              AntiAElastic: 100 MeV/n ---> 100 TeV/n
     Cr_sctns:              AntiAGlauber: 0 eV  ---> 25.6 PeV

  Process: anti_alphaInelastic
        Model:                      FTFP: 0 eV /n ---> 100 TeV/n
     Cr_sctns:              AntiAGlauber: 0 eV  ---> 25.6 PeV

  Process: hFritiofCaptureAtRest

---------------------------------------------------
                           Hadronic Processes for anti_deuteron

  Process: hadElastic
        Model:              hElasticLHEP: 0 eV /n ---> 100.1 MeV/n
        Model:              AntiAElastic: 100 MeV/n ---> 100 TeV/n
     Cr_sctns:              AntiAGlauber: 0 eV  ---> 25.6 PeV

  Process: anti_deuteronInelastic
        Model:                      FTFP: 0 eV /n ---> 100 TeV/n
     Cr_sctns:              AntiAGlauber: 0 eV  ---> 25.6 PeV

  Process: hFritiofCaptureAtRest

---------------------------------------------------
                           Hadronic Processes for anti_lambda

  Process: hadElastic
        Model:              hElasticLHEP: 0 eV  ---> 100 TeV
     Cr_sctns:            Glauber-Gribov: 0 eV  ---> 100 TeV

  Process: anti_lambdaInelastic
        Model:                      FTFP: 0 eV  ---> 100 TeV
     Cr_sctns:            Glauber-Gribov: 0 eV  ---> 100 TeV

  Process: hFritiofCaptureAtRest

---------------------------------------------------
                           Hadronic Processes for anti_neutron

  Process: hadElastic
        Model:              hElasticLHEP: 0 eV  ---> 100.1 MeV
        Model:              AntiAElastic: 100 MeV ---> 100 TeV
     Cr_sctns:              AntiAGlauber: 0 eV  ---> 25.6 PeV

  Process: anti_neutronInelastic
        Model:                      FTFP: 0 eV  ---> 100 TeV
     Cr_sctns:              AntiAGlauber: 0 eV  ---> 25.6 PeV

  Process: hFritiofCaptureAtRest

---------------------------------------------------
                           Hadronic Processes for anti_proton

  Process: hadElastic
        Model:              hElasticLHEP: 0 eV  ---> 100.1 MeV
        Model:              AntiAElastic: 100 MeV ---> 100 TeV
     Cr_sctns:              AntiAGlauber: 0 eV  ---> 25.6 PeV

  Process: anti_protonInelastic
        Model:                      FTFP: 0 eV  ---> 100 TeV
     Cr_sctns:              AntiAGlauber: 0 eV  ---> 25.6 PeV

  Process: hFritiofCaptureAtRest

---------------------------------------------------
                           Hadronic Processes for anti_triton

  Process: hadElastic
        Model:              hElasticLHEP: 0 eV /n ---> 100.1 MeV/n
        Model:              AntiAElastic: 100 MeV/n ---> 100 TeV/n
     Cr_sctns:              AntiAGlauber: 0 eV  ---> 25.6 PeV

  Process: anti_tritonInelastic
        Model:                      FTFP: 0 eV /n ---> 100 TeV/n
     Cr_sctns:              AntiAGlauber: 0 eV  ---> 25.6 PeV

  Process: hFritiofCaptureAtRest

---------------------------------------------------
                           Hadronic Processes for deuteron

  Process: hadElastic
        Model:              hElasticLHEP: 0 eV /n ---> 100 TeV/n
     Cr_sctns:  Glauber-Gribov Nucl-nucl: 0 eV  ---> 25.6 PeV

  Process: dInelastic
        Model:  Binary Light Ion Cascade: 0 eV /n ---> 6 GeV/n
        Model:                      FTFP: 3 GeV/n ---> 100 TeV/n
     Cr_sctns:  Glauber-Gribov Nucl-nucl: 0 eV  ---> 25.6 PeV

---------------------------------------------------
                           Hadronic Processes for e+

  Process: positronNuclear
        Model:   G4ElectroVDNuclearModel: 0 eV  ---> 1 PeV
     Cr_sctns:          ElectroNuclearXS: 0 eV  ---> 100 TeV

---------------------------------------------------
                           Hadronic Processes for e-

  Process: electronNuclear
        Model:   G4ElectroVDNuclearModel: 0 eV  ---> 1 PeV
     Cr_sctns:          ElectroNuclearXS: 0 eV  ---> 100 TeV

---------------------------------------------------
                           Hadronic Processes for gamma

  Process: photonNuclear
        Model:               GammaNPreco: 0 eV  ---> 200 MeV
        Model:            BertiniCascade: 199 MeV ---> 6 GeV
        Model:           TheoFSGenerator: 3 GeV ---> 100 TeV
     Cr_sctns:            GammaNuclearXS: 0 eV  ---> 100 TeV

---------------------------------------------------
                           Hadronic Processes for kaon+

  Process: hadElastic
        Model:              hElasticLHEP: 0 eV  ---> 100 TeV
     Cr_sctns:            Glauber-Gribov: 0 eV  ---> 100 TeV

  Process: kaon+Inelastic
        Model:                      FTFP: 3 GeV ---> 100 TeV
        Model:            BertiniCascade: 0 eV  ---> 6 GeV
     Cr_sctns:            Glauber-Gribov: 0 eV  ---> 100 TeV

---------------------------------------------------
                           Hadronic Processes for kaon-

  Process: hadElastic
        Model:              hElasticLHEP: 0 eV  ---> 100 TeV
     Cr_sctns:            Glauber-Gribov: 0 eV  ---> 100 TeV

  Process: kaon-Inelastic
        Model:                      FTFP: 3 GeV ---> 100 TeV
        Model:            BertiniCascade: 0 eV  ---> 6 GeV
     Cr_sctns:            Glauber-Gribov: 0 eV  ---> 100 TeV

  Process: hBertiniCaptureAtRest

---------------------------------------------------
                           Hadronic Processes for lambda

  Process: hadElastic
        Model:              hElasticLHEP: 0 eV  ---> 100 TeV
     Cr_sctns:            Glauber-Gribov: 0 eV  ---> 100 TeV

  Process: lambdaInelastic
        Model:                      FTFP: 3 GeV ---> 100 TeV
        Model:            BertiniCascade: 0 eV  ---> 6 GeV
     Cr_sctns:            Glauber-Gribov: 0 eV  ---> 100 TeV

---------------------------------------------------
                           Hadronic Processes for mu+

  Process: muonNuclear
        Model:      G4MuonVDNuclearModel: 0 eV  ---> 1 PeV
     Cr_sctns:     KokoulinMuonNuclearXS: 0 eV  ---> 100 TeV

---------------------------------------------------
                           Hadronic Processes for mu-

  Process: muonNuclear
        Model:      G4MuonVDNuclearModel: 0 eV  ---> 1 PeV
     Cr_sctns:     KokoulinMuonNuclearXS: 0 eV  ---> 100 TeV

  Process: muMinusCaptureAtRest

---------------------------------------------------
                           Hadronic Processes for pi+

  Process: hadElastic
        Model:           hElasticGlauber: 0 eV  ---> 100 TeV
     Cr_sctns:  BarashenkovGlauberGribov: 0 eV  ---> 100 TeV

  Process: pi+Inelastic
        Model:                      FTFP: 3 GeV ---> 100 TeV
        Model:            BertiniCascade: 0 eV  ---> 6 GeV
     Cr_sctns:  BarashenkovGlauberGribov: 0 eV  ---> 100 TeV

---------------------------------------------------
                           Hadronic Processes for pi-

  Process: hadElastic
        Model:           hElasticGlauber: 0 eV  ---> 100 TeV
     Cr_sctns:  BarashenkovGlauberGribov: 0 eV  ---> 100 TeV

  Process: pi-Inelastic
        Model:                      FTFP: 3 GeV ---> 100 TeV
        Model:            BertiniCascade: 0 eV  ---> 6 GeV
     Cr_sctns:  BarashenkovGlauberGribov: 0 eV  ---> 100 TeV

  Process: hBertiniCaptureAtRest

---------------------------------------------------
                           Hadronic Processes for proton

  Process: hadElastic
        Model:             hElasticCHIPS: 0 eV  ---> 100 TeV
     Cr_sctns:  BarashenkovGlauberGribov: 0 eV  ---> 100 TeV

  Process: protonInelastic
        Model:                      FTFP: 3 GeV ---> 100 TeV
        Model:            BertiniCascade: 0 eV  ---> 6 GeV
     Cr_sctns:  BarashenkovGlauberGribov: 0 eV  ---> 100 TeV

---------------------------------------------------
                           Hadronic Processes for sigma-

  Process: hadElastic
        Model:              hElasticLHEP: 0 eV  ---> 100 TeV
     Cr_sctns:            Glauber-Gribov: 0 eV  ---> 100 TeV

  Process: sigma-Inelastic
        Model:                      FTFP: 3 GeV ---> 100 TeV
        Model:            BertiniCascade: 0 eV  ---> 6 GeV
     Cr_sctns:            Glauber-Gribov: 0 eV  ---> 100 TeV

  Process: hBertiniCaptureAtRest

---------------------------------------------------
                           Hadronic Processes for triton

  Process: hadElastic
        Model:              hElasticLHEP: 0 eV /n ---> 100 TeV/n
     Cr_sctns:  Glauber-Gribov Nucl-nucl: 0 eV  ---> 25.6 PeV

  Process: tInelastic
        Model:  Binary Light Ion Cascade: 0 eV /n ---> 6 GeV/n
        Model:                      FTFP: 3 GeV/n ---> 100 TeV/n
     Cr_sctns:  Glauber-Gribov Nucl-nucl: 0 eV  ---> 25.6 PeV

================================================================
=======================================================================
======       Pre-compound/De-excitation Physics Parameters     ========
=======================================================================
Type of pre-compound inverse x-section              3
Pre-compound model active                           1
Pre-compound excitation low energy (MeV)            0.1
Pre-compound excitation high energy (MeV)           30
Type of de-excitation inverse x-section             3
Type of de-excitation factory                       Evaporation+GEM
Number of de-excitation channels                    68
Min excitation energy (keV)                         0.01
Min energy per nucleon for multifragmentation (MeV) 2e+05
Limit excitation energy for Fermi BreakUp (MeV)     20
Level density (1/MeV)                               0.075
Use simple level density model                      1
Use discrete excitation energy of the residual      0
Time limit for long lived isomeres (ns)             1
Isomer production flag                              1
Internal e- conversion flag                         1
Store e- internal conversion data                   0
Correlated gamma emission flag                      0
Max 2J for sampling of angular correlations         10
=======================================================================

=========================================================================
--> G4TaskRunManager::CreateAndStartWorkers() --> Initializing workers...
=========================================================================

G4WT0 > ###############
G4WT0 > ###############
G4WT0 > ###############
G4WT0 > ###############
G4WT0 > ###############
G4WT0 > ###############
G4WT0 > ###############
G4WT0 > ###############
G4WT0 > ###############
G4WT0 > ###############
G4WT0 > /data1/home/rnicolai/LEM_GDML_upgrade/OUT/Output_Geant4Simulation_20230819/Text_output/GDML_file_4/OutText_f4_j7_GDML_SD_EventAction.txt
G4WT0 > ###############
G4WT0 > ###############
G4WT0 > ###############
G4WT0 > ###############
G4WT0 > ###############
G4WT0 > ###############
G4WT0 > ###############
G4WT0 > ###############
G4WT0 > ###############
G4WT0 > ###############
G4WT0 > ###############
G4WT0 > ###############
G4WT0 > ###############
G4WT0 > ###############
G4WT0 > ###############
G4WT0 > ###############
G4WT0 > ###############
G4WT0 > ###############
G4WT0 > ###############
G4WT0 > ###############
G4WT0 > ###############
G4WT0 > ###############
G4WT0 > ###############
G4WT0 > ###############
G4WT0 > ###############
G4WT0 > ###############
G4WT0 > ###############
G4WT0 > ###############
G4WT0 > ###############
G4WT0 > ###############
G4WT0 > ###############
G4WT0 > ###############
G4WT0 > ###############
G4WT0 > ###############
G4WT0 > ###############
G4WT0 > ###############
G4WT0 > ###############
G4WT0 > ###############
G4WT0 > ###############
G4WT0 > ###############
G4WT0 > ###############
G4WT0 > ###############
G4WT0 > ###############
G4WT0 > ###############
G4WT0 > ###############
G4WT0 > ###############
G4WT0 > ###############
G4WT0 > ###############
G4WT0 > ###############
G4WT0 > ###############
G4WT0 > ###############
G4WT0 > ###############
G4WT0 > ###############
G4WT0 > ###############
G4WT0 > ###############
G4WT0 > ###############
G4WT0 > ###############
G4WT0 > ###############
G4WT0 > ###############
G4WT0 > ###############
G4WT0 > ###############
G4WT0 > ###############
G4WT0 > ###############
G4WT0 > ###############
G4WT0 > ###############
G4WT0 > ###############
G4WT0 > ###############
G4WT0 > ###############
G4WT0 > ###############
G4WT0 > ###############
G4WT0 > ###############
G4WT0 > ###############
G4WT0 > ###############
G4WT0 > ###############
G4WT0 > ###############
G4WT0 > ###############
G4WT0 > ###############
G4WT0 > ###############
G4WT0 > ###############
G4WT0 > ###############
G4WT0 > ###############
G4WT0 > ###############
G4WT0 > ###############
G4WT0 > ###############
G4WT0 > ###############
G4WT0 > ###############
G4WT0 > ###############
G4WT0 > ###############
G4WT0 > ###############
G4WT0 > ###############
G4WT0 > ###############
G4WT0 > ###############
G4WT0 > ###############
G4WT0 > ###############
G4WT0 > ###############
G4WT0 > ###############
G4WT0 > ###############
G4WT0 > ###############
G4WT0 > ###############
G4WT0 > ###############
Visualization Manager instantiating with verbosity "warnings (3)"...
Visualization Manager initialising...
Registering graphics systems...

You have successfully registered the following graphics systems.
Registered graphics systems are:
  ASCIITree (ATree)
  DAWNFILE (DAWNFILE)
  G4HepRepFile (HepRepFile)
  RayTracer (RayTracer)
  VRML2FILE (VRML2FILE)
  gMocrenFile (gMocrenFile)
  OpenGLImmediateQt (OGLIQt, OGLI)
  OpenGLStoredQt (OGLSQt, OGL, OGLS)
  OpenGLImmediateXm (OGLIXm, OGLIQt_FALLBACK)
  OpenGLStoredXm (OGLSXm, OGLSQt_FALLBACK)
  OpenGLImmediateX (OGLIX, OGLIQt_FALLBACK, OGLIXm_FALLBACK)
  OpenGLStoredX (OGLSX, OGLSQt_FALLBACK, OGLSXm_FALLBACK)

Registering model factories...

You have successfully registered the following model factories.
Registered model factories:
  generic
  drawByAttribute
  drawByCharge
  drawByOriginVolume
  drawByParticleID
  drawByEncounteredVolume

Registered models:
  None

Registered filter factories:
  attributeFilter
  chargeFilter
  originVolumeFilter
  particleFilter
  encounteredVolumeFilter

Registered filters:
  None

You have successfully registered the following user vis actions.
Run Duration User Vis Actions: none
End of Event User Vis Actions: none
End of Run User Vis Actions: none

Some /vis commands (optionally) take a string to specify colour.
"/vis/list" to see available colours.

========= Table of registered couples ============================

Index : 0     used in the geometry : Yes
 Material : G4_Galactic
 Range cuts        :  gamma  700 um     e-  700 um     e+  700 um  proton 700 um 
 Energy thresholds :  gamma  990 eV     e-  990 eV     e+  990 eV  proton 70 keV
 Region(s) which use this couple : 
    DefaultRegionForTheWorld

Index : 1     used in the geometry : Yes
 Material : G4_Al
 Range cuts        :  gamma  700 um     e-  700 um     e+  700 um  proton 700 um 
 Energy thresholds :  gamma  5.84707 keV    e-  461.19 keV    e+  445.1 keV proton 70 keV
 Region(s) which use this couple : 
    DefaultRegionForTheWorld

Index : 2     used in the geometry : Yes
 Material : G4_BAKELITE
 Range cuts        :  gamma  700 um     e-  700 um     e+  700 um  proton 700 um 
 Energy thresholds :  gamma  2.38497 keV    e-  311.339 keV    e+  303.255 keV proton 70 keV
 Region(s) which use this couple : 
    DefaultRegionForTheWorld

Index : 3     used in the geometry : Yes
 Material : G4_PLASTIC_SC_VINYLTOLUENE
 Range cuts        :  gamma  700 um     e-  700 um     e+  700 um  proton 700 um 
 Energy thresholds :  gamma  2.09715 keV    e-  281.883 keV    e+  275.044 keV proton 70 keV
 Region(s) which use this couple : 
    DefaultRegionForTheWorld

Index : 4     used in the geometry : Yes
 Material : G4_Si
 Range cuts        :  gamma  700 um     e-  700 um     e+  700 um  proton 700 um 
 Energy thresholds :  gamma  5.85415 keV    e-  423.338 keV    e+  409.013 keV proton 70 keV
 Region(s) which use this couple : 
    DefaultRegionForTheWorld

==================================================================

G4VisManager: Using G4TrajectoryDrawByCharge as fallback trajectory model.
See commands in /vis/modeling/trajectories/ for other options.
### Run 0 starts.

============================================================================================
--> G4TaskRunManager::CreateAndStartWorkers() --> Creating 316 tasks with 316 events/task...
============================================================================================

G4WT0 > ### Run 0 starts on worker thread 0.
G4WT0 > ... set ntuple merging row mode : row-wise - done
G4WT0 > ... create file : /data1/home/rnicolai/LEM_GDML_upgrade/OUT/Output_Geant4Simulation_20230819/DST/GDML_file_4/e-_j7_t0.root - done
G4WT0 > ... open analysis file : /data1/home/rnicolai/LEM_GDML_upgrade/OUT/Output_Geant4Simulation_20230819/DST/GDML_file_4/e-_j7.root - done
G4WT0 > ... open analysis file : /data1/home/rnicolai/LEM_GDML_upgrade/OUT/Output_Geant4Simulation_20230819/DST/GDML_file_4/e-_j7.root - done
G4WT0 > Event N: 1000
G4WT0 > Event N: 2000
G4WT0 > Event N: 3000
G4WT0 > Event N: 4000
G4WT0 > Event N: 5000
G4WT0 > Event N: 6000
G4WT0 > Event N: 7000
G4WT0 > Event N: 8000
G4WT0 > Event N: 9000
G4WT0 > Event N: 10000
G4WT0 > Event N: 11000
G4WT0 > Event N: 12000
G4WT0 > Event N: 13000
G4WT0 > Event N: 14000
G4WT0 > Event N: 15000
G4WT0 > Event N: 16000
G4WT0 > Event N: 17000
G4WT0 > Event N: 18000
G4WT0 > Event N: 19000
G4WT0 > Event N: 20000
G4WT0 > Event N: 21000
G4WT0 > Event N: 22000
G4WT0 > 22513	11.9258	4.99134	5.55247	2.90776	2.08358	0	0
G4WT0 > Event N: 23000
G4WT0 > 23763	10.635	2.85169	4.97659	2.03165	0.820042	0	0
G4WT0 > Event N: 24000
G4WT0 > Event N: 25000
G4WT0 > Event N: 26000
G4WT0 > Event N: 27000
G4WT0 > Event N: 28000
G4WT0 > Event N: 29000
G4WT0 > Event N: 30000
G4WT0 > Event N: 31000
G4WT0 > 31467	9.64642	4.22217	4.70641	1.83427	2.38789	0	0
G4WT0 > Event N: 32000
G4WT0 > Event N: 33000
G4WT0 > Event N: 34000
G4WT0 > 34097	10.3971	2.48202	4.26119	1.28292	1.19909	0	0
G4WT0 > Event N: 35000
G4WT0 > Event N: 36000
G4WT0 > Event N: 37000
G4WT0 > Event N: 38000
G4WT0 > Event N: 39000
G4WT0 > Event N: 40000
G4WT0 > Event N: 41000
G4WT0 > Event N: 42000
G4WT0 > Event N: 43000
G4WT0 > Event N: 44000
G4WT0 > Event N: 45000
G4WT0 > Event N: 46000
G4WT0 > 46944	11.7554	4.56173	5.53912	1.52672	3.03501	0	0
G4WT0 > Event N: 47000
G4WT0 > Event N: 48000
G4WT0 > Event N: 49000
G4WT0 > Event N: 50000
G4WT0 > Event N: 51000
G4WT0 > 51172	9.51304	2.66311	4.25065	0.855878	1.80723	0	0
G4WT0 > Event N: 52000
G4WT0 > Event N: 53000
G4WT0 > Event N: 54000
G4WT0 > Event N: 55000
G4WT0 > Event N: 56000
G4WT0 > Event N: 57000
G4WT0 > Event N: 58000
G4WT0 > Event N: 59000
G4WT0 > Event N: 60000
G4WT0 > 60114	8.62671	1.76481	3.76409	1.15369	0.611123	0	0
G4WT0 > Event N: 61000
G4WT0 > Event N: 62000
G4WT0 > Event N: 63000
G4WT0 > Event N: 64000
G4WT0 > Event N: 65000
G4WT0 > 65850	9.79775	2.45175	3.90646	1.0842	1.36754	0	0
G4WT0 > Event N: 66000
G4WT0 > Event N: 67000
G4WT0 > Event N: 68000
G4WT0 > Event N: 69000
G4WT0 > Event N: 70000
G4WT0 > Event N: 71000
G4WT0 > Event N: 72000
G4WT0 > Event N: 73000
G4WT0 > Event N: 74000
G4WT0 > Event N: 75000
G4WT0 > Event N: 76000
G4WT0 > Event N: 77000
G4WT0 > Event N: 78000
G4WT0 > 78031	8.23493	3.00108	3.87704	0.8864	2.11468	0	0
G4WT0 > Event N: 79000
G4WT0 > Event N: 80000
G4WT0 > Event N: 81000
G4WT0 > 81703	11.6523	1.41404	5.14429	0.833455	0.580582	0	0
G4WT0 > Event N: 82000
G4WT0 > Event N: 83000
G4WT0 > Event N: 84000
G4WT0 > Event N: 85000
G4WT0 > Event N: 86000
G4WT0 > Event N: 87000
G4WT0 > Event N: 88000
G4WT0 > Event N: 89000
G4WT0 > Event N: 90000
G4WT0 > Event N: 91000
G4WT0 > Event N: 92000
G4WT0 > Event N: 93000
G4WT0 > Event N: 94000
G4WT0 > Event N: 95000
G4WT0 > Event N: 96000
G4WT0 > Event N: 97000
G4WT0 > Event N: 98000
G4WT0 > Event N: 99000
G4WT0 > Event N: 100000
G4WT0 > [thread 0] Thread-local run terminated.
G4WT0 > [thread 0] Run Summary
G4WT0 > [thread 0]   Number of events processed : 100000
G4WT0 > [thread 0]   User=0.000000s Real=0.011828s Sys=0.000000s [Cpu=0.0%]
G4WT0 > ... write file : /data1/home/rnicolai/LEM_GDML_upgrade/OUT/Output_Geant4Simulation_20230819/DST/GDML_file_4/e-_j7_t0.root - done
G4WT0 > ... close file : /data1/home/rnicolai/LEM_GDML_upgrade/OUT/Output_Geant4Simulation_20230819/DST/GDML_file_4/e-_j7_t0.root - done
 Run terminated.
Run Summary
  Number of events processed : 100000
  User=107.640000s Real=111.190962s Sys=0.070000s [Cpu=96.9%]
0 events have been kept for refreshing and/or reviewing.
  "/vis/reviewKeptEvents" to review them one by one.
  "/vis/enable", then "/vis/viewer/flush" or "/vis/viewer/rebuild" to see them accumulated.

========= Table of registered couples ============================

Index : 0     used in the geometry : Yes
 Material : G4_Galactic
 Range cuts        :  gamma  700 um     e-  700 um     e+  700 um  proton 700 um 
 Energy thresholds :  gamma  990 eV     e-  990 eV     e+  990 eV  proton 70 keV
 Region(s) which use this couple : 
    DefaultRegionForTheWorld

Index : 1     used in the geometry : Yes
 Material : G4_Al
 Range cuts        :  gamma  700 um     e-  700 um     e+  700 um  proton 700 um 
 Energy thresholds :  gamma  5.84707 keV    e-  461.19 keV    e+  445.1 keV proton 70 keV
 Region(s) which use this couple : 
    DefaultRegionForTheWorld

Index : 2     used in the geometry : Yes
 Material : G4_BAKELITE
 Range cuts        :  gamma  700 um     e-  700 um     e+  700 um  proton 700 um 
 Energy thresholds :  gamma  2.38497 keV    e-  311.339 keV    e+  303.255 keV proton 70 keV
 Region(s) which use this couple : 
    DefaultRegionForTheWorld

Index : 3     used in the geometry : Yes
 Material : G4_PLASTIC_SC_VINYLTOLUENE
 Range cuts        :  gamma  700 um     e-  700 um     e+  700 um  proton 700 um 
 Energy thresholds :  gamma  2.09715 keV    e-  281.883 keV    e+  275.044 keV proton 70 keV
 Region(s) which use this couple : 
    DefaultRegionForTheWorld

Index : 4     used in the geometry : Yes
 Material : G4_Si
 Range cuts        :  gamma  700 um     e-  700 um     e+  700 um  proton 700 um 
 Energy thresholds :  gamma  5.85415 keV    e-  423.338 keV    e+  409.013 keV proton 70 keV
 Region(s) which use this couple : 
    DefaultRegionForTheWorld

==================================================================

### Run 1 starts.

============================================================================================
--> G4TaskRunManager::CreateAndStartWorkers() --> Creating 316 tasks with 316 events/task...
============================================================================================

G4WT0 > ### Run 1 starts on worker thread 0.
G4WT0 > ... create file : /data1/home/rnicolai/LEM_GDML_upgrade/OUT/Output_Geant4Simulation_20230819/DST/GDML_file_4/proton_j7_t0.root - done
G4WT0 > ... open analysis file : /data1/home/rnicolai/LEM_GDML_upgrade/OUT/Output_Geant4Simulation_20230819/DST/GDML_file_4/proton_j7.root - done
G4WT0 > ... open analysis file : /data1/home/rnicolai/LEM_GDML_upgrade/OUT/Output_Geant4Simulation_20230819/DST/GDML_file_4/proton_j7.root - done
G4WT0 > Event N: 1000
G4WT0 > Event N: 2000
G4WT0 > Event N: 3000
G4WT0 > Event N: 4000
G4WT0 > Event N: 5000
G4WT0 > 5293	69.6719	10.3353	29.4638	0.157737	10.1775	0	0
G4WT0 > Event N: 6000
G4WT0 > Event N: 7000
G4WT0 > Event N: 8000
G4WT0 > Event N: 9000
G4WT0 > Event N: 10000
G4WT0 > Event N: 11000
G4WT0 > Event N: 12000
G4WT0 > Event N: 13000
G4WT0 > Event N: 14000
G4WT0 > Event N: 15000
G4WT0 > Event N: 16000
G4WT0 > Event N: 17000
G4WT0 > Event N: 18000
G4WT0 > Event N: 19000
G4WT0 > Event N: 20000
G4WT0 > Event N: 21000
G4WT0 > Event N: 22000
G4WT0 > Event N: 23000
G4WT0 > Event N: 24000
G4WT0 > Event N: 25000
G4WT0 > Event N: 26000
G4WT0 > Event N: 27000
G4WT0 > Event N: 28000
G4WT0 > Event N: 29000
G4WT0 > Event N: 30000
G4WT0 > 30495	92.4231	26.6733	34.5526	3.63382	23.0395	0	0
G4WT0 > Event N: 31000
G4WT0 > Event N: 32000
G4WT0 > Event N: 33000
G4WT0 > Event N: 34000
G4WT0 > Event N: 35000
G4WT0 > 35412	89.7016	28.0899	33.9374	3.40596	24.6839	0	0
G4WT0 > Event N: 36000
G4WT0 > Event N: 37000
G4WT0 > Event N: 38000
G4WT0 > Event N: 39000
G4WT0 > 39613	71.6145	27.5345	35.164	8.56322	18.9713	0	0
G4WT0 > Event N: 40000
G4WT0 > Event N: 41000
G4WT0 > Event N: 42000
G4WT0 > Event N: 43000
G4WT0 > Event N: 44000
G4WT0 > Event N: 45000
G4WT0 > Event N: 46000
G4WT0 > 46442	29.6972	9.46597	13.629	9.40302	0.0629509	0	0
G4WT0 > Event N: 47000
G4WT0 > Event N: 48000
G4WT0 > Event N: 49000
G4WT0 > Event N: 50000
G4WT0 > Event N: 51000
G4WT0 > Event N: 52000
G4WT0 > Event N: 53000
G4WT0 > Event N: 54000
G4WT0 > Event N: 55000
G4WT0 > Event N: 56000
G4WT0 > Event N: 57000
G4WT0 > Event N: 58000
G4WT0 > Event N: 59000
G4WT0 > Event N: 60000
G4WT0 > Event N: 61000
G4WT0 > Event N: 62000
G4WT0 > Event N: 63000
G4WT0 > Event N: 64000
G4WT0 > Event N: 65000
G4WT0 > Event N: 66000
G4WT0 > 66001	92.8448	3.22754	14.2353	2.66818	0.559367	0	0
G4WT0 > Event N: 67000
G4WT0 > Event N: 68000
G4WT0 > Event N: 69000
G4WT0 > Event N: 70000
G4WT0 > Event N: 71000
G4WT0 > Event N: 72000
G4WT0 > Event N: 73000
G4WT0 > Event N: 74000
G4WT0 > Event N: 75000
G4WT0 > Event N: 76000
G4WT0 > Event N: 77000
G4WT0 > Event N: 78000
G4WT0 > Event N: 79000
G4WT0 > Event N: 80000
G4WT0 > Event N: 81000
G4WT0 > Event N: 82000
G4WT0 > Event N: 83000
G4WT0 > Event N: 84000
G4WT0 > Event N: 85000
G4WT0 > Event N: 86000
G4WT0 > Event N: 87000
G4WT0 > Event N: 88000
G4WT0 > Event N: 89000
G4WT0 > Event N: 90000
G4WT0 > Event N: 91000
G4WT0 > Event N: 92000
G4WT0 > Event N: 93000
G4WT0 > Event N: 94000
G4WT0 > Event N: 95000
G4WT0 > Event N: 96000
G4WT0 > Event N: 97000
G4WT0 > Event N: 98000
G4WT0 > Event N: 99000
G4WT0 > Event N: 100000
G4WT0 > [thread 0] Thread-local run terminated.
G4WT0 > [thread 0] Run Summary
G4WT0 > [thread 0]   Number of events processed : 100000
G4WT0 > [thread 0]   User=0.000000s Real=0.003143s Sys=0.000000s [Cpu=0.0%]
G4WT0 > ... write file : /data1/home/rnicolai/LEM_GDML_upgrade/OUT/Output_Geant4Simulation_20230819/DST/GDML_file_4/proton_j7_t0.root - done
G4WT0 > ... close file : /data1/home/rnicolai/LEM_GDML_upgrade/OUT/Output_Geant4Simulation_20230819/DST/GDML_file_4/proton_j7_t0.root - done
 Run terminated.
Run Summary
  Number of events processed : 100000
  User=74.530000s Real=79.166591s Sys=0.040000s [Cpu=94.2%]
0 events have been kept for refreshing and/or reviewing.
  "/vis/reviewKeptEvents" to review them one by one.
  "/vis/enable", then "/vis/viewer/flush" or "/vis/viewer/rebuild" to see them accumulated.

========= Table of registered couples ============================

Index : 0     used in the geometry : Yes
 Material : G4_Galactic
 Range cuts        :  gamma  700 um     e-  700 um     e+  700 um  proton 700 um 
 Energy thresholds :  gamma  990 eV     e-  990 eV     e+  990 eV  proton 70 keV
 Region(s) which use this couple : 
    DefaultRegionForTheWorld

Index : 1     used in the geometry : Yes
 Material : G4_Al
 Range cuts        :  gamma  700 um     e-  700 um     e+  700 um  proton 700 um 
 Energy thresholds :  gamma  5.84707 keV    e-  461.19 keV    e+  445.1 keV proton 70 keV
 Region(s) which use this couple : 
    DefaultRegionForTheWorld

Index : 2     used in the geometry : Yes
 Material : G4_BAKELITE
 Range cuts        :  gamma  700 um     e-  700 um     e+  700 um  proton 700 um 
 Energy thresholds :  gamma  2.38497 keV    e-  311.339 keV    e+  303.255 keV proton 70 keV
 Region(s) which use this couple : 
    DefaultRegionForTheWorld

Index : 3     used in the geometry : Yes
 Material : G4_PLASTIC_SC_VINYLTOLUENE
 Range cuts        :  gamma  700 um     e-  700 um     e+  700 um  proton 700 um 
 Energy thresholds :  gamma  2.09715 keV    e-  281.883 keV    e+  275.044 keV proton 70 keV
 Region(s) which use this couple : 
    DefaultRegionForTheWorld

Index : 4     used in the geometry : Yes
 Material : G4_Si
 Range cuts        :  gamma  700 um     e-  700 um     e+  700 um  proton 700 um 
 Energy thresholds :  gamma  5.85415 keV    e-  423.338 keV    e+  409.013 keV proton 70 keV
 Region(s) which use this couple : 
    DefaultRegionForTheWorld

==================================================================

### Run 2 starts.

============================================================================================
--> G4TaskRunManager::CreateAndStartWorkers() --> Creating 316 tasks with 316 events/task...
============================================================================================

G4WT0 > ### Run 2 starts on worker thread 0.
G4WT0 > ... create file : /data1/home/rnicolai/LEM_GDML_upgrade/OUT/Output_Geant4Simulation_20230819/DST/GDML_file_4/alpha_j7_t0.root - done
G4WT0 > ... open analysis file : /data1/home/rnicolai/LEM_GDML_upgrade/OUT/Output_Geant4Simulation_20230819/DST/GDML_file_4/alpha_j7.root - done
G4WT0 > ... open analysis file : /data1/home/rnicolai/LEM_GDML_upgrade/OUT/Output_Geant4Simulation_20230819/DST/GDML_file_4/alpha_j7.root - done
G4WT0 > Event N: 1000
G4WT0 > Event N: 2000
G4WT0 > Event N: 3000
G4WT0 > Event N: 4000
G4WT0 > Event N: 5000
G4WT0 > Event N: 6000
G4WT0 > Event N: 7000
G4WT0 > Event N: 8000
G4WT0 > 8511	335.671	107.652	159.634	26.3502	81.3014	0	0
G4WT0 > Event N: 9000
G4WT0 > Event N: 10000
G4WT0 > Event N: 11000
G4WT0 > Event N: 12000
G4WT0 > 12908	288.905	3.13903	130.838	0.808579	2.33045	0	0
G4WT0 > Event N: 13000
G4WT0 > Event N: 14000
G4WT0 > Event N: 15000
G4WT0 > Event N: 16000
G4WT0 > Event N: 17000
G4WT0 > Event N: 18000
G4WT0 > Event N: 19000
G4WT0 > Event N: 20000
G4WT0 > Event N: 21000
G4WT0 > Event N: 22000
G4WT0 > Event N: 23000
G4WT0 > Event N: 24000
G4WT0 > Event N: 25000
G4WT0 > 25362	361.867	2.79603	171.36	0.563537	2.23249	0	0
G4WT0 > Event N: 26000
G4WT0 > 26104	355.139	10.8543	132.179	0.702434	10.1518	0	0
G4WT0 > Event N: 27000
G4WT0 > Event N: 28000
G4WT0 > Event N: 29000
G4WT0 > Event N: 30000
G4WT0 > Event N: 31000
G4WT0 > Event N: 32000
G4WT0 > 32170	361.912	15.0549	171.236	10.0381	5.01682	0	0
G4WT0 > Event N: 33000
G4WT0 > Event N: 34000
G4WT0 > Event N: 35000
G4WT0 > Event N: 36000
G4WT0 > Event N: 37000
G4WT0 > Event N: 38000
G4WT0 > Event N: 39000
G4WT0 > Event N: 40000
G4WT0 > Event N: 41000
G4WT0 > Event N: 42000
G4WT0 > Event N: 43000
G4WT0 > Event N: 44000
G4WT0 > 44009	357.538	87.0867	115.629	27.07	60.0167	0	0
G4WT0 > Event N: 45000
G4WT0 > Event N: 46000
G4WT0 > 46230	384.89	12.9939	164.38	0.8506	12.1433	0	0
G4WT0 > Event N: 47000
G4WT0 > 47411	326.917	121.958	158.798	29.3965	92.5618	0	0
G4WT0 > Event N: 48000
G4WT0 > Event N: 49000
G4WT0 > Event N: 50000
G4WT0 > Event N: 51000
G4WT0 > Event N: 52000
G4WT0 > Event N: 53000
G4WT0 > Event N: 54000
G4WT0 > Event N: 55000
G4WT0 > Event N: 56000
G4WT0 > Event N: 57000
G4WT0 > Event N: 58000
G4WT0 > Event N: 59000
G4WT0 > Event N: 60000
G4WT0 > Event N: 61000
G4WT0 > Event N: 62000
G4WT0 > 62145	360.96	10.1632	157.192	6.76583	3.39733	0	0
G4WT0 > Event N: 63000
G4WT0 > Event N: 64000
G4WT0 > Event N: 65000
G4WT0 > Event N: 66000
G4WT0 > 66682	360.453	2.65361	123.91	0.675106	1.9785	0	0
G4WT0 > Event N: 67000
G4WT0 > Event N: 68000
G4WT0 > Event N: 69000
G4WT0 > Event N: 70000
G4WT0 > Event N: 71000
G4WT0 > Event N: 72000
G4WT0 > Event N: 73000
G4WT0 > Event N: 74000
G4WT0 > Event N: 75000
G4WT0 > Event N: 76000
G4WT0 > Event N: 77000
G4WT0 > Event N: 78000
G4WT0 > Event N: 79000
G4WT0 > Event N: 80000
G4WT0 > Event N: 81000
G4WT0 > Event N: 82000
G4WT0 > Event N: 83000
G4WT0 > Event N: 84000
G4WT0 > Event N: 85000
G4WT0 > Event N: 86000
G4WT0 > 86101	397.89	60.4267	128.863	1.01077	59.416	0	0
G4WT0 > 86881	250.142	76.2373	112.963	45.073	31.1643	0	0
G4WT0 > Event N: 87000
G4WT0 > Event N: 88000
G4WT0 > Event N: 89000
G4WT0 > Event N: 90000
G4WT0 > Event N: 91000
G4WT0 > Event N: 92000
G4WT0 > Event N: 93000
G4WT0 > Event N: 94000
G4WT0 > Event N: 95000
G4WT0 > Event N: 96000
G4WT0 > Event N: 97000
G4WT0 > Event N: 98000
G4WT0 > Event N: 99000
G4WT0 > Event N: 100000
G4WT0 > [thread 0] Thread-local run terminated.
G4WT0 > [thread 0] Run Summary
G4WT0 > [thread 0]   Number of events processed : 100000
G4WT0 > [thread 0]   User=0.000000s Real=0.011571s Sys=0.000000s [Cpu=0.0%]
G4WT0 > ... write file : /data1/home/rnicolai/LEM_GDML_upgrade/OUT/Output_Geant4Simulation_20230819/DST/GDML_file_4/alpha_j7_t0.root - done
G4WT0 > ... close file : /data1/home/rnicolai/LEM_GDML_upgrade/OUT/Output_Geant4Simulation_20230819/DST/GDML_file_4/alpha_j7_t0.root - done
 Run terminated.
Run Summary
  Number of events processed : 100000
  User=86.540000s Real=95.943284s Sys=0.050000s [Cpu=90.3%]
0 events have been kept for refreshing and/or reviewing.
  "/vis/reviewKeptEvents" to review them one by one.
  "/vis/enable", then "/vis/viewer/flush" or "/vis/viewer/rebuild" to see them accumulated.
Graphics systems deleted.
Visualization Manager deleting...
G4WT0 > Destroying WorkerRunManager (0x2b12c0049d70)
G4WT0 > G4 kernel has come to Quit state.
G4WT0 > ================== Deleting memory pools ===================
G4WT0 > Number of memory pools allocated: 14; of which, static: 0
G4WT0 > Dynamic pools deleted: 14 / Total memory freed: 0.062 MB
G4WT0 > ============================================================
G4WT0 > Thread-local UImanager is to be deleted.
G4WT0 > There should not be any thread-local G4cout/G4cerr hereafter.
ThreadPool destroyed
G4 kernel has come to Quit state.
================== Deleting memory pools ===================
Number of memory pools allocated: 5; of which, static: 0
Dynamic pools deleted: 5 / Total memory freed: 0.013 MB
============================================================
RunManagerKernel is deleted. Good bye :)
