000 (2076.000.000) 2023-07-17 20:12:38 Job submitted from host: <90.147.8.111:9618?addrs=90.147.8.111-9618&alias=ams&noUDP&sock=schedd_101290_17f1>
...
040 (2076.000.000) 2023-07-17 20:12:59 Started transferring input files
	Transferring to host: <192.168.100.3:9618?addrs=192.168.100.3-9618&alias=node03&noUDP&sock=slot10_13103_ffae_1954>
...
040 (2076.000.000) 2023-07-17 20:12:59 Finished transferring input files
...
001 (2076.000.000) 2023-07-17 20:13:01 Job executing on host: <192.168.100.3:9618?addrs=192.168.100.3-9618&alias=node03&noUDP&sock=startd_13068_23b8>
	SlotName: slot10@node03
...
006 (2076.000.000) 2023-07-17 20:13:09 Image size of job updated: 113296
	0  -  MemoryUsage of job (MB)
	0  -  ResidentSetSize of job (KB)
...
040 (2076.000.000) 2023-07-17 20:13:10 Started transferring output files
...
040 (2076.000.000) 2023-07-17 20:13:10 Finished transferring output files
...
005 (2076.000.000) 2023-07-17 20:13:10 Job terminated.
	(1) Normal termination (return value 127)
		Usr 0 00:00:00, Sys 0 00:00:00  -  Run Remote Usage
		Usr 0 00:00:00, Sys 0 00:00:00  -  Run Local Usage
		Usr 0 00:00:00, Sys 0 00:00:00  -  Total Remote Usage
		Usr 0 00:00:00, Sys 0 00:00:00  -  Total Local Usage
	599  -  Run Bytes Sent By Job
	537  -  Run Bytes Received By Job
	599  -  Total Bytes Sent By Job
	537  -  Total Bytes Received By Job
	Partitionable Resources :    Usage  Request Allocated 
	   Cpus                 :                 1         1 
	   Disk (KB)            :       19        1   4078609 
	   Memory (MB)          :        0        1      2000 

	Job terminated of its own accord at 2023-07-17T18:13:09Z with exit-code 127.
...
