The system is: Linux - 3.10.0-1160.88.1.el7.x86_64 - x86_64
Compiling the C compiler identification source file "CMakeCCompilerId.c" succeeded.
Compiler: /cvmfs/sft.cern.ch/lcg/releases/gcc/10.1.0-6f386/x86_64-centos7/bin/gcc 
Build flags: 
Id flags:  

The output was:
0


Compilation of the C compiler identification source "CMakeCCompilerId.c" produced "a.out"

The C compiler identification is GNU, found in "/data1/home/rnicolai/LEM_GDML_upgrade/build_f1_j1/CMakeFiles/3.18.4/CompilerIdC/a.out"

Compiling the CXX compiler identification source file "CMakeCXXCompilerId.cpp" succeeded.
Compiler: /cvmfs/sft.cern.ch/lcg/releases/gcc/10.1.0-6f386/x86_64-centos7/bin/g++ 
Build flags: 
Id flags:  

The output was:
0


Compilation of the CXX compiler identification source "CMakeCXXCompilerId.cpp" produced "a.out"

The CXX compiler identification is GNU, found in "/data1/home/rnicolai/LEM_GDML_upgrade/build_f1_j1/CMakeFiles/3.18.4/CompilerIdCXX/a.out"

Detecting C compiler ABI info compiled with the following output:
Change Dir: /data1/home/rnicolai/LEM_GDML_upgrade/build_f1_j1/CMakeFiles/CMakeTmp

Run Build Command(s):/usr/bin/gmake cmTC_88284/fast && /usr/bin/gmake  -f CMakeFiles/cmTC_88284.dir/build.make CMakeFiles/cmTC_88284.dir/build
gmake[1]: Entering directory `/.autofs/data1/home/rnicolai/LEM_GDML_upgrade/build_f1_j1/CMakeFiles/CMakeTmp'
Building C object CMakeFiles/cmTC_88284.dir/CMakeCCompilerABI.c.o
/cvmfs/sft.cern.ch/lcg/releases/gcc/10.1.0-6f386/x86_64-centos7/bin/gcc   -v -o CMakeFiles/cmTC_88284.dir/CMakeCCompilerABI.c.o -c /cvmfs/sft.cern.ch/lcg/releases/CMake/3.18.4-2ffec/x86_64-centos7-gcc10-opt/share/cmake-3.18/Modules/CMakeCCompilerABI.c
Using built-in specs.
COLLECT_GCC=/cvmfs/sft.cern.ch/lcg/releases/gcc/10.1.0-6f386/x86_64-centos7/bin/gcc
Target: x86_64-pc-linux-gnu
Configured with: /build/gcc/WORK/build/contrib/gcc-10.1.0/src/gcc/10.1.0/configure --disable-multilib --prefix=/build/gcc/WORK/lcgcmake-install/gcc/10.1.0/x86_64-centos7 -with-system-zlib --enable-languages=all --with-gnu-ld --with-gnu-as
Thread model: posix
Supported LTO compression algorithms: zlib
gcc version 10.1.0 (GCC) 
COLLECT_GCC_OPTIONS='-v' '-o' 'CMakeFiles/cmTC_88284.dir/CMakeCCompilerABI.c.o' '-c' '-mtune=generic' '-march=x86-64'
 /cvmfs/sft.cern.ch/lcg/releases/gcc/10.1.0-6f386/x86_64-centos7/bin/../libexec/gcc/x86_64-pc-linux-gnu/10.1.0/cc1 -quiet -v -iprefix /cvmfs/sft.cern.ch/lcg/releases/gcc/10.1.0-6f386/x86_64-centos7/bin/../lib/gcc/x86_64-pc-linux-gnu/10.1.0/ -isystem /cvmfs/sft.cern.ch/lcg/releases/gcc/10.1.0-6f386/x86_64-centos7/include /cvmfs/sft.cern.ch/lcg/releases/CMake/3.18.4-2ffec/x86_64-centos7-gcc10-opt/share/cmake-3.18/Modules/CMakeCCompilerABI.c -quiet -dumpbase CMakeCCompilerABI.c -mtune=generic -march=x86-64 -auxbase-strip CMakeFiles/cmTC_88284.dir/CMakeCCompilerABI.c.o -version -o /tmp/ccl2ilef.s
GNU C17 (GCC) version 10.1.0 (x86_64-pc-linux-gnu)
	compiled by GNU C version 10.1.0, GMP version 6.1.0, MPFR version 3.1.4, MPC version 1.0.3, isl version isl-0.18-GMP

GGC heuristics: --param ggc-min-expand=100 --param ggc-min-heapsize=131072
ignoring nonexistent directory "/cvmfs/sft.cern.ch/lcg/releases/gcc/10.1.0-6f386/x86_64-centos7/bin/../lib/gcc/x86_64-pc-linux-gnu/10.1.0/../../../../x86_64-pc-linux-gnu/include"
ignoring duplicate directory "/cvmfs/sft.cern.ch/lcg/releases/gcc/10.1.0-6f386/x86_64-centos7/bin/../lib/gcc/../../lib/gcc/x86_64-pc-linux-gnu/10.1.0/include"
ignoring duplicate directory "/cvmfs/sft.cern.ch/lcg/releases/gcc/10.1.0-6f386/x86_64-centos7/bin/../lib/gcc/../../include"
ignoring duplicate directory "/cvmfs/sft.cern.ch/lcg/releases/gcc/10.1.0-6f386/x86_64-centos7/bin/../lib/gcc/../../lib/gcc/x86_64-pc-linux-gnu/10.1.0/include-fixed"
ignoring nonexistent directory "/cvmfs/sft.cern.ch/lcg/releases/gcc/10.1.0-6f386/x86_64-centos7/bin/../lib/gcc/../../lib/gcc/x86_64-pc-linux-gnu/10.1.0/../../../../x86_64-pc-linux-gnu/include"
#include "..." search starts here:
#include <...> search starts here:
 /cvmfs/sft.cern.ch/lcg/releases/gcc/10.1.0-6f386/x86_64-centos7/include
 /cvmfs/sft.cern.ch/lcg/views/LCG_99/x86_64-centos7-gcc10-opt/include
 /cvmfs/sft.cern.ch/lcg/releases/gcc/10.1.0-6f386/x86_64-centos7/bin/../lib/gcc/x86_64-pc-linux-gnu/10.1.0/include
 /cvmfs/sft.cern.ch/lcg/releases/gcc/10.1.0-6f386/x86_64-centos7/bin/../lib/gcc/x86_64-pc-linux-gnu/10.1.0/include-fixed
 /usr/local/include
 /usr/include
End of search list.
GNU C17 (GCC) version 10.1.0 (x86_64-pc-linux-gnu)
	compiled by GNU C version 10.1.0, GMP version 6.1.0, MPFR version 3.1.4, MPC version 1.0.3, isl version isl-0.18-GMP

GGC heuristics: --param ggc-min-expand=100 --param ggc-min-heapsize=131072
Compiler executable checksum: e568910afe5321740fec65fd13e82322
COLLECT_GCC_OPTIONS='-v' '-o' 'CMakeFiles/cmTC_88284.dir/CMakeCCompilerABI.c.o' '-c' '-mtune=generic' '-march=x86-64'
 as -v --64 -o CMakeFiles/cmTC_88284.dir/CMakeCCompilerABI.c.o /tmp/ccl2ilef.s
GNU assembler version 2.34 (x86_64-pc-linux-gnu) using BFD version (GNU Binutils) 2.34
COMPILER_PATH=/cvmfs/sft.cern.ch/lcg/releases/gcc/10.1.0-6f386/x86_64-centos7/bin/../libexec/gcc/x86_64-pc-linux-gnu/10.1.0/:/cvmfs/sft.cern.ch/lcg/releases/gcc/10.1.0-6f386/x86_64-centos7/bin/../libexec/gcc/:/cvmfs/sft.cern.ch/lcg/releases/gcc/10.1.0-6f386/x86_64-centos7/
LIBRARY_PATH=/cvmfs/sft.cern.ch/lcg/releases/gcc/10.1.0-6f386/x86_64-centos7/bin/../lib/gcc/x86_64-pc-linux-gnu/10.1.0/:/cvmfs/sft.cern.ch/lcg/releases/gcc/10.1.0-6f386/x86_64-centos7/bin/../lib/gcc/:/cvmfs/sft.cern.ch/lcg/releases/gcc/10.1.0-6f386/x86_64-centos7/bin/../lib/gcc/x86_64-pc-linux-gnu/10.1.0/../../../../lib64/:/lib/../lib64/:/usr/lib/../lib64/:/cvmfs/sft.cern.ch/lcg/releases/gcc/10.1.0-6f386/x86_64-centos7/bin/../lib/gcc/x86_64-pc-linux-gnu/10.1.0/../../../:/lib/:/usr/lib/
COLLECT_GCC_OPTIONS='-v' '-o' 'CMakeFiles/cmTC_88284.dir/CMakeCCompilerABI.c.o' '-c' '-mtune=generic' '-march=x86-64'
Linking C executable cmTC_88284
/cvmfs/sft.cern.ch/lcg/releases/CMake/3.18.4-2ffec/x86_64-centos7-gcc10-opt/bin/cmake -E cmake_link_script CMakeFiles/cmTC_88284.dir/link.txt --verbose=1
/cvmfs/sft.cern.ch/lcg/releases/gcc/10.1.0-6f386/x86_64-centos7/bin/gcc  -v CMakeFiles/cmTC_88284.dir/CMakeCCompilerABI.c.o -o cmTC_88284 
Using built-in specs.
COLLECT_GCC=/cvmfs/sft.cern.ch/lcg/releases/gcc/10.1.0-6f386/x86_64-centos7/bin/gcc
COLLECT_LTO_WRAPPER=/cvmfs/sft.cern.ch/lcg/releases/gcc/10.1.0-6f386/x86_64-centos7/bin/../libexec/gcc/x86_64-pc-linux-gnu/10.1.0/lto-wrapper
Target: x86_64-pc-linux-gnu
Configured with: /build/gcc/WORK/build/contrib/gcc-10.1.0/src/gcc/10.1.0/configure --disable-multilib --prefix=/build/gcc/WORK/lcgcmake-install/gcc/10.1.0/x86_64-centos7 -with-system-zlib --enable-languages=all --with-gnu-ld --with-gnu-as
Thread model: posix
Supported LTO compression algorithms: zlib
gcc version 10.1.0 (GCC) 
COMPILER_PATH=/cvmfs/sft.cern.ch/lcg/releases/gcc/10.1.0-6f386/x86_64-centos7/bin/../libexec/gcc/x86_64-pc-linux-gnu/10.1.0/:/cvmfs/sft.cern.ch/lcg/releases/gcc/10.1.0-6f386/x86_64-centos7/bin/../libexec/gcc/:/cvmfs/sft.cern.ch/lcg/releases/gcc/10.1.0-6f386/x86_64-centos7/
LIBRARY_PATH=/cvmfs/sft.cern.ch/lcg/releases/gcc/10.1.0-6f386/x86_64-centos7/bin/../lib/gcc/x86_64-pc-linux-gnu/10.1.0/:/cvmfs/sft.cern.ch/lcg/releases/gcc/10.1.0-6f386/x86_64-centos7/bin/../lib/gcc/:/cvmfs/sft.cern.ch/lcg/releases/gcc/10.1.0-6f386/x86_64-centos7/bin/../lib/gcc/x86_64-pc-linux-gnu/10.1.0/../../../../lib64/:/lib/../lib64/:/usr/lib/../lib64/:/cvmfs/sft.cern.ch/lcg/releases/gcc/10.1.0-6f386/x86_64-centos7/bin/../lib/gcc/x86_64-pc-linux-gnu/10.1.0/../../../:/lib/:/usr/lib/
COLLECT_GCC_OPTIONS='-v' '-o' 'cmTC_88284' '-mtune=generic' '-march=x86-64'
 /cvmfs/sft.cern.ch/lcg/releases/gcc/10.1.0-6f386/x86_64-centos7/bin/../libexec/gcc/x86_64-pc-linux-gnu/10.1.0/collect2 -plugin /cvmfs/sft.cern.ch/lcg/releases/gcc/10.1.0-6f386/x86_64-centos7/bin/../libexec/gcc/x86_64-pc-linux-gnu/10.1.0/liblto_plugin.so -plugin-opt=/cvmfs/sft.cern.ch/lcg/releases/gcc/10.1.0-6f386/x86_64-centos7/bin/../libexec/gcc/x86_64-pc-linux-gnu/10.1.0/lto-wrapper -plugin-opt=-fresolution=/tmp/cc3a9G5g.res -plugin-opt=-pass-through=-lgcc -plugin-opt=-pass-through=-lgcc_s -plugin-opt=-pass-through=-lc -plugin-opt=-pass-through=-lgcc -plugin-opt=-pass-through=-lgcc_s --eh-frame-hdr -m elf_x86_64 -dynamic-linker /lib64/ld-linux-x86-64.so.2 -o cmTC_88284 /lib/../lib64/crt1.o /lib/../lib64/crti.o /cvmfs/sft.cern.ch/lcg/releases/gcc/10.1.0-6f386/x86_64-centos7/bin/../lib/gcc/x86_64-pc-linux-gnu/10.1.0/crtbegin.o -L/cvmfs/sft.cern.ch/lcg/releases/gcc/10.1.0-6f386/x86_64-centos7/bin/../lib/gcc/x86_64-pc-linux-gnu/10.1.0 -L/cvmfs/sft.cern.ch/lcg/releases/gcc/10.1.0-6f386/x86_64-centos7/bin/../lib/gcc -L/cvmfs/sft.cern.ch/lcg/releases/gcc/10.1.0-6f386/x86_64-centos7/bin/../lib/gcc/x86_64-pc-linux-gnu/10.1.0/../../../../lib64 -L/lib/../lib64 -L/usr/lib/../lib64 -L/cvmfs/sft.cern.ch/lcg/releases/gcc/10.1.0-6f386/x86_64-centos7/bin/../lib/gcc/x86_64-pc-linux-gnu/10.1.0/../../.. CMakeFiles/cmTC_88284.dir/CMakeCCompilerABI.c.o -lgcc --push-state --as-needed -lgcc_s --pop-state -lc -lgcc --push-state --as-needed -lgcc_s --pop-state /cvmfs/sft.cern.ch/lcg/releases/gcc/10.1.0-6f386/x86_64-centos7/bin/../lib/gcc/x86_64-pc-linux-gnu/10.1.0/crtend.o /lib/../lib64/crtn.o
COLLECT_GCC_OPTIONS='-v' '-o' 'cmTC_88284' '-mtune=generic' '-march=x86-64'
gmake[1]: Leaving directory `/.autofs/data1/home/rnicolai/LEM_GDML_upgrade/build_f1_j1/CMakeFiles/CMakeTmp'



Parsed C implicit include dir info from above output: rv=done
  found start of include info
  found start of implicit include info
    add: [/cvmfs/sft.cern.ch/lcg/releases/gcc/10.1.0-6f386/x86_64-centos7/include]
    add: [/cvmfs/sft.cern.ch/lcg/views/LCG_99/x86_64-centos7-gcc10-opt/include]
    add: [/cvmfs/sft.cern.ch/lcg/releases/gcc/10.1.0-6f386/x86_64-centos7/bin/../lib/gcc/x86_64-pc-linux-gnu/10.1.0/include]
    add: [/cvmfs/sft.cern.ch/lcg/releases/gcc/10.1.0-6f386/x86_64-centos7/bin/../lib/gcc/x86_64-pc-linux-gnu/10.1.0/include-fixed]
    add: [/usr/local/include]
    add: [/usr/include]
  end of search list found
  collapse include dir [/cvmfs/sft.cern.ch/lcg/releases/gcc/10.1.0-6f386/x86_64-centos7/include] ==> [/cvmfs/sft.cern.ch/lcg/releases/gcc/10.1.0-6f386/x86_64-centos7/include]
  collapse include dir [/cvmfs/sft.cern.ch/lcg/views/LCG_99/x86_64-centos7-gcc10-opt/include] ==> [/cvmfs/sft.cern.ch/lcg/views/LCG_99/x86_64-centos7-gcc10-opt/include]
  collapse include dir [/cvmfs/sft.cern.ch/lcg/releases/gcc/10.1.0-6f386/x86_64-centos7/bin/../lib/gcc/x86_64-pc-linux-gnu/10.1.0/include] ==> [/cvmfs/sft.cern.ch/lcg/releases/gcc/10.1.0-6f386/x86_64-centos7/lib/gcc/x86_64-pc-linux-gnu/10.1.0/include]
  collapse include dir [/cvmfs/sft.cern.ch/lcg/releases/gcc/10.1.0-6f386/x86_64-centos7/bin/../lib/gcc/x86_64-pc-linux-gnu/10.1.0/include-fixed] ==> [/cvmfs/sft.cern.ch/lcg/releases/gcc/10.1.0-6f386/x86_64-centos7/lib/gcc/x86_64-pc-linux-gnu/10.1.0/include-fixed]
  collapse include dir [/usr/local/include] ==> [/usr/local/include]
  collapse include dir [/usr/include] ==> [/usr/include]
  implicit include dirs: [/cvmfs/sft.cern.ch/lcg/releases/gcc/10.1.0-6f386/x86_64-centos7/include;/cvmfs/sft.cern.ch/lcg/views/LCG_99/x86_64-centos7-gcc10-opt/include;/cvmfs/sft.cern.ch/lcg/releases/gcc/10.1.0-6f386/x86_64-centos7/lib/gcc/x86_64-pc-linux-gnu/10.1.0/include;/cvmfs/sft.cern.ch/lcg/releases/gcc/10.1.0-6f386/x86_64-centos7/lib/gcc/x86_64-pc-linux-gnu/10.1.0/include-fixed;/usr/local/include;/usr/include]


Parsed C implicit link information from above output:
  link line regex: [^( *|.*[/\])(ld|CMAKE_LINK_STARTFILE-NOTFOUND|([^/\]+-)?ld|collect2)[^/\]*( |$)]
  ignore line: [Change Dir: /data1/home/rnicolai/LEM_GDML_upgrade/build_f1_j1/CMakeFiles/CMakeTmp]
  ignore line: []
  ignore line: [Run Build Command(s):/usr/bin/gmake cmTC_88284/fast && /usr/bin/gmake  -f CMakeFiles/cmTC_88284.dir/build.make CMakeFiles/cmTC_88284.dir/build]
  ignore line: [gmake[1]: Entering directory `/.autofs/data1/home/rnicolai/LEM_GDML_upgrade/build_f1_j1/CMakeFiles/CMakeTmp']
  ignore line: [Building C object CMakeFiles/cmTC_88284.dir/CMakeCCompilerABI.c.o]
  ignore line: [/cvmfs/sft.cern.ch/lcg/releases/gcc/10.1.0-6f386/x86_64-centos7/bin/gcc   -v -o CMakeFiles/cmTC_88284.dir/CMakeCCompilerABI.c.o -c /cvmfs/sft.cern.ch/lcg/releases/CMake/3.18.4-2ffec/x86_64-centos7-gcc10-opt/share/cmake-3.18/Modules/CMakeCCompilerABI.c]
  ignore line: [Using built-in specs.]
  ignore line: [COLLECT_GCC=/cvmfs/sft.cern.ch/lcg/releases/gcc/10.1.0-6f386/x86_64-centos7/bin/gcc]
  ignore line: [Target: x86_64-pc-linux-gnu]
  ignore line: [Configured with: /build/gcc/WORK/build/contrib/gcc-10.1.0/src/gcc/10.1.0/configure --disable-multilib --prefix=/build/gcc/WORK/lcgcmake-install/gcc/10.1.0/x86_64-centos7 -with-system-zlib --enable-languages=all --with-gnu-ld --with-gnu-as]
  ignore line: [Thread model: posix]
  ignore line: [Supported LTO compression algorithms: zlib]
  ignore line: [gcc version 10.1.0 (GCC) ]
  ignore line: [COLLECT_GCC_OPTIONS='-v' '-o' 'CMakeFiles/cmTC_88284.dir/CMakeCCompilerABI.c.o' '-c' '-mtune=generic' '-march=x86-64']
  ignore line: [ /cvmfs/sft.cern.ch/lcg/releases/gcc/10.1.0-6f386/x86_64-centos7/bin/../libexec/gcc/x86_64-pc-linux-gnu/10.1.0/cc1 -quiet -v -iprefix /cvmfs/sft.cern.ch/lcg/releases/gcc/10.1.0-6f386/x86_64-centos7/bin/../lib/gcc/x86_64-pc-linux-gnu/10.1.0/ -isystem /cvmfs/sft.cern.ch/lcg/releases/gcc/10.1.0-6f386/x86_64-centos7/include /cvmfs/sft.cern.ch/lcg/releases/CMake/3.18.4-2ffec/x86_64-centos7-gcc10-opt/share/cmake-3.18/Modules/CMakeCCompilerABI.c -quiet -dumpbase CMakeCCompilerABI.c -mtune=generic -march=x86-64 -auxbase-strip CMakeFiles/cmTC_88284.dir/CMakeCCompilerABI.c.o -version -o /tmp/ccl2ilef.s]
  ignore line: [GNU C17 (GCC) version 10.1.0 (x86_64-pc-linux-gnu)]
  ignore line: [	compiled by GNU C version 10.1.0  GMP version 6.1.0  MPFR version 3.1.4  MPC version 1.0.3  isl version isl-0.18-GMP]
  ignore line: []
  ignore line: [GGC heuristics: --param ggc-min-expand=100 --param ggc-min-heapsize=131072]
  ignore line: [ignoring nonexistent directory "/cvmfs/sft.cern.ch/lcg/releases/gcc/10.1.0-6f386/x86_64-centos7/bin/../lib/gcc/x86_64-pc-linux-gnu/10.1.0/../../../../x86_64-pc-linux-gnu/include"]
  ignore line: [ignoring duplicate directory "/cvmfs/sft.cern.ch/lcg/releases/gcc/10.1.0-6f386/x86_64-centos7/bin/../lib/gcc/../../lib/gcc/x86_64-pc-linux-gnu/10.1.0/include"]
  ignore line: [ignoring duplicate directory "/cvmfs/sft.cern.ch/lcg/releases/gcc/10.1.0-6f386/x86_64-centos7/bin/../lib/gcc/../../include"]
  ignore line: [ignoring duplicate directory "/cvmfs/sft.cern.ch/lcg/releases/gcc/10.1.0-6f386/x86_64-centos7/bin/../lib/gcc/../../lib/gcc/x86_64-pc-linux-gnu/10.1.0/include-fixed"]
  ignore line: [ignoring nonexistent directory "/cvmfs/sft.cern.ch/lcg/releases/gcc/10.1.0-6f386/x86_64-centos7/bin/../lib/gcc/../../lib/gcc/x86_64-pc-linux-gnu/10.1.0/../../../../x86_64-pc-linux-gnu/include"]
  ignore line: [#include "..." search starts here:]
  ignore line: [#include <...> search starts here:]
  ignore line: [ /cvmfs/sft.cern.ch/lcg/releases/gcc/10.1.0-6f386/x86_64-centos7/include]
  ignore line: [ /cvmfs/sft.cern.ch/lcg/views/LCG_99/x86_64-centos7-gcc10-opt/include]
  ignore line: [ /cvmfs/sft.cern.ch/lcg/releases/gcc/10.1.0-6f386/x86_64-centos7/bin/../lib/gcc/x86_64-pc-linux-gnu/10.1.0/include]
  ignore line: [ /cvmfs/sft.cern.ch/lcg/releases/gcc/10.1.0-6f386/x86_64-centos7/bin/../lib/gcc/x86_64-pc-linux-gnu/10.1.0/include-fixed]
  ignore line: [ /usr/local/include]
  ignore line: [ /usr/include]
  ignore line: [End of search list.]
  ignore line: [GNU C17 (GCC) version 10.1.0 (x86_64-pc-linux-gnu)]
  ignore line: [	compiled by GNU C version 10.1.0  GMP version 6.1.0  MPFR version 3.1.4  MPC version 1.0.3  isl version isl-0.18-GMP]
  ignore line: []
  ignore line: [GGC heuristics: --param ggc-min-expand=100 --param ggc-min-heapsize=131072]
  ignore line: [Compiler executable checksum: e568910afe5321740fec65fd13e82322]
  ignore line: [COLLECT_GCC_OPTIONS='-v' '-o' 'CMakeFiles/cmTC_88284.dir/CMakeCCompilerABI.c.o' '-c' '-mtune=generic' '-march=x86-64']
  ignore line: [ as -v --64 -o CMakeFiles/cmTC_88284.dir/CMakeCCompilerABI.c.o /tmp/ccl2ilef.s]
  ignore line: [GNU assembler version 2.34 (x86_64-pc-linux-gnu) using BFD version (GNU Binutils) 2.34]
  ignore line: [COMPILER_PATH=/cvmfs/sft.cern.ch/lcg/releases/gcc/10.1.0-6f386/x86_64-centos7/bin/../libexec/gcc/x86_64-pc-linux-gnu/10.1.0/:/cvmfs/sft.cern.ch/lcg/releases/gcc/10.1.0-6f386/x86_64-centos7/bin/../libexec/gcc/:/cvmfs/sft.cern.ch/lcg/releases/gcc/10.1.0-6f386/x86_64-centos7/]
  ignore line: [LIBRARY_PATH=/cvmfs/sft.cern.ch/lcg/releases/gcc/10.1.0-6f386/x86_64-centos7/bin/../lib/gcc/x86_64-pc-linux-gnu/10.1.0/:/cvmfs/sft.cern.ch/lcg/releases/gcc/10.1.0-6f386/x86_64-centos7/bin/../lib/gcc/:/cvmfs/sft.cern.ch/lcg/releases/gcc/10.1.0-6f386/x86_64-centos7/bin/../lib/gcc/x86_64-pc-linux-gnu/10.1.0/../../../../lib64/:/lib/../lib64/:/usr/lib/../lib64/:/cvmfs/sft.cern.ch/lcg/releases/gcc/10.1.0-6f386/x86_64-centos7/bin/../lib/gcc/x86_64-pc-linux-gnu/10.1.0/../../../:/lib/:/usr/lib/]
  ignore line: [COLLECT_GCC_OPTIONS='-v' '-o' 'CMakeFiles/cmTC_88284.dir/CMakeCCompilerABI.c.o' '-c' '-mtune=generic' '-march=x86-64']
  ignore line: [Linking C executable cmTC_88284]
  ignore line: [/cvmfs/sft.cern.ch/lcg/releases/CMake/3.18.4-2ffec/x86_64-centos7-gcc10-opt/bin/cmake -E cmake_link_script CMakeFiles/cmTC_88284.dir/link.txt --verbose=1]
  ignore line: [/cvmfs/sft.cern.ch/lcg/releases/gcc/10.1.0-6f386/x86_64-centos7/bin/gcc  -v CMakeFiles/cmTC_88284.dir/CMakeCCompilerABI.c.o -o cmTC_88284 ]
  ignore line: [Using built-in specs.]
  ignore line: [COLLECT_GCC=/cvmfs/sft.cern.ch/lcg/releases/gcc/10.1.0-6f386/x86_64-centos7/bin/gcc]
  ignore line: [COLLECT_LTO_WRAPPER=/cvmfs/sft.cern.ch/lcg/releases/gcc/10.1.0-6f386/x86_64-centos7/bin/../libexec/gcc/x86_64-pc-linux-gnu/10.1.0/lto-wrapper]
  ignore line: [Target: x86_64-pc-linux-gnu]
  ignore line: [Configured with: /build/gcc/WORK/build/contrib/gcc-10.1.0/src/gcc/10.1.0/configure --disable-multilib --prefix=/build/gcc/WORK/lcgcmake-install/gcc/10.1.0/x86_64-centos7 -with-system-zlib --enable-languages=all --with-gnu-ld --with-gnu-as]
  ignore line: [Thread model: posix]
  ignore line: [Supported LTO compression algorithms: zlib]
  ignore line: [gcc version 10.1.0 (GCC) ]
  ignore line: [COMPILER_PATH=/cvmfs/sft.cern.ch/lcg/releases/gcc/10.1.0-6f386/x86_64-centos7/bin/../libexec/gcc/x86_64-pc-linux-gnu/10.1.0/:/cvmfs/sft.cern.ch/lcg/releases/gcc/10.1.0-6f386/x86_64-centos7/bin/../libexec/gcc/:/cvmfs/sft.cern.ch/lcg/releases/gcc/10.1.0-6f386/x86_64-centos7/]
  ignore line: [LIBRARY_PATH=/cvmfs/sft.cern.ch/lcg/releases/gcc/10.1.0-6f386/x86_64-centos7/bin/../lib/gcc/x86_64-pc-linux-gnu/10.1.0/:/cvmfs/sft.cern.ch/lcg/releases/gcc/10.1.0-6f386/x86_64-centos7/bin/../lib/gcc/:/cvmfs/sft.cern.ch/lcg/releases/gcc/10.1.0-6f386/x86_64-centos7/bin/../lib/gcc/x86_64-pc-linux-gnu/10.1.0/../../../../lib64/:/lib/../lib64/:/usr/lib/../lib64/:/cvmfs/sft.cern.ch/lcg/releases/gcc/10.1.0-6f386/x86_64-centos7/bin/../lib/gcc/x86_64-pc-linux-gnu/10.1.0/../../../:/lib/:/usr/lib/]
  ignore line: [COLLECT_GCC_OPTIONS='-v' '-o' 'cmTC_88284' '-mtune=generic' '-march=x86-64']
  link line: [ /cvmfs/sft.cern.ch/lcg/releases/gcc/10.1.0-6f386/x86_64-centos7/bin/../libexec/gcc/x86_64-pc-linux-gnu/10.1.0/collect2 -plugin /cvmfs/sft.cern.ch/lcg/releases/gcc/10.1.0-6f386/x86_64-centos7/bin/../libexec/gcc/x86_64-pc-linux-gnu/10.1.0/liblto_plugin.so -plugin-opt=/cvmfs/sft.cern.ch/lcg/releases/gcc/10.1.0-6f386/x86_64-centos7/bin/../libexec/gcc/x86_64-pc-linux-gnu/10.1.0/lto-wrapper -plugin-opt=-fresolution=/tmp/cc3a9G5g.res -plugin-opt=-pass-through=-lgcc -plugin-opt=-pass-through=-lgcc_s -plugin-opt=-pass-through=-lc -plugin-opt=-pass-through=-lgcc -plugin-opt=-pass-through=-lgcc_s --eh-frame-hdr -m elf_x86_64 -dynamic-linker /lib64/ld-linux-x86-64.so.2 -o cmTC_88284 /lib/../lib64/crt1.o /lib/../lib64/crti.o /cvmfs/sft.cern.ch/lcg/releases/gcc/10.1.0-6f386/x86_64-centos7/bin/../lib/gcc/x86_64-pc-linux-gnu/10.1.0/crtbegin.o -L/cvmfs/sft.cern.ch/lcg/releases/gcc/10.1.0-6f386/x86_64-centos7/bin/../lib/gcc/x86_64-pc-linux-gnu/10.1.0 -L/cvmfs/sft.cern.ch/lcg/releases/gcc/10.1.0-6f386/x86_64-centos7/bin/../lib/gcc -L/cvmfs/sft.cern.ch/lcg/releases/gcc/10.1.0-6f386/x86_64-centos7/bin/../lib/gcc/x86_64-pc-linux-gnu/10.1.0/../../../../lib64 -L/lib/../lib64 -L/usr/lib/../lib64 -L/cvmfs/sft.cern.ch/lcg/releases/gcc/10.1.0-6f386/x86_64-centos7/bin/../lib/gcc/x86_64-pc-linux-gnu/10.1.0/../../.. CMakeFiles/cmTC_88284.dir/CMakeCCompilerABI.c.o -lgcc --push-state --as-needed -lgcc_s --pop-state -lc -lgcc --push-state --as-needed -lgcc_s --pop-state /cvmfs/sft.cern.ch/lcg/releases/gcc/10.1.0-6f386/x86_64-centos7/bin/../lib/gcc/x86_64-pc-linux-gnu/10.1.0/crtend.o /lib/../lib64/crtn.o]
    arg [/cvmfs/sft.cern.ch/lcg/releases/gcc/10.1.0-6f386/x86_64-centos7/bin/../libexec/gcc/x86_64-pc-linux-gnu/10.1.0/collect2] ==> ignore
    arg [-plugin] ==> ignore
    arg [/cvmfs/sft.cern.ch/lcg/releases/gcc/10.1.0-6f386/x86_64-centos7/bin/../libexec/gcc/x86_64-pc-linux-gnu/10.1.0/liblto_plugin.so] ==> ignore
    arg [-plugin-opt=/cvmfs/sft.cern.ch/lcg/releases/gcc/10.1.0-6f386/x86_64-centos7/bin/../libexec/gcc/x86_64-pc-linux-gnu/10.1.0/lto-wrapper] ==> ignore
    arg [-plugin-opt=-fresolution=/tmp/cc3a9G5g.res] ==> ignore
    arg [-plugin-opt=-pass-through=-lgcc] ==> ignore
    arg [-plugin-opt=-pass-through=-lgcc_s] ==> ignore
    arg [-plugin-opt=-pass-through=-lc] ==> ignore
    arg [-plugin-opt=-pass-through=-lgcc] ==> ignore
    arg [-plugin-opt=-pass-through=-lgcc_s] ==> ignore
    arg [--eh-frame-hdr] ==> ignore
    arg [-m] ==> ignore
    arg [elf_x86_64] ==> ignore
    arg [-dynamic-linker] ==> ignore
    arg [/lib64/ld-linux-x86-64.so.2] ==> ignore
    arg [-o] ==> ignore
    arg [cmTC_88284] ==> ignore
    arg [/lib/../lib64/crt1.o] ==> ignore
    arg [/lib/../lib64/crti.o] ==> ignore
    arg [/cvmfs/sft.cern.ch/lcg/releases/gcc/10.1.0-6f386/x86_64-centos7/bin/../lib/gcc/x86_64-pc-linux-gnu/10.1.0/crtbegin.o] ==> ignore
    arg [-L/cvmfs/sft.cern.ch/lcg/releases/gcc/10.1.0-6f386/x86_64-centos7/bin/../lib/gcc/x86_64-pc-linux-gnu/10.1.0] ==> dir [/cvmfs/sft.cern.ch/lcg/releases/gcc/10.1.0-6f386/x86_64-centos7/bin/../lib/gcc/x86_64-pc-linux-gnu/10.1.0]
    arg [-L/cvmfs/sft.cern.ch/lcg/releases/gcc/10.1.0-6f386/x86_64-centos7/bin/../lib/gcc] ==> dir [/cvmfs/sft.cern.ch/lcg/releases/gcc/10.1.0-6f386/x86_64-centos7/bin/../lib/gcc]
    arg [-L/cvmfs/sft.cern.ch/lcg/releases/gcc/10.1.0-6f386/x86_64-centos7/bin/../lib/gcc/x86_64-pc-linux-gnu/10.1.0/../../../../lib64] ==> dir [/cvmfs/sft.cern.ch/lcg/releases/gcc/10.1.0-6f386/x86_64-centos7/bin/../lib/gcc/x86_64-pc-linux-gnu/10.1.0/../../../../lib64]
    arg [-L/lib/../lib64] ==> dir [/lib/../lib64]
    arg [-L/usr/lib/../lib64] ==> dir [/usr/lib/../lib64]
    arg [-L/cvmfs/sft.cern.ch/lcg/releases/gcc/10.1.0-6f386/x86_64-centos7/bin/../lib/gcc/x86_64-pc-linux-gnu/10.1.0/../../..] ==> dir [/cvmfs/sft.cern.ch/lcg/releases/gcc/10.1.0-6f386/x86_64-centos7/bin/../lib/gcc/x86_64-pc-linux-gnu/10.1.0/../../..]
    arg [CMakeFiles/cmTC_88284.dir/CMakeCCompilerABI.c.o] ==> ignore
    arg [-lgcc] ==> lib [gcc]
    arg [--push-state] ==> ignore
    arg [--as-needed] ==> ignore
    arg [-lgcc_s] ==> lib [gcc_s]
    arg [--pop-state] ==> ignore
    arg [-lc] ==> lib [c]
    arg [-lgcc] ==> lib [gcc]
    arg [--push-state] ==> ignore
    arg [--as-needed] ==> ignore
    arg [-lgcc_s] ==> lib [gcc_s]
    arg [--pop-state] ==> ignore
    arg [/cvmfs/sft.cern.ch/lcg/releases/gcc/10.1.0-6f386/x86_64-centos7/bin/../lib/gcc/x86_64-pc-linux-gnu/10.1.0/crtend.o] ==> ignore
    arg [/lib/../lib64/crtn.o] ==> ignore
  collapse library dir [/cvmfs/sft.cern.ch/lcg/releases/gcc/10.1.0-6f386/x86_64-centos7/bin/../lib/gcc/x86_64-pc-linux-gnu/10.1.0] ==> [/cvmfs/sft.cern.ch/lcg/releases/gcc/10.1.0-6f386/x86_64-centos7/lib/gcc/x86_64-pc-linux-gnu/10.1.0]
  collapse library dir [/cvmfs/sft.cern.ch/lcg/releases/gcc/10.1.0-6f386/x86_64-centos7/bin/../lib/gcc] ==> [/cvmfs/sft.cern.ch/lcg/releases/gcc/10.1.0-6f386/x86_64-centos7/lib/gcc]
  collapse library dir [/cvmfs/sft.cern.ch/lcg/releases/gcc/10.1.0-6f386/x86_64-centos7/bin/../lib/gcc/x86_64-pc-linux-gnu/10.1.0/../../../../lib64] ==> [/cvmfs/sft.cern.ch/lcg/releases/gcc/10.1.0-6f386/x86_64-centos7/lib64]
  collapse library dir [/lib/../lib64] ==> [/lib64]
  collapse library dir [/usr/lib/../lib64] ==> [/usr/lib64]
  collapse library dir [/cvmfs/sft.cern.ch/lcg/releases/gcc/10.1.0-6f386/x86_64-centos7/bin/../lib/gcc/x86_64-pc-linux-gnu/10.1.0/../../..] ==> [/cvmfs/sft.cern.ch/lcg/releases/gcc/10.1.0-6f386/x86_64-centos7/lib]
  implicit libs: [gcc;gcc_s;c;gcc;gcc_s]
  implicit dirs: [/cvmfs/sft.cern.ch/lcg/releases/gcc/10.1.0-6f386/x86_64-centos7/lib/gcc/x86_64-pc-linux-gnu/10.1.0;/cvmfs/sft.cern.ch/lcg/releases/gcc/10.1.0-6f386/x86_64-centos7/lib/gcc;/cvmfs/sft.cern.ch/lcg/releases/gcc/10.1.0-6f386/x86_64-centos7/lib64;/lib64;/usr/lib64;/cvmfs/sft.cern.ch/lcg/releases/gcc/10.1.0-6f386/x86_64-centos7/lib]
  implicit fwks: []


Detecting CXX compiler ABI info compiled with the following output:
Change Dir: /data1/home/rnicolai/LEM_GDML_upgrade/build_f1_j1/CMakeFiles/CMakeTmp

Run Build Command(s):/usr/bin/gmake cmTC_ddd3a/fast && /usr/bin/gmake  -f CMakeFiles/cmTC_ddd3a.dir/build.make CMakeFiles/cmTC_ddd3a.dir/build
gmake[1]: Entering directory `/.autofs/data1/home/rnicolai/LEM_GDML_upgrade/build_f1_j1/CMakeFiles/CMakeTmp'
Building CXX object CMakeFiles/cmTC_ddd3a.dir/CMakeCXXCompilerABI.cpp.o
/cvmfs/sft.cern.ch/lcg/releases/gcc/10.1.0-6f386/x86_64-centos7/bin/g++   -v -o CMakeFiles/cmTC_ddd3a.dir/CMakeCXXCompilerABI.cpp.o -c /cvmfs/sft.cern.ch/lcg/releases/CMake/3.18.4-2ffec/x86_64-centos7-gcc10-opt/share/cmake-3.18/Modules/CMakeCXXCompilerABI.cpp
Using built-in specs.
COLLECT_GCC=/cvmfs/sft.cern.ch/lcg/releases/gcc/10.1.0-6f386/x86_64-centos7/bin/g++
Target: x86_64-pc-linux-gnu
Configured with: /build/gcc/WORK/build/contrib/gcc-10.1.0/src/gcc/10.1.0/configure --disable-multilib --prefix=/build/gcc/WORK/lcgcmake-install/gcc/10.1.0/x86_64-centos7 -with-system-zlib --enable-languages=all --with-gnu-ld --with-gnu-as
Thread model: posix
Supported LTO compression algorithms: zlib
gcc version 10.1.0 (GCC) 
COLLECT_GCC_OPTIONS='-v' '-o' 'CMakeFiles/cmTC_ddd3a.dir/CMakeCXXCompilerABI.cpp.o' '-c' '-shared-libgcc' '-mtune=generic' '-march=x86-64'
 /cvmfs/sft.cern.ch/lcg/releases/gcc/10.1.0-6f386/x86_64-centos7/bin/../libexec/gcc/x86_64-pc-linux-gnu/10.1.0/cc1plus -quiet -v -iprefix /cvmfs/sft.cern.ch/lcg/releases/gcc/10.1.0-6f386/x86_64-centos7/bin/../lib/gcc/x86_64-pc-linux-gnu/10.1.0/ -isystem /cvmfs/sft.cern.ch/lcg/releases/gcc/10.1.0-6f386/x86_64-centos7/include -D_GNU_SOURCE /cvmfs/sft.cern.ch/lcg/releases/CMake/3.18.4-2ffec/x86_64-centos7-gcc10-opt/share/cmake-3.18/Modules/CMakeCXXCompilerABI.cpp -quiet -dumpbase CMakeCXXCompilerABI.cpp -mtune=generic -march=x86-64 -auxbase-strip CMakeFiles/cmTC_ddd3a.dir/CMakeCXXCompilerABI.cpp.o -version -o /tmp/cc5490Mu.s
GNU C++14 (GCC) version 10.1.0 (x86_64-pc-linux-gnu)
	compiled by GNU C version 10.1.0, GMP version 6.1.0, MPFR version 3.1.4, MPC version 1.0.3, isl version isl-0.18-GMP

GGC heuristics: --param ggc-min-expand=100 --param ggc-min-heapsize=131072
ignoring nonexistent directory "/cvmfs/sft.cern.ch/lcg/releases/gcc/10.1.0-6f386/x86_64-centos7/bin/../lib/gcc/x86_64-pc-linux-gnu/10.1.0/../../../../x86_64-pc-linux-gnu/include"
ignoring duplicate directory "/cvmfs/sft.cern.ch/lcg/releases/gcc/10.1.0-6f386/x86_64-centos7/bin/../lib/gcc/../../lib/gcc/x86_64-pc-linux-gnu/10.1.0/../../../../include/c++/10.1.0"
ignoring duplicate directory "/cvmfs/sft.cern.ch/lcg/releases/gcc/10.1.0-6f386/x86_64-centos7/bin/../lib/gcc/../../lib/gcc/x86_64-pc-linux-gnu/10.1.0/../../../../include/c++/10.1.0/x86_64-pc-linux-gnu"
ignoring duplicate directory "/cvmfs/sft.cern.ch/lcg/releases/gcc/10.1.0-6f386/x86_64-centos7/bin/../lib/gcc/../../lib/gcc/x86_64-pc-linux-gnu/10.1.0/../../../../include/c++/10.1.0/backward"
ignoring duplicate directory "/cvmfs/sft.cern.ch/lcg/releases/gcc/10.1.0-6f386/x86_64-centos7/bin/../lib/gcc/../../lib/gcc/x86_64-pc-linux-gnu/10.1.0/include"
ignoring duplicate directory "/cvmfs/sft.cern.ch/lcg/releases/gcc/10.1.0-6f386/x86_64-centos7/bin/../lib/gcc/../../include"
ignoring duplicate directory "/cvmfs/sft.cern.ch/lcg/releases/gcc/10.1.0-6f386/x86_64-centos7/bin/../lib/gcc/../../lib/gcc/x86_64-pc-linux-gnu/10.1.0/include-fixed"
ignoring nonexistent directory "/cvmfs/sft.cern.ch/lcg/releases/gcc/10.1.0-6f386/x86_64-centos7/bin/../lib/gcc/../../lib/gcc/x86_64-pc-linux-gnu/10.1.0/../../../../x86_64-pc-linux-gnu/include"
#include "..." search starts here:
#include <...> search starts here:
 /cvmfs/sft.cern.ch/lcg/releases/gcc/10.1.0-6f386/x86_64-centos7/include
 /cvmfs/sft.cern.ch/lcg/views/LCG_99/x86_64-centos7-gcc10-opt/include
 /cvmfs/sft.cern.ch/lcg/releases/gcc/10.1.0-6f386/x86_64-centos7/bin/../lib/gcc/x86_64-pc-linux-gnu/10.1.0/../../../../include/c++/10.1.0
 /cvmfs/sft.cern.ch/lcg/releases/gcc/10.1.0-6f386/x86_64-centos7/bin/../lib/gcc/x86_64-pc-linux-gnu/10.1.0/../../../../include/c++/10.1.0/x86_64-pc-linux-gnu
 /cvmfs/sft.cern.ch/lcg/releases/gcc/10.1.0-6f386/x86_64-centos7/bin/../lib/gcc/x86_64-pc-linux-gnu/10.1.0/../../../../include/c++/10.1.0/backward
 /cvmfs/sft.cern.ch/lcg/releases/gcc/10.1.0-6f386/x86_64-centos7/bin/../lib/gcc/x86_64-pc-linux-gnu/10.1.0/include
 /cvmfs/sft.cern.ch/lcg/releases/gcc/10.1.0-6f386/x86_64-centos7/bin/../lib/gcc/x86_64-pc-linux-gnu/10.1.0/include-fixed
 /usr/local/include
 /usr/include
End of search list.
GNU C++14 (GCC) version 10.1.0 (x86_64-pc-linux-gnu)
	compiled by GNU C version 10.1.0, GMP version 6.1.0, MPFR version 3.1.4, MPC version 1.0.3, isl version isl-0.18-GMP

GGC heuristics: --param ggc-min-expand=100 --param ggc-min-heapsize=131072
Compiler executable checksum: d65f805d86f9e9e7753d788e5db9f8d5
COLLECT_GCC_OPTIONS='-v' '-o' 'CMakeFiles/cmTC_ddd3a.dir/CMakeCXXCompilerABI.cpp.o' '-c' '-shared-libgcc' '-mtune=generic' '-march=x86-64'
 as -v --64 -o CMakeFiles/cmTC_ddd3a.dir/CMakeCXXCompilerABI.cpp.o /tmp/cc5490Mu.s
GNU assembler version 2.34 (x86_64-pc-linux-gnu) using BFD version (GNU Binutils) 2.34
COMPILER_PATH=/cvmfs/sft.cern.ch/lcg/releases/gcc/10.1.0-6f386/x86_64-centos7/bin/../libexec/gcc/x86_64-pc-linux-gnu/10.1.0/:/cvmfs/sft.cern.ch/lcg/releases/gcc/10.1.0-6f386/x86_64-centos7/bin/../libexec/gcc/:/cvmfs/sft.cern.ch/lcg/releases/gcc/10.1.0-6f386/x86_64-centos7/
LIBRARY_PATH=/cvmfs/sft.cern.ch/lcg/releases/gcc/10.1.0-6f386/x86_64-centos7/bin/../lib/gcc/x86_64-pc-linux-gnu/10.1.0/:/cvmfs/sft.cern.ch/lcg/releases/gcc/10.1.0-6f386/x86_64-centos7/bin/../lib/gcc/:/cvmfs/sft.cern.ch/lcg/releases/gcc/10.1.0-6f386/x86_64-centos7/bin/../lib/gcc/x86_64-pc-linux-gnu/10.1.0/../../../../lib64/:/lib/../lib64/:/usr/lib/../lib64/:/cvmfs/sft.cern.ch/lcg/releases/gcc/10.1.0-6f386/x86_64-centos7/bin/../lib/gcc/x86_64-pc-linux-gnu/10.1.0/../../../:/lib/:/usr/lib/
COLLECT_GCC_OPTIONS='-v' '-o' 'CMakeFiles/cmTC_ddd3a.dir/CMakeCXXCompilerABI.cpp.o' '-c' '-shared-libgcc' '-mtune=generic' '-march=x86-64'
Linking CXX executable cmTC_ddd3a
/cvmfs/sft.cern.ch/lcg/releases/CMake/3.18.4-2ffec/x86_64-centos7-gcc10-opt/bin/cmake -E cmake_link_script CMakeFiles/cmTC_ddd3a.dir/link.txt --verbose=1
/cvmfs/sft.cern.ch/lcg/releases/gcc/10.1.0-6f386/x86_64-centos7/bin/g++  -v CMakeFiles/cmTC_ddd3a.dir/CMakeCXXCompilerABI.cpp.o -o cmTC_ddd3a 
Using built-in specs.
COLLECT_GCC=/cvmfs/sft.cern.ch/lcg/releases/gcc/10.1.0-6f386/x86_64-centos7/bin/g++
COLLECT_LTO_WRAPPER=/cvmfs/sft.cern.ch/lcg/releases/gcc/10.1.0-6f386/x86_64-centos7/bin/../libexec/gcc/x86_64-pc-linux-gnu/10.1.0/lto-wrapper
Target: x86_64-pc-linux-gnu
Configured with: /build/gcc/WORK/build/contrib/gcc-10.1.0/src/gcc/10.1.0/configure --disable-multilib --prefix=/build/gcc/WORK/lcgcmake-install/gcc/10.1.0/x86_64-centos7 -with-system-zlib --enable-languages=all --with-gnu-ld --with-gnu-as
Thread model: posix
Supported LTO compression algorithms: zlib
gcc version 10.1.0 (GCC) 
COMPILER_PATH=/cvmfs/sft.cern.ch/lcg/releases/gcc/10.1.0-6f386/x86_64-centos7/bin/../libexec/gcc/x86_64-pc-linux-gnu/10.1.0/:/cvmfs/sft.cern.ch/lcg/releases/gcc/10.1.0-6f386/x86_64-centos7/bin/../libexec/gcc/:/cvmfs/sft.cern.ch/lcg/releases/gcc/10.1.0-6f386/x86_64-centos7/
LIBRARY_PATH=/cvmfs/sft.cern.ch/lcg/releases/gcc/10.1.0-6f386/x86_64-centos7/bin/../lib/gcc/x86_64-pc-linux-gnu/10.1.0/:/cvmfs/sft.cern.ch/lcg/releases/gcc/10.1.0-6f386/x86_64-centos7/bin/../lib/gcc/:/cvmfs/sft.cern.ch/lcg/releases/gcc/10.1.0-6f386/x86_64-centos7/bin/../lib/gcc/x86_64-pc-linux-gnu/10.1.0/../../../../lib64/:/lib/../lib64/:/usr/lib/../lib64/:/cvmfs/sft.cern.ch/lcg/releases/gcc/10.1.0-6f386/x86_64-centos7/bin/../lib/gcc/x86_64-pc-linux-gnu/10.1.0/../../../:/lib/:/usr/lib/
COLLECT_GCC_OPTIONS='-v' '-o' 'cmTC_ddd3a' '-shared-libgcc' '-mtune=generic' '-march=x86-64'
 /cvmfs/sft.cern.ch/lcg/releases/gcc/10.1.0-6f386/x86_64-centos7/bin/../libexec/gcc/x86_64-pc-linux-gnu/10.1.0/collect2 -plugin /cvmfs/sft.cern.ch/lcg/releases/gcc/10.1.0-6f386/x86_64-centos7/bin/../libexec/gcc/x86_64-pc-linux-gnu/10.1.0/liblto_plugin.so -plugin-opt=/cvmfs/sft.cern.ch/lcg/releases/gcc/10.1.0-6f386/x86_64-centos7/bin/../libexec/gcc/x86_64-pc-linux-gnu/10.1.0/lto-wrapper -plugin-opt=-fresolution=/tmp/ccSV2kYz.res -plugin-opt=-pass-through=-lgcc_s -plugin-opt=-pass-through=-lgcc -plugin-opt=-pass-through=-lc -plugin-opt=-pass-through=-lgcc_s -plugin-opt=-pass-through=-lgcc --eh-frame-hdr -m elf_x86_64 -dynamic-linker /lib64/ld-linux-x86-64.so.2 -o cmTC_ddd3a /lib/../lib64/crt1.o /lib/../lib64/crti.o /cvmfs/sft.cern.ch/lcg/releases/gcc/10.1.0-6f386/x86_64-centos7/bin/../lib/gcc/x86_64-pc-linux-gnu/10.1.0/crtbegin.o -L/cvmfs/sft.cern.ch/lcg/releases/gcc/10.1.0-6f386/x86_64-centos7/bin/../lib/gcc/x86_64-pc-linux-gnu/10.1.0 -L/cvmfs/sft.cern.ch/lcg/releases/gcc/10.1.0-6f386/x86_64-centos7/bin/../lib/gcc -L/cvmfs/sft.cern.ch/lcg/releases/gcc/10.1.0-6f386/x86_64-centos7/bin/../lib/gcc/x86_64-pc-linux-gnu/10.1.0/../../../../lib64 -L/lib/../lib64 -L/usr/lib/../lib64 -L/cvmfs/sft.cern.ch/lcg/releases/gcc/10.1.0-6f386/x86_64-centos7/bin/../lib/gcc/x86_64-pc-linux-gnu/10.1.0/../../.. CMakeFiles/cmTC_ddd3a.dir/CMakeCXXCompilerABI.cpp.o -lstdc++ -lm -lgcc_s -lgcc -lc -lgcc_s -lgcc /cvmfs/sft.cern.ch/lcg/releases/gcc/10.1.0-6f386/x86_64-centos7/bin/../lib/gcc/x86_64-pc-linux-gnu/10.1.0/crtend.o /lib/../lib64/crtn.o
COLLECT_GCC_OPTIONS='-v' '-o' 'cmTC_ddd3a' '-shared-libgcc' '-mtune=generic' '-march=x86-64'
gmake[1]: Leaving directory `/.autofs/data1/home/rnicolai/LEM_GDML_upgrade/build_f1_j1/CMakeFiles/CMakeTmp'



Parsed CXX implicit include dir info from above output: rv=done
  found start of include info
  found start of implicit include info
    add: [/cvmfs/sft.cern.ch/lcg/releases/gcc/10.1.0-6f386/x86_64-centos7/include]
    add: [/cvmfs/sft.cern.ch/lcg/views/LCG_99/x86_64-centos7-gcc10-opt/include]
    add: [/cvmfs/sft.cern.ch/lcg/releases/gcc/10.1.0-6f386/x86_64-centos7/bin/../lib/gcc/x86_64-pc-linux-gnu/10.1.0/../../../../include/c++/10.1.0]
    add: [/cvmfs/sft.cern.ch/lcg/releases/gcc/10.1.0-6f386/x86_64-centos7/bin/../lib/gcc/x86_64-pc-linux-gnu/10.1.0/../../../../include/c++/10.1.0/x86_64-pc-linux-gnu]
    add: [/cvmfs/sft.cern.ch/lcg/releases/gcc/10.1.0-6f386/x86_64-centos7/bin/../lib/gcc/x86_64-pc-linux-gnu/10.1.0/../../../../include/c++/10.1.0/backward]
    add: [/cvmfs/sft.cern.ch/lcg/releases/gcc/10.1.0-6f386/x86_64-centos7/bin/../lib/gcc/x86_64-pc-linux-gnu/10.1.0/include]
    add: [/cvmfs/sft.cern.ch/lcg/releases/gcc/10.1.0-6f386/x86_64-centos7/bin/../lib/gcc/x86_64-pc-linux-gnu/10.1.0/include-fixed]
    add: [/usr/local/include]
    add: [/usr/include]
  end of search list found
  collapse include dir [/cvmfs/sft.cern.ch/lcg/releases/gcc/10.1.0-6f386/x86_64-centos7/include] ==> [/cvmfs/sft.cern.ch/lcg/releases/gcc/10.1.0-6f386/x86_64-centos7/include]
  collapse include dir [/cvmfs/sft.cern.ch/lcg/views/LCG_99/x86_64-centos7-gcc10-opt/include] ==> [/cvmfs/sft.cern.ch/lcg/views/LCG_99/x86_64-centos7-gcc10-opt/include]
  collapse include dir [/cvmfs/sft.cern.ch/lcg/releases/gcc/10.1.0-6f386/x86_64-centos7/bin/../lib/gcc/x86_64-pc-linux-gnu/10.1.0/../../../../include/c++/10.1.0] ==> [/cvmfs/sft.cern.ch/lcg/releases/gcc/10.1.0-6f386/x86_64-centos7/include/c++/10.1.0]
  collapse include dir [/cvmfs/sft.cern.ch/lcg/releases/gcc/10.1.0-6f386/x86_64-centos7/bin/../lib/gcc/x86_64-pc-linux-gnu/10.1.0/../../../../include/c++/10.1.0/x86_64-pc-linux-gnu] ==> [/cvmfs/sft.cern.ch/lcg/releases/gcc/10.1.0-6f386/x86_64-centos7/include/c++/10.1.0/x86_64-pc-linux-gnu]
  collapse include dir [/cvmfs/sft.cern.ch/lcg/releases/gcc/10.1.0-6f386/x86_64-centos7/bin/../lib/gcc/x86_64-pc-linux-gnu/10.1.0/../../../../include/c++/10.1.0/backward] ==> [/cvmfs/sft.cern.ch/lcg/releases/gcc/10.1.0-6f386/x86_64-centos7/include/c++/10.1.0/backward]
  collapse include dir [/cvmfs/sft.cern.ch/lcg/releases/gcc/10.1.0-6f386/x86_64-centos7/bin/../lib/gcc/x86_64-pc-linux-gnu/10.1.0/include] ==> [/cvmfs/sft.cern.ch/lcg/releases/gcc/10.1.0-6f386/x86_64-centos7/lib/gcc/x86_64-pc-linux-gnu/10.1.0/include]
  collapse include dir [/cvmfs/sft.cern.ch/lcg/releases/gcc/10.1.0-6f386/x86_64-centos7/bin/../lib/gcc/x86_64-pc-linux-gnu/10.1.0/include-fixed] ==> [/cvmfs/sft.cern.ch/lcg/releases/gcc/10.1.0-6f386/x86_64-centos7/lib/gcc/x86_64-pc-linux-gnu/10.1.0/include-fixed]
  collapse include dir [/usr/local/include] ==> [/usr/local/include]
  collapse include dir [/usr/include] ==> [/usr/include]
  implicit include dirs: [/cvmfs/sft.cern.ch/lcg/releases/gcc/10.1.0-6f386/x86_64-centos7/include;/cvmfs/sft.cern.ch/lcg/views/LCG_99/x86_64-centos7-gcc10-opt/include;/cvmfs/sft.cern.ch/lcg/releases/gcc/10.1.0-6f386/x86_64-centos7/include/c++/10.1.0;/cvmfs/sft.cern.ch/lcg/releases/gcc/10.1.0-6f386/x86_64-centos7/include/c++/10.1.0/x86_64-pc-linux-gnu;/cvmfs/sft.cern.ch/lcg/releases/gcc/10.1.0-6f386/x86_64-centos7/include/c++/10.1.0/backward;/cvmfs/sft.cern.ch/lcg/releases/gcc/10.1.0-6f386/x86_64-centos7/lib/gcc/x86_64-pc-linux-gnu/10.1.0/include;/cvmfs/sft.cern.ch/lcg/releases/gcc/10.1.0-6f386/x86_64-centos7/lib/gcc/x86_64-pc-linux-gnu/10.1.0/include-fixed;/usr/local/include;/usr/include]


Parsed CXX implicit link information from above output:
  link line regex: [^( *|.*[/\])(ld|CMAKE_LINK_STARTFILE-NOTFOUND|([^/\]+-)?ld|collect2)[^/\]*( |$)]
  ignore line: [Change Dir: /data1/home/rnicolai/LEM_GDML_upgrade/build_f1_j1/CMakeFiles/CMakeTmp]
  ignore line: []
  ignore line: [Run Build Command(s):/usr/bin/gmake cmTC_ddd3a/fast && /usr/bin/gmake  -f CMakeFiles/cmTC_ddd3a.dir/build.make CMakeFiles/cmTC_ddd3a.dir/build]
  ignore line: [gmake[1]: Entering directory `/.autofs/data1/home/rnicolai/LEM_GDML_upgrade/build_f1_j1/CMakeFiles/CMakeTmp']
  ignore line: [Building CXX object CMakeFiles/cmTC_ddd3a.dir/CMakeCXXCompilerABI.cpp.o]
  ignore line: [/cvmfs/sft.cern.ch/lcg/releases/gcc/10.1.0-6f386/x86_64-centos7/bin/g++   -v -o CMakeFiles/cmTC_ddd3a.dir/CMakeCXXCompilerABI.cpp.o -c /cvmfs/sft.cern.ch/lcg/releases/CMake/3.18.4-2ffec/x86_64-centos7-gcc10-opt/share/cmake-3.18/Modules/CMakeCXXCompilerABI.cpp]
  ignore line: [Using built-in specs.]
  ignore line: [COLLECT_GCC=/cvmfs/sft.cern.ch/lcg/releases/gcc/10.1.0-6f386/x86_64-centos7/bin/g++]
  ignore line: [Target: x86_64-pc-linux-gnu]
  ignore line: [Configured with: /build/gcc/WORK/build/contrib/gcc-10.1.0/src/gcc/10.1.0/configure --disable-multilib --prefix=/build/gcc/WORK/lcgcmake-install/gcc/10.1.0/x86_64-centos7 -with-system-zlib --enable-languages=all --with-gnu-ld --with-gnu-as]
  ignore line: [Thread model: posix]
  ignore line: [Supported LTO compression algorithms: zlib]
  ignore line: [gcc version 10.1.0 (GCC) ]
  ignore line: [COLLECT_GCC_OPTIONS='-v' '-o' 'CMakeFiles/cmTC_ddd3a.dir/CMakeCXXCompilerABI.cpp.o' '-c' '-shared-libgcc' '-mtune=generic' '-march=x86-64']
  ignore line: [ /cvmfs/sft.cern.ch/lcg/releases/gcc/10.1.0-6f386/x86_64-centos7/bin/../libexec/gcc/x86_64-pc-linux-gnu/10.1.0/cc1plus -quiet -v -iprefix /cvmfs/sft.cern.ch/lcg/releases/gcc/10.1.0-6f386/x86_64-centos7/bin/../lib/gcc/x86_64-pc-linux-gnu/10.1.0/ -isystem /cvmfs/sft.cern.ch/lcg/releases/gcc/10.1.0-6f386/x86_64-centos7/include -D_GNU_SOURCE /cvmfs/sft.cern.ch/lcg/releases/CMake/3.18.4-2ffec/x86_64-centos7-gcc10-opt/share/cmake-3.18/Modules/CMakeCXXCompilerABI.cpp -quiet -dumpbase CMakeCXXCompilerABI.cpp -mtune=generic -march=x86-64 -auxbase-strip CMakeFiles/cmTC_ddd3a.dir/CMakeCXXCompilerABI.cpp.o -version -o /tmp/cc5490Mu.s]
  ignore line: [GNU C++14 (GCC) version 10.1.0 (x86_64-pc-linux-gnu)]
  ignore line: [	compiled by GNU C version 10.1.0  GMP version 6.1.0  MPFR version 3.1.4  MPC version 1.0.3  isl version isl-0.18-GMP]
  ignore line: []
  ignore line: [GGC heuristics: --param ggc-min-expand=100 --param ggc-min-heapsize=131072]
  ignore line: [ignoring nonexistent directory "/cvmfs/sft.cern.ch/lcg/releases/gcc/10.1.0-6f386/x86_64-centos7/bin/../lib/gcc/x86_64-pc-linux-gnu/10.1.0/../../../../x86_64-pc-linux-gnu/include"]
  ignore line: [ignoring duplicate directory "/cvmfs/sft.cern.ch/lcg/releases/gcc/10.1.0-6f386/x86_64-centos7/bin/../lib/gcc/../../lib/gcc/x86_64-pc-linux-gnu/10.1.0/../../../../include/c++/10.1.0"]
  ignore line: [ignoring duplicate directory "/cvmfs/sft.cern.ch/lcg/releases/gcc/10.1.0-6f386/x86_64-centos7/bin/../lib/gcc/../../lib/gcc/x86_64-pc-linux-gnu/10.1.0/../../../../include/c++/10.1.0/x86_64-pc-linux-gnu"]
  ignore line: [ignoring duplicate directory "/cvmfs/sft.cern.ch/lcg/releases/gcc/10.1.0-6f386/x86_64-centos7/bin/../lib/gcc/../../lib/gcc/x86_64-pc-linux-gnu/10.1.0/../../../../include/c++/10.1.0/backward"]
  ignore line: [ignoring duplicate directory "/cvmfs/sft.cern.ch/lcg/releases/gcc/10.1.0-6f386/x86_64-centos7/bin/../lib/gcc/../../lib/gcc/x86_64-pc-linux-gnu/10.1.0/include"]
  ignore line: [ignoring duplicate directory "/cvmfs/sft.cern.ch/lcg/releases/gcc/10.1.0-6f386/x86_64-centos7/bin/../lib/gcc/../../include"]
  ignore line: [ignoring duplicate directory "/cvmfs/sft.cern.ch/lcg/releases/gcc/10.1.0-6f386/x86_64-centos7/bin/../lib/gcc/../../lib/gcc/x86_64-pc-linux-gnu/10.1.0/include-fixed"]
  ignore line: [ignoring nonexistent directory "/cvmfs/sft.cern.ch/lcg/releases/gcc/10.1.0-6f386/x86_64-centos7/bin/../lib/gcc/../../lib/gcc/x86_64-pc-linux-gnu/10.1.0/../../../../x86_64-pc-linux-gnu/include"]
  ignore line: [#include "..." search starts here:]
  ignore line: [#include <...> search starts here:]
  ignore line: [ /cvmfs/sft.cern.ch/lcg/releases/gcc/10.1.0-6f386/x86_64-centos7/include]
  ignore line: [ /cvmfs/sft.cern.ch/lcg/views/LCG_99/x86_64-centos7-gcc10-opt/include]
  ignore line: [ /cvmfs/sft.cern.ch/lcg/releases/gcc/10.1.0-6f386/x86_64-centos7/bin/../lib/gcc/x86_64-pc-linux-gnu/10.1.0/../../../../include/c++/10.1.0]
  ignore line: [ /cvmfs/sft.cern.ch/lcg/releases/gcc/10.1.0-6f386/x86_64-centos7/bin/../lib/gcc/x86_64-pc-linux-gnu/10.1.0/../../../../include/c++/10.1.0/x86_64-pc-linux-gnu]
  ignore line: [ /cvmfs/sft.cern.ch/lcg/releases/gcc/10.1.0-6f386/x86_64-centos7/bin/../lib/gcc/x86_64-pc-linux-gnu/10.1.0/../../../../include/c++/10.1.0/backward]
  ignore line: [ /cvmfs/sft.cern.ch/lcg/releases/gcc/10.1.0-6f386/x86_64-centos7/bin/../lib/gcc/x86_64-pc-linux-gnu/10.1.0/include]
  ignore line: [ /cvmfs/sft.cern.ch/lcg/releases/gcc/10.1.0-6f386/x86_64-centos7/bin/../lib/gcc/x86_64-pc-linux-gnu/10.1.0/include-fixed]
  ignore line: [ /usr/local/include]
  ignore line: [ /usr/include]
  ignore line: [End of search list.]
  ignore line: [GNU C++14 (GCC) version 10.1.0 (x86_64-pc-linux-gnu)]
  ignore line: [	compiled by GNU C version 10.1.0  GMP version 6.1.0  MPFR version 3.1.4  MPC version 1.0.3  isl version isl-0.18-GMP]
  ignore line: []
  ignore line: [GGC heuristics: --param ggc-min-expand=100 --param ggc-min-heapsize=131072]
  ignore line: [Compiler executable checksum: d65f805d86f9e9e7753d788e5db9f8d5]
  ignore line: [COLLECT_GCC_OPTIONS='-v' '-o' 'CMakeFiles/cmTC_ddd3a.dir/CMakeCXXCompilerABI.cpp.o' '-c' '-shared-libgcc' '-mtune=generic' '-march=x86-64']
  ignore line: [ as -v --64 -o CMakeFiles/cmTC_ddd3a.dir/CMakeCXXCompilerABI.cpp.o /tmp/cc5490Mu.s]
  ignore line: [GNU assembler version 2.34 (x86_64-pc-linux-gnu) using BFD version (GNU Binutils) 2.34]
  ignore line: [COMPILER_PATH=/cvmfs/sft.cern.ch/lcg/releases/gcc/10.1.0-6f386/x86_64-centos7/bin/../libexec/gcc/x86_64-pc-linux-gnu/10.1.0/:/cvmfs/sft.cern.ch/lcg/releases/gcc/10.1.0-6f386/x86_64-centos7/bin/../libexec/gcc/:/cvmfs/sft.cern.ch/lcg/releases/gcc/10.1.0-6f386/x86_64-centos7/]
  ignore line: [LIBRARY_PATH=/cvmfs/sft.cern.ch/lcg/releases/gcc/10.1.0-6f386/x86_64-centos7/bin/../lib/gcc/x86_64-pc-linux-gnu/10.1.0/:/cvmfs/sft.cern.ch/lcg/releases/gcc/10.1.0-6f386/x86_64-centos7/bin/../lib/gcc/:/cvmfs/sft.cern.ch/lcg/releases/gcc/10.1.0-6f386/x86_64-centos7/bin/../lib/gcc/x86_64-pc-linux-gnu/10.1.0/../../../../lib64/:/lib/../lib64/:/usr/lib/../lib64/:/cvmfs/sft.cern.ch/lcg/releases/gcc/10.1.0-6f386/x86_64-centos7/bin/../lib/gcc/x86_64-pc-linux-gnu/10.1.0/../../../:/lib/:/usr/lib/]
  ignore line: [COLLECT_GCC_OPTIONS='-v' '-o' 'CMakeFiles/cmTC_ddd3a.dir/CMakeCXXCompilerABI.cpp.o' '-c' '-shared-libgcc' '-mtune=generic' '-march=x86-64']
  ignore line: [Linking CXX executable cmTC_ddd3a]
  ignore line: [/cvmfs/sft.cern.ch/lcg/releases/CMake/3.18.4-2ffec/x86_64-centos7-gcc10-opt/bin/cmake -E cmake_link_script CMakeFiles/cmTC_ddd3a.dir/link.txt --verbose=1]
  ignore line: [/cvmfs/sft.cern.ch/lcg/releases/gcc/10.1.0-6f386/x86_64-centos7/bin/g++  -v CMakeFiles/cmTC_ddd3a.dir/CMakeCXXCompilerABI.cpp.o -o cmTC_ddd3a ]
  ignore line: [Using built-in specs.]
  ignore line: [COLLECT_GCC=/cvmfs/sft.cern.ch/lcg/releases/gcc/10.1.0-6f386/x86_64-centos7/bin/g++]
  ignore line: [COLLECT_LTO_WRAPPER=/cvmfs/sft.cern.ch/lcg/releases/gcc/10.1.0-6f386/x86_64-centos7/bin/../libexec/gcc/x86_64-pc-linux-gnu/10.1.0/lto-wrapper]
  ignore line: [Target: x86_64-pc-linux-gnu]
  ignore line: [Configured with: /build/gcc/WORK/build/contrib/gcc-10.1.0/src/gcc/10.1.0/configure --disable-multilib --prefix=/build/gcc/WORK/lcgcmake-install/gcc/10.1.0/x86_64-centos7 -with-system-zlib --enable-languages=all --with-gnu-ld --with-gnu-as]
  ignore line: [Thread model: posix]
  ignore line: [Supported LTO compression algorithms: zlib]
  ignore line: [gcc version 10.1.0 (GCC) ]
  ignore line: [COMPILER_PATH=/cvmfs/sft.cern.ch/lcg/releases/gcc/10.1.0-6f386/x86_64-centos7/bin/../libexec/gcc/x86_64-pc-linux-gnu/10.1.0/:/cvmfs/sft.cern.ch/lcg/releases/gcc/10.1.0-6f386/x86_64-centos7/bin/../libexec/gcc/:/cvmfs/sft.cern.ch/lcg/releases/gcc/10.1.0-6f386/x86_64-centos7/]
  ignore line: [LIBRARY_PATH=/cvmfs/sft.cern.ch/lcg/releases/gcc/10.1.0-6f386/x86_64-centos7/bin/../lib/gcc/x86_64-pc-linux-gnu/10.1.0/:/cvmfs/sft.cern.ch/lcg/releases/gcc/10.1.0-6f386/x86_64-centos7/bin/../lib/gcc/:/cvmfs/sft.cern.ch/lcg/releases/gcc/10.1.0-6f386/x86_64-centos7/bin/../lib/gcc/x86_64-pc-linux-gnu/10.1.0/../../../../lib64/:/lib/../lib64/:/usr/lib/../lib64/:/cvmfs/sft.cern.ch/lcg/releases/gcc/10.1.0-6f386/x86_64-centos7/bin/../lib/gcc/x86_64-pc-linux-gnu/10.1.0/../../../:/lib/:/usr/lib/]
  ignore line: [COLLECT_GCC_OPTIONS='-v' '-o' 'cmTC_ddd3a' '-shared-libgcc' '-mtune=generic' '-march=x86-64']
  link line: [ /cvmfs/sft.cern.ch/lcg/releases/gcc/10.1.0-6f386/x86_64-centos7/bin/../libexec/gcc/x86_64-pc-linux-gnu/10.1.0/collect2 -plugin /cvmfs/sft.cern.ch/lcg/releases/gcc/10.1.0-6f386/x86_64-centos7/bin/../libexec/gcc/x86_64-pc-linux-gnu/10.1.0/liblto_plugin.so -plugin-opt=/cvmfs/sft.cern.ch/lcg/releases/gcc/10.1.0-6f386/x86_64-centos7/bin/../libexec/gcc/x86_64-pc-linux-gnu/10.1.0/lto-wrapper -plugin-opt=-fresolution=/tmp/ccSV2kYz.res -plugin-opt=-pass-through=-lgcc_s -plugin-opt=-pass-through=-lgcc -plugin-opt=-pass-through=-lc -plugin-opt=-pass-through=-lgcc_s -plugin-opt=-pass-through=-lgcc --eh-frame-hdr -m elf_x86_64 -dynamic-linker /lib64/ld-linux-x86-64.so.2 -o cmTC_ddd3a /lib/../lib64/crt1.o /lib/../lib64/crti.o /cvmfs/sft.cern.ch/lcg/releases/gcc/10.1.0-6f386/x86_64-centos7/bin/../lib/gcc/x86_64-pc-linux-gnu/10.1.0/crtbegin.o -L/cvmfs/sft.cern.ch/lcg/releases/gcc/10.1.0-6f386/x86_64-centos7/bin/../lib/gcc/x86_64-pc-linux-gnu/10.1.0 -L/cvmfs/sft.cern.ch/lcg/releases/gcc/10.1.0-6f386/x86_64-centos7/bin/../lib/gcc -L/cvmfs/sft.cern.ch/lcg/releases/gcc/10.1.0-6f386/x86_64-centos7/bin/../lib/gcc/x86_64-pc-linux-gnu/10.1.0/../../../../lib64 -L/lib/../lib64 -L/usr/lib/../lib64 -L/cvmfs/sft.cern.ch/lcg/releases/gcc/10.1.0-6f386/x86_64-centos7/bin/../lib/gcc/x86_64-pc-linux-gnu/10.1.0/../../.. CMakeFiles/cmTC_ddd3a.dir/CMakeCXXCompilerABI.cpp.o -lstdc++ -lm -lgcc_s -lgcc -lc -lgcc_s -lgcc /cvmfs/sft.cern.ch/lcg/releases/gcc/10.1.0-6f386/x86_64-centos7/bin/../lib/gcc/x86_64-pc-linux-gnu/10.1.0/crtend.o /lib/../lib64/crtn.o]
    arg [/cvmfs/sft.cern.ch/lcg/releases/gcc/10.1.0-6f386/x86_64-centos7/bin/../libexec/gcc/x86_64-pc-linux-gnu/10.1.0/collect2] ==> ignore
    arg [-plugin] ==> ignore
    arg [/cvmfs/sft.cern.ch/lcg/releases/gcc/10.1.0-6f386/x86_64-centos7/bin/../libexec/gcc/x86_64-pc-linux-gnu/10.1.0/liblto_plugin.so] ==> ignore
    arg [-plugin-opt=/cvmfs/sft.cern.ch/lcg/releases/gcc/10.1.0-6f386/x86_64-centos7/bin/../libexec/gcc/x86_64-pc-linux-gnu/10.1.0/lto-wrapper] ==> ignore
    arg [-plugin-opt=-fresolution=/tmp/ccSV2kYz.res] ==> ignore
    arg [-plugin-opt=-pass-through=-lgcc_s] ==> ignore
    arg [-plugin-opt=-pass-through=-lgcc] ==> ignore
    arg [-plugin-opt=-pass-through=-lc] ==> ignore
    arg [-plugin-opt=-pass-through=-lgcc_s] ==> ignore
    arg [-plugin-opt=-pass-through=-lgcc] ==> ignore
    arg [--eh-frame-hdr] ==> ignore
    arg [-m] ==> ignore
    arg [elf_x86_64] ==> ignore
    arg [-dynamic-linker] ==> ignore
    arg [/lib64/ld-linux-x86-64.so.2] ==> ignore
    arg [-o] ==> ignore
    arg [cmTC_ddd3a] ==> ignore
    arg [/lib/../lib64/crt1.o] ==> ignore
    arg [/lib/../lib64/crti.o] ==> ignore
    arg [/cvmfs/sft.cern.ch/lcg/releases/gcc/10.1.0-6f386/x86_64-centos7/bin/../lib/gcc/x86_64-pc-linux-gnu/10.1.0/crtbegin.o] ==> ignore
    arg [-L/cvmfs/sft.cern.ch/lcg/releases/gcc/10.1.0-6f386/x86_64-centos7/bin/../lib/gcc/x86_64-pc-linux-gnu/10.1.0] ==> dir [/cvmfs/sft.cern.ch/lcg/releases/gcc/10.1.0-6f386/x86_64-centos7/bin/../lib/gcc/x86_64-pc-linux-gnu/10.1.0]
    arg [-L/cvmfs/sft.cern.ch/lcg/releases/gcc/10.1.0-6f386/x86_64-centos7/bin/../lib/gcc] ==> dir [/cvmfs/sft.cern.ch/lcg/releases/gcc/10.1.0-6f386/x86_64-centos7/bin/../lib/gcc]
    arg [-L/cvmfs/sft.cern.ch/lcg/releases/gcc/10.1.0-6f386/x86_64-centos7/bin/../lib/gcc/x86_64-pc-linux-gnu/10.1.0/../../../../lib64] ==> dir [/cvmfs/sft.cern.ch/lcg/releases/gcc/10.1.0-6f386/x86_64-centos7/bin/../lib/gcc/x86_64-pc-linux-gnu/10.1.0/../../../../lib64]
    arg [-L/lib/../lib64] ==> dir [/lib/../lib64]
    arg [-L/usr/lib/../lib64] ==> dir [/usr/lib/../lib64]
    arg [-L/cvmfs/sft.cern.ch/lcg/releases/gcc/10.1.0-6f386/x86_64-centos7/bin/../lib/gcc/x86_64-pc-linux-gnu/10.1.0/../../..] ==> dir [/cvmfs/sft.cern.ch/lcg/releases/gcc/10.1.0-6f386/x86_64-centos7/bin/../lib/gcc/x86_64-pc-linux-gnu/10.1.0/../../..]
    arg [CMakeFiles/cmTC_ddd3a.dir/CMakeCXXCompilerABI.cpp.o] ==> ignore
    arg [-lstdc++] ==> lib [stdc++]
    arg [-lm] ==> lib [m]
    arg [-lgcc_s] ==> lib [gcc_s]
    arg [-lgcc] ==> lib [gcc]
    arg [-lc] ==> lib [c]
    arg [-lgcc_s] ==> lib [gcc_s]
    arg [-lgcc] ==> lib [gcc]
    arg [/cvmfs/sft.cern.ch/lcg/releases/gcc/10.1.0-6f386/x86_64-centos7/bin/../lib/gcc/x86_64-pc-linux-gnu/10.1.0/crtend.o] ==> ignore
    arg [/lib/../lib64/crtn.o] ==> ignore
  collapse library dir [/cvmfs/sft.cern.ch/lcg/releases/gcc/10.1.0-6f386/x86_64-centos7/bin/../lib/gcc/x86_64-pc-linux-gnu/10.1.0] ==> [/cvmfs/sft.cern.ch/lcg/releases/gcc/10.1.0-6f386/x86_64-centos7/lib/gcc/x86_64-pc-linux-gnu/10.1.0]
  collapse library dir [/cvmfs/sft.cern.ch/lcg/releases/gcc/10.1.0-6f386/x86_64-centos7/bin/../lib/gcc] ==> [/cvmfs/sft.cern.ch/lcg/releases/gcc/10.1.0-6f386/x86_64-centos7/lib/gcc]
  collapse library dir [/cvmfs/sft.cern.ch/lcg/releases/gcc/10.1.0-6f386/x86_64-centos7/bin/../lib/gcc/x86_64-pc-linux-gnu/10.1.0/../../../../lib64] ==> [/cvmfs/sft.cern.ch/lcg/releases/gcc/10.1.0-6f386/x86_64-centos7/lib64]
  collapse library dir [/lib/../lib64] ==> [/lib64]
  collapse library dir [/usr/lib/../lib64] ==> [/usr/lib64]
  collapse library dir [/cvmfs/sft.cern.ch/lcg/releases/gcc/10.1.0-6f386/x86_64-centos7/bin/../lib/gcc/x86_64-pc-linux-gnu/10.1.0/../../..] ==> [/cvmfs/sft.cern.ch/lcg/releases/gcc/10.1.0-6f386/x86_64-centos7/lib]
  implicit libs: [stdc++;m;gcc_s;gcc;c;gcc_s;gcc]
  implicit dirs: [/cvmfs/sft.cern.ch/lcg/releases/gcc/10.1.0-6f386/x86_64-centos7/lib/gcc/x86_64-pc-linux-gnu/10.1.0;/cvmfs/sft.cern.ch/lcg/releases/gcc/10.1.0-6f386/x86_64-centos7/lib/gcc;/cvmfs/sft.cern.ch/lcg/releases/gcc/10.1.0-6f386/x86_64-centos7/lib64;/lib64;/usr/lib64;/cvmfs/sft.cern.ch/lcg/releases/gcc/10.1.0-6f386/x86_64-centos7/lib]
  implicit fwks: []


Determining if the include file pthread.h exists passed with the following output:
Change Dir: /data1/home/rnicolai/LEM_GDML_upgrade/build_f1_j1/CMakeFiles/CMakeTmp

Run Build Command(s):/usr/bin/gmake cmTC_455de/fast && /usr/bin/gmake  -f CMakeFiles/cmTC_455de.dir/build.make CMakeFiles/cmTC_455de.dir/build
gmake[1]: Entering directory `/.autofs/data1/home/rnicolai/LEM_GDML_upgrade/build_f1_j1/CMakeFiles/CMakeTmp'
Building C object CMakeFiles/cmTC_455de.dir/CheckIncludeFile.c.o
/cvmfs/sft.cern.ch/lcg/releases/gcc/10.1.0-6f386/x86_64-centos7/bin/gcc    -o CMakeFiles/cmTC_455de.dir/CheckIncludeFile.c.o -c /data1/home/rnicolai/LEM_GDML_upgrade/build_f1_j1/CMakeFiles/CMakeTmp/CheckIncludeFile.c
Linking C executable cmTC_455de
/cvmfs/sft.cern.ch/lcg/releases/CMake/3.18.4-2ffec/x86_64-centos7-gcc10-opt/bin/cmake -E cmake_link_script CMakeFiles/cmTC_455de.dir/link.txt --verbose=1
/cvmfs/sft.cern.ch/lcg/releases/gcc/10.1.0-6f386/x86_64-centos7/bin/gcc CMakeFiles/cmTC_455de.dir/CheckIncludeFile.c.o -o cmTC_455de 
gmake[1]: Leaving directory `/.autofs/data1/home/rnicolai/LEM_GDML_upgrade/build_f1_j1/CMakeFiles/CMakeTmp'



Performing C++ SOURCE FILE Test check_cxx_compiler_flag__Wabi succeeded with the following output:
Change Dir: /data1/home/rnicolai/LEM_GDML_upgrade/build_f1_j1/CMakeFiles/CMakeTmp

Run Build Command(s):/usr/bin/gmake cmTC_071cf/fast && /usr/bin/gmake  -f CMakeFiles/cmTC_071cf.dir/build.make CMakeFiles/cmTC_071cf.dir/build
gmake[1]: Entering directory `/.autofs/data1/home/rnicolai/LEM_GDML_upgrade/build_f1_j1/CMakeFiles/CMakeTmp'
Building CXX object CMakeFiles/cmTC_071cf.dir/src.cxx.o
/cvmfs/sft.cern.ch/lcg/releases/gcc/10.1.0-6f386/x86_64-centos7/bin/g++   -Dcheck_cxx_compiler_flag__Wabi   -Wabi -o CMakeFiles/cmTC_071cf.dir/src.cxx.o -c /data1/home/rnicolai/LEM_GDML_upgrade/build_f1_j1/CMakeFiles/CMakeTmp/src.cxx
cc1plus: warning: -Wabi wont warn about anything [-Wabi]
cc1plus: note: -Wabi warns about differences from the most up-to-date ABI, which is also used by default
cc1plus: note: use e.g. -Wabi=11 to warn about changes from GCC 7
Linking CXX executable cmTC_071cf
/cvmfs/sft.cern.ch/lcg/releases/CMake/3.18.4-2ffec/x86_64-centos7-gcc10-opt/bin/cmake -E cmake_link_script CMakeFiles/cmTC_071cf.dir/link.txt --verbose=1
/cvmfs/sft.cern.ch/lcg/releases/gcc/10.1.0-6f386/x86_64-centos7/bin/g++  -Dcheck_cxx_compiler_flag__Wabi -rdynamic CMakeFiles/cmTC_071cf.dir/src.cxx.o -o cmTC_071cf 
gmake[1]: Leaving directory `/.autofs/data1/home/rnicolai/LEM_GDML_upgrade/build_f1_j1/CMakeFiles/CMakeTmp'


Source file was:
#include <cstdio>
      int main() { return 0; }
Performing C++ SOURCE FILE Test check_cxx_compiler_flag__fabi_version_0 succeeded with the following output:
Change Dir: /data1/home/rnicolai/LEM_GDML_upgrade/build_f1_j1/CMakeFiles/CMakeTmp

Run Build Command(s):/usr/bin/gmake cmTC_9836c/fast && /usr/bin/gmake  -f CMakeFiles/cmTC_9836c.dir/build.make CMakeFiles/cmTC_9836c.dir/build
gmake[1]: Entering directory `/.autofs/data1/home/rnicolai/LEM_GDML_upgrade/build_f1_j1/CMakeFiles/CMakeTmp'
Building CXX object CMakeFiles/cmTC_9836c.dir/src.cxx.o
/cvmfs/sft.cern.ch/lcg/releases/gcc/10.1.0-6f386/x86_64-centos7/bin/g++   -Dcheck_cxx_compiler_flag__fabi_version_0   -fabi-version=0 -o CMakeFiles/cmTC_9836c.dir/src.cxx.o -c /data1/home/rnicolai/LEM_GDML_upgrade/build_f1_j1/CMakeFiles/CMakeTmp/src.cxx
Linking CXX executable cmTC_9836c
/cvmfs/sft.cern.ch/lcg/releases/CMake/3.18.4-2ffec/x86_64-centos7-gcc10-opt/bin/cmake -E cmake_link_script CMakeFiles/cmTC_9836c.dir/link.txt --verbose=1
/cvmfs/sft.cern.ch/lcg/releases/gcc/10.1.0-6f386/x86_64-centos7/bin/g++  -Dcheck_cxx_compiler_flag__fabi_version_0 -rdynamic CMakeFiles/cmTC_9836c.dir/src.cxx.o -o cmTC_9836c 
gmake[1]: Leaving directory `/.autofs/data1/home/rnicolai/LEM_GDML_upgrade/build_f1_j1/CMakeFiles/CMakeTmp'


Source file was:
#include <cstdio>
      int main() { return 0; }
Performing C++ SOURCE FILE Test check_cxx_compiler_flag__fabi_compat_version_0 succeeded with the following output:
Change Dir: /data1/home/rnicolai/LEM_GDML_upgrade/build_f1_j1/CMakeFiles/CMakeTmp

Run Build Command(s):/usr/bin/gmake cmTC_a5b89/fast && /usr/bin/gmake  -f CMakeFiles/cmTC_a5b89.dir/build.make CMakeFiles/cmTC_a5b89.dir/build
gmake[1]: Entering directory `/.autofs/data1/home/rnicolai/LEM_GDML_upgrade/build_f1_j1/CMakeFiles/CMakeTmp'
Building CXX object CMakeFiles/cmTC_a5b89.dir/src.cxx.o
/cvmfs/sft.cern.ch/lcg/releases/gcc/10.1.0-6f386/x86_64-centos7/bin/g++   -Dcheck_cxx_compiler_flag__fabi_compat_version_0   -fabi-compat-version=0 -o CMakeFiles/cmTC_a5b89.dir/src.cxx.o -c /data1/home/rnicolai/LEM_GDML_upgrade/build_f1_j1/CMakeFiles/CMakeTmp/src.cxx
Linking CXX executable cmTC_a5b89
/cvmfs/sft.cern.ch/lcg/releases/CMake/3.18.4-2ffec/x86_64-centos7-gcc10-opt/bin/cmake -E cmake_link_script CMakeFiles/cmTC_a5b89.dir/link.txt --verbose=1
/cvmfs/sft.cern.ch/lcg/releases/gcc/10.1.0-6f386/x86_64-centos7/bin/g++  -Dcheck_cxx_compiler_flag__fabi_compat_version_0 -rdynamic CMakeFiles/cmTC_a5b89.dir/src.cxx.o -o cmTC_a5b89 
gmake[1]: Leaving directory `/.autofs/data1/home/rnicolai/LEM_GDML_upgrade/build_f1_j1/CMakeFiles/CMakeTmp'


Source file was:
#include <cstdio>
      int main() { return 0; }
Performing C++ SOURCE FILE Test check_cxx_compiler_flag__ffp_contract_fast succeeded with the following output:
Change Dir: /data1/home/rnicolai/LEM_GDML_upgrade/build_f1_j1/CMakeFiles/CMakeTmp

Run Build Command(s):/usr/bin/gmake cmTC_9497d/fast && /usr/bin/gmake  -f CMakeFiles/cmTC_9497d.dir/build.make CMakeFiles/cmTC_9497d.dir/build
gmake[1]: Entering directory `/.autofs/data1/home/rnicolai/LEM_GDML_upgrade/build_f1_j1/CMakeFiles/CMakeTmp'
Building CXX object CMakeFiles/cmTC_9497d.dir/src.cxx.o
/cvmfs/sft.cern.ch/lcg/releases/gcc/10.1.0-6f386/x86_64-centos7/bin/g++   -Dcheck_cxx_compiler_flag__ffp_contract_fast   -ffp-contract=fast -o CMakeFiles/cmTC_9497d.dir/src.cxx.o -c /data1/home/rnicolai/LEM_GDML_upgrade/build_f1_j1/CMakeFiles/CMakeTmp/src.cxx
Linking CXX executable cmTC_9497d
/cvmfs/sft.cern.ch/lcg/releases/CMake/3.18.4-2ffec/x86_64-centos7-gcc10-opt/bin/cmake -E cmake_link_script CMakeFiles/cmTC_9497d.dir/link.txt --verbose=1
/cvmfs/sft.cern.ch/lcg/releases/gcc/10.1.0-6f386/x86_64-centos7/bin/g++  -Dcheck_cxx_compiler_flag__ffp_contract_fast -rdynamic CMakeFiles/cmTC_9497d.dir/src.cxx.o -o cmTC_9497d 
gmake[1]: Leaving directory `/.autofs/data1/home/rnicolai/LEM_GDML_upgrade/build_f1_j1/CMakeFiles/CMakeTmp'


Source file was:
#include <cstdio>
      int main() { return 0; }
Performing C++ SOURCE FILE Test check_cxx_compiler_flag__march_skylake_avx512 succeeded with the following output:
Change Dir: /data1/home/rnicolai/LEM_GDML_upgrade/build_f1_j1/CMakeFiles/CMakeTmp

Run Build Command(s):/usr/bin/gmake cmTC_8f075/fast && /usr/bin/gmake  -f CMakeFiles/cmTC_8f075.dir/build.make CMakeFiles/cmTC_8f075.dir/build
gmake[1]: Entering directory `/.autofs/data1/home/rnicolai/LEM_GDML_upgrade/build_f1_j1/CMakeFiles/CMakeTmp'
Building CXX object CMakeFiles/cmTC_8f075.dir/src.cxx.o
/cvmfs/sft.cern.ch/lcg/releases/gcc/10.1.0-6f386/x86_64-centos7/bin/g++   -Dcheck_cxx_compiler_flag__march_skylake_avx512   -march=skylake-avx512 -o CMakeFiles/cmTC_8f075.dir/src.cxx.o -c /data1/home/rnicolai/LEM_GDML_upgrade/build_f1_j1/CMakeFiles/CMakeTmp/src.cxx
Linking CXX executable cmTC_8f075
/cvmfs/sft.cern.ch/lcg/releases/CMake/3.18.4-2ffec/x86_64-centos7-gcc10-opt/bin/cmake -E cmake_link_script CMakeFiles/cmTC_8f075.dir/link.txt --verbose=1
/cvmfs/sft.cern.ch/lcg/releases/gcc/10.1.0-6f386/x86_64-centos7/bin/g++  -Dcheck_cxx_compiler_flag__march_skylake_avx512 -rdynamic CMakeFiles/cmTC_8f075.dir/src.cxx.o -o cmTC_8f075 
gmake[1]: Leaving directory `/.autofs/data1/home/rnicolai/LEM_GDML_upgrade/build_f1_j1/CMakeFiles/CMakeTmp'


Source file was:
#include <cstdio>
      int main() { return 0; }
Performing C++ SOURCE FILE Test check_cxx_compiler_flag__msse2 succeeded with the following output:
Change Dir: /data1/home/rnicolai/LEM_GDML_upgrade/build_f1_j1/CMakeFiles/CMakeTmp

Run Build Command(s):/usr/bin/gmake cmTC_ade8a/fast && /usr/bin/gmake  -f CMakeFiles/cmTC_ade8a.dir/build.make CMakeFiles/cmTC_ade8a.dir/build
gmake[1]: Entering directory `/.autofs/data1/home/rnicolai/LEM_GDML_upgrade/build_f1_j1/CMakeFiles/CMakeTmp'
Building CXX object CMakeFiles/cmTC_ade8a.dir/src.cxx.o
/cvmfs/sft.cern.ch/lcg/releases/gcc/10.1.0-6f386/x86_64-centos7/bin/g++   -Dcheck_cxx_compiler_flag__msse2   -msse2 -o CMakeFiles/cmTC_ade8a.dir/src.cxx.o -c /data1/home/rnicolai/LEM_GDML_upgrade/build_f1_j1/CMakeFiles/CMakeTmp/src.cxx
Linking CXX executable cmTC_ade8a
/cvmfs/sft.cern.ch/lcg/releases/CMake/3.18.4-2ffec/x86_64-centos7-gcc10-opt/bin/cmake -E cmake_link_script CMakeFiles/cmTC_ade8a.dir/link.txt --verbose=1
/cvmfs/sft.cern.ch/lcg/releases/gcc/10.1.0-6f386/x86_64-centos7/bin/g++  -Dcheck_cxx_compiler_flag__msse2 -rdynamic CMakeFiles/cmTC_ade8a.dir/src.cxx.o -o cmTC_ade8a 
gmake[1]: Leaving directory `/.autofs/data1/home/rnicolai/LEM_GDML_upgrade/build_f1_j1/CMakeFiles/CMakeTmp'


Source file was:
#include <cstdio>
      int main() { return 0; }
Performing C++ SOURCE FILE Test check_cxx_compiler_flag__msse3 succeeded with the following output:
Change Dir: /data1/home/rnicolai/LEM_GDML_upgrade/build_f1_j1/CMakeFiles/CMakeTmp

Run Build Command(s):/usr/bin/gmake cmTC_36f98/fast && /usr/bin/gmake  -f CMakeFiles/cmTC_36f98.dir/build.make CMakeFiles/cmTC_36f98.dir/build
gmake[1]: Entering directory `/.autofs/data1/home/rnicolai/LEM_GDML_upgrade/build_f1_j1/CMakeFiles/CMakeTmp'
Building CXX object CMakeFiles/cmTC_36f98.dir/src.cxx.o
/cvmfs/sft.cern.ch/lcg/releases/gcc/10.1.0-6f386/x86_64-centos7/bin/g++   -Dcheck_cxx_compiler_flag__msse3   -msse3 -o CMakeFiles/cmTC_36f98.dir/src.cxx.o -c /data1/home/rnicolai/LEM_GDML_upgrade/build_f1_j1/CMakeFiles/CMakeTmp/src.cxx
Linking CXX executable cmTC_36f98
/cvmfs/sft.cern.ch/lcg/releases/CMake/3.18.4-2ffec/x86_64-centos7-gcc10-opt/bin/cmake -E cmake_link_script CMakeFiles/cmTC_36f98.dir/link.txt --verbose=1
/cvmfs/sft.cern.ch/lcg/releases/gcc/10.1.0-6f386/x86_64-centos7/bin/g++  -Dcheck_cxx_compiler_flag__msse3 -rdynamic CMakeFiles/cmTC_36f98.dir/src.cxx.o -o cmTC_36f98 
gmake[1]: Leaving directory `/.autofs/data1/home/rnicolai/LEM_GDML_upgrade/build_f1_j1/CMakeFiles/CMakeTmp'


Source file was:
#include <cstdio>
      int main() { return 0; }
Determining if the include file pmmintrin.h exists passed with the following output:
Change Dir: /data1/home/rnicolai/LEM_GDML_upgrade/build_f1_j1/CMakeFiles/CMakeTmp

Run Build Command(s):/usr/bin/gmake cmTC_c9b00/fast && /usr/bin/gmake  -f CMakeFiles/cmTC_c9b00.dir/build.make CMakeFiles/cmTC_c9b00.dir/build
gmake[1]: Entering directory `/.autofs/data1/home/rnicolai/LEM_GDML_upgrade/build_f1_j1/CMakeFiles/CMakeTmp'
Building CXX object CMakeFiles/cmTC_c9b00.dir/CheckIncludeFile.cxx.o
/cvmfs/sft.cern.ch/lcg/releases/gcc/10.1.0-6f386/x86_64-centos7/bin/g++   -msse3  -o CMakeFiles/cmTC_c9b00.dir/CheckIncludeFile.cxx.o -c /data1/home/rnicolai/LEM_GDML_upgrade/build_f1_j1/CMakeFiles/CMakeTmp/CheckIncludeFile.cxx
Linking CXX executable cmTC_c9b00
/cvmfs/sft.cern.ch/lcg/releases/CMake/3.18.4-2ffec/x86_64-centos7-gcc10-opt/bin/cmake -E cmake_link_script CMakeFiles/cmTC_c9b00.dir/link.txt --verbose=1
/cvmfs/sft.cern.ch/lcg/releases/gcc/10.1.0-6f386/x86_64-centos7/bin/g++  -msse3  -rdynamic CMakeFiles/cmTC_c9b00.dir/CheckIncludeFile.cxx.o -o cmTC_c9b00 
gmake[1]: Leaving directory `/.autofs/data1/home/rnicolai/LEM_GDML_upgrade/build_f1_j1/CMakeFiles/CMakeTmp'



Performing C++ SOURCE FILE Test check_cxx_compiler_flag__mssse3 succeeded with the following output:
Change Dir: /data1/home/rnicolai/LEM_GDML_upgrade/build_f1_j1/CMakeFiles/CMakeTmp

Run Build Command(s):/usr/bin/gmake cmTC_256f0/fast && /usr/bin/gmake  -f CMakeFiles/cmTC_256f0.dir/build.make CMakeFiles/cmTC_256f0.dir/build
gmake[1]: Entering directory `/.autofs/data1/home/rnicolai/LEM_GDML_upgrade/build_f1_j1/CMakeFiles/CMakeTmp'
Building CXX object CMakeFiles/cmTC_256f0.dir/src.cxx.o
/cvmfs/sft.cern.ch/lcg/releases/gcc/10.1.0-6f386/x86_64-centos7/bin/g++   -Dcheck_cxx_compiler_flag__mssse3   -mssse3 -o CMakeFiles/cmTC_256f0.dir/src.cxx.o -c /data1/home/rnicolai/LEM_GDML_upgrade/build_f1_j1/CMakeFiles/CMakeTmp/src.cxx
Linking CXX executable cmTC_256f0
/cvmfs/sft.cern.ch/lcg/releases/CMake/3.18.4-2ffec/x86_64-centos7-gcc10-opt/bin/cmake -E cmake_link_script CMakeFiles/cmTC_256f0.dir/link.txt --verbose=1
/cvmfs/sft.cern.ch/lcg/releases/gcc/10.1.0-6f386/x86_64-centos7/bin/g++  -Dcheck_cxx_compiler_flag__mssse3 -rdynamic CMakeFiles/cmTC_256f0.dir/src.cxx.o -o cmTC_256f0 
gmake[1]: Leaving directory `/.autofs/data1/home/rnicolai/LEM_GDML_upgrade/build_f1_j1/CMakeFiles/CMakeTmp'


Source file was:
#include <cstdio>
      int main() { return 0; }
Determining if the include file tmmintrin.h exists passed with the following output:
Change Dir: /data1/home/rnicolai/LEM_GDML_upgrade/build_f1_j1/CMakeFiles/CMakeTmp

Run Build Command(s):/usr/bin/gmake cmTC_94efa/fast && /usr/bin/gmake  -f CMakeFiles/cmTC_94efa.dir/build.make CMakeFiles/cmTC_94efa.dir/build
gmake[1]: Entering directory `/.autofs/data1/home/rnicolai/LEM_GDML_upgrade/build_f1_j1/CMakeFiles/CMakeTmp'
Building CXX object CMakeFiles/cmTC_94efa.dir/CheckIncludeFile.cxx.o
/cvmfs/sft.cern.ch/lcg/releases/gcc/10.1.0-6f386/x86_64-centos7/bin/g++   -mssse3  -o CMakeFiles/cmTC_94efa.dir/CheckIncludeFile.cxx.o -c /data1/home/rnicolai/LEM_GDML_upgrade/build_f1_j1/CMakeFiles/CMakeTmp/CheckIncludeFile.cxx
Linking CXX executable cmTC_94efa
/cvmfs/sft.cern.ch/lcg/releases/CMake/3.18.4-2ffec/x86_64-centos7-gcc10-opt/bin/cmake -E cmake_link_script CMakeFiles/cmTC_94efa.dir/link.txt --verbose=1
/cvmfs/sft.cern.ch/lcg/releases/gcc/10.1.0-6f386/x86_64-centos7/bin/g++  -mssse3  -rdynamic CMakeFiles/cmTC_94efa.dir/CheckIncludeFile.cxx.o -o cmTC_94efa 
gmake[1]: Leaving directory `/.autofs/data1/home/rnicolai/LEM_GDML_upgrade/build_f1_j1/CMakeFiles/CMakeTmp'



Performing C++ SOURCE FILE Test check_cxx_compiler_flag__msse4_1 succeeded with the following output:
Change Dir: /data1/home/rnicolai/LEM_GDML_upgrade/build_f1_j1/CMakeFiles/CMakeTmp

Run Build Command(s):/usr/bin/gmake cmTC_1e3dc/fast && /usr/bin/gmake  -f CMakeFiles/cmTC_1e3dc.dir/build.make CMakeFiles/cmTC_1e3dc.dir/build
gmake[1]: Entering directory `/.autofs/data1/home/rnicolai/LEM_GDML_upgrade/build_f1_j1/CMakeFiles/CMakeTmp'
Building CXX object CMakeFiles/cmTC_1e3dc.dir/src.cxx.o
/cvmfs/sft.cern.ch/lcg/releases/gcc/10.1.0-6f386/x86_64-centos7/bin/g++   -Dcheck_cxx_compiler_flag__msse4_1   -msse4.1 -o CMakeFiles/cmTC_1e3dc.dir/src.cxx.o -c /data1/home/rnicolai/LEM_GDML_upgrade/build_f1_j1/CMakeFiles/CMakeTmp/src.cxx
Linking CXX executable cmTC_1e3dc
/cvmfs/sft.cern.ch/lcg/releases/CMake/3.18.4-2ffec/x86_64-centos7-gcc10-opt/bin/cmake -E cmake_link_script CMakeFiles/cmTC_1e3dc.dir/link.txt --verbose=1
/cvmfs/sft.cern.ch/lcg/releases/gcc/10.1.0-6f386/x86_64-centos7/bin/g++  -Dcheck_cxx_compiler_flag__msse4_1 -rdynamic CMakeFiles/cmTC_1e3dc.dir/src.cxx.o -o cmTC_1e3dc 
gmake[1]: Leaving directory `/.autofs/data1/home/rnicolai/LEM_GDML_upgrade/build_f1_j1/CMakeFiles/CMakeTmp'


Source file was:
#include <cstdio>
      int main() { return 0; }
Determining if the include file smmintrin.h exists passed with the following output:
Change Dir: /data1/home/rnicolai/LEM_GDML_upgrade/build_f1_j1/CMakeFiles/CMakeTmp

Run Build Command(s):/usr/bin/gmake cmTC_83d6c/fast && /usr/bin/gmake  -f CMakeFiles/cmTC_83d6c.dir/build.make CMakeFiles/cmTC_83d6c.dir/build
gmake[1]: Entering directory `/.autofs/data1/home/rnicolai/LEM_GDML_upgrade/build_f1_j1/CMakeFiles/CMakeTmp'
Building CXX object CMakeFiles/cmTC_83d6c.dir/CheckIncludeFile.cxx.o
/cvmfs/sft.cern.ch/lcg/releases/gcc/10.1.0-6f386/x86_64-centos7/bin/g++   -msse4.1  -o CMakeFiles/cmTC_83d6c.dir/CheckIncludeFile.cxx.o -c /data1/home/rnicolai/LEM_GDML_upgrade/build_f1_j1/CMakeFiles/CMakeTmp/CheckIncludeFile.cxx
Linking CXX executable cmTC_83d6c
/cvmfs/sft.cern.ch/lcg/releases/CMake/3.18.4-2ffec/x86_64-centos7-gcc10-opt/bin/cmake -E cmake_link_script CMakeFiles/cmTC_83d6c.dir/link.txt --verbose=1
/cvmfs/sft.cern.ch/lcg/releases/gcc/10.1.0-6f386/x86_64-centos7/bin/g++  -msse4.1  -rdynamic CMakeFiles/cmTC_83d6c.dir/CheckIncludeFile.cxx.o -o cmTC_83d6c 
gmake[1]: Leaving directory `/.autofs/data1/home/rnicolai/LEM_GDML_upgrade/build_f1_j1/CMakeFiles/CMakeTmp'



Performing C++ SOURCE FILE Test check_cxx_compiler_flag__msse4_2 succeeded with the following output:
Change Dir: /data1/home/rnicolai/LEM_GDML_upgrade/build_f1_j1/CMakeFiles/CMakeTmp

Run Build Command(s):/usr/bin/gmake cmTC_51c36/fast && /usr/bin/gmake  -f CMakeFiles/cmTC_51c36.dir/build.make CMakeFiles/cmTC_51c36.dir/build
gmake[1]: Entering directory `/.autofs/data1/home/rnicolai/LEM_GDML_upgrade/build_f1_j1/CMakeFiles/CMakeTmp'
Building CXX object CMakeFiles/cmTC_51c36.dir/src.cxx.o
/cvmfs/sft.cern.ch/lcg/releases/gcc/10.1.0-6f386/x86_64-centos7/bin/g++   -Dcheck_cxx_compiler_flag__msse4_2   -msse4.2 -o CMakeFiles/cmTC_51c36.dir/src.cxx.o -c /data1/home/rnicolai/LEM_GDML_upgrade/build_f1_j1/CMakeFiles/CMakeTmp/src.cxx
Linking CXX executable cmTC_51c36
/cvmfs/sft.cern.ch/lcg/releases/CMake/3.18.4-2ffec/x86_64-centos7-gcc10-opt/bin/cmake -E cmake_link_script CMakeFiles/cmTC_51c36.dir/link.txt --verbose=1
/cvmfs/sft.cern.ch/lcg/releases/gcc/10.1.0-6f386/x86_64-centos7/bin/g++  -Dcheck_cxx_compiler_flag__msse4_2 -rdynamic CMakeFiles/cmTC_51c36.dir/src.cxx.o -o cmTC_51c36 
gmake[1]: Leaving directory `/.autofs/data1/home/rnicolai/LEM_GDML_upgrade/build_f1_j1/CMakeFiles/CMakeTmp'


Source file was:
#include <cstdio>
      int main() { return 0; }
Performing C++ SOURCE FILE Test check_cxx_compiler_flag__mavx succeeded with the following output:
Change Dir: /data1/home/rnicolai/LEM_GDML_upgrade/build_f1_j1/CMakeFiles/CMakeTmp

Run Build Command(s):/usr/bin/gmake cmTC_92c39/fast && /usr/bin/gmake  -f CMakeFiles/cmTC_92c39.dir/build.make CMakeFiles/cmTC_92c39.dir/build
gmake[1]: Entering directory `/.autofs/data1/home/rnicolai/LEM_GDML_upgrade/build_f1_j1/CMakeFiles/CMakeTmp'
Building CXX object CMakeFiles/cmTC_92c39.dir/src.cxx.o
/cvmfs/sft.cern.ch/lcg/releases/gcc/10.1.0-6f386/x86_64-centos7/bin/g++   -Dcheck_cxx_compiler_flag__mavx   -mavx -o CMakeFiles/cmTC_92c39.dir/src.cxx.o -c /data1/home/rnicolai/LEM_GDML_upgrade/build_f1_j1/CMakeFiles/CMakeTmp/src.cxx
Linking CXX executable cmTC_92c39
/cvmfs/sft.cern.ch/lcg/releases/CMake/3.18.4-2ffec/x86_64-centos7-gcc10-opt/bin/cmake -E cmake_link_script CMakeFiles/cmTC_92c39.dir/link.txt --verbose=1
/cvmfs/sft.cern.ch/lcg/releases/gcc/10.1.0-6f386/x86_64-centos7/bin/g++  -Dcheck_cxx_compiler_flag__mavx -rdynamic CMakeFiles/cmTC_92c39.dir/src.cxx.o -o cmTC_92c39 
gmake[1]: Leaving directory `/.autofs/data1/home/rnicolai/LEM_GDML_upgrade/build_f1_j1/CMakeFiles/CMakeTmp'


Source file was:
#include <cstdio>
      int main() { return 0; }
Determining if the include file immintrin.h exists passed with the following output:
Change Dir: /data1/home/rnicolai/LEM_GDML_upgrade/build_f1_j1/CMakeFiles/CMakeTmp

Run Build Command(s):/usr/bin/gmake cmTC_d392f/fast && /usr/bin/gmake  -f CMakeFiles/cmTC_d392f.dir/build.make CMakeFiles/cmTC_d392f.dir/build
gmake[1]: Entering directory `/.autofs/data1/home/rnicolai/LEM_GDML_upgrade/build_f1_j1/CMakeFiles/CMakeTmp'
Building CXX object CMakeFiles/cmTC_d392f.dir/CheckIncludeFile.cxx.o
/cvmfs/sft.cern.ch/lcg/releases/gcc/10.1.0-6f386/x86_64-centos7/bin/g++   -mavx  -o CMakeFiles/cmTC_d392f.dir/CheckIncludeFile.cxx.o -c /data1/home/rnicolai/LEM_GDML_upgrade/build_f1_j1/CMakeFiles/CMakeTmp/CheckIncludeFile.cxx
Linking CXX executable cmTC_d392f
/cvmfs/sft.cern.ch/lcg/releases/CMake/3.18.4-2ffec/x86_64-centos7-gcc10-opt/bin/cmake -E cmake_link_script CMakeFiles/cmTC_d392f.dir/link.txt --verbose=1
/cvmfs/sft.cern.ch/lcg/releases/gcc/10.1.0-6f386/x86_64-centos7/bin/g++  -mavx  -rdynamic CMakeFiles/cmTC_d392f.dir/CheckIncludeFile.cxx.o -o cmTC_d392f 
gmake[1]: Leaving directory `/.autofs/data1/home/rnicolai/LEM_GDML_upgrade/build_f1_j1/CMakeFiles/CMakeTmp'



Performing C++ SOURCE FILE Test check_cxx_compiler_flag__mfma succeeded with the following output:
Change Dir: /data1/home/rnicolai/LEM_GDML_upgrade/build_f1_j1/CMakeFiles/CMakeTmp

Run Build Command(s):/usr/bin/gmake cmTC_9fb13/fast && /usr/bin/gmake  -f CMakeFiles/cmTC_9fb13.dir/build.make CMakeFiles/cmTC_9fb13.dir/build
gmake[1]: Entering directory `/.autofs/data1/home/rnicolai/LEM_GDML_upgrade/build_f1_j1/CMakeFiles/CMakeTmp'
Building CXX object CMakeFiles/cmTC_9fb13.dir/src.cxx.o
/cvmfs/sft.cern.ch/lcg/releases/gcc/10.1.0-6f386/x86_64-centos7/bin/g++   -Dcheck_cxx_compiler_flag__mfma   -mfma -o CMakeFiles/cmTC_9fb13.dir/src.cxx.o -c /data1/home/rnicolai/LEM_GDML_upgrade/build_f1_j1/CMakeFiles/CMakeTmp/src.cxx
Linking CXX executable cmTC_9fb13
/cvmfs/sft.cern.ch/lcg/releases/CMake/3.18.4-2ffec/x86_64-centos7-gcc10-opt/bin/cmake -E cmake_link_script CMakeFiles/cmTC_9fb13.dir/link.txt --verbose=1
/cvmfs/sft.cern.ch/lcg/releases/gcc/10.1.0-6f386/x86_64-centos7/bin/g++  -Dcheck_cxx_compiler_flag__mfma -rdynamic CMakeFiles/cmTC_9fb13.dir/src.cxx.o -o cmTC_9fb13 
gmake[1]: Leaving directory `/.autofs/data1/home/rnicolai/LEM_GDML_upgrade/build_f1_j1/CMakeFiles/CMakeTmp'


Source file was:
#include <immintrin.h>
      __m128 foo(__m128 x) { return _mm_fmadd_ps(x, x, x); }
      int main() { return 0; }
Performing C++ SOURCE FILE Test check_cxx_compiler_flag__mbmi2 succeeded with the following output:
Change Dir: /data1/home/rnicolai/LEM_GDML_upgrade/build_f1_j1/CMakeFiles/CMakeTmp

Run Build Command(s):/usr/bin/gmake cmTC_f8a65/fast && /usr/bin/gmake  -f CMakeFiles/cmTC_f8a65.dir/build.make CMakeFiles/cmTC_f8a65.dir/build
gmake[1]: Entering directory `/.autofs/data1/home/rnicolai/LEM_GDML_upgrade/build_f1_j1/CMakeFiles/CMakeTmp'
Building CXX object CMakeFiles/cmTC_f8a65.dir/src.cxx.o
/cvmfs/sft.cern.ch/lcg/releases/gcc/10.1.0-6f386/x86_64-centos7/bin/g++   -Dcheck_cxx_compiler_flag__mbmi2   -mbmi2 -o CMakeFiles/cmTC_f8a65.dir/src.cxx.o -c /data1/home/rnicolai/LEM_GDML_upgrade/build_f1_j1/CMakeFiles/CMakeTmp/src.cxx
Linking CXX executable cmTC_f8a65
/cvmfs/sft.cern.ch/lcg/releases/CMake/3.18.4-2ffec/x86_64-centos7-gcc10-opt/bin/cmake -E cmake_link_script CMakeFiles/cmTC_f8a65.dir/link.txt --verbose=1
/cvmfs/sft.cern.ch/lcg/releases/gcc/10.1.0-6f386/x86_64-centos7/bin/g++  -Dcheck_cxx_compiler_flag__mbmi2 -rdynamic CMakeFiles/cmTC_f8a65.dir/src.cxx.o -o cmTC_f8a65 
gmake[1]: Leaving directory `/.autofs/data1/home/rnicolai/LEM_GDML_upgrade/build_f1_j1/CMakeFiles/CMakeTmp'


Source file was:
#include <cstdio>
      int main() { return 0; }
Performing C++ SOURCE FILE Test check_cxx_compiler_flag__mavx2 succeeded with the following output:
Change Dir: /data1/home/rnicolai/LEM_GDML_upgrade/build_f1_j1/CMakeFiles/CMakeTmp

Run Build Command(s):/usr/bin/gmake cmTC_f51db/fast && /usr/bin/gmake  -f CMakeFiles/cmTC_f51db.dir/build.make CMakeFiles/cmTC_f51db.dir/build
gmake[1]: Entering directory `/.autofs/data1/home/rnicolai/LEM_GDML_upgrade/build_f1_j1/CMakeFiles/CMakeTmp'
Building CXX object CMakeFiles/cmTC_f51db.dir/src.cxx.o
/cvmfs/sft.cern.ch/lcg/releases/gcc/10.1.0-6f386/x86_64-centos7/bin/g++   -Dcheck_cxx_compiler_flag__mavx2   -mavx2 -o CMakeFiles/cmTC_f51db.dir/src.cxx.o -c /data1/home/rnicolai/LEM_GDML_upgrade/build_f1_j1/CMakeFiles/CMakeTmp/src.cxx
Linking CXX executable cmTC_f51db
/cvmfs/sft.cern.ch/lcg/releases/CMake/3.18.4-2ffec/x86_64-centos7-gcc10-opt/bin/cmake -E cmake_link_script CMakeFiles/cmTC_f51db.dir/link.txt --verbose=1
/cvmfs/sft.cern.ch/lcg/releases/gcc/10.1.0-6f386/x86_64-centos7/bin/g++  -Dcheck_cxx_compiler_flag__mavx2 -rdynamic CMakeFiles/cmTC_f51db.dir/src.cxx.o -o cmTC_f51db 
gmake[1]: Leaving directory `/.autofs/data1/home/rnicolai/LEM_GDML_upgrade/build_f1_j1/CMakeFiles/CMakeTmp'


Source file was:
#include <cstdio>
      int main() { return 0; }
Performing C++ SOURCE FILE Test check_cxx_compiler_flag__mavx512f succeeded with the following output:
Change Dir: /data1/home/rnicolai/LEM_GDML_upgrade/build_f1_j1/CMakeFiles/CMakeTmp

Run Build Command(s):/usr/bin/gmake cmTC_ba528/fast && /usr/bin/gmake  -f CMakeFiles/cmTC_ba528.dir/build.make CMakeFiles/cmTC_ba528.dir/build
gmake[1]: Entering directory `/.autofs/data1/home/rnicolai/LEM_GDML_upgrade/build_f1_j1/CMakeFiles/CMakeTmp'
Building CXX object CMakeFiles/cmTC_ba528.dir/src.cxx.o
/cvmfs/sft.cern.ch/lcg/releases/gcc/10.1.0-6f386/x86_64-centos7/bin/g++   -Dcheck_cxx_compiler_flag__mavx512f   -mavx512f -o CMakeFiles/cmTC_ba528.dir/src.cxx.o -c /data1/home/rnicolai/LEM_GDML_upgrade/build_f1_j1/CMakeFiles/CMakeTmp/src.cxx
Linking CXX executable cmTC_ba528
/cvmfs/sft.cern.ch/lcg/releases/CMake/3.18.4-2ffec/x86_64-centos7-gcc10-opt/bin/cmake -E cmake_link_script CMakeFiles/cmTC_ba528.dir/link.txt --verbose=1
/cvmfs/sft.cern.ch/lcg/releases/gcc/10.1.0-6f386/x86_64-centos7/bin/g++  -Dcheck_cxx_compiler_flag__mavx512f -rdynamic CMakeFiles/cmTC_ba528.dir/src.cxx.o -o cmTC_ba528 
gmake[1]: Leaving directory `/.autofs/data1/home/rnicolai/LEM_GDML_upgrade/build_f1_j1/CMakeFiles/CMakeTmp'


Source file was:
#include <cstdio>
      int main() { return 0; }
Performing C++ SOURCE FILE Test check_cxx_compiler_flag__mavx512vl succeeded with the following output:
Change Dir: /data1/home/rnicolai/LEM_GDML_upgrade/build_f1_j1/CMakeFiles/CMakeTmp

Run Build Command(s):/usr/bin/gmake cmTC_a8c13/fast && /usr/bin/gmake  -f CMakeFiles/cmTC_a8c13.dir/build.make CMakeFiles/cmTC_a8c13.dir/build
gmake[1]: Entering directory `/.autofs/data1/home/rnicolai/LEM_GDML_upgrade/build_f1_j1/CMakeFiles/CMakeTmp'
Building CXX object CMakeFiles/cmTC_a8c13.dir/src.cxx.o
/cvmfs/sft.cern.ch/lcg/releases/gcc/10.1.0-6f386/x86_64-centos7/bin/g++   -Dcheck_cxx_compiler_flag__mavx512vl   -mavx512vl -o CMakeFiles/cmTC_a8c13.dir/src.cxx.o -c /data1/home/rnicolai/LEM_GDML_upgrade/build_f1_j1/CMakeFiles/CMakeTmp/src.cxx
Linking CXX executable cmTC_a8c13
/cvmfs/sft.cern.ch/lcg/releases/CMake/3.18.4-2ffec/x86_64-centos7-gcc10-opt/bin/cmake -E cmake_link_script CMakeFiles/cmTC_a8c13.dir/link.txt --verbose=1
/cvmfs/sft.cern.ch/lcg/releases/gcc/10.1.0-6f386/x86_64-centos7/bin/g++  -Dcheck_cxx_compiler_flag__mavx512vl -rdynamic CMakeFiles/cmTC_a8c13.dir/src.cxx.o -o cmTC_a8c13 
gmake[1]: Leaving directory `/.autofs/data1/home/rnicolai/LEM_GDML_upgrade/build_f1_j1/CMakeFiles/CMakeTmp'


Source file was:
#include <cstdio>
      int main() { return 0; }
Performing C++ SOURCE FILE Test check_cxx_compiler_flag__mavx512cd succeeded with the following output:
Change Dir: /data1/home/rnicolai/LEM_GDML_upgrade/build_f1_j1/CMakeFiles/CMakeTmp

Run Build Command(s):/usr/bin/gmake cmTC_a557d/fast && /usr/bin/gmake  -f CMakeFiles/cmTC_a557d.dir/build.make CMakeFiles/cmTC_a557d.dir/build
gmake[1]: Entering directory `/.autofs/data1/home/rnicolai/LEM_GDML_upgrade/build_f1_j1/CMakeFiles/CMakeTmp'
Building CXX object CMakeFiles/cmTC_a557d.dir/src.cxx.o
/cvmfs/sft.cern.ch/lcg/releases/gcc/10.1.0-6f386/x86_64-centos7/bin/g++   -Dcheck_cxx_compiler_flag__mavx512cd   -mavx512cd -o CMakeFiles/cmTC_a557d.dir/src.cxx.o -c /data1/home/rnicolai/LEM_GDML_upgrade/build_f1_j1/CMakeFiles/CMakeTmp/src.cxx
Linking CXX executable cmTC_a557d
/cvmfs/sft.cern.ch/lcg/releases/CMake/3.18.4-2ffec/x86_64-centos7-gcc10-opt/bin/cmake -E cmake_link_script CMakeFiles/cmTC_a557d.dir/link.txt --verbose=1
/cvmfs/sft.cern.ch/lcg/releases/gcc/10.1.0-6f386/x86_64-centos7/bin/g++  -Dcheck_cxx_compiler_flag__mavx512cd -rdynamic CMakeFiles/cmTC_a557d.dir/src.cxx.o -o cmTC_a557d 
gmake[1]: Leaving directory `/.autofs/data1/home/rnicolai/LEM_GDML_upgrade/build_f1_j1/CMakeFiles/CMakeTmp'


Source file was:
#include <cstdio>
      int main() { return 0; }
Performing C++ SOURCE FILE Test check_cxx_compiler_flag__mavx512dq succeeded with the following output:
Change Dir: /data1/home/rnicolai/LEM_GDML_upgrade/build_f1_j1/CMakeFiles/CMakeTmp

Run Build Command(s):/usr/bin/gmake cmTC_0d114/fast && /usr/bin/gmake  -f CMakeFiles/cmTC_0d114.dir/build.make CMakeFiles/cmTC_0d114.dir/build
gmake[1]: Entering directory `/.autofs/data1/home/rnicolai/LEM_GDML_upgrade/build_f1_j1/CMakeFiles/CMakeTmp'
Building CXX object CMakeFiles/cmTC_0d114.dir/src.cxx.o
/cvmfs/sft.cern.ch/lcg/releases/gcc/10.1.0-6f386/x86_64-centos7/bin/g++   -Dcheck_cxx_compiler_flag__mavx512dq   -mavx512dq -o CMakeFiles/cmTC_0d114.dir/src.cxx.o -c /data1/home/rnicolai/LEM_GDML_upgrade/build_f1_j1/CMakeFiles/CMakeTmp/src.cxx
Linking CXX executable cmTC_0d114
/cvmfs/sft.cern.ch/lcg/releases/CMake/3.18.4-2ffec/x86_64-centos7-gcc10-opt/bin/cmake -E cmake_link_script CMakeFiles/cmTC_0d114.dir/link.txt --verbose=1
/cvmfs/sft.cern.ch/lcg/releases/gcc/10.1.0-6f386/x86_64-centos7/bin/g++  -Dcheck_cxx_compiler_flag__mavx512dq -rdynamic CMakeFiles/cmTC_0d114.dir/src.cxx.o -o cmTC_0d114 
gmake[1]: Leaving directory `/.autofs/data1/home/rnicolai/LEM_GDML_upgrade/build_f1_j1/CMakeFiles/CMakeTmp'


Source file was:
#include <cstdio>
      int main() { return 0; }
Performing C++ SOURCE FILE Test check_cxx_compiler_flag__mavx512bw succeeded with the following output:
Change Dir: /data1/home/rnicolai/LEM_GDML_upgrade/build_f1_j1/CMakeFiles/CMakeTmp

Run Build Command(s):/usr/bin/gmake cmTC_a369c/fast && /usr/bin/gmake  -f CMakeFiles/cmTC_a369c.dir/build.make CMakeFiles/cmTC_a369c.dir/build
gmake[1]: Entering directory `/.autofs/data1/home/rnicolai/LEM_GDML_upgrade/build_f1_j1/CMakeFiles/CMakeTmp'
Building CXX object CMakeFiles/cmTC_a369c.dir/src.cxx.o
/cvmfs/sft.cern.ch/lcg/releases/gcc/10.1.0-6f386/x86_64-centos7/bin/g++   -Dcheck_cxx_compiler_flag__mavx512bw   -mavx512bw -o CMakeFiles/cmTC_a369c.dir/src.cxx.o -c /data1/home/rnicolai/LEM_GDML_upgrade/build_f1_j1/CMakeFiles/CMakeTmp/src.cxx
Linking CXX executable cmTC_a369c
/cvmfs/sft.cern.ch/lcg/releases/CMake/3.18.4-2ffec/x86_64-centos7-gcc10-opt/bin/cmake -E cmake_link_script CMakeFiles/cmTC_a369c.dir/link.txt --verbose=1
/cvmfs/sft.cern.ch/lcg/releases/gcc/10.1.0-6f386/x86_64-centos7/bin/g++  -Dcheck_cxx_compiler_flag__mavx512bw -rdynamic CMakeFiles/cmTC_a369c.dir/src.cxx.o -o cmTC_a369c 
gmake[1]: Leaving directory `/.autofs/data1/home/rnicolai/LEM_GDML_upgrade/build_f1_j1/CMakeFiles/CMakeTmp'


Source file was:
#include <cstdio>
      int main() { return 0; }
Performing C++ SOURCE FILE Test check_cxx_compiler_flag__mno_sse4a succeeded with the following output:
Change Dir: /data1/home/rnicolai/LEM_GDML_upgrade/build_f1_j1/CMakeFiles/CMakeTmp

Run Build Command(s):/usr/bin/gmake cmTC_7c4fb/fast && /usr/bin/gmake  -f CMakeFiles/cmTC_7c4fb.dir/build.make CMakeFiles/cmTC_7c4fb.dir/build
gmake[1]: Entering directory `/.autofs/data1/home/rnicolai/LEM_GDML_upgrade/build_f1_j1/CMakeFiles/CMakeTmp'
Building CXX object CMakeFiles/cmTC_7c4fb.dir/src.cxx.o
/cvmfs/sft.cern.ch/lcg/releases/gcc/10.1.0-6f386/x86_64-centos7/bin/g++   -Dcheck_cxx_compiler_flag__mno_sse4a   -mno-sse4a -o CMakeFiles/cmTC_7c4fb.dir/src.cxx.o -c /data1/home/rnicolai/LEM_GDML_upgrade/build_f1_j1/CMakeFiles/CMakeTmp/src.cxx
Linking CXX executable cmTC_7c4fb
/cvmfs/sft.cern.ch/lcg/releases/CMake/3.18.4-2ffec/x86_64-centos7-gcc10-opt/bin/cmake -E cmake_link_script CMakeFiles/cmTC_7c4fb.dir/link.txt --verbose=1
/cvmfs/sft.cern.ch/lcg/releases/gcc/10.1.0-6f386/x86_64-centos7/bin/g++  -Dcheck_cxx_compiler_flag__mno_sse4a -rdynamic CMakeFiles/cmTC_7c4fb.dir/src.cxx.o -o cmTC_7c4fb 
gmake[1]: Leaving directory `/.autofs/data1/home/rnicolai/LEM_GDML_upgrade/build_f1_j1/CMakeFiles/CMakeTmp'


Source file was:
#include <cstdio>
      int main() { return 0; }
Performing C++ SOURCE FILE Test check_cxx_compiler_flag__mno_xop succeeded with the following output:
Change Dir: /data1/home/rnicolai/LEM_GDML_upgrade/build_f1_j1/CMakeFiles/CMakeTmp

Run Build Command(s):/usr/bin/gmake cmTC_37b54/fast && /usr/bin/gmake  -f CMakeFiles/cmTC_37b54.dir/build.make CMakeFiles/cmTC_37b54.dir/build
gmake[1]: Entering directory `/.autofs/data1/home/rnicolai/LEM_GDML_upgrade/build_f1_j1/CMakeFiles/CMakeTmp'
Building CXX object CMakeFiles/cmTC_37b54.dir/src.cxx.o
/cvmfs/sft.cern.ch/lcg/releases/gcc/10.1.0-6f386/x86_64-centos7/bin/g++   -Dcheck_cxx_compiler_flag__mno_xop   -mno-xop -o CMakeFiles/cmTC_37b54.dir/src.cxx.o -c /data1/home/rnicolai/LEM_GDML_upgrade/build_f1_j1/CMakeFiles/CMakeTmp/src.cxx
Linking CXX executable cmTC_37b54
/cvmfs/sft.cern.ch/lcg/releases/CMake/3.18.4-2ffec/x86_64-centos7-gcc10-opt/bin/cmake -E cmake_link_script CMakeFiles/cmTC_37b54.dir/link.txt --verbose=1
/cvmfs/sft.cern.ch/lcg/releases/gcc/10.1.0-6f386/x86_64-centos7/bin/g++  -Dcheck_cxx_compiler_flag__mno_xop -rdynamic CMakeFiles/cmTC_37b54.dir/src.cxx.o -o cmTC_37b54 
gmake[1]: Leaving directory `/.autofs/data1/home/rnicolai/LEM_GDML_upgrade/build_f1_j1/CMakeFiles/CMakeTmp'


Source file was:
#include <cstdio>
      int main() { return 0; }
Performing C++ SOURCE FILE Test check_cxx_compiler_flag__mno_fma4 succeeded with the following output:
Change Dir: /data1/home/rnicolai/LEM_GDML_upgrade/build_f1_j1/CMakeFiles/CMakeTmp

Run Build Command(s):/usr/bin/gmake cmTC_a856e/fast && /usr/bin/gmake  -f CMakeFiles/cmTC_a856e.dir/build.make CMakeFiles/cmTC_a856e.dir/build
gmake[1]: Entering directory `/.autofs/data1/home/rnicolai/LEM_GDML_upgrade/build_f1_j1/CMakeFiles/CMakeTmp'
Building CXX object CMakeFiles/cmTC_a856e.dir/src.cxx.o
/cvmfs/sft.cern.ch/lcg/releases/gcc/10.1.0-6f386/x86_64-centos7/bin/g++   -Dcheck_cxx_compiler_flag__mno_fma4   -mno-fma4 -o CMakeFiles/cmTC_a856e.dir/src.cxx.o -c /data1/home/rnicolai/LEM_GDML_upgrade/build_f1_j1/CMakeFiles/CMakeTmp/src.cxx
Linking CXX executable cmTC_a856e
/cvmfs/sft.cern.ch/lcg/releases/CMake/3.18.4-2ffec/x86_64-centos7-gcc10-opt/bin/cmake -E cmake_link_script CMakeFiles/cmTC_a856e.dir/link.txt --verbose=1
/cvmfs/sft.cern.ch/lcg/releases/gcc/10.1.0-6f386/x86_64-centos7/bin/g++  -Dcheck_cxx_compiler_flag__mno_fma4 -rdynamic CMakeFiles/cmTC_a856e.dir/src.cxx.o -o cmTC_a856e 
gmake[1]: Leaving directory `/.autofs/data1/home/rnicolai/LEM_GDML_upgrade/build_f1_j1/CMakeFiles/CMakeTmp'


Source file was:
#include <cstdio>
      int main() { return 0; }
Performing C++ SOURCE FILE Test check_cxx_compiler_flag__mno_avx512pf succeeded with the following output:
Change Dir: /data1/home/rnicolai/LEM_GDML_upgrade/build_f1_j1/CMakeFiles/CMakeTmp

Run Build Command(s):/usr/bin/gmake cmTC_fe8b2/fast && /usr/bin/gmake  -f CMakeFiles/cmTC_fe8b2.dir/build.make CMakeFiles/cmTC_fe8b2.dir/build
gmake[1]: Entering directory `/.autofs/data1/home/rnicolai/LEM_GDML_upgrade/build_f1_j1/CMakeFiles/CMakeTmp'
Building CXX object CMakeFiles/cmTC_fe8b2.dir/src.cxx.o
/cvmfs/sft.cern.ch/lcg/releases/gcc/10.1.0-6f386/x86_64-centos7/bin/g++   -Dcheck_cxx_compiler_flag__mno_avx512pf   -mno-avx512pf -o CMakeFiles/cmTC_fe8b2.dir/src.cxx.o -c /data1/home/rnicolai/LEM_GDML_upgrade/build_f1_j1/CMakeFiles/CMakeTmp/src.cxx
Linking CXX executable cmTC_fe8b2
/cvmfs/sft.cern.ch/lcg/releases/CMake/3.18.4-2ffec/x86_64-centos7-gcc10-opt/bin/cmake -E cmake_link_script CMakeFiles/cmTC_fe8b2.dir/link.txt --verbose=1
/cvmfs/sft.cern.ch/lcg/releases/gcc/10.1.0-6f386/x86_64-centos7/bin/g++  -Dcheck_cxx_compiler_flag__mno_avx512pf -rdynamic CMakeFiles/cmTC_fe8b2.dir/src.cxx.o -o cmTC_fe8b2 
gmake[1]: Leaving directory `/.autofs/data1/home/rnicolai/LEM_GDML_upgrade/build_f1_j1/CMakeFiles/CMakeTmp'


Source file was:
#include <cstdio>
      int main() { return 0; }
Performing C++ SOURCE FILE Test check_cxx_compiler_flag__mno_avx512er succeeded with the following output:
Change Dir: /data1/home/rnicolai/LEM_GDML_upgrade/build_f1_j1/CMakeFiles/CMakeTmp

Run Build Command(s):/usr/bin/gmake cmTC_f06f0/fast && /usr/bin/gmake  -f CMakeFiles/cmTC_f06f0.dir/build.make CMakeFiles/cmTC_f06f0.dir/build
gmake[1]: Entering directory `/.autofs/data1/home/rnicolai/LEM_GDML_upgrade/build_f1_j1/CMakeFiles/CMakeTmp'
Building CXX object CMakeFiles/cmTC_f06f0.dir/src.cxx.o
/cvmfs/sft.cern.ch/lcg/releases/gcc/10.1.0-6f386/x86_64-centos7/bin/g++   -Dcheck_cxx_compiler_flag__mno_avx512er   -mno-avx512er -o CMakeFiles/cmTC_f06f0.dir/src.cxx.o -c /data1/home/rnicolai/LEM_GDML_upgrade/build_f1_j1/CMakeFiles/CMakeTmp/src.cxx
Linking CXX executable cmTC_f06f0
/cvmfs/sft.cern.ch/lcg/releases/CMake/3.18.4-2ffec/x86_64-centos7-gcc10-opt/bin/cmake -E cmake_link_script CMakeFiles/cmTC_f06f0.dir/link.txt --verbose=1
/cvmfs/sft.cern.ch/lcg/releases/gcc/10.1.0-6f386/x86_64-centos7/bin/g++  -Dcheck_cxx_compiler_flag__mno_avx512er -rdynamic CMakeFiles/cmTC_f06f0.dir/src.cxx.o -o cmTC_f06f0 
gmake[1]: Leaving directory `/.autofs/data1/home/rnicolai/LEM_GDML_upgrade/build_f1_j1/CMakeFiles/CMakeTmp'


Source file was:
#include <cstdio>
      int main() { return 0; }
Performing C++ SOURCE FILE Test check_cxx_compiler_flag__mno_avx512ifma succeeded with the following output:
Change Dir: /data1/home/rnicolai/LEM_GDML_upgrade/build_f1_j1/CMakeFiles/CMakeTmp

Run Build Command(s):/usr/bin/gmake cmTC_5550c/fast && /usr/bin/gmake  -f CMakeFiles/cmTC_5550c.dir/build.make CMakeFiles/cmTC_5550c.dir/build
gmake[1]: Entering directory `/.autofs/data1/home/rnicolai/LEM_GDML_upgrade/build_f1_j1/CMakeFiles/CMakeTmp'
Building CXX object CMakeFiles/cmTC_5550c.dir/src.cxx.o
/cvmfs/sft.cern.ch/lcg/releases/gcc/10.1.0-6f386/x86_64-centos7/bin/g++   -Dcheck_cxx_compiler_flag__mno_avx512ifma   -mno-avx512ifma -o CMakeFiles/cmTC_5550c.dir/src.cxx.o -c /data1/home/rnicolai/LEM_GDML_upgrade/build_f1_j1/CMakeFiles/CMakeTmp/src.cxx
Linking CXX executable cmTC_5550c
/cvmfs/sft.cern.ch/lcg/releases/CMake/3.18.4-2ffec/x86_64-centos7-gcc10-opt/bin/cmake -E cmake_link_script CMakeFiles/cmTC_5550c.dir/link.txt --verbose=1
/cvmfs/sft.cern.ch/lcg/releases/gcc/10.1.0-6f386/x86_64-centos7/bin/g++  -Dcheck_cxx_compiler_flag__mno_avx512ifma -rdynamic CMakeFiles/cmTC_5550c.dir/src.cxx.o -o cmTC_5550c 
gmake[1]: Leaving directory `/.autofs/data1/home/rnicolai/LEM_GDML_upgrade/build_f1_j1/CMakeFiles/CMakeTmp'


Source file was:
#include <cstdio>
      int main() { return 0; }
Performing C++ SOURCE FILE Test check_cxx_compiler_flag__mno_avx512vbmi succeeded with the following output:
Change Dir: /data1/home/rnicolai/LEM_GDML_upgrade/build_f1_j1/CMakeFiles/CMakeTmp

Run Build Command(s):/usr/bin/gmake cmTC_df2ff/fast && /usr/bin/gmake  -f CMakeFiles/cmTC_df2ff.dir/build.make CMakeFiles/cmTC_df2ff.dir/build
gmake[1]: Entering directory `/.autofs/data1/home/rnicolai/LEM_GDML_upgrade/build_f1_j1/CMakeFiles/CMakeTmp'
Building CXX object CMakeFiles/cmTC_df2ff.dir/src.cxx.o
/cvmfs/sft.cern.ch/lcg/releases/gcc/10.1.0-6f386/x86_64-centos7/bin/g++   -Dcheck_cxx_compiler_flag__mno_avx512vbmi   -mno-avx512vbmi -o CMakeFiles/cmTC_df2ff.dir/src.cxx.o -c /data1/home/rnicolai/LEM_GDML_upgrade/build_f1_j1/CMakeFiles/CMakeTmp/src.cxx
Linking CXX executable cmTC_df2ff
/cvmfs/sft.cern.ch/lcg/releases/CMake/3.18.4-2ffec/x86_64-centos7-gcc10-opt/bin/cmake -E cmake_link_script CMakeFiles/cmTC_df2ff.dir/link.txt --verbose=1
/cvmfs/sft.cern.ch/lcg/releases/gcc/10.1.0-6f386/x86_64-centos7/bin/g++  -Dcheck_cxx_compiler_flag__mno_avx512vbmi -rdynamic CMakeFiles/cmTC_df2ff.dir/src.cxx.o -o cmTC_df2ff 
gmake[1]: Leaving directory `/.autofs/data1/home/rnicolai/LEM_GDML_upgrade/build_f1_j1/CMakeFiles/CMakeTmp'


Source file was:
#include <cstdio>
      int main() { return 0; }
Determining if the function XOpenDisplay exists in the /usr/lib64/libX11.so;/usr/lib64/libXext.so passed with the following output:
Change Dir: /data1/home/rnicolai/LEM_GDML_upgrade/build_f1_j1/CMakeFiles/CMakeTmp

Run Build Command(s):/usr/bin/gmake cmTC_db7b4/fast && /usr/bin/gmake  -f CMakeFiles/cmTC_db7b4.dir/build.make CMakeFiles/cmTC_db7b4.dir/build
gmake[1]: Entering directory `/.autofs/data1/home/rnicolai/LEM_GDML_upgrade/build_f1_j1/CMakeFiles/CMakeTmp'
Building C object CMakeFiles/cmTC_db7b4.dir/CheckFunctionExists.c.o
/cvmfs/sft.cern.ch/lcg/releases/gcc/10.1.0-6f386/x86_64-centos7/bin/gcc   -DCHECK_FUNCTION_EXISTS=XOpenDisplay -o CMakeFiles/cmTC_db7b4.dir/CheckFunctionExists.c.o -c /cvmfs/sft.cern.ch/lcg/releases/CMake/3.18.4-2ffec/x86_64-centos7-gcc10-opt/share/cmake-3.18/Modules/CheckFunctionExists.c
Linking C executable cmTC_db7b4
/cvmfs/sft.cern.ch/lcg/releases/CMake/3.18.4-2ffec/x86_64-centos7-gcc10-opt/bin/cmake -E cmake_link_script CMakeFiles/cmTC_db7b4.dir/link.txt --verbose=1
/cvmfs/sft.cern.ch/lcg/releases/gcc/10.1.0-6f386/x86_64-centos7/bin/gcc  -DCHECK_FUNCTION_EXISTS=XOpenDisplay CMakeFiles/cmTC_db7b4.dir/CheckFunctionExists.c.o -o cmTC_db7b4  /usr/lib64/libX11.so /usr/lib64/libXext.so 
gmake[1]: Leaving directory `/.autofs/data1/home/rnicolai/LEM_GDML_upgrade/build_f1_j1/CMakeFiles/CMakeTmp'



Determining if the function gethostbyname exists passed with the following output:
Change Dir: /data1/home/rnicolai/LEM_GDML_upgrade/build_f1_j1/CMakeFiles/CMakeTmp

Run Build Command(s):/usr/bin/gmake cmTC_2c9fb/fast && /usr/bin/gmake  -f CMakeFiles/cmTC_2c9fb.dir/build.make CMakeFiles/cmTC_2c9fb.dir/build
gmake[1]: Entering directory `/.autofs/data1/home/rnicolai/LEM_GDML_upgrade/build_f1_j1/CMakeFiles/CMakeTmp'
Building C object CMakeFiles/cmTC_2c9fb.dir/CheckFunctionExists.c.o
/cvmfs/sft.cern.ch/lcg/releases/gcc/10.1.0-6f386/x86_64-centos7/bin/gcc   -DCHECK_FUNCTION_EXISTS=gethostbyname -o CMakeFiles/cmTC_2c9fb.dir/CheckFunctionExists.c.o -c /cvmfs/sft.cern.ch/lcg/releases/CMake/3.18.4-2ffec/x86_64-centos7-gcc10-opt/share/cmake-3.18/Modules/CheckFunctionExists.c
Linking C executable cmTC_2c9fb
/cvmfs/sft.cern.ch/lcg/releases/CMake/3.18.4-2ffec/x86_64-centos7-gcc10-opt/bin/cmake -E cmake_link_script CMakeFiles/cmTC_2c9fb.dir/link.txt --verbose=1
/cvmfs/sft.cern.ch/lcg/releases/gcc/10.1.0-6f386/x86_64-centos7/bin/gcc  -DCHECK_FUNCTION_EXISTS=gethostbyname CMakeFiles/cmTC_2c9fb.dir/CheckFunctionExists.c.o -o cmTC_2c9fb 
gmake[1]: Leaving directory `/.autofs/data1/home/rnicolai/LEM_GDML_upgrade/build_f1_j1/CMakeFiles/CMakeTmp'



Determining if the function connect exists passed with the following output:
Change Dir: /data1/home/rnicolai/LEM_GDML_upgrade/build_f1_j1/CMakeFiles/CMakeTmp

Run Build Command(s):/usr/bin/gmake cmTC_12c80/fast && /usr/bin/gmake  -f CMakeFiles/cmTC_12c80.dir/build.make CMakeFiles/cmTC_12c80.dir/build
gmake[1]: Entering directory `/.autofs/data1/home/rnicolai/LEM_GDML_upgrade/build_f1_j1/CMakeFiles/CMakeTmp'
Building C object CMakeFiles/cmTC_12c80.dir/CheckFunctionExists.c.o
/cvmfs/sft.cern.ch/lcg/releases/gcc/10.1.0-6f386/x86_64-centos7/bin/gcc   -DCHECK_FUNCTION_EXISTS=connect -o CMakeFiles/cmTC_12c80.dir/CheckFunctionExists.c.o -c /cvmfs/sft.cern.ch/lcg/releases/CMake/3.18.4-2ffec/x86_64-centos7-gcc10-opt/share/cmake-3.18/Modules/CheckFunctionExists.c
Linking C executable cmTC_12c80
/cvmfs/sft.cern.ch/lcg/releases/CMake/3.18.4-2ffec/x86_64-centos7-gcc10-opt/bin/cmake -E cmake_link_script CMakeFiles/cmTC_12c80.dir/link.txt --verbose=1
/cvmfs/sft.cern.ch/lcg/releases/gcc/10.1.0-6f386/x86_64-centos7/bin/gcc  -DCHECK_FUNCTION_EXISTS=connect CMakeFiles/cmTC_12c80.dir/CheckFunctionExists.c.o -o cmTC_12c80 
gmake[1]: Leaving directory `/.autofs/data1/home/rnicolai/LEM_GDML_upgrade/build_f1_j1/CMakeFiles/CMakeTmp'



Determining if the function remove exists passed with the following output:
Change Dir: /data1/home/rnicolai/LEM_GDML_upgrade/build_f1_j1/CMakeFiles/CMakeTmp

Run Build Command(s):/usr/bin/gmake cmTC_b2bac/fast && /usr/bin/gmake  -f CMakeFiles/cmTC_b2bac.dir/build.make CMakeFiles/cmTC_b2bac.dir/build
gmake[1]: Entering directory `/.autofs/data1/home/rnicolai/LEM_GDML_upgrade/build_f1_j1/CMakeFiles/CMakeTmp'
Building C object CMakeFiles/cmTC_b2bac.dir/CheckFunctionExists.c.o
/cvmfs/sft.cern.ch/lcg/releases/gcc/10.1.0-6f386/x86_64-centos7/bin/gcc   -DCHECK_FUNCTION_EXISTS=remove -o CMakeFiles/cmTC_b2bac.dir/CheckFunctionExists.c.o -c /cvmfs/sft.cern.ch/lcg/releases/CMake/3.18.4-2ffec/x86_64-centos7-gcc10-opt/share/cmake-3.18/Modules/CheckFunctionExists.c
Linking C executable cmTC_b2bac
/cvmfs/sft.cern.ch/lcg/releases/CMake/3.18.4-2ffec/x86_64-centos7-gcc10-opt/bin/cmake -E cmake_link_script CMakeFiles/cmTC_b2bac.dir/link.txt --verbose=1
/cvmfs/sft.cern.ch/lcg/releases/gcc/10.1.0-6f386/x86_64-centos7/bin/gcc  -DCHECK_FUNCTION_EXISTS=remove CMakeFiles/cmTC_b2bac.dir/CheckFunctionExists.c.o -o cmTC_b2bac 
gmake[1]: Leaving directory `/.autofs/data1/home/rnicolai/LEM_GDML_upgrade/build_f1_j1/CMakeFiles/CMakeTmp'



Determining if the function shmat exists passed with the following output:
Change Dir: /data1/home/rnicolai/LEM_GDML_upgrade/build_f1_j1/CMakeFiles/CMakeTmp

Run Build Command(s):/usr/bin/gmake cmTC_750f3/fast && /usr/bin/gmake  -f CMakeFiles/cmTC_750f3.dir/build.make CMakeFiles/cmTC_750f3.dir/build
gmake[1]: Entering directory `/.autofs/data1/home/rnicolai/LEM_GDML_upgrade/build_f1_j1/CMakeFiles/CMakeTmp'
Building C object CMakeFiles/cmTC_750f3.dir/CheckFunctionExists.c.o
/cvmfs/sft.cern.ch/lcg/releases/gcc/10.1.0-6f386/x86_64-centos7/bin/gcc   -DCHECK_FUNCTION_EXISTS=shmat -o CMakeFiles/cmTC_750f3.dir/CheckFunctionExists.c.o -c /cvmfs/sft.cern.ch/lcg/releases/CMake/3.18.4-2ffec/x86_64-centos7-gcc10-opt/share/cmake-3.18/Modules/CheckFunctionExists.c
Linking C executable cmTC_750f3
/cvmfs/sft.cern.ch/lcg/releases/CMake/3.18.4-2ffec/x86_64-centos7-gcc10-opt/bin/cmake -E cmake_link_script CMakeFiles/cmTC_750f3.dir/link.txt --verbose=1
/cvmfs/sft.cern.ch/lcg/releases/gcc/10.1.0-6f386/x86_64-centos7/bin/gcc  -DCHECK_FUNCTION_EXISTS=shmat CMakeFiles/cmTC_750f3.dir/CheckFunctionExists.c.o -o cmTC_750f3 
gmake[1]: Leaving directory `/.autofs/data1/home/rnicolai/LEM_GDML_upgrade/build_f1_j1/CMakeFiles/CMakeTmp'



Determining if the function IceConnectionNumber exists in the ICE passed with the following output:
Change Dir: /data1/home/rnicolai/LEM_GDML_upgrade/build_f1_j1/CMakeFiles/CMakeTmp

Run Build Command(s):/usr/bin/gmake cmTC_a2b4e/fast && /usr/bin/gmake  -f CMakeFiles/cmTC_a2b4e.dir/build.make CMakeFiles/cmTC_a2b4e.dir/build
gmake[1]: Entering directory `/.autofs/data1/home/rnicolai/LEM_GDML_upgrade/build_f1_j1/CMakeFiles/CMakeTmp'
Building C object CMakeFiles/cmTC_a2b4e.dir/CheckFunctionExists.c.o
/cvmfs/sft.cern.ch/lcg/releases/gcc/10.1.0-6f386/x86_64-centos7/bin/gcc   -DCHECK_FUNCTION_EXISTS=IceConnectionNumber -o CMakeFiles/cmTC_a2b4e.dir/CheckFunctionExists.c.o -c /cvmfs/sft.cern.ch/lcg/releases/CMake/3.18.4-2ffec/x86_64-centos7-gcc10-opt/share/cmake-3.18/Modules/CheckFunctionExists.c
Linking C executable cmTC_a2b4e
/cvmfs/sft.cern.ch/lcg/releases/CMake/3.18.4-2ffec/x86_64-centos7-gcc10-opt/bin/cmake -E cmake_link_script CMakeFiles/cmTC_a2b4e.dir/link.txt --verbose=1
/cvmfs/sft.cern.ch/lcg/releases/gcc/10.1.0-6f386/x86_64-centos7/bin/gcc  -DCHECK_FUNCTION_EXISTS=IceConnectionNumber CMakeFiles/cmTC_a2b4e.dir/CheckFunctionExists.c.o -o cmTC_a2b4e  -lICE 
gmake[1]: Leaving directory `/.autofs/data1/home/rnicolai/LEM_GDML_upgrade/build_f1_j1/CMakeFiles/CMakeTmp'



