000 (9203.000.000) 2023-08-23 14:15:42 Job submitted from host: <90.147.8.111:9618?addrs=90.147.8.111-9618&alias=ams&noUDP&sock=schedd_3306931_2f8d>
...
040 (9203.000.000) 2023-08-23 14:19:44 Started transferring input files
	Transferring to host: <192.168.100.3:9618?addrs=192.168.100.3-9618&alias=node03&noUDP&sock=slot45_56810_88bf_3677>
...
040 (9203.000.000) 2023-08-23 14:19:44 Finished transferring input files
...
001 (9203.000.000) 2023-08-23 14:19:45 Job executing on host: <192.168.100.3:9618?addrs=192.168.100.3-9618&alias=node03&noUDP&sock=startd_56773_2261>
	SlotName: slot45@node03
...
006 (9203.000.000) 2023-08-23 14:19:54 Image size of job updated: 422188
	54  -  MemoryUsage of job (MB)
	55004  -  ResidentSetSize of job (KB)
...
006 (9203.000.000) 2023-08-23 14:23:09 Image size of job updated: 464096
	54  -  MemoryUsage of job (MB)
	55040  -  ResidentSetSize of job (KB)
...
005 (9203.000.000) 2023-08-23 14:23:09 Job terminated.
	(1) Normal termination (return value 0)
		Usr 0 00:03:21, Sys 0 00:00:00  -  Run Remote Usage
		Usr 0 00:00:00, Sys 0 00:00:00  -  Run Local Usage
		Usr 0 00:03:21, Sys 0 00:00:00  -  Total Remote Usage
		Usr 0 00:00:00, Sys 0 00:00:00  -  Total Local Usage
	0  -  Run Bytes Sent By Job
	482  -  Run Bytes Received By Job
	0  -  Total Bytes Sent By Job
	482  -  Total Bytes Received By Job
	Partitionable Resources :    Usage  Request Allocated 
	   Cpus                 :     1.00        1         1 
	   Disk (KB)            :    20           1   4077838 
	   Memory (MB)          :    54           1      2000 

	Job terminated of its own accord at 2023-08-23T12:23:09Z with exit-code 0.
...
