000 (9202.000.000) 2023-08-23 14:15:42 Job submitted from host: <90.147.8.111:9618?addrs=90.147.8.111-9618&alias=ams&noUDP&sock=schedd_3306931_2f8d>
...
040 (9202.000.000) 2023-08-23 14:19:45 Started transferring input files
	Transferring to host: <192.168.100.3:9618?addrs=192.168.100.3-9618&alias=node03&noUDP&sock=slot21_56810_88bf_3682>
...
040 (9202.000.000) 2023-08-23 14:19:45 Finished transferring input files
...
001 (9202.000.000) 2023-08-23 14:19:47 Job executing on host: <192.168.100.3:9618?addrs=192.168.100.3-9618&alias=node03&noUDP&sock=startd_56773_2261>
	SlotName: slot21@node03
...
006 (9202.000.000) 2023-08-23 14:19:55 Image size of job updated: 341476
	34  -  MemoryUsage of job (MB)
	34508  -  ResidentSetSize of job (KB)
...
006 (9202.000.000) 2023-08-23 14:23:17 Image size of job updated: 464096
	34  -  MemoryUsage of job (MB)
	34540  -  ResidentSetSize of job (KB)
...
005 (9202.000.000) 2023-08-23 14:23:17 Job terminated.
	(1) Normal termination (return value 0)
		Usr 0 00:03:27, Sys 0 00:00:00  -  Run Remote Usage
		Usr 0 00:00:00, Sys 0 00:00:00  -  Run Local Usage
		Usr 0 00:03:27, Sys 0 00:00:00  -  Total Remote Usage
		Usr 0 00:00:00, Sys 0 00:00:00  -  Total Local Usage
	0  -  Run Bytes Sent By Job
	482  -  Run Bytes Received By Job
	0  -  Total Bytes Sent By Job
	482  -  Total Bytes Received By Job
	Partitionable Resources :    Usage  Request Allocated 
	   Cpus                 :     1.00        1         1 
	   Disk (KB)            :    20           1   4077838 
	   Memory (MB)          :    34           1      2000 

	Job terminated of its own accord at 2023-08-23T12:23:17Z with exit-code 0.
...
