000 (9083.000.000) 2023-08-23 14:15:35 Job submitted from host: <90.147.8.111:9618?addrs=90.147.8.111-9618&alias=ams&noUDP&sock=schedd_3306931_2f8d>
...
040 (9083.000.000) 2023-08-23 14:15:35 Started transferring input files
	Transferring to host: <192.168.100.3:9618?addrs=192.168.100.3-9618&alias=node03&noUDP&sock=slot1_56810_88bf_3621>
...
040 (9083.000.000) 2023-08-23 14:15:36 Finished transferring input files
...
001 (9083.000.000) 2023-08-23 14:15:36 Job executing on host: <192.168.100.3:9618?addrs=192.168.100.3-9618&alias=node03&noUDP&sock=startd_56773_2261>
	SlotName: slot1@node03
...
000 (9221.000.000) 2023-08-23 14:15:43 Job submitted from host: <90.147.8.111:9618?addrs=90.147.8.111-9618&alias=ams&noUDP&sock=schedd_3306931_2f8d>
...
006 (9083.000.000) 2023-08-23 14:15:45 Image size of job updated: 44
	1  -  MemoryUsage of job (MB)
	44  -  ResidentSetSize of job (KB)
...
040 (9221.000.000) 2023-08-23 14:15:56 Started transferring input files
	Transferring to host: <192.168.100.3:9618?addrs=192.168.100.3-9618&alias=node03&noUDP&sock=slot2_56810_88bf_3622>
...
040 (9221.000.000) 2023-08-23 14:15:56 Finished transferring input files
...
001 (9221.000.000) 2023-08-23 14:15:59 Job executing on host: <192.168.100.3:9618?addrs=192.168.100.3-9618&alias=node03&noUDP&sock=startd_56773_2261>
	SlotName: slot2@node03
...
006 (9221.000.000) 2023-08-23 14:16:08 Image size of job updated: 467252
	44  -  MemoryUsage of job (MB)
	44124  -  ResidentSetSize of job (KB)
...
006 (9083.000.000) 2023-08-23 14:20:45 Image size of job updated: 635452
	75  -  MemoryUsage of job (MB)
	76584  -  ResidentSetSize of job (KB)
...
006 (9221.000.000) 2023-08-23 14:21:09 Image size of job updated: 635512
	78  -  MemoryUsage of job (MB)
	78920  -  ResidentSetSize of job (KB)
...
005 (9221.000.000) 2023-08-23 14:22:35 Job terminated.
	(1) Normal termination (return value 0)
		Usr 0 00:02:00, Sys 0 00:01:39  -  Run Remote Usage
		Usr 0 00:00:00, Sys 0 00:00:00  -  Run Local Usage
		Usr 0 00:02:00, Sys 0 00:01:39  -  Total Remote Usage
		Usr 0 00:00:00, Sys 0 00:00:00  -  Total Local Usage
	0  -  Run Bytes Sent By Job
	278  -  Run Bytes Received By Job
	0  -  Total Bytes Sent By Job
	278  -  Total Bytes Received By Job
	Partitionable Resources :    Usage  Request Allocated 
	   Cpus                 :     0.62        1         1 
	   Disk (KB)            :    20           1   4077838 
	   Memory (MB)          :    78           1      2000 

	Job terminated of its own accord at 2023-08-23T12:22:34Z with exit-code 0.
...
005 (9083.000.000) 2023-08-23 14:22:41 Job terminated.
	(1) Normal termination (return value 0)
		Usr 0 00:01:06, Sys 0 00:00:51  -  Run Remote Usage
		Usr 0 00:00:00, Sys 0 00:00:00  -  Run Local Usage
		Usr 0 00:01:06, Sys 0 00:00:51  -  Total Remote Usage
		Usr 0 00:00:00, Sys 0 00:00:00  -  Total Local Usage
	0  -  Run Bytes Sent By Job
	278  -  Run Bytes Received By Job
	0  -  Total Bytes Sent By Job
	278  -  Total Bytes Received By Job
	Partitionable Resources :    Usage  Request Allocated 
	   Cpus                 :     0.63        1         1 
	   Disk (KB)            :    20           1   4077838 
	   Memory (MB)          :    75           1      2000 

	Job terminated of its own accord at 2023-08-23T12:22:41Z with exit-code 0.
...
