000 (9209.000.000) 2023-08-23 14:15:42 Job submitted from host: <90.147.8.111:9618?addrs=90.147.8.111-9618&alias=ams&noUDP&sock=schedd_3306931_2f8d>
...
040 (9209.000.000) 2023-08-23 14:19:46 Started transferring input files
	Transferring to host: <192.168.100.3:9618?addrs=192.168.100.3-9618&alias=node03&noUDP&sock=slot15_56810_88bf_3684>
...
040 (9209.000.000) 2023-08-23 14:19:46 Finished transferring input files
...
001 (9209.000.000) 2023-08-23 14:19:47 Job executing on host: <192.168.100.3:9618?addrs=192.168.100.3-9618&alias=node03&noUDP&sock=startd_56773_2261>
	SlotName: slot15@node03
...
006 (9209.000.000) 2023-08-23 14:19:55 Image size of job updated: 341284
	34  -  MemoryUsage of job (MB)
	34172  -  ResidentSetSize of job (KB)
...
006 (9209.000.000) 2023-08-23 14:22:29 Image size of job updated: 464520
	34  -  MemoryUsage of job (MB)
	34212  -  ResidentSetSize of job (KB)
...
005 (9209.000.000) 2023-08-23 14:22:29 Job terminated.
	(1) Normal termination (return value 0)
		Usr 0 00:02:39, Sys 0 00:00:00  -  Run Remote Usage
		Usr 0 00:00:00, Sys 0 00:00:00  -  Run Local Usage
		Usr 0 00:02:39, Sys 0 00:00:00  -  Total Remote Usage
		Usr 0 00:00:00, Sys 0 00:00:00  -  Total Local Usage
	0  -  Run Bytes Sent By Job
	467  -  Run Bytes Received By Job
	0  -  Total Bytes Sent By Job
	467  -  Total Bytes Received By Job
	Partitionable Resources :    Usage  Request Allocated 
	   Cpus                 :     0.99        1         1 
	   Disk (KB)            :    20           1   4077838 
	   Memory (MB)          :    34           1      2000 

	Job terminated of its own accord at 2023-08-23T12:22:29Z with exit-code 0.
...
