000 (9110.000.000) 2023-08-23 14:15:38 Job submitted from host: <90.147.8.111:9618?addrs=90.147.8.111-9618&alias=ams&noUDP&sock=schedd_3306931_2f8d>
...
040 (9110.000.000) 2023-08-23 14:15:56 Started transferring input files
	Transferring to host: <192.168.100.3:9618?addrs=192.168.100.3-9618&alias=node03&noUDP&sock=slot29_56810_88bf_3624>
...
040 (9110.000.000) 2023-08-23 14:15:56 Finished transferring input files
...
001 (9110.000.000) 2023-08-23 14:15:59 Job executing on host: <192.168.100.3:9618?addrs=192.168.100.3-9618&alias=node03&noUDP&sock=startd_56773_2261>
	SlotName: slot29@node03
...
006 (9110.000.000) 2023-08-23 14:16:08 Image size of job updated: 460948
	62  -  MemoryUsage of job (MB)
	62712  -  ResidentSetSize of job (KB)
...
006 (9110.000.000) 2023-08-23 14:20:48 Image size of job updated: 464096
	62  -  MemoryUsage of job (MB)
	62712  -  ResidentSetSize of job (KB)
...
005 (9110.000.000) 2023-08-23 14:20:48 Job terminated.
	(1) Normal termination (return value 0)
		Usr 0 00:04:44, Sys 0 00:00:01  -  Run Remote Usage
		Usr 0 00:00:00, Sys 0 00:00:00  -  Run Local Usage
		Usr 0 00:04:44, Sys 0 00:00:01  -  Total Remote Usage
		Usr 0 00:00:00, Sys 0 00:00:00  -  Total Local Usage
	0  -  Run Bytes Sent By Job
	482  -  Run Bytes Received By Job
	0  -  Total Bytes Sent By Job
	482  -  Total Bytes Received By Job
	Partitionable Resources :    Usage  Request Allocated 
	   Cpus                 :     0.99        1         1 
	   Disk (KB)            :    20           1   4077838 
	   Memory (MB)          :    62           1      2000 

	Job terminated of its own accord at 2023-08-23T12:20:48Z with exit-code 0.
...
