000 (9120.000.000) 2023-08-23 14:15:38 Job submitted from host: <90.147.8.111:9618?addrs=90.147.8.111-9618&alias=ams&noUDP&sock=schedd_3306931_2f8d>
...
040 (9120.000.000) 2023-08-23 14:15:58 Started transferring input files
	Transferring to host: <192.168.100.3:9618?addrs=192.168.100.3-9618&alias=node03&noUDP&sock=slot39_56810_88bf_3659>
...
040 (9120.000.000) 2023-08-23 14:15:58 Finished transferring input files
...
001 (9120.000.000) 2023-08-23 14:16:00 Job executing on host: <192.168.100.3:9618?addrs=192.168.100.3-9618&alias=node03&noUDP&sock=startd_56773_2261>
	SlotName: slot39@node03
...
006 (9120.000.000) 2023-08-23 14:16:09 Image size of job updated: 422188
	23  -  MemoryUsage of job (MB)
	22568  -  ResidentSetSize of job (KB)
...
006 (9120.000.000) 2023-08-23 14:19:46 Image size of job updated: 464520
	23  -  MemoryUsage of job (MB)
	22568  -  ResidentSetSize of job (KB)
...
005 (9120.000.000) 2023-08-23 14:19:46 Job terminated.
	(1) Normal termination (return value 0)
		Usr 0 00:03:40, Sys 0 00:00:00  -  Run Remote Usage
		Usr 0 00:00:00, Sys 0 00:00:00  -  Run Local Usage
		Usr 0 00:03:40, Sys 0 00:00:00  -  Total Remote Usage
		Usr 0 00:00:00, Sys 0 00:00:00  -  Total Local Usage
	0  -  Run Bytes Sent By Job
	467  -  Run Bytes Received By Job
	0  -  Total Bytes Sent By Job
	467  -  Total Bytes Received By Job
	Partitionable Resources :    Usage  Request Allocated 
	   Cpus                 :     0.99        1         1 
	   Disk (KB)            :    20           1   4077838 
	   Memory (MB)          :    23           1      2000 

	Job terminated of its own accord at 2023-08-23T12:19:46Z with exit-code 0.
...
