000 (9151.000.000) 2023-08-23 14:15:40 Job submitted from host: <90.147.8.111:9618?addrs=90.147.8.111-9618&alias=ams&noUDP&sock=schedd_3306931_2f8d>
...
040 (9151.000.000) 2023-08-23 14:15:59 Started transferring input files
	Transferring to host: <192.168.100.101:9618?addrs=192.168.100.101-9618&alias=node02&noUDP&sock=slot22_102123_a452_3147>
...
040 (9151.000.000) 2023-08-23 14:15:59 Finished transferring input files
...
001 (9151.000.000) 2023-08-23 14:16:03 Job executing on host: <192.168.100.101:9618?addrs=192.168.100.101-9618&alias=node02&noUDP&sock=startd_102084_b624>
	SlotName: slot22@node02
	CondorScratchDir = "/home/spool/lib/condor/execute/dir_130852"
	Cpus = 1
	Disk = 1873362
	Memory = 2006
...
006 (9151.000.000) 2023-08-23 14:16:12 Image size of job updated: 1
	0  -  MemoryUsage of job (MB)
	0  -  ResidentSetSize of job (KB)
...
006 (9151.000.000) 2023-08-23 14:21:01 Image size of job updated: 116544
	44  -  MemoryUsage of job (MB)
	44512  -  ResidentSetSize of job (KB)
...
005 (9151.000.000) 2023-08-23 14:21:01 Job terminated.
	(1) Normal termination (return value 0)
		Usr 0 00:00:00, Sys 0 00:00:00  -  Run Remote Usage
		Usr 0 00:00:00, Sys 0 00:00:00  -  Run Local Usage
		Usr 0 00:00:00, Sys 0 00:00:00  -  Total Remote Usage
		Usr 0 00:00:00, Sys 0 00:00:00  -  Total Local Usage
	0  -  Run Bytes Sent By Job
	480  -  Run Bytes Received By Job
	0  -  Total Bytes Sent By Job
	480  -  Total Bytes Received By Job
	Partitionable Resources :    Usage  Request Allocated 
	   Cpus                 :     0.00        1         1 
	   Disk (KB)            :    20           1   1873362 
	   Memory (MB)          :    44           1      2006 

	Job terminated of its own accord at 2023-08-23T12:21:01Z with exit-code 0.
...
