
Usage: gdml_det <intput_gdml_file:mandatory>

Output text folder set to: /data1/home/rnicolai/LEM_GDML_upgrade/OUT/Output_Geant4Simulation_20230823/Text_output/GDML_file_1/OutText_f1_j48
Output monitoring folder set to: /data1/home/rnicolai/LEM_GDML_upgrade/OUT/Output_Geant4Simulation_20230823/Progress_monitoring
Job number set to: 48
Update frequency set to: 10000
G4GDML: Reading '/data1/home/rnicolai/LEM_GDML_upgrade/OUT/Output_Geant4Simulation_20230823/GDML_src/LEM_VetoChannel-worldVOL_Parsed.gdml'...
G4GDML: VALIDATION ERROR! element 'materials' is not allowed for content model '(define,materials,solids,structure,userinfo?,setup+)' at line: 27943
G4GDML: VALIDATION ERROR! ID attribute 'G4_PLASTIC_SC_VINYLTOLUENE' is referenced but was never declared at line: 27943
G4GDML: VALIDATION ERROR! ID attribute 'G4_BAKELITE' is referenced but was never declared at line: 27943
G4GDML: VALIDATION ERROR! ID attribute 'G4_Galactic' is referenced but was never declared at line: 27943
G4GDML: VALIDATION ERROR! ID attribute 'G4_Al' is referenced but was never declared at line: 27943
G4GDML: VALIDATION ERROR! ID attribute 'G4_Si' is referenced but was never declared at line: 27943
G4GDML: Reading definitions...
G4GDML: Reading materials...
G4GDML: Reading materials...
G4GDML: Reading solids...
G4GDML: Reading structure...
G4GDML: Reading setup...
G4GDML: Reading '/data1/home/rnicolai/LEM_GDML_upgrade/OUT/Output_Geant4Simulation_20230823/GDML_src/LEM_VetoChannel-worldVOL_Parsed.gdml' done!
Stripping off GDML names of materials, solids and volumes ...


          ################################
          !!! G4Backtrace is activated !!!
          ################################


**************************************************************
 Geant4 version Name: geant4-11-00-patch-03 [MT]   (16-September-2022)
  << in Multi-threaded mode >> 
                       Copyright : Geant4 Collaboration
                      References : NIM A 506 (2003), 250-303
                                 : IEEE-TNS 53 (2006), 270-278
                                 : NIM A 835 (2016), 186-225
                             WWW : http://geant4.org/
**************************************************************

<<< Geant4 Physics List simulation engine: FTFP_BERT

Found 46 volume(s) with auxiliary information.

Volume LV_AlBottom has the following list of auxiliary information: 
Computing random points on LV_AlBottom
	Type: Color Value: #7f7f7f99
	Type: SensDet Value: Calorimeter
Volume LV_SiliconDetector_Thin_0 has the following list of auxiliary information: 
Computing random points on LV_SiliconDetector_Thin_0
	Type: Color Value: #ffffffff
	Type: SensDet Value: Calorimeter
Volume LV_BakeliteBoardBottom has the following list of auxiliary information: 
Computing random points on LV_BakeliteBoardBottom
	Type: Color Value: #33ff33cc
	Type: SensDet Value: Calorimeter
Volume LV_BakeliteBoardCalo has the following list of auxiliary information: 
Computing random points on LV_BakeliteBoardCalo
	Type: Color Value: #3333ffff
	Type: SensDet Value: Calorimeter
Volume LV_SiliconDetector_Thin_2 has the following list of auxiliary information: 
Computing random points on LV_SiliconDetector_Thin_2
	Type: Color Value: #ffffffff
	Type: SensDet Value: Calorimeter
Volume LV_Calo has the following list of auxiliary information: 
Computing random points on LV_Calo
	Type: Color Value: #3333ffff
	Type: SensDet Value: Calorimeter
Volume LV_PlasticVetoTop has the following list of auxiliary information: 
Computing random points on LV_PlasticVetoTop
	Type: Color Value: #ffcc99b2
	Type: SensDet Value: Calorimeter
Volume LV_AlFrame_Thin_1 has the following list of auxiliary information: 
Computing random points on LV_AlFrame_Thin_1
	Type: Color Value: #00ffffb2
	Type: SensDet Value: Calorimeter
Volume LV_AlFrame_Thin_2 has the following list of auxiliary information: 
Computing random points on LV_AlFrame_Thin_2
	Type: Color Value: #00ffffb2
	Type: SensDet Value: Calorimeter
Volume LV_SiliconDetector_Thin_1 has the following list of auxiliary information: 
Computing random points on LV_SiliconDetector_Thin_1
	Type: Color Value: #ffffffff
	Type: SensDet Value: Calorimeter
Volume LV_SiliconDetector_Thin_3 has the following list of auxiliary information: 
Computing random points on LV_SiliconDetector_Thin_3
	Type: Color Value: #ffffffff
	Type: SensDet Value: Calorimeter
Volume LV_AlFrame_Thick_4 has the following list of auxiliary information: 
Computing random points on LV_AlFrame_Thick_4
	Type: Color Value: #00ffffb2
	Type: SensDet Value: Calorimeter
Volume LV_AlFrame_Thick_2 has the following list of auxiliary information: 
Computing random points on LV_AlFrame_Thick_2
	Type: Color Value: #00ffffb2
	Type: SensDet Value: Calorimeter
Volume LV_AlFrame_Thick_1 has the following list of auxiliary information: 
Computing random points on LV_AlFrame_Thick_1
	Type: Color Value: #00ffffb2
	Type: SensDet Value: Calorimeter
Volume LV_SiliconDetector_Thick_2 has the following list of auxiliary information: 
Computing random points on LV_SiliconDetector_Thick_2
	Type: Color Value: #ffffffff
	Type: SensDet Value: Calorimeter
Volume LV_BakeliteCable_Thick_3 has the following list of auxiliary information: 
Computing random points on LV_BakeliteCable_Thick_3
	Type: Color Value: #33ff33cc
	Type: SensDet Value: Calorimeter
Volume LV_BakeliteCable_Thick_0 has the following list of auxiliary information: 
Computing random points on LV_BakeliteCable_Thick_0
	Type: Color Value: #33ff33cc
	Type: SensDet Value: Calorimeter
Volume LV_SiliconDetector_Thick_4 has the following list of auxiliary information: 
Computing random points on LV_SiliconDetector_Thick_4
	Type: Color Value: #ffffffff
	Type: SensDet Value: Calorimeter
Volume LV_AlScrew_Thick_2 has the following list of auxiliary information: 
Computing random points on LV_AlScrew_Thick_2
	Type: Color Value: #ffff00ff
	Type: SensDet Value: Calorimeter
Volume LV_SiliconDetector_Thick_1 has the following list of auxiliary information: 
Computing random points on LV_SiliconDetector_Thick_1
	Type: Color Value: #ffffffff
	Type: SensDet Value: Calorimeter
Volume LV_AlScrew_Thick_1 has the following list of auxiliary information: 
Computing random points on LV_AlScrew_Thick_1
	Type: Color Value: #ffff00ff
	Type: SensDet Value: Calorimeter
Volume LV_AlScrew_Thick_4 has the following list of auxiliary information: 
Computing random points on LV_AlScrew_Thick_4
	Type: Color Value: #ffff00ff
	Type: SensDet Value: Calorimeter
Volume LV_SiliconDetector_Thick_0 has the following list of auxiliary information: 
Computing random points on LV_SiliconDetector_Thick_0
	Type: Color Value: #ffffffff
	Type: SensDet Value: Calorimeter
Volume LV_BakeliteCable_Thick_4 has the following list of auxiliary information: 
Computing random points on LV_BakeliteCable_Thick_4
	Type: Color Value: #33ff33cc
	Type: SensDet Value: Calorimeter
Volume LV_BakeliteCable_Thick_1 has the following list of auxiliary information: 
Computing random points on LV_BakeliteCable_Thick_1
	Type: Color Value: #33ff33cc
	Type: SensDet Value: Calorimeter
Volume LV_AlCoverLower has the following list of auxiliary information: 
Computing random points on LV_AlCoverLower
	Type: Color Value: #ff00ffb2
	Type: SensDet Value: Calorimeter
Volume LV_BakeliteCable_Thick_2 has the following list of auxiliary information: 
Computing random points on LV_BakeliteCable_Thick_2
	Type: Color Value: #33ff33cc
	Type: SensDet Value: Calorimeter
Volume LV_AlFrame_Thick_0 has the following list of auxiliary information: 
Computing random points on LV_AlFrame_Thick_0
	Type: Color Value: #00ffffb2
	Type: SensDet Value: Calorimeter
Volume LV_AlScrew_Thick_3 has the following list of auxiliary information: 
Computing random points on LV_AlScrew_Thick_3
	Type: Color Value: #ffff00ff
	Type: SensDet Value: Calorimeter
Volume LV_AlScrew_Thick_0 has the following list of auxiliary information: 
Computing random points on LV_AlScrew_Thick_0
	Type: Color Value: #ffff00ff
	Type: SensDet Value: Calorimeter
Volume LV_SiliconDetector_Thick_3 has the following list of auxiliary information: 
Computing random points on LV_SiliconDetector_Thick_3
	Type: Color Value: #ffffffff
	Type: SensDet Value: Calorimeter
Volume LV_AlFrame_Thin_3 has the following list of auxiliary information: 
Computing random points on LV_AlFrame_Thin_3
	Type: Color Value: #00ffffb2
	Type: SensDet Value: Calorimeter
Volume LV_AlScrew has the following list of auxiliary information: 
Computing random points on LV_AlScrew
	Type: Color Value: #ffff00ff
	Type: SensDet Value: Calorimeter
Volume LV_AlTop has the following list of auxiliary information: 
Computing random points on LV_AlTop
	Type: Color Value: #7f7f7f99
	Type: SensDet Value: Calorimeter
Volume LV_AlScrew_3 has the following list of auxiliary information: 
Computing random points on LV_AlScrew_3
	Type: Color Value: #ffff00ff
	Type: SensDet Value: Calorimeter
Volume LV_AlScrew_1 has the following list of auxiliary information: 
Computing random points on LV_AlScrew_1
	Type: Color Value: #ffff00ff
	Type: SensDet Value: Calorimeter
Volume LV_BakeliteBoardMiddleUpper has the following list of auxiliary information: 
Computing random points on LV_BakeliteBoardMiddleUpper
	Type: Color Value: #33ff33cc
	Type: SensDet Value: Calorimeter
Volume LV_BakeliteBoardTop has the following list of auxiliary information: 
Computing random points on LV_BakeliteBoardTop
	Type: Color Value: #33ff33cc
	Type: SensDet Value: Calorimeter
Volume LV_AlScrew_2 has the following list of auxiliary information: 
Computing random points on LV_AlScrew_2
	Type: Color Value: #ffff00ff
	Type: SensDet Value: Calorimeter
Volume LV_AlFrame_Thick_3 has the following list of auxiliary information: 
Computing random points on LV_AlFrame_Thick_3
	Type: Color Value: #00ffffb2
	Type: SensDet Value: Calorimeter
Volume LV_BakeliteBoardMiddleLower has the following list of auxiliary information: 
Computing random points on LV_BakeliteBoardMiddleLower
	Type: Color Value: #33ff33cc
	Type: SensDet Value: Calorimeter
Volume LV_PlasticVetoBottom has the following list of auxiliary information: 
Computing random points on LV_PlasticVetoBottom
	Type: Color Value: #ffcc99b2
	Type: SensDet Value: Calorimeter
Volume LV_AlCoverUpper has the following list of auxiliary information: 
Computing random points on LV_AlCoverUpper
	Type: Color Value: #ff00ffb2
	Type: SensDet Value: Calorimeter
Volume LV_AlFrame_Thin_0 has the following list of auxiliary information: 
Computing random points on LV_AlFrame_Thin_0
	Type: Color Value: #00ffffb2
	Type: SensDet Value: Calorimeter
Volume LV_SiliconDetector_Thin_4 has the following list of auxiliary information: 
Computing random points on LV_SiliconDetector_Thin_4
	Type: Color Value: #ffffffff
	Type: SensDet Value: Calorimeter
Volume LV_AlFrame_Thin_4 has the following list of auxiliary information: 
Computing random points on LV_AlFrame_Thin_4
	Type: Color Value: #00ffffb2
	Type: SensDet Value: Calorimeter

Volume LV_AlBottom has the following list of auxiliary information: 
Attaching sensitive detector Calorimeter to volume LV_AlBottom
Volume LV_SiliconDetector_Thin_0 has the following list of auxiliary information: 
Attaching sensitive detector Calorimeter to volume LV_SiliconDetector_Thin_0
Volume LV_BakeliteBoardBottom has the following list of auxiliary information: 
Attaching sensitive detector Calorimeter to volume LV_BakeliteBoardBottom
Volume LV_BakeliteBoardCalo has the following list of auxiliary information: 
Attaching sensitive detector Calorimeter to volume LV_BakeliteBoardCalo
Volume LV_SiliconDetector_Thin_2 has the following list of auxiliary information: 
Attaching sensitive detector Calorimeter to volume LV_SiliconDetector_Thin_2
Volume LV_Calo has the following list of auxiliary information: 
Attaching sensitive detector Calorimeter to volume LV_Calo
Volume LV_PlasticVetoTop has the following list of auxiliary information: 
Attaching sensitive detector Calorimeter to volume LV_PlasticVetoTop
Volume LV_AlFrame_Thin_1 has the following list of auxiliary information: 
Attaching sensitive detector Calorimeter to volume LV_AlFrame_Thin_1
Volume LV_AlFrame_Thin_2 has the following list of auxiliary information: 
Attaching sensitive detector Calorimeter to volume LV_AlFrame_Thin_2
Volume LV_SiliconDetector_Thin_1 has the following list of auxiliary information: 
Attaching sensitive detector Calorimeter to volume LV_SiliconDetector_Thin_1
Volume LV_SiliconDetector_Thin_3 has the following list of auxiliary information: 
Attaching sensitive detector Calorimeter to volume LV_SiliconDetector_Thin_3
Volume LV_AlFrame_Thick_4 has the following list of auxiliary information: 
Attaching sensitive detector Calorimeter to volume LV_AlFrame_Thick_4
Volume LV_AlFrame_Thick_2 has the following list of auxiliary information: 
Attaching sensitive detector Calorimeter to volume LV_AlFrame_Thick_2
Volume LV_AlFrame_Thick_1 has the following list of auxiliary information: 
Attaching sensitive detector Calorimeter to volume LV_AlFrame_Thick_1
Volume LV_SiliconDetector_Thick_2 has the following list of auxiliary information: 
Attaching sensitive detector Calorimeter to volume LV_SiliconDetector_Thick_2
Volume LV_BakeliteCable_Thick_3 has the following list of auxiliary information: 
Attaching sensitive detector Calorimeter to volume LV_BakeliteCable_Thick_3
Volume LV_BakeliteCable_Thick_0 has the following list of auxiliary information: 
Attaching sensitive detector Calorimeter to volume LV_BakeliteCable_Thick_0
Volume LV_SiliconDetector_Thick_4 has the following list of auxiliary information: 
Attaching sensitive detector Calorimeter to volume LV_SiliconDetector_Thick_4
Volume LV_AlScrew_Thick_2 has the following list of auxiliary information: 
Attaching sensitive detector Calorimeter to volume LV_AlScrew_Thick_2
Volume LV_SiliconDetector_Thick_1 has the following list of auxiliary information: 
Attaching sensitive detector Calorimeter to volume LV_SiliconDetector_Thick_1
Volume LV_AlScrew_Thick_1 has the following list of auxiliary information: 
Attaching sensitive detector Calorimeter to volume LV_AlScrew_Thick_1
Volume LV_AlScrew_Thick_4 has the following list of auxiliary information: 
Attaching sensitive detector Calorimeter to volume LV_AlScrew_Thick_4
Volume LV_SiliconDetector_Thick_0 has the following list of auxiliary information: 
Attaching sensitive detector Calorimeter to volume LV_SiliconDetector_Thick_0
Volume LV_BakeliteCable_Thick_4 has the following list of auxiliary information: 
Attaching sensitive detector Calorimeter to volume LV_BakeliteCable_Thick_4
Volume LV_BakeliteCable_Thick_1 has the following list of auxiliary information: 
Attaching sensitive detector Calorimeter to volume LV_BakeliteCable_Thick_1
Volume LV_AlCoverLower has the following list of auxiliary information: 
Attaching sensitive detector Calorimeter to volume LV_AlCoverLower
Volume LV_BakeliteCable_Thick_2 has the following list of auxiliary information: 
Attaching sensitive detector Calorimeter to volume LV_BakeliteCable_Thick_2
Volume LV_AlFrame_Thick_0 has the following list of auxiliary information: 
Attaching sensitive detector Calorimeter to volume LV_AlFrame_Thick_0
Volume LV_AlScrew_Thick_3 has the following list of auxiliary information: 
Attaching sensitive detector Calorimeter to volume LV_AlScrew_Thick_3
Volume LV_AlScrew_Thick_0 has the following list of auxiliary information: 
Attaching sensitive detector Calorimeter to volume LV_AlScrew_Thick_0
Volume LV_SiliconDetector_Thick_3 has the following list of auxiliary information: 
Attaching sensitive detector Calorimeter to volume LV_SiliconDetector_Thick_3
Volume LV_AlFrame_Thin_3 has the following list of auxiliary information: 
Attaching sensitive detector Calorimeter to volume LV_AlFrame_Thin_3
Volume LV_AlScrew has the following list of auxiliary information: 
Attaching sensitive detector Calorimeter to volume LV_AlScrew
Volume LV_AlTop has the following list of auxiliary information: 
Attaching sensitive detector Calorimeter to volume LV_AlTop
Volume LV_AlScrew_3 has the following list of auxiliary information: 
Attaching sensitive detector Calorimeter to volume LV_AlScrew_3
Volume LV_AlScrew_1 has the following list of auxiliary information: 
Attaching sensitive detector Calorimeter to volume LV_AlScrew_1
Volume LV_BakeliteBoardMiddleUpper has the following list of auxiliary information: 
Attaching sensitive detector Calorimeter to volume LV_BakeliteBoardMiddleUpper
Volume LV_BakeliteBoardTop has the following list of auxiliary information: 
Attaching sensitive detector Calorimeter to volume LV_BakeliteBoardTop
Volume LV_AlScrew_2 has the following list of auxiliary information: 
Attaching sensitive detector Calorimeter to volume LV_AlScrew_2
Volume LV_AlFrame_Thick_3 has the following list of auxiliary information: 
Attaching sensitive detector Calorimeter to volume LV_AlFrame_Thick_3
Volume LV_BakeliteBoardMiddleLower has the following list of auxiliary information: 
Attaching sensitive detector Calorimeter to volume LV_BakeliteBoardMiddleLower
Volume LV_PlasticVetoBottom has the following list of auxiliary information: 
Attaching sensitive detector Calorimeter to volume LV_PlasticVetoBottom
Volume LV_AlCoverUpper has the following list of auxiliary information: 
Attaching sensitive detector Calorimeter to volume LV_AlCoverUpper
Volume LV_AlFrame_Thin_0 has the following list of auxiliary information: 
Attaching sensitive detector Calorimeter to volume LV_AlFrame_Thin_0
Volume LV_SiliconDetector_Thin_4 has the following list of auxiliary information: 
Attaching sensitive detector Calorimeter to volume LV_SiliconDetector_Thin_4
Volume LV_AlFrame_Thin_4 has the following list of auxiliary information: 
Attaching sensitive detector Calorimeter to volume LV_AlFrame_Thin_4

 hInelastic FTFP_BERT : threshold between BERT and FTFP is over the interval 
 for pions :   3 to 6 GeV
 for kaons :   3 to 6 GeV
 for proton :  3 to 6 GeV
 for neutron : 3 to 6 GeV

### Adding tracking cuts for neutron  TimeCut(ns)= 10000  KinEnergyCut(MeV)= 0
=======================================================================
======                 Electromagnetic Physics Parameters      ========
=======================================================================
LPM effect enabled                                 1
Enable creation and use of sampling tables         0
Apply cuts on all EM processes                     0
Use general process                                0
Enable linear polarisation for gamma               0
Enable sampling of quantum entanglement            0
X-section factor for integral approach             0.8
Min kinetic energy for tables                      100 eV 
Max kinetic energy for tables                      100 TeV
Number of bins per decade of a table               7
Verbose level                                      1
Verbose level for worker thread                    0
Bremsstrahlung energy threshold above which 
  primary e+- is added to the list of secondary    100 TeV
Bremsstrahlung energy threshold above which primary
  muon/hadron is added to the list of secondary    100 TeV
Lowest triplet kinetic energy                      1 MeV
Enable sampling of gamma linear polarisation       0
5D gamma conversion model type                     0
5D gamma conversion model on isolated ion          0
Livermore data directory                           livermore
=======================================================================
======                 Ionisation Parameters                   ========
=======================================================================
Step function for e+-                              (0.2, 1 mm)
Step function for muons/hadrons                    (0.2, 0.1 mm)
Step function for light ions                       (0.2, 0.1 mm)
Step function for general ions                     (0.2, 0.1 mm)
Lowest e+e- kinetic energy                         1 keV
Lowest muon/hadron kinetic energy                  1 keV
Fluctuations of dE/dx are enabled                  1
Use ICRU90 data                                    0
Use built-in Birks satuaration                     0
Build CSDA range enabled                           0
Use cut as a final range enabled                   0
Enable angular generator interface                 0
Max kinetic energy for CSDA tables                 1 GeV
Max kinetic energy for NIEL computation            0 eV 
Linear loss limit                                  0.01
Read data from file for e+e- pair production by mu 0
=======================================================================
======                 Multiple Scattering Parameters          ========
=======================================================================
Type of msc step limit algorithm for e+-           1
Type of msc step limit algorithm for muons/hadrons 0
Msc lateral displacement for e+- enabled           1
Msc lateral displacement for muons and hadrons     0
Urban msc model lateral displacement alg96         1
Range factor for msc step limit for e+-            0.04
Range factor for msc step limit for muons/hadrons  0.2
Geometry factor for msc step limitation of e+-     2.5
Safety factor for msc step limit for e+-           0.6
Skin parameter for msc step limitation of e+-      1
Lambda limit for msc step limit for e+-            1 mm
Use Mott correction for e- scattering              0
Factor used for dynamic computation of angular 
  limit between single and multiple scattering     1
Fixed angular limit between single 
  and multiple scattering                          3.1416 rad
Upper energy limit for e+- multiple scattering     100 MeV
Type of electron single scattering model           0
Type of nuclear form-factor                        1
Screening factor                                   1
=======================================================================

phot:  for gamma SubType=12 BuildTable=0
      LambdaPrime table from 200 keV to 100 TeV in 61 bins 
      ===== EM models for the G4Region  DefaultRegionForTheWorld ======
 LivermorePhElectric : Emin=    0 eV  Emax=  100 TeV  SauterGavrila Fluo

compt:  for gamma SubType=13 BuildTable=1
      Lambda table from 100 eV  to 1 MeV, 7 bins/decade, spline: 1
      LambdaPrime table from 1 MeV to 100 TeV in 56 bins 
      ===== EM models for the G4Region  DefaultRegionForTheWorld ======
       Klein-Nishina : Emin=    0 eV  Emax=  100 TeV

conv:  for gamma SubType=14 BuildTable=1
      Lambda table from 1.022 MeV to 100 TeV, 18 bins/decade, spline: 1
      ===== EM models for the G4Region  DefaultRegionForTheWorld ======
     BetheHeitlerLPM : Emin=    0 eV  Emax=  100 TeV  ModifiedTsai

Rayl:  for gamma SubType=11 BuildTable=1
      Lambda table from 100 eV  to 100 keV, 7 bins/decade, spline: 0
      LambdaPrime table from 100 keV to 100 TeV in 63 bins 
      ===== EM models for the G4Region  DefaultRegionForTheWorld ======
   LivermoreRayleigh : Emin=    0 eV  Emax=  100 TeV  CullenGenerator

msc:  for e-  SubType= 10
      ===== EM models for the G4Region  DefaultRegionForTheWorld ======
            UrbanMsc : Emin=    0 eV  Emax=  100 MeV Nbins=42 100 eV  - 100 MeV
          StepLim=UseSafety Rfact=0.04 Gfact=2.5 Sfact=0.6 DispFlag:1 Skin=1 Llim=1 mm
        WentzelVIUni : Emin=  100 MeV Emax=  100 TeV Nbins=42 100 MeV - 100 TeV
          StepLim=UseSafety Rfact=0.04 Gfact=2.5 Sfact=0.6 DispFlag:1 Skin=1 Llim=1 mm

eIoni:  for e-  XStype:1  SubType=2
      dE/dx and range tables from 100 eV  to 100 TeV in 84 bins
      Lambda tables from threshold to 100 TeV, 7 bins/decade, spline: 1
      StepFunction=(0.2, 1 mm), integ: 1, fluct: 1, linLossLim= 0.01
      ===== EM models for the G4Region  DefaultRegionForTheWorld ======
        MollerBhabha : Emin=    0 eV  Emax=  100 TeV

eBrem:  for e-  XStype:4  SubType=3
      dE/dx and range tables from 100 eV  to 100 TeV in 84 bins
      Lambda tables from threshold to 100 TeV, 7 bins/decade, spline: 1
      LPM flag: 1 for E > 1 GeV,  VertexHighEnergyTh(GeV)= 100000
      ===== EM models for the G4Region  DefaultRegionForTheWorld ======
             eBremSB : Emin=    0 eV  Emax=    1 GeV  ModifiedTsai
            eBremLPM : Emin=    1 GeV Emax=  100 TeV  ModifiedTsai

CoulombScat:  for e- XStype:1 SubType=1 BuildTable=1
      Lambda table from 100 MeV to 100 TeV, 7 bins/decade, spline: 0
      ThetaMin(p) < Theta(degree) < 180; pLimit(GeV^1)= 0.139531
      ===== EM models for the G4Region  DefaultRegionForTheWorld ======
  eCoulombScattering : Emin=  100 MeV Emax=  100 TeV

msc:  for e+  SubType= 10
      ===== EM models for the G4Region  DefaultRegionForTheWorld ======
            UrbanMsc : Emin=    0 eV  Emax=  100 MeV Nbins=42 100 eV  - 100 MeV
          StepLim=UseSafety Rfact=0.04 Gfact=2.5 Sfact=0.6 DispFlag:1 Skin=1 Llim=1 mm
        WentzelVIUni : Emin=  100 MeV Emax=  100 TeV Nbins=42 100 MeV - 100 TeV
          StepLim=UseSafety Rfact=0.04 Gfact=2.5 Sfact=0.6 DispFlag:1 Skin=1 Llim=1 mm

eIoni:  for e+  XStype:1  SubType=2
      dE/dx and range tables from 100 eV  to 100 TeV in 84 bins
      Lambda tables from threshold to 100 TeV, 7 bins/decade, spline: 1
      StepFunction=(0.2, 1 mm), integ: 1, fluct: 1, linLossLim= 0.01
      ===== EM models for the G4Region  DefaultRegionForTheWorld ======
        MollerBhabha : Emin=    0 eV  Emax=  100 TeV

eBrem:  for e+  XStype:4  SubType=3
      dE/dx and range tables from 100 eV  to 100 TeV in 84 bins
      Lambda tables from threshold to 100 TeV, 7 bins/decade, spline: 1
      LPM flag: 1 for E > 1 GeV,  VertexHighEnergyTh(GeV)= 100000
      ===== EM models for the G4Region  DefaultRegionForTheWorld ======
             eBremSB : Emin=    0 eV  Emax=    1 GeV  ModifiedTsai
            eBremLPM : Emin=    1 GeV Emax=  100 TeV  ModifiedTsai

annihil:  for e+ XStype:2 SubType=5 BuildTable=0
      ===== EM models for the G4Region  DefaultRegionForTheWorld ======
            eplus2gg : Emin=    0 eV  Emax=  100 TeV

CoulombScat:  for e+ XStype:1 SubType=1 BuildTable=1
      Lambda table from 100 MeV to 100 TeV, 7 bins/decade, spline: 0
      ThetaMin(p) < Theta(degree) < 180; pLimit(GeV^1)= 0.139531
      ===== EM models for the G4Region  DefaultRegionForTheWorld ======
  eCoulombScattering : Emin=  100 MeV Emax=  100 TeV

msc:  for proton  SubType= 10
      ===== EM models for the G4Region  DefaultRegionForTheWorld ======
        WentzelVIUni : Emin=    0 eV  Emax=  100 TeV Nbins=84 100 eV  - 100 TeV
          StepLim=Minimal Rfact=0.2 Gfact=2.5 Sfact=0.6 DispFlag:0 Skin=1 Llim=1 mm

hIoni:  for proton  XStype:1  SubType=2
      dE/dx and range tables from 100 eV  to 100 TeV in 84 bins
      Lambda tables from threshold to 100 TeV, 7 bins/decade, spline: 1
      StepFunction=(0.2, 0.1 mm), integ: 1, fluct: 1, linLossLim= 0.01
      ===== EM models for the G4Region  DefaultRegionForTheWorld ======
               Bragg : Emin=    0 eV  Emax=    2 MeV
          BetheBloch : Emin=    2 MeV Emax=  100 TeV

hBrems:  for proton  XStype:1  SubType=3
      dE/dx and range tables from 100 eV  to 100 TeV in 84 bins
      Lambda tables from threshold to 100 TeV, 7 bins/decade, spline: 0
      ===== EM models for the G4Region  DefaultRegionForTheWorld ======
               hBrem : Emin=    0 eV  Emax=  100 TeV  ModifiedMephi

hPairProd:  for proton  XStype:1  SubType=4
      dE/dx and range tables from 100 eV  to 100 TeV in 84 bins
      Lambda tables from threshold to 100 TeV, 7 bins/decade, spline: 0
      Sampling table 17x1001; from 7.50618 GeV to 100 TeV 
      ===== EM models for the G4Region  DefaultRegionForTheWorld ======
           hPairProd : Emin=    0 eV  Emax=  100 TeV  ModifiedMephi

CoulombScat:  for proton XStype:1 SubType=1 BuildTable=1
      Lambda table from threshold  to 100 TeV, 7 bins/decade, spline: 0
      ThetaMin(p) < Theta(degree) < 180; pLimit(GeV^1)= 0.139531
      ===== EM models for the G4Region  DefaultRegionForTheWorld ======
  eCoulombScattering : Emin=    0 eV  Emax=  100 TeV

msc:  for GenericIon  SubType= 10
      ===== EM models for the G4Region  DefaultRegionForTheWorld ======
            UrbanMsc : Emin=    0 eV  Emax=  100 TeV
          StepLim=Minimal Rfact=0.2 Gfact=2.5 Sfact=0.6 DispFlag:0 Skin=1 Llim=1 mm

ionIoni:  for GenericIon  XStype:1  SubType=2
      dE/dx and range tables from 100 eV  to 100 TeV in 84 bins
      Lambda tables from threshold to 100 TeV, 7 bins/decade, spline: 1
      StepFunction=(0.2, 0.1 mm), integ: 1, fluct: 1, linLossLim= 0.02
      Stopping Power data for 17 ion/material pairs
      ===== EM models for the G4Region  DefaultRegionForTheWorld ======
            BraggIon : Emin=    0 eV  Emax=    2 MeV
          BetheBloch : Emin=    2 MeV Emax=  100 TeV

msc:  for alpha  SubType= 10
      ===== EM models for the G4Region  DefaultRegionForTheWorld ======
            UrbanMsc : Emin=    0 eV  Emax=  100 TeV
          StepLim=Minimal Rfact=0.2 Gfact=2.5 Sfact=0.6 DispFlag:0 Skin=1 Llim=1 mm

ionIoni:  for alpha  XStype:1  SubType=2
      dE/dx and range tables from 100 eV  to 100 TeV in 84 bins
      Lambda tables from threshold to 100 TeV, 7 bins/decade, spline: 1
      StepFunction=(0.2, 0.1 mm), integ: 1, fluct: 1, linLossLim= 0.02
      ===== EM models for the G4Region  DefaultRegionForTheWorld ======
            BraggIon : Emin=    0 eV  Emax=7.9452 MeV
          BetheBloch : Emin=7.9452 MeV Emax=  100 TeV

msc:  for anti_proton  SubType= 10
      ===== EM models for the G4Region  DefaultRegionForTheWorld ======
        WentzelVIUni : Emin=    0 eV  Emax=  100 TeV Nbins=84 100 eV  - 100 TeV
          StepLim=Minimal Rfact=0.2 Gfact=2.5 Sfact=0.6 DispFlag:0 Skin=1 Llim=1 mm

hIoni:  for anti_proton  XStype:1  SubType=2
      dE/dx and range tables from 100 eV  to 100 TeV in 84 bins
      Lambda tables from threshold to 100 TeV, 7 bins/decade, spline: 1
      StepFunction=(0.2, 0.1 mm), integ: 1, fluct: 1, linLossLim= 0.01
      ===== EM models for the G4Region  DefaultRegionForTheWorld ======
            ICRU73QO : Emin=    0 eV  Emax=    2 MeV
          BetheBloch : Emin=    2 MeV Emax=  100 TeV

hBrems:  for anti_proton  XStype:1  SubType=3
      dE/dx and range tables from 100 eV  to 100 TeV in 84 bins
      Lambda tables from threshold to 100 TeV, 7 bins/decade, spline: 0
      ===== EM models for the G4Region  DefaultRegionForTheWorld ======
               hBrem : Emin=    0 eV  Emax=  100 TeV  ModifiedMephi

hPairProd:  for anti_proton  XStype:1  SubType=4
      dE/dx and range tables from 100 eV  to 100 TeV in 84 bins
      Lambda tables from threshold to 100 TeV, 7 bins/decade, spline: 0
      Sampling table 17x1001; from 7.50618 GeV to 100 TeV 
      ===== EM models for the G4Region  DefaultRegionForTheWorld ======
           hPairProd : Emin=    0 eV  Emax=  100 TeV  ModifiedMephi

CoulombScat:  for anti_proton XStype:1 SubType=1 BuildTable=1
      Lambda table from threshold  to 100 TeV, 7 bins/decade, spline: 0
      ThetaMin(p) < Theta(degree) < 180; pLimit(GeV^1)= 0.139531
      ===== EM models for the G4Region  DefaultRegionForTheWorld ======
  eCoulombScattering : Emin=    0 eV  Emax=  100 TeV

msc:  for kaon+  SubType= 10
      ===== EM models for the G4Region  DefaultRegionForTheWorld ======
        WentzelVIUni : Emin=    0 eV  Emax=  100 TeV Nbins=84 100 eV  - 100 TeV
          StepLim=Minimal Rfact=0.2 Gfact=2.5 Sfact=0.6 DispFlag:0 Skin=1 Llim=1 mm

hIoni:  for kaon+  XStype:1  SubType=2
      dE/dx and range tables from 100 eV  to 100 TeV in 84 bins
      Lambda tables from threshold to 100 TeV, 7 bins/decade, spline: 1
      StepFunction=(0.2, 0.1 mm), integ: 1, fluct: 1, linLossLim= 0.01
      ===== EM models for the G4Region  DefaultRegionForTheWorld ======
               Bragg : Emin=    0 eV  Emax=1.05231 MeV
          BetheBloch : Emin=1.05231 MeV Emax=  100 TeV

hBrems:  for kaon+  XStype:1  SubType=3
      dE/dx and range tables from 100 eV  to 100 TeV in 84 bins
      Lambda tables from threshold to 100 TeV, 7 bins/decade, spline: 0
      ===== EM models for the G4Region  DefaultRegionForTheWorld ======
               hBrem : Emin=    0 eV  Emax=  100 TeV  ModifiedMephi

hPairProd:  for kaon+  XStype:1  SubType=4
      dE/dx and range tables from 100 eV  to 100 TeV in 84 bins
      Lambda tables from threshold to 100 TeV, 7 bins/decade, spline: 0
      Sampling table 18x1001; from 3.94942 GeV to 100 TeV 
      ===== EM models for the G4Region  DefaultRegionForTheWorld ======
           hPairProd : Emin=    0 eV  Emax=  100 TeV  ModifiedMephi

CoulombScat:  for kaon+ XStype:1 SubType=1 BuildTable=1
      Lambda table from threshold  to 100 TeV, 7 bins/decade, spline: 0
      ThetaMin(p) < Theta(degree) < 180; pLimit(GeV^1)= 0.139531
      ===== EM models for the G4Region  DefaultRegionForTheWorld ======
  eCoulombScattering : Emin=    0 eV  Emax=  100 TeV

msc:  for kaon-  SubType= 10
      ===== EM models for the G4Region  DefaultRegionForTheWorld ======
        WentzelVIUni : Emin=    0 eV  Emax=  100 TeV Nbins=84 100 eV  - 100 TeV
          StepLim=Minimal Rfact=0.2 Gfact=2.5 Sfact=0.6 DispFlag:0 Skin=1 Llim=1 mm

hIoni:  for kaon-  XStype:1  SubType=2
      dE/dx and range tables from 100 eV  to 100 TeV in 84 bins
      Lambda tables from threshold to 100 TeV, 7 bins/decade, spline: 1
      StepFunction=(0.2, 0.1 mm), integ: 1, fluct: 1, linLossLim= 0.01
      ===== EM models for the G4Region  DefaultRegionForTheWorld ======
            ICRU73QO : Emin=    0 eV  Emax=1.05231 MeV
          BetheBloch : Emin=1.05231 MeV Emax=  100 TeV

hBrems:  for kaon-  XStype:1  SubType=3
      dE/dx and range tables from 100 eV  to 100 TeV in 84 bins
      Lambda tables from threshold to 100 TeV, 7 bins/decade, spline: 0
      ===== EM models for the G4Region  DefaultRegionForTheWorld ======
               hBrem : Emin=    0 eV  Emax=  100 TeV  ModifiedMephi

hPairProd:  for kaon-  XStype:1  SubType=4
      dE/dx and range tables from 100 eV  to 100 TeV in 84 bins
      Lambda tables from threshold to 100 TeV, 7 bins/decade, spline: 0
      Sampling table 18x1001; from 3.94942 GeV to 100 TeV 
      ===== EM models for the G4Region  DefaultRegionForTheWorld ======
           hPairProd : Emin=    0 eV  Emax=  100 TeV  ModifiedMephi

CoulombScat:  for kaon- XStype:1 SubType=1 BuildTable=1
      Used Lambda table of kaon+
      ThetaMin(p) < Theta(degree) < 180; pLimit(GeV^1)= 0.139531
      ===== EM models for the G4Region  DefaultRegionForTheWorld ======
  eCoulombScattering : Emin=    0 eV  Emax=  100 TeV

msc:  for mu+  SubType= 10
      ===== EM models for the G4Region  DefaultRegionForTheWorld ======
        WentzelVIUni : Emin=    0 eV  Emax=  100 TeV Nbins=84 100 eV  - 100 TeV
          StepLim=Minimal Rfact=0.2 Gfact=2.5 Sfact=0.6 DispFlag:0 Skin=1 Llim=1 mm

muIoni:  for mu+  XStype:1  SubType=2
      dE/dx and range tables from 100 eV  to 100 TeV in 84 bins
      Lambda tables from threshold to 100 TeV, 7 bins/decade, spline: 1
      StepFunction=(0.2, 0.1 mm), integ: 1, fluct: 1, linLossLim= 0.01
      ===== EM models for the G4Region  DefaultRegionForTheWorld ======
               Bragg : Emin=    0 eV  Emax=  200 keV
          BetheBloch : Emin=  200 keV Emax=    1 GeV
        MuBetheBloch : Emin=    1 GeV Emax=  100 TeV

muBrems:  for mu+  XStype:1  SubType=3
      dE/dx and range tables from 100 eV  to 100 TeV in 84 bins
      Lambda tables from threshold to 100 TeV, 7 bins/decade, spline: 0
      ===== EM models for the G4Region  DefaultRegionForTheWorld ======
              MuBrem : Emin=    0 eV  Emax=  100 TeV  ModifiedMephi

muPairProd:  for mu+  XStype:1  SubType=4
      dE/dx and range tables from 100 eV  to 100 TeV in 84 bins
      Lambda tables from threshold to 100 TeV, 7 bins/decade, spline: 0
      Sampling table 21x1001; from 1 GeV to 100 TeV 
      ===== EM models for the G4Region  DefaultRegionForTheWorld ======
          muPairProd : Emin=    0 eV  Emax=  100 TeV  ModifiedMephi

CoulombScat:  for mu+ XStype:1 SubType=1 BuildTable=1
      Lambda table from threshold  to 100 TeV, 7 bins/decade, spline: 0
      ThetaMin(p) < Theta(degree) < 180; pLimit(GeV^1)= 0.139531
      ===== EM models for the G4Region  DefaultRegionForTheWorld ======
  eCoulombScattering : Emin=    0 eV  Emax=  100 TeV

msc:  for mu-  SubType= 10
      ===== EM models for the G4Region  DefaultRegionForTheWorld ======
        WentzelVIUni : Emin=    0 eV  Emax=  100 TeV Nbins=84 100 eV  - 100 TeV
          StepLim=Minimal Rfact=0.2 Gfact=2.5 Sfact=0.6 DispFlag:0 Skin=1 Llim=1 mm

muIoni:  for mu-  XStype:1  SubType=2
      dE/dx and range tables from 100 eV  to 100 TeV in 84 bins
      Lambda tables from threshold to 100 TeV, 7 bins/decade, spline: 1
      StepFunction=(0.2, 0.1 mm), integ: 1, fluct: 1, linLossLim= 0.01
      ===== EM models for the G4Region  DefaultRegionForTheWorld ======
            ICRU73QO : Emin=    0 eV  Emax=  200 keV
          BetheBloch : Emin=  200 keV Emax=    1 GeV
        MuBetheBloch : Emin=    1 GeV Emax=  100 TeV

muBrems:  for mu-  XStype:1  SubType=3
      dE/dx and range tables from 100 eV  to 100 TeV in 84 bins
      Lambda tables from threshold to 100 TeV, 7 bins/decade, spline: 0
      ===== EM models for the G4Region  DefaultRegionForTheWorld ======
              MuBrem : Emin=    0 eV  Emax=  100 TeV  ModifiedMephi

muPairProd:  for mu-  XStype:1  SubType=4
      dE/dx and range tables from 100 eV  to 100 TeV in 84 bins
      Lambda tables from threshold to 100 TeV, 7 bins/decade, spline: 0
      Sampling table 21x1001; from 1 GeV to 100 TeV 
      ===== EM models for the G4Region  DefaultRegionForTheWorld ======
          muPairProd : Emin=    0 eV  Emax=  100 TeV  ModifiedMephi

CoulombScat:  for mu- XStype:1 SubType=1 BuildTable=1
      Used Lambda table of mu+
      ThetaMin(p) < Theta(degree) < 180; pLimit(GeV^1)= 0.139531
      ===== EM models for the G4Region  DefaultRegionForTheWorld ======
  eCoulombScattering : Emin=    0 eV  Emax=  100 TeV

msc:  for pi+  SubType= 10
      ===== EM models for the G4Region  DefaultRegionForTheWorld ======
        WentzelVIUni : Emin=    0 eV  Emax=  100 TeV Nbins=84 100 eV  - 100 TeV
          StepLim=Minimal Rfact=0.2 Gfact=2.5 Sfact=0.6 DispFlag:0 Skin=1 Llim=1 mm

hIoni:  for pi+  XStype:1  SubType=2
      dE/dx and range tables from 100 eV  to 100 TeV in 84 bins
      Lambda tables from threshold to 100 TeV, 7 bins/decade, spline: 1
      StepFunction=(0.2, 0.1 mm), integ: 1, fluct: 1, linLossLim= 0.01
      ===== EM models for the G4Region  DefaultRegionForTheWorld ======
               Bragg : Emin=    0 eV  Emax=297.505 keV
          BetheBloch : Emin=297.505 keV Emax=  100 TeV

hBrems:  for pi+  XStype:1  SubType=3
      dE/dx and range tables from 100 eV  to 100 TeV in 84 bins
      Lambda tables from threshold to 100 TeV, 7 bins/decade, spline: 0
      ===== EM models for the G4Region  DefaultRegionForTheWorld ======
               hBrem : Emin=    0 eV  Emax=  100 TeV  ModifiedMephi

hPairProd:  for pi+  XStype:1  SubType=4
      dE/dx and range tables from 100 eV  to 100 TeV in 84 bins
      Lambda tables from threshold to 100 TeV, 7 bins/decade, spline: 0
      Sampling table 20x1001; from 1.11656 GeV to 100 TeV 
      ===== EM models for the G4Region  DefaultRegionForTheWorld ======
           hPairProd : Emin=    0 eV  Emax=  100 TeV  ModifiedMephi

CoulombScat:  for pi+ XStype:1 SubType=1 BuildTable=1
      Lambda table from threshold  to 100 TeV, 7 bins/decade, spline: 0
      ThetaMin(p) < Theta(degree) < 180; pLimit(GeV^1)= 0.139531
      ===== EM models for the G4Region  DefaultRegionForTheWorld ======
  eCoulombScattering : Emin=    0 eV  Emax=  100 TeV

msc:  for pi-  SubType= 10
      ===== EM models for the G4Region  DefaultRegionForTheWorld ======
        WentzelVIUni : Emin=    0 eV  Emax=  100 TeV Nbins=84 100 eV  - 100 TeV
          StepLim=Minimal Rfact=0.2 Gfact=2.5 Sfact=0.6 DispFlag:0 Skin=1 Llim=1 mm

hIoni:  for pi-  XStype:1  SubType=2
      dE/dx and range tables from 100 eV  to 100 TeV in 84 bins
      Lambda tables from threshold to 100 TeV, 7 bins/decade, spline: 1
      StepFunction=(0.2, 0.1 mm), integ: 1, fluct: 1, linLossLim= 0.01
      ===== EM models for the G4Region  DefaultRegionForTheWorld ======
            ICRU73QO : Emin=    0 eV  Emax=297.505 keV
          BetheBloch : Emin=297.505 keV Emax=  100 TeV

hBrems:  for pi-  XStype:1  SubType=3
      dE/dx and range tables from 100 eV  to 100 TeV in 84 bins
      Lambda tables from threshold to 100 TeV, 7 bins/decade, spline: 0
      ===== EM models for the G4Region  DefaultRegionForTheWorld ======
               hBrem : Emin=    0 eV  Emax=  100 TeV  ModifiedMephi

hPairProd:  for pi-  XStype:1  SubType=4
      dE/dx and range tables from 100 eV  to 100 TeV in 84 bins
      Lambda tables from threshold to 100 TeV, 7 bins/decade, spline: 0
      Sampling table 20x1001; from 1.11656 GeV to 100 TeV 
      ===== EM models for the G4Region  DefaultRegionForTheWorld ======
           hPairProd : Emin=    0 eV  Emax=  100 TeV  ModifiedMephi

CoulombScat:  for pi- XStype:1 SubType=1 BuildTable=1
      Used Lambda table of pi+
      ThetaMin(p) < Theta(degree) < 180; pLimit(GeV^1)= 0.139531
      ===== EM models for the G4Region  DefaultRegionForTheWorld ======
  eCoulombScattering : Emin=    0 eV  Emax=  100 TeV

====================================================================
                  HADRONIC PROCESSES SUMMARY (verbose level 1)

---------------------------------------------------
                           Hadronic Processes for neutron

  Process: hadElastic
        Model:             hElasticCHIPS: 0 eV  ---> 100 TeV
     Cr_sctns:        G4NeutronElasticXS: 0 eV  ---> 100 TeV

  Process: neutronInelastic
        Model:                      FTFP: 3 GeV ---> 100 TeV
        Model:            BertiniCascade: 0 eV  ---> 6 GeV
     Cr_sctns:      G4NeutronInelasticXS: 0 eV  ---> 100 TeV

  Process: nCapture
        Model:               nRadCapture: 0 eV  ---> 100 TeV
     Cr_sctns:        G4NeutronCaptureXS: 0 eV  ---> 100 TeV

  Process: nKiller

---------------------------------------------------
                           Hadronic Processes for B-

  Process: hadElastic
        Model:              hElasticLHEP: 0 eV  ---> 100 TeV
     Cr_sctns:            Glauber-Gribov: 0 eV  ---> 100 TeV

  Process: B-Inelastic
        Model:                      FTFP: 0 eV  ---> 100 TeV
     Cr_sctns:            Glauber-Gribov: 0 eV  ---> 100 TeV

---------------------------------------------------
                           Hadronic Processes for D-

  Process: hadElastic
        Model:              hElasticLHEP: 0 eV  ---> 100 TeV
     Cr_sctns:            Glauber-Gribov: 0 eV  ---> 100 TeV

  Process: D-Inelastic
        Model:                      FTFP: 0 eV  ---> 100 TeV
     Cr_sctns:            Glauber-Gribov: 0 eV  ---> 100 TeV

---------------------------------------------------
                           Hadronic Processes for GenericIon

  Process: ionInelastic
        Model:  Binary Light Ion Cascade: 0 eV /n ---> 6 GeV/n
        Model:                      FTFP: 3 GeV/n ---> 100 TeV/n
     Cr_sctns:  Glauber-Gribov Nucl-nucl: 0 eV  ---> 25.6 PeV

---------------------------------------------------
                           Hadronic Processes for He3

  Process: hadElastic
        Model:              hElasticLHEP: 0 eV /n ---> 100 TeV/n
     Cr_sctns:  Glauber-Gribov Nucl-nucl: 0 eV  ---> 25.6 PeV

  Process: He3Inelastic
        Model:  Binary Light Ion Cascade: 0 eV /n ---> 6 GeV/n
        Model:                      FTFP: 3 GeV/n ---> 100 TeV/n
     Cr_sctns:  Glauber-Gribov Nucl-nucl: 0 eV  ---> 25.6 PeV

---------------------------------------------------
                           Hadronic Processes for alpha

  Process: hadElastic
        Model:              hElasticLHEP: 0 eV /n ---> 100 TeV/n
     Cr_sctns:  Glauber-Gribov Nucl-nucl: 0 eV  ---> 25.6 PeV

  Process: alphaInelastic
        Model:  Binary Light Ion Cascade: 0 eV /n ---> 6 GeV/n
        Model:                      FTFP: 3 GeV/n ---> 100 TeV/n
     Cr_sctns:  Glauber-Gribov Nucl-nucl: 0 eV  ---> 25.6 PeV

---------------------------------------------------
                           Hadronic Processes for anti_He3

  Process: hadElastic
        Model:              hElasticLHEP: 0 eV /n ---> 100.1 MeV/n
        Model:              AntiAElastic: 100 MeV/n ---> 100 TeV/n
     Cr_sctns:              AntiAGlauber: 0 eV  ---> 25.6 PeV

  Process: anti_He3Inelastic
        Model:                      FTFP: 0 eV /n ---> 100 TeV/n
     Cr_sctns:              AntiAGlauber: 0 eV  ---> 25.6 PeV

  Process: hFritiofCaptureAtRest

---------------------------------------------------
                           Hadronic Processes for anti_alpha

  Process: hadElastic
        Model:              hElasticLHEP: 0 eV /n ---> 100.1 MeV/n
        Model:              AntiAElastic: 100 MeV/n ---> 100 TeV/n
     Cr_sctns:              AntiAGlauber: 0 eV  ---> 25.6 PeV

  Process: anti_alphaInelastic
        Model:                      FTFP: 0 eV /n ---> 100 TeV/n
     Cr_sctns:              AntiAGlauber: 0 eV  ---> 25.6 PeV

  Process: hFritiofCaptureAtRest

---------------------------------------------------
                           Hadronic Processes for anti_deuteron

  Process: hadElastic
        Model:              hElasticLHEP: 0 eV /n ---> 100.1 MeV/n
        Model:              AntiAElastic: 100 MeV/n ---> 100 TeV/n
     Cr_sctns:              AntiAGlauber: 0 eV  ---> 25.6 PeV

  Process: anti_deuteronInelastic
        Model:                      FTFP: 0 eV /n ---> 100 TeV/n
     Cr_sctns:              AntiAGlauber: 0 eV  ---> 25.6 PeV

  Process: hFritiofCaptureAtRest

---------------------------------------------------
                           Hadronic Processes for anti_lambda

  Process: hadElastic
        Model:              hElasticLHEP: 0 eV  ---> 100 TeV
     Cr_sctns:            Glauber-Gribov: 0 eV  ---> 100 TeV

  Process: anti_lambdaInelastic
        Model:                      FTFP: 0 eV  ---> 100 TeV
     Cr_sctns:            Glauber-Gribov: 0 eV  ---> 100 TeV

  Process: hFritiofCaptureAtRest

---------------------------------------------------
                           Hadronic Processes for anti_neutron

  Process: hadElastic
        Model:              hElasticLHEP: 0 eV  ---> 100.1 MeV
        Model:              AntiAElastic: 100 MeV ---> 100 TeV
     Cr_sctns:              AntiAGlauber: 0 eV  ---> 25.6 PeV

  Process: anti_neutronInelastic
        Model:                      FTFP: 0 eV  ---> 100 TeV
     Cr_sctns:              AntiAGlauber: 0 eV  ---> 25.6 PeV

  Process: hFritiofCaptureAtRest

---------------------------------------------------
                           Hadronic Processes for anti_proton

  Process: hadElastic
        Model:              hElasticLHEP: 0 eV  ---> 100.1 MeV
        Model:              AntiAElastic: 100 MeV ---> 100 TeV
     Cr_sctns:              AntiAGlauber: 0 eV  ---> 25.6 PeV

  Process: anti_protonInelastic
        Model:                      FTFP: 0 eV  ---> 100 TeV
     Cr_sctns:              AntiAGlauber: 0 eV  ---> 25.6 PeV

  Process: hFritiofCaptureAtRest

---------------------------------------------------
                           Hadronic Processes for anti_triton

  Process: hadElastic
        Model:              hElasticLHEP: 0 eV /n ---> 100.1 MeV/n
        Model:              AntiAElastic: 100 MeV/n ---> 100 TeV/n
     Cr_sctns:              AntiAGlauber: 0 eV  ---> 25.6 PeV

  Process: anti_tritonInelastic
        Model:                      FTFP: 0 eV /n ---> 100 TeV/n
     Cr_sctns:              AntiAGlauber: 0 eV  ---> 25.6 PeV

  Process: hFritiofCaptureAtRest

---------------------------------------------------
                           Hadronic Processes for deuteron

  Process: hadElastic
        Model:              hElasticLHEP: 0 eV /n ---> 100 TeV/n
     Cr_sctns:  Glauber-Gribov Nucl-nucl: 0 eV  ---> 25.6 PeV

  Process: dInelastic
        Model:  Binary Light Ion Cascade: 0 eV /n ---> 6 GeV/n
        Model:                      FTFP: 3 GeV/n ---> 100 TeV/n
     Cr_sctns:  Glauber-Gribov Nucl-nucl: 0 eV  ---> 25.6 PeV

---------------------------------------------------
                           Hadronic Processes for e+

  Process: positronNuclear
        Model:   G4ElectroVDNuclearModel: 0 eV  ---> 1 PeV
     Cr_sctns:          ElectroNuclearXS: 0 eV  ---> 100 TeV

---------------------------------------------------
                           Hadronic Processes for e-

  Process: electronNuclear
        Model:   G4ElectroVDNuclearModel: 0 eV  ---> 1 PeV
     Cr_sctns:          ElectroNuclearXS: 0 eV  ---> 100 TeV

---------------------------------------------------
                           Hadronic Processes for gamma

  Process: photonNuclear
        Model:               GammaNPreco: 0 eV  ---> 200 MeV
        Model:            BertiniCascade: 199 MeV ---> 6 GeV
        Model:           TheoFSGenerator: 3 GeV ---> 100 TeV
     Cr_sctns:            GammaNuclearXS: 0 eV  ---> 100 TeV

---------------------------------------------------
                           Hadronic Processes for kaon+

  Process: hadElastic
        Model:              hElasticLHEP: 0 eV  ---> 100 TeV
     Cr_sctns:            Glauber-Gribov: 0 eV  ---> 100 TeV

  Process: kaon+Inelastic
        Model:                      FTFP: 3 GeV ---> 100 TeV
        Model:            BertiniCascade: 0 eV  ---> 6 GeV
     Cr_sctns:            Glauber-Gribov: 0 eV  ---> 100 TeV

---------------------------------------------------
                           Hadronic Processes for kaon-

  Process: hadElastic
        Model:              hElasticLHEP: 0 eV  ---> 100 TeV
     Cr_sctns:            Glauber-Gribov: 0 eV  ---> 100 TeV

  Process: kaon-Inelastic
        Model:                      FTFP: 3 GeV ---> 100 TeV
        Model:            BertiniCascade: 0 eV  ---> 6 GeV
     Cr_sctns:            Glauber-Gribov: 0 eV  ---> 100 TeV

  Process: hBertiniCaptureAtRest

---------------------------------------------------
                           Hadronic Processes for lambda

  Process: hadElastic
        Model:              hElasticLHEP: 0 eV  ---> 100 TeV
     Cr_sctns:            Glauber-Gribov: 0 eV  ---> 100 TeV

  Process: lambdaInelastic
        Model:                      FTFP: 3 GeV ---> 100 TeV
        Model:            BertiniCascade: 0 eV  ---> 6 GeV
     Cr_sctns:            Glauber-Gribov: 0 eV  ---> 100 TeV

---------------------------------------------------
                           Hadronic Processes for mu+

  Process: muonNuclear
        Model:      G4MuonVDNuclearModel: 0 eV  ---> 1 PeV
     Cr_sctns:     KokoulinMuonNuclearXS: 0 eV  ---> 100 TeV

---------------------------------------------------
                           Hadronic Processes for mu-

  Process: muonNuclear
        Model:      G4MuonVDNuclearModel: 0 eV  ---> 1 PeV
     Cr_sctns:     KokoulinMuonNuclearXS: 0 eV  ---> 100 TeV

  Process: muMinusCaptureAtRest

---------------------------------------------------
                           Hadronic Processes for pi+

  Process: hadElastic
        Model:           hElasticGlauber: 0 eV  ---> 100 TeV
     Cr_sctns:  BarashenkovGlauberGribov: 0 eV  ---> 100 TeV

  Process: pi+Inelastic
        Model:                      FTFP: 3 GeV ---> 100 TeV
        Model:            BertiniCascade: 0 eV  ---> 6 GeV
     Cr_sctns:  BarashenkovGlauberGribov: 0 eV  ---> 100 TeV

---------------------------------------------------
                           Hadronic Processes for pi-

  Process: hadElastic
        Model:           hElasticGlauber: 0 eV  ---> 100 TeV
     Cr_sctns:  BarashenkovGlauberGribov: 0 eV  ---> 100 TeV

  Process: pi-Inelastic
        Model:                      FTFP: 3 GeV ---> 100 TeV
        Model:            BertiniCascade: 0 eV  ---> 6 GeV
     Cr_sctns:  BarashenkovGlauberGribov: 0 eV  ---> 100 TeV

  Process: hBertiniCaptureAtRest

---------------------------------------------------
                           Hadronic Processes for proton

  Process: hadElastic
        Model:             hElasticCHIPS: 0 eV  ---> 100 TeV
     Cr_sctns:  BarashenkovGlauberGribov: 0 eV  ---> 100 TeV

  Process: protonInelastic
        Model:                      FTFP: 3 GeV ---> 100 TeV
        Model:            BertiniCascade: 0 eV  ---> 6 GeV
     Cr_sctns:  BarashenkovGlauberGribov: 0 eV  ---> 100 TeV

---------------------------------------------------
                           Hadronic Processes for sigma-

  Process: hadElastic
        Model:              hElasticLHEP: 0 eV  ---> 100 TeV
     Cr_sctns:            Glauber-Gribov: 0 eV  ---> 100 TeV

  Process: sigma-Inelastic
        Model:                      FTFP: 3 GeV ---> 100 TeV
        Model:            BertiniCascade: 0 eV  ---> 6 GeV
     Cr_sctns:            Glauber-Gribov: 0 eV  ---> 100 TeV

  Process: hBertiniCaptureAtRest

---------------------------------------------------
                           Hadronic Processes for triton

  Process: hadElastic
        Model:              hElasticLHEP: 0 eV /n ---> 100 TeV/n
     Cr_sctns:  Glauber-Gribov Nucl-nucl: 0 eV  ---> 25.6 PeV

  Process: tInelastic
        Model:  Binary Light Ion Cascade: 0 eV /n ---> 6 GeV/n
        Model:                      FTFP: 3 GeV/n ---> 100 TeV/n
     Cr_sctns:  Glauber-Gribov Nucl-nucl: 0 eV  ---> 25.6 PeV

================================================================
=======================================================================
======       Pre-compound/De-excitation Physics Parameters     ========
=======================================================================
Type of pre-compound inverse x-section              3
Pre-compound model active                           1
Pre-compound excitation low energy (MeV)            0.1
Pre-compound excitation high energy (MeV)           30
Type of de-excitation inverse x-section             3
Type of de-excitation factory                       Evaporation+GEM
Number of de-excitation channels                    68
Min excitation energy (keV)                         0.01
Min energy per nucleon for multifragmentation (MeV) 2e+05
Limit excitation energy for Fermi BreakUp (MeV)     20
Level density (1/MeV)                               0.075
Use simple level density model                      1
Use discrete excitation energy of the residual      0
Time limit for long lived isomeres (ns)             1
Isomer production flag                              1
Internal e- conversion flag                         1
Store e- internal conversion data                   0
Correlated gamma emission flag                      0
Max 2J for sampling of angular correlations         10
=======================================================================

=========================================================================
--> G4TaskRunManager::CreateAndStartWorkers() --> Initializing workers...
=========================================================================

Visualization Manager instantiating with verbosity "warnings (3)"...
Visualization Manager initialising...
Registering graphics systems...

You have successfully registered the following graphics systems.
Registered graphics systems are:
  ASCIITree (ATree)
  DAWNFILE (DAWNFILE)
  G4HepRepFile (HepRepFile)
  RayTracer (RayTracer)
  VRML2FILE (VRML2FILE)
  gMocrenFile (gMocrenFile)
  OpenGLImmediateQt (OGLIQt, OGLI)
  OpenGLStoredQt (OGLSQt, OGL, OGLS)
  OpenGLImmediateXm (OGLIXm, OGLIQt_FALLBACK)
  OpenGLStoredXm (OGLSXm, OGLSQt_FALLBACK)
  OpenGLImmediateX (OGLIX, OGLIQt_FALLBACK, OGLIXm_FALLBACK)
  OpenGLStoredX (OGLSX, OGLSQt_FALLBACK, OGLSXm_FALLBACK)

Registering model factories...

You have successfully registered the following model factories.
Registered model factories:
  generic
  drawByAttribute
  drawByCharge
  drawByOriginVolume
  drawByParticleID
  drawByEncounteredVolume

Registered models:
  None

Registered filter factories:
  attributeFilter
  chargeFilter
  originVolumeFilter
  particleFilter
  encounteredVolumeFilter

Registered filters:
  None

You have successfully registered the following user vis actions.
Run Duration User Vis Actions: none
End of Event User Vis Actions: none
End of Run User Vis Actions: none

Some /vis commands (optionally) take a string to specify colour.
"/vis/list" to see available colours.

========= Table of registered couples ============================

Index : 0     used in the geometry : Yes
 Material : G4_Galactic
 Range cuts        :  gamma  700 um     e-  700 um     e+  700 um  proton 700 um 
 Energy thresholds :  gamma  990 eV     e-  990 eV     e+  990 eV  proton 70 keV
 Region(s) which use this couple : 
    DefaultRegionForTheWorld

Index : 1     used in the geometry : Yes
 Material : G4_Al
 Range cuts        :  gamma  700 um     e-  700 um     e+  700 um  proton 700 um 
 Energy thresholds :  gamma  5.84707 keV    e-  461.19 keV    e+  445.1 keV proton 70 keV
 Region(s) which use this couple : 
    DefaultRegionForTheWorld

Index : 2     used in the geometry : Yes
 Material : G4_Si
 Range cuts        :  gamma  700 um     e-  700 um     e+  700 um  proton 700 um 
 Energy thresholds :  gamma  5.85415 keV    e-  423.338 keV    e+  409.013 keV proton 70 keV
 Region(s) which use this couple : 
    DefaultRegionForTheWorld

Index : 3     used in the geometry : Yes
 Material : G4_BAKELITE
 Range cuts        :  gamma  700 um     e-  700 um     e+  700 um  proton 700 um 
 Energy thresholds :  gamma  2.38497 keV    e-  311.339 keV    e+  303.255 keV proton 70 keV
 Region(s) which use this couple : 
    DefaultRegionForTheWorld

Index : 4     used in the geometry : Yes
 Material : G4_PLASTIC_SC_VINYLTOLUENE
 Range cuts        :  gamma  700 um     e-  700 um     e+  700 um  proton 700 um 
 Energy thresholds :  gamma  2.09715 keV    e-  281.883 keV    e+  275.044 keV proton 70 keV
 Region(s) which use this couple : 
    DefaultRegionForTheWorld

==================================================================

G4VisManager: Using G4TrajectoryDrawByCharge as fallback trajectory model.
See commands in /vis/modeling/trajectories/ for other options.
### Run 0 starts.

============================================================================================
--> G4TaskRunManager::CreateAndStartWorkers() --> Creating 316 tasks with 316 events/task...
============================================================================================

G4WT0 > ### Run 0 starts on worker thread 0.
G4WT0 > ... set ntuple merging row mode : row-wise - done
G4WT0 > ... create file : /data1/home/rnicolai/LEM_GDML_upgrade/OUT/Output_Geant4Simulation_20230823/DST/GDML_file_1/e-_j48_t0.root - done
G4WT0 > ... open analysis file : /data1/home/rnicolai/LEM_GDML_upgrade/OUT/Output_Geant4Simulation_20230823/DST/GDML_file_1/e-_j48.root - done
G4WT0 > ... open analysis file : /data1/home/rnicolai/LEM_GDML_upgrade/OUT/Output_Geant4Simulation_20230823/DST/GDML_file_1/e-_j48.root - done
G4WT0 > Event 439 - Energy Confinement Anomaly Detected
G4WT0 > Event 608 - Energy Confinement Anomaly Detected
G4WT0 > Event N: 1000
G4WT0 > Event N: 2000
G4WT0 > Event 2189 - Energy Confinement Anomaly Detected
G4WT0 > Event 2511 - Energy Confinement Anomaly Detected
G4WT0 > Event N: 3000
G4WT0 > Event 3866 - Energy Confinement Anomaly Detected
G4WT0 > Event N: 4000
G4WT0 > Event 4618 - Energy Confinement Anomaly Detected
G4WT0 > Event N: 5000
G4WT0 > Event 5117 - Energy Confinement Anomaly Detected
G4WT0 > Event N: 6000
G4WT0 > Event 6582 - Energy Confinement Anomaly Detected
G4WT0 > Event N: 7000
G4WT0 > Event 7318 - Energy Confinement Anomaly Detected
G4WT0 > Event 7381 - Energy Confinement Anomaly Detected
G4WT0 > Event 7894 - Energy Confinement Anomaly Detected
G4WT0 > Event N: 8000
G4WT0 > Event N: 9000
G4WT0 > Event N: 10000
G4WT0 > Event 10176 - Energy Confinement Anomaly Detected
G4WT0 > Event N: 11000
G4WT0 > Event 11068 - Energy Confinement Anomaly Detected
G4WT0 > Event N: 12000
G4WT0 > Event 12878 - Energy Confinement Anomaly Detected
G4WT0 > Event N: 13000
G4WT0 > Event 13571 - Energy Confinement Anomaly Detected
G4WT0 > Event N: 14000
G4WT0 > Event N: 15000
G4WT0 > Event 15619 - Energy Confinement Anomaly Detected
G4WT0 > Event 15842 - Energy Confinement Anomaly Detected
G4WT0 > Event 15935 - Energy Confinement Anomaly Detected
G4WT0 > Event N: 16000
G4WT0 > Event 16564 - Energy Confinement Anomaly Detected
G4WT0 > Event 16755 - Energy Confinement Anomaly Detected
G4WT0 > Event N: 17000
G4WT0 > Event 17139 - Energy Confinement Anomaly Detected
G4WT0 > Event N: 18000
G4WT0 > Event N: 19000
G4WT0 > Event 19060 - Energy Confinement Anomaly Detected
G4WT0 > Event 19886 - Energy Confinement Anomaly Detected
G4WT0 > Event N: 20000
G4WT0 > Event 20509 - Energy Confinement Anomaly Detected
G4WT0 > Event 20530 - Energy Confinement Anomaly Detected
G4WT0 > Event 20545 - Energy Confinement Anomaly Detected
G4WT0 > Event N: 21000
G4WT0 > Event N: 22000
G4WT0 > Event N: 23000
G4WT0 > Event N: 24000
G4WT0 > Event N: 25000
G4WT0 > Event N: 26000
G4WT0 > Event N: 27000
G4WT0 > Event N: 28000
G4WT0 > Event N: 29000
G4WT0 > Event 29536 - Energy Confinement Anomaly Detected
G4WT0 > Event 29671 - Energy Confinement Anomaly Detected
G4WT0 > Event 29755 - Energy Confinement Anomaly Detected
G4WT0 > Event 29863 - Energy Confinement Anomaly Detected
G4WT0 > Event N: 30000
G4WT0 > Event N: 31000
G4WT0 > Event N: 32000
G4WT0 > Event N: 33000
G4WT0 > Event N: 34000
G4WT0 > Event 34944 - Energy Confinement Anomaly Detected
G4WT0 > Event N: 35000
G4WT0 > Event 35661 - Energy Confinement Anomaly Detected
G4WT0 > Event N: 36000
G4WT0 > Event 36195 - Energy Confinement Anomaly Detected
G4WT0 > Event N: 37000
G4WT0 > Event N: 38000
G4WT0 > Event N: 39000
G4WT0 > Event 39763 - Energy Confinement Anomaly Detected
G4WT0 > Event 39842 - Energy Confinement Anomaly Detected
G4WT0 > Event N: 40000
G4WT0 > Event 40000 - Energy Confinement Anomaly Detected
G4WT0 > Event N: 41000
G4WT0 > Event 41252 - Energy Confinement Anomaly Detected
G4WT0 > Event N: 42000
G4WT0 > Event 42179 - Energy Confinement Anomaly Detected
G4WT0 > Event 42350 - Energy Confinement Anomaly Detected
G4WT0 > Event 42522 - Energy Confinement Anomaly Detected
G4WT0 > Event N: 43000
G4WT0 > Event N: 44000
G4WT0 > Event N: 45000
G4WT0 > Event 45096 - Energy Confinement Anomaly Detected
G4WT0 > Event N: 46000
G4WT0 > Event N: 47000
G4WT0 > Event N: 48000
G4WT0 > Event N: 49000
G4WT0 > Event 49333 - Energy Confinement Anomaly Detected
G4WT0 > Event 49870 - Energy Confinement Anomaly Detected
G4WT0 > Event N: 50000
G4WT0 > Event N: 51000
G4WT0 > Event 51554 - Energy Confinement Anomaly Detected
G4WT0 > Event 51705 - Energy Confinement Anomaly Detected
G4WT0 > Event 51759 - Energy Confinement Anomaly Detected
G4WT0 > Event 51921 - Energy Confinement Anomaly Detected
G4WT0 > Event N: 52000
G4WT0 > Event 52571 - Energy Confinement Anomaly Detected
G4WT0 > Event N: 53000
G4WT0 > Event N: 54000
G4WT0 > Event N: 55000
G4WT0 > Event 55066 - Energy Confinement Anomaly Detected
G4WT0 > Event 55912 - Energy Confinement Anomaly Detected
G4WT0 > Event N: 56000
G4WT0 > Event N: 57000
G4WT0 > Event 57866 - Energy Confinement Anomaly Detected
G4WT0 > Event N: 58000
G4WT0 > Event N: 59000
G4WT0 > Event 59717 - Energy Confinement Anomaly Detected
G4WT0 > Event N: 60000
G4WT0 > Event 60584 - Energy Confinement Anomaly Detected
G4WT0 > Event N: 61000
G4WT0 > Event N: 62000
G4WT0 > Event 62078 - Energy Confinement Anomaly Detected
G4WT0 > Event 62330 - Energy Confinement Anomaly Detected
G4WT0 > Event 62663 - Energy Confinement Anomaly Detected
G4WT0 > Event 62687 - Energy Confinement Anomaly Detected
G4WT0 > Event N: 63000
G4WT0 > Event N: 64000
G4WT0 > Event N: 65000
G4WT0 > Event 65483 - Energy Confinement Anomaly Detected
G4WT0 > Event 65760 - Energy Confinement Anomaly Detected
G4WT0 > Event N: 66000
G4WT0 > Event 66326 - Energy Confinement Anomaly Detected
G4WT0 > Event N: 67000
G4WT0 > Event 67489 - Energy Confinement Anomaly Detected
G4WT0 > Event N: 68000
G4WT0 > Event 68187 - Energy Confinement Anomaly Detected
G4WT0 > Event N: 69000
G4WT0 > Event 69136 - Energy Confinement Anomaly Detected
G4WT0 > Event 69954 - Energy Confinement Anomaly Detected
G4WT0 > Event N: 70000
G4WT0 > Event 70895 - Energy Confinement Anomaly Detected
G4WT0 > Event N: 71000
G4WT0 > Event 71188 - Energy Confinement Anomaly Detected
G4WT0 > Event 71550 - Energy Confinement Anomaly Detected
G4WT0 > Event N: 72000
G4WT0 > Event 72003 - Energy Confinement Anomaly Detected
G4WT0 > Event 72505 - Energy Confinement Anomaly Detected
G4WT0 > Event N: 73000
G4WT0 > Event 73355 - Energy Confinement Anomaly Detected
G4WT0 > Event N: 74000
G4WT0 > Event 74371 - Energy Confinement Anomaly Detected
G4WT0 > Event N: 75000
G4WT0 > Event 75019 - Energy Confinement Anomaly Detected
G4WT0 > Event N: 76000
G4WT0 > Event 76733 - Energy Confinement Anomaly Detected
G4WT0 > Event 76987 - Energy Confinement Anomaly Detected
G4WT0 > Event N: 77000
G4WT0 > Event 77830 - Energy Confinement Anomaly Detected
G4WT0 > Event N: 78000
G4WT0 > Event 78691 - Energy Confinement Anomaly Detected
G4WT0 > Event 78700 - Energy Confinement Anomaly Detected
G4WT0 > Event N: 79000
G4WT0 > Event 79608 - Energy Confinement Anomaly Detected
G4WT0 > Event 79989 - Energy Confinement Anomaly Detected
G4WT0 > Event N: 80000
G4WT0 > Event N: 81000
G4WT0 > Event 81707 - Energy Confinement Anomaly Detected
G4WT0 > Event N: 82000
G4WT0 > Event 82890 - Energy Confinement Anomaly Detected
G4WT0 > Event N: 83000
G4WT0 > Event 83287 - Energy Confinement Anomaly Detected
G4WT0 > Event N: 84000
G4WT0 > Event 84686 - Energy Confinement Anomaly Detected
G4WT0 > Event N: 85000
G4WT0 > Event 85235 - Energy Confinement Anomaly Detected
G4WT0 > Event N: 86000
G4WT0 > Event 86062 - Energy Confinement Anomaly Detected
G4WT0 > Event N: 87000
G4WT0 > Event N: 88000
G4WT0 > Event 88862 - Energy Confinement Anomaly Detected
G4WT0 > Event N: 89000
G4WT0 > Event 89586 - Energy Confinement Anomaly Detected
G4WT0 > Event N: 90000
G4WT0 > Event 90229 - Energy Confinement Anomaly Detected
G4WT0 > Event 90397 - Energy Confinement Anomaly Detected
G4WT0 > Event N: 91000
G4WT0 > Event 91465 - Energy Confinement Anomaly Detected
G4WT0 > Event N: 92000
G4WT0 > Event 92412 - Energy Confinement Anomaly Detected
G4WT0 > Event N: 93000
G4WT0 > Event 93200 - Energy Confinement Anomaly Detected
G4WT0 > Event 93243 - Energy Confinement Anomaly Detected
G4WT0 > Event 93827 - Energy Confinement Anomaly Detected
G4WT0 > Event N: 94000
G4WT0 > Event 94029 - Energy Confinement Anomaly Detected
G4WT0 > Event 94602 - Energy Confinement Anomaly Detected
G4WT0 > Event N: 95000
G4WT0 > Event 95150 - Energy Confinement Anomaly Detected
G4WT0 > Event 95878 - Energy Confinement Anomaly Detected
G4WT0 > Event 95958 - Energy Confinement Anomaly Detected
G4WT0 > Event N: 96000
G4WT0 > Event 96832 - Energy Confinement Anomaly Detected
G4WT0 > Event N: 97000
G4WT0 > Event N: 98000
G4WT0 > Event 98477 - Energy Confinement Anomaly Detected
G4WT0 > Event 98678 - Energy Confinement Anomaly Detected
G4WT0 > Event 98834 - Energy Confinement Anomaly Detected
G4WT0 > Event N: 99000
G4WT0 > Event N: 100000
G4WT0 > [thread 0] Thread-local run terminated.
G4WT0 > [thread 0] Run Summary
G4WT0 > [thread 0]   Number of events processed : 100000
G4WT0 > [thread 0]   User=0.000000s Real=0.011109s Sys=0.000000s [Cpu=0.0%]
G4WT0 > ... write file : /data1/home/rnicolai/LEM_GDML_upgrade/OUT/Output_Geant4Simulation_20230823/DST/GDML_file_1/e-_j48_t0.root - done
G4WT0 > ... close file : /data1/home/rnicolai/LEM_GDML_upgrade/OUT/Output_Geant4Simulation_20230823/DST/GDML_file_1/e-_j48_t0.root - done
 Run terminated.
Run Summary
  Number of events processed : 100000
  User=94.230000s Real=94.889800s Sys=0.060000s [Cpu=99.4%]
0 events have been kept for refreshing and/or reviewing.
  "/vis/reviewKeptEvents" to review them one by one.
  "/vis/enable", then "/vis/viewer/flush" or "/vis/viewer/rebuild" to see them accumulated.

========= Table of registered couples ============================

Index : 0     used in the geometry : Yes
 Material : G4_Galactic
 Range cuts        :  gamma  700 um     e-  700 um     e+  700 um  proton 700 um 
 Energy thresholds :  gamma  990 eV     e-  990 eV     e+  990 eV  proton 70 keV
 Region(s) which use this couple : 
    DefaultRegionForTheWorld

Index : 1     used in the geometry : Yes
 Material : G4_Al
 Range cuts        :  gamma  700 um     e-  700 um     e+  700 um  proton 700 um 
 Energy thresholds :  gamma  5.84707 keV    e-  461.19 keV    e+  445.1 keV proton 70 keV
 Region(s) which use this couple : 
    DefaultRegionForTheWorld

Index : 2     used in the geometry : Yes
 Material : G4_Si
 Range cuts        :  gamma  700 um     e-  700 um     e+  700 um  proton 700 um 
 Energy thresholds :  gamma  5.85415 keV    e-  423.338 keV    e+  409.013 keV proton 70 keV
 Region(s) which use this couple : 
    DefaultRegionForTheWorld

Index : 3     used in the geometry : Yes
 Material : G4_BAKELITE
 Range cuts        :  gamma  700 um     e-  700 um     e+  700 um  proton 700 um 
 Energy thresholds :  gamma  2.38497 keV    e-  311.339 keV    e+  303.255 keV proton 70 keV
 Region(s) which use this couple : 
    DefaultRegionForTheWorld

Index : 4     used in the geometry : Yes
 Material : G4_PLASTIC_SC_VINYLTOLUENE
 Range cuts        :  gamma  700 um     e-  700 um     e+  700 um  proton 700 um 
 Energy thresholds :  gamma  2.09715 keV    e-  281.883 keV    e+  275.044 keV proton 70 keV
 Region(s) which use this couple : 
    DefaultRegionForTheWorld

==================================================================

### Run 1 starts.

============================================================================================
--> G4TaskRunManager::CreateAndStartWorkers() --> Creating 316 tasks with 316 events/task...
============================================================================================

G4WT0 > ### Run 1 starts on worker thread 0.
G4WT0 > ... create file : /data1/home/rnicolai/LEM_GDML_upgrade/OUT/Output_Geant4Simulation_20230823/DST/GDML_file_1/proton_j48_t0.root - done
G4WT0 > ... open analysis file : /data1/home/rnicolai/LEM_GDML_upgrade/OUT/Output_Geant4Simulation_20230823/DST/GDML_file_1/proton_j48.root - done
G4WT0 > ... open analysis file : /data1/home/rnicolai/LEM_GDML_upgrade/OUT/Output_Geant4Simulation_20230823/DST/GDML_file_1/proton_j48.root - done
G4WT0 > Event N: 1000
G4WT0 > Event 1536 - Energy Confinement Anomaly Detected
G4WT0 > Event 1681 - Energy Confinement Anomaly Detected
G4WT0 > Event N: 2000
G4WT0 > Event N: 3000
G4WT0 > Event N: 4000
G4WT0 > Event N: 5000
G4WT0 > Event N: 6000
G4WT0 > Event 6154 - Energy Confinement Anomaly Detected
G4WT0 > Event N: 7000
G4WT0 > Event N: 8000
G4WT0 > Event N: 9000
G4WT0 > Event 9273 - Energy Confinement Anomaly Detected
G4WT0 > Event 9616 - Energy Confinement Anomaly Detected
G4WT0 > Event 9805 - Energy Confinement Anomaly Detected
G4WT0 > Event N: 10000
G4WT0 > Event N: 11000
G4WT0 > Event N: 12000
G4WT0 > Event 12596 - Energy Confinement Anomaly Detected
G4WT0 > Event N: 13000
G4WT0 > Event 13008 - Energy Confinement Anomaly Detected
G4WT0 > Event N: 14000
G4WT0 > Event N: 15000
G4WT0 > Event N: 16000
G4WT0 > Event N: 17000
G4WT0 > Event 17149 - Energy Confinement Anomaly Detected
G4WT0 > Event N: 18000
G4WT0 > Event N: 19000
G4WT0 > Event 19917 - Energy Confinement Anomaly Detected
G4WT0 > Event 19965 - Energy Confinement Anomaly Detected
G4WT0 > Event N: 20000
G4WT0 > Event 20296 - Energy Confinement Anomaly Detected
G4WT0 > Event N: 21000
G4WT0 > Event 21110 - Energy Confinement Anomaly Detected
G4WT0 > Event 21535 - Energy Confinement Anomaly Detected
G4WT0 > Event 21834 - Energy Confinement Anomaly Detected
G4WT0 > Event N: 22000
G4WT0 > Event N: 23000
G4WT0 > Event N: 24000
G4WT0 > Event N: 25000
G4WT0 > Event N: 26000
G4WT0 > Event N: 27000
G4WT0 > Event N: 28000
G4WT0 > Event 28196 - Energy Confinement Anomaly Detected
G4WT0 > Event 28439 - Energy Confinement Anomaly Detected
G4WT0 > Event N: 29000
G4WT0 > Event 29416 - Energy Confinement Anomaly Detected
G4WT0 > Event N: 30000
G4WT0 > Event 30470 - Energy Confinement Anomaly Detected
G4WT0 > Event N: 31000
G4WT0 > Event 31304 - Energy Confinement Anomaly Detected
G4WT0 > Event N: 32000
G4WT0 > Event 32602 - Energy Confinement Anomaly Detected
G4WT0 > Event N: 33000
G4WT0 > Event N: 34000
G4WT0 > Event N: 35000
G4WT0 > Event N: 36000
G4WT0 > Event N: 37000
G4WT0 > Event N: 38000
G4WT0 > Event N: 39000
G4WT0 > Event N: 40000
G4WT0 > Event N: 41000
G4WT0 > Event 41228 - Energy Confinement Anomaly Detected
G4WT0 > Event 41899 - Energy Confinement Anomaly Detected
G4WT0 > Event N: 42000
G4WT0 > Event N: 43000
G4WT0 > Event N: 44000
G4WT0 > Event N: 45000
G4WT0 > Event 45205 - Energy Confinement Anomaly Detected
G4WT0 > Event 45829 - Energy Confinement Anomaly Detected
G4WT0 > Event N: 46000
G4WT0 > Event N: 47000
G4WT0 > Event 47924 - Energy Confinement Anomaly Detected
G4WT0 > Event N: 48000
G4WT0 > Event N: 49000
G4WT0 > Event N: 50000
G4WT0 > Event 50844 - Energy Confinement Anomaly Detected
G4WT0 > Event 50866 - Energy Confinement Anomaly Detected
G4WT0 > Event N: 51000
G4WT0 > Event 51144 - Energy Confinement Anomaly Detected
G4WT0 > Event 51270 - Energy Confinement Anomaly Detected
G4WT0 > Event N: 52000
G4WT0 > Event 52219 - Energy Confinement Anomaly Detected
G4WT0 > Event 52688 - Energy Confinement Anomaly Detected
G4WT0 > Event 52980 - Energy Confinement Anomaly Detected
G4WT0 > Event N: 53000
G4WT0 > Event 53270 - Energy Confinement Anomaly Detected
G4WT0 > Event 53508 - Energy Confinement Anomaly Detected
G4WT0 > Event N: 54000
G4WT0 > Event 54204 - Energy Confinement Anomaly Detected
G4WT0 > Event 54686 - Energy Confinement Anomaly Detected
G4WT0 > Event N: 55000
G4WT0 > Event 55633 - Energy Confinement Anomaly Detected
G4WT0 > Event N: 56000
G4WT0 > Event N: 57000
G4WT0 > Event N: 58000
G4WT0 > Event N: 59000
G4WT0 > Event 59506 - Energy Confinement Anomaly Detected
G4WT0 > Event N: 60000
G4WT0 > Event 60069 - Energy Confinement Anomaly Detected
G4WT0 > Event N: 61000
G4WT0 > Event 61664 - Energy Confinement Anomaly Detected
G4WT0 > Event N: 62000
G4WT0 > Event N: 63000
G4WT0 > Event N: 64000
G4WT0 > Event N: 65000
G4WT0 > Event N: 66000
G4WT0 > Event 66139 - Energy Confinement Anomaly Detected
G4WT0 > Event N: 67000
G4WT0 > Event 67514 - Energy Confinement Anomaly Detected
G4WT0 > Event 67532 - Energy Confinement Anomaly Detected
G4WT0 > Event N: 68000
G4WT0 > Event 68597 - Energy Confinement Anomaly Detected
G4WT0 > Event 68806 - Energy Confinement Anomaly Detected
G4WT0 > Event N: 69000
G4WT0 > Event N: 70000
G4WT0 > Event 70110 - Energy Confinement Anomaly Detected
G4WT0 > Event N: 71000
G4WT0 > Event N: 72000
G4WT0 > Event N: 73000
G4WT0 > Event N: 74000
G4WT0 > Event 74994 - Energy Confinement Anomaly Detected
G4WT0 > Event N: 75000
G4WT0 > Event N: 76000
G4WT0 > Event 76765 - Energy Confinement Anomaly Detected
G4WT0 > Event N: 77000
G4WT0 > Event 77787 - Energy Confinement Anomaly Detected
G4WT0 > Event N: 78000
G4WT0 > Event N: 79000
G4WT0 > Event 79596 - Energy Confinement Anomaly Detected
G4WT0 > Event N: 80000
G4WT0 > Event 80487 - Energy Confinement Anomaly Detected
G4WT0 > Event N: 81000
G4WT0 > Event N: 82000
G4WT0 > Event 82872 - Energy Confinement Anomaly Detected
G4WT0 > Event 82924 - Energy Confinement Anomaly Detected
G4WT0 > Event N: 83000
G4WT0 > Event N: 84000
G4WT0 > Event 84043 - Energy Confinement Anomaly Detected
G4WT0 > Event N: 85000
G4WT0 > Event N: 86000
G4WT0 > Event N: 87000
G4WT0 > Event N: 88000
G4WT0 > Event N: 89000
G4WT0 > Event N: 90000
G4WT0 > Event 90791 - Energy Confinement Anomaly Detected
G4WT0 > Event N: 91000
G4WT0 > Event 91755 - Energy Confinement Anomaly Detected
G4WT0 > Event N: 92000
G4WT0 > Event N: 93000
G4WT0 > Event N: 94000
G4WT0 > Event N: 95000
G4WT0 > Event N: 96000
G4WT0 > Event 96310 - Energy Confinement Anomaly Detected
G4WT0 > Event 96526 - Energy Confinement Anomaly Detected
G4WT0 > Event N: 97000
G4WT0 > Event N: 98000
G4WT0 > Event N: 99000
G4WT0 > Event N: 100000
G4WT0 > [thread 0] Thread-local run terminated.
G4WT0 > [thread 0] Run Summary
G4WT0 > [thread 0]   Number of events processed : 100000
G4WT0 > [thread 0]   User=0.000000s Real=0.011016s Sys=0.000000s [Cpu=0.0%]
G4WT0 > ... write file : /data1/home/rnicolai/LEM_GDML_upgrade/OUT/Output_Geant4Simulation_20230823/DST/GDML_file_1/proton_j48_t0.root - done
G4WT0 > ... close file : /data1/home/rnicolai/LEM_GDML_upgrade/OUT/Output_Geant4Simulation_20230823/DST/GDML_file_1/proton_j48_t0.root - done
 Run terminated.
Run Summary
  Number of events processed : 100000
  User=54.370000s Real=55.942392s Sys=0.030000s [Cpu=97.2%]
0 events have been kept for refreshing and/or reviewing.
  "/vis/reviewKeptEvents" to review them one by one.
  "/vis/enable", then "/vis/viewer/flush" or "/vis/viewer/rebuild" to see them accumulated.

========= Table of registered couples ============================

Index : 0     used in the geometry : Yes
 Material : G4_Galactic
 Range cuts        :  gamma  700 um     e-  700 um     e+  700 um  proton 700 um 
 Energy thresholds :  gamma  990 eV     e-  990 eV     e+  990 eV  proton 70 keV
 Region(s) which use this couple : 
    DefaultRegionForTheWorld

Index : 1     used in the geometry : Yes
 Material : G4_Al
 Range cuts        :  gamma  700 um     e-  700 um     e+  700 um  proton 700 um 
 Energy thresholds :  gamma  5.84707 keV    e-  461.19 keV    e+  445.1 keV proton 70 keV
 Region(s) which use this couple : 
    DefaultRegionForTheWorld

Index : 2     used in the geometry : Yes
 Material : G4_Si
 Range cuts        :  gamma  700 um     e-  700 um     e+  700 um  proton 700 um 
 Energy thresholds :  gamma  5.85415 keV    e-  423.338 keV    e+  409.013 keV proton 70 keV
 Region(s) which use this couple : 
    DefaultRegionForTheWorld

Index : 3     used in the geometry : Yes
 Material : G4_BAKELITE
 Range cuts        :  gamma  700 um     e-  700 um     e+  700 um  proton 700 um 
 Energy thresholds :  gamma  2.38497 keV    e-  311.339 keV    e+  303.255 keV proton 70 keV
 Region(s) which use this couple : 
    DefaultRegionForTheWorld

Index : 4     used in the geometry : Yes
 Material : G4_PLASTIC_SC_VINYLTOLUENE
 Range cuts        :  gamma  700 um     e-  700 um     e+  700 um  proton 700 um 
 Energy thresholds :  gamma  2.09715 keV    e-  281.883 keV    e+  275.044 keV proton 70 keV
 Region(s) which use this couple : 
    DefaultRegionForTheWorld

==================================================================

### Run 2 starts.

============================================================================================
--> G4TaskRunManager::CreateAndStartWorkers() --> Creating 316 tasks with 316 events/task...
============================================================================================

G4WT0 > ### Run 2 starts on worker thread 0.
G4WT0 > ... create file : /data1/home/rnicolai/LEM_GDML_upgrade/OUT/Output_Geant4Simulation_20230823/DST/GDML_file_1/alpha_j48_t0.root - done
G4WT0 > ... open analysis file : /data1/home/rnicolai/LEM_GDML_upgrade/OUT/Output_Geant4Simulation_20230823/DST/GDML_file_1/alpha_j48.root - done
G4WT0 > ... open analysis file : /data1/home/rnicolai/LEM_GDML_upgrade/OUT/Output_Geant4Simulation_20230823/DST/GDML_file_1/alpha_j48.root - done
G4WT0 > Event N: 1000
G4WT0 > Event 1511 - Energy Confinement Anomaly Detected
G4WT0 > Event 1794 - Energy Confinement Anomaly Detected
G4WT0 > Event N: 2000
G4WT0 > Event N: 3000
G4WT0 > Event N: 4000
G4WT0 > Event N: 5000
G4WT0 > Event N: 6000
G4WT0 > Event N: 7000
G4WT0 > Event 7966 - Energy Confinement Anomaly Detected
G4WT0 > Event N: 8000
G4WT0 > Event 8730 - Energy Confinement Anomaly Detected
G4WT0 > Event N: 9000
G4WT0 > Event N: 10000
G4WT0 > Event N: 11000
G4WT0 > Event N: 12000
G4WT0 > Event 12690 - Energy Confinement Anomaly Detected
G4WT0 > Event 12692 - Energy Confinement Anomaly Detected
G4WT0 > Event N: 13000
G4WT0 > Event 13926 - Energy Confinement Anomaly Detected
G4WT0 > Event N: 14000
G4WT0 > Event 14320 - Energy Confinement Anomaly Detected
G4WT0 > Event 14322 - Energy Confinement Anomaly Detected
G4WT0 > Event N: 15000
G4WT0 > Event N: 16000
G4WT0 > Event 16565 - Energy Confinement Anomaly Detected
G4WT0 > Event N: 17000
G4WT0 > Event N: 18000
G4WT0 > Event N: 19000
G4WT0 > Event 19644 - Energy Confinement Anomaly Detected
G4WT0 > Event N: 20000
G4WT0 > Event 20918 - Energy Confinement Anomaly Detected
G4WT0 > Event N: 21000
G4WT0 > Event 21773 - Energy Confinement Anomaly Detected
G4WT0 > Event N: 22000
G4WT0 > Event 22724 - Energy Confinement Anomaly Detected
G4WT0 > Event 22726 - Energy Confinement Anomaly Detected
G4WT0 > Event N: 23000
G4WT0 > Event N: 24000
G4WT0 > Event 24762 - Energy Confinement Anomaly Detected
G4WT0 > Event N: 25000
G4WT0 > Event N: 26000
G4WT0 > Event 26277 - Energy Confinement Anomaly Detected
G4WT0 > Event N: 27000
G4WT0 > Event N: 28000
G4WT0 > Event 28139 - Energy Confinement Anomaly Detected
G4WT0 > Event N: 29000
G4WT0 > Event 29944 - Energy Confinement Anomaly Detected
G4WT0 > Event N: 30000
G4WT0 > Event 30740 - Energy Confinement Anomaly Detected
G4WT0 > Event N: 31000
G4WT0 > Event N: 32000
G4WT0 > Event 32752 - Energy Confinement Anomaly Detected
G4WT0 > Event N: 33000
G4WT0 > Event N: 34000
G4WT0 > Event N: 35000
G4WT0 > Event N: 36000
G4WT0 > Event 36996 - Energy Confinement Anomaly Detected
G4WT0 > Event N: 37000
G4WT0 > Event 37002 - Energy Confinement Anomaly Detected
G4WT0 > Event 37257 - Energy Confinement Anomaly Detected
G4WT0 > Event N: 38000
G4WT0 > Event N: 39000
G4WT0 > Event N: 40000
G4WT0 > Event N: 41000
G4WT0 > Event 41015 - Energy Confinement Anomaly Detected
G4WT0 > Event N: 42000
G4WT0 > Event 42289 - Energy Confinement Anomaly Detected
G4WT0 > Event 42348 - Energy Confinement Anomaly Detected
G4WT0 > Event N: 43000
G4WT0 > Event N: 44000
G4WT0 > Event N: 45000
G4WT0 > Event N: 46000
G4WT0 > Event 46130 - Energy Confinement Anomaly Detected
G4WT0 > Event N: 47000
G4WT0 > Event 47421 - Energy Confinement Anomaly Detected
G4WT0 > Event N: 48000
G4WT0 > Event N: 49000
G4WT0 > Event N: 50000
G4WT0 > Event 50943 - Energy Confinement Anomaly Detected
G4WT0 > Event N: 51000
G4WT0 > Event N: 52000
G4WT0 > Event 52132 - Energy Confinement Anomaly Detected
G4WT0 > Event 52773 - Energy Confinement Anomaly Detected
G4WT0 > Event N: 53000
G4WT0 > Event 53160 - Energy Confinement Anomaly Detected
G4WT0 > Event N: 54000
G4WT0 > Event 54642 - Energy Confinement Anomaly Detected
G4WT0 > Event N: 55000
G4WT0 > Event 55966 - Energy Confinement Anomaly Detected
G4WT0 > Event N: 56000
G4WT0 > Event N: 57000
G4WT0 > Event N: 58000
G4WT0 > Event 58378 - Energy Confinement Anomaly Detected
G4WT0 > Event N: 59000
G4WT0 > Event N: 60000
G4WT0 > Event N: 61000
G4WT0 > Event N: 62000
G4WT0 > Event N: 63000
G4WT0 > Event 63175 - Energy Confinement Anomaly Detected
G4WT0 > Event 63442 - Energy Confinement Anomaly Detected
G4WT0 > Event N: 64000
G4WT0 > Event N: 65000
G4WT0 > Event N: 66000
G4WT0 > Event N: 67000
G4WT0 > Event 67097 - Energy Confinement Anomaly Detected
G4WT0 > Event N: 68000
G4WT0 > Event N: 69000
G4WT0 > Event N: 70000
G4WT0 > Event N: 71000
G4WT0 > Event N: 72000
G4WT0 > Event N: 73000
G4WT0 > Event 73468 - Energy Confinement Anomaly Detected
G4WT0 > Event N: 74000
G4WT0 > Event 74389 - Energy Confinement Anomaly Detected
G4WT0 > Event N: 75000
G4WT0 > Event 75041 - Energy Confinement Anomaly Detected
G4WT0 > Event 75052 - Energy Confinement Anomaly Detected
G4WT0 > Event N: 76000
G4WT0 > Event 76174 - Energy Confinement Anomaly Detected
G4WT0 > Event N: 77000
G4WT0 > Event 77438 - Energy Confinement Anomaly Detected
G4WT0 > Event N: 78000
G4WT0 > Event 78115 - Energy Confinement Anomaly Detected
G4WT0 > Event 78224 - Energy Confinement Anomaly Detected
G4WT0 > Event N: 79000
G4WT0 > Event 79378 - Energy Confinement Anomaly Detected
G4WT0 > Event 79456 - Energy Confinement Anomaly Detected
G4WT0 > Event N: 80000
G4WT0 > Event 80157 - Energy Confinement Anomaly Detected
G4WT0 > Event 80484 - Energy Confinement Anomaly Detected
G4WT0 > Event N: 81000
G4WT0 > Event 81450 - Energy Confinement Anomaly Detected
G4WT0 > Event N: 82000
G4WT0 > Event 82235 - Energy Confinement Anomaly Detected
G4WT0 > Event N: 83000
G4WT0 > Event 83711 - Energy Confinement Anomaly Detected
G4WT0 > Event N: 84000
G4WT0 > Event N: 85000
G4WT0 > Event 85557 - Energy Confinement Anomaly Detected
G4WT0 > Event N: 86000
G4WT0 > Event N: 87000
G4WT0 > Event 87500 - Energy Confinement Anomaly Detected
G4WT0 > Event N: 88000
G4WT0 > Event N: 89000
G4WT0 > Event N: 90000
G4WT0 > Event N: 91000
G4WT0 > Event N: 92000
G4WT0 > Event N: 93000
G4WT0 > Event 93292 - Energy Confinement Anomaly Detected
G4WT0 > Event 93393 - Energy Confinement Anomaly Detected
G4WT0 > Event N: 94000
G4WT0 > Event 94751 - Energy Confinement Anomaly Detected
G4WT0 > Event N: 95000
G4WT0 > Event N: 96000
G4WT0 > Event 96434 - Energy Confinement Anomaly Detected
G4WT0 > Event N: 97000
G4WT0 > Event 97214 - Energy Confinement Anomaly Detected
G4WT0 > Event N: 98000
G4WT0 > Event N: 99000
G4WT0 > Event N: 100000
G4WT0 > [thread 0] Thread-local run terminated.
G4WT0 > [thread 0] Run Summary
G4WT0 > [thread 0]   Number of events processed : 100000
G4WT0 > [thread 0]   User=0.010000s Real=0.003762s Sys=0.000000s [Cpu=265.8%]
G4WT0 > ... write file : /data1/home/rnicolai/LEM_GDML_upgrade/OUT/Output_Geant4Simulation_20230823/DST/GDML_file_1/alpha_j48_t0.root - done
G4WT0 > ... close file : /data1/home/rnicolai/LEM_GDML_upgrade/OUT/Output_Geant4Simulation_20230823/DST/GDML_file_1/alpha_j48_t0.root - done
 Run terminated.
Run Summary
  Number of events processed : 100000
  User=55.670000s Real=56.219964s Sys=0.030000s [Cpu=99.1%]
0 events have been kept for refreshing and/or reviewing.
  "/vis/reviewKeptEvents" to review them one by one.
  "/vis/enable", then "/vis/viewer/flush" or "/vis/viewer/rebuild" to see them accumulated.
Graphics systems deleted.
Visualization Manager deleting...
G4WT0 > Destroying WorkerRunManager (0x2b8064049d70)
G4WT0 > G4 kernel has come to Quit state.
G4WT0 > ================== Deleting memory pools ===================
G4WT0 > Number of memory pools allocated: 14; of which, static: 0
G4WT0 > Dynamic pools deleted: 14 / Total memory freed: 0.068 MB
G4WT0 > ============================================================
G4WT0 > Thread-local UImanager is to be deleted.
G4WT0 > There should not be any thread-local G4cout/G4cerr hereafter.
ThreadPool destroyed
G4 kernel has come to Quit state.
================== Deleting memory pools ===================
Number of memory pools allocated: 5; of which, static: 0
Dynamic pools deleted: 5 / Total memory freed: 0.013 MB
============================================================
RunManagerKernel is deleted. Good bye :)
