Ciao! I'm monitoring
Entering in Monitoring
TotNumberEvents_computed 42000000
['e-', 'proton', 'alpha']
{"ok":true,"result":{"message_id":11084,"sender_chat":{"id":-1001921335158,"title":"\ud83d\udc0d\ud83d\udce9\ud83d\udc0d G4 status \ud83d\udc0d\ud83d\udce9\ud83d\udc0d","username":"ilmiobotpernotifiche","type":"channel"},"chat":{"id":-1001921335158,"title":"\ud83d\udc0d\ud83d\udce9\ud83d\udc0d G4 status \ud83d\udc0d\ud83d\udce9\ud83d\udc0d","username":"ilmiobotpernotifiche","type":"channel"},"date":1692792981,"text":"Statistics\nEvents processed\n0 / 42000000\n.ooo00ooo..ooo00ooo.\nF0:  -  -  -  -  -  -  -  -  -  -  -  -  -  -  -  -  -  -  -  -  -  -  -  -  -  -  -  -  -  -  -  -  -  -  -  -  -  -  -  -  -  -  -  -  -  -  -  -  -  -  -  -  -  -  -  -  -  -  -  -  -  -  -  -  -  -  -  -  -  - \n\nF1:  -  -  -  -  -  -  -  -  -  -  -  -  -  -  -  -  -  -  -  -  -  -  -  -  -  -  -  -  -  -  -  -  -  -  -  -  -  -  -  -  -  -  -  -  -  -  -  -  -  -  -  -  -  -  -  -  -  -  -  -  -  -  -  -  -  -  -  -  -  - \n\n.ooo00ooo..ooo00ooo.\nTot Percentage: 0.0\nTime elapsed: 20.00167942047119 seconds","entities":[{"offset":0,"length":10,"type":"bold"},{"offset":11,"length":16,"type":"bold"},{"offset":41,"length":20,"type":"bold"},{"offset":494,"length":20,"type":"bold"},{"offset":515,"length":14,"type":"bold"},{"offset":535,"length":12,"type":"bold"}]}}
<b>Statistics</b>
<b>Events processed</b>
0 / 42000000
<b>.ooo00ooo..ooo00ooo.</b>
F0:  -  -  -  -  -  -  -  -  -  -  -  -  -  -  -  -  -  -  -  -  -  -  -  -  -  -  -  -  -  -  -  -  -  -  -  -  -  -  -  -  -  -  -  -  -  -  -  -  -  -  -  -  -  -  -  -  -  -  -  -  -  -  -  -  -  -  -  -  -  - 

F1:  -  -  -  -  -  -  -  -  -  -  -  -  -  -  -  -  -  -  -  -  -  -  -  -  -  -  -  -  -  -  -  -  -  -  -  -  -  -  -  -  -  -  -  -  -  -  -  -  -  -  -  -  -  -  -  -  -  -  -  -  -  -  -  -  -  -  -  -  -  - 

<b>.ooo00ooo..ooo00ooo.</b>
<b>Tot Percentage</b>: 0.0
<b>Time elapsed</b>: 20.00167942047119 seconds

{"ok":true,"result":{"message_id":11087,"sender_chat":{"id":-1001921335158,"title":"\ud83d\udc0d\ud83d\udce9\ud83d\udc0d G4 status \ud83d\udc0d\ud83d\udce9\ud83d\udc0d","username":"ilmiobotpernotifiche","type":"channel"},"chat":{"id":-1001921335158,"title":"\ud83d\udc0d\ud83d\udce9\ud83d\udc0d G4 status \ud83d\udc0d\ud83d\udce9\ud83d\udc0d","username":"ilmiobotpernotifiche","type":"channel"},"date":1692793001,"text":"Statistics\nEvents processed\n840000 / 42000000\n.ooo00ooo..ooo00ooo.\nF0:  -  -  20e%  20e%  -  -  -  -  20e%  -  -  -  -  -  -  20e%  -  -  20e%  -  -  20e%  -  -  20e%  -  20e%  20e%  -  -  20e%  -  20e%  -  -  20e%  -  -  20e%  20e%  -  -  20e%  -  20e%  20e%  -  -  -  -  -  20e%  -  -  -  20e%  -  -  -  -  20e%  20e%  20e%  -  -  20e%  20e%  -  20e%  - \n\nF1:  20e%  20e%  20e%  -  -  -  -  20e%  20e%  -  -  20e%  -  -  -  -  20e%  -  -  -  -  -  20e%  20e%  -  20e%  -  -  -  20e%  -  20e%  -  20e%  -  -  -  -  -  -  -  20e%  -  -  -  -  -  -  -  20e%  20e%  -  20e%  20e%  20e%  -  20e%  -  -  -  -  -  20e%  -  -  -  -  -  -  - \n\n.ooo00ooo..ooo00ooo.\nTot Percentage: 2.0\nTime elapsed: 40.00812339782715 seconds","entities":[{"offset":0,"length":10,"type":"bold"},{"offset":11,"length":16,"type":"bold"},{"offset":46,"length":20,"type":"bold"},{"offset":637,"length":20,"type":"bold"},{"offset":658,"length":14,"type":"bold"},{"offset":678,"length":12,"type":"bold"},{"offset":695,"length":14,"type":"phone_number"}]}}
<b>Statistics</b>
<b>Events processed</b>
840000 / 42000000
<b>.ooo00ooo..ooo00ooo.</b>
F0:  -  -  20e%  20e%  -  -  -  -  20e%  -  -  -  -  -  -  20e%  -  -  20e%  -  -  20e%  -  -  20e%  -  20e%  20e%  -  -  20e%  -  20e%  -  -  20e%  -  -  20e%  20e%  -  -  20e%  -  20e%  20e%  -  -  -  -  -  20e%  -  -  -  20e%  -  -  -  -  20e%  20e%  20e%  -  -  20e%  20e%  -  20e%  - 

F1:  20e%  20e%  20e%  -  -  -  -  20e%  20e%  -  -  20e%  -  -  -  -  20e%  -  -  -  -  -  20e%  20e%  -  20e%  -  -  -  20e%  -  20e%  -  20e%  -  -  -  -  -  -  -  20e%  -  -  -  -  -  -  -  20e%  20e%  -  20e%  20e%  20e%  -  20e%  -  -  -  -  -  20e%  -  -  -  -  -  -  - 

<b>.ooo00ooo..ooo00ooo.</b>
<b>Tot Percentage</b>: 2.0
<b>Time elapsed</b>: 40.00812339782715 seconds

{"ok":true,"result":{"message_id":11089,"sender_chat":{"id":-1001921335158,"title":"\ud83d\udc0d\ud83d\udce9\ud83d\udc0d G4 status \ud83d\udc0d\ud83d\udce9\ud83d\udc0d","username":"ilmiobotpernotifiche","type":"channel"},"chat":{"id":-1001921335158,"title":"\ud83d\udc0d\ud83d\udce9\ud83d\udc0d G4 status \ud83d\udc0d\ud83d\udce9\ud83d\udc0d","username":"ilmiobotpernotifiche","type":"channel"},"date":1692793021,"text":"Statistics\nEvents processed\n2760000 / 42000000\n.ooo00ooo..ooo00ooo.\nF0:  10e%  20e%  40e%  40e%  -  20e%  20e%  10e%  30e%  10e%  -  20e%  -  20e%  -  40e%  10e%  -  40e%  20e%  -  30e%  -  20e%  40e%  10e%  40e%  30e%  20e%  -  30e%  20e%  40e%  10e%  -  40e%  20e%  10e%  30e%  40e%  -  -  30e%  10e%  30e%  40e%  10e%  10e%  -  10e%  10e%  40e%  -  20e%  20e%  30e%  -  10e%  10e%  10e%  30e%  40e%  40e%  -  -  40e%  40e%  -  40e%  10e% \n\nF1:  40e%  40e%  40e%  10e%  10e%  -  10e%  40e%  40e%  10e%  -  40e%  20e%  10e%  10e%  -  40e%  10e%  20e%  -  20e%  -  40e%  40e%  10e%  40e%  10e%  -  -  40e%  20e%  40e%  20e%  40e%  20e%  10e%  20e%  10e%  20e%  10e%  10e%  40e%  20e%  -  20e%  20e%  10e%  10e%  20e%  40e%  40e%  -  40e%  40e%  40e%  -  40e%  -  10e%  20e%  -  20e%  40e%  20e%  20e%  20e%  10e%  -  20e%  10e% \n\n.ooo00ooo..ooo00ooo.\nTot Percentage: 6.571428571428571\nTime elapsed: 60.05335831642151 seconds","entities":[{"offset":0,"length":10,"type":"bold"},{"offset":11,"length":16,"type":"bold"},{"offset":47,"length":20,"type":"bold"},{"offset":830,"length":20,"type":"bold"},{"offset":851,"length":14,"type":"bold"},{"offset":885,"length":12,"type":"bold"}]}}
<b>Statistics</b>
<b>Events processed</b>
2760000 / 42000000
<b>.ooo00ooo..ooo00ooo.</b>
F0:  10e%  20e%  40e%  40e%  -  20e%  20e%  10e%  30e%  10e%  -  20e%  -  20e%  -  40e%  10e%  -  40e%  20e%  -  30e%  -  20e%  40e%  10e%  40e%  30e%  20e%  -  30e%  20e%  40e%  10e%  -  40e%  20e%  10e%  30e%  40e%  -  -  30e%  10e%  30e%  40e%  10e%  10e%  -  10e%  10e%  40e%  -  20e%  20e%  30e%  -  10e%  10e%  10e%  30e%  40e%  40e%  -  -  40e%  40e%  -  40e%  10e% 

F1:  40e%  40e%  40e%  10e%  10e%  -  10e%  40e%  40e%  10e%  -  40e%  20e%  10e%  10e%  -  40e%  10e%  20e%  -  20e%  -  40e%  40e%  10e%  40e%  10e%  -  -  40e%  20e%  40e%  20e%  40e%  20e%  10e%  20e%  10e%  20e%  10e%  10e%  40e%  20e%  -  20e%  20e%  10e%  10e%  20e%  40e%  40e%  -  40e%  40e%  40e%  -  40e%  -  10e%  20e%  -  20e%  40e%  20e%  20e%  20e%  10e%  -  20e%  10e% 

<b>.ooo00ooo..ooo00ooo.</b>
<b>Tot Percentage</b>: 6.571428571428571
<b>Time elapsed</b>: 60.05335831642151 seconds

{"ok":true,"result":{"message_id":11091,"sender_chat":{"id":-1001921335158,"title":"\ud83d\udc0d\ud83d\udce9\ud83d\udc0d G4 status \ud83d\udc0d\ud83d\udce9\ud83d\udc0d","username":"ilmiobotpernotifiche","type":"channel"},"chat":{"id":-1001921335158,"title":"\ud83d\udc0d\ud83d\udce9\ud83d\udc0d G4 status \ud83d\udc0d\ud83d\udce9\ud83d\udc0d","username":"ilmiobotpernotifiche","type":"channel"},"date":1692793041,"text":"Statistics\nEvents processed\n5060000 / 42000000\n.ooo00ooo..ooo00ooo.\nF0:  30e%  40e%  50e%  50e%  -  30e%  40e%  30e%  50e%  30e%  -  30e%  -  30e%  -  50e%  30e%  -  60e%  40e%  -  50e%  -  30e%  50e%  30e%  50e%  50e%  30e%  -  50e%  30e%  60e%  30e%  -  60e%  30e%  30e%  50e%  50e%  -  -  50e%  30e%  50e%  50e%  30e%  30e%  -  30e%  30e%  60e%  -  30e%  40e%  50e%  -  30e%  30e%  30e%  50e%  50e%  50e%  -  -  50e%  50e%  -  50e%  30e% \n\nF1:  60e%  60e%  60e%  30e%  30e%  -  30e%  60e%  60e%  30e%  -  60e%  40e%  30e%  30e%  -  60e%  30e%  40e%  -  40e%  -  60e%  60e%  30e%  70e%  30e%  -  -  60e%  40e%  60e%  40e%  60e%  40e%  30e%  40e%  30e%  40e%  30e%  30e%  60e%  40e%  -  40e%  40e%  30e%  30e%  40e%  60e%  60e%  -  60e%  60e%  60e%  -  60e%  -  30e%  40e%  -  40e%  60e%  40e%  40e%  40e%  30e%  -  40e%  30e% \n\n.ooo00ooo..ooo00ooo.\nTot Percentage: 12.047619047619047\nTime elapsed: 80.1356999874115 seconds","entities":[{"offset":0,"length":10,"type":"bold"},{"offset":11,"length":16,"type":"bold"},{"offset":47,"length":20,"type":"bold"},{"offset":830,"length":20,"type":"bold"},{"offset":851,"length":14,"type":"bold"},{"offset":886,"length":12,"type":"bold"}]}}
<b>Statistics</b>
<b>Events processed</b>
5060000 / 42000000
<b>.ooo00ooo..ooo00ooo.</b>
F0:  30e%  40e%  50e%  50e%  -  30e%  40e%  30e%  50e%  30e%  -  30e%  -  30e%  -  50e%  30e%  -  60e%  40e%  -  50e%  -  30e%  50e%  30e%  50e%  50e%  30e%  -  50e%  30e%  60e%  30e%  -  60e%  30e%  30e%  50e%  50e%  -  -  50e%  30e%  50e%  50e%  30e%  30e%  -  30e%  30e%  60e%  -  30e%  40e%  50e%  -  30e%  30e%  30e%  50e%  50e%  50e%  -  -  50e%  50e%  -  50e%  30e% 

F1:  60e%  60e%  60e%  30e%  30e%  -  30e%  60e%  60e%  30e%  -  60e%  40e%  30e%  30e%  -  60e%  30e%  40e%  -  40e%  -  60e%  60e%  30e%  70e%  30e%  -  -  60e%  40e%  60e%  40e%  60e%  40e%  30e%  40e%  30e%  40e%  30e%  30e%  60e%  40e%  -  40e%  40e%  30e%  30e%  40e%  60e%  60e%  -  60e%  60e%  60e%  -  60e%  -  30e%  40e%  -  40e%  60e%  40e%  40e%  40e%  30e%  -  40e%  30e% 

<b>.ooo00ooo..ooo00ooo.</b>
<b>Tot Percentage</b>: 12.047619047619047
<b>Time elapsed</b>: 80.1356999874115 seconds

{"ok":true,"result":{"message_id":11092,"sender_chat":{"id":-1001921335158,"title":"\ud83d\udc0d\ud83d\udce9\ud83d\udc0d G4 status \ud83d\udc0d\ud83d\udce9\ud83d\udc0d","username":"ilmiobotpernotifiche","type":"channel"},"chat":{"id":-1001921335158,"title":"\ud83d\udc0d\ud83d\udce9\ud83d\udc0d G4 status \ud83d\udc0d\ud83d\udce9\ud83d\udc0d","username":"ilmiobotpernotifiche","type":"channel"},"date":1692793061,"text":"Statistics\nEvents processed\n7340000 / 42000000\n.ooo00ooo..ooo00ooo.\nF0:  50e%  50e%  70e%  70e%  -  50e%  50e%  50e%  70e%  50e%  -  50e%  -  50e%  -  70e%  50e%  -  70e%  50e%  -  70e%  -  50e%  70e%  50e%  70e%  70e%  50e%  -  70e%  50e%  80e%  50e%  -  70e%  50e%  50e%  70e%  70e%  -  -  70e%  50e%  70e%  70e%  50e%  50e%  -  50e%  50e%  70e%  -  50e%  50e%  70e%  -  50e%  50e%  50e%  70e%  70e%  70e%  -  -  70e%  70e%  -  70e%  50e% \n\nF1:  80e%  80e%  80e%  50e%  50e%  -  50e%  80e%  80e%  50e%  -  80e%  60e%  50e%  50e%  -  80e%  50e%  60e%  -  60e%  -  80e%  80e%  50e%  90e%  50e%  -  -  80e%  60e%  80e%  60e%  80e%  60e%  50e%  60e%  50e%  60e%  50e%  50e%  80e%  60e%  -  60e%  60e%  50e%  50e%  60e%  80e%  80e%  -  80e%  80e%  80e%  -  80e%  -  50e%  60e%  -  60e%  80e%  60e%  60e%  60e%  50e%  -  60e%  50e% \n\n.ooo00ooo..ooo00ooo.\nTot Percentage: 17.476190476190474\nTime elapsed: 100.16863989830017 seconds","entities":[{"offset":0,"length":10,"type":"bold"},{"offset":11,"length":16,"type":"bold"},{"offset":47,"length":20,"type":"bold"},{"offset":830,"length":20,"type":"bold"},{"offset":851,"length":14,"type":"bold"},{"offset":886,"length":12,"type":"bold"}]}}
<b>Statistics</b>
<b>Events processed</b>
7340000 / 42000000
<b>.ooo00ooo..ooo00ooo.</b>
F0:  50e%  50e%  70e%  70e%  -  50e%  50e%  50e%  70e%  50e%  -  50e%  -  50e%  -  70e%  50e%  -  70e%  50e%  -  70e%  -  50e%  70e%  50e%  70e%  70e%  50e%  -  70e%  50e%  80e%  50e%  -  70e%  50e%  50e%  70e%  70e%  -  -  70e%  50e%  70e%  70e%  50e%  50e%  -  50e%  50e%  70e%  -  50e%  50e%  70e%  -  50e%  50e%  50e%  70e%  70e%  70e%  -  -  70e%  70e%  -  70e%  50e% 

F1:  80e%  80e%  80e%  50e%  50e%  -  50e%  80e%  80e%  50e%  -  80e%  60e%  50e%  50e%  -  80e%  50e%  60e%  -  60e%  -  80e%  80e%  50e%  90e%  50e%  -  -  80e%  60e%  80e%  60e%  80e%  60e%  50e%  60e%  50e%  60e%  50e%  50e%  80e%  60e%  -  60e%  60e%  50e%  50e%  60e%  80e%  80e%  -  80e%  80e%  80e%  -  80e%  -  50e%  60e%  -  60e%  80e%  60e%  60e%  60e%  50e%  -  60e%  50e% 

<b>.ooo00ooo..ooo00ooo.</b>
<b>Tot Percentage</b>: 17.476190476190474
<b>Time elapsed</b>: 100.16863989830017 seconds

https://api.telegram.org/bot6170289274:AAFny2C4lJTWQoX6SUR_p7h1_NRM4rVcgCM/sendPhoto
{"ok":true,"result":{"message_id":11094,"sender_chat":{"id":-1001921335158,"title":"\ud83d\udc0d\ud83d\udce9\ud83d\udc0d G4 status \ud83d\udc0d\ud83d\udce9\ud83d\udc0d","username":"ilmiobotpernotifiche","type":"channel"},"chat":{"id":-1001921335158,"title":"\ud83d\udc0d\ud83d\udce9\ud83d\udc0d G4 status \ud83d\udc0d\ud83d\udce9\ud83d\udc0d","username":"ilmiobotpernotifiche","type":"channel"},"date":1692793082,"photo":[{"file_id":"AgACAgQAAx0EcoU_dgACK1Zk5fj51EmBjE2bz3ysl1o3q-lJpQACz70xG5DMMVN39FJFQBp1igEAAwIAA3MAAzAE","file_unique_id":"AQADz70xG5DMMVN4","file_size":651,"width":90,"height":54},{"file_id":"AgACAgQAAx0EcoU_dgACK1Zk5fj51EmBjE2bz3ysl1o3q-lJpQACz70xG5DMMVN39FJFQBp1igEAAwIAA20AAzAE","file_unique_id":"AQADz70xG5DMMVNy","file_size":7416,"width":320,"height":192},{"file_id":"AgACAgQAAx0EcoU_dgACK1Zk5fj51EmBjE2bz3ysl1o3q-lJpQACz70xG5DMMVN39FJFQBp1igEAAwIAA3gAAzAE","file_unique_id":"AQADz70xG5DMMVN9","file_size":26283,"width":800,"height":480},{"file_id":"AgACAgQAAx0EcoU_dgACK1Zk5fj51EmBjE2bz3ysl1o3q-lJpQACz70xG5DMMVN39FJFQBp1igEAAwIAA3kAAzAE","file_unique_id":"AQADz70xG5DMMVN-","file_size":49024,"width":1280,"height":768},{"file_id":"AgACAgQAAx0EcoU_dgACK1Zk5fj51EmBjE2bz3ysl1o3q-lJpQACz70xG5DMMVN39FJFQBp1igEAAwIAA3cAAzAE","file_unique_id":"AQADz70xG5DMMVN8","file_size":86563,"width":2000,"height":1200}]}}
{"ok":true,"result":{"message_id":11097,"sender_chat":{"id":-1001921335158,"title":"\ud83d\udc0d\ud83d\udce9\ud83d\udc0d G4 status \ud83d\udc0d\ud83d\udce9\ud83d\udc0d","username":"ilmiobotpernotifiche","type":"channel"},"chat":{"id":-1001921335158,"title":"\ud83d\udc0d\ud83d\udce9\ud83d\udc0d G4 status \ud83d\udc0d\ud83d\udce9\ud83d\udc0d","username":"ilmiobotpernotifiche","type":"channel"},"date":1692793083,"text":"Statistics\nEvents processed\n10300000 / 42000000\n.ooo00ooo..ooo00ooo.\nF0:  60e%  70e%  90e%  90e%  -  70e%  70e%  60e%  90e%  70e%  -  70e%  -  70e%  -  90e%  70e%  -  90e%  70e%  -  90e%  -  70e%  90e%  60e%  90e%  90e%  70e%  -  90e%  70e%  100e%  70e%  -  90e%  70e%  70e%  90e%  90e%  -  -  90e%  70e%  90e%  90e%  60e%  70e%  -  70e%  70e%  90e%  -  70e%  70e%  90e%  -  70e%  70e%  70e%  90e%  90e%  90e%  -  -  90e%  90e%  -  90e%  70e% \n\nF1:  10p%  10p%  10p%  70e%  80e%  -  70e%  10p%  10p%  80e%  -  20p%  80e%  70e%  70e%  -  10p%  70e%  80e%  -  90e%  -  10p%  10p%  70e%  20p%  80e%  -  -  10p%  80e%  10p%  80e%  10p%  80e%  70e%  80e%  70e%  80e%  80e%  80e%  10p%  80e%  -  80e%  80e%  80e%  80e%  80e%  20p%  10p%  -  10p%  10p%  10p%  -  10p%  -  80e%  80e%  -  80e%  10p%  80e%  80e%  80e%  80e%  -  80e%  80e% \n\n.ooo00ooo..ooo00ooo.\nTot Percentage: 24.523809523809526\nTime elapsed: 121.97175312042236 seconds","entities":[{"offset":0,"length":10,"type":"bold"},{"offset":11,"length":16,"type":"bold"},{"offset":48,"length":20,"type":"bold"},{"offset":832,"length":20,"type":"bold"},{"offset":853,"length":14,"type":"bold"},{"offset":888,"length":12,"type":"bold"}]}}
<b>Statistics</b>
<b>Events processed</b>
10300000 / 42000000
<b>.ooo00ooo..ooo00ooo.</b>
F0:  60e%  70e%  90e%  90e%  -  70e%  70e%  60e%  90e%  70e%  -  70e%  -  70e%  -  90e%  70e%  -  90e%  70e%  -  90e%  -  70e%  90e%  60e%  90e%  90e%  70e%  -  90e%  70e%  100e%  70e%  -  90e%  70e%  70e%  90e%  90e%  -  -  90e%  70e%  90e%  90e%  60e%  70e%  -  70e%  70e%  90e%  -  70e%  70e%  90e%  -  70e%  70e%  70e%  90e%  90e%  90e%  -  -  90e%  90e%  -  90e%  70e% 

F1:  10p%  10p%  10p%  70e%  80e%  -  70e%  10p%  10p%  80e%  -  20p%  80e%  70e%  70e%  -  10p%  70e%  80e%  -  90e%  -  10p%  10p%  70e%  20p%  80e%  -  -  10p%  80e%  10p%  80e%  10p%  80e%  70e%  80e%  70e%  80e%  80e%  80e%  10p%  80e%  -  80e%  80e%  80e%  80e%  80e%  20p%  10p%  -  10p%  10p%  10p%  -  10p%  -  80e%  80e%  -  80e%  10p%  80e%  80e%  80e%  80e%  -  80e%  80e% 

<b>.ooo00ooo..ooo00ooo.</b>
<b>Tot Percentage</b>: 24.523809523809526
<b>Time elapsed</b>: 121.97175312042236 seconds

{"ok":true,"result":{"message_id":11106,"sender_chat":{"id":-1001921335158,"title":"\ud83d\udc0d\ud83d\udce9\ud83d\udc0d G4 status \ud83d\udc0d\ud83d\udce9\ud83d\udc0d","username":"ilmiobotpernotifiche","type":"channel"},"chat":{"id":-1001921335158,"title":"\ud83d\udc0d\ud83d\udce9\ud83d\udc0d G4 status \ud83d\udc0d\ud83d\udce9\ud83d\udc0d","username":"ilmiobotpernotifiche","type":"channel"},"date":1692793237,"text":"Statistics\nEvents processed\n28600000 / 42000000\n.ooo00ooo..ooo00ooo.\nF0:  70e%  80e%  100e%  10p%  -  80e%  80e%  80e%  10p%  80e%  -  80e%  -  80e%  -  100e%  80e%  -  10p%  90e%  -  100e%  -  80e%  100e%  70e%  100e%  100e%  80e%  -  100e%  80e%  10p%  80e%  -  10p%  80e%  80e%  100e%  10p%  -  -  100e%  80e%  100e%  100e%  70e%  80e%  -  80e%  80e%  10p%  -  80e%  80e%  100e%  -  80e%  80e%  80e%  100e%  100e%  100e%  -  -  100e%  10p%  -  100e%  80e% \n\nF1:  30p%  30p%  30p%  90e%  90e%  -  80e%  30p%  30p%  90e%  -  40p%  90e%  90e%  90e%  -  30p%  80e%  90e%  -  100a%  30e%  100a%  100a%  100a%  100a%  100a%  30e%  30e%  100a%  100a%  100a%  100a%  100a%  100a%  100a%  100a%  100a%  100a%  100a%  100a%  100a%  100a%  30e%  100a%  100a%  100a%  100a%  100a%  100a%  100a%  30e%  100a%  100a%  100a%  30e%  100a%  30e%  100a%  100a%  20e%  100a%  100a%  100a%  100a%  100a%  100a%  30e%  100a%  100a% \n\n.ooo00ooo..ooo00ooo.\nTot Percentage: 68.0952380952381\nTime elapsed: 276.0796248912811 seconds","entities":[{"offset":0,"length":10,"type":"bold"},{"offset":11,"length":16,"type":"bold"},{"offset":48,"length":20,"type":"bold"},{"offset":916,"length":20,"type":"bold"},{"offset":937,"length":14,"type":"bold"},{"offset":970,"length":12,"type":"bold"}]}}
<b>Statistics</b>
<b>Events processed</b>
28600000 / 42000000
<b>.ooo00ooo..ooo00ooo.</b>
F0:  70e%  80e%  100e%  10p%  -  80e%  80e%  80e%  10p%  80e%  -  80e%  -  80e%  -  100e%  80e%  -  10p%  90e%  -  100e%  -  80e%  100e%  70e%  100e%  100e%  80e%  -  100e%  80e%  10p%  80e%  -  10p%  80e%  80e%  100e%  10p%  -  -  100e%  80e%  100e%  100e%  70e%  80e%  -  80e%  80e%  10p%  -  80e%  80e%  100e%  -  80e%  80e%  80e%  100e%  100e%  100e%  -  -  100e%  10p%  -  100e%  80e% 

F1:  30p%  30p%  30p%  90e%  90e%  -  80e%  30p%  30p%  90e%  -  40p%  90e%  90e%  90e%  -  30p%  80e%  90e%  -  100a%  30e%  100a%  100a%  100a%  100a%  100a%  30e%  30e%  100a%  100a%  100a%  100a%  100a%  100a%  100a%  100a%  100a%  100a%  100a%  100a%  100a%  100a%  30e%  100a%  100a%  100a%  100a%  100a%  100a%  100a%  30e%  100a%  100a%  100a%  30e%  100a%  30e%  100a%  100a%  20e%  100a%  100a%  100a%  100a%  100a%  100a%  30e%  100a%  100a% 

<b>.ooo00ooo..ooo00ooo.</b>
<b>Tot Percentage</b>: 68.0952380952381
<b>Time elapsed</b>: 276.0796248912811 seconds

https://api.telegram.org/bot6170289274:AAFny2C4lJTWQoX6SUR_p7h1_NRM4rVcgCM/sendPhoto
{"ok":true,"result":{"message_id":11107,"sender_chat":{"id":-1001921335158,"title":"\ud83d\udc0d\ud83d\udce9\ud83d\udc0d G4 status \ud83d\udc0d\ud83d\udce9\ud83d\udc0d","username":"ilmiobotpernotifiche","type":"channel"},"chat":{"id":-1001921335158,"title":"\ud83d\udc0d\ud83d\udce9\ud83d\udc0d G4 status \ud83d\udc0d\ud83d\udce9\ud83d\udc0d","username":"ilmiobotpernotifiche","type":"channel"},"date":1692793238,"photo":[{"file_id":"AgACAgQAAx0EcoU_dgACK2Nk5fmWbbhBF4BPi_Z8_-RqwIE9XQAC1b0xG5DMMVNnqG0wb2DQ_AEAAwIAA3MAAzAE","file_unique_id":"AQAD1b0xG5DMMVN4","file_size":692,"width":90,"height":54},{"file_id":"AgACAgQAAx0EcoU_dgACK2Nk5fmWbbhBF4BPi_Z8_-RqwIE9XQAC1b0xG5DMMVNnqG0wb2DQ_AEAAwIAA20AAzAE","file_unique_id":"AQAD1b0xG5DMMVNy","file_size":7464,"width":320,"height":192},{"file_id":"AgACAgQAAx0EcoU_dgACK2Nk5fmWbbhBF4BPi_Z8_-RqwIE9XQAC1b0xG5DMMVNnqG0wb2DQ_AEAAwIAA3gAAzAE","file_unique_id":"AQAD1b0xG5DMMVN9","file_size":26358,"width":800,"height":480},{"file_id":"AgACAgQAAx0EcoU_dgACK2Nk5fmWbbhBF4BPi_Z8_-RqwIE9XQAC1b0xG5DMMVNnqG0wb2DQ_AEAAwIAA3kAAzAE","file_unique_id":"AQAD1b0xG5DMMVN-","file_size":47671,"width":1280,"height":768},{"file_id":"AgACAgQAAx0EcoU_dgACK2Nk5fmWbbhBF4BPi_Z8_-RqwIE9XQAC1b0xG5DMMVNnqG0wb2DQ_AEAAwIAA3cAAzAE","file_unique_id":"AQAD1b0xG5DMMVN8","file_size":77931,"width":2000,"height":1200}]}}
{"ok":true,"result":{"message_id":11109,"sender_chat":{"id":-1001921335158,"title":"\ud83d\udc0d\ud83d\udce9\ud83d\udc0d G4 status \ud83d\udc0d\ud83d\udce9\ud83d\udc0d","username":"ilmiobotpernotifiche","type":"channel"},"chat":{"id":-1001921335158,"title":"\ud83d\udc0d\ud83d\udce9\ud83d\udc0d G4 status \ud83d\udc0d\ud83d\udce9\ud83d\udc0d","username":"ilmiobotpernotifiche","type":"channel"},"date":1692793257,"text":"Statistics\nEvents processed\n39920000 / 42000000\n.ooo00ooo..ooo00ooo.\nF0:  80a%  90a%  100a%  100a%  50e%  90a%  90a%  80a%  100a%  90a%  50e%  90a%  50e%  90a%  50e%  100a%  70a%  50e%  100a%  90a%  50e%  100a%  40e%  90a%  100a%  80a%  100a%  100a%  80a%  50e%  100a%  90a%  100a%  70a%  50e%  100a%  90a%  90a%  100a%  100a%  50e%  50e%  100a%  80a%  90a%  100a%  60a%  90a%  50e%  90a%  80a%  100a%  50e%  80a%  90a%  100a%  50e%  80a%  80a%  80a%  100a%  100a%  100a%  50e%  50e%  100a%  100a%  50e%  100a%  90a% \n\nF1:  100a%  100a%  100a%  100a%  100a%  60e%  100a%  100a%  100a%  100a%  60e%  100a%  100a%  100a%  100a%  60e%  100a%  100a%  100a%  50e%  100a%  50e%  100a%  100a%  100a%  100a%  100a%  60e%  60e%  100a%  100a%  100a%  100a%  100a%  100a%  100a%  100a%  100a%  100a%  100a%  100a%  100a%  100a%  50e%  100a%  100a%  100a%  100a%  100a%  100a%  100a%  50e%  100a%  100a%  100a%  60e%  100a%  60e%  100a%  100a%  60e%  100a%  100a%  100a%  100a%  100a%  100a%  60e%  100a%  100a% \n\n.ooo00ooo..ooo00ooo.\nTot Percentage: 95.04761904761905\nTime elapsed: 296.0887680053711 seconds","entities":[{"offset":0,"length":10,"type":"bold"},{"offset":11,"length":16,"type":"bold"},{"offset":48,"length":20,"type":"bold"},{"offset":1002,"length":20,"type":"bold"},{"offset":1023,"length":14,"type":"bold"},{"offset":1057,"length":12,"type":"bold"}]}}
<b>Statistics</b>
<b>Events processed</b>
39920000 / 42000000
<b>.ooo00ooo..ooo00ooo.</b>
F0:  80a%  90a%  100a%  100a%  50e%  90a%  90a%  80a%  100a%  90a%  50e%  90a%  50e%  90a%  50e%  100a%  70a%  50e%  100a%  90a%  50e%  100a%  40e%  90a%  100a%  80a%  100a%  100a%  80a%  50e%  100a%  90a%  100a%  70a%  50e%  100a%  90a%  90a%  100a%  100a%  50e%  50e%  100a%  80a%  90a%  100a%  60a%  90a%  50e%  90a%  80a%  100a%  50e%  80a%  90a%  100a%  50e%  80a%  80a%  80a%  100a%  100a%  100a%  50e%  50e%  100a%  100a%  50e%  100a%  90a% 

F1:  100a%  100a%  100a%  100a%  100a%  60e%  100a%  100a%  100a%  100a%  60e%  100a%  100a%  100a%  100a%  60e%  100a%  100a%  100a%  50e%  100a%  50e%  100a%  100a%  100a%  100a%  100a%  60e%  60e%  100a%  100a%  100a%  100a%  100a%  100a%  100a%  100a%  100a%  100a%  100a%  100a%  100a%  100a%  50e%  100a%  100a%  100a%  100a%  100a%  100a%  100a%  50e%  100a%  100a%  100a%  60e%  100a%  60e%  100a%  100a%  60e%  100a%  100a%  100a%  100a%  100a%  100a%  60e%  100a%  100a% 

<b>.ooo00ooo..ooo00ooo.</b>
<b>Tot Percentage</b>: 95.04761904761905
<b>Time elapsed</b>: 296.0887680053711 seconds

{"ok":true,"result":{"message_id":11111,"sender_chat":{"id":-1001921335158,"title":"\ud83d\udc0d\ud83d\udce9\ud83d\udc0d G4 status \ud83d\udc0d\ud83d\udce9\ud83d\udc0d","username":"ilmiobotpernotifiche","type":"channel"},"chat":{"id":-1001921335158,"title":"\ud83d\udc0d\ud83d\udce9\ud83d\udc0d G4 status \ud83d\udc0d\ud83d\udce9\ud83d\udc0d","username":"ilmiobotpernotifiche","type":"channel"},"date":1692793277,"text":"Statistics\nEvents processed\n41000000 / 42000000\n.ooo00ooo..ooo00ooo.\nF0:  100a%  100a%  100a%  100a%  80e%  100a%  100a%  100a%  100a%  100a%  80e%  100a%  80e%  100a%  80e%  100a%  100a%  80e%  100a%  100a%  80e%  100a%  80e%  100a%  100a%  100a%  100a%  100a%  100a%  80e%  100a%  100a%  100a%  100a%  80e%  100a%  100a%  100a%  100a%  100a%  80e%  70e%  100a%  100a%  100a%  100a%  100a%  100a%  80e%  100a%  100a%  100a%  80e%  100a%  100a%  100a%  80e%  100a%  100a%  100a%  100a%  100a%  100a%  80e%  80e%  100a%  100a%  80e%  100a%  100a% \n\nF1:  100a%  100a%  100a%  100a%  100a%  100e%  100a%  100a%  100a%  100a%  100e%  100a%  100a%  100a%  100a%  90e%  100a%  100a%  100a%  90e%  100a%  90e%  100a%  100a%  100a%  100a%  100a%  90e%  100e%  100a%  100a%  100a%  100a%  100a%  100a%  100a%  100a%  100a%  100a%  100a%  100a%  100a%  100a%  90e%  100a%  100a%  100a%  100a%  100a%  100a%  100a%  90e%  100a%  100a%  100a%  90e%  100a%  90e%  100a%  100a%  90e%  100a%  100a%  100a%  100a%  100a%  100a%  90e%  100a%  100a% \n\n.ooo00ooo..ooo00ooo.\nTot Percentage: 97.61904761904762\nTime elapsed: 316.10391426086426 seconds","entities":[{"offset":0,"length":10,"type":"bold"},{"offset":11,"length":16,"type":"bold"},{"offset":48,"length":20,"type":"bold"},{"offset":1034,"length":20,"type":"bold"},{"offset":1055,"length":14,"type":"bold"},{"offset":1089,"length":12,"type":"bold"}]}}
<b>Statistics</b>
<b>Events processed</b>
41000000 / 42000000
<b>.ooo00ooo..ooo00ooo.</b>
F0:  100a%  100a%  100a%  100a%  80e%  100a%  100a%  100a%  100a%  100a%  80e%  100a%  80e%  100a%  80e%  100a%  100a%  80e%  100a%  100a%  80e%  100a%  80e%  100a%  100a%  100a%  100a%  100a%  100a%  80e%  100a%  100a%  100a%  100a%  80e%  100a%  100a%  100a%  100a%  100a%  80e%  70e%  100a%  100a%  100a%  100a%  100a%  100a%  80e%  100a%  100a%  100a%  80e%  100a%  100a%  100a%  80e%  100a%  100a%  100a%  100a%  100a%  100a%  80e%  80e%  100a%  100a%  80e%  100a%  100a% 

F1:  100a%  100a%  100a%  100a%  100a%  100e%  100a%  100a%  100a%  100a%  100e%  100a%  100a%  100a%  100a%  90e%  100a%  100a%  100a%  90e%  100a%  90e%  100a%  100a%  100a%  100a%  100a%  90e%  100e%  100a%  100a%  100a%  100a%  100a%  100a%  100a%  100a%  100a%  100a%  100a%  100a%  100a%  100a%  90e%  100a%  100a%  100a%  100a%  100a%  100a%  100a%  90e%  100a%  100a%  100a%  90e%  100a%  90e%  100a%  100a%  90e%  100a%  100a%  100a%  100a%  100a%  100a%  90e%  100a%  100a% 

<b>.ooo00ooo..ooo00ooo.</b>
<b>Tot Percentage</b>: 97.61904761904762
<b>Time elapsed</b>: 316.10391426086426 seconds

{"ok":true,"result":{"message_id":11113,"sender_chat":{"id":-1001921335158,"title":"\ud83d\udc0d\ud83d\udce9\ud83d\udc0d G4 status \ud83d\udc0d\ud83d\udce9\ud83d\udc0d","username":"ilmiobotpernotifiche","type":"channel"},"chat":{"id":-1001921335158,"title":"\ud83d\udc0d\ud83d\udce9\ud83d\udc0d G4 status \ud83d\udc0d\ud83d\udce9\ud83d\udc0d","username":"ilmiobotpernotifiche","type":"channel"},"date":1692793297,"text":"Statistics\nEvents processed\n40280000 / 42000000\n.ooo00ooo..ooo00ooo.\nF0:  100a%  100a%  100a%  100a%  20p%  100a%  100a%  100a%  100a%  100a%  10p%  100a%  10p%  100a%  10p%  100a%  100a%  10p%  100a%  100a%  10p%  100a%  10p%  100a%  100a%  100a%  100a%  100a%  100a%  20p%  100a%  100a%  100a%  100a%  10p%  100a%  100a%  100a%  100a%  100a%  10p%  100e%  100a%  100a%  100a%  100a%  100a%  100a%  10p%  100a%  100a%  100a%  100e%  100a%  100a%  100a%  10p%  100a%  100a%  100a%  100a%  100a%  100a%  10p%  10p%  100a%  100a%  10p%  100a%  100a% \n\nF1:  100a%  100a%  100a%  100a%  100a%  60p%  100a%  100a%  100a%  100a%  60p%  100a%  100a%  100a%  100a%  30p%  100a%  100a%  100a%  40p%  100a%  40p%  100a%  100a%  100a%  100a%  100a%  60p%  60p%  100a%  100a%  100a%  100a%  100a%  100a%  100a%  100a%  100a%  100a%  100a%  100a%  100a%  100a%  40p%  100a%  100a%  100a%  100a%  100a%  100a%  100a%  40p%  100a%  100a%  100a%  60p%  100a%  50p%  100a%  100a%  50p%  100a%  100a%  100a%  100a%  100a%  100a%  50p%  100a%  100a% \n\n.ooo00ooo..ooo00ooo.\nTot Percentage: 95.9047619047619\nTime elapsed: 336.1852478981018 seconds","entities":[{"offset":0,"length":10,"type":"bold"},{"offset":11,"length":16,"type":"bold"},{"offset":48,"length":20,"type":"bold"},{"offset":1033,"length":20,"type":"bold"},{"offset":1054,"length":14,"type":"bold"},{"offset":1087,"length":12,"type":"bold"}]}}
<b>Statistics</b>
<b>Events processed</b>
40280000 / 42000000
<b>.ooo00ooo..ooo00ooo.</b>
F0:  100a%  100a%  100a%  100a%  20p%  100a%  100a%  100a%  100a%  100a%  10p%  100a%  10p%  100a%  10p%  100a%  100a%  10p%  100a%  100a%  10p%  100a%  10p%  100a%  100a%  100a%  100a%  100a%  100a%  20p%  100a%  100a%  100a%  100a%  10p%  100a%  100a%  100a%  100a%  100a%  10p%  100e%  100a%  100a%  100a%  100a%  100a%  100a%  10p%  100a%  100a%  100a%  100e%  100a%  100a%  100a%  10p%  100a%  100a%  100a%  100a%  100a%  100a%  10p%  10p%  100a%  100a%  10p%  100a%  100a% 

F1:  100a%  100a%  100a%  100a%  100a%  60p%  100a%  100a%  100a%  100a%  60p%  100a%  100a%  100a%  100a%  30p%  100a%  100a%  100a%  40p%  100a%  40p%  100a%  100a%  100a%  100a%  100a%  60p%  60p%  100a%  100a%  100a%  100a%  100a%  100a%  100a%  100a%  100a%  100a%  100a%  100a%  100a%  100a%  40p%  100a%  100a%  100a%  100a%  100a%  100a%  100a%  40p%  100a%  100a%  100a%  60p%  100a%  50p%  100a%  100a%  50p%  100a%  100a%  100a%  100a%  100a%  100a%  50p%  100a%  100a% 

<b>.ooo00ooo..ooo00ooo.</b>
<b>Tot Percentage</b>: 95.9047619047619
<b>Time elapsed</b>: 336.1852478981018 seconds

{"ok":true,"result":{"message_id":11119,"sender_chat":{"id":-1001921335158,"title":"\ud83d\udc0d\ud83d\udce9\ud83d\udc0d G4 status \ud83d\udc0d\ud83d\udce9\ud83d\udc0d","username":"ilmiobotpernotifiche","type":"channel"},"chat":{"id":-1001921335158,"title":"\ud83d\udc0d\ud83d\udce9\ud83d\udc0d G4 status \ud83d\udc0d\ud83d\udce9\ud83d\udc0d","username":"ilmiobotpernotifiche","type":"channel"},"date":1692793359,"text":"Statistics\nEvents processed\n42000000 / 42000000\n.ooo00ooo..ooo00ooo.\nF0:  100a%  100a%  100a%  100a%  20p%  100a%  100a%  100a%  100a%  100a%  10p%  100a%  10p%  100a%  10p%  100a%  100a%  10p%  100a%  100a%  10p%  100a%  10p%  100a%  100a%  100a%  100a%  100a%  100a%  30p%  100a%  100a%  100a%  100a%  10p%  100a%  100a%  100a%  100a%  100a%  10p%  100e%  100a%  100a%  100a%  100a%  100a%  100a%  10p%  100a%  100a%  100a%  10p%  100a%  100a%  100a%  20p%  100a%  100a%  100a%  100a%  100a%  100a%  20p%  10p%  100a%  100a%  10p%  100a%  100a% \n\nF1:  100a%  100a%  100a%  100a%  100a%  100a%  100a%  100a%  100a%  100a%  100a%  100a%  100a%  100a%  100a%  100a%  100a%  100a%  100a%  100a%  100a%  100a%  100a%  100a%  100a%  100a%  100a%  100a%  100a%  100a%  100a%  100a%  100a%  100a%  100a%  100a%  100a%  100a%  100a%  100a%  100a%  100a%  100a%  100a%  100a%  100a%  100a%  100a%  100a%  100a%  100a%  100a%  100a%  100a%  100a%  100a%  100a%  100a%  100a%  100a%  100a%  100a%  100a%  100a%  100a%  100a%  100a%  100a%  100a%  100a% \n\n.ooo00ooo..ooo00ooo.\nTot Percentage: 100.0\nTime elapsed: 398.3883512020111 seconds","entities":[{"offset":0,"length":10,"type":"bold"},{"offset":11,"length":16,"type":"bold"},{"offset":48,"length":20,"type":"bold"},{"offset":1045,"length":20,"type":"bold"},{"offset":1066,"length":14,"type":"bold"},{"offset":1088,"length":12,"type":"bold"}]}}
<b>Statistics</b>
<b>Events processed</b>
42000000 / 42000000
<b>.ooo00ooo..ooo00ooo.</b>
F0:  100a%  100a%  100a%  100a%  20p%  100a%  100a%  100a%  100a%  100a%  10p%  100a%  10p%  100a%  10p%  100a%  100a%  10p%  100a%  100a%  10p%  100a%  10p%  100a%  100a%  100a%  100a%  100a%  100a%  30p%  100a%  100a%  100a%  100a%  10p%  100a%  100a%  100a%  100a%  100a%  10p%  100e%  100a%  100a%  100a%  100a%  100a%  100a%  10p%  100a%  100a%  100a%  10p%  100a%  100a%  100a%  20p%  100a%  100a%  100a%  100a%  100a%  100a%  20p%  10p%  100a%  100a%  10p%  100a%  100a% 

F1:  100a%  100a%  100a%  100a%  100a%  100a%  100a%  100a%  100a%  100a%  100a%  100a%  100a%  100a%  100a%  100a%  100a%  100a%  100a%  100a%  100a%  100a%  100a%  100a%  100a%  100a%  100a%  100a%  100a%  100a%  100a%  100a%  100a%  100a%  100a%  100a%  100a%  100a%  100a%  100a%  100a%  100a%  100a%  100a%  100a%  100a%  100a%  100a%  100a%  100a%  100a%  100a%  100a%  100a%  100a%  100a%  100a%  100a%  100a%  100a%  100a%  100a%  100a%  100a%  100a%  100a%  100a%  100a%  100a%  100a% 

<b>.ooo00ooo..ooo00ooo.</b>
<b>Tot Percentage</b>: 100.0
<b>Time elapsed</b>: 398.3883512020111 seconds

https://api.telegram.org/bot6170289274:AAFny2C4lJTWQoX6SUR_p7h1_NRM4rVcgCM/sendPhoto
{"ok":true,"result":{"message_id":11120,"sender_chat":{"id":-1001921335158,"title":"\ud83d\udc0d\ud83d\udce9\ud83d\udc0d G4 status \ud83d\udc0d\ud83d\udce9\ud83d\udc0d","username":"ilmiobotpernotifiche","type":"channel"},"chat":{"id":-1001921335158,"title":"\ud83d\udc0d\ud83d\udce9\ud83d\udc0d G4 status \ud83d\udc0d\ud83d\udce9\ud83d\udc0d","username":"ilmiobotpernotifiche","type":"channel"},"date":1692793360,"photo":[{"file_id":"AgACAgQAAx0EcoU_dgACK3Bk5foQWsvMtcPpVXztY023uoRCngAC2L0xG5DMMVMCG7xnw5QofgEAAwIAA3MAAzAE","file_unique_id":"AQAD2L0xG5DMMVN4","file_size":637,"width":90,"height":54},{"file_id":"AgACAgQAAx0EcoU_dgACK3Bk5foQWsvMtcPpVXztY023uoRCngAC2L0xG5DMMVMCG7xnw5QofgEAAwIAA20AAzAE","file_unique_id":"AQAD2L0xG5DMMVNy","file_size":7271,"width":320,"height":192},{"file_id":"AgACAgQAAx0EcoU_dgACK3Bk5foQWsvMtcPpVXztY023uoRCngAC2L0xG5DMMVMCG7xnw5QofgEAAwIAA3gAAzAE","file_unique_id":"AQAD2L0xG5DMMVN9","file_size":25849,"width":800,"height":480},{"file_id":"AgACAgQAAx0EcoU_dgACK3Bk5foQWsvMtcPpVXztY023uoRCngAC2L0xG5DMMVMCG7xnw5QofgEAAwIAA3kAAzAE","file_unique_id":"AQAD2L0xG5DMMVN-","file_size":50928,"width":1280,"height":768},{"file_id":"AgACAgQAAx0EcoU_dgACK3Bk5foQWsvMtcPpVXztY023uoRCngAC2L0xG5DMMVMCG7xnw5QofgEAAwIAA3cAAzAE","file_unique_id":"AQAD2L0xG5DMMVN8","file_size":81743,"width":2000,"height":1200}]}}
{"ok":true,"result":{"message_id":11121,"sender_chat":{"id":-1001921335158,"title":"\ud83d\udc0d\ud83d\udce9\ud83d\udc0d G4 status \ud83d\udc0d\ud83d\udce9\ud83d\udc0d","username":"ilmiobotpernotifiche","type":"channel"},"chat":{"id":-1001921335158,"title":"\ud83d\udc0d\ud83d\udce9\ud83d\udc0d G4 status \ud83d\udc0d\ud83d\udce9\ud83d\udc0d","username":"ilmiobotpernotifiche","type":"channel"},"date":1692793361,"text":"Finished"}}
  30a%  20a%  60a%  60a%  60a%  20e%  20e%  60a%  60a%  20e%  60a%  40a% \n\nF1:  100a%  100a%  100a%  100a%  100a%  10e%  100a%  100a%  100a%  100a%  10e%  100a%  100a%  100a%  100a%  20e%  100a%  100a%  100a%  20e%  100a%  20e%  100a%  100a%  100a%  100a%  100a%  10e%  10e%  100a%  100a%  100a%  100a%  100a%  100a%  100a%  100a%  100a%  100a%  100a%  100a%  100a%  100a%  20e%  100a%  100a%  100a%  100a%  100a%  100a%  100a%  20e%  100a%  100a%  100a%  -  100a%  20e%  100a%  100a%  -  100a%  100a%  100a%  100a%  100a%  100a%  20e%  100a%  100a% \n\n.ooo00ooo..ooo00ooo.\nTot Percentage: 88.52380952380952\nTime elapsed: 263.7996895313263 seconds","entities":[{"offset":0,"length":10,"type":"bold"},{"offset":11,"length":16,"type":"bold"},{"offset":48,"length":20,"type":"bold"},{"offset":966,"length":20,"type":"bold"},{"offset":987,"length":14,"type":"bold"},{"offset":1021,"length":12,"type":"bold"}]}}
<b>Statistics</b>
<b>Events processed</b>
37180000 / 42000000
<b>.ooo00ooo..ooo00ooo.</b>
F0:  20a%  40a%  60a%  60a%  -  40a%  40a%  30a%  60a%  30a%  20e%  40a%  20e%  40a%  20e%  60a%  20a%  20e%  60a%  40a%  20e%  60a%  -  30a%  60a%  20a%  60a%  60a%  30a%  10e%  60a%  40a%  70a%  20a%  20e%  60a%  30a%  30a%  60a%  60a%  20e%  20e%  60a%  30a%  60a%  60a%  20a%  30a%  20e%  20a%  30a%  70a%  20e%  40a%  40a%  60a%  20e%  20a%  30a%  20a%  60a%  60a%  60a%  20e%  20e%  60a%  60a%  20e%  60a%  40a% 

F1:  100a%  100a%  100a%  100a%  100a%  10e%  100a%  100a%  100a%  100a%  10e%  100a%  100a%  100a%  100a%  20e%  100a%  100a%  100a%  20e%  100a%  20e%  100a%  100a%  100a%  100a%  100a%  10e%  10e%  100a%  100a%  100a%  100a%  100a%  100a%  100a%  100a%  100a%  100a%  100a%  100a%  100a%  100a%  20e%  100a%  100a%  100a%  100a%  100a%  100a%  100a%  20e%  100a%  100a%  100a%  -  100a%  20e%  100a%  100a%  -  100a%  100a%  100a%  100a%  100a%  100a%  20e%  100a%  100a% 

<b>.ooo00ooo..ooo00ooo.</b>
<b>Tot Percentage</b>: 88.52380952380952
<b>Time elapsed</b>: 263.7996895313263 seconds

{"ok":true,"result":{"message_id":11108,"sender_chat":{"id":-1001921335158,"title":"\ud83d\udc0d\ud83d\udce9\ud83d\udc0d G4 status \ud83d\udc0d\ud83d\udce9\ud83d\udc0d","username":"ilmiobotpernotifiche","type":"channel"},"chat":{"id":-1001921335158,"title":"\ud83d\udc0d\ud83d\udce9\ud83d\udc0d G4 status \ud83d\udc0d\ud83d\udce9\ud83d\udc0d","username":"ilmiobotpernotifiche","type":"channel"},"date":1692793245,"text":"Statistics\nEvents processed\n39080000 / 42000000\n.ooo00ooo..ooo00ooo.\nF0:  60a%  70a%  90a%  90a%  30e%  70a%  70a%  60a%  90a%  60a%  40e%  70a%  40e%  70a%  40e%  80a%  50a%  40e%  90a%  70a%  30e%  80a%  30e%  70a%  80a%  60a%  80a%  80a%  70a%  40e%  80a%  70a%  90a%  50a%  30e%  90a%  60a%  70a%  80a%  90a%  40e%  30e%  80a%  60a%  80a%  90a%  40a%  60a%  40e%  60a%  60a%  90a%  40e%  60a%  70a%  80a%  40e%  60a%  60a%  60a%  80a%  80a%  80a%  40e%  40e%  90a%  90a%  40e%  80a%  70a% \n\nF1:  100a%  100a%  100a%  100a%  100a%  40e%  100a%  100a%  100a%  100a%  40e%  100a%  100a%  100a%  100a%  40e%  100a%  100a%  100a%  40e%  100a%  40e%  100a%  100a%  100a%  100a%  100a%  40e%  40e%  100a%  100a%  100a%  100a%  100a%  100a%  100a%  100a%  100a%  100a%  100a%  100a%  100a%  100a%  40e%  100a%  100a%  100a%  100a%  100a%  100a%  100a%  40e%  100a%  100a%  100a%  40e%  100a%  40e%  100a%  100a%  40e%  100a%  100a%  100a%  100a%  100a%  100a%  40e%  100a%  100a% \n\n.ooo00ooo..ooo00ooo.\nTot Percentage: 93.04761904761905\nTime elapsed: 283.8099193572998 seconds","entities":[{"offset":0,"length":10,"type":"bold"},{"offset":11,"length":16,"type":"bold"},{"offset":48,"length":20,"type":"bold"},{"offset":978,"length":20,"type":"bold"},{"offset":999,"length":14,"type":"bold"},{"offset":1033,"length":12,"type":"bold"}]}}
<b>Statistics</b>
<b>Events processed</b>
39080000 / 42000000
<b>.ooo00ooo..ooo00ooo.</b>
F0:  60a%  70a%  90a%  90a%  30e%  70a%  70a%  60a%  90a%  60a%  40e%  70a%  40e%  70a%  40e%  80a%  50a%  40e%  90a%  70a%  30e%  80a%  30e%  70a%  80a%  60a%  80a%  80a%  70a%  40e%  80a%  70a%  90a%  50a%  30e%  90a%  60a%  70a%  80a%  90a%  40e%  30e%  80a%  60a%  80a%  90a%  40a%  60a%  40e%  60a%  60a%  90a%  40e%  60a%  70a%  80a%  40e%  60a%  60a%  60a%  80a%  80a%  80a%  40e%  40e%  90a%  90a%  40e%  80a%  70a% 

F1:  100a%  100a%  100a%  100a%  100a%  40e%  100a%  100a%  100a%  100a%  40e%  100a%  100a%  100a%  100a%  40e%  100a%  100a%  100a%  40e%  100a%  40e%  100a%  100a%  100a%  100a%  100a%  40e%  40e%  100a%  100a%  100a%  100a%  100a%  100a%  100a%  100a%  100a%  100a%  100a%  100a%  100a%  100a%  40e%  100a%  100a%  100a%  100a%  100a%  100a%  100a%  40e%  100a%  100a%  100a%  40e%  100a%  40e%  100a%  100a%  40e%  100a%  100a%  100a%  100a%  100a%  100a%  40e%  100a%  100a% 

<b>.ooo00ooo..ooo00ooo.</b>
<b>Tot Percentage</b>: 93.04761904761905
<b>Time elapsed</b>: 283.8099193572998 seconds

{"ok":true,"result":{"message_id":11110,"sender_chat":{"id":-1001921335158,"title":"\ud83d\udc0d\ud83d\udce9\ud83d\udc0d G4 status \ud83d\udc0d\ud83d\udce9\ud83d\udc0d","username":"ilmiobotpernotifiche","type":"channel"},"chat":{"id":-1001921335158,"title":"\ud83d\udc0d\ud83d\udce9\ud83d\udc0d G4 status \ud83d\udc0d\ud83d\udce9\ud83d\udc0d","username":"ilmiobotpernotifiche","type":"channel"},"date":1692793265,"text":"Statistics\nEvents processed\n40380000 / 42000000\n.ooo00ooo..ooo00ooo.\nF0:  90a%  100a%  100a%  100a%  60e%  100a%  100a%  90a%  100a%  100a%  60e%  100a%  60e%  100a%  60e%  100a%  80a%  60e%  100a%  100a%  60e%  100a%  60e%  100a%  100a%  90a%  100a%  100a%  100a%  70e%  100a%  100a%  100a%  80a%  60e%  100a%  100a%  100a%  100a%  100a%  60e%  60e%  100a%  90a%  100a%  100a%  70a%  100a%  60e%  100a%  90a%  100a%  60e%  100a%  100a%  100a%  60e%  90a%  90a%  90a%  100a%  100a%  100a%  60e%  60e%  100a%  100a%  60e%  100a%  100a% \n\nF1:  100a%  100a%  100a%  100a%  100a%  70e%  100a%  100a%  100a%  100a%  70e%  100a%  100a%  100a%  100a%  70e%  100a%  100a%  100a%  70e%  100a%  70e%  100a%  100a%  100a%  100a%  100a%  70e%  70e%  100a%  100a%  100a%  100a%  100a%  100a%  100a%  100a%  100a%  100a%  100a%  100a%  100a%  100a%  70e%  100a%  100a%  100a%  100a%  100a%  100a%  100a%  70e%  100a%  100a%  100a%  70e%  100a%  70e%  100a%  100a%  70e%  100a%  100a%  100a%  100a%  100a%  100a%  70e%  100a%  100a% \n\n.ooo00ooo..ooo00ooo.\nTot Percentage: 96.14285714285714\nTime elapsed: 303.81612062454224 seconds","entities":[{"offset":0,"length":10,"type":"bold"},{"offset":11,"length":16,"type":"bold"},{"offset":48,"length":20,"type":"bold"},{"offset":1020,"length":20,"type":"bold"},{"offset":1041,"length":14,"type":"bold"},{"offset":1075,"length":12,"type":"bold"}]}}
<b>Statistics</b>
<b>Events processed</b>
40380000 / 42000000
<b>.ooo00ooo..ooo00ooo.</b>
F0:  90a%  100a%  100a%  100a%  60e%  100a%  100a%  90a%  100a%  100a%  60e%  100a%  60e%  100a%  60e%  100a%  80a%  60e%  100a%  100a%  60e%  100a%  60e%  100a%  100a%  90a%  100a%  100a%  100a%  70e%  100a%  100a%  100a%  80a%  60e%  100a%  100a%  100a%  100a%  100a%  60e%  60e%  100a%  90a%  100a%  100a%  70a%  100a%  60e%  100a%  90a%  100a%  60e%  100a%  100a%  100a%  60e%  90a%  90a%  90a%  100a%  100a%  100a%  60e%  60e%  100a%  100a%  60e%  100a%  100a% 

F1:  100a%  100a%  100a%  100a%  100a%  70e%  100a%  100a%  100a%  100a%  70e%  100a%  100a%  100a%  100a%  70e%  100a%  100a%  100a%  70e%  100a%  70e%  100a%  100a%  100a%  100a%  100a%  70e%  70e%  100a%  100a%  100a%  100a%  100a%  100a%  100a%  100a%  100a%  100a%  100a%  100a%  100a%  100a%  70e%  100a%  100a%  100a%  100a%  100a%  100a%  100a%  70e%  100a%  100a%  100a%  70e%  100a%  70e%  100a%  100a%  70e%  100a%  100a%  100a%  100a%  100a%  100a%  70e%  100a%  100a% 

<b>.ooo00ooo..ooo00ooo.</b>
<b>Tot Percentage</b>: 96.14285714285714
<b>Time elapsed</b>: 303.81612062454224 seconds

{"ok":true,"result":{"message_id":11112,"sender_chat":{"id":-1001921335158,"title":"\ud83d\udc0d\ud83d\udce9\ud83d\udc0d G4 status \ud83d\udc0d\ud83d\udce9\ud83d\udc0d","username":"ilmiobotpernotifiche","type":"channel"},"chat":{"id":-1001921335158,"title":"\ud83d\udc0d\ud83d\udce9\ud83d\udc0d G4 status \ud83d\udc0d\ud83d\udce9\ud83d\udc0d","username":"ilmiobotpernotifiche","type":"channel"},"date":1692793285,"text":"Statistics\nEvents processed\n40260000 / 42000000\n.ooo00ooo..ooo00ooo.\nF0:  100a%  100a%  100a%  100a%  90e%  100a%  100a%  100a%  100a%  100a%  90e%  100a%  90e%  100a%  90e%  100a%  100a%  90e%  100a%  100a%  90e%  100a%  90e%  100a%  100a%  100a%  100a%  100a%  100a%  100e%  100a%  100a%  100a%  100a%  90e%  100a%  100a%  100a%  100a%  100a%  90e%  80e%  100a%  100a%  100a%  100a%  100a%  100a%  90e%  100a%  100a%  100a%  90e%  100a%  100a%  100a%  90e%  100a%  100a%  100a%  100a%  100a%  100a%  90e%  90e%  100a%  100a%  90e%  100a%  100a% \n\nF1:  100a%  100a%  100a%  100a%  100a%  20p%  100a%  100a%  100a%  100a%  20p%  100a%  100a%  100a%  100a%  100e%  100a%  100a%  100a%  100e%  100a%  100e%  100a%  100a%  100a%  100a%  100a%  20p%  20p%  100a%  100a%  100a%  100a%  100a%  100a%  100a%  100a%  100a%  100a%  100a%  100a%  100a%  100a%  100e%  100a%  100a%  100a%  100a%  100a%  100a%  100a%  100e%  100a%  100a%  100a%  20p%  100a%  10p%  100a%  100a%  10p%  100a%  100a%  100a%  100a%  100a%  100a%  10p%  100a%  100a% \n\n.ooo00ooo..ooo00ooo.\nTot Percentage: 95.85714285714286\nTime elapsed: 323.82098174095154 seconds","entities":[{"offset":0,"length":10,"type":"bold"},{"offset":11,"length":16,"type":"bold"},{"offset":48,"length":20,"type":"bold"},{"offset":1037,"length":20,"type":"bold"},{"offset":1058,"length":14,"type":"bold"},{"offset":1092,"length":12,"type":"bold"}]}}
<b>Statistics</b>
<b>Events processed</b>
40260000 / 42000000
<b>.ooo00ooo..ooo00ooo.</b>
F0:  100a%  100a%  100a%  100a%  90e%  100a%  100a%  100a%  100a%  100a%  90e%  100a%  90e%  100a%  90e%  100a%  100a%  90e%  100a%  100a%  90e%  100a%  90e%  100a%  100a%  100a%  100a%  100a%  100a%  100e%  100a%  100a%  100a%  100a%  90e%  100a%  100a%  100a%  100a%  100a%  90e%  80e%  100a%  100a%  100a%  100a%  100a%  100a%  90e%  100a%  100a%  100a%  90e%  100a%  100a%  100a%  90e%  100a%  100a%  100a%  100a%  100a%  100a%  90e%  90e%  100a%  100a%  90e%  100a%  100a% 

F1:  100a%  100a%  100a%  100a%  100a%  20p%  100a%  100a%  100a%  100a%  20p%  100a%  100a%  100a%  100a%  100e%  100a%  100a%  100a%  100e%  100a%  100e%  100a%  100a%  100a%  100a%  100a%  20p%  20p%  100a%  100a%  100a%  100a%  100a%  100a%  100a%  100a%  100a%  100a%  100a%  100a%  100a%  100a%  100e%  100a%  100a%  100a%  100a%  100a%  100a%  100a%  100e%  100a%  100a%  100a%  20p%  100a%  10p%  100a%  100a%  10p%  100a%  100a%  100a%  100a%  100a%  100a%  10p%  100a%  100a% 

<b>.ooo00ooo..ooo00ooo.</b>
<b>Tot Percentage</b>: 95.85714285714286
<b>Time elapsed</b>: 323.82098174095154 seconds

{"ok":true,"result":{"message_id":11114,"sender_chat":{"id":-1001921335158,"title":"\ud83d\udc0d\ud83d\udce9\ud83d\udc0d G4 status \ud83d\udc0d\ud83d\udce9\ud83d\udc0d","username":"ilmiobotpernotifiche","type":"channel"},"chat":{"id":-1001921335158,"title":"\ud83d\udc0d\ud83d\udce9\ud83d\udc0d G4 status \ud83d\udc0d\ud83d\udce9\ud83d\udc0d","username":"ilmiobotpernotifiche","type":"channel"},"date":1692793305,"text":"Statistics\nEvents processed\n40860000 / 42000000\n.ooo00ooo..ooo00ooo.\nF0:  100a%  100a%  100a%  100a%  30p%  100a%  100a%  100a%  100a%  100a%  30p%  100a%  20p%  100a%  20p%  100a%  100a%  30p%  100a%  100a%  20p%  100a%  20p%  100a%  100a%  100a%  100a%  100a%  100a%  40p%  100a%  100a%  100a%  100a%  30p%  100a%  100a%  100a%  100a%  100a%  30p%  10p%  100a%  100a%  100a%  100a%  100a%  100a%  20p%  100a%  100a%  100a%  20p%  100a%  100a%  100a%  30p%  100a%  100a%  100a%  100a%  100a%  100a%  30p%  30p%  100a%  100a%  30p%  100a%  100a% \n\nF1:  100a%  100a%  100a%  100a%  100a%  90p%  100a%  100a%  100a%  100a%  90p%  100a%  100a%  100a%  100a%  50p%  100a%  100a%  100a%  60p%  100a%  60p%  100a%  100a%  100a%  100a%  100a%  80p%  90p%  100a%  100a%  100a%  100a%  100a%  100a%  100a%  100a%  100a%  100a%  100a%  100a%  100a%  100a%  60p%  100a%  100a%  100a%  100a%  100a%  100a%  100a%  60p%  100a%  100a%  100a%  80p%  100a%  70p%  100a%  100a%  70p%  100a%  100a%  100a%  100a%  100a%  100a%  70p%  100a%  100a% \n\n.ooo00ooo..ooo00ooo.\nTot Percentage: 97.28571428571429\nTime elapsed: 343.8268415927887 seconds","entities":[{"offset":0,"length":10,"type":"bold"},{"offset":11,"length":16,"type":"bold"},{"offset":48,"length":20,"type":"bold"},{"offset":1031,"length":20,"type":"bold"},{"offset":1052,"length":14,"type":"bold"},{"offset":1086,"length":12,"type":"bold"}]}}
<b>Statistics</b>
<b>Events processed</b>
40860000 / 42000000
<b>.ooo00ooo..ooo00ooo.</b>
F0:  100a%  100a%  100a%  100a%  30p%  100a%  100a%  100a%  100a%  100a%  30p%  100a%  20p%  100a%  20p%  100a%  100a%  30p%  100a%  100a%  20p%  100a%  20p%  100a%  100a%  100a%  100a%  100a%  100a%  40p%  100a%  100a%  100a%  100a%  30p%  100a%  100a%  100a%  100a%  100a%  30p%  10p%  100a%  100a%  100a%  100a%  100a%  100a%  20p%  100a%  100a%  100a%  20p%  100a%  100a%  100a%  30p%  100a%  100a%  100a%  100a%  100a%  100a%  30p%  30p%  100a%  100a%  30p%  100a%  100a% 

F1:  100a%  100a%  100a%  100a%  100a%  90p%  100a%  100a%  100a%  100a%  90p%  100a%  100a%  100a%  100a%  50p%  100a%  100a%  100a%  60p%  100a%  60p%  100a%  100a%  100a%  100a%  100a%  80p%  90p%  100a%  100a%  100a%  100a%  100a%  100a%  100a%  100a%  100a%  100a%  100a%  100a%  100a%  100a%  60p%  100a%  100a%  100a%  100a%  100a%  100a%  100a%  60p%  100a%  100a%  100a%  80p%  100a%  70p%  100a%  100a%  70p%  100a%  100a%  100a%  100a%  100a%  100a%  70p%  100a%  100a% 

<b>.ooo00ooo..ooo00ooo.</b>
<b>Tot Percentage</b>: 97.28571428571429
<b>Time elapsed</b>: 343.8268415927887 seconds

https://api.telegram.org/bot6170289274:AAFny2C4lJTWQoX6SUR_p7h1_NRM4rVcgCM/sendPhoto
{"ok":true,"result":{"message_id":11115,"sender_chat":{"id":-1001921335158,"title":"\ud83d\udc0d\ud83d\udce9\ud83d\udc0d G4 status \ud83d\udc0d\ud83d\udce9\ud83d\udc0d","username":"ilmiobotpernotifiche","type":"channel"},"chat":{"id":-1001921335158,"title":"\ud83d\udc0d\ud83d\udce9\ud83d\udc0d G4 status \ud83d\udc0d\ud83d\udce9\ud83d\udc0d","username":"ilmiobotpernotifiche","type":"channel"},"date":1692793322,"photo":[{"file_id":"AgACAgQAAx0EcoU_dgACK2tk5fnpOSB-HnFZxAQXp-EpJGtgRQAC1r0xG5DMMVOPd0JzX91hhwEAAwIAA3MAAzAE","file_unique_id":"AQAD1r0xG5DMMVN4","file_size":639,"width":90,"height":54},{"file_id":"AgACAgQAAx0EcoU_dgACK2tk5fnpOSB-HnFZxAQXp-EpJGtgRQAC1r0xG5DMMVOPd0JzX91hhwEAAwIAA20AAzAE","file_unique_id":"AQAD1r0xG5DMMVNy","file_size":7233,"width":320,"height":192},{"file_id":"AgACAgQAAx0EcoU_dgACK2tk5fnpOSB-HnFZxAQXp-EpJGtgRQAC1r0xG5DMMVOPd0JzX91hhwEAAwIAA3gAAzAE","file_unique_id":"AQAD1r0xG5DMMVN9","file_size":25787,"width":800,"height":480},{"file_id":"AgACAgQAAx0EcoU_dgACK2tk5fnpOSB-HnFZxAQXp-EpJGtgRQAC1r0xG5DMMVOPd0JzX91hhwEAAwIAA3kAAzAE","file_unique_id":"AQAD1r0xG5DMMVN-","file_size":48963,"width":1280,"height":768},{"file_id":"AgACAgQAAx0EcoU_dgACK2tk5fnpOSB-HnFZxAQXp-EpJGtgRQAC1r0xG5DMMVOPd0JzX91hhwEAAwIAA3cAAzAE","file_unique_id":"AQAD1r0xG5DMMVN8","file_size":82962,"width":2000,"height":1200}]}}
{"ok":true,"result":{"message_id":11116,"sender_chat":{"id":-1001921335158,"title":"\ud83d\udc0d\ud83d\udce9\ud83d\udc0d G4 status \ud83d\udc0d\ud83d\udce9\ud83d\udc0d","username":"ilmiobotpernotifiche","type":"channel"},"chat":{"id":-1001921335158,"title":"\ud83d\udc0d\ud83d\udce9\ud83d\udc0d G4 status \ud83d\udc0d\ud83d\udce9\ud83d\udc0d","username":"ilmiobotpernotifiche","type":"channel"},"date":1692793325,"text":"Statistics\nEvents processed\n40220000 / 42000000\n.ooo00ooo..ooo00ooo.\nF0:  100a%  100a%  100a%  100a%  80p%  100a%  100a%  100a%  100a%  100a%  70p%  100a%  60p%  100a%  60p%  100a%  100a%  70p%  100a%  100a%  60p%  100a%  70p%  100a%  100a%  100a%  100a%  100a%  100a%  80p%  100a%  100a%  100a%  100a%  60p%  100a%  100a%  100a%  100a%  100a%  60p%  50p%  100a%  100a%  100a%  100a%  100a%  100a%  60p%  100a%  100a%  100a%  50p%  100a%  100a%  100a%  70p%  100a%  100a%  100a%  100a%  100a%  100a%  70p%  60p%  100a%  100a%  70p%  100a%  100a% \n\nF1:  100a%  100a%  100a%  100a%  100a%  50a%  100a%  100a%  100a%  100a%  50a%  100a%  100a%  100a%  100a%  10a%  100a%  100a%  100a%  20a%  100a%  20a%  100a%  100a%  100a%  100a%  100a%  50a%  50a%  100a%  100a%  100a%  100a%  100a%  100a%  100a%  100a%  100a%  100a%  100a%  100a%  100a%  100a%  20a%  100a%  100a%  100a%  100a%  100a%  100a%  100a%  20a%  100a%  100a%  100a%  40a%  100a%  30a%  100a%  100a%  20a%  100a%  100a%  100a%  100a%  100a%  100a%  30a%  100a%  100a% \n\n.ooo00ooo..ooo00ooo.\nTot Percentage: 95.76190476190476\nTime elapsed: 363.8303060531616 seconds","entities":[{"offset":0,"length":10,"type":"bold"},{"offset":11,"length":16,"type":"bold"},{"offset":48,"length":20,"type":"bold"},{"offset":1031,"length":20,"type":"bold"},{"offset":1052,"length":14,"type":"bold"},{"offset":1086,"length":12,"type":"bold"}]}}
<b>Statistics</b>
<b>Events processed</b>
40220000 / 42000000
<b>.ooo00ooo..ooo00ooo.</b>
F0:  100a%  100a%  100a%  100a%  80p%  100a%  100a%  100a%  100a%  100a%  70p%  100a%  60p%  100a%  60p%  100a%  100a%  70p%  100a%  100a%  60p%  100a%  70p%  100a%  100a%  100a%  100a%  100a%  100a%  80p%  100a%  100a%  100a%  100a%  60p%  100a%  100a%  100a%  100a%  100a%  60p%  50p%  100a%  100a%  100a%  100a%  100a%  100a%  60p%  100a%  100a%  100a%  50p%  100a%  100a%  100a%  70p%  100a%  100a%  100a%  100a%  100a%  100a%  70p%  60p%  100a%  100a%  70p%  100a%  100a% 

F1:  100a%  100a%  100a%  100a%  100a%  50a%  100a%  100a%  100a%  100a%  50a%  100a%  100a%  100a%  100a%  10a%  100a%  100a%  100a%  20a%  100a%  20a%  100a%  100a%  100a%  100a%  100a%  50a%  50a%  100a%  100a%  100a%  100a%  100a%  100a%  100a%  100a%  100a%  100a%  100a%  100a%  100a%  100a%  20a%  100a%  100a%  100a%  100a%  100a%  100a%  100a%  20a%  100a%  100a%  100a%  40a%  100a%  30a%  100a%  100a%  20a%  100a%  100a%  100a%  100a%  100a%  100a%  30a%  100a%  100a% 

<b>.ooo00ooo..ooo00ooo.</b>
<b>Tot Percentage</b>: 95.76190476190476
<b>Time elapsed</b>: 363.8303060531616 seconds

{"ok":true,"result":{"message_id":11117,"sender_chat":{"id":-1001921335158,"title":"\ud83d\udc0d\ud83d\udce9\ud83d\udc0d G4 status \ud83d\udc0d\ud83d\udce9\ud83d\udc0d","username":"ilmiobotpernotifiche","type":"channel"},"chat":{"id":-1001921335158,"title":"\ud83d\udc0d\ud83d\udce9\ud83d\udc0d G4 status \ud83d\udc0d\ud83d\udce9\ud83d\udc0d","username":"ilmiobotpernotifiche","type":"channel"},"date":1692793345,"text":"Statistics\nEvents processed\n41680000 / 42000000\n.ooo00ooo..ooo00ooo.\nF0:  100a%  100a%  100a%  100a%  20a%  100a%  100a%  100a%  100a%  100a%  100p%  100a%  100p%  100a%  90p%  100a%  100a%  100p%  100a%  100a%  100p%  100a%  10a%  100a%  100a%  100a%  100a%  100a%  100a%  20a%  100a%  100a%  100a%  100a%  100p%  100a%  100a%  100a%  100a%  100a%  100p%  90p%  100a%  100a%  100a%  100a%  100a%  100a%  100p%  100a%  100a%  100a%  90p%  100a%  100a%  100a%  10a%  100a%  100a%  100a%  100a%  100a%  100a%  10a%  100p%  100a%  100a%  100p%  100a%  100a% \n\nF1:  100a%  100a%  100a%  100a%  100a%  100a%  100a%  100a%  100a%  100a%  100a%  100a%  100a%  100a%  100a%  70a%  100a%  100a%  100a%  80a%  100a%  80a%  100a%  100a%  100a%  100a%  100a%  100a%  100a%  100a%  100a%  100a%  100a%  100a%  100a%  100a%  100a%  100a%  100a%  100a%  100a%  100a%  100a%  80a%  100a%  100a%  100a%  100a%  100a%  100a%  100a%  80a%  100a%  100a%  100a%  100a%  100a%  90a%  100a%  100a%  70a%  100a%  100a%  100a%  100a%  100a%  100a%  90a%  100a%  100a% \n\n.ooo00ooo..ooo00ooo.\nTot Percentage: 99.23809523809524\nTime elapsed: 383.84105944633484 seconds","entities":[{"offset":0,"length":10,"type":"bold"},{"offset":11,"length":16,"type":"bold"},{"offset":48,"length":20,"type":"bold"},{"offset":1045,"length":20,"type":"bold"},{"offset":1066,"length":14,"type":"bold"},{"offset":1100,"length":12,"type":"bold"}]}}
<b>Statistics</b>
<b>Events processed</b>
41680000 / 42000000
<b>.ooo00ooo..ooo00ooo.</b>
F0:  100a%  100a%  100a%  100a%  20a%  100a%  100a%  100a%  100a%  100a%  100p%  100a%  100p%  100a%  90p%  100a%  100a%  100p%  100a%  100a%  100p%  100a%  10a%  100a%  100a%  100a%  100a%  100a%  100a%  20a%  100a%  100a%  100a%  100a%  100p%  100a%  100a%  100a%  100a%  100a%  100p%  90p%  100a%  100a%  100a%  100a%  100a%  100a%  100p%  100a%  100a%  100a%  90p%  100a%  100a%  100a%  10a%  100a%  100a%  100a%  100a%  100a%  100a%  10a%  100p%  100a%  100a%  100p%  100a%  100a% 

F1:  100a%  100a%  100a%  100a%  100a%  100a%  100a%  100a%  100a%  100a%  100a%  100a%  100a%  100a%  100a%  70a%  100a%  100a%  100a%  80a%  100a%  80a%  100a%  100a%  100a%  100a%  100a%  100a%  100a%  100a%  100a%  100a%  100a%  100a%  100a%  100a%  100a%  100a%  100a%  100a%  100a%  100a%  100a%  80a%  100a%  100a%  100a%  100a%  100a%  100a%  100a%  80a%  100a%  100a%  100a%  100a%  100a%  90a%  100a%  100a%  70a%  100a%  100a%  100a%  100a%  100a%  100a%  90a%  100a%  100a% 

<b>.ooo00ooo..ooo00ooo.</b>
<b>Tot Percentage</b>: 99.23809523809524
<b>Time elapsed</b>: 383.84105944633484 seconds

{"ok":true,"result":{"message_id":11118,"sender_chat":{"id":-1001921335158,"title":"\ud83d\udc0d\ud83d\udce9\ud83d\udc0d G4 status \ud83d\udc0d\ud83d\udce9\ud83d\udc0d","username":"ilmiobotpernotifiche","type":"channel"},"chat":{"id":-1001921335158,"title":"\ud83d\udc0d\ud83d\udce9\ud83d\udc0d G4 status \ud83d\udc0d\ud83d\udce9\ud83d\udc0d","username":"ilmiobotpernotifiche","type":"channel"},"date":1692793354,"text":"Finished"}}
