000 (2212.000.000) 2023-08-02 13:53:40 Job submitted from host: <90.147.8.111:9618?addrs=90.147.8.111-9618&alias=ams&noUDP&sock=schedd_3306931_2f8d>
...
040 (2212.000.000) 2023-08-02 13:53:41 Started transferring input files
	Transferring to host: <192.168.100.3:9618?addrs=192.168.100.3-9618&alias=node03&noUDP&sock=slot1_56810_88bf_63>
...
040 (2212.000.000) 2023-08-02 13:53:41 Finished transferring input files
...
001 (2212.000.000) 2023-08-02 13:53:42 Job executing on host: <192.168.100.3:9618?addrs=192.168.100.3-9618&alias=node03&noUDP&sock=startd_56773_2261>
	SlotName: slot1@node03
...
006 (2212.000.000) 2023-08-02 13:53:50 Image size of job updated: 52
	1  -  MemoryUsage of job (MB)
	52  -  ResidentSetSize of job (KB)
...
006 (2212.000.000) 2023-08-02 13:54:17 Image size of job updated: 915320
	1  -  MemoryUsage of job (MB)
	52  -  ResidentSetSize of job (KB)
...
040 (2212.000.000) 2023-08-02 13:54:18 Started transferring output files
...
040 (2212.000.000) 2023-08-02 13:54:18 Finished transferring output files
...
005 (2212.000.000) 2023-08-02 13:54:18 Job terminated.
	(1) Normal termination (return value 0)
		Usr 0 00:00:35, Sys 0 00:00:04  -  Run Remote Usage
		Usr 0 00:00:00, Sys 0 00:00:00  -  Run Local Usage
		Usr 0 00:00:35, Sys 0 00:00:04  -  Total Remote Usage
		Usr 0 00:00:00, Sys 0 00:00:00  -  Total Local Usage
	67698  -  Run Bytes Sent By Job
	785  -  Run Bytes Received By Job
	67698  -  Total Bytes Sent By Job
	785  -  Total Bytes Received By Job
	Partitionable Resources :    Usage  Request Allocated 
	   Cpus                 :                 1         1 
	   Disk (KB)            :       86        1   4077838 
	   Memory (MB)          :        1        1      2000 

	Job terminated of its own accord at 2023-08-02T11:54:17Z with exit-code 0.
...
