000 (10339.000.000) 2023-09-05 12:32:03 Job submitted from host: <90.147.8.111:9618?addrs=90.147.8.111-9618&alias=ams&noUDP&sock=schedd_3306931_2f8d>
...
040 (10339.000.000) 2023-09-05 12:32:24 Started transferring input files
	Transferring to host: <192.168.100.3:9618?addrs=192.168.100.3-9618&alias=node03&noUDP&sock=slot39_56810_88bf_4301>
...
040 (10339.000.000) 2023-09-05 12:32:24 Finished transferring input files
...
001 (10339.000.000) 2023-09-05 12:32:25 Job executing on host: <192.168.100.3:9618?addrs=192.168.100.3-9618&alias=node03&noUDP&sock=startd_56773_2261>
	SlotName: slot39@node03
...
006 (10339.000.000) 2023-09-05 12:32:35 Image size of job updated: 422628
	56  -  MemoryUsage of job (MB)
	56400  -  ResidentSetSize of job (KB)
...
006 (10339.000.000) 2023-09-05 12:33:23 Image size of job updated: 464984
	56  -  MemoryUsage of job (MB)
	56448  -  ResidentSetSize of job (KB)
...
005 (10339.000.000) 2023-09-05 12:33:23 Job terminated.
	(1) Normal termination (return value 0)
		Usr 0 00:00:53, Sys 0 00:00:00  -  Run Remote Usage
		Usr 0 00:00:00, Sys 0 00:00:00  -  Run Local Usage
		Usr 0 00:00:53, Sys 0 00:00:00  -  Total Remote Usage
		Usr 0 00:00:00, Sys 0 00:00:00  -  Total Local Usage
	0  -  Run Bytes Sent By Job
	1013  -  Run Bytes Received By Job
	0  -  Total Bytes Sent By Job
	1013  -  Total Bytes Received By Job
	Partitionable Resources :    Usage  Request Allocated 
	   Cpus                 :     0.99        1         1 
	   Disk (KB)            :    20           1   4077838 
	   Memory (MB)          :    56           1      2000 

	Job terminated of its own accord at 2023-09-05T10:33:23Z with exit-code 0.
...
