000 (10565.000.000) 2023-09-05 12:32:15 Job submitted from host: <90.147.8.111:9618?addrs=90.147.8.111-9618&alias=ams&noUDP&sock=schedd_3306931_2f8d>
...
040 (10565.000.000) 2023-09-05 12:34:47 Started transferring input files
	Transferring to host: <192.168.100.3:9618?addrs=192.168.100.3-9618&alias=node03&noUDP&sock=slot30_56810_88bf_4399>
...
040 (10565.000.000) 2023-09-05 12:34:47 Finished transferring input files
...
001 (10565.000.000) 2023-09-05 12:34:48 Job executing on host: <192.168.100.3:9618?addrs=192.168.100.3-9618&alias=node03&noUDP&sock=startd_56773_2261>
	SlotName: slot30@node03
...
006 (10565.000.000) 2023-09-05 12:34:57 Image size of job updated: 422628
	61  -  MemoryUsage of job (MB)
	62004  -  ResidentSetSize of job (KB)
...
006 (10565.000.000) 2023-09-05 12:35:55 Image size of job updated: 464560
	61  -  MemoryUsage of job (MB)
	62012  -  ResidentSetSize of job (KB)
...
005 (10565.000.000) 2023-09-05 12:35:55 Job terminated.
	(1) Normal termination (return value 0)
		Usr 0 00:01:04, Sys 0 00:00:00  -  Run Remote Usage
		Usr 0 00:00:00, Sys 0 00:00:00  -  Run Local Usage
		Usr 0 00:01:04, Sys 0 00:00:00  -  Total Remote Usage
		Usr 0 00:00:00, Sys 0 00:00:00  -  Total Local Usage
	0  -  Run Bytes Sent By Job
	1028  -  Run Bytes Received By Job
	0  -  Total Bytes Sent By Job
	1028  -  Total Bytes Received By Job
	Partitionable Resources :    Usage  Request Allocated 
	   Cpus                 :                 1         1 
	   Disk (KB)            :       16        2   4077838 
	   Memory (MB)          :       61        1      2000 

	Job terminated of its own accord at 2023-09-05T10:35:55Z with exit-code 0.
...
