000 (10595.000.000) 2023-09-05 12:32:16 Job submitted from host: <90.147.8.111:9618?addrs=90.147.8.111-9618&alias=ams&noUDP&sock=schedd_3306931_2f8d>
...
040 (10595.000.000) 2023-09-05 12:35:27 Started transferring input files
	Transferring to host: <192.168.100.3:9618?addrs=192.168.100.3-9618&alias=node03&noUDP&sock=slot43_56810_88bf_4413>
...
040 (10595.000.000) 2023-09-05 12:35:27 Finished transferring input files
...
001 (10595.000.000) 2023-09-05 12:35:28 Job executing on host: <192.168.100.3:9618?addrs=192.168.100.3-9618&alias=node03&noUDP&sock=startd_56773_2261>
	SlotName: slot43@node03
...
006 (10595.000.000) 2023-09-05 12:35:37 Image size of job updated: 422628
	61  -  MemoryUsage of job (MB)
	62396  -  ResidentSetSize of job (KB)
...
006 (10595.000.000) 2023-09-05 12:36:24 Image size of job updated: 464984
	61  -  MemoryUsage of job (MB)
	62400  -  ResidentSetSize of job (KB)
...
005 (10595.000.000) 2023-09-05 12:36:24 Job terminated.
	(1) Normal termination (return value 0)
		Usr 0 00:00:53, Sys 0 00:00:00  -  Run Remote Usage
		Usr 0 00:00:00, Sys 0 00:00:00  -  Run Local Usage
		Usr 0 00:00:53, Sys 0 00:00:00  -  Total Remote Usage
		Usr 0 00:00:00, Sys 0 00:00:00  -  Total Local Usage
	0  -  Run Bytes Sent By Job
	1013  -  Run Bytes Received By Job
	0  -  Total Bytes Sent By Job
	1013  -  Total Bytes Received By Job
	Partitionable Resources :    Usage  Request Allocated 
	   Cpus                 :                 1         1 
	   Disk (KB)            :       16        1   4077838 
	   Memory (MB)          :       61        1      2000 

	Job terminated of its own accord at 2023-09-05T10:36:24Z with exit-code 0.
...
