000 (11975.000.000) 2023-09-05 19:52:36 Job submitted from host: <90.147.8.111:9618?addrs=90.147.8.111-9618&alias=ams&noUDP&sock=schedd_3306931_2f8d>
...
040 (11975.000.000) 2023-09-05 20:01:22 Started transferring input files
	Transferring to host: <192.168.100.3:9618?addrs=192.168.100.3-9618&alias=node03&noUDP&sock=slot36_56810_88bf_5019>
...
040 (11975.000.000) 2023-09-05 20:01:22 Finished transferring input files
...
001 (11975.000.000) 2023-09-05 20:01:23 Job executing on host: <192.168.100.3:9618?addrs=192.168.100.3-9618&alias=node03&noUDP&sock=startd_56773_2261>
	SlotName: slot36@node03
...
006 (11975.000.000) 2023-09-05 20:01:32 Image size of job updated: 461792
	63  -  MemoryUsage of job (MB)
	63536  -  ResidentSetSize of job (KB)
...
006 (11975.000.000) 2023-09-05 20:03:17 Image size of job updated: 464904
	63  -  MemoryUsage of job (MB)
	63536  -  ResidentSetSize of job (KB)
...
005 (11975.000.000) 2023-09-05 20:03:17 Job terminated.
	(1) Normal termination (return value 0)
		Usr 0 00:01:52, Sys 0 00:00:00  -  Run Remote Usage
		Usr 0 00:00:00, Sys 0 00:00:00  -  Run Local Usage
		Usr 0 00:01:52, Sys 0 00:00:00  -  Total Remote Usage
		Usr 0 00:00:00, Sys 0 00:00:00  -  Total Local Usage
	0  -  Run Bytes Sent By Job
	1005  -  Run Bytes Received By Job
	0  -  Total Bytes Sent By Job
	1005  -  Total Bytes Received By Job
	Partitionable Resources :    Usage  Request Allocated 
	   Cpus                 :     1.00        1         1 
	   Disk (KB)            :    22           1   4077838 
	   Memory (MB)          :    63           1      2000 

	Job terminated of its own accord at 2023-09-05T18:03:17Z with exit-code 0.
...
