000 (10433.000.000) 2023-09-05 12:32:08 Job submitted from host: <90.147.8.111:9618?addrs=90.147.8.111-9618&alias=ams&noUDP&sock=schedd_3306931_2f8d>
...
040 (10433.000.000) 2023-09-05 12:33:27 Started transferring input files
	Transferring to host: <192.168.100.3:9618?addrs=192.168.100.3-9618&alias=node03&noUDP&sock=slot44_56810_88bf_4331>
...
040 (10433.000.000) 2023-09-05 12:33:27 Finished transferring input files
...
001 (10433.000.000) 2023-09-05 12:33:28 Job executing on host: <192.168.100.3:9618?addrs=192.168.100.3-9618&alias=node03&noUDP&sock=startd_56773_2261>
	SlotName: slot44@node03
...
006 (10433.000.000) 2023-09-05 12:33:36 Image size of job updated: 433108
	34  -  MemoryUsage of job (MB)
	34672  -  ResidentSetSize of job (KB)
...
006 (10433.000.000) 2023-09-05 12:34:24 Image size of job updated: 464984
	34  -  MemoryUsage of job (MB)
	34684  -  ResidentSetSize of job (KB)
...
005 (10433.000.000) 2023-09-05 12:34:24 Job terminated.
	(1) Normal termination (return value 0)
		Usr 0 00:00:53, Sys 0 00:00:00  -  Run Remote Usage
		Usr 0 00:00:00, Sys 0 00:00:00  -  Run Local Usage
		Usr 0 00:00:53, Sys 0 00:00:00  -  Total Remote Usage
		Usr 0 00:00:00, Sys 0 00:00:00  -  Total Local Usage
	0  -  Run Bytes Sent By Job
	1011  -  Run Bytes Received By Job
	0  -  Total Bytes Sent By Job
	1011  -  Total Bytes Received By Job
	Partitionable Resources :    Usage  Request Allocated 
	   Cpus                 :                 1         1 
	   Disk (KB)            :       16        1   4077838 
	   Memory (MB)          :       34        1      2000 

	Job terminated of its own accord at 2023-09-05T10:34:24Z with exit-code 0.
...
