000 (12023.000.000) 2023-09-05 19:52:38 Job submitted from host: <90.147.8.111:9618?addrs=90.147.8.111-9618&alias=ams&noUDP&sock=schedd_3306931_2f8d>
...
040 (12023.000.000) 2023-09-05 20:02:02 Started transferring input files
	Transferring to host: <192.168.100.101:9618?addrs=192.168.100.101-9618&alias=node02&noUDP&sock=slot42_102123_a452_4641>
...
040 (12023.000.000) 2023-09-05 20:02:02 Finished transferring input files
...
001 (12023.000.000) 2023-09-05 20:02:03 Job executing on host: <192.168.100.101:9618?addrs=192.168.100.101-9618&alias=node02&noUDP&sock=startd_102084_b624>
	SlotName: slot42@node02
	CondorScratchDir = "/home/spool/lib/condor/execute/dir_210203"
	Cpus = 1
	Disk = 1873362
	Memory = 2006
...
006 (12023.000.000) 2023-09-05 20:02:11 Image size of job updated: 1
	0  -  MemoryUsage of job (MB)
	0  -  ResidentSetSize of job (KB)
...
006 (12023.000.000) 2023-09-05 20:04:34 Image size of job updated: 128
	0  -  MemoryUsage of job (MB)
	0  -  ResidentSetSize of job (KB)
...
005 (12023.000.000) 2023-09-05 20:04:34 Job terminated.
	(1) Normal termination (return value 0)
		Usr 0 00:00:00, Sys 0 00:00:00  -  Run Remote Usage
		Usr 0 00:00:00, Sys 0 00:00:00  -  Run Local Usage
		Usr 0 00:00:00, Sys 0 00:00:00  -  Total Remote Usage
		Usr 0 00:00:00, Sys 0 00:00:00  -  Total Local Usage
	0  -  Run Bytes Sent By Job
	1022  -  Run Bytes Received By Job
	0  -  Total Bytes Sent By Job
	1022  -  Total Bytes Received By Job
	Partitionable Resources :    Usage  Request Allocated 
	   Cpus                 :     1.00        1         1 
	   Disk (KB)            :    22           1   1873362 
	   Memory (MB)          :     0           1      2006 

	Job terminated of its own accord at 2023-09-05T18:04:34Z with exit-code 0.
...
