000 (10577.000.000) 2023-09-05 12:32:15 Job submitted from host: <90.147.8.111:9618?addrs=90.147.8.111-9618&alias=ams&noUDP&sock=schedd_3306931_2f8d>
...
040 (10577.000.000) 2023-09-05 12:35:15 Started transferring input files
	Transferring to host: <192.168.100.3:9618?addrs=192.168.100.3-9618&alias=node03&noUDP&sock=slot37_56810_88bf_4403>
...
040 (10577.000.000) 2023-09-05 12:35:15 Finished transferring input files
...
001 (10577.000.000) 2023-09-05 12:35:16 Job executing on host: <192.168.100.3:9618?addrs=192.168.100.3-9618&alias=node03&noUDP&sock=startd_56773_2261>
	SlotName: slot37@node03
...
006 (10577.000.000) 2023-09-05 12:35:25 Image size of job updated: 461640
	62  -  MemoryUsage of job (MB)
	62832  -  ResidentSetSize of job (KB)
...
006 (10577.000.000) 2023-09-05 12:36:09 Image size of job updated: 464984
	62  -  MemoryUsage of job (MB)
	63076  -  ResidentSetSize of job (KB)
...
005 (10577.000.000) 2023-09-05 12:36:09 Job terminated.
	(1) Normal termination (return value 0)
		Usr 0 00:00:51, Sys 0 00:00:00  -  Run Remote Usage
		Usr 0 00:00:00, Sys 0 00:00:00  -  Run Local Usage
		Usr 0 00:00:51, Sys 0 00:00:00  -  Total Remote Usage
		Usr 0 00:00:00, Sys 0 00:00:00  -  Total Local Usage
	0  -  Run Bytes Sent By Job
	1013  -  Run Bytes Received By Job
	0  -  Total Bytes Sent By Job
	1013  -  Total Bytes Received By Job
	Partitionable Resources :    Usage  Request Allocated 
	   Cpus                 :                 1         1 
	   Disk (KB)            :       16        1   4077838 
	   Memory (MB)          :       62        1      2000 

	Job terminated of its own accord at 2023-09-05T10:36:09Z with exit-code 0.
...
