000 (10413.000.000) 2023-09-05 12:32:07 Job submitted from host: <90.147.8.111:9618?addrs=90.147.8.111-9618&alias=ams&noUDP&sock=schedd_3306931_2f8d>
...
040 (10413.000.000) 2023-09-05 12:33:21 Started transferring input files
	Transferring to host: <192.168.100.3:9618?addrs=192.168.100.3-9618&alias=node03&noUDP&sock=slot2_56810_88bf_4311>
...
040 (10413.000.000) 2023-09-05 12:33:21 Finished transferring input files
...
001 (10413.000.000) 2023-09-05 12:33:22 Job executing on host: <192.168.100.3:9618?addrs=192.168.100.3-9618&alias=node03&noUDP&sock=startd_56773_2261>
	SlotName: slot2@node03
...
006 (10413.000.000) 2023-09-05 12:33:30 Image size of job updated: 434968
	36  -  MemoryUsage of job (MB)
	35952  -  ResidentSetSize of job (KB)
...
006 (10413.000.000) 2023-09-05 12:34:29 Image size of job updated: 464560
	36  -  MemoryUsage of job (MB)
	36472  -  ResidentSetSize of job (KB)
...
005 (10413.000.000) 2023-09-05 12:34:29 Job terminated.
	(1) Normal termination (return value 0)
		Usr 0 00:01:04, Sys 0 00:00:00  -  Run Remote Usage
		Usr 0 00:00:00, Sys 0 00:00:00  -  Run Local Usage
		Usr 0 00:01:04, Sys 0 00:00:00  -  Total Remote Usage
		Usr 0 00:00:00, Sys 0 00:00:00  -  Total Local Usage
	0  -  Run Bytes Sent By Job
	1026  -  Run Bytes Received By Job
	0  -  Total Bytes Sent By Job
	1026  -  Total Bytes Received By Job
	Partitionable Resources :    Usage  Request Allocated 
	   Cpus                 :                 1         1 
	   Disk (KB)            :       16        2   4077838 
	   Memory (MB)          :       36        1      2000 

	Job terminated of its own accord at 2023-09-05T10:34:29Z with exit-code 0.
...
