000 (11525.000.000) 2023-09-05 19:52:11 Job submitted from host: <90.147.8.111:9618?addrs=90.147.8.111-9618&alias=ams&noUDP&sock=schedd_3306931_2f8d>
...
040 (11525.000.000) 2023-09-05 19:52:31 Started transferring input files
	Transferring to host: <192.168.100.3:9618?addrs=192.168.100.3-9618&alias=node03&noUDP&sock=slot21_56810_88bf_4831>
...
040 (11525.000.000) 2023-09-05 19:52:31 Finished transferring input files
...
001 (11525.000.000) 2023-09-05 19:52:33 Job executing on host: <192.168.100.3:9618?addrs=192.168.100.3-9618&alias=node03&noUDP&sock=startd_56773_2261>
	SlotName: slot21@node03
...
006 (11525.000.000) 2023-09-05 19:52:42 Image size of job updated: 49480
	31  -  MemoryUsage of job (MB)
	30792  -  ResidentSetSize of job (KB)
...
006 (11525.000.000) 2023-09-05 19:54:35 Image size of job updated: 464904
	32  -  MemoryUsage of job (MB)
	31928  -  ResidentSetSize of job (KB)
...
005 (11525.000.000) 2023-09-05 19:54:35 Job terminated.
	(1) Normal termination (return value 0)
		Usr 0 00:01:51, Sys 0 00:00:00  -  Run Remote Usage
		Usr 0 00:00:00, Sys 0 00:00:00  -  Run Local Usage
		Usr 0 00:01:51, Sys 0 00:00:00  -  Total Remote Usage
		Usr 0 00:00:00, Sys 0 00:00:00  -  Total Local Usage
	0  -  Run Bytes Sent By Job
	1005  -  Run Bytes Received By Job
	0  -  Total Bytes Sent By Job
	1005  -  Total Bytes Received By Job
	Partitionable Resources :    Usage  Request Allocated 
	   Cpus                 :     1.00        1         1 
	   Disk (KB)            :    22           1   4077838 
	   Memory (MB)          :    32           1      2000 

	Job terminated of its own accord at 2023-09-05T17:54:35Z with exit-code 0.
...
