000 (10411.000.000) 2023-09-05 12:32:07 Job submitted from host: <90.147.8.111:9618?addrs=90.147.8.111-9618&alias=ams&noUDP&sock=schedd_3306931_2f8d>
...
040 (10411.000.000) 2023-09-05 12:32:27 Started transferring input files
	Transferring to host: <192.168.100.101:9618?addrs=192.168.100.101-9618&alias=node02&noUDP&sock=slot63_102123_a452_3758>
...
040 (10411.000.000) 2023-09-05 12:32:27 Finished transferring input files
...
001 (10411.000.000) 2023-09-05 12:32:28 Job executing on host: <192.168.100.101:9618?addrs=192.168.100.101-9618&alias=node02&noUDP&sock=startd_102084_b624>
	SlotName: slot63@node02
	CondorScratchDir = "/home/spool/lib/condor/execute/dir_194988"
	Cpus = 1
	Disk = 1873362
	Memory = 2006
...
006 (10411.000.000) 2023-09-05 12:32:37 Image size of job updated: 2
	0  -  MemoryUsage of job (MB)
	0  -  ResidentSetSize of job (KB)
...
006 (10411.000.000) 2023-09-05 12:34:36 Image size of job updated: 85588
	10  -  MemoryUsage of job (MB)
	9260  -  ResidentSetSize of job (KB)
...
005 (10411.000.000) 2023-09-05 12:34:36 Job terminated.
	(1) Normal termination (return value 0)
		Usr 0 00:00:00, Sys 0 00:00:00  -  Run Remote Usage
		Usr 0 00:00:00, Sys 0 00:00:00  -  Run Local Usage
		Usr 0 00:00:00, Sys 0 00:00:00  -  Total Remote Usage
		Usr 0 00:00:00, Sys 0 00:00:00  -  Total Local Usage
	0  -  Run Bytes Sent By Job
	1026  -  Run Bytes Received By Job
	0  -  Total Bytes Sent By Job
	1026  -  Total Bytes Received By Job
	Partitionable Resources :    Usage  Request Allocated 
	   Cpus                 :     0.24        1         1 
	   Disk (KB)            :    21           2   1873362 
	   Memory (MB)          :    10           1      2006 

	Job terminated of its own accord at 2023-09-05T10:34:36Z with exit-code 0.
...
