000 (10308.000.000) 2023-09-05 12:32:02 Job submitted from host: <90.147.8.111:9618?addrs=90.147.8.111-9618&alias=ams&noUDP&sock=schedd_3306931_2f8d>
...
040 (10308.000.000) 2023-09-05 12:32:22 Started transferring input files
	Transferring to host: <192.168.100.3:9618?addrs=192.168.100.3-9618&alias=node03&noUDP&sock=slot8_56810_88bf_4269>
...
040 (10308.000.000) 2023-09-05 12:32:22 Finished transferring input files
...
001 (10308.000.000) 2023-09-05 12:32:25 Job executing on host: <192.168.100.3:9618?addrs=192.168.100.3-9618&alias=node03&noUDP&sock=startd_56773_2261>
	SlotName: slot8@node03
...
006 (10308.000.000) 2023-09-05 12:32:33 Image size of job updated: 456492
	61  -  MemoryUsage of job (MB)
	62408  -  ResidentSetSize of job (KB)
...
006 (10308.000.000) 2023-09-05 12:33:20 Image size of job updated: 464984
	61  -  MemoryUsage of job (MB)
	62412  -  ResidentSetSize of job (KB)
...
005 (10308.000.000) 2023-09-05 12:33:20 Job terminated.
	(1) Normal termination (return value 0)
		Usr 0 00:00:50, Sys 0 00:00:00  -  Run Remote Usage
		Usr 0 00:00:00, Sys 0 00:00:00  -  Run Local Usage
		Usr 0 00:00:50, Sys 0 00:00:00  -  Total Remote Usage
		Usr 0 00:00:00, Sys 0 00:00:00  -  Total Local Usage
	0  -  Run Bytes Sent By Job
	1013  -  Run Bytes Received By Job
	0  -  Total Bytes Sent By Job
	1013  -  Total Bytes Received By Job
	Partitionable Resources :    Usage  Request Allocated 
	   Cpus                 :     0.98        1         1 
	   Disk (KB)            :    20           1   4077838 
	   Memory (MB)          :    61           1      2000 

	Job terminated of its own accord at 2023-09-05T10:33:20Z with exit-code 0.
...
