000 (11543.000.000) 2023-09-05 19:52:12 Job submitted from host: <90.147.8.111:9618?addrs=90.147.8.111-9618&alias=ams&noUDP&sock=schedd_3306931_2f8d>
...
040 (11543.000.000) 2023-09-05 19:52:32 Started transferring input files
	Transferring to host: <192.168.100.3:9618?addrs=192.168.100.3-9618&alias=node03&noUDP&sock=slot39_56810_88bf_4849>
...
040 (11543.000.000) 2023-09-05 19:52:32 Finished transferring input files
...
001 (11543.000.000) 2023-09-05 19:52:33 Job executing on host: <192.168.100.3:9618?addrs=192.168.100.3-9618&alias=node03&noUDP&sock=startd_56773_2261>
	SlotName: slot39@node03
...
006 (11543.000.000) 2023-09-05 19:52:43 Image size of job updated: 84800
	83  -  MemoryUsage of job (MB)
	84684  -  ResidentSetSize of job (KB)
...
006 (11543.000.000) 2023-09-05 19:55:03 Image size of job updated: 464484
	83  -  MemoryUsage of job (MB)
	84684  -  ResidentSetSize of job (KB)
...
005 (11543.000.000) 2023-09-05 19:55:03 Job terminated.
	(1) Normal termination (return value 0)
		Usr 0 00:02:19, Sys 0 00:00:00  -  Run Remote Usage
		Usr 0 00:00:00, Sys 0 00:00:00  -  Run Local Usage
		Usr 0 00:02:19, Sys 0 00:00:00  -  Total Remote Usage
		Usr 0 00:00:00, Sys 0 00:00:00  -  Total Local Usage
	0  -  Run Bytes Sent By Job
	1020  -  Run Bytes Received By Job
	0  -  Total Bytes Sent By Job
	1020  -  Total Bytes Received By Job
	Partitionable Resources :    Usage  Request Allocated 
	   Cpus                 :     1.01        1         1 
	   Disk (KB)            :    22           1   4077838 
	   Memory (MB)          :    83           1      2000 

	Job terminated of its own accord at 2023-09-05T17:55:03Z with exit-code 0.
...
