000 (11739.000.000) 2023-09-05 19:52:23 Job submitted from host: <90.147.8.111:9618?addrs=90.147.8.111-9618&alias=ams&noUDP&sock=schedd_3306931_2f8d>
...
040 (11739.000.000) 2023-09-05 19:56:52 Started transferring input files
	Transferring to host: <192.168.100.101:9618?addrs=192.168.100.101-9618&alias=node02&noUDP&sock=slot58_102123_a452_4481>
...
040 (11739.000.000) 2023-09-05 19:56:52 Finished transferring input files
...
001 (11739.000.000) 2023-09-05 19:56:53 Job executing on host: <192.168.100.101:9618?addrs=192.168.100.101-9618&alias=node02&noUDP&sock=startd_102084_b624>
	SlotName: slot58@node02
	CondorScratchDir = "/home/spool/lib/condor/execute/dir_208681"
	Cpus = 1
	Disk = 1873362
	Memory = 2006
...
006 (11739.000.000) 2023-09-05 19:57:01 Image size of job updated: 84788
	62  -  MemoryUsage of job (MB)
	63196  -  ResidentSetSize of job (KB)
...
006 (11739.000.000) 2023-09-05 19:58:33 Image size of job updated: 97580
	62  -  MemoryUsage of job (MB)
	63196  -  ResidentSetSize of job (KB)
...
005 (11739.000.000) 2023-09-05 19:58:33 Job terminated.
	(1) Normal termination (return value 0)
		Usr 0 00:00:00, Sys 0 00:00:00  -  Run Remote Usage
		Usr 0 00:00:00, Sys 0 00:00:00  -  Run Local Usage
		Usr 0 00:00:00, Sys 0 00:00:00  -  Total Remote Usage
		Usr 0 00:00:00, Sys 0 00:00:00  -  Total Local Usage
	0  -  Run Bytes Sent By Job
	1020  -  Run Bytes Received By Job
	0  -  Total Bytes Sent By Job
	1020  -  Total Bytes Received By Job
	Partitionable Resources :    Usage  Request Allocated 
	   Cpus                 :                 1         1 
	   Disk (KB)            :       17        1   1873362 
	   Memory (MB)          :       62        1      2006 

	Job terminated of its own accord at 2023-09-05T17:58:33Z with exit-code 0.
...
