000 (11755.000.000) 2023-09-05 19:52:24 Job submitted from host: <90.147.8.111:9618?addrs=90.147.8.111-9618&alias=ams&noUDP&sock=schedd_3306931_2f8d>
...
040 (11755.000.000) 2023-09-05 19:57:05 Started transferring input files
	Transferring to host: <192.168.100.101:9618?addrs=192.168.100.101-9618&alias=node02&noUDP&sock=slot52_102123_a452_4485>
...
040 (11755.000.000) 2023-09-05 19:57:05 Finished transferring input files
...
001 (11755.000.000) 2023-09-05 19:57:06 Job executing on host: <192.168.100.101:9618?addrs=192.168.100.101-9618&alias=node02&noUDP&sock=startd_102084_b624>
	SlotName: slot52@node02
	CondorScratchDir = "/home/spool/lib/condor/execute/dir_208726"
	Cpus = 1
	Disk = 1873362
	Memory = 2006
...
006 (11755.000.000) 2023-09-05 19:57:15 Image size of job updated: 84708
	62  -  MemoryUsage of job (MB)
	63104  -  ResidentSetSize of job (KB)
...
006 (11755.000.000) 2023-09-05 19:58:50 Image size of job updated: 97516
	62  -  MemoryUsage of job (MB)
	63104  -  ResidentSetSize of job (KB)
...
005 (11755.000.000) 2023-09-05 19:58:50 Job terminated.
	(1) Normal termination (return value 0)
		Usr 0 00:00:00, Sys 0 00:00:00  -  Run Remote Usage
		Usr 0 00:00:00, Sys 0 00:00:00  -  Run Local Usage
		Usr 0 00:00:00, Sys 0 00:00:00  -  Total Remote Usage
		Usr 0 00:00:00, Sys 0 00:00:00  -  Total Local Usage
	0  -  Run Bytes Sent By Job
	1022  -  Run Bytes Received By Job
	0  -  Total Bytes Sent By Job
	1022  -  Total Bytes Received By Job
	Partitionable Resources :    Usage  Request Allocated 
	   Cpus                 :     1.00        1         1 
	   Disk (KB)            :    22           1   1873362 
	   Memory (MB)          :    62           1      2006 

	Job terminated of its own accord at 2023-09-05T17:58:50Z with exit-code 0.
...
