000 (12288.000.000) 2023-09-05 19:52:52 Job submitted from host: <90.147.8.111:9618?addrs=90.147.8.111-9618&alias=ams&noUDP&sock=schedd_3306931_2f8d>
...
040 (12288.000.000) 2023-09-05 20:07:32 Started transferring input files
	Transferring to host: <192.168.100.3:9618?addrs=192.168.100.3-9618&alias=node03&noUDP&sock=slot44_56810_88bf_5145>
...
040 (12288.000.000) 2023-09-05 20:07:32 Finished transferring input files
...
001 (12288.000.000) 2023-09-05 20:07:33 Job executing on host: <192.168.100.3:9618?addrs=192.168.100.3-9618&alias=node03&noUDP&sock=startd_56773_2261>
	SlotName: slot44@node03
...
006 (12288.000.000) 2023-09-05 20:07:41 Image size of job updated: 433248
	36  -  MemoryUsage of job (MB)
	36196  -  ResidentSetSize of job (KB)
...
006 (12288.000.000) 2023-09-05 20:09:07 Image size of job updated: 464904
	36  -  MemoryUsage of job (MB)
	36232  -  ResidentSetSize of job (KB)
...
005 (12288.000.000) 2023-09-05 20:09:07 Job terminated.
	(1) Normal termination (return value 0)
		Usr 0 00:01:32, Sys 0 00:00:00  -  Run Remote Usage
		Usr 0 00:00:00, Sys 0 00:00:00  -  Run Local Usage
		Usr 0 00:01:32, Sys 0 00:00:00  -  Total Remote Usage
		Usr 0 00:00:00, Sys 0 00:00:00  -  Total Local Usage
	0  -  Run Bytes Sent By Job
	1005  -  Run Bytes Received By Job
	0  -  Total Bytes Sent By Job
	1005  -  Total Bytes Received By Job
	Partitionable Resources :    Usage  Request Allocated 
	   Cpus                 :     1.00        1         1 
	   Disk (KB)            :    22           1   4077838 
	   Memory (MB)          :    36           1      2000 

	Job terminated of its own accord at 2023-09-05T18:09:07Z with exit-code 0.
...
