000 (10559.000.000) 2023-09-05 12:32:14 Job submitted from host: <90.147.8.111:9618?addrs=90.147.8.111-9618&alias=ams&noUDP&sock=schedd_3306931_2f8d>
...
040 (10559.000.000) 2023-09-05 12:34:45 Started transferring input files
	Transferring to host: <192.168.100.3:9618?addrs=192.168.100.3-9618&alias=node03&noUDP&sock=slot22_56810_88bf_4393>
...
040 (10559.000.000) 2023-09-05 12:34:45 Finished transferring input files
...
001 (10559.000.000) 2023-09-05 12:34:46 Job executing on host: <192.168.100.3:9618?addrs=192.168.100.3-9618&alias=node03&noUDP&sock=startd_56773_2261>
	SlotName: slot22@node03
...
006 (10559.000.000) 2023-09-05 12:34:55 Image size of job updated: 422628
	62  -  MemoryUsage of job (MB)
	63188  -  ResidentSetSize of job (KB)
...
006 (10559.000.000) 2023-09-05 12:35:52 Image size of job updated: 464560
	62  -  MemoryUsage of job (MB)
	63188  -  ResidentSetSize of job (KB)
...
005 (10559.000.000) 2023-09-05 12:35:52 Job terminated.
	(1) Normal termination (return value 0)
		Usr 0 00:01:04, Sys 0 00:00:00  -  Run Remote Usage
		Usr 0 00:00:00, Sys 0 00:00:00  -  Run Local Usage
		Usr 0 00:01:04, Sys 0 00:00:00  -  Total Remote Usage
		Usr 0 00:00:00, Sys 0 00:00:00  -  Total Local Usage
	0  -  Run Bytes Sent By Job
	1026  -  Run Bytes Received By Job
	0  -  Total Bytes Sent By Job
	1026  -  Total Bytes Received By Job
	Partitionable Resources :    Usage  Request Allocated 
	   Cpus                 :                 1         1 
	   Disk (KB)            :       16        2   4077838 
	   Memory (MB)          :       62        1      2000 

	Job terminated of its own accord at 2023-09-05T10:35:52Z with exit-code 0.
...
