000 (11553.000.000) 2023-09-05 19:52:13 Job submitted from host: <90.147.8.111:9618?addrs=90.147.8.111-9618&alias=ams&noUDP&sock=schedd_3306931_2f8d>
...
040 (11553.000.000) 2023-09-05 19:52:30 Started transferring input files
	Transferring to host: <192.168.100.101:9618?addrs=192.168.100.101-9618&alias=node02&noUDP&sock=slot1_102123_a452_4352>
...
040 (11553.000.000) 2023-09-05 19:52:30 Finished transferring input files
...
001 (11553.000.000) 2023-09-05 19:52:34 Job executing on host: <192.168.100.101:9618?addrs=192.168.100.101-9618&alias=node02&noUDP&sock=startd_102084_b624>
	SlotName: slot1@node02
	CondorScratchDir = "/home/spool/lib/condor/execute/dir_207298"
	Cpus = 1
	Disk = 1873362
	Memory = 2006
...
006 (11553.000.000) 2023-09-05 19:52:43 Image size of job updated: 1
	0  -  MemoryUsage of job (MB)
	0  -  ResidentSetSize of job (KB)
...
006 (11553.000.000) 2023-09-05 19:55:40 Image size of job updated: 97500
	22  -  MemoryUsage of job (MB)
	22008  -  ResidentSetSize of job (KB)
...
005 (11553.000.000) 2023-09-05 19:55:40 Job terminated.
	(1) Normal termination (return value 0)
		Usr 0 00:00:00, Sys 0 00:00:00  -  Run Remote Usage
		Usr 0 00:00:00, Sys 0 00:00:00  -  Run Local Usage
		Usr 0 00:00:00, Sys 0 00:00:00  -  Total Remote Usage
		Usr 0 00:00:00, Sys 0 00:00:00  -  Total Local Usage
	0  -  Run Bytes Sent By Job
	1020  -  Run Bytes Received By Job
	0  -  Total Bytes Sent By Job
	1020  -  Total Bytes Received By Job
	Partitionable Resources :    Usage  Request Allocated 
	   Cpus                 :     0.93        1         1 
	   Disk (KB)            :    22           1   1873362 
	   Memory (MB)          :    22           1      2006 

	Job terminated of its own accord at 2023-09-05T17:55:40Z with exit-code 0.
...
