000 (11884.000.000) 2023-09-05 19:52:31 Job submitted from host: <90.147.8.111:9618?addrs=90.147.8.111-9618&alias=ams&noUDP&sock=schedd_3306931_2f8d>
...
040 (11884.000.000) 2023-09-05 19:59:30 Started transferring input files
	Transferring to host: <192.168.100.3:9618?addrs=192.168.100.3-9618&alias=node03&noUDP&sock=slot26_56810_88bf_4983>
...
040 (11884.000.000) 2023-09-05 19:59:30 Finished transferring input files
...
001 (11884.000.000) 2023-09-05 19:59:31 Job executing on host: <192.168.100.3:9618?addrs=192.168.100.3-9618&alias=node03&noUDP&sock=startd_56773_2261>
	SlotName: slot26@node03
...
006 (11884.000.000) 2023-09-05 19:59:40 Image size of job updated: 433368
	62  -  MemoryUsage of job (MB)
	63120  -  ResidentSetSize of job (KB)
...
006 (11884.000.000) 2023-09-05 20:01:52 Image size of job updated: 464484
	62  -  MemoryUsage of job (MB)
	63120  -  ResidentSetSize of job (KB)
...
005 (11884.000.000) 2023-09-05 20:01:52 Job terminated.
	(1) Normal termination (return value 0)
		Usr 0 00:02:19, Sys 0 00:00:00  -  Run Remote Usage
		Usr 0 00:00:00, Sys 0 00:00:00  -  Run Local Usage
		Usr 0 00:02:19, Sys 0 00:00:00  -  Total Remote Usage
		Usr 0 00:00:00, Sys 0 00:00:00  -  Total Local Usage
	0  -  Run Bytes Sent By Job
	1018  -  Run Bytes Received By Job
	0  -  Total Bytes Sent By Job
	1018  -  Total Bytes Received By Job
	Partitionable Resources :    Usage  Request Allocated 
	   Cpus                 :                 1         1 
	   Disk (KB)            :       17        1   4077838 
	   Memory (MB)          :       62        1      2000 

	Job terminated of its own accord at 2023-09-05T18:01:52Z with exit-code 0.
...
