000 (12297.000.000) 2023-09-05 19:52:52 Job submitted from host: <90.147.8.111:9618?addrs=90.147.8.111-9618&alias=ams&noUDP&sock=schedd_3306931_2f8d>
...
040 (12297.000.000) 2023-09-05 20:07:38 Started transferring input files
	Transferring to host: <192.168.100.3:9618?addrs=192.168.100.3-9618&alias=node03&noUDP&sock=slot40_56810_88bf_5151>
...
040 (12297.000.000) 2023-09-05 20:07:38 Finished transferring input files
...
001 (12297.000.000) 2023-09-05 20:07:39 Job executing on host: <192.168.100.3:9618?addrs=192.168.100.3-9618&alias=node03&noUDP&sock=startd_56773_2261>
	SlotName: slot40@node03
...
006 (12297.000.000) 2023-09-05 20:07:47 Image size of job updated: 430580
	34  -  MemoryUsage of job (MB)
	34604  -  ResidentSetSize of job (KB)
...
006 (12297.000.000) 2023-09-05 20:09:07 Image size of job updated: 464904
	34  -  MemoryUsage of job (MB)
	34624  -  ResidentSetSize of job (KB)
...
005 (12297.000.000) 2023-09-05 20:09:07 Job terminated.
	(1) Normal termination (return value 0)
		Usr 0 00:01:26, Sys 0 00:00:00  -  Run Remote Usage
		Usr 0 00:00:00, Sys 0 00:00:00  -  Run Local Usage
		Usr 0 00:01:26, Sys 0 00:00:00  -  Total Remote Usage
		Usr 0 00:00:00, Sys 0 00:00:00  -  Total Local Usage
	0  -  Run Bytes Sent By Job
	1005  -  Run Bytes Received By Job
	0  -  Total Bytes Sent By Job
	1005  -  Total Bytes Received By Job
	Partitionable Resources :    Usage  Request Allocated 
	   Cpus                 :     1.00        1         1 
	   Disk (KB)            :    22           1   4077838 
	   Memory (MB)          :    34           1      2000 

	Job terminated of its own accord at 2023-09-05T18:09:07Z with exit-code 0.
...
