000 (11856.000.000) 2023-09-05 19:52:29 Job submitted from host: <90.147.8.111:9618?addrs=90.147.8.111-9618&alias=ams&noUDP&sock=schedd_3306931_2f8d>
...
040 (11856.000.000) 2023-09-05 19:58:57 Started transferring input files
	Transferring to host: <192.168.100.3:9618?addrs=192.168.100.3-9618&alias=node03&noUDP&sock=slot20_56810_88bf_4966>
...
040 (11856.000.000) 2023-09-05 19:58:57 Finished transferring input files
...
001 (11856.000.000) 2023-09-05 19:58:58 Job executing on host: <192.168.100.3:9618?addrs=192.168.100.3-9618&alias=node03&noUDP&sock=startd_56773_2261>
	SlotName: slot20@node03
...
006 (11856.000.000) 2023-09-05 19:59:07 Image size of job updated: 438680
	61  -  MemoryUsage of job (MB)
	61928  -  ResidentSetSize of job (KB)
...
006 (11856.000.000) 2023-09-05 20:01:20 Image size of job updated: 464484
	61  -  MemoryUsage of job (MB)
	61932  -  ResidentSetSize of job (KB)
...
005 (11856.000.000) 2023-09-05 20:01:20 Job terminated.
	(1) Normal termination (return value 0)
		Usr 0 00:02:19, Sys 0 00:00:00  -  Run Remote Usage
		Usr 0 00:00:00, Sys 0 00:00:00  -  Run Local Usage
		Usr 0 00:02:19, Sys 0 00:00:00  -  Total Remote Usage
		Usr 0 00:00:00, Sys 0 00:00:00  -  Total Local Usage
	0  -  Run Bytes Sent By Job
	1020  -  Run Bytes Received By Job
	0  -  Total Bytes Sent By Job
	1020  -  Total Bytes Received By Job
	Partitionable Resources :    Usage  Request Allocated 
	   Cpus                 :                 1         1 
	   Disk (KB)            :       17        1   4077838 
	   Memory (MB)          :       61        1      2000 

	Job terminated of its own accord at 2023-09-05T18:01:20Z with exit-code 0.
...
