000 (10667.000.000) 2023-09-05 12:32:20 Job submitted from host: <90.147.8.111:9618?addrs=90.147.8.111-9618&alias=ams&noUDP&sock=schedd_3306931_2f8d>
...
040 (10667.000.000) 2023-09-05 12:35:52 Started transferring input files
	Transferring to host: <192.168.100.3:9618?addrs=192.168.100.3-9618&alias=node03&noUDP&sock=slot45_56810_88bf_4441>
...
040 (10667.000.000) 2023-09-05 12:35:52 Finished transferring input files
...
001 (10667.000.000) 2023-09-05 12:35:53 Job executing on host: <192.168.100.3:9618?addrs=192.168.100.3-9618&alias=node03&noUDP&sock=startd_56773_2261>
	SlotName: slot45@node03
...
006 (10667.000.000) 2023-09-05 12:36:01 Image size of job updated: 422628
	60  -  MemoryUsage of job (MB)
	61268  -  ResidentSetSize of job (KB)
...
006 (10667.000.000) 2023-09-05 12:36:47 Image size of job updated: 464984
	60  -  MemoryUsage of job (MB)
	61292  -  ResidentSetSize of job (KB)
...
005 (10667.000.000) 2023-09-05 12:36:47 Job terminated.
	(1) Normal termination (return value 0)
		Usr 0 00:00:52, Sys 0 00:00:00  -  Run Remote Usage
		Usr 0 00:00:00, Sys 0 00:00:00  -  Run Local Usage
		Usr 0 00:00:52, Sys 0 00:00:00  -  Total Remote Usage
		Usr 0 00:00:00, Sys 0 00:00:00  -  Total Local Usage
	0  -  Run Bytes Sent By Job
	1011  -  Run Bytes Received By Job
	0  -  Total Bytes Sent By Job
	1011  -  Total Bytes Received By Job
	Partitionable Resources :    Usage  Request Allocated 
	   Cpus                 :                 1         1 
	   Disk (KB)            :       16        1   4077838 
	   Memory (MB)          :       60        1      2000 

	Job terminated of its own accord at 2023-09-05T10:36:47Z with exit-code 0.
...
