000 (11671.000.000) 2023-09-05 19:52:19 Job submitted from host: <90.147.8.111:9618?addrs=90.147.8.111-9618&alias=ams&noUDP&sock=schedd_3306931_2f8d>
...
040 (11671.000.000) 2023-09-05 19:55:09 Started transferring input files
	Transferring to host: <192.168.100.3:9618?addrs=192.168.100.3-9618&alias=node03&noUDP&sock=slot27_56810_88bf_4894>
...
040 (11671.000.000) 2023-09-05 19:55:09 Finished transferring input files
...
001 (11671.000.000) 2023-09-05 19:55:10 Job executing on host: <192.168.100.3:9618?addrs=192.168.100.3-9618&alias=node03&noUDP&sock=startd_56773_2261>
	SlotName: slot27@node03
...
006 (11671.000.000) 2023-09-05 19:55:19 Image size of job updated: 444488
	61  -  MemoryUsage of job (MB)
	62348  -  ResidentSetSize of job (KB)
...
006 (11671.000.000) 2023-09-05 19:57:32 Image size of job updated: 464484
	62  -  MemoryUsage of job (MB)
	62664  -  ResidentSetSize of job (KB)
...
005 (11671.000.000) 2023-09-05 19:57:33 Job terminated.
	(1) Normal termination (return value 0)
		Usr 0 00:02:19, Sys 0 00:00:01  -  Run Remote Usage
		Usr 0 00:00:00, Sys 0 00:00:00  -  Run Local Usage
		Usr 0 00:02:19, Sys 0 00:00:01  -  Total Remote Usage
		Usr 0 00:00:00, Sys 0 00:00:00  -  Total Local Usage
	0  -  Run Bytes Sent By Job
	1022  -  Run Bytes Received By Job
	0  -  Total Bytes Sent By Job
	1022  -  Total Bytes Received By Job
	Partitionable Resources :    Usage  Request Allocated 
	   Cpus                 :                 1         1 
	   Disk (KB)            :       17        1   4077838 
	   Memory (MB)          :       62        1      2000 

	Job terminated of its own accord at 2023-09-05T17:57:32Z with exit-code 0.
...
