000 (12010.000.000) 2023-09-05 19:52:37 Job submitted from host: <90.147.8.111:9618?addrs=90.147.8.111-9618&alias=ams&noUDP&sock=schedd_3306931_2f8d>
...
040 (12010.000.000) 2023-09-05 20:01:52 Started transferring input files
	Transferring to host: <192.168.100.3:9618?addrs=192.168.100.3-9618&alias=node03&noUDP&sock=slot26_56810_88bf_5036>
...
040 (12010.000.000) 2023-09-05 20:01:52 Finished transferring input files
...
001 (12010.000.000) 2023-09-05 20:01:53 Job executing on host: <192.168.100.3:9618?addrs=192.168.100.3-9618&alias=node03&noUDP&sock=startd_56773_2261>
	SlotName: slot26@node03
...
006 (12010.000.000) 2023-09-05 20:02:02 Image size of job updated: 432048
	61  -  MemoryUsage of job (MB)
	62328  -  ResidentSetSize of job (KB)
...
006 (12010.000.000) 2023-09-05 20:03:48 Image size of job updated: 464908
	61  -  MemoryUsage of job (MB)
	62332  -  ResidentSetSize of job (KB)
...
005 (12010.000.000) 2023-09-05 20:03:48 Job terminated.
	(1) Normal termination (return value 0)
		Usr 0 00:01:51, Sys 0 00:00:01  -  Run Remote Usage
		Usr 0 00:00:00, Sys 0 00:00:00  -  Run Local Usage
		Usr 0 00:01:51, Sys 0 00:00:01  -  Total Remote Usage
		Usr 0 00:00:00, Sys 0 00:00:00  -  Total Local Usage
	0  -  Run Bytes Sent By Job
	1007  -  Run Bytes Received By Job
	0  -  Total Bytes Sent By Job
	1007  -  Total Bytes Received By Job
	Partitionable Resources :    Usage  Request Allocated 
	   Cpus                 :     0.97        1         1 
	   Disk (KB)            :    22           1   4077838 
	   Memory (MB)          :    61           1      2000 

	Job terminated of its own accord at 2023-09-05T18:03:48Z with exit-code 0.
...
