000 (11860.000.000) 2023-09-05 19:52:30 Job submitted from host: <90.147.8.111:9618?addrs=90.147.8.111-9618&alias=ams&noUDP&sock=schedd_3306931_2f8d>
...
040 (11860.000.000) 2023-09-05 19:59:08 Started transferring input files
	Transferring to host: <192.168.100.3:9618?addrs=192.168.100.3-9618&alias=node03&noUDP&sock=slot25_56810_88bf_4970>
...
040 (11860.000.000) 2023-09-05 19:59:08 Finished transferring input files
...
001 (11860.000.000) 2023-09-05 19:59:09 Job executing on host: <192.168.100.3:9618?addrs=192.168.100.3-9618&alias=node03&noUDP&sock=startd_56773_2261>
	SlotName: slot25@node03
...
006 (11860.000.000) 2023-09-05 19:59:18 Image size of job updated: 461792
	63  -  MemoryUsage of job (MB)
	63536  -  ResidentSetSize of job (KB)
...
006 (11860.000.000) 2023-09-05 20:01:03 Image size of job updated: 464904
	63  -  MemoryUsage of job (MB)
	63536  -  ResidentSetSize of job (KB)
...
005 (11860.000.000) 2023-09-05 20:01:03 Job terminated.
	(1) Normal termination (return value 0)
		Usr 0 00:01:50, Sys 0 00:00:01  -  Run Remote Usage
		Usr 0 00:00:00, Sys 0 00:00:00  -  Run Local Usage
		Usr 0 00:01:50, Sys 0 00:00:01  -  Total Remote Usage
		Usr 0 00:00:00, Sys 0 00:00:00  -  Total Local Usage
	0  -  Run Bytes Sent By Job
	1003  -  Run Bytes Received By Job
	0  -  Total Bytes Sent By Job
	1003  -  Total Bytes Received By Job
	Partitionable Resources :    Usage  Request Allocated 
	   Cpus                 :                 1         1 
	   Disk (KB)            :       17        1   4077838 
	   Memory (MB)          :       63        1      2000 

	Job terminated of its own accord at 2023-09-05T18:01:03Z with exit-code 0.
...
