000 (12173.000.000) 2023-09-05 19:52:46 Job submitted from host: <90.147.8.111:9618?addrs=90.147.8.111-9618&alias=ams&noUDP&sock=schedd_3306931_2f8d>
...
040 (12173.000.000) 2023-09-05 20:05:12 Started transferring input files
	Transferring to host: <192.168.100.3:9618?addrs=192.168.100.3-9618&alias=node03&noUDP&sock=slot8_56810_88bf_5097>
...
040 (12173.000.000) 2023-09-05 20:05:12 Finished transferring input files
...
001 (12173.000.000) 2023-09-05 20:05:13 Job executing on host: <192.168.100.3:9618?addrs=192.168.100.3-9618&alias=node03&noUDP&sock=startd_56773_2261>
	SlotName: slot8@node03
...
006 (12173.000.000) 2023-09-05 20:05:21 Image size of job updated: 452152
	57  -  MemoryUsage of job (MB)
	57544  -  ResidentSetSize of job (KB)
...
006 (12173.000.000) 2023-09-05 20:07:08 Image size of job updated: 469604
	57  -  MemoryUsage of job (MB)
	57620  -  ResidentSetSize of job (KB)
...
005 (12173.000.000) 2023-09-05 20:07:08 Job terminated.
	(1) Normal termination (return value 0)
		Usr 0 00:01:53, Sys 0 00:00:00  -  Run Remote Usage
		Usr 0 00:00:00, Sys 0 00:00:00  -  Run Local Usage
		Usr 0 00:01:53, Sys 0 00:00:00  -  Total Remote Usage
		Usr 0 00:00:00, Sys 0 00:00:00  -  Total Local Usage
	0  -  Run Bytes Sent By Job
	1005  -  Run Bytes Received By Job
	0  -  Total Bytes Sent By Job
	1005  -  Total Bytes Received By Job
	Partitionable Resources :    Usage  Request Allocated 
	   Cpus                 :                 1         1 
	   Disk (KB)            :       17        1   4077838 
	   Memory (MB)          :       57        1      2000 

	Job terminated of its own accord at 2023-09-05T18:07:08Z with exit-code 0.
...
