000 (10597.000.000) 2023-09-05 12:32:16 Job submitted from host: <90.147.8.111:9618?addrs=90.147.8.111-9618&alias=ams&noUDP&sock=schedd_3306931_2f8d>
...
040 (10597.000.000) 2023-09-05 12:35:29 Started transferring input files
	Transferring to host: <192.168.100.3:9618?addrs=192.168.100.3-9618&alias=node03&noUDP&sock=slot4_56810_88bf_4414>
...
040 (10597.000.000) 2023-09-05 12:35:29 Finished transferring input files
...
001 (10597.000.000) 2023-09-05 12:35:30 Job executing on host: <192.168.100.3:9618?addrs=192.168.100.3-9618&alias=node03&noUDP&sock=startd_56773_2261>
	SlotName: slot4@node03
...
006 (10597.000.000) 2023-09-05 12:35:38 Image size of job updated: 424080
	34  -  MemoryUsage of job (MB)
	34556  -  ResidentSetSize of job (KB)
...
006 (10597.000.000) 2023-09-05 12:36:36 Image size of job updated: 464560
	34  -  MemoryUsage of job (MB)
	34580  -  ResidentSetSize of job (KB)
...
005 (10597.000.000) 2023-09-05 12:36:36 Job terminated.
	(1) Normal termination (return value 0)
		Usr 0 00:01:03, Sys 0 00:00:00  -  Run Remote Usage
		Usr 0 00:00:00, Sys 0 00:00:00  -  Run Local Usage
		Usr 0 00:01:03, Sys 0 00:00:00  -  Total Remote Usage
		Usr 0 00:00:00, Sys 0 00:00:00  -  Total Local Usage
	0  -  Run Bytes Sent By Job
	1026  -  Run Bytes Received By Job
	0  -  Total Bytes Sent By Job
	1026  -  Total Bytes Received By Job
	Partitionable Resources :    Usage  Request Allocated 
	   Cpus                 :                 1         1 
	   Disk (KB)            :       16        2   4077838 
	   Memory (MB)          :       34        1      2000 

	Job terminated of its own accord at 2023-09-05T10:36:36Z with exit-code 0.
...
