000 (12303.000.000) 2023-09-05 19:52:52 Job submitted from host: <90.147.8.111:9618?addrs=90.147.8.111-9618&alias=ams&noUDP&sock=schedd_3306931_2f8d>
...
040 (12303.000.000) 2023-09-05 20:07:42 Started transferring input files
	Transferring to host: <192.168.100.3:9618?addrs=192.168.100.3-9618&alias=node03&noUDP&sock=slot48_56810_88bf_5156>
...
040 (12303.000.000) 2023-09-05 20:07:42 Finished transferring input files
...
001 (12303.000.000) 2023-09-05 20:07:43 Job executing on host: <192.168.100.3:9618?addrs=192.168.100.3-9618&alias=node03&noUDP&sock=startd_56773_2261>
	SlotName: slot48@node03
...
006 (12303.000.000) 2023-09-05 20:07:51 Image size of job updated: 422640
	34  -  MemoryUsage of job (MB)
	34484  -  ResidentSetSize of job (KB)
...
006 (12303.000.000) 2023-09-05 20:09:23 Image size of job updated: 464484
	34  -  MemoryUsage of job (MB)
	34512  -  ResidentSetSize of job (KB)
...
005 (12303.000.000) 2023-09-05 20:09:24 Job terminated.
	(1) Normal termination (return value 0)
		Usr 0 00:01:38, Sys 0 00:00:00  -  Run Remote Usage
		Usr 0 00:00:00, Sys 0 00:00:00  -  Run Local Usage
		Usr 0 00:01:38, Sys 0 00:00:00  -  Total Remote Usage
		Usr 0 00:00:00, Sys 0 00:00:00  -  Total Local Usage
	0  -  Run Bytes Sent By Job
	1022  -  Run Bytes Received By Job
	0  -  Total Bytes Sent By Job
	1022  -  Total Bytes Received By Job
	Partitionable Resources :    Usage  Request Allocated 
	   Cpus                 :     1.01        1         1 
	   Disk (KB)            :    22           1   4077838 
	   Memory (MB)          :    34           1      2000 

	Job terminated of its own accord at 2023-09-05T18:09:23Z with exit-code 0.
...
