000 (11762.000.000) 2023-09-05 19:52:24 Job submitted from host: <90.147.8.111:9618?addrs=90.147.8.111-9618&alias=ams&noUDP&sock=schedd_3306931_2f8d>
...
040 (11762.000.000) 2023-09-05 19:57:10 Started transferring input files
	Transferring to host: <192.168.100.3:9618?addrs=192.168.100.3-9618&alias=node03&noUDP&sock=slot40_56810_88bf_4932>
...
040 (11762.000.000) 2023-09-05 19:57:10 Finished transferring input files
...
001 (11762.000.000) 2023-09-05 19:57:11 Job executing on host: <192.168.100.3:9618?addrs=192.168.100.3-9618&alias=node03&noUDP&sock=startd_56773_2261>
	SlotName: slot40@node03
...
006 (11762.000.000) 2023-09-05 19:57:20 Image size of job updated: 430700
	62  -  MemoryUsage of job (MB)
	63124  -  ResidentSetSize of job (KB)
...
006 (11762.000.000) 2023-09-05 19:59:31 Image size of job updated: 464484
	62  -  MemoryUsage of job (MB)
	63124  -  ResidentSetSize of job (KB)
...
005 (11762.000.000) 2023-09-05 19:59:31 Job terminated.
	(1) Normal termination (return value 0)
		Usr 0 00:02:17, Sys 0 00:00:00  -  Run Remote Usage
		Usr 0 00:00:00, Sys 0 00:00:00  -  Run Local Usage
		Usr 0 00:02:17, Sys 0 00:00:00  -  Total Remote Usage
		Usr 0 00:00:00, Sys 0 00:00:00  -  Total Local Usage
	0  -  Run Bytes Sent By Job
	1020  -  Run Bytes Received By Job
	0  -  Total Bytes Sent By Job
	1020  -  Total Bytes Received By Job
	Partitionable Resources :    Usage  Request Allocated 
	   Cpus                 :     0.99        1         1 
	   Disk (KB)            :    22           1   4077838 
	   Memory (MB)          :    62           1      2000 

	Job terminated of its own accord at 2023-09-05T17:59:31Z with exit-code 0.
...
