000 (10592.000.000) 2023-09-05 12:32:16 Job submitted from host: <90.147.8.111:9618?addrs=90.147.8.111-9618&alias=ams&noUDP&sock=schedd_3306931_2f8d>
...
040 (10592.000.000) 2023-09-05 12:35:26 Started transferring input files
	Transferring to host: <192.168.100.3:9618?addrs=192.168.100.3-9618&alias=node03&noUDP&sock=slot11_56810_88bf_4412>
...
040 (10592.000.000) 2023-09-05 12:35:26 Finished transferring input files
...
001 (10592.000.000) 2023-09-05 12:35:27 Job executing on host: <192.168.100.3:9618?addrs=192.168.100.3-9618&alias=node03&noUDP&sock=startd_56773_2261>
	SlotName: slot11@node03
...
006 (10592.000.000) 2023-09-05 12:35:36 Image size of job updated: 422628
	31  -  MemoryUsage of job (MB)
	31320  -  ResidentSetSize of job (KB)
...
006 (10592.000.000) 2023-09-05 12:36:23 Image size of job updated: 464984
	31  -  MemoryUsage of job (MB)
	31320  -  ResidentSetSize of job (KB)
...
005 (10592.000.000) 2023-09-05 12:36:23 Job terminated.
	(1) Normal termination (return value 0)
		Usr 0 00:00:52, Sys 0 00:00:00  -  Run Remote Usage
		Usr 0 00:00:00, Sys 0 00:00:00  -  Run Local Usage
		Usr 0 00:00:52, Sys 0 00:00:00  -  Total Remote Usage
		Usr 0 00:00:00, Sys 0 00:00:00  -  Total Local Usage
	0  -  Run Bytes Sent By Job
	1011  -  Run Bytes Received By Job
	0  -  Total Bytes Sent By Job
	1011  -  Total Bytes Received By Job
	Partitionable Resources :    Usage  Request Allocated 
	   Cpus                 :                 1         1 
	   Disk (KB)            :       16        1   4077838 
	   Memory (MB)          :       31        1      2000 

	Job terminated of its own accord at 2023-09-05T10:36:23Z with exit-code 0.
...
