000 (11972.000.000) 2023-09-05 19:52:36 Job submitted from host: <90.147.8.111:9618?addrs=90.147.8.111-9618&alias=ams&noUDP&sock=schedd_3306931_2f8d>
...
040 (11972.000.000) 2023-09-05 20:01:21 Started transferring input files
	Transferring to host: <192.168.100.3:9618?addrs=192.168.100.3-9618&alias=node03&noUDP&sock=slot28_56810_88bf_5017>
...
040 (11972.000.000) 2023-09-05 20:01:21 Finished transferring input files
...
001 (11972.000.000) 2023-09-05 20:01:22 Job executing on host: <192.168.100.3:9618?addrs=192.168.100.3-9618&alias=node03&noUDP&sock=startd_56773_2261>
	SlotName: slot28@node03
...
006 (11972.000.000) 2023-09-05 20:01:30 Image size of job updated: 460976
	61  -  MemoryUsage of job (MB)
	61928  -  ResidentSetSize of job (KB)
...
006 (11972.000.000) 2023-09-05 20:03:42 Image size of job updated: 464484
	61  -  MemoryUsage of job (MB)
	61936  -  ResidentSetSize of job (KB)
...
005 (11972.000.000) 2023-09-05 20:03:42 Job terminated.
	(1) Normal termination (return value 0)
		Usr 0 00:02:17, Sys 0 00:00:00  -  Run Remote Usage
		Usr 0 00:00:00, Sys 0 00:00:00  -  Run Local Usage
		Usr 0 00:02:17, Sys 0 00:00:00  -  Total Remote Usage
		Usr 0 00:00:00, Sys 0 00:00:00  -  Total Local Usage
	0  -  Run Bytes Sent By Job
	1018  -  Run Bytes Received By Job
	0  -  Total Bytes Sent By Job
	1018  -  Total Bytes Received By Job
	Partitionable Resources :    Usage  Request Allocated 
	   Cpus                 :     0.99        1         1 
	   Disk (KB)            :    22           1   4077838 
	   Memory (MB)          :    61           1      2000 

	Job terminated of its own accord at 2023-09-05T18:03:42Z with exit-code 0.
...
