000 (10496.000.000) 2023-09-05 12:32:11 Job submitted from host: <90.147.8.111:9618?addrs=90.147.8.111-9618&alias=ams&noUDP&sock=schedd_3306931_2f8d>
...
040 (10496.000.000) 2023-09-05 12:34:28 Started transferring input files
	Transferring to host: <192.168.100.3:9618?addrs=192.168.100.3-9618&alias=node03&noUDP&sock=slot9_56810_88bf_4372>
...
040 (10496.000.000) 2023-09-05 12:34:28 Finished transferring input files
...
001 (10496.000.000) 2023-09-05 12:34:29 Job executing on host: <192.168.100.3:9618?addrs=192.168.100.3-9618&alias=node03&noUDP&sock=startd_56773_2261>
	SlotName: slot9@node03
...
006 (10496.000.000) 2023-09-05 12:34:38 Image size of job updated: 454116
	61  -  MemoryUsage of job (MB)
	62408  -  ResidentSetSize of job (KB)
...
006 (10496.000.000) 2023-09-05 12:35:24 Image size of job updated: 464984
	61  -  MemoryUsage of job (MB)
	62412  -  ResidentSetSize of job (KB)
...
005 (10496.000.000) 2023-09-05 12:35:25 Job terminated.
	(1) Normal termination (return value 0)
		Usr 0 00:00:52, Sys 0 00:00:00  -  Run Remote Usage
		Usr 0 00:00:00, Sys 0 00:00:00  -  Run Local Usage
		Usr 0 00:00:52, Sys 0 00:00:00  -  Total Remote Usage
		Usr 0 00:00:00, Sys 0 00:00:00  -  Total Local Usage
	0  -  Run Bytes Sent By Job
	1013  -  Run Bytes Received By Job
	0  -  Total Bytes Sent By Job
	1013  -  Total Bytes Received By Job
	Partitionable Resources :    Usage  Request Allocated 
	   Cpus                 :                 1         1 
	   Disk (KB)            :       16        1   4077838 
	   Memory (MB)          :       61        1      2000 

	Job terminated of its own accord at 2023-09-05T10:35:24Z with exit-code 0.
...
