000 (11879.000.000) 2023-09-05 19:52:31 Job submitted from host: <90.147.8.111:9618?addrs=90.147.8.111-9618&alias=ams&noUDP&sock=schedd_3306931_2f8d>
...
040 (11879.000.000) 2023-09-05 19:59:26 Started transferring input files
	Transferring to host: <192.168.100.3:9618?addrs=192.168.100.3-9618&alias=node03&noUDP&sock=slot28_56810_88bf_4980>
...
040 (11879.000.000) 2023-09-05 19:59:26 Finished transferring input files
...
001 (11879.000.000) 2023-09-05 19:59:27 Job executing on host: <192.168.100.3:9618?addrs=192.168.100.3-9618&alias=node03&noUDP&sock=startd_56773_2261>
	SlotName: slot28@node03
...
006 (11879.000.000) 2023-09-05 19:59:36 Image size of job updated: 461792
	63  -  MemoryUsage of job (MB)
	63512  -  ResidentSetSize of job (KB)
...
006 (11879.000.000) 2023-09-05 20:01:21 Image size of job updated: 464908
	63  -  MemoryUsage of job (MB)
	63528  -  ResidentSetSize of job (KB)
...
005 (11879.000.000) 2023-09-05 20:01:21 Job terminated.
	(1) Normal termination (return value 0)
		Usr 0 00:01:50, Sys 0 00:00:01  -  Run Remote Usage
		Usr 0 00:00:00, Sys 0 00:00:00  -  Run Local Usage
		Usr 0 00:01:50, Sys 0 00:00:01  -  Total Remote Usage
		Usr 0 00:00:00, Sys 0 00:00:00  -  Total Local Usage
	0  -  Run Bytes Sent By Job
	1007  -  Run Bytes Received By Job
	0  -  Total Bytes Sent By Job
	1007  -  Total Bytes Received By Job
	Partitionable Resources :    Usage  Request Allocated 
	   Cpus                 :                 1         1 
	   Disk (KB)            :       17        1   4077838 
	   Memory (MB)          :       63        1      2000 

	Job terminated of its own accord at 2023-09-05T18:01:21Z with exit-code 0.
...
