000 (11505.000.000) 2023-09-05 19:52:09 Job submitted from host: <90.147.8.111:9618?addrs=90.147.8.111-9618&alias=ams&noUDP&sock=schedd_3306931_2f8d>
...
040 (11505.000.000) 2023-09-05 19:52:09 Started transferring input files
	Transferring to host: <192.168.100.3:9618?addrs=192.168.100.3-9618&alias=node03&noUDP&sock=slot1_56810_88bf_4811>
...
040 (11505.000.000) 2023-09-05 19:52:09 Finished transferring input files
...
001 (11505.000.000) 2023-09-05 19:52:10 Job executing on host: <192.168.100.3:9618?addrs=192.168.100.3-9618&alias=node03&noUDP&sock=startd_56773_2261>
	SlotName: slot1@node03
...
006 (11505.000.000) 2023-09-05 19:52:19 Image size of job updated: 1248
	1  -  MemoryUsage of job (MB)
	44  -  ResidentSetSize of job (KB)
...
000 (12286.000.000) 2023-09-05 19:52:51 Job submitted from host: <90.147.8.111:9618?addrs=90.147.8.111-9618&alias=ams&noUDP&sock=schedd_3306931_2f8d>
...
040 (12286.000.000) 2023-09-05 19:54:24 Started transferring input files
	Transferring to host: <192.168.100.3:9618?addrs=192.168.100.3-9618&alias=node03&noUDP&sock=slot23_56810_88bf_4859>
...
040 (12286.000.000) 2023-09-05 19:54:24 Finished transferring input files
...
001 (12286.000.000) 2023-09-05 19:54:25 Job executing on host: <192.168.100.3:9618?addrs=192.168.100.3-9618&alias=node03&noUDP&sock=startd_56773_2261>
	SlotName: slot23@node03
...
006 (12286.000.000) 2023-09-05 19:54:34 Image size of job updated: 467248
	44  -  MemoryUsage of job (MB)
	44172  -  ResidentSetSize of job (KB)
...
006 (11505.000.000) 2023-09-05 19:57:20 Image size of job updated: 635468
	75  -  MemoryUsage of job (MB)
	76656  -  ResidentSetSize of job (KB)
...
006 (12286.000.000) 2023-09-05 19:59:35 Image size of job updated: 635556
	75  -  MemoryUsage of job (MB)
	76724  -  ResidentSetSize of job (KB)
...
006 (11505.000.000) 2023-09-05 20:02:21 Image size of job updated: 635572
	76  -  MemoryUsage of job (MB)
	76932  -  ResidentSetSize of job (KB)
...
006 (12286.000.000) 2023-09-05 20:04:35 Image size of job updated: 646088
	86  -  MemoryUsage of job (MB)
	87116  -  ResidentSetSize of job (KB)
...
006 (11505.000.000) 2023-09-05 20:07:22 Image size of job updated: 666756
	106  -  MemoryUsage of job (MB)
	108512  -  ResidentSetSize of job (KB)
...
006 (12286.000.000) 2023-09-05 20:09:26 Image size of job updated: 666780
	86  -  MemoryUsage of job (MB)
	87116  -  ResidentSetSize of job (KB)
...
005 (12286.000.000) 2023-09-05 20:09:26 Job terminated.
	(1) Normal termination (return value 0)
		Usr 0 00:02:21, Sys 0 00:03:19  -  Run Remote Usage
		Usr 0 00:00:00, Sys 0 00:00:00  -  Run Local Usage
		Usr 0 00:02:21, Sys 0 00:03:19  -  Total Remote Usage
		Usr 0 00:00:00, Sys 0 00:00:00  -  Total Local Usage
	0  -  Run Bytes Sent By Job
	278  -  Run Bytes Received By Job
	0  -  Total Bytes Sent By Job
	278  -  Total Bytes Received By Job
	Partitionable Resources :    Usage  Request Allocated 
	   Cpus                 :     0.47        1         1 
	   Disk (KB)            :    21           1   4077838 
	   Memory (MB)          :    86           1      2000 

	Job terminated of its own accord at 2023-09-05T18:09:26Z with exit-code 0.
...
006 (11505.000.000) 2023-09-05 20:09:28 Image size of job updated: 677248
	106  -  MemoryUsage of job (MB)
	108512  -  ResidentSetSize of job (KB)
...
005 (11505.000.000) 2023-09-05 20:09:28 Job terminated.
	(1) Normal termination (return value 0)
		Usr 0 00:02:44, Sys 0 00:03:38  -  Run Remote Usage
		Usr 0 00:00:00, Sys 0 00:00:00  -  Run Local Usage
		Usr 0 00:02:44, Sys 0 00:03:38  -  Total Remote Usage
		Usr 0 00:00:00, Sys 0 00:00:00  -  Total Local Usage
	0  -  Run Bytes Sent By Job
	278  -  Run Bytes Received By Job
	0  -  Total Bytes Sent By Job
	278  -  Total Bytes Received By Job
	Partitionable Resources :    Usage  Request Allocated 
	   Cpus                 :     0.45        1         1 
	   Disk (KB)            :    21           1   4077838 
	   Memory (MB)          :   106           1      2000 

	Job terminated of its own accord at 2023-09-05T18:09:28Z with exit-code 0.
...
