000 (11666.000.000) 2023-09-05 19:52:19 Job submitted from host: <90.147.8.111:9618?addrs=90.147.8.111-9618&alias=ams&noUDP&sock=schedd_3306931_2f8d>
...
040 (11666.000.000) 2023-09-05 19:55:08 Started transferring input files
	Transferring to host: <192.168.100.3:9618?addrs=192.168.100.3-9618&alias=node03&noUDP&sock=slot32_56810_88bf_4891>
...
040 (11666.000.000) 2023-09-05 19:55:08 Finished transferring input files
...
001 (11666.000.000) 2023-09-05 19:55:09 Job executing on host: <192.168.100.3:9618?addrs=192.168.100.3-9618&alias=node03&noUDP&sock=startd_56773_2261>
	SlotName: slot32@node03
...
006 (11666.000.000) 2023-09-05 19:55:17 Image size of job updated: 453580
	55  -  MemoryUsage of job (MB)
	55356  -  ResidentSetSize of job (KB)
...
006 (11666.000.000) 2023-09-05 19:57:31 Image size of job updated: 464484
	55  -  MemoryUsage of job (MB)
	55420  -  ResidentSetSize of job (KB)
...
005 (11666.000.000) 2023-09-05 19:57:31 Job terminated.
	(1) Normal termination (return value 0)
		Usr 0 00:02:20, Sys 0 00:00:00  -  Run Remote Usage
		Usr 0 00:00:00, Sys 0 00:00:00  -  Run Local Usage
		Usr 0 00:02:20, Sys 0 00:00:00  -  Total Remote Usage
		Usr 0 00:00:00, Sys 0 00:00:00  -  Total Local Usage
	0  -  Run Bytes Sent By Job
	1022  -  Run Bytes Received By Job
	0  -  Total Bytes Sent By Job
	1022  -  Total Bytes Received By Job
	Partitionable Resources :    Usage  Request Allocated 
	   Cpus                 :                 1         1 
	   Disk (KB)            :       17        1   4077838 
	   Memory (MB)          :       55        1      2000 

	Job terminated of its own accord at 2023-09-05T17:57:31Z with exit-code 0.
...
