000 (12071.000.000) 2023-09-05 19:52:40 Job submitted from host: <90.147.8.111:9618?addrs=90.147.8.111-9618&alias=ams&noUDP&sock=schedd_3306931_2f8d>
...
040 (12071.000.000) 2023-09-05 20:03:13 Started transferring input files
	Transferring to host: <192.168.100.3:9618?addrs=192.168.100.3-9618&alias=node03&noUDP&sock=slot17_56810_88bf_5055>
...
040 (12071.000.000) 2023-09-05 20:03:13 Finished transferring input files
...
001 (12071.000.000) 2023-09-05 20:03:14 Job executing on host: <192.168.100.3:9618?addrs=192.168.100.3-9618&alias=node03&noUDP&sock=startd_56773_2261>
	SlotName: slot17@node03
...
006 (12071.000.000) 2023-09-05 20:03:22 Image size of job updated: 437620
	60  -  MemoryUsage of job (MB)
	60924  -  ResidentSetSize of job (KB)
...
006 (12071.000.000) 2023-09-05 20:05:35 Image size of job updated: 464484
	60  -  MemoryUsage of job (MB)
	60940  -  ResidentSetSize of job (KB)
...
005 (12071.000.000) 2023-09-05 20:05:35 Job terminated.
	(1) Normal termination (return value 0)
		Usr 0 00:02:19, Sys 0 00:00:00  -  Run Remote Usage
		Usr 0 00:00:00, Sys 0 00:00:00  -  Run Local Usage
		Usr 0 00:02:19, Sys 0 00:00:00  -  Total Remote Usage
		Usr 0 00:00:00, Sys 0 00:00:00  -  Total Local Usage
	0  -  Run Bytes Sent By Job
	1020  -  Run Bytes Received By Job
	0  -  Total Bytes Sent By Job
	1020  -  Total Bytes Received By Job
	Partitionable Resources :    Usage  Request Allocated 
	   Cpus                 :                 1         1 
	   Disk (KB)            :       17        1   4077838 
	   Memory (MB)          :       60        1      2000 

	Job terminated of its own accord at 2023-09-05T18:05:35Z with exit-code 0.
...
