000 (11741.000.000) 2023-09-05 19:52:23 Job submitted from host: <90.147.8.111:9618?addrs=90.147.8.111-9618&alias=ams&noUDP&sock=schedd_3306931_2f8d>
...
040 (11741.000.000) 2023-09-05 19:56:55 Started transferring input files
	Transferring to host: <192.168.100.3:9618?addrs=192.168.100.3-9618&alias=node03&noUDP&sock=slot11_56810_88bf_4917>
...
040 (11741.000.000) 2023-09-05 19:56:55 Finished transferring input files
...
001 (11741.000.000) 2023-09-05 19:56:56 Job executing on host: <192.168.100.3:9618?addrs=192.168.100.3-9618&alias=node03&noUDP&sock=startd_56773_2261>
	SlotName: slot11@node03
...
006 (11741.000.000) 2023-09-05 19:57:04 Image size of job updated: 454124
	61  -  MemoryUsage of job (MB)
	61920  -  ResidentSetSize of job (KB)
...
006 (11741.000.000) 2023-09-05 19:59:18 Image size of job updated: 464484
	61  -  MemoryUsage of job (MB)
	61932  -  ResidentSetSize of job (KB)
...
005 (11741.000.000) 2023-09-05 19:59:19 Job terminated.
	(1) Normal termination (return value 0)
		Usr 0 00:02:21, Sys 0 00:00:00  -  Run Remote Usage
		Usr 0 00:00:00, Sys 0 00:00:00  -  Run Local Usage
		Usr 0 00:02:21, Sys 0 00:00:00  -  Total Remote Usage
		Usr 0 00:00:00, Sys 0 00:00:00  -  Total Local Usage
	0  -  Run Bytes Sent By Job
	1020  -  Run Bytes Received By Job
	0  -  Total Bytes Sent By Job
	1020  -  Total Bytes Received By Job
	Partitionable Resources :    Usage  Request Allocated 
	   Cpus                 :     0.99        1         1 
	   Disk (KB)            :    22           1   4077838 
	   Memory (MB)          :    61           1      2000 

	Job terminated of its own accord at 2023-09-05T17:59:18Z with exit-code 0.
...
