000 (11650.000.000) 2023-09-05 19:52:18 Job submitted from host: <90.147.8.111:9618?addrs=90.147.8.111-9618&alias=ams&noUDP&sock=schedd_3306931_2f8d>
...
040 (11650.000.000) 2023-09-05 19:55:01 Started transferring input files
	Transferring to host: <192.168.100.3:9618?addrs=192.168.100.3-9618&alias=node03&noUDP&sock=slot34_56810_88bf_4883>
...
040 (11650.000.000) 2023-09-05 19:55:01 Finished transferring input files
...
001 (11650.000.000) 2023-09-05 19:55:02 Job executing on host: <192.168.100.3:9618?addrs=192.168.100.3-9618&alias=node03&noUDP&sock=startd_56773_2261>
	SlotName: slot34@node03
...
006 (11650.000.000) 2023-09-05 19:55:11 Image size of job updated: 447664
	61  -  MemoryUsage of job (MB)
	62332  -  ResidentSetSize of job (KB)
...
006 (11650.000.000) 2023-09-05 19:56:57 Image size of job updated: 464904
	61  -  MemoryUsage of job (MB)
	62336  -  ResidentSetSize of job (KB)
...
005 (11650.000.000) 2023-09-05 19:56:57 Job terminated.
	(1) Normal termination (return value 0)
		Usr 0 00:01:53, Sys 0 00:00:00  -  Run Remote Usage
		Usr 0 00:00:00, Sys 0 00:00:00  -  Run Local Usage
		Usr 0 00:01:53, Sys 0 00:00:00  -  Total Remote Usage
		Usr 0 00:00:00, Sys 0 00:00:00  -  Total Local Usage
	0  -  Run Bytes Sent By Job
	1007  -  Run Bytes Received By Job
	0  -  Total Bytes Sent By Job
	1007  -  Total Bytes Received By Job
	Partitionable Resources :    Usage  Request Allocated 
	   Cpus                 :                 1         1 
	   Disk (KB)            :       17        1   4077838 
	   Memory (MB)          :       61        1      2000 

	Job terminated of its own accord at 2023-09-05T17:56:57Z with exit-code 0.
...
