000 (12300.000.000) 2023-09-05 19:52:52 Job submitted from host: <90.147.8.111:9618?addrs=90.147.8.111-9618&alias=ams&noUDP&sock=schedd_3306931_2f8d>
...
040 (12300.000.000) 2023-09-05 20:07:40 Started transferring input files
	Transferring to host: <192.168.100.3:9618?addrs=192.168.100.3-9618&alias=node03&noUDP&sock=slot4_56810_88bf_5153>
...
040 (12300.000.000) 2023-09-05 20:07:40 Finished transferring input files
...
001 (12300.000.000) 2023-09-05 20:07:41 Job executing on host: <192.168.100.3:9618?addrs=192.168.100.3-9618&alias=node03&noUDP&sock=startd_56773_2261>
	SlotName: slot4@node03
...
006 (12300.000.000) 2023-09-05 20:07:49 Image size of job updated: 422644
	35  -  MemoryUsage of job (MB)
	34964  -  ResidentSetSize of job (KB)
...
006 (12300.000.000) 2023-09-05 20:09:05 Image size of job updated: 464904
	35  -  MemoryUsage of job (MB)
	35040  -  ResidentSetSize of job (KB)
...
005 (12300.000.000) 2023-09-05 20:09:05 Job terminated.
	(1) Normal termination (return value 0)
		Usr 0 00:01:22, Sys 0 00:00:00  -  Run Remote Usage
		Usr 0 00:00:00, Sys 0 00:00:00  -  Run Local Usage
		Usr 0 00:01:22, Sys 0 00:00:00  -  Total Remote Usage
		Usr 0 00:00:00, Sys 0 00:00:00  -  Total Local Usage
	0  -  Run Bytes Sent By Job
	1007  -  Run Bytes Received By Job
	0  -  Total Bytes Sent By Job
	1007  -  Total Bytes Received By Job
	Partitionable Resources :    Usage  Request Allocated 
	   Cpus                 :     1.00        1         1 
	   Disk (KB)            :    22           1   4077838 
	   Memory (MB)          :    35           1      2000 

	Job terminated of its own accord at 2023-09-05T18:09:05Z with exit-code 0.
...
