000 (10702.000.000) 2023-09-05 12:32:22 Job submitted from host: <90.147.8.111:9618?addrs=90.147.8.111-9618&alias=ams&noUDP&sock=schedd_3306931_2f8d>
...
040 (10702.000.000) 2023-09-05 12:36:25 Started transferring input files
	Transferring to host: <192.168.100.3:9618?addrs=192.168.100.3-9618&alias=node03&noUDP&sock=slot26_56810_88bf_4458>
...
040 (10702.000.000) 2023-09-05 12:36:25 Finished transferring input files
...
001 (10702.000.000) 2023-09-05 12:36:26 Job executing on host: <192.168.100.3:9618?addrs=192.168.100.3-9618&alias=node03&noUDP&sock=startd_56773_2261>
	SlotName: slot26@node03
...
006 (10702.000.000) 2023-09-05 12:36:35 Image size of job updated: 461380
	62  -  MemoryUsage of job (MB)
	63188  -  ResidentSetSize of job (KB)
...
006 (10702.000.000) 2023-09-05 12:37:11 Image size of job updated: 464560
	62  -  MemoryUsage of job (MB)
	63188  -  ResidentSetSize of job (KB)
...
005 (10702.000.000) 2023-09-05 12:37:12 Job terminated.
	(1) Normal termination (return value 0)
		Usr 0 00:00:44, Sys 0 00:00:00  -  Run Remote Usage
		Usr 0 00:00:00, Sys 0 00:00:00  -  Run Local Usage
		Usr 0 00:00:44, Sys 0 00:00:00  -  Total Remote Usage
		Usr 0 00:00:00, Sys 0 00:00:00  -  Total Local Usage
	0  -  Run Bytes Sent By Job
	1028  -  Run Bytes Received By Job
	0  -  Total Bytes Sent By Job
	1028  -  Total Bytes Received By Job
	Partitionable Resources :    Usage  Request Allocated 
	   Cpus                 :                 1         1 
	   Disk (KB)            :       16        2   4077838 
	   Memory (MB)          :       62        1      2000 

	Job terminated of its own accord at 2023-09-05T10:37:11Z with exit-code 0.
...
