000 (11778.000.000) 2023-09-05 19:52:25 Job submitted from host: <90.147.8.111:9618?addrs=90.147.8.111-9618&alias=ams&noUDP&sock=schedd_3306931_2f8d>
...
040 (11778.000.000) 2023-09-05 19:57:22 Started transferring input files
	Transferring to host: <192.168.100.101:9618?addrs=192.168.100.101-9618&alias=node02&noUDP&sock=slot9_102123_a452_4498>
...
040 (11778.000.000) 2023-09-05 19:57:22 Finished transferring input files
...
001 (11778.000.000) 2023-09-05 19:57:23 Job executing on host: <192.168.100.101:9618?addrs=192.168.100.101-9618&alias=node02&noUDP&sock=startd_102084_b624>
	SlotName: slot9@node02
	CondorScratchDir = "/home/spool/lib/condor/execute/dir_208824"
	Cpus = 1
	Disk = 1873362
	Memory = 2006
...
006 (11778.000.000) 2023-09-05 19:57:32 Image size of job updated: 1
	0  -  MemoryUsage of job (MB)
	0  -  ResidentSetSize of job (KB)
...
006 (11778.000.000) 2023-09-05 19:59:26 Image size of job updated: 128
	0  -  MemoryUsage of job (MB)
	0  -  ResidentSetSize of job (KB)
...
005 (11778.000.000) 2023-09-05 19:59:26 Job terminated.
	(1) Normal termination (return value 0)
		Usr 0 00:00:00, Sys 0 00:00:00  -  Run Remote Usage
		Usr 0 00:00:00, Sys 0 00:00:00  -  Run Local Usage
		Usr 0 00:00:00, Sys 0 00:00:00  -  Total Remote Usage
		Usr 0 00:00:00, Sys 0 00:00:00  -  Total Local Usage
	0  -  Run Bytes Sent By Job
	1007  -  Run Bytes Received By Job
	0  -  Total Bytes Sent By Job
	1007  -  Total Bytes Received By Job
	Partitionable Resources :    Usage  Request Allocated 
	   Cpus                 :     0.86        1         1 
	   Disk (KB)            :    22           1   1873362 
	   Memory (MB)          :     0           1      2006 

	Job terminated of its own accord at 2023-09-05T17:59:26Z with exit-code 0.
...
