000 (10427.000.000) 2023-09-05 12:32:08 Job submitted from host: <90.147.8.111:9618?addrs=90.147.8.111-9618&alias=ams&noUDP&sock=schedd_3306931_2f8d>
...
040 (10427.000.000) 2023-09-05 12:33:25 Started transferring input files
	Transferring to host: <192.168.100.3:9618?addrs=192.168.100.3-9618&alias=node03&noUDP&sock=slot24_56810_88bf_4324>
...
040 (10427.000.000) 2023-09-05 12:33:25 Finished transferring input files
...
001 (10427.000.000) 2023-09-05 12:33:26 Job executing on host: <192.168.100.3:9618?addrs=192.168.100.3-9618&alias=node03&noUDP&sock=startd_56773_2261>
	SlotName: slot24@node03
...
006 (10427.000.000) 2023-09-05 12:33:34 Image size of job updated: 454512
	61  -  MemoryUsage of job (MB)
	62008  -  ResidentSetSize of job (KB)
...
006 (10427.000.000) 2023-09-05 12:34:32 Image size of job updated: 464560
	61  -  MemoryUsage of job (MB)
	62008  -  ResidentSetSize of job (KB)
...
005 (10427.000.000) 2023-09-05 12:34:32 Job terminated.
	(1) Normal termination (return value 0)
		Usr 0 00:01:03, Sys 0 00:00:00  -  Run Remote Usage
		Usr 0 00:00:00, Sys 0 00:00:00  -  Run Local Usage
		Usr 0 00:01:03, Sys 0 00:00:00  -  Total Remote Usage
		Usr 0 00:00:00, Sys 0 00:00:00  -  Total Local Usage
	0  -  Run Bytes Sent By Job
	1028  -  Run Bytes Received By Job
	0  -  Total Bytes Sent By Job
	1028  -  Total Bytes Received By Job
	Partitionable Resources :    Usage  Request Allocated 
	   Cpus                 :                 1         1 
	   Disk (KB)            :       16        2   4077838 
	   Memory (MB)          :       61        1      2000 

	Job terminated of its own accord at 2023-09-05T10:34:32Z with exit-code 0.
...
