000 (10676.000.000) 2023-09-05 12:32:20 Job submitted from host: <90.147.8.111:9618?addrs=90.147.8.111-9618&alias=ams&noUDP&sock=schedd_3306931_2f8d>
...
040 (10676.000.000) 2023-09-05 12:35:56 Started transferring input files
	Transferring to host: <192.168.100.3:9618?addrs=192.168.100.3-9618&alias=node03&noUDP&sock=slot35_56810_88bf_4446>
...
040 (10676.000.000) 2023-09-05 12:35:56 Finished transferring input files
...
001 (10676.000.000) 2023-09-05 12:35:57 Job executing on host: <192.168.100.3:9618?addrs=192.168.100.3-9618&alias=node03&noUDP&sock=startd_56773_2261>
	SlotName: slot35@node03
...
006 (10676.000.000) 2023-09-05 12:36:06 Image size of job updated: 340080
	35  -  MemoryUsage of job (MB)
	35808  -  ResidentSetSize of job (KB)
...
006 (10676.000.000) 2023-09-05 12:36:57 Image size of job updated: 464560
	36  -  MemoryUsage of job (MB)
	36384  -  ResidentSetSize of job (KB)
...
005 (10676.000.000) 2023-09-05 12:36:57 Job terminated.
	(1) Normal termination (return value 0)
		Usr 0 00:00:57, Sys 0 00:00:00  -  Run Remote Usage
		Usr 0 00:00:00, Sys 0 00:00:00  -  Run Local Usage
		Usr 0 00:00:57, Sys 0 00:00:00  -  Total Remote Usage
		Usr 0 00:00:00, Sys 0 00:00:00  -  Total Local Usage
	0  -  Run Bytes Sent By Job
	1028  -  Run Bytes Received By Job
	0  -  Total Bytes Sent By Job
	1028  -  Total Bytes Received By Job
	Partitionable Resources :    Usage  Request Allocated 
	   Cpus                 :                 1         1 
	   Disk (KB)            :       16        2   4077838 
	   Memory (MB)          :       36        1      2000 

	Job terminated of its own accord at 2023-09-05T10:36:57Z with exit-code 0.
...
