000 (12278.000.000) 2023-09-05 19:52:51 Job submitted from host: <90.147.8.111:9618?addrs=90.147.8.111-9618&alias=ams&noUDP&sock=schedd_3306931_2f8d>
...
040 (12278.000.000) 2023-09-05 20:07:08 Started transferring input files
	Transferring to host: <192.168.100.3:9618?addrs=192.168.100.3-9618&alias=node03&noUDP&sock=slot8_56810_88bf_5141>
...
040 (12278.000.000) 2023-09-05 20:07:08 Finished transferring input files
...
001 (12278.000.000) 2023-09-05 20:07:09 Job executing on host: <192.168.100.3:9618?addrs=192.168.100.3-9618&alias=node03&noUDP&sock=startd_56773_2261>
	SlotName: slot8@node03
...
006 (12278.000.000) 2023-09-05 20:07:18 Image size of job updated: 435096
	62  -  MemoryUsage of job (MB)
	63116  -  ResidentSetSize of job (KB)
...
006 (12278.000.000) 2023-09-05 20:09:06 Image size of job updated: 464484
	62  -  MemoryUsage of job (MB)
	63116  -  ResidentSetSize of job (KB)
...
005 (12278.000.000) 2023-09-05 20:09:06 Job terminated.
	(1) Normal termination (return value 0)
		Usr 0 00:01:54, Sys 0 00:00:00  -  Run Remote Usage
		Usr 0 00:00:00, Sys 0 00:00:00  -  Run Local Usage
		Usr 0 00:01:54, Sys 0 00:00:00  -  Total Remote Usage
		Usr 0 00:00:00, Sys 0 00:00:00  -  Total Local Usage
	0  -  Run Bytes Sent By Job
	1022  -  Run Bytes Received By Job
	0  -  Total Bytes Sent By Job
	1022  -  Total Bytes Received By Job
	Partitionable Resources :    Usage  Request Allocated 
	   Cpus                 :     1.00        1         1 
	   Disk (KB)            :    22           1   4077838 
	   Memory (MB)          :    62           1      2000 

	Job terminated of its own accord at 2023-09-05T18:09:06Z with exit-code 0.
...
