000 (12290.000.000) 2023-09-05 19:52:52 Job submitted from host: <90.147.8.111:9618?addrs=90.147.8.111-9618&alias=ams&noUDP&sock=schedd_3306931_2f8d>
...
040 (12290.000.000) 2023-09-05 20:07:33 Started transferring input files
	Transferring to host: <192.168.100.3:9618?addrs=192.168.100.3-9618&alias=node03&noUDP&sock=slot31_56810_88bf_5146>
...
040 (12290.000.000) 2023-09-05 20:07:33 Finished transferring input files
...
001 (12290.000.000) 2023-09-05 20:07:34 Job executing on host: <192.168.100.3:9618?addrs=192.168.100.3-9618&alias=node03&noUDP&sock=startd_56773_2261>
	SlotName: slot31@node03
...
006 (12290.000.000) 2023-09-05 20:07:42 Image size of job updated: 432036
	34  -  MemoryUsage of job (MB)
	34456  -  ResidentSetSize of job (KB)
...
006 (12290.000.000) 2023-09-05 20:09:18 Image size of job updated: 464484
	34  -  MemoryUsage of job (MB)
	34484  -  ResidentSetSize of job (KB)
...
005 (12290.000.000) 2023-09-05 20:09:18 Job terminated.
	(1) Normal termination (return value 0)
		Usr 0 00:01:41, Sys 0 00:00:00  -  Run Remote Usage
		Usr 0 00:00:00, Sys 0 00:00:00  -  Run Local Usage
		Usr 0 00:01:41, Sys 0 00:00:00  -  Total Remote Usage
		Usr 0 00:00:00, Sys 0 00:00:00  -  Total Local Usage
	0  -  Run Bytes Sent By Job
	1020  -  Run Bytes Received By Job
	0  -  Total Bytes Sent By Job
	1020  -  Total Bytes Received By Job
	Partitionable Resources :    Usage  Request Allocated 
	   Cpus                 :     0.99        1         1 
	   Disk (KB)            :    22           1   4077838 
	   Memory (MB)          :    34           1      2000 

	Job terminated of its own accord at 2023-09-05T18:09:18Z with exit-code 0.
...
