000 (10532.000.000) 2023-09-05 12:32:13 Job submitted from host: <90.147.8.111:9618?addrs=90.147.8.111-9618&alias=ams&noUDP&sock=schedd_3306931_2f8d>
...
040 (10532.000.000) 2023-09-05 12:34:36 Started transferring input files
	Transferring to host: <192.168.100.3:9618?addrs=192.168.100.3-9618&alias=node03&noUDP&sock=slot18_56810_88bf_4384>
...
040 (10532.000.000) 2023-09-05 12:34:36 Finished transferring input files
...
001 (10532.000.000) 2023-09-05 12:34:37 Job executing on host: <192.168.100.3:9618?addrs=192.168.100.3-9618&alias=node03&noUDP&sock=startd_56773_2261>
	SlotName: slot18@node03
...
006 (10532.000.000) 2023-09-05 12:34:45 Image size of job updated: 422628
	34  -  MemoryUsage of job (MB)
	34636  -  ResidentSetSize of job (KB)
...
006 (10532.000.000) 2023-09-05 12:35:32 Image size of job updated: 464984
	34  -  MemoryUsage of job (MB)
	34644  -  ResidentSetSize of job (KB)
...
005 (10532.000.000) 2023-09-05 12:35:32 Job terminated.
	(1) Normal termination (return value 0)
		Usr 0 00:00:52, Sys 0 00:00:00  -  Run Remote Usage
		Usr 0 00:00:00, Sys 0 00:00:00  -  Run Local Usage
		Usr 0 00:00:52, Sys 0 00:00:00  -  Total Remote Usage
		Usr 0 00:00:00, Sys 0 00:00:00  -  Total Local Usage
	0  -  Run Bytes Sent By Job
	1013  -  Run Bytes Received By Job
	0  -  Total Bytes Sent By Job
	1013  -  Total Bytes Received By Job
	Partitionable Resources :    Usage  Request Allocated 
	   Cpus                 :                 1         1 
	   Disk (KB)            :       16        1   4077838 
	   Memory (MB)          :       34        1      2000 

	Job terminated of its own accord at 2023-09-05T10:35:32Z with exit-code 0.
...
