000 (10333.000.000) 2023-09-05 12:32:03 Job submitted from host: <90.147.8.111:9618?addrs=90.147.8.111-9618&alias=ams&noUDP&sock=schedd_3306931_2f8d>
...
040 (10333.000.000) 2023-09-05 12:32:23 Started transferring input files
	Transferring to host: <192.168.100.3:9618?addrs=192.168.100.3-9618&alias=node03&noUDP&sock=slot33_56810_88bf_4294>
...
040 (10333.000.000) 2023-09-05 12:32:23 Finished transferring input files
...
001 (10333.000.000) 2023-09-05 12:32:25 Job executing on host: <192.168.100.3:9618?addrs=192.168.100.3-9618&alias=node03&noUDP&sock=startd_56773_2261>
	SlotName: slot33@node03
...
006 (10333.000.000) 2023-09-05 12:32:35 Image size of job updated: 341284
	23  -  MemoryUsage of job (MB)
	23028  -  ResidentSetSize of job (KB)
...
006 (10333.000.000) 2023-09-05 12:33:27 Image size of job updated: 464984
	23  -  MemoryUsage of job (MB)
	23028  -  ResidentSetSize of job (KB)
...
005 (10333.000.000) 2023-09-05 12:33:27 Job terminated.
	(1) Normal termination (return value 0)
		Usr 0 00:00:52, Sys 0 00:00:00  -  Run Remote Usage
		Usr 0 00:00:00, Sys 0 00:00:00  -  Run Local Usage
		Usr 0 00:00:52, Sys 0 00:00:00  -  Total Remote Usage
		Usr 0 00:00:00, Sys 0 00:00:00  -  Total Local Usage
	0  -  Run Bytes Sent By Job
	1011  -  Run Bytes Received By Job
	0  -  Total Bytes Sent By Job
	1011  -  Total Bytes Received By Job
	Partitionable Resources :    Usage  Request Allocated 
	   Cpus                 :     0.99        1         1 
	   Disk (KB)            :    20           1   4077838 
	   Memory (MB)          :    23           1      2000 

	Job terminated of its own accord at 2023-09-05T10:33:27Z with exit-code 0.
...
