000 (12076.000.000) 2023-09-05 19:52:41 Job submitted from host: <90.147.8.111:9618?addrs=90.147.8.111-9618&alias=ams&noUDP&sock=schedd_3306931_2f8d>
...
040 (12076.000.000) 2023-09-05 20:03:19 Started transferring input files
	Transferring to host: <192.168.100.3:9618?addrs=192.168.100.3-9618&alias=node03&noUDP&sock=slot10_56810_88bf_5060>
...
040 (12076.000.000) 2023-09-05 20:03:19 Finished transferring input files
...
001 (12076.000.000) 2023-09-05 20:03:20 Job executing on host: <192.168.100.3:9618?addrs=192.168.100.3-9618&alias=node03&noUDP&sock=startd_56773_2261>
	SlotName: slot10@node03
...
006 (12076.000.000) 2023-09-05 20:03:29 Image size of job updated: 449248
	61  -  MemoryUsage of job (MB)
	62340  -  ResidentSetSize of job (KB)
...
006 (12076.000.000) 2023-09-05 20:05:14 Image size of job updated: 464904
	61  -  MemoryUsage of job (MB)
	62344  -  ResidentSetSize of job (KB)
...
005 (12076.000.000) 2023-09-05 20:05:14 Job terminated.
	(1) Normal termination (return value 0)
		Usr 0 00:01:51, Sys 0 00:00:01  -  Run Remote Usage
		Usr 0 00:00:00, Sys 0 00:00:00  -  Run Local Usage
		Usr 0 00:01:51, Sys 0 00:00:01  -  Total Remote Usage
		Usr 0 00:00:00, Sys 0 00:00:00  -  Total Local Usage
	0  -  Run Bytes Sent By Job
	1005  -  Run Bytes Received By Job
	0  -  Total Bytes Sent By Job
	1005  -  Total Bytes Received By Job
	Partitionable Resources :    Usage  Request Allocated 
	   Cpus                 :                 1         1 
	   Disk (KB)            :       17        1   4077838 
	   Memory (MB)          :       61        1      2000 

	Job terminated of its own accord at 2023-09-05T18:05:14Z with exit-code 0.
...
