000 (10657.000.000) 2023-09-05 12:32:19 Job submitted from host: <90.147.8.111:9618?addrs=90.147.8.111-9618&alias=ams&noUDP&sock=schedd_3306931_2f8d>
...
040 (10657.000.000) 2023-09-05 12:35:45 Started transferring input files
	Transferring to host: <192.168.100.101:9618?addrs=192.168.100.101-9618&alias=node02&noUDP&sock=slot51_102123_a452_3877>
...
040 (10657.000.000) 2023-09-05 12:35:45 Finished transferring input files
...
001 (10657.000.000) 2023-09-05 12:35:46 Job executing on host: <192.168.100.101:9618?addrs=192.168.100.101-9618&alias=node02&noUDP&sock=startd_102084_b624>
	SlotName: slot51@node02
	CondorScratchDir = "/home/spool/lib/condor/execute/dir_196522"
	Cpus = 1
	Disk = 1873362
	Memory = 2006
...
006 (10657.000.000) 2023-09-05 12:35:54 Image size of job updated: 1
	0  -  MemoryUsage of job (MB)
	0  -  ResidentSetSize of job (KB)
...
006 (10657.000.000) 2023-09-05 12:36:42 Image size of job updated: 128
	0  -  MemoryUsage of job (MB)
	0  -  ResidentSetSize of job (KB)
...
005 (10657.000.000) 2023-09-05 12:36:42 Job terminated.
	(1) Normal termination (return value 0)
		Usr 0 00:00:00, Sys 0 00:00:00  -  Run Remote Usage
		Usr 0 00:00:00, Sys 0 00:00:00  -  Run Local Usage
		Usr 0 00:00:00, Sys 0 00:00:00  -  Total Remote Usage
		Usr 0 00:00:00, Sys 0 00:00:00  -  Total Local Usage
	0  -  Run Bytes Sent By Job
	1013  -  Run Bytes Received By Job
	0  -  Total Bytes Sent By Job
	1013  -  Total Bytes Received By Job
	Partitionable Resources :    Usage  Request Allocated 
	   Cpus                 :                 1         1 
	   Disk (KB)            :       16        1   1873362 
	   Memory (MB)          :        0        1      2006 

	Job terminated of its own accord at 2023-09-05T10:36:42Z with exit-code 0.
...
