000 (12169.000.000) 2023-09-05 19:52:45 Job submitted from host: <90.147.8.111:9618?addrs=90.147.8.111-9618&alias=ams&noUDP&sock=schedd_3306931_2f8d>
...
040 (12169.000.000) 2023-09-05 20:05:06 Started transferring input files
	Transferring to host: <192.168.100.3:9618?addrs=192.168.100.3-9618&alias=node03&noUDP&sock=slot29_56810_88bf_5094>
...
040 (12169.000.000) 2023-09-05 20:05:06 Finished transferring input files
...
001 (12169.000.000) 2023-09-05 20:05:07 Job executing on host: <192.168.100.3:9618?addrs=192.168.100.3-9618&alias=node03&noUDP&sock=startd_56773_2261>
	SlotName: slot29@node03
...
006 (12169.000.000) 2023-09-05 20:05:16 Image size of job updated: 461528
	62  -  MemoryUsage of job (MB)
	62828  -  ResidentSetSize of job (KB)
...
006 (12169.000.000) 2023-09-05 20:07:02 Image size of job updated: 464904
	62  -  MemoryUsage of job (MB)
	63112  -  ResidentSetSize of job (KB)
...
005 (12169.000.000) 2023-09-05 20:07:02 Job terminated.
	(1) Normal termination (return value 0)
		Usr 0 00:01:53, Sys 0 00:00:00  -  Run Remote Usage
		Usr 0 00:00:00, Sys 0 00:00:00  -  Run Local Usage
		Usr 0 00:01:53, Sys 0 00:00:00  -  Total Remote Usage
		Usr 0 00:00:00, Sys 0 00:00:00  -  Total Local Usage
	0  -  Run Bytes Sent By Job
	1007  -  Run Bytes Received By Job
	0  -  Total Bytes Sent By Job
	1007  -  Total Bytes Received By Job
	Partitionable Resources :    Usage  Request Allocated 
	   Cpus                 :                 1         1 
	   Disk (KB)            :       17        1   4077838 
	   Memory (MB)          :       62        1      2000 

	Job terminated of its own accord at 2023-09-05T18:07:02Z with exit-code 0.
...
