000 (11838.000.000) 2023-09-05 19:52:28 Job submitted from host: <90.147.8.111:9618?addrs=90.147.8.111-9618&alias=ams&noUDP&sock=schedd_3306931_2f8d>
...
040 (11838.000.000) 2023-09-05 19:58:33 Started transferring input files
	Transferring to host: <192.168.100.101:9618?addrs=192.168.100.101-9618&alias=node02&noUDP&sock=slot58_102123_a452_4544>
...
040 (11838.000.000) 2023-09-05 19:58:33 Finished transferring input files
...
001 (11838.000.000) 2023-09-05 19:58:35 Job executing on host: <192.168.100.101:9618?addrs=192.168.100.101-9618&alias=node02&noUDP&sock=startd_102084_b624>
	SlotName: slot58@node02
	CondorScratchDir = "/home/spool/lib/condor/execute/dir_209226"
	Cpus = 1
	Disk = 1873362
	Memory = 2006
...
006 (11838.000.000) 2023-09-05 19:58:43 Image size of job updated: 84964
	63  -  MemoryUsage of job (MB)
	63592  -  ResidentSetSize of job (KB)
...
006 (11838.000.000) 2023-09-05 19:59:55 Image size of job updated: 95576
	63  -  MemoryUsage of job (MB)
	63592  -  ResidentSetSize of job (KB)
...
005 (11838.000.000) 2023-09-05 19:59:55 Job terminated.
	(1) Normal termination (return value 0)
		Usr 0 00:00:00, Sys 0 00:00:00  -  Run Remote Usage
		Usr 0 00:00:00, Sys 0 00:00:00  -  Run Local Usage
		Usr 0 00:00:00, Sys 0 00:00:00  -  Total Remote Usage
		Usr 0 00:00:00, Sys 0 00:00:00  -  Total Local Usage
	0  -  Run Bytes Sent By Job
	1003  -  Run Bytes Received By Job
	0  -  Total Bytes Sent By Job
	1003  -  Total Bytes Received By Job
	Partitionable Resources :    Usage  Request Allocated 
	   Cpus                 :        0        1         1 
	   Disk (KB)            :       22        1   1873362 
	   Memory (MB)          :       63        1      2006 

	Job terminated of its own accord at 2023-09-05T17:59:55Z with exit-code 0.
...
