000 (11771.000.000) 2023-09-05 19:52:24 Job submitted from host: <90.147.8.111:9618?addrs=90.147.8.111-9618&alias=ams&noUDP&sock=schedd_3306931_2f8d>
...
040 (11771.000.000) 2023-09-05 19:57:16 Started transferring input files
	Transferring to host: <192.168.100.3:9618?addrs=192.168.100.3-9618&alias=node03&noUDP&sock=slot9_56810_88bf_4937>
...
040 (11771.000.000) 2023-09-05 19:57:16 Finished transferring input files
...
001 (11771.000.000) 2023-09-05 19:57:17 Job executing on host: <192.168.100.3:9618?addrs=192.168.100.3-9618&alias=node03&noUDP&sock=startd_56773_2261>
	SlotName: slot9@node03
...
006 (11771.000.000) 2023-09-05 19:57:26 Image size of job updated: 461528
	62  -  MemoryUsage of job (MB)
	62824  -  ResidentSetSize of job (KB)
...
006 (11771.000.000) 2023-09-05 19:59:12 Image size of job updated: 464904
	62  -  MemoryUsage of job (MB)
	63104  -  ResidentSetSize of job (KB)
...
005 (11771.000.000) 2023-09-05 19:59:12 Job terminated.
	(1) Normal termination (return value 0)
		Usr 0 00:01:51, Sys 0 00:00:01  -  Run Remote Usage
		Usr 0 00:00:00, Sys 0 00:00:00  -  Run Local Usage
		Usr 0 00:01:51, Sys 0 00:00:01  -  Total Remote Usage
		Usr 0 00:00:00, Sys 0 00:00:00  -  Total Local Usage
	0  -  Run Bytes Sent By Job
	1005  -  Run Bytes Received By Job
	0  -  Total Bytes Sent By Job
	1005  -  Total Bytes Received By Job
	Partitionable Resources :    Usage  Request Allocated 
	   Cpus                 :     0.98        1         1 
	   Disk (KB)            :    22           1   4077838 
	   Memory (MB)          :    62           1      2000 

	Job terminated of its own accord at 2023-09-05T17:59:12Z with exit-code 0.
...
