000 (11793.000.000) 2023-09-05 19:52:26 Job submitted from host: <90.147.8.111:9618?addrs=90.147.8.111-9618&alias=ams&noUDP&sock=schedd_3306931_2f8d>
...
040 (11793.000.000) 2023-09-05 19:57:31 Started transferring input files
	Transferring to host: <192.168.100.101:9618?addrs=192.168.100.101-9618&alias=node02&noUDP&sock=slot40_102123_a452_4508>
...
040 (11793.000.000) 2023-09-05 19:57:31 Finished transferring input files
...
001 (11793.000.000) 2023-09-05 19:57:32 Job executing on host: <192.168.100.101:9618?addrs=192.168.100.101-9618&alias=node02&noUDP&sock=startd_102084_b624>
	SlotName: slot40@node02
	CondorScratchDir = "/home/spool/lib/condor/execute/dir_208910"
	Cpus = 1
	Disk = 1873362
	Memory = 2006
...
006 (11793.000.000) 2023-09-05 19:57:41 Image size of job updated: 1
	0  -  MemoryUsage of job (MB)
	0  -  ResidentSetSize of job (KB)
...
006 (11793.000.000) 2023-09-05 20:00:01 Image size of job updated: 128
	0  -  MemoryUsage of job (MB)
	0  -  ResidentSetSize of job (KB)
...
005 (11793.000.000) 2023-09-05 20:00:01 Job terminated.
	(1) Normal termination (return value 0)
		Usr 0 00:00:00, Sys 0 00:00:00  -  Run Remote Usage
		Usr 0 00:00:00, Sys 0 00:00:00  -  Run Local Usage
		Usr 0 00:00:00, Sys 0 00:00:00  -  Total Remote Usage
		Usr 0 00:00:00, Sys 0 00:00:00  -  Total Local Usage
	0  -  Run Bytes Sent By Job
	1018  -  Run Bytes Received By Job
	0  -  Total Bytes Sent By Job
	1018  -  Total Bytes Received By Job
	Partitionable Resources :    Usage  Request Allocated 
	   Cpus                 :     0.98        1         1 
	   Disk (KB)            :    22           1   1873362 
	   Memory (MB)          :     0           1      2006 

	Job terminated of its own accord at 2023-09-05T18:00:01Z with exit-code 0.
...
