000 (11744.000.000) 2023-09-05 19:52:23 Job submitted from host: <90.147.8.111:9618?addrs=90.147.8.111-9618&alias=ams&noUDP&sock=schedd_3306931_2f8d>
...
040 (11744.000.000) 2023-09-05 19:56:57 Started transferring input files
	Transferring to host: <192.168.100.3:9618?addrs=192.168.100.3-9618&alias=node03&noUDP&sock=slot41_56810_88bf_4919>
...
040 (11744.000.000) 2023-09-05 19:56:57 Finished transferring input files
...
001 (11744.000.000) 2023-09-05 19:56:58 Job executing on host: <192.168.100.3:9618?addrs=192.168.100.3-9618&alias=node03&noUDP&sock=startd_56773_2261>
	SlotName: slot41@node03
...
006 (11744.000.000) 2023-09-05 19:57:07 Image size of job updated: 443828
	62  -  MemoryUsage of job (MB)
	62612  -  ResidentSetSize of job (KB)
...
006 (11744.000.000) 2023-09-05 19:58:54 Image size of job updated: 464904
	62  -  MemoryUsage of job (MB)
	62844  -  ResidentSetSize of job (KB)
...
005 (11744.000.000) 2023-09-05 19:58:55 Job terminated.
	(1) Normal termination (return value 0)
		Usr 0 00:01:54, Sys 0 00:00:00  -  Run Remote Usage
		Usr 0 00:00:00, Sys 0 00:00:00  -  Run Local Usage
		Usr 0 00:01:54, Sys 0 00:00:00  -  Total Remote Usage
		Usr 0 00:00:00, Sys 0 00:00:00  -  Total Local Usage
	0  -  Run Bytes Sent By Job
	1005  -  Run Bytes Received By Job
	0  -  Total Bytes Sent By Job
	1005  -  Total Bytes Received By Job
	Partitionable Resources :    Usage  Request Allocated 
	   Cpus                 :     0.99        1         1 
	   Disk (KB)            :    22           1   4077838 
	   Memory (MB)          :    62           1      2000 

	Job terminated of its own accord at 2023-09-05T17:58:54Z with exit-code 0.
...
