000 (11997.000.000) 2023-09-05 19:52:37 Job submitted from host: <90.147.8.111:9618?addrs=90.147.8.111-9618&alias=ams&noUDP&sock=schedd_3306931_2f8d>
...
040 (11997.000.000) 2023-09-05 20:01:42 Started transferring input files
	Transferring to host: <192.168.100.3:9618?addrs=192.168.100.3-9618&alias=node03&noUDP&sock=slot3_56810_88bf_5029>
...
040 (11997.000.000) 2023-09-05 20:01:42 Finished transferring input files
...
001 (11997.000.000) 2023-09-05 20:01:43 Job executing on host: <192.168.100.3:9618?addrs=192.168.100.3-9618&alias=node03&noUDP&sock=startd_56773_2261>
	SlotName: slot3@node03
...
006 (11997.000.000) 2023-09-05 20:01:51 Image size of job updated: 462656
	61  -  MemoryUsage of job (MB)
	62328  -  ResidentSetSize of job (KB)
...
006 (11997.000.000) 2023-09-05 20:03:37 Image size of job updated: 464904
	61  -  MemoryUsage of job (MB)
	62328  -  ResidentSetSize of job (KB)
...
005 (11997.000.000) 2023-09-05 20:03:37 Job terminated.
	(1) Normal termination (return value 0)
		Usr 0 00:01:51, Sys 0 00:00:00  -  Run Remote Usage
		Usr 0 00:00:00, Sys 0 00:00:00  -  Run Local Usage
		Usr 0 00:01:51, Sys 0 00:00:00  -  Total Remote Usage
		Usr 0 00:00:00, Sys 0 00:00:00  -  Total Local Usage
	0  -  Run Bytes Sent By Job
	1007  -  Run Bytes Received By Job
	0  -  Total Bytes Sent By Job
	1007  -  Total Bytes Received By Job
	Partitionable Resources :    Usage  Request Allocated 
	   Cpus                 :     0.97        1         1 
	   Disk (KB)            :    22           1   4077838 
	   Memory (MB)          :    61           1      2000 

	Job terminated of its own accord at 2023-09-05T18:03:37Z with exit-code 0.
...
