000 (10555.000.000) 2023-09-05 12:32:14 Job submitted from host: <90.147.8.111:9618?addrs=90.147.8.111-9618&alias=ams&noUDP&sock=schedd_3306931_2f8d>
...
040 (10555.000.000) 2023-09-05 12:34:43 Started transferring input files
	Transferring to host: <192.168.100.3:9618?addrs=192.168.100.3-9618&alias=node03&noUDP&sock=slot41_56810_88bf_4389>
...
040 (10555.000.000) 2023-09-05 12:34:43 Finished transferring input files
...
001 (10555.000.000) 2023-09-05 12:34:44 Job executing on host: <192.168.100.3:9618?addrs=192.168.100.3-9618&alias=node03&noUDP&sock=startd_56773_2261>
	SlotName: slot41@node03
...
006 (10555.000.000) 2023-09-05 12:34:53 Image size of job updated: 422628
	34  -  MemoryUsage of job (MB)
	34560  -  ResidentSetSize of job (KB)
...
006 (10555.000.000) 2023-09-05 12:35:52 Image size of job updated: 464560
	34  -  MemoryUsage of job (MB)
	34588  -  ResidentSetSize of job (KB)
...
005 (10555.000.000) 2023-09-05 12:35:52 Job terminated.
	(1) Normal termination (return value 0)
		Usr 0 00:01:04, Sys 0 00:00:00  -  Run Remote Usage
		Usr 0 00:00:00, Sys 0 00:00:00  -  Run Local Usage
		Usr 0 00:01:04, Sys 0 00:00:00  -  Total Remote Usage
		Usr 0 00:00:00, Sys 0 00:00:00  -  Total Local Usage
	0  -  Run Bytes Sent By Job
	1024  -  Run Bytes Received By Job
	0  -  Total Bytes Sent By Job
	1024  -  Total Bytes Received By Job
	Partitionable Resources :    Usage  Request Allocated 
	   Cpus                 :                 1         1 
	   Disk (KB)            :       16        1   4077838 
	   Memory (MB)          :       34        1      2000 

	Job terminated of its own accord at 2023-09-05T10:35:52Z with exit-code 0.
...
