000 (11621.000.000) 2023-09-05 19:52:17 Job submitted from host: <90.147.8.111:9618?addrs=90.147.8.111-9618&alias=ams&noUDP&sock=schedd_3306931_2f8d>
...
040 (11621.000.000) 2023-09-05 19:54:35 Started transferring input files
	Transferring to host: <192.168.100.3:9618?addrs=192.168.100.3-9618&alias=node03&noUDP&sock=slot21_56810_88bf_4864>
...
040 (11621.000.000) 2023-09-05 19:54:35 Finished transferring input files
...
001 (11621.000.000) 2023-09-05 19:54:36 Job executing on host: <192.168.100.3:9618?addrs=192.168.100.3-9618&alias=node03&noUDP&sock=startd_56773_2261>
	SlotName: slot21@node03
...
006 (11621.000.000) 2023-09-05 19:54:45 Image size of job updated: 458600
	61  -  MemoryUsage of job (MB)
	61932  -  ResidentSetSize of job (KB)
...
006 (11621.000.000) 2023-09-05 19:56:56 Image size of job updated: 464484
	61  -  MemoryUsage of job (MB)
	61936  -  ResidentSetSize of job (KB)
...
005 (11621.000.000) 2023-09-05 19:56:56 Job terminated.
	(1) Normal termination (return value 0)
		Usr 0 00:02:17, Sys 0 00:00:00  -  Run Remote Usage
		Usr 0 00:00:00, Sys 0 00:00:00  -  Run Local Usage
		Usr 0 00:02:17, Sys 0 00:00:00  -  Total Remote Usage
		Usr 0 00:00:00, Sys 0 00:00:00  -  Total Local Usage
	0  -  Run Bytes Sent By Job
	1020  -  Run Bytes Received By Job
	0  -  Total Bytes Sent By Job
	1020  -  Total Bytes Received By Job
	Partitionable Resources :    Usage  Request Allocated 
	   Cpus                 :                 1         1 
	   Disk (KB)            :       17        1   4077838 
	   Memory (MB)          :       61        1      2000 

	Job terminated of its own accord at 2023-09-05T17:56:56Z with exit-code 0.
...
