000 (10465.000.000) 2023-09-05 12:32:10 Job submitted from host: <90.147.8.111:9618?addrs=90.147.8.111-9618&alias=ams&noUDP&sock=schedd_3306931_2f8d>
...
040 (10465.000.000) 2023-09-05 12:34:18 Started transferring input files
	Transferring to host: <192.168.100.3:9618?addrs=192.168.100.3-9618&alias=node03&noUDP&sock=slot26_56810_88bf_4358>
...
040 (10465.000.000) 2023-09-05 12:34:18 Finished transferring input files
...
001 (10465.000.000) 2023-09-05 12:34:19 Job executing on host: <192.168.100.3:9618?addrs=192.168.100.3-9618&alias=node03&noUDP&sock=startd_56773_2261>
	SlotName: slot26@node03
...
006 (10465.000.000) 2023-09-05 12:34:28 Image size of job updated: 422628
	23  -  MemoryUsage of job (MB)
	23024  -  ResidentSetSize of job (KB)
...
006 (10465.000.000) 2023-09-05 12:35:29 Image size of job updated: 464560
	23  -  MemoryUsage of job (MB)
	23024  -  ResidentSetSize of job (KB)
...
005 (10465.000.000) 2023-09-05 12:35:29 Job terminated.
	(1) Normal termination (return value 0)
		Usr 0 00:01:06, Sys 0 00:00:00  -  Run Remote Usage
		Usr 0 00:00:00, Sys 0 00:00:00  -  Run Local Usage
		Usr 0 00:01:06, Sys 0 00:00:00  -  Total Remote Usage
		Usr 0 00:00:00, Sys 0 00:00:00  -  Total Local Usage
	0  -  Run Bytes Sent By Job
	1024  -  Run Bytes Received By Job
	0  -  Total Bytes Sent By Job
	1024  -  Total Bytes Received By Job
	Partitionable Resources :    Usage  Request Allocated 
	   Cpus                 :                 1         1 
	   Disk (KB)            :       16        1   4077838 
	   Memory (MB)          :       23        1      2000 

	Job terminated of its own accord at 2023-09-05T10:35:29Z with exit-code 0.
...
