Performing C SOURCE FILE Test CMAKE_HAVE_LIBC_PTHREAD failed with the following output:
Change Dir: /data1/home/rnicolai/LEM_GDML_upgrade/build2/CMakeFiles/CMakeTmp

Run Build Command(s):/bin/gmake -f Makefile cmTC_d3188/fast && /bin/gmake  -f CMakeFiles/cmTC_d3188.dir/build.make CMakeFiles/cmTC_d3188.dir/build
gmake[1]: Entering directory `/data1/home/rnicolai/LEM_GDML_upgrade/build2/CMakeFiles/CMakeTmp'
Building C object CMakeFiles/cmTC_d3188.dir/src.c.o
/cvmfs/sft.cern.ch/lcg/releases/gcc/8.3.0-cebb0/x86_64-centos7/bin/gcc -DCMAKE_HAVE_LIBC_PTHREAD   -o CMakeFiles/cmTC_d3188.dir/src.c.o -c /data1/home/rnicolai/LEM_GDML_upgrade/build2/CMakeFiles/CMakeTmp/src.c
Linking C executable cmTC_d3188
/cvmfs/sft.cern.ch/lcg/releases/CMake/3.23.2-99161/x86_64-centos7-gcc8-opt/bin/cmake -E cmake_link_script CMakeFiles/cmTC_d3188.dir/link.txt --verbose=1
/cvmfs/sft.cern.ch/lcg/releases/gcc/8.3.0-cebb0/x86_64-centos7/bin/gcc CMakeFiles/cmTC_d3188.dir/src.c.o -o cmTC_d3188 
CMakeFiles/cmTC_d3188.dir/src.c.o: In function `main':
src.c:(.text+0x2d): undefined reference to `pthread_create'
src.c:(.text+0x39): undefined reference to `pthread_detach'
src.c:(.text+0x45): undefined reference to `pthread_cancel'
src.c:(.text+0x56): undefined reference to `pthread_join'
src.c:(.text+0x6a): undefined reference to `pthread_atfork'
collect2: error: ld returned 1 exit status
gmake[1]: *** [cmTC_d3188] Error 1
gmake[1]: Leaving directory `/data1/home/rnicolai/LEM_GDML_upgrade/build2/CMakeFiles/CMakeTmp'
gmake: *** [cmTC_d3188/fast] Error 2


Source file was:
#include <pthread.h>

static void* test_func(void* data)
{
  return data;
}

int main(void)
{
  pthread_t thread;
  pthread_create(&thread, NULL, test_func, NULL);
  pthread_detach(thread);
  pthread_cancel(thread);
  pthread_join(thread, NULL);
  pthread_atfork(NULL, NULL, NULL);
  pthread_exit(NULL);

  return 0;
}

