000 (9355.000.000) 2023-08-25 21:33:36 Job submitted from host: <90.147.8.111:9618?addrs=90.147.8.111-9618&alias=ams&noUDP&sock=schedd_3306931_2f8d>
...
040 (9355.000.000) 2023-08-25 21:37:34 Started transferring input files
	Transferring to host: <192.168.100.3:9618?addrs=192.168.100.3-9618&alias=node03&noUDP&sock=slot44_56810_88bf_3745>
...
040 (9355.000.000) 2023-08-25 21:37:34 Finished transferring input files
...
001 (9355.000.000) 2023-08-25 21:37:35 Job executing on host: <192.168.100.3:9618?addrs=192.168.100.3-9618&alias=node03&noUDP&sock=startd_56773_2261>
	SlotName: slot44@node03
...
006 (9355.000.000) 2023-08-25 21:37:43 Image size of job updated: 453340
	54  -  MemoryUsage of job (MB)
	54804  -  ResidentSetSize of job (KB)
...
006 (9355.000.000) 2023-08-25 21:40:11 Image size of job updated: 464120
	54  -  MemoryUsage of job (MB)
	54860  -  ResidentSetSize of job (KB)
...
005 (9355.000.000) 2023-08-25 21:40:11 Job terminated.
	(1) Normal termination (return value 0)
		Usr 0 00:02:34, Sys 0 00:00:00  -  Run Remote Usage
		Usr 0 00:00:00, Sys 0 00:00:00  -  Run Local Usage
		Usr 0 00:02:34, Sys 0 00:00:00  -  Total Remote Usage
		Usr 0 00:00:00, Sys 0 00:00:00  -  Total Local Usage
	0  -  Run Bytes Sent By Job
	471  -  Run Bytes Received By Job
	0  -  Total Bytes Sent By Job
	471  -  Total Bytes Received By Job
	Partitionable Resources :    Usage  Request Allocated 
	   Cpus                 :                 1         1 
	   Disk (KB)            :       16        1   4077838 
	   Memory (MB)          :       54        1      2000 

	Job terminated of its own accord at 2023-08-25T19:40:11Z with exit-code 0.
...
