000 (9320.000.000) 2023-08-25 21:33:34 Job submitted from host: <90.147.8.111:9618?addrs=90.147.8.111-9618&alias=ams&noUDP&sock=schedd_3306931_2f8d>
...
040 (9320.000.000) 2023-08-25 21:33:54 Started transferring input files
	Transferring to host: <192.168.100.101:9618?addrs=192.168.100.101-9618&alias=node02&noUDP&sock=slot49_102123_a452_3242>
...
040 (9320.000.000) 2023-08-25 21:33:54 Finished transferring input files
...
001 (9320.000.000) 2023-08-25 21:33:56 Job executing on host: <192.168.100.101:9618?addrs=192.168.100.101-9618&alias=node02&noUDP&sock=startd_102084_b624>
	SlotName: slot49@node02
	CondorScratchDir = "/home/spool/lib/condor/execute/dir_177499"
	Cpus = 1
	Disk = 1873362
	Memory = 2006
...
006 (9320.000.000) 2023-08-25 21:34:06 Image size of job updated: 1
	0  -  MemoryUsage of job (MB)
	0  -  ResidentSetSize of job (KB)
...
006 (9320.000.000) 2023-08-25 21:39:07 Image size of job updated: 110100
	108  -  MemoryUsage of job (MB)
	110024  -  ResidentSetSize of job (KB)
...
006 (9320.000.000) 2023-08-25 21:39:18 Image size of job updated: 113544
	108  -  MemoryUsage of job (MB)
	110024  -  ResidentSetSize of job (KB)
...
005 (9320.000.000) 2023-08-25 21:39:18 Job terminated.
	(1) Normal termination (return value 0)
		Usr 0 00:00:00, Sys 0 00:00:00  -  Run Remote Usage
		Usr 0 00:00:00, Sys 0 00:00:00  -  Run Local Usage
		Usr 0 00:00:00, Sys 0 00:00:00  -  Total Remote Usage
		Usr 0 00:00:00, Sys 0 00:00:00  -  Total Local Usage
	0  -  Run Bytes Sent By Job
	486  -  Run Bytes Received By Job
	0  -  Total Bytes Sent By Job
	486  -  Total Bytes Received By Job
	Partitionable Resources :    Usage  Request Allocated 
	   Cpus                 :     0.81        1         1 
	   Disk (KB)            :    21           1   1873362 
	   Memory (MB)          :   108           1      2006 

	Job terminated of its own accord at 2023-08-25T19:39:18Z with exit-code 0.
...
