000 (9265.000.000) 2023-08-25 21:33:32 Job submitted from host: <90.147.8.111:9618?addrs=90.147.8.111-9618&alias=ams&noUDP&sock=schedd_3306931_2f8d>
...
040 (9265.000.000) 2023-08-25 21:33:52 Started transferring input files
	Transferring to host: <192.168.100.3:9618?addrs=192.168.100.3-9618&alias=node03&noUDP&sock=slot42_56810_88bf_3731>
...
040 (9265.000.000) 2023-08-25 21:33:52 Finished transferring input files
...
001 (9265.000.000) 2023-08-25 21:33:53 Job executing on host: <192.168.100.3:9618?addrs=192.168.100.3-9618&alias=node03&noUDP&sock=startd_56773_2261>
	SlotName: slot42@node03
...
006 (9265.000.000) 2023-08-25 21:34:03 Image size of job updated: 341476
	22  -  MemoryUsage of job (MB)
	22188  -  ResidentSetSize of job (KB)
...
006 (9265.000.000) 2023-08-25 21:37:38 Image size of job updated: 464120
	22  -  MemoryUsage of job (MB)
	22188  -  ResidentSetSize of job (KB)
...
005 (9265.000.000) 2023-08-25 21:37:38 Job terminated.
	(1) Normal termination (return value 0)
		Usr 0 00:03:36, Sys 0 00:00:00  -  Run Remote Usage
		Usr 0 00:00:00, Sys 0 00:00:00  -  Run Local Usage
		Usr 0 00:03:36, Sys 0 00:00:00  -  Total Remote Usage
		Usr 0 00:00:00, Sys 0 00:00:00  -  Total Local Usage
	0  -  Run Bytes Sent By Job
	471  -  Run Bytes Received By Job
	0  -  Total Bytes Sent By Job
	471  -  Total Bytes Received By Job
	Partitionable Resources :    Usage  Request Allocated 
	   Cpus                 :     0.99        1         1 
	   Disk (KB)            :    21           1   4077838 
	   Memory (MB)          :    22           1      2000 

	Job terminated of its own accord at 2023-08-25T19:37:38Z with exit-code 0.
...
