000 (9350.000.000) 2023-08-25 21:33:36 Job submitted from host: <90.147.8.111:9618?addrs=90.147.8.111-9618&alias=ams&noUDP&sock=schedd_3306931_2f8d>
...
040 (9350.000.000) 2023-08-25 21:37:25 Started transferring input files
	Transferring to host: <192.168.100.3:9618?addrs=192.168.100.3-9618&alias=node03&noUDP&sock=slot40_56810_88bf_3741>
...
040 (9350.000.000) 2023-08-25 21:37:25 Finished transferring input files
...
001 (9350.000.000) 2023-08-25 21:37:26 Job executing on host: <192.168.100.3:9618?addrs=192.168.100.3-9618&alias=node03&noUDP&sock=startd_56773_2261>
	SlotName: slot40@node03
...
006 (9350.000.000) 2023-08-25 21:37:34 Image size of job updated: 450316
	57  -  MemoryUsage of job (MB)
	57596  -  ResidentSetSize of job (KB)
...
006 (9350.000.000) 2023-08-25 21:40:05 Image size of job updated: 464120
	57  -  MemoryUsage of job (MB)
	57596  -  ResidentSetSize of job (KB)
...
005 (9350.000.000) 2023-08-25 21:40:05 Job terminated.
	(1) Normal termination (return value 0)
		Usr 0 00:02:36, Sys 0 00:00:00  -  Run Remote Usage
		Usr 0 00:00:00, Sys 0 00:00:00  -  Run Local Usage
		Usr 0 00:02:36, Sys 0 00:00:00  -  Total Remote Usage
		Usr 0 00:00:00, Sys 0 00:00:00  -  Total Local Usage
	0  -  Run Bytes Sent By Job
	471  -  Run Bytes Received By Job
	0  -  Total Bytes Sent By Job
	471  -  Total Bytes Received By Job
	Partitionable Resources :    Usage  Request Allocated 
	   Cpus                 :                 1         1 
	   Disk (KB)            :       16        1   4077838 
	   Memory (MB)          :       57        1      2000 

	Job terminated of its own accord at 2023-08-25T19:40:05Z with exit-code 0.
...
