000 (9343.000.000) 2023-08-25 21:33:36 Job submitted from host: <90.147.8.111:9618?addrs=90.147.8.111-9618&alias=ams&noUDP&sock=schedd_3306931_2f8d>
...
040 (9343.000.000) 2023-08-25 21:36:48 Started transferring input files
	Transferring to host: <192.168.100.101:9618?addrs=192.168.100.101-9618&alias=node02&noUDP&sock=slot45_102123_a452_3263>
...
040 (9343.000.000) 2023-08-25 21:36:48 Finished transferring input files
...
001 (9343.000.000) 2023-08-25 21:36:49 Job executing on host: <192.168.100.101:9618?addrs=192.168.100.101-9618&alias=node02&noUDP&sock=startd_102084_b624>
	SlotName: slot45@node02
	CondorScratchDir = "/home/spool/lib/condor/execute/dir_178189"
	Cpus = 1
	Disk = 1873362
	Memory = 2006
...
006 (9343.000.000) 2023-08-25 21:36:58 Image size of job updated: 79372
	48  -  MemoryUsage of job (MB)
	48916  -  ResidentSetSize of job (KB)
...
006 (9343.000.000) 2023-08-25 21:39:45 Image size of job updated: 110388
	48  -  MemoryUsage of job (MB)
	48916  -  ResidentSetSize of job (KB)
...
005 (9343.000.000) 2023-08-25 21:39:45 Job terminated.
	(1) Normal termination (return value 0)
		Usr 0 00:00:00, Sys 0 00:00:00  -  Run Remote Usage
		Usr 0 00:00:00, Sys 0 00:00:00  -  Run Local Usage
		Usr 0 00:00:00, Sys 0 00:00:00  -  Total Remote Usage
		Usr 0 00:00:00, Sys 0 00:00:00  -  Total Local Usage
	0  -  Run Bytes Sent By Job
	471  -  Run Bytes Received By Job
	0  -  Total Bytes Sent By Job
	471  -  Total Bytes Received By Job
	Partitionable Resources :    Usage  Request Allocated 
	   Cpus                 :                 1         1 
	   Disk (KB)            :       16        1   1873362 
	   Memory (MB)          :       48        1      2006 

	Job terminated of its own accord at 2023-08-25T19:39:45Z with exit-code 0.
...
