000 (9244.000.000) 2023-08-25 21:33:30 Job submitted from host: <90.147.8.111:9618?addrs=90.147.8.111-9618&alias=ams&noUDP&sock=schedd_3306931_2f8d>
...
040 (9244.000.000) 2023-08-25 21:33:51 Started transferring input files
	Transferring to host: <192.168.100.3:9618?addrs=192.168.100.3-9618&alias=node03&noUDP&sock=slot21_56810_88bf_3718>
...
040 (9244.000.000) 2023-08-25 21:33:51 Finished transferring input files
...
001 (9244.000.000) 2023-08-25 21:33:53 Job executing on host: <192.168.100.3:9618?addrs=192.168.100.3-9618&alias=node03&noUDP&sock=startd_56773_2261>
	SlotName: slot21@node03
...
006 (9244.000.000) 2023-08-25 21:34:03 Image size of job updated: 341120
	22  -  MemoryUsage of job (MB)
	22180  -  ResidentSetSize of job (KB)
...
006 (9244.000.000) 2023-08-25 21:38:31 Image size of job updated: 463696
	22  -  MemoryUsage of job (MB)
	22180  -  ResidentSetSize of job (KB)
...
005 (9244.000.000) 2023-08-25 21:38:31 Job terminated.
	(1) Normal termination (return value 0)
		Usr 0 00:04:29, Sys 0 00:00:00  -  Run Remote Usage
		Usr 0 00:00:00, Sys 0 00:00:00  -  Run Local Usage
		Usr 0 00:04:29, Sys 0 00:00:00  -  Total Remote Usage
		Usr 0 00:00:00, Sys 0 00:00:00  -  Total Local Usage
	0  -  Run Bytes Sent By Job
	486  -  Run Bytes Received By Job
	0  -  Total Bytes Sent By Job
	486  -  Total Bytes Received By Job
	Partitionable Resources :    Usage  Request Allocated 
	   Cpus                 :     0.99        1         1 
	   Disk (KB)            :    21           1   4077838 
	   Memory (MB)          :    22           1      2000 

	Job terminated of its own accord at 2023-08-25T19:38:31Z with exit-code 0.
...
