000 (9225.000.000) 2023-08-25 21:33:29 Job submitted from host: <90.147.8.111:9618?addrs=90.147.8.111-9618&alias=ams&noUDP&sock=schedd_3306931_2f8d>
...
040 (9225.000.000) 2023-08-25 21:33:29 Started transferring input files
	Transferring to host: <192.168.100.3:9618?addrs=192.168.100.3-9618&alias=node03&noUDP&sock=slot1_56810_88bf_3690>
...
040 (9225.000.000) 2023-08-25 21:33:29 Finished transferring input files
...
001 (9225.000.000) 2023-08-25 21:33:30 Job executing on host: <192.168.100.3:9618?addrs=192.168.100.3-9618&alias=node03&noUDP&sock=startd_56773_2261>
	SlotName: slot1@node03
...
000 (9363.000.000) 2023-08-25 21:33:37 Job submitted from host: <90.147.8.111:9618?addrs=90.147.8.111-9618&alias=ams&noUDP&sock=schedd_3306931_2f8d>
...
006 (9225.000.000) 2023-08-25 21:33:38 Image size of job updated: 44
	1  -  MemoryUsage of job (MB)
	44  -  ResidentSetSize of job (KB)
...
040 (9363.000.000) 2023-08-25 21:33:50 Started transferring input files
	Transferring to host: <192.168.100.3:9618?addrs=192.168.100.3-9618&alias=node03&noUDP&sock=slot2_56810_88bf_3691>
...
040 (9363.000.000) 2023-08-25 21:33:50 Finished transferring input files
...
001 (9363.000.000) 2023-08-25 21:33:52 Job executing on host: <192.168.100.3:9618?addrs=192.168.100.3-9618&alias=node03&noUDP&sock=startd_56773_2261>
	SlotName: slot2@node03
...
006 (9363.000.000) 2023-08-25 21:34:01 Image size of job updated: 46420
	44  -  MemoryUsage of job (MB)
	44124  -  ResidentSetSize of job (KB)
...
006 (9225.000.000) 2023-08-25 21:38:38 Image size of job updated: 635504
	78  -  MemoryUsage of job (MB)
	78880  -  ResidentSetSize of job (KB)
...
006 (9363.000.000) 2023-08-25 21:39:01 Image size of job updated: 615880
	59  -  MemoryUsage of job (MB)
	60340  -  ResidentSetSize of job (KB)
...
006 (9363.000.000) 2023-08-25 21:41:57 Image size of job updated: 635620
	59  -  MemoryUsage of job (MB)
	60340  -  ResidentSetSize of job (KB)
...
005 (9363.000.000) 2023-08-25 21:41:57 Job terminated.
	(1) Normal termination (return value 0)
		Usr 0 00:02:01, Sys 0 00:01:32  -  Run Remote Usage
		Usr 0 00:00:00, Sys 0 00:00:00  -  Run Local Usage
		Usr 0 00:02:01, Sys 0 00:01:32  -  Total Remote Usage
		Usr 0 00:00:00, Sys 0 00:00:00  -  Total Local Usage
	0  -  Run Bytes Sent By Job
	278  -  Run Bytes Received By Job
	0  -  Total Bytes Sent By Job
	278  -  Total Bytes Received By Job
	Partitionable Resources :    Usage  Request Allocated 
	   Cpus                 :     0.94        1         1 
	   Disk (KB)            :    21           1   4077838 
	   Memory (MB)          :    59           1      2000 

	Job terminated of its own accord at 2023-08-25T19:41:57Z with exit-code 0.
...
005 (9225.000.000) 2023-08-25 21:41:57 Job terminated.
	(1) Normal termination (return value 0)
		Usr 0 00:02:37, Sys 0 00:02:08  -  Run Remote Usage
		Usr 0 00:00:00, Sys 0 00:00:00  -  Run Local Usage
		Usr 0 00:02:37, Sys 0 00:02:08  -  Total Remote Usage
		Usr 0 00:00:00, Sys 0 00:00:00  -  Total Local Usage
	0  -  Run Bytes Sent By Job
	278  -  Run Bytes Received By Job
	0  -  Total Bytes Sent By Job
	278  -  Total Bytes Received By Job
	Partitionable Resources :    Usage  Request Allocated 
	   Cpus                 :     0.91        1         1 
	   Disk (KB)            :    21           1   4077838 
	   Memory (MB)          :    78           1      2000 

	Job terminated of its own accord at 2023-08-25T19:41:57Z with exit-code 0.
...
