000 (9366.000.000) 2023-08-25 21:33:37 Job submitted from host: <90.147.8.111:9618?addrs=90.147.8.111-9618&alias=ams&noUDP&sock=schedd_3306931_2f8d>
...
040 (9366.000.000) 2023-08-25 21:37:46 Started transferring input files
	Transferring to host: <192.168.100.3:9618?addrs=192.168.100.3-9618&alias=node03&noUDP&sock=slot35_56810_88bf_3755>
...
040 (9366.000.000) 2023-08-25 21:37:46 Finished transferring input files
...
001 (9366.000.000) 2023-08-25 21:37:47 Job executing on host: <192.168.100.3:9618?addrs=192.168.100.3-9618&alias=node03&noUDP&sock=startd_56773_2261>
	SlotName: slot35@node03
...
006 (9366.000.000) 2023-08-25 21:37:56 Image size of job updated: 421744
	62  -  MemoryUsage of job (MB)
	62756  -  ResidentSetSize of job (KB)
...
006 (9366.000.000) 2023-08-25 21:40:11 Image size of job updated: 464120
	62  -  MemoryUsage of job (MB)
	62756  -  ResidentSetSize of job (KB)
...
005 (9366.000.000) 2023-08-25 21:40:11 Job terminated.
	(1) Normal termination (return value 0)
		Usr 0 00:02:23, Sys 0 00:00:00  -  Run Remote Usage
		Usr 0 00:00:00, Sys 0 00:00:00  -  Run Local Usage
		Usr 0 00:02:23, Sys 0 00:00:00  -  Total Remote Usage
		Usr 0 00:00:00, Sys 0 00:00:00  -  Total Local Usage
	0  -  Run Bytes Sent By Job
	471  -  Run Bytes Received By Job
	0  -  Total Bytes Sent By Job
	471  -  Total Bytes Received By Job
	Partitionable Resources :    Usage  Request Allocated 
	   Cpus                 :                 1         1 
	   Disk (KB)            :       16        1   4077838 
	   Memory (MB)          :       62        1      2000 

	Job terminated of its own accord at 2023-08-25T19:40:11Z with exit-code 0.
...
