Ciao! I'm monitoring
Entering in Monitoring
TotNumberEvents_computed 42000000
['e-', 'proton', 'alpha']
{"ok":true,"result":{"message_id":11162,"sender_chat":{"id":-1001921335158,"title":"\ud83d\udc0d\ud83d\udce9\ud83d\udc0d G4 status \ud83d\udc0d\ud83d\udce9\ud83d\udc0d","username":"ilmiobotpernotifiche","type":"channel"},"chat":{"id":-1001921335158,"title":"\ud83d\udc0d\ud83d\udce9\ud83d\udc0d G4 status \ud83d\udc0d\ud83d\udce9\ud83d\udc0d","username":"ilmiobotpernotifiche","type":"channel"},"date":1692992056,"text":"Statistics\nEvents processed\n100000 / 42000000\n.ooo00ooo..ooo00ooo.\nF0:  -  -  10e%  -  -  -  -  -  -  -  -  -  -  -  -  10e%  -  -  -  -  -  -  -  -  10e%  -  -  -  -  -  10e%  -  -  -  -  -  -  -  -  -  -  -  -  -  -  -  -  -  -  -  -  -  -  -  -  -  -  -  -  -  -  -  -  -  -  -  -  -  -  - \n\nF1:  -  10e%  -  -  -  -  -  -  -  -  -  10e%  -  -  -  -  -  -  -  -  -  -  -  -  -  -  -  -  -  10e%  -  -  -  -  -  -  -  -  -  -  -  -  -  -  -  -  -  -  -  -  10e%  -  -  10e%  -  -  -  -  -  -  -  -  -  -  -  -  -  -  -  - \n\n.ooo00ooo..ooo00ooo.\nTot Percentage: 0.23809523809523808\nTime elapsed: 20.002328157424927 seconds","entities":[{"offset":0,"length":10,"type":"bold"},{"offset":11,"length":16,"type":"bold"},{"offset":46,"length":20,"type":"bold"},{"offset":526,"length":20,"type":"bold"},{"offset":547,"length":14,"type":"bold"},{"offset":583,"length":12,"type":"bold"}]}}
<b>Statistics</b>
<b>Events processed</b>
100000 / 42000000
<b>.ooo00ooo..ooo00ooo.</b>
F0:  -  -  10e%  -  -  -  -  -  -  -  -  -  -  -  -  10e%  -  -  -  -  -  -  -  -  10e%  -  -  -  -  -  10e%  -  -  -  -  -  -  -  -  -  -  -  -  -  -  -  -  -  -  -  -  -  -  -  -  -  -  -  -  -  -  -  -  -  -  -  -  -  -  - 

F1:  -  10e%  -  -  -  -  -  -  -  -  -  10e%  -  -  -  -  -  -  -  -  -  -  -  -  -  -  -  -  -  10e%  -  -  -  -  -  -  -  -  -  -  -  -  -  -  -  -  -  -  -  -  10e%  -  -  10e%  -  -  -  -  -  -  -  -  -  -  -  -  -  -  -  - 

<b>.ooo00ooo..ooo00ooo.</b>
<b>Tot Percentage</b>: 0.23809523809523808
<b>Time elapsed</b>: 20.002328157424927 seconds

{"ok":true,"result":{"message_id":11164,"sender_chat":{"id":-1001921335158,"title":"\ud83d\udc0d\ud83d\udce9\ud83d\udc0d G4 status \ud83d\udc0d\ud83d\udce9\ud83d\udc0d","username":"ilmiobotpernotifiche","type":"channel"},"chat":{"id":-1001921335158,"title":"\ud83d\udc0d\ud83d\udce9\ud83d\udc0d G4 status \ud83d\udc0d\ud83d\udce9\ud83d\udc0d","username":"ilmiobotpernotifiche","type":"channel"},"date":1692992076,"text":"Statistics\nEvents processed\n860000 / 42000000\n.ooo00ooo..ooo00ooo.\nF0:  -  -  30e%  20e%  -  -  10e%  -  10e%  10e%  -  -  -  -  -  30e%  -  -  10e%  -  -  20e%  -  10e%  30e%  -  10e%  -  -  -  30e%  -  10e%  -  -  20e%  -  -  10e%  10e%  -  -  10e%  10e%  20e%  20e%  -  -  -  -  -  10e%  -  -  10e%  10e%  10e%  -  10e%  -  10e%  20e%  10e%  -  -  10e%  10e%  -  20e%  - \n\nF1:  10e%  30e%  10e%  -  -  -  -  10e%  10e%  -  -  30e%  -  -  10e%  -  10e%  -  -  -  -  -  20e%  10e%  -  10e%  -  -  -  30e%  -  20e%  -  20e%  10e%  10e%  -  -  -  10e%  -  20e%  -  -  -  -  -  -  -  10e%  30e%  -  10e%  30e%  20e%  -  10e%  -  -  -  -  -  20e%  -  -  10e%  10e%  -  -  - \n\n.ooo00ooo..ooo00ooo.\nTot Percentage: 2.0476190476190474\nTime elapsed: 40.007370471954346 seconds","entities":[{"offset":0,"length":10,"type":"bold"},{"offset":11,"length":16,"type":"bold"},{"offset":46,"length":20,"type":"bold"},{"offset":673,"length":20,"type":"bold"},{"offset":694,"length":14,"type":"bold"},{"offset":729,"length":12,"type":"bold"}]}}
<b>Statistics</b>
<b>Events processed</b>
860000 / 42000000
<b>.ooo00ooo..ooo00ooo.</b>
F0:  -  -  30e%  20e%  -  -  10e%  -  10e%  10e%  -  -  -  -  -  30e%  -  -  10e%  -  -  20e%  -  10e%  30e%  -  10e%  -  -  -  30e%  -  10e%  -  -  20e%  -  -  10e%  10e%  -  -  10e%  10e%  20e%  20e%  -  -  -  -  -  10e%  -  -  10e%  10e%  10e%  -  10e%  -  10e%  20e%  10e%  -  -  10e%  10e%  -  20e%  - 

F1:  10e%  30e%  10e%  -  -  -  -  10e%  10e%  -  -  30e%  -  -  10e%  -  10e%  -  -  -  -  -  20e%  10e%  -  10e%  -  -  -  30e%  -  20e%  -  20e%  10e%  10e%  -  -  -  10e%  -  20e%  -  -  -  -  -  -  -  10e%  30e%  -  10e%  30e%  20e%  -  10e%  -  -  -  -  -  20e%  -  -  10e%  10e%  -  -  - 

<b>.ooo00ooo..ooo00ooo.</b>
<b>Tot Percentage</b>: 2.0476190476190474
<b>Time elapsed</b>: 40.007370471954346 seconds

{"ok":true,"result":{"message_id":11167,"sender_chat":{"id":-1001921335158,"title":"\ud83d\udc0d\ud83d\udce9\ud83d\udc0d G4 status \ud83d\udc0d\ud83d\udce9\ud83d\udc0d","username":"ilmiobotpernotifiche","type":"channel"},"chat":{"id":-1001921335158,"title":"\ud83d\udc0d\ud83d\udce9\ud83d\udc0d G4 status \ud83d\udc0d\ud83d\udce9\ud83d\udc0d","username":"ilmiobotpernotifiche","type":"channel"},"date":1692992096,"text":"Statistics\nEvents processed\n2700000 / 42000000\n.ooo00ooo..ooo00ooo.\nF0:  20e%  10e%  60e%  40e%  -  10e%  30e%  20e%  40e%  30e%  20e%  -  20e%  20e%  -  50e%  20e%  30e%  30e%  10e%  -  40e%  -  30e%  50e%  20e%  40e%  -  30e%  -  50e%  20e%  30e%  10e%  -  40e%  10e%  30e%  30e%  30e%  -  -  40e%  40e%  40e%  40e%  -  -  -  10e%  -  30e%  30e%  10e%  30e%  30e%  30e%  -  30e%  20e%  30e%  40e%  30e%  30e%  -  40e%  30e%  -  40e%  10e% \n\nF1:  30e%  50e%  30e%  20e%  20e%  -  20e%  30e%  30e%  20e%  -  50e%  10e%  20e%  30e%  30e%  30e%  -  -  -  10e%  -  40e%  30e%  20e%  30e%  20e%  -  -  50e%  10e%  40e%  20e%  40e%  30e%  30e%  -  -  20e%  30e%  10e%  40e%  10e%  -  20e%  10e%  10e%  -  10e%  30e%  50e%  -  30e%  50e%  40e%  -  20e%  -  10e%  20e%  -  20e%  40e%  -  10e%  30e%  30e%  -  10e%  10e% \n\n.ooo00ooo..ooo00ooo.\nTot Percentage: 6.428571428571429\nTime elapsed: 60.02277994155884 seconds","entities":[{"offset":0,"length":10,"type":"bold"},{"offset":11,"length":16,"type":"bold"},{"offset":47,"length":20,"type":"bold"},{"offset":815,"length":20,"type":"bold"},{"offset":836,"length":14,"type":"bold"},{"offset":870,"length":12,"type":"bold"}]}}
<b>Statistics</b>
<b>Events processed</b>
2700000 / 42000000
<b>.ooo00ooo..ooo00ooo.</b>
F0:  20e%  10e%  60e%  40e%  -  10e%  30e%  20e%  40e%  30e%  20e%  -  20e%  20e%  -  50e%  20e%  30e%  30e%  10e%  -  40e%  -  30e%  50e%  20e%  40e%  -  30e%  -  50e%  20e%  30e%  10e%  -  40e%  10e%  30e%  30e%  30e%  -  -  40e%  40e%  40e%  40e%  -  -  -  10e%  -  30e%  30e%  10e%  30e%  30e%  30e%  -  30e%  20e%  30e%  40e%  30e%  30e%  -  40e%  30e%  -  40e%  10e% 

F1:  30e%  50e%  30e%  20e%  20e%  -  20e%  30e%  30e%  20e%  -  50e%  10e%  20e%  30e%  30e%  30e%  -  -  -  10e%  -  40e%  30e%  20e%  30e%  20e%  -  -  50e%  10e%  40e%  20e%  40e%  30e%  30e%  -  -  20e%  30e%  10e%  40e%  10e%  -  20e%  10e%  10e%  -  10e%  30e%  50e%  -  30e%  50e%  40e%  -  20e%  -  10e%  20e%  -  20e%  40e%  -  10e%  30e%  30e%  -  10e%  10e% 

<b>.ooo00ooo..ooo00ooo.</b>
<b>Tot Percentage</b>: 6.428571428571429
<b>Time elapsed</b>: 60.02277994155884 seconds

{"ok":true,"result":{"message_id":11175,"sender_chat":{"id":-1001921335158,"title":"\ud83d\udc0d\ud83d\udce9\ud83d\udc0d G4 status \ud83d\udc0d\ud83d\udce9\ud83d\udc0d","username":"ilmiobotpernotifiche","type":"channel"},"chat":{"id":-1001921335158,"title":"\ud83d\udc0d\ud83d\udce9\ud83d\udc0d G4 status \ud83d\udc0d\ud83d\udce9\ud83d\udc0d","username":"ilmiobotpernotifiche","type":"channel"},"date":1692992237,"text":"Statistics\nEvents processed\n17260000 / 42000000\n.ooo00ooo..ooo00ooo.\nF0:  20e%  20e%  60e%  50e%  -  20e%  40e%  20e%  40e%  40e%  30e%  -  30e%  20e%  -  60e%  20e%  30e%  30e%  10e%  -  50e%  -  40e%  60e%  30e%  40e%  -  30e%  -  60e%  30e%  30e%  10e%  -  50e%  10e%  30e%  30e%  30e%  -  -  40e%  40e%  50e%  50e%  -  -  -  10e%  -  30e%  30e%  10e%  40e%  30e%  30e%  -  40e%  30e%  30e%  50e%  30e%  40e%  -  40e%  30e%  -  50e%  10e% \n\nF1:  30e%  50e%  30e%  20e%  20e%  -  70p%  80p%  80p%  70p%  -  100p%  50p%  50p%  60p%  70a%  90p%  20p%  30p%  -  30p%  -  100p%  80p%  40p%  90p%  50p%  -  -  10a%  50p%  100p%  50p%  100p%  80p%  80p%  40p%  -  50p%  50p%  50p%  90p%  30p%  -  40p%  40p%  40p%  20p%  50p%  90p%  10a%  -  80p%  10a%  100p%  -  70p%  -  60p%  40p%  -  70p%  100p%  -  40p%  60p%  50p%  -  30p%  40p% \n\n.ooo00ooo..ooo00ooo.\nTot Percentage: 41.095238095238095\nTime elapsed: 200.75101447105408 seconds","entities":[{"offset":0,"length":10,"type":"bold"},{"offset":11,"length":16,"type":"bold"},{"offset":48,"length":20,"type":"bold"},{"offset":834,"length":20,"type":"bold"},{"offset":855,"length":14,"type":"bold"},{"offset":890,"length":12,"type":"bold"}]}}
<b>Statistics</b>
<b>Events processed</b>
17260000 / 42000000
<b>.ooo00ooo..ooo00ooo.</b>
F0:  20e%  20e%  60e%  50e%  -  20e%  40e%  20e%  40e%  40e%  30e%  -  30e%  20e%  -  60e%  20e%  30e%  30e%  10e%  -  50e%  -  40e%  60e%  30e%  40e%  -  30e%  -  60e%  30e%  30e%  10e%  -  50e%  10e%  30e%  30e%  30e%  -  -  40e%  40e%  50e%  50e%  -  -  -  10e%  -  30e%  30e%  10e%  40e%  30e%  30e%  -  40e%  30e%  30e%  50e%  30e%  40e%  -  40e%  30e%  -  50e%  10e% 

F1:  30e%  50e%  30e%  20e%  20e%  -  70p%  80p%  80p%  70p%  -  100p%  50p%  50p%  60p%  70a%  90p%  20p%  30p%  -  30p%  -  100p%  80p%  40p%  90p%  50p%  -  -  10a%  50p%  100p%  50p%  100p%  80p%  80p%  40p%  -  50p%  50p%  50p%  90p%  30p%  -  40p%  40p%  40p%  20p%  50p%  90p%  10a%  -  80p%  10a%  100p%  -  70p%  -  60p%  40p%  -  70p%  100p%  -  40p%  60p%  50p%  -  30p%  40p% 

<b>.ooo00ooo..ooo00ooo.</b>
<b>Tot Percentage</b>: 41.095238095238095
<b>Time elapsed</b>: 200.75101447105408 seconds

https://api.telegram.org/bot6170289274:AAFny2C4lJTWQoX6SUR_p7h1_NRM4rVcgCM/sendPhoto
{"ok":true,"result":{"message_id":11177,"sender_chat":{"id":-1001921335158,"title":"\ud83d\udc0d\ud83d\udce9\ud83d\udc0d G4 status \ud83d\udc0d\ud83d\udce9\ud83d\udc0d","username":"ilmiobotpernotifiche","type":"channel"},"chat":{"id":-1001921335158,"title":"\ud83d\udc0d\ud83d\udce9\ud83d\udc0d G4 status \ud83d\udc0d\ud83d\udce9\ud83d\udc0d","username":"ilmiobotpernotifiche","type":"channel"},"date":1692992238,"photo":[{"file_id":"AgACAgQAAx0EcoU_dgACK6lk6QLuWzQ9NtLfz8R44WnpMdbyXgACXrwxG8eKSFOgcIlPK7dbXQEAAwIAA3MAAzAE","file_unique_id":"AQADXrwxG8eKSFN4","file_size":705,"width":90,"height":54},{"file_id":"AgACAgQAAx0EcoU_dgACK6lk6QLuWzQ9NtLfz8R44WnpMdbyXgACXrwxG8eKSFOgcIlPK7dbXQEAAwIAA20AAzAE","file_unique_id":"AQADXrwxG8eKSFNy","file_size":8498,"width":320,"height":192},{"file_id":"AgACAgQAAx0EcoU_dgACK6lk6QLuWzQ9NtLfz8R44WnpMdbyXgACXrwxG8eKSFOgcIlPK7dbXQEAAwIAA3gAAzAE","file_unique_id":"AQADXrwxG8eKSFN9","file_size":30218,"width":800,"height":480},{"file_id":"AgACAgQAAx0EcoU_dgACK6lk6QLuWzQ9NtLfz8R44WnpMdbyXgACXrwxG8eKSFOgcIlPK7dbXQEAAwIAA3kAAzAE","file_unique_id":"AQADXrwxG8eKSFN-","file_size":56550,"width":1280,"height":768},{"file_id":"AgACAgQAAx0EcoU_dgACK6lk6QLuWzQ9NtLfz8R44WnpMdbyXgACXrwxG8eKSFOgcIlPK7dbXQEAAwIAA3cAAzAE","file_unique_id":"AQADXrwxG8eKSFN8","file_size":95236,"width":2000,"height":1200}]}}
{"ok":true,"result":{"message_id":11178,"sender_chat":{"id":-1001921335158,"title":"\ud83d\udc0d\ud83d\udce9\ud83d\udc0d G4 status \ud83d\udc0d\ud83d\udce9\ud83d\udc0d","username":"ilmiobotpernotifiche","type":"channel"},"chat":{"id":-1001921335158,"title":"\ud83d\udc0d\ud83d\udce9\ud83d\udc0d G4 status \ud83d\udc0d\ud83d\udce9\ud83d\udc0d","username":"ilmiobotpernotifiche","type":"channel"},"date":1692992257,"text":"Statistics\nEvents processed\n25640000 / 42000000\n.ooo00ooo..ooo00ooo.\nF0:  100p%  90p%  100a%  100a%  -  10a%  50a%  40a%  80a%  70a%  100a%  -  100a%  30a%  -  100a%  10a%  100a%  70a%  30a%  -  100a%  -  40a%  100a%  20a%  80a%  -  60a%  -  100a%  50a%  70a%  100p%  -  100a%  100p%  60a%  70a%  70a%  20e%  50e%  80a%  80a%  100a%  90a%  -  -  -  20a%  -  70a%  100a%  20a%  30a%  80a%  70a%  80p%  40a%  50a%  70a%  90a%  80a%  100a%  50e%  90a%  80a%  30e%  100a%  90p% \n\nF1:  10a%  30a%  10a%  80p%  70p%  -  90p%  100p%  100p%  90p%  -  30a%  70p%  70p%  90p%  100a%  10a%  50p%  50p%  -  60p%  -  20a%  10a%  60p%  10a%  70p%  -  -  30a%  70p%  20a%  80p%  20a%  100p%  100p%  70p%  -  80p%  70p%  80p%  20a%  50p%  -  60p%  60p%  70p%  40p%  70p%  10a%  30a%  -  100p%  30a%  20a%  -  100p%  -  80p%  70p%  -  90p%  20a%  -  60p%  80p%  80p%  30e%  60p%  70p% \n\n.ooo00ooo..ooo00ooo.\nTot Percentage: 61.04761904761905\nTime elapsed: 220.78004479408264 seconds","entities":[{"offset":0,"length":10,"type":"bold"},{"offset":11,"length":16,"type":"bold"},{"offset":48,"length":20,"type":"bold"},{"offset":870,"length":20,"type":"bold"},{"offset":891,"length":14,"type":"bold"},{"offset":925,"length":12,"type":"bold"}]}}
<b>Statistics</b>
<b>Events processed</b>
25640000 / 42000000
<b>.ooo00ooo..ooo00ooo.</b>
F0:  100p%  90p%  100a%  100a%  -  10a%  50a%  40a%  80a%  70a%  100a%  -  100a%  30a%  -  100a%  10a%  100a%  70a%  30a%  -  100a%  -  40a%  100a%  20a%  80a%  -  60a%  -  100a%  50a%  70a%  100p%  -  100a%  100p%  60a%  70a%  70a%  20e%  50e%  80a%  80a%  100a%  90a%  -  -  -  20a%  -  70a%  100a%  20a%  30a%  80a%  70a%  80p%  40a%  50a%  70a%  90a%  80a%  100a%  50e%  90a%  80a%  30e%  100a%  90p% 

F1:  10a%  30a%  10a%  80p%  70p%  -  90p%  100p%  100p%  90p%  -  30a%  70p%  70p%  90p%  100a%  10a%  50p%  50p%  -  60p%  -  20a%  10a%  60p%  10a%  70p%  -  -  30a%  70p%  20a%  80p%  20a%  100p%  100p%  70p%  -  80p%  70p%  80p%  20a%  50p%  -  60p%  60p%  70p%  40p%  70p%  10a%  30a%  -  100p%  30a%  20a%  -  100p%  -  80p%  70p%  -  90p%  20a%  -  60p%  80p%  80p%  30e%  60p%  70p% 

<b>.ooo00ooo..ooo00ooo.</b>
<b>Tot Percentage</b>: 61.04761904761905
<b>Time elapsed</b>: 220.78004479408264 seconds

{"ok":true,"result":{"message_id":11180,"sender_chat":{"id":-1001921335158,"title":"\ud83d\udc0d\ud83d\udce9\ud83d\udc0d G4 status \ud83d\udc0d\ud83d\udce9\ud83d\udc0d","username":"ilmiobotpernotifiche","type":"channel"},"chat":{"id":-1001921335158,"title":"\ud83d\udc0d\ud83d\udce9\ud83d\udc0d G4 status \ud83d\udc0d\ud83d\udce9\ud83d\udc0d","username":"ilmiobotpernotifiche","type":"channel"},"date":1692992277,"text":"Statistics\nEvents processed\n28540000 / 42000000\n.ooo00ooo..ooo00ooo.\nF0:  40a%  20a%  100a%  100a%  -  40a%  80a%  70a%  100a%  100a%  100a%  -  100a%  60a%  10e%  100a%  50a%  100a%  100a%  60a%  -  100a%  -  70a%  100a%  50a%  100a%  -  90a%  -  100a%  80a%  100a%  40a%  -  100a%  30a%  90a%  100a%  100a%  40e%  80e%  100a%  100a%  100a%  100a%  -  -  20e%  50a%  -  100a%  100a%  50a%  70a%  100a%  100a%  10a%  70a%  80a%  100a%  100a%  100a%  100a%  80e%  100a%  100a%  60e%  100a%  30a% \n\nF1:  40a%  60a%  30a%  100p%  90p%  -  10a%  30a%  30a%  10a%  -  50a%  90p%  90p%  10a%  100a%  40a%  70p%  70p%  -  80p%  -  50a%  30a%  80p%  40a%  100p%  -  -  60a%  100p%  50a%  100p%  50a%  30a%  20a%  90p%  -  100p%  100p%  100p%  50a%  70p%  10e%  80p%  90p%  90p%  60p%  100p%  40a%  60a%  -  30a%  60a%  50a%  -  20a%  10e%  100p%  90p%  -  10a%  50a%  -  90p%  100p%  100p%  60e%  80p%  90p% \n\n.ooo00ooo..ooo00ooo.\nTot Percentage: 67.95238095238095\nTime elapsed: 240.78646898269653 seconds","entities":[{"offset":0,"length":10,"type":"bold"},{"offset":11,"length":16,"type":"bold"},{"offset":48,"length":20,"type":"bold"},{"offset":902,"length":20,"type":"bold"},{"offset":923,"length":14,"type":"bold"},{"offset":957,"length":12,"type":"bold"}]}}
<b>Statistics</b>
<b>Events processed</b>
28540000 / 42000000
<b>.ooo00ooo..ooo00ooo.</b>
F0:  40a%  20a%  100a%  100a%  -  40a%  80a%  70a%  100a%  100a%  100a%  -  100a%  60a%  10e%  100a%  50a%  100a%  100a%  60a%  -  100a%  -  70a%  100a%  50a%  100a%  -  90a%  -  100a%  80a%  100a%  40a%  -  100a%  30a%  90a%  100a%  100a%  40e%  80e%  100a%  100a%  100a%  100a%  -  -  20e%  50a%  -  100a%  100a%  50a%  70a%  100a%  100a%  10a%  70a%  80a%  100a%  100a%  100a%  100a%  80e%  100a%  100a%  60e%  100a%  30a% 

F1:  40a%  60a%  30a%  100p%  90p%  -  10a%  30a%  30a%  10a%  -  50a%  90p%  90p%  10a%  100a%  40a%  70p%  70p%  -  80p%  -  50a%  30a%  80p%  40a%  100p%  -  -  60a%  100p%  50a%  100p%  50a%  30a%  20a%  90p%  -  100p%  100p%  100p%  50a%  70p%  10e%  80p%  90p%  90p%  60p%  100p%  40a%  60a%  -  30a%  60a%  50a%  -  20a%  10e%  100p%  90p%  -  10a%  50a%  -  90p%  100p%  100p%  60e%  80p%  90p% 

<b>.ooo00ooo..ooo00ooo.</b>
<b>Tot Percentage</b>: 67.95238095238095
<b>Time elapsed</b>: 240.78646898269653 seconds

{"ok":true,"result":{"message_id":11183,"sender_chat":{"id":-1001921335158,"title":"\ud83d\udc0d\ud83d\udce9\ud83d\udc0d G4 status \ud83d\udc0d\ud83d\udce9\ud83d\udc0d","username":"ilmiobotpernotifiche","type":"channel"},"chat":{"id":-1001921335158,"title":"\ud83d\udc0d\ud83d\udce9\ud83d\udc0d G4 status \ud83d\udc0d\ud83d\udce9\ud83d\udc0d","username":"ilmiobotpernotifiche","type":"channel"},"date":1692992297,"text":"Statistics\nEvents processed\n32060000 / 42000000\n.ooo00ooo..ooo00ooo.\nF0:  80a%  60a%  100a%  100a%  20e%  80a%  100a%  100a%  100a%  100a%  100a%  -  100a%  100a%  40e%  100a%  80a%  100a%  100a%  100a%  30e%  100a%  20e%  100a%  100a%  90a%  100a%  -  100a%  20e%  100a%  100a%  100a%  70a%  30e%  100a%  60a%  100a%  100a%  100a%  60e%  20p%  100a%  100a%  100a%  100a%  -  -  40e%  90a%  -  100a%  100a%  90a%  100a%  100a%  100a%  50a%  100a%  100a%  100a%  100a%  100a%  100a%  30p%  100a%  100a%  90e%  100a%  60a% \n\nF1:  60a%  90a%  60a%  30a%  10a%  20e%  40a%  60a%  60a%  40a%  20e%  80a%  20a%  20a%  30a%  100a%  70a%  100p%  100p%  30e%  100p%  20e%  70a%  60a%  10a%  60a%  20a%  20e%  20e%  90a%  20a%  80a%  30a%  80a%  50a%  50a%  20a%  -  30a%  20a%  20a%  70a%  100p%  30e%  10a%  10a%  10a%  90p%  20a%  60a%  80a%  20e%  60a%  90a%  80a%  10e%  50a%  30e%  30a%  20a%  10e%  40a%  80a%  -  10a%  30a%  30a%  90e%  10a%  20a% \n\n.ooo00ooo..ooo00ooo.\nTot Percentage: 76.33333333333333\nTime elapsed: 261.0404601097107 seconds","entities":[{"offset":0,"length":10,"type":"bold"},{"offset":11,"length":16,"type":"bold"},{"offset":48,"length":20,"type":"bold"},{"offset":948,"length":20,"type":"bold"},{"offset":969,"length":14,"type":"bold"},{"offset":1003,"length":12,"type":"bold"}]}}
<b>Statistics</b>
<b>Events processed</b>
32060000 / 42000000
<b>.ooo00ooo..ooo00ooo.</b>
F0:  80a%  60a%  100a%  100a%  20e%  80a%  100a%  100a%  100a%  100a%  100a%  -  100a%  100a%  40e%  100a%  80a%  100a%  100a%  100a%  30e%  100a%  20e%  100a%  100a%  90a%  100a%  -  100a%  20e%  100a%  100a%  100a%  70a%  30e%  100a%  60a%  100a%  100a%  100a%  60e%  20p%  100a%  100a%  100a%  100a%  -  -  40e%  90a%  -  100a%  100a%  90a%  100a%  100a%  100a%  50a%  100a%  100a%  100a%  100a%  100a%  100a%  30p%  100a%  100a%  90e%  100a%  60a% 

F1:  60a%  90a%  60a%  30a%  10a%  20e%  40a%  60a%  60a%  40a%  20e%  80a%  20a%  20a%  30a%  100a%  70a%  100p%  100p%  30e%  100p%  20e%  70a%  60a%  10a%  60a%  20a%  20e%  20e%  90a%  20a%  80a%  30a%  80a%  50a%  50a%  20a%  -  30a%  20a%  20a%  70a%  100p%  30e%  10a%  10a%  10a%  90p%  20a%  60a%  80a%  20e%  60a%  90a%  80a%  10e%  50a%  30e%  30a%  20a%  10e%  40a%  80a%  -  10a%  30a%  30a%  90e%  10a%  20a% 

<b>.ooo00ooo..ooo00ooo.</b>
<b>Tot Percentage</b>: 76.33333333333333
<b>Time elapsed</b>: 261.0404601097107 seconds

{"ok":true,"result":{"message_id":11185,"sender_chat":{"id":-1001921335158,"title":"\ud83d\udc0d\ud83d\udce9\ud83d\udc0d G4 status \ud83d\udc0d\ud83d\udce9\ud83d\udc0d","username":"ilmiobotpernotifiche","type":"channel"},"chat":{"id":-1001921335158,"title":"\ud83d\udc0d\ud83d\udce9\ud83d\udc0d G4 status \ud83d\udc0d\ud83d\udce9\ud83d\udc0d","username":"ilmiobotpernotifiche","type":"channel"},"date":1692992317,"text":"Statistics\nEvents processed\n35160000 / 42000000\n.ooo00ooo..ooo00ooo.\nF0:  100a%  100a%  100a%  100a%  40e%  100a%  100a%  100a%  100a%  100a%  100a%  -  100a%  100a%  70e%  100a%  100a%  100a%  100a%  100a%  50e%  100a%  40e%  100a%  100a%  100a%  100a%  -  100a%  50e%  100a%  100a%  100a%  100a%  50e%  100a%  100a%  100a%  100a%  100a%  90e%  90p%  100a%  100a%  100a%  100a%  -  -  60e%  100a%  -  100a%  100a%  100a%  100a%  100a%  100a%  100a%  100a%  100a%  100a%  100a%  100a%  100a%  90p%  100a%  100a%  50p%  100a%  100a% \n\nF1:  90a%  100a%  90a%  50a%  40a%  50e%  70a%  90a%  90a%  70a%  40e%  100a%  40a%  50a%  60a%  100a%  100a%  30a%  30a%  50e%  30a%  40e%  100a%  90a%  40a%  90a%  60a%  40e%  40e%  100a%  50a%  100a%  50a%  100a%  80a%  80a%  40a%  -  60a%  50a%  50a%  100a%  30a%  50e%  40a%  40a%  40a%  20a%  50a%  90a%  100a%  40e%  90a%  100a%  100a%  30e%  80a%  60e%  60a%  50a%  30e%  70a%  100a%  -  50a%  60a%  50a%  30p%  40a%  50a% \n\n.ooo00ooo..ooo00ooo.\nTot Percentage: 83.71428571428571\nTime elapsed: 281.0499358177185 seconds","entities":[{"offset":0,"length":10,"type":"bold"},{"offset":11,"length":16,"type":"bold"},{"offset":48,"length":20,"type":"bold"},{"offset":967,"length":20,"type":"bold"},{"offset":988,"length":14,"type":"bold"},{"offset":1022,"length":12,"type":"bold"}]}}
<b>Statistics</b>
<b>Events processed</b>
35160000 / 42000000
<b>.ooo00ooo..ooo00ooo.</b>
F0:  100a%  100a%  100a%  100a%  40e%  100a%  100a%  100a%  100a%  100a%  100a%  -  100a%  100a%  70e%  100a%  100a%  100a%  100a%  100a%  50e%  100a%  40e%  100a%  100a%  100a%  100a%  -  100a%  50e%  100a%  100a%  100a%  100a%  50e%  100a%  100a%  100a%  100a%  100a%  90e%  90p%  100a%  100a%  100a%  100a%  -  -  60e%  100a%  -  100a%  100a%  100a%  100a%  100a%  100a%  100a%  100a%  100a%  100a%  100a%  100a%  100a%  90p%  100a%  100a%  50p%  100a%  100a% 

F1:  90a%  100a%  90a%  50a%  40a%  50e%  70a%  90a%  90a%  70a%  40e%  100a%  40a%  50a%  60a%  100a%  100a%  30a%  30a%  50e%  30a%  40e%  100a%  90a%  40a%  90a%  60a%  40e%  40e%  100a%  50a%  100a%  50a%  100a%  80a%  80a%  40a%  -  60a%  50a%  50a%  100a%  30a%  50e%  40a%  40a%  40a%  20a%  50a%  90a%  100a%  40e%  90a%  100a%  100a%  30e%  80a%  60e%  60a%  50a%  30e%  70a%  100a%  -  50a%  60a%  50a%  30p%  40a%  50a% 

<b>.ooo00ooo..ooo00ooo.</b>
<b>Tot Percentage</b>: 83.71428571428571
<b>Time elapsed</b>: 281.0499358177185 seconds

{"ok":true,"result":{"message_id":11187,"sender_chat":{"id":-1001921335158,"title":"\ud83d\udc0d\ud83d\udce9\ud83d\udc0d G4 status \ud83d\udc0d\ud83d\udce9\ud83d\udc0d","username":"ilmiobotpernotifiche","type":"channel"},"chat":{"id":-1001921335158,"title":"\ud83d\udc0d\ud83d\udce9\ud83d\udc0d G4 status \ud83d\udc0d\ud83d\udce9\ud83d\udc0d","username":"ilmiobotpernotifiche","type":"channel"},"date":1692992337,"text":"Statistics\nEvents processed\n38360000 / 42000000\n.ooo00ooo..ooo00ooo.\nF0:  100a%  100a%  100a%  100a%  70e%  100a%  100a%  100a%  100a%  100a%  100a%  -  100a%  100a%  10p%  100a%  100a%  100a%  100a%  100a%  90e%  100a%  80e%  100a%  100a%  100a%  100a%  -  100a%  90e%  100a%  100a%  100a%  100a%  80e%  100a%  100a%  100a%  100a%  100a%  40p%  40a%  100a%  100a%  100a%  100a%  -  -  100e%  100a%  -  100a%  100a%  100a%  100a%  100a%  100a%  100a%  100a%  100a%  100a%  100a%  100a%  100a%  40a%  100a%  100a%  10a%  100a%  100a% \n\nF1:  100a%  100a%  100a%  80a%  80a%  80e%  100a%  100a%  100a%  100a%  70e%  100a%  80a%  80a%  100a%  100a%  100a%  60a%  60a%  70e%  70a%  70e%  100a%  100a%  70a%  100a%  90a%  70e%  70e%  100a%  90a%  100a%  90a%  100a%  100a%  100a%  80a%  -  90a%  80a%  90a%  100a%  60a%  80e%  80a%  80a%  80a%  50a%  90a%  100a%  100a%  70e%  100a%  100a%  100a%  60e%  100a%  80e%  100a%  80a%  60e%  100a%  100a%  -  80a%  90a%  90a%  70p%  70a%  80a% \n\n.ooo00ooo..ooo00ooo.\nTot Percentage: 91.33333333333333\nTime elapsed: 301.07439851760864 seconds","entities":[{"offset":0,"length":10,"type":"bold"},{"offset":11,"length":16,"type":"bold"},{"offset":48,"length":20,"type":"bold"},{"offset":984,"length":20,"type":"bold"},{"offset":1005,"length":14,"type":"bold"},{"offset":1039,"length":12,"type":"bold"}]}}
<b>Statistics</b>
<b>Events processed</b>
38360000 / 42000000
<b>.ooo00ooo..ooo00ooo.</b>
F0:  100a%  100a%  100a%  100a%  70e%  100a%  100a%  100a%  100a%  100a%  100a%  -  100a%  100a%  10p%  100a%  100a%  100a%  100a%  100a%  90e%  100a%  80e%  100a%  100a%  100a%  100a%  -  100a%  90e%  100a%  100a%  100a%  100a%  80e%  100a%  100a%  100a%  100a%  100a%  40p%  40a%  100a%  100a%  100a%  100a%  -  -  100e%  100a%  -  100a%  100a%  100a%  100a%  100a%  100a%  100a%  100a%  100a%  100a%  100a%  100a%  100a%  40a%  100a%  100a%  10a%  100a%  100a% 

F1:  100a%  100a%  100a%  80a%  80a%  80e%  100a%  100a%  100a%  100a%  70e%  100a%  80a%  80a%  100a%  100a%  100a%  60a%  60a%  70e%  70a%  70e%  100a%  100a%  70a%  100a%  90a%  70e%  70e%  100a%  90a%  100a%  90a%  100a%  100a%  100a%  80a%  -  90a%  80a%  90a%  100a%  60a%  80e%  80a%  80a%  80a%  50a%  90a%  100a%  100a%  70e%  100a%  100a%  100a%  60e%  100a%  80e%  100a%  80a%  60e%  100a%  100a%  -  80a%  90a%  90a%  70p%  70a%  80a% 

<b>.ooo00ooo..ooo00ooo.</b>
<b>Tot Percentage</b>: 91.33333333333333
<b>Time elapsed</b>: 301.07439851760864 seconds

https://api.telegram.org/bot6170289274:AAFny2C4lJTWQoX6SUR_p7h1_NRM4rVcgCM/sendPhoto
{"ok":true,"result":{"message_id":11189,"sender_chat":{"id":-1001921335158,"title":"\ud83d\udc0d\ud83d\udce9\ud83d\udc0d G4 status \ud83d\udc0d\ud83d\udce9\ud83d\udc0d","username":"ilmiobotpernotifiche","type":"channel"},"chat":{"id":-1001921335158,"title":"\ud83d\udc0d\ud83d\udce9\ud83d\udc0d G4 status \ud83d\udc0d\ud83d\udce9\ud83d\udc0d","username":"ilmiobotpernotifiche","type":"channel"},"date":1692992358,"photo":[{"file_id":"AgACAgQAAx0EcoU_dgACK7Vk6QNmYlprWhCK_EJVeyXayWvtXQACYLwxG8eKSFPfmqHrl8NVnAEAAwIAA3MAAzAE","file_unique_id":"AQADYLwxG8eKSFN4","file_size":659,"width":90,"height":54},{"file_id":"AgACAgQAAx0EcoU_dgACK7Vk6QNmYlprWhCK_EJVeyXayWvtXQACYLwxG8eKSFPfmqHrl8NVnAEAAwIAA20AAzAE","file_unique_id":"AQADYLwxG8eKSFNy","file_size":8144,"width":320,"height":192},{"file_id":"AgACAgQAAx0EcoU_dgACK7Vk6QNmYlprWhCK_EJVeyXayWvtXQACYLwxG8eKSFPfmqHrl8NVnAEAAwIAA3gAAzAE","file_unique_id":"AQADYLwxG8eKSFN9","file_size":29514,"width":800,"height":480},{"file_id":"AgACAgQAAx0EcoU_dgACK7Vk6QNmYlprWhCK_EJVeyXayWvtXQACYLwxG8eKSFPfmqHrl8NVnAEAAwIAA3kAAzAE","file_unique_id":"AQADYLwxG8eKSFN-","file_size":54532,"width":1280,"height":768},{"file_id":"AgACAgQAAx0EcoU_dgACK7Vk6QNmYlprWhCK_EJVeyXayWvtXQACYLwxG8eKSFPfmqHrl8NVnAEAAwIAA3cAAzAE","file_unique_id":"AQADYLwxG8eKSFN8","file_size":92919,"width":2000,"height":1200}]}}
{"ok":true,"result":{"message_id":11191,"sender_chat":{"id":-1001921335158,"title":"\ud83d\udc0d\ud83d\udce9\ud83d\udc0d G4 status \ud83d\udc0d\ud83d\udce9\ud83d\udc0d","username":"ilmiobotpernotifiche","type":"channel"},"chat":{"id":-1001921335158,"title":"\ud83d\udc0d\ud83d\udce9\ud83d\udc0d G4 status \ud83d\udc0d\ud83d\udce9\ud83d\udc0d","username":"ilmiobotpernotifiche","type":"channel"},"date":1692992359,"text":"Statistics\nEvents processed\n39340000 / 42000000\n.ooo00ooo..ooo00ooo.\nF0:  100a%  100a%  100a%  100a%  10p%  100a%  100a%  100a%  100a%  100a%  100a%  -  100a%  100a%  80p%  100a%  100a%  100a%  100a%  100a%  40p%  100a%  40p%  100a%  100a%  100a%  100a%  -  100a%  50p%  100a%  100a%  100a%  100a%  40p%  100a%  100a%  100a%  100a%  100a%  10a%  100a%  100a%  100a%  100a%  100a%  -  -  60p%  100a%  -  100a%  100a%  100a%  100a%  100a%  100a%  100a%  100a%  100a%  100a%  100a%  100a%  100a%  100a%  100a%  100a%  80a%  100a%  100a% \n\nF1:  100a%  100a%  100a%  100a%  100a%  20p%  100a%  100a%  100a%  100a%  100e%  100a%  100a%  100a%  100a%  100a%  100a%  100a%  100a%  10p%  100a%  10p%  100a%  100a%  100a%  100a%  100a%  100e%  100e%  100a%  100a%  100a%  100a%  100a%  100a%  100a%  100a%  -  100a%  100a%  100a%  100a%  100a%  20p%  100a%  100a%  100a%  100a%  100a%  100a%  100a%  100e%  100a%  100a%  100a%  90e%  100a%  20p%  100a%  100a%  90e%  100a%  100a%  -  100a%  100a%  100a%  10a%  100a%  100a% \n\n.ooo00ooo..ooo00ooo.\nTot Percentage: 93.66666666666667\nTime elapsed: 322.3597538471222 seconds","entities":[{"offset":0,"length":10,"type":"bold"},{"offset":11,"length":16,"type":"bold"},{"offset":48,"length":20,"type":"bold"},{"offset":1016,"length":20,"type":"bold"},{"offset":1037,"length":14,"type":"bold"},{"offset":1071,"length":12,"type":"bold"}]}}
<b>Statistics</b>
<b>Events processed</b>
39340000 / 42000000
<b>.ooo00ooo..ooo00ooo.</b>
F0:  100a%  100a%  100a%  100a%  10p%  100a%  100a%  100a%  100a%  100a%  100a%  -  100a%  100a%  80p%  100a%  100a%  100a%  100a%  100a%  40p%  100a%  40p%  100a%  100a%  100a%  100a%  -  100a%  50p%  100a%  100a%  100a%  100a%  40p%  100a%  100a%  100a%  100a%  100a%  10a%  100a%  100a%  100a%  100a%  100a%  -  -  60p%  100a%  -  100a%  100a%  100a%  100a%  100a%  100a%  100a%  100a%  100a%  100a%  100a%  100a%  100a%  100a%  100a%  100a%  80a%  100a%  100a% 

F1:  100a%  100a%  100a%  100a%  100a%  20p%  100a%  100a%  100a%  100a%  100e%  100a%  100a%  100a%  100a%  100a%  100a%  100a%  100a%  10p%  100a%  10p%  100a%  100a%  100a%  100a%  100a%  100e%  100e%  100a%  100a%  100a%  100a%  100a%  100a%  100a%  100a%  -  100a%  100a%  100a%  100a%  100a%  20p%  100a%  100a%  100a%  100a%  100a%  100a%  100a%  100e%  100a%  100a%  100a%  90e%  100a%  20p%  100a%  100a%  90e%  100a%  100a%  -  100a%  100a%  100a%  10a%  100a%  100a% 

<b>.ooo00ooo..ooo00ooo.</b>
<b>Tot Percentage</b>: 93.66666666666667
<b>Time elapsed</b>: 322.3597538471222 seconds

{"ok":true,"result":{"message_id":11193,"sender_chat":{"id":-1001921335158,"title":"\ud83d\udc0d\ud83d\udce9\ud83d\udc0d G4 status \ud83d\udc0d\ud83d\udce9\ud83d\udc0d","username":"ilmiobotpernotifiche","type":"channel"},"chat":{"id":-1001921335158,"title":"\ud83d\udc0d\ud83d\udce9\ud83d\udc0d G4 status \ud83d\udc0d\ud83d\udce9\ud83d\udc0d","username":"ilmiobotpernotifiche","type":"channel"},"date":1692992392,"text":"Statistics\nEvents processed\n40000000 / 42000000\n.ooo00ooo..ooo00ooo.\nF0:  100a%  100a%  100a%  100a%  10p%  100a%  100a%  100a%  100a%  100a%  100a%  -  100a%  100a%  80p%  100a%  100a%  100a%  100a%  100a%  50p%  100a%  40p%  100a%  100a%  100a%  100a%  -  100a%  60p%  100a%  100a%  100a%  100a%  40p%  100a%  100a%  100a%  100a%  100a%  10a%  100a%  100a%  100a%  100a%  100a%  -  -  70p%  100a%  -  100a%  100a%  100a%  100a%  100a%  100a%  100a%  100a%  100a%  100a%  100a%  100a%  100a%  100a%  100a%  100a%  100a%  100a%  100a% \n\nF1:  100a%  100a%  100a%  100a%  100a%  90p%  100a%  100a%  100a%  100a%  70p%  100a%  100a%  100a%  100a%  100a%  100a%  100a%  100a%  80p%  100a%  80p%  100a%  100a%  100a%  100a%  100a%  70p%  70p%  100a%  100a%  100a%  100a%  100a%  100a%  100a%  100a%  -  100a%  100a%  100a%  100a%  100a%  80p%  100a%  100a%  100a%  100a%  100a%  100a%  100a%  60p%  100a%  100a%  100a%  60p%  100a%  90p%  100a%  100a%  60p%  100a%  100a%  -  100a%  100a%  100a%  90a%  100a%  100a% \n\n.ooo00ooo..ooo00ooo.\nTot Percentage: 95.23809523809524\nTime elapsed: 355.69289660453796 seconds","entities":[{"offset":0,"length":10,"type":"bold"},{"offset":11,"length":16,"type":"bold"},{"offset":48,"length":20,"type":"bold"},{"offset":1013,"length":20,"type":"bold"},{"offset":1034,"length":14,"type":"bold"},{"offset":1068,"length":12,"type":"bold"}]}}
<b>Statistics</b>
<b>Events processed</b>
40000000 / 42000000
<b>.ooo00ooo..ooo00ooo.</b>
F0:  100a%  100a%  100a%  100a%  10p%  100a%  100a%  100a%  100a%  100a%  100a%  -  100a%  100a%  80p%  100a%  100a%  100a%  100a%  100a%  50p%  100a%  40p%  100a%  100a%  100a%  100a%  -  100a%  60p%  100a%  100a%  100a%  100a%  40p%  100a%  100a%  100a%  100a%  100a%  10a%  100a%  100a%  100a%  100a%  100a%  -  -  70p%  100a%  -  100a%  100a%  100a%  100a%  100a%  100a%  100a%  100a%  100a%  100a%  100a%  100a%  100a%  100a%  100a%  100a%  100a%  100a%  100a% 

F1:  100a%  100a%  100a%  100a%  100a%  90p%  100a%  100a%  100a%  100a%  70p%  100a%  100a%  100a%  100a%  100a%  100a%  100a%  100a%  80p%  100a%  80p%  100a%  100a%  100a%  100a%  100a%  70p%  70p%  100a%  100a%  100a%  100a%  100a%  100a%  100a%  100a%  -  100a%  100a%  100a%  100a%  100a%  80p%  100a%  100a%  100a%  100a%  100a%  100a%  100a%  60p%  100a%  100a%  100a%  60p%  100a%  90p%  100a%  100a%  60p%  100a%  100a%  -  100a%  100a%  100a%  90a%  100a%  100a% 

<b>.ooo00ooo..ooo00ooo.</b>
<b>Tot Percentage</b>: 95.23809523809524
<b>Time elapsed</b>: 355.69289660453796 seconds

{"ok":true,"result":{"message_id":11194,"sender_chat":{"id":-1001921335158,"title":"\ud83d\udc0d\ud83d\udce9\ud83d\udc0d G4 status \ud83d\udc0d\ud83d\udce9\ud83d\udc0d","username":"ilmiobotpernotifiche","type":"channel"},"chat":{"id":-1001921335158,"title":"\ud83d\udc0d\ud83d\udce9\ud83d\udc0d G4 status \ud83d\udc0d\ud83d\udce9\ud83d\udc0d","username":"ilmiobotpernotifiche","type":"channel"},"date":1692992412,"text":"Statistics\nEvents processed\n39340000 / 42000000\n.ooo00ooo..ooo00ooo.\nF0:  100a%  100a%  100a%  100a%  60a%  100a%  100a%  100a%  100a%  100a%  100a%  -  100a%  100a%  100a%  100a%  100a%  100a%  100a%  100a%  100a%  100a%  100a%  100a%  100a%  100a%  100a%  -  100a%  100a%  100a%  100a%  100a%  100a%  90a%  100a%  100a%  100a%  100a%  100a%  100a%  100a%  100a%  100a%  100a%  100a%  -  -  100a%  100a%  -  100a%  100a%  100a%  100a%  100a%  100a%  100a%  100a%  100a%  100a%  100a%  100a%  100a%  100a%  100a%  100a%  100a%  100a%  100a% \n\nF1:  100a%  100a%  100a%  100a%  100a%  30a%  100a%  100a%  100a%  100a%  10a%  100a%  100a%  100a%  100a%  100a%  100a%  100a%  100a%  20a%  100a%  30a%  100a%  100a%  100a%  100a%  100a%  10a%  10a%  100a%  100a%  100a%  100a%  100a%  100a%  100a%  100a%  -  100a%  100a%  100a%  100a%  100a%  20a%  100a%  100a%  100a%  100a%  100a%  100a%  100a%  10a%  100a%  100a%  100a%  100p%  100a%  30a%  100a%  100a%  100p%  100a%  100a%  -  100a%  100a%  100a%  100a%  100a%  100a% \n\n.ooo00ooo..ooo00ooo.\nTot Percentage: 93.66666666666667\nTime elapsed: 375.6972804069519 seconds","entities":[{"offset":0,"length":10,"type":"bold"},{"offset":11,"length":16,"type":"bold"},{"offset":48,"length":20,"type":"bold"},{"offset":1022,"length":20,"type":"bold"},{"offset":1043,"length":14,"type":"bold"},{"offset":1077,"length":12,"type":"bold"}]}}
<b>Statistics</b>
<b>Events processed</b>
39340000 / 42000000
<b>.ooo00ooo..ooo00ooo.</b>
F0:  100a%  100a%  100a%  100a%  60a%  100a%  100a%  100a%  100a%  100a%  100a%  -  100a%  100a%  100a%  100a%  100a%  100a%  100a%  100a%  100a%  100a%  100a%  100a%  100a%  100a%  100a%  -  100a%  100a%  100a%  100a%  100a%  100a%  90a%  100a%  100a%  100a%  100a%  100a%  100a%  100a%  100a%  100a%  100a%  100a%  -  -  100a%  100a%  -  100a%  100a%  100a%  100a%  100a%  100a%  100a%  100a%  100a%  100a%  100a%  100a%  100a%  100a%  100a%  100a%  100a%  100a%  100a% 

F1:  100a%  100a%  100a%  100a%  100a%  30a%  100a%  100a%  100a%  100a%  10a%  100a%  100a%  100a%  100a%  100a%  100a%  100a%  100a%  20a%  100a%  30a%  100a%  100a%  100a%  100a%  100a%  10a%  10a%  100a%  100a%  100a%  100a%  100a%  100a%  100a%  100a%  -  100a%  100a%  100a%  100a%  100a%  20a%  100a%  100a%  100a%  100a%  100a%  100a%  100a%  10a%  100a%  100a%  100a%  100p%  100a%  30a%  100a%  100a%  100p%  100a%  100a%  -  100a%  100a%  100a%  100a%  100a%  100a% 

<b>.ooo00ooo..ooo00ooo.</b>
<b>Tot Percentage</b>: 93.66666666666667
<b>Time elapsed</b>: 375.6972804069519 seconds

{"ok":true,"result":{"message_id":11197,"sender_chat":{"id":-1001921335158,"title":"\ud83d\udc0d\ud83d\udce9\ud83d\udc0d G4 status \ud83d\udc0d\ud83d\udce9\ud83d\udc0d","username":"ilmiobotpernotifiche","type":"channel"},"chat":{"id":-1001921335158,"title":"\ud83d\udc0d\ud83d\udce9\ud83d\udc0d G4 status \ud83d\udc0d\ud83d\udce9\ud83d\udc0d","username":"ilmiobotpernotifiche","type":"channel"},"date":1692992432,"text":"Statistics\nEvents processed\n39860000 / 42000000\n.ooo00ooo..ooo00ooo.\nF0:  100a%  100a%  100a%  100a%  100a%  100a%  100a%  100a%  100a%  100a%  100a%  -  100a%  100a%  100a%  100a%  100a%  100a%  100a%  100a%  100a%  100a%  100a%  100a%  100a%  100a%  100a%  -  100a%  100a%  100a%  100a%  100a%  100a%  100a%  100a%  100a%  100a%  100a%  100a%  100a%  100a%  100a%  100a%  100a%  100a%  -  -  100a%  100a%  -  100a%  100a%  100a%  100a%  100a%  100a%  100a%  100a%  100a%  100a%  100a%  100a%  100a%  100a%  100a%  100a%  100a%  100a%  100a% \n\nF1:  100a%  100a%  100a%  100a%  100a%  70a%  100a%  100a%  100a%  100a%  50a%  100a%  100a%  100a%  100a%  100a%  100a%  100a%  100a%  60a%  100a%  80a%  100a%  100a%  100a%  100a%  100a%  50a%  50a%  100a%  100a%  100a%  100a%  100a%  100a%  100a%  100a%  -  100a%  100a%  100a%  100a%  100a%  60a%  100a%  100a%  100a%  100a%  100a%  100a%  100a%  50a%  100a%  100a%  100a%  50a%  100a%  70a%  100a%  100a%  40a%  100a%  100a%  -  100a%  100a%  100a%  100a%  100a%  100a% \n\n.ooo00ooo..ooo00ooo.\nTot Percentage: 94.9047619047619\nTime elapsed: 395.70451378822327 seconds","entities":[{"offset":0,"length":10,"type":"bold"},{"offset":11,"length":16,"type":"bold"},{"offset":48,"length":20,"type":"bold"},{"offset":1022,"length":20,"type":"bold"},{"offset":1043,"length":14,"type":"bold"},{"offset":1076,"length":12,"type":"bold"}]}}
<b>Statistics</b>
<b>Events processed</b>
39860000 / 42000000
<b>.ooo00ooo..ooo00ooo.</b>
F0:  100a%  100a%  100a%  100a%  100a%  100a%  100a%  100a%  100a%  100a%  100a%  -  100a%  100a%  100a%  100a%  100a%  100a%  100a%  100a%  100a%  100a%  100a%  100a%  100a%  100a%  100a%  -  100a%  100a%  100a%  100a%  100a%  100a%  100a%  100a%  100a%  100a%  100a%  100a%  100a%  100a%  100a%  100a%  100a%  100a%  -  -  100a%  100a%  -  100a%  100a%  100a%  100a%  100a%  100a%  100a%  100a%  100a%  100a%  100a%  100a%  100a%  100a%  100a%  100a%  100a%  100a%  100a% 

F1:  100a%  100a%  100a%  100a%  100a%  70a%  100a%  100a%  100a%  100a%  50a%  100a%  100a%  100a%  100a%  100a%  100a%  100a%  100a%  60a%  100a%  80a%  100a%  100a%  100a%  100a%  100a%  50a%  50a%  100a%  100a%  100a%  100a%  100a%  100a%  100a%  100a%  -  100a%  100a%  100a%  100a%  100a%  60a%  100a%  100a%  100a%  100a%  100a%  100a%  100a%  50a%  100a%  100a%  100a%  50a%  100a%  70a%  100a%  100a%  40a%  100a%  100a%  -  100a%  100a%  100a%  100a%  100a%  100a% 

<b>.ooo00ooo..ooo00ooo.</b>
<b>Tot Percentage</b>: 94.9047619047619
<b>Time elapsed</b>: 395.70451378822327 seconds

{"ok":true,"result":{"message_id":11199,"sender_chat":{"id":-1001921335158,"title":"\ud83d\udc0d\ud83d\udce9\ud83d\udc0d G4 status \ud83d\udc0d\ud83d\udce9\ud83d\udc0d","username":"ilmiobotpernotifiche","type":"channel"},"chat":{"id":-1001921335158,"title":"\ud83d\udc0d\ud83d\udce9\ud83d\udc0d G4 status \ud83d\udc0d\ud83d\udce9\ud83d\udc0d","username":"ilmiobotpernotifiche","type":"channel"},"date":1692992452,"text":"Statistics\nEvents processed\n40700000 / 42000000\n.ooo00ooo..ooo00ooo.\nF0:  100a%  100a%  100a%  100a%  100a%  100a%  100a%  100a%  100a%  100a%  100a%  -  100a%  100a%  100a%  100a%  100a%  100a%  100a%  100a%  100a%  100a%  100a%  100a%  100a%  100a%  100a%  -  100a%  100a%  100a%  100a%  100a%  100a%  100a%  100a%  100a%  100a%  100a%  100a%  100a%  100a%  100a%  100a%  100a%  100a%  -  -  100a%  100a%  -  100a%  100a%  100a%  100a%  100a%  100a%  100a%  100a%  100a%  100a%  100a%  100a%  100a%  100a%  100a%  100a%  100a%  100a%  100a% \n\nF1:  100a%  100a%  100a%  100a%  100a%  100a%  100a%  100a%  100a%  100a%  90a%  100a%  100a%  100a%  100a%  100a%  100a%  100a%  100a%  100a%  100a%  100a%  100a%  100a%  100a%  100a%  100a%  100a%  100a%  100a%  100a%  100a%  100a%  100a%  100a%  100a%  100a%  -  100a%  100a%  100a%  100a%  100a%  100a%  100a%  100a%  100a%  100a%  100a%  100a%  100a%  90a%  100a%  100a%  100a%  90a%  100a%  100a%  100a%  100a%  80a%  100a%  100a%  -  100a%  100a%  100a%  100a%  100a%  100a% \n\n.ooo00ooo..ooo00ooo.\nTot Percentage: 96.9047619047619\nTime elapsed: 415.7116141319275 seconds","entities":[{"offset":0,"length":10,"type":"bold"},{"offset":11,"length":16,"type":"bold"},{"offset":48,"length":20,"type":"bold"},{"offset":1029,"length":20,"type":"bold"},{"offset":1050,"length":14,"type":"bold"},{"offset":1083,"length":12,"type":"bold"}]}}
<b>Statistics</b>
<b>Events processed</b>
40700000 / 42000000
<b>.ooo00ooo..ooo00ooo.</b>
F0:  100a%  100a%  100a%  100a%  100a%  100a%  100a%  100a%  100a%  100a%  100a%  -  100a%  100a%  100a%  100a%  100a%  100a%  100a%  100a%  100a%  100a%  100a%  100a%  100a%  100a%  100a%  -  100a%  100a%  100a%  100a%  100a%  100a%  100a%  100a%  100a%  100a%  100a%  100a%  100a%  100a%  100a%  100a%  100a%  100a%  -  -  100a%  100a%  -  100a%  100a%  100a%  100a%  100a%  100a%  100a%  100a%  100a%  100a%  100a%  100a%  100a%  100a%  100a%  100a%  100a%  100a%  100a% 

F1:  100a%  100a%  100a%  100a%  100a%  100a%  100a%  100a%  100a%  100a%  90a%  100a%  100a%  100a%  100a%  100a%  100a%  100a%  100a%  100a%  100a%  100a%  100a%  100a%  100a%  100a%  100a%  100a%  100a%  100a%  100a%  100a%  100a%  100a%  100a%  100a%  100a%  -  100a%  100a%  100a%  100a%  100a%  100a%  100a%  100a%  100a%  100a%  100a%  100a%  100a%  90a%  100a%  100a%  100a%  90a%  100a%  100a%  100a%  100a%  80a%  100a%  100a%  -  100a%  100a%  100a%  100a%  100a%  100a% 

<b>.ooo00ooo..ooo00ooo.</b>
<b>Tot Percentage</b>: 96.9047619047619
<b>Time elapsed</b>: 415.7116141319275 seconds

{"ok":true,"result":{"message_id":11201,"sender_chat":{"id":-1001921335158,"title":"\ud83d\udc0d\ud83d\udce9\ud83d\udc0d G4 status \ud83d\udc0d\ud83d\udce9\ud83d\udc0d","username":"ilmiobotpernotifiche","type":"channel"},"chat":{"id":-1001921335158,"title":"\ud83d\udc0d\ud83d\udce9\ud83d\udc0d G4 status \ud83d\udc0d\ud83d\udce9\ud83d\udc0d","username":"ilmiobotpernotifiche","type":"channel"},"date":1692992472,"text":"Statistics\nEvents processed\n40800000 / 42000000\n.ooo00ooo..ooo00ooo.\nF0:  100a%  100a%  100a%  100a%  100a%  100a%  100a%  100a%  100a%  100a%  100a%  -  100a%  100a%  100a%  100a%  100a%  100a%  100a%  100a%  100a%  100a%  100a%  100a%  100a%  100a%  100a%  -  100a%  100a%  100a%  100a%  100a%  100a%  100a%  100a%  100a%  100a%  100a%  100a%  100a%  100a%  100a%  100a%  100a%  100a%  -  -  100a%  100a%  -  100a%  100a%  100a%  100a%  100a%  100a%  100a%  100a%  100a%  100a%  100a%  100a%  100a%  100a%  100a%  100a%  100a%  100a%  100a% \n\nF1:  100a%  100a%  100a%  100a%  100a%  100a%  100a%  100a%  100a%  100a%  100a%  100a%  100a%  100a%  100a%  100a%  100a%  100a%  100a%  100a%  100a%  100a%  100a%  100a%  100a%  100a%  100a%  100a%  100a%  100a%  100a%  100a%  100a%  100a%  100a%  100a%  100a%  -  100a%  100a%  100a%  100a%  100a%  100a%  100a%  100a%  100a%  100a%  100a%  100a%  100a%  100a%  100a%  100a%  100a%  100a%  100a%  100a%  100a%  100a%  100a%  100a%  100a%  -  100a%  100a%  100a%  100a%  100a%  100a% \n\n.ooo00ooo..ooo00ooo.\nTot Percentage: 97.14285714285714\nTime elapsed: 435.7216773033142 seconds","entities":[{"offset":0,"length":10,"type":"bold"},{"offset":11,"length":16,"type":"bold"},{"offset":48,"length":20,"type":"bold"},{"offset":1033,"length":20,"type":"bold"},{"offset":1054,"length":14,"type":"bold"},{"offset":1088,"length":12,"type":"bold"}]}}
<b>Statistics</b>
<b>Events processed</b>
40800000 / 42000000
<b>.ooo00ooo..ooo00ooo.</b>
F0:  100a%  100a%  100a%  100a%  100a%  100a%  100a%  100a%  100a%  100a%  100a%  -  100a%  100a%  100a%  100a%  100a%  100a%  100a%  100a%  100a%  100a%  100a%  100a%  100a%  100a%  100a%  -  100a%  100a%  100a%  100a%  100a%  100a%  100a%  100a%  100a%  100a%  100a%  100a%  100a%  100a%  100a%  100a%  100a%  100a%  -  -  100a%  100a%  -  100a%  100a%  100a%  100a%  100a%  100a%  100a%  100a%  100a%  100a%  100a%  100a%  100a%  100a%  100a%  100a%  100a%  100a%  100a% 

F1:  100a%  100a%  100a%  100a%  100a%  100a%  100a%  100a%  100a%  100a%  100a%  100a%  100a%  100a%  100a%  100a%  100a%  100a%  100a%  100a%  100a%  100a%  100a%  100a%  100a%  100a%  100a%  100a%  100a%  100a%  100a%  100a%  100a%  100a%  100a%  100a%  100a%  -  100a%  100a%  100a%  100a%  100a%  100a%  100a%  100a%  100a%  100a%  100a%  100a%  100a%  100a%  100a%  100a%  100a%  100a%  100a%  100a%  100a%  100a%  100a%  100a%  100a%  -  100a%  100a%  100a%  100a%  100a%  100a% 

<b>.ooo00ooo..ooo00ooo.</b>
<b>Tot Percentage</b>: 97.14285714285714
<b>Time elapsed</b>: 435.7216773033142 seconds

https://api.telegram.org/bot6170289274:AAFny2C4lJTWQoX6SUR_p7h1_NRM4rVcgCM/sendPhoto
{"ok":true,"result":{"message_id":11202,"sender_chat":{"id":-1001921335158,"title":"\ud83d\udc0d\ud83d\udce9\ud83d\udc0d G4 status \ud83d\udc0d\ud83d\udce9\ud83d\udc0d","username":"ilmiobotpernotifiche","type":"channel"},"chat":{"id":-1001921335158,"title":"\ud83d\udc0d\ud83d\udce9\ud83d\udc0d G4 status \ud83d\udc0d\ud83d\udce9\ud83d\udc0d","username":"ilmiobotpernotifiche","type":"channel"},"date":1692992478,"photo":[{"file_id":"AgACAgQAAx0EcoU_dgACK8Jk6QPdUZEZjaVqkPh58dIqJF399gACY7wxG8eKSFNnB93jE1qYrAEAAwIAA3MAAzAE","file_unique_id":"AQADY7wxG8eKSFN4","file_size":686,"width":90,"height":54},{"file_id":"AgACAgQAAx0EcoU_dgACK8Jk6QPdUZEZjaVqkPh58dIqJF399gACY7wxG8eKSFNnB93jE1qYrAEAAwIAA20AAzAE","file_unique_id":"AQADY7wxG8eKSFNy","file_size":8122,"width":320,"height":192},{"file_id":"AgACAgQAAx0EcoU_dgACK8Jk6QPdUZEZjaVqkPh58dIqJF399gACY7wxG8eKSFNnB93jE1qYrAEAAwIAA3gAAzAE","file_unique_id":"AQADY7wxG8eKSFN9","file_size":29301,"width":800,"height":480},{"file_id":"AgACAgQAAx0EcoU_dgACK8Jk6QPdUZEZjaVqkPh58dIqJF399gACY7wxG8eKSFNnB93jE1qYrAEAAwIAA3kAAzAE","file_unique_id":"AQADY7wxG8eKSFN-","file_size":51798,"width":1280,"height":768},{"file_id":"AgACAgQAAx0EcoU_dgACK8Jk6QPdUZEZjaVqkPh58dIqJF399gACY7wxG8eKSFNnB93jE1qYrAEAAwIAA3cAAzAE","file_unique_id":"AQADY7wxG8eKSFN8","file_size":89992,"width":2000,"height":1200}]}}
{"ok":true,"result":{"message_id":11204,"sender_chat":{"id":-1001921335158,"title":"\ud83d\udc0d\ud83d\udce9\ud83d\udc0d G4 status \ud83d\udc0d\ud83d\udce9\ud83d\udc0d","username":"ilmiobotpernotifiche","type":"channel"},"chat":{"id":-1001921335158,"title":"\ud83d\udc0d\ud83d\udce9\ud83d\udc0d G4 status \ud83d\udc0d\ud83d\udce9\ud83d\udc0d","username":"ilmiobotpernotifiche","type":"channel"},"date":1692992492,"text":"Statistics\nEvents processed\n40800000 / 42000000\n.ooo00ooo..ooo00ooo.\nF0:  100a%  100a%  100a%  100a%  100a%  100a%  100a%  100a%  100a%  100a%  100a%  -  100a%  100a%  100a%  100a%  100a%  100a%  100a%  100a%  100a%  100a%  100a%  100a%  100a%  100a%  100a%  -  100a%  100a%  100a%  100a%  100a%  100a%  100a%  100a%  100a%  100a%  100a%  100a%  100a%  100a%  100a%  100a%  100a%  100a%  -  -  100a%  100a%  -  100a%  100a%  100a%  100a%  100a%  100a%  100a%  100a%  100a%  100a%  100a%  100a%  100a%  100a%  100a%  100a%  100a%  100a%  100a% \n\nF1:  100a%  100a%  100a%  100a%  100a%  100a%  100a%  100a%  100a%  100a%  100a%  100a%  100a%  100a%  100a%  100a%  100a%  100a%  100a%  100a%  100a%  100a%  100a%  100a%  100a%  100a%  100a%  100a%  100a%  100a%  100a%  100a%  100a%  100a%  100a%  100a%  100a%  -  100a%  100a%  100a%  100a%  100a%  100a%  100a%  100a%  100a%  100a%  100a%  100a%  100a%  100a%  100a%  100a%  100a%  100a%  100a%  100a%  100a%  100a%  100a%  100a%  100a%  -  100a%  100a%  100a%  100a%  100a%  100a% \n\n.ooo00ooo..ooo00ooo.\nTot Percentage: 97.14285714285714\nTime elapsed: 455.730299949646 seconds","entities":[{"offset":0,"length":10,"type":"bold"},{"offset":11,"length":16,"type":"bold"},{"offset":48,"length":20,"type":"bold"},{"offset":1033,"length":20,"type":"bold"},{"offset":1054,"length":14,"type":"bold"},{"offset":1088,"length":12,"type":"bold"}]}}
<b>Statistics</b>
<b>Events processed</b>
40800000 / 42000000
<b>.ooo00ooo..ooo00ooo.</b>
F0:  100a%  100a%  100a%  100a%  100a%  100a%  100a%  100a%  100a%  100a%  100a%  -  100a%  100a%  100a%  100a%  100a%  100a%  100a%  100a%  100a%  100a%  100a%  100a%  100a%  100a%  100a%  -  100a%  100a%  100a%  100a%  100a%  100a%  100a%  100a%  100a%  100a%  100a%  100a%  100a%  100a%  100a%  100a%  100a%  100a%  -  -  100a%  100a%  -  100a%  100a%  100a%  100a%  100a%  100a%  100a%  100a%  100a%  100a%  100a%  100a%  100a%  100a%  100a%  100a%  100a%  100a%  100a% 

F1:  100a%  100a%  100a%  100a%  100a%  100a%  100a%  100a%  100a%  100a%  100a%  100a%  100a%  100a%  100a%  100a%  100a%  100a%  100a%  100a%  100a%  100a%  100a%  100a%  100a%  100a%  100a%  100a%  100a%  100a%  100a%  100a%  100a%  100a%  100a%  100a%  100a%  -  100a%  100a%  100a%  100a%  100a%  100a%  100a%  100a%  100a%  100a%  100a%  100a%  100a%  100a%  100a%  100a%  100a%  100a%  100a%  100a%  100a%  100a%  100a%  100a%  100a%  -  100a%  100a%  100a%  100a%  100a%  100a% 

<b>.ooo00ooo..ooo00ooo.</b>
<b>Tot Percentage</b>: 97.14285714285714
<b>Time elapsed</b>: 455.730299949646 seconds

{"ok":true,"result":{"message_id":11206,"sender_chat":{"id":-1001921335158,"title":"\ud83d\udc0d\ud83d\udce9\ud83d\udc0d G4 status \ud83d\udc0d\ud83d\udce9\ud83d\udc0d","username":"ilmiobotpernotifiche","type":"channel"},"chat":{"id":-1001921335158,"title":"\ud83d\udc0d\ud83d\udce9\ud83d\udc0d G4 status \ud83d\udc0d\ud83d\udce9\ud83d\udc0d","username":"ilmiobotpernotifiche","type":"channel"},"date":1692992512,"text":"Statistics\nEvents processed\n40800000 / 42000000\n.ooo00ooo..ooo00ooo.\nF0:  100a%  100a%  100a%  100a%  100a%  100a%  100a%  100a%  100a%  100a%  100a%  -  100a%  100a%  100a%  100a%  100a%  100a%  100a%  100a%  100a%  100a%  100a%  100a%  100a%  100a%  100a%  -  100a%  100a%  100a%  100a%  100a%  100a%  100a%  100a%  100a%  100a%  100a%  100a%  100a%  100a%  100a%  100a%  100a%  100a%  -  -  100a%  100a%  -  100a%  100a%  100a%  100a%  100a%  100a%  100a%  100a%  100a%  100a%  100a%  100a%  100a%  100a%  100a%  100a%  100a%  100a%  100a% \n\nF1:  100a%  100a%  100a%  100a%  100a%  100a%  100a%  100a%  100a%  100a%  100a%  100a%  100a%  100a%  100a%  100a%  100a%  100a%  100a%  100a%  100a%  100a%  100a%  100a%  100a%  100a%  100a%  100a%  100a%  100a%  100a%  100a%  100a%  100a%  100a%  100a%  100a%  -  100a%  100a%  100a%  100a%  100a%  100a%  100a%  100a%  100a%  100a%  100a%  100a%  100a%  100a%  100a%  100a%  100a%  100a%  100a%  100a%  100a%  100a%  100a%  100a%  100a%  -  100a%  100a%  100a%  100a%  100a%  100a% \n\n.ooo00ooo..ooo00ooo.\nTot Percentage: 97.14285714285714\nTime elapsed: 475.73840618133545 seconds","entities":[{"offset":0,"length":10,"type":"bold"},{"offset":11,"length":16,"type":"bold"},{"offset":48,"length":20,"type":"bold"},{"offset":1033,"length":20,"type":"bold"},{"offset":1054,"length":14,"type":"bold"},{"offset":1088,"length":12,"type":"bold"}]}}
<b>Statistics</b>
<b>Events processed</b>
40800000 / 42000000
<b>.ooo00ooo..ooo00ooo.</b>
F0:  100a%  100a%  100a%  100a%  100a%  100a%  100a%  100a%  100a%  100a%  100a%  -  100a%  100a%  100a%  100a%  100a%  100a%  100a%  100a%  100a%  100a%  100a%  100a%  100a%  100a%  100a%  -  100a%  100a%  100a%  100a%  100a%  100a%  100a%  100a%  100a%  100a%  100a%  100a%  100a%  100a%  100a%  100a%  100a%  100a%  -  -  100a%  100a%  -  100a%  100a%  100a%  100a%  100a%  100a%  100a%  100a%  100a%  100a%  100a%  100a%  100a%  100a%  100a%  100a%  100a%  100a%  100a% 

F1:  100a%  100a%  100a%  100a%  100a%  100a%  100a%  100a%  100a%  100a%  100a%  100a%  100a%  100a%  100a%  100a%  100a%  100a%  100a%  100a%  100a%  100a%  100a%  100a%  100a%  100a%  100a%  100a%  100a%  100a%  100a%  100a%  100a%  100a%  100a%  100a%  100a%  -  100a%  100a%  100a%  100a%  100a%  100a%  100a%  100a%  100a%  100a%  100a%  100a%  100a%  100a%  100a%  100a%  100a%  100a%  100a%  100a%  100a%  100a%  100a%  100a%  100a%  -  100a%  100a%  100a%  100a%  100a%  100a% 

<b>.ooo00ooo..ooo00ooo.</b>
<b>Tot Percentage</b>: 97.14285714285714
<b>Time elapsed</b>: 475.73840618133545 seconds

{"ok":true,"result":{"message_id":11207,"sender_chat":{"id":-1001921335158,"title":"\ud83d\udc0d\ud83d\udce9\ud83d\udc0d G4 status \ud83d\udc0d\ud83d\udce9\ud83d\udc0d","username":"ilmiobotpernotifiche","type":"channel"},"chat":{"id":-1001921335158,"title":"\ud83d\udc0d\ud83d\udce9\ud83d\udc0d G4 status \ud83d\udc0d\ud83d\udce9\ud83d\udc0d","username":"ilmiobotpernotifiche","type":"channel"},"date":1692992517,"text":"Finished"}}
YrwxG8eKSFMwSZRK8IuUOQEAAwIAA3kAAzAE","file_unique_id":"AQADYrwxG8eKSFN-","file_size":58336,"width":1280,"height":768},{"file_id":"AgACAgQAAx0EcoU_dgACK7xk6QOnerjTswoPuKuTTAP3LuCsogACYrwxG8eKSFMwSZRK8IuUOQEAAwIAA3cAAzAE","file_unique_id":"AQADYrwxG8eKSFN8","file_size":103513,"width":2000,"height":1200}]}}
{"ok":true,"result":{"message_id":11198,"sender_chat":{"id":-1001921335158,"title":"\ud83d\udc0d\ud83d\udce9\ud83d\udc0d G4 status \ud83d\udc0d\ud83d\udce9\ud83d\udc0d","username":"ilmiobotpernotifiche","type":"channel"},"chat":{"id":-1001921335158,"title":"\ud83d\udc0d\ud83d\udce9\ud83d\udc0d G4 status \ud83d\udc0d\ud83d\udce9\ud83d\udc0d","username":"ilmiobotpernotifiche","type":"channel"},"date":1692992443,"text":"Statistics\nEvents processed\n40440000 / 42000000\n.ooo00ooo..ooo00ooo.\nF0:  100a%  100a%  100a%  100a%  100a%  100a%  100a%  100a%  100a%  100a%  100a%  -  100a%  100a%  100a%  100a%  100a%  100a%  100a%  100a%  100a%  100a%  100a%  100a%  100a%  100a%  100a%  -  100a%  100a%  100a%  100a%  100a%  100a%  100a%  100a%  100a%  100a%  100a%  100a%  100a%  100a%  100a%  100a%  100a%  100a%  -  -  100a%  100a%  -  100a%  100a%  100a%  100a%  100a%  100a%  100a%  100a%  100a%  100a%  100a%  100a%  100a%  100a%  100a%  100a%  100a%  100a%  100a% \n\nF1:  100a%  100a%  100a%  100a%  100a%  100a%  100a%  100a%  100a%  100a%  70a%  100a%  100a%  100a%  100a%  100a%  100a%  100a%  100a%  90a%  100a%  100a%  100a%  100a%  100a%  100a%  100a%  80a%  80a%  100a%  100a%  100a%  100a%  100a%  100a%  100a%  100a%  -  100a%  100a%  100a%  100a%  100a%  90a%  100a%  100a%  100a%  100a%  100a%  100a%  100a%  70a%  100a%  100a%  100a%  70a%  100a%  100a%  100a%  100a%  70a%  100a%  100a%  -  100a%  100a%  100a%  100a%  100a%  100a% \n\n.ooo00ooo..ooo00ooo.\nTot Percentage: 96.28571428571429\nTime elapsed: 406.6913206577301 seconds","entities":[{"offset":0,"length":10,"type":"bold"},{"offset":11,"length":16,"type":"bold"},{"offset":48,"length":20,"type":"bold"},{"offset":1025,"length":20,"type":"bold"},{"offset":1046,"length":14,"type":"bold"},{"offset":1080,"length":12,"type":"bold"}]}}
<b>Statistics</b>
<b>Events processed</b>
40440000 / 42000000
<b>.ooo00ooo..ooo00ooo.</b>
F0:  100a%  100a%  100a%  100a%  100a%  100a%  100a%  100a%  100a%  100a%  100a%  -  100a%  100a%  100a%  100a%  100a%  100a%  100a%  100a%  100a%  100a%  100a%  100a%  100a%  100a%  100a%  -  100a%  100a%  100a%  100a%  100a%  100a%  100a%  100a%  100a%  100a%  100a%  100a%  100a%  100a%  100a%  100a%  100a%  100a%  -  -  100a%  100a%  -  100a%  100a%  100a%  100a%  100a%  100a%  100a%  100a%  100a%  100a%  100a%  100a%  100a%  100a%  100a%  100a%  100a%  100a%  100a% 

F1:  100a%  100a%  100a%  100a%  100a%  100a%  100a%  100a%  100a%  100a%  70a%  100a%  100a%  100a%  100a%  100a%  100a%  100a%  100a%  90a%  100a%  100a%  100a%  100a%  100a%  100a%  100a%  80a%  80a%  100a%  100a%  100a%  100a%  100a%  100a%  100a%  100a%  -  100a%  100a%  100a%  100a%  100a%  90a%  100a%  100a%  100a%  100a%  100a%  100a%  100a%  70a%  100a%  100a%  100a%  70a%  100a%  100a%  100a%  100a%  70a%  100a%  100a%  -  100a%  100a%  100a%  100a%  100a%  100a% 

<b>.ooo00ooo..ooo00ooo.</b>
<b>Tot Percentage</b>: 96.28571428571429
<b>Time elapsed</b>: 406.6913206577301 seconds

{"ok":true,"result":{"message_id":11200,"sender_chat":{"id":-1001921335158,"title":"\ud83d\udc0d\ud83d\udce9\ud83d\udc0d G4 status \ud83d\udc0d\ud83d\udce9\ud83d\udc0d","username":"ilmiobotpernotifiche","type":"channel"},"chat":{"id":-1001921335158,"title":"\ud83d\udc0d\ud83d\udce9\ud83d\udc0d G4 status \ud83d\udc0d\ud83d\udce9\ud83d\udc0d","username":"ilmiobotpernotifiche","type":"channel"},"date":1692992463,"text":"Statistics\nEvents processed\n40800000 / 42000000\n.ooo00ooo..ooo00ooo.\nF0:  100a%  100a%  100a%  100a%  100a%  100a%  100a%  100a%  100a%  100a%  100a%  -  100a%  100a%  100a%  100a%  100a%  100a%  100a%  100a%  100a%  100a%  100a%  100a%  100a%  100a%  100a%  -  100a%  100a%  100a%  100a%  100a%  100a%  100a%  100a%  100a%  100a%  100a%  100a%  100a%  100a%  100a%  100a%  100a%  100a%  -  -  100a%  100a%  -  100a%  100a%  100a%  100a%  100a%  100a%  100a%  100a%  100a%  100a%  100a%  100a%  100a%  100a%  100a%  100a%  100a%  100a%  100a% \n\nF1:  100a%  100a%  100a%  100a%  100a%  100a%  100a%  100a%  100a%  100a%  100a%  100a%  100a%  100a%  100a%  100a%  100a%  100a%  100a%  100a%  100a%  100a%  100a%  100a%  100a%  100a%  100a%  100a%  100a%  100a%  100a%  100a%  100a%  100a%  100a%  100a%  100a%  -  100a%  100a%  100a%  100a%  100a%  100a%  100a%  100a%  100a%  100a%  100a%  100a%  100a%  100a%  100a%  100a%  100a%  100a%  100a%  100a%  100a%  100a%  100a%  100a%  100a%  -  100a%  100a%  100a%  100a%  100a%  100a% \n\n.ooo00ooo..ooo00ooo.\nTot Percentage: 97.14285714285714\nTime elapsed: 426.696964263916 seconds","entities":[{"offset":0,"length":10,"type":"bold"},{"offset":11,"length":16,"type":"bold"},{"offset":48,"length":20,"type":"bold"},{"offset":1033,"length":20,"type":"bold"},{"offset":1054,"length":14,"type":"bold"},{"offset":1088,"length":12,"type":"bold"}]}}
<b>Statistics</b>
<b>Events processed</b>
40800000 / 42000000
<b>.ooo00ooo..ooo00ooo.</b>
F0:  100a%  100a%  100a%  100a%  100a%  100a%  100a%  100a%  100a%  100a%  100a%  -  100a%  100a%  100a%  100a%  100a%  100a%  100a%  100a%  100a%  100a%  100a%  100a%  100a%  100a%  100a%  -  100a%  100a%  100a%  100a%  100a%  100a%  100a%  100a%  100a%  100a%  100a%  100a%  100a%  100a%  100a%  100a%  100a%  100a%  -  -  100a%  100a%  -  100a%  100a%  100a%  100a%  100a%  100a%  100a%  100a%  100a%  100a%  100a%  100a%  100a%  100a%  100a%  100a%  100a%  100a%  100a% 

F1:  100a%  100a%  100a%  100a%  100a%  100a%  100a%  100a%  100a%  100a%  100a%  100a%  100a%  100a%  100a%  100a%  100a%  100a%  100a%  100a%  100a%  100a%  100a%  100a%  100a%  100a%  100a%  100a%  100a%  100a%  100a%  100a%  100a%  100a%  100a%  100a%  100a%  -  100a%  100a%  100a%  100a%  100a%  100a%  100a%  100a%  100a%  100a%  100a%  100a%  100a%  100a%  100a%  100a%  100a%  100a%  100a%  100a%  100a%  100a%  100a%  100a%  100a%  -  100a%  100a%  100a%  100a%  100a%  100a% 

<b>.ooo00ooo..ooo00ooo.</b>
<b>Tot Percentage</b>: 97.14285714285714
<b>Time elapsed</b>: 426.696964263916 seconds

{"ok":true,"result":{"message_id":11203,"sender_chat":{"id":-1001921335158,"title":"\ud83d\udc0d\ud83d\udce9\ud83d\udc0d G4 status \ud83d\udc0d\ud83d\udce9\ud83d\udc0d","username":"ilmiobotpernotifiche","type":"channel"},"chat":{"id":-1001921335158,"title":"\ud83d\udc0d\ud83d\udce9\ud83d\udc0d G4 status \ud83d\udc0d\ud83d\udce9\ud83d\udc0d","username":"ilmiobotpernotifiche","type":"channel"},"date":1692992483,"text":"Statistics\nEvents processed\n40800000 / 42000000\n.ooo00ooo..ooo00ooo.\nF0:  100a%  100a%  100a%  100a%  100a%  100a%  100a%  100a%  100a%  100a%  100a%  -  100a%  100a%  100a%  100a%  100a%  100a%  100a%  100a%  100a%  100a%  100a%  100a%  100a%  100a%  100a%  -  100a%  100a%  100a%  100a%  100a%  100a%  100a%  100a%  100a%  100a%  100a%  100a%  100a%  100a%  100a%  100a%  100a%  100a%  -  -  100a%  100a%  -  100a%  100a%  100a%  100a%  100a%  100a%  100a%  100a%  100a%  100a%  100a%  100a%  100a%  100a%  100a%  100a%  100a%  100a%  100a% \n\nF1:  100a%  100a%  100a%  100a%  100a%  100a%  100a%  100a%  100a%  100a%  100a%  100a%  100a%  100a%  100a%  100a%  100a%  100a%  100a%  100a%  100a%  100a%  100a%  100a%  100a%  100a%  100a%  100a%  100a%  100a%  100a%  100a%  100a%  100a%  100a%  100a%  100a%  -  100a%  100a%  100a%  100a%  100a%  100a%  100a%  100a%  100a%  100a%  100a%  100a%  100a%  100a%  100a%  100a%  100a%  100a%  100a%  100a%  100a%  100a%  100a%  100a%  100a%  -  100a%  100a%  100a%  100a%  100a%  100a% \n\n.ooo00ooo..ooo00ooo.\nTot Percentage: 97.14285714285714\nTime elapsed: 446.70525336265564 seconds","entities":[{"offset":0,"length":10,"type":"bold"},{"offset":11,"length":16,"type":"bold"},{"offset":48,"length":20,"type":"bold"},{"offset":1033,"length":20,"type":"bold"},{"offset":1054,"length":14,"type":"bold"},{"offset":1088,"length":12,"type":"bold"}]}}
<b>Statistics</b>
<b>Events processed</b>
40800000 / 42000000
<b>.ooo00ooo..ooo00ooo.</b>
F0:  100a%  100a%  100a%  100a%  100a%  100a%  100a%  100a%  100a%  100a%  100a%  -  100a%  100a%  100a%  100a%  100a%  100a%  100a%  100a%  100a%  100a%  100a%  100a%  100a%  100a%  100a%  -  100a%  100a%  100a%  100a%  100a%  100a%  100a%  100a%  100a%  100a%  100a%  100a%  100a%  100a%  100a%  100a%  100a%  100a%  -  -  100a%  100a%  -  100a%  100a%  100a%  100a%  100a%  100a%  100a%  100a%  100a%  100a%  100a%  100a%  100a%  100a%  100a%  100a%  100a%  100a%  100a% 

F1:  100a%  100a%  100a%  100a%  100a%  100a%  100a%  100a%  100a%  100a%  100a%  100a%  100a%  100a%  100a%  100a%  100a%  100a%  100a%  100a%  100a%  100a%  100a%  100a%  100a%  100a%  100a%  100a%  100a%  100a%  100a%  100a%  100a%  100a%  100a%  100a%  100a%  -  100a%  100a%  100a%  100a%  100a%  100a%  100a%  100a%  100a%  100a%  100a%  100a%  100a%  100a%  100a%  100a%  100a%  100a%  100a%  100a%  100a%  100a%  100a%  100a%  100a%  -  100a%  100a%  100a%  100a%  100a%  100a% 

<b>.ooo00ooo..ooo00ooo.</b>
<b>Tot Percentage</b>: 97.14285714285714
<b>Time elapsed</b>: 446.70525336265564 seconds

{"ok":true,"result":{"message_id":11205,"sender_chat":{"id":-1001921335158,"title":"\ud83d\udc0d\ud83d\udce9\ud83d\udc0d G4 status \ud83d\udc0d\ud83d\udce9\ud83d\udc0d","username":"ilmiobotpernotifiche","type":"channel"},"chat":{"id":-1001921335158,"title":"\ud83d\udc0d\ud83d\udce9\ud83d\udc0d G4 status \ud83d\udc0d\ud83d\udce9\ud83d\udc0d","username":"ilmiobotpernotifiche","type":"channel"},"date":1692992503,"text":"Statistics\nEvents processed\n40800000 / 42000000\n.ooo00ooo..ooo00ooo.\nF0:  100a%  100a%  100a%  100a%  100a%  100a%  100a%  100a%  100a%  100a%  100a%  -  100a%  100a%  100a%  100a%  100a%  100a%  100a%  100a%  100a%  100a%  100a%  100a%  100a%  100a%  100a%  -  100a%  100a%  100a%  100a%  100a%  100a%  100a%  100a%  100a%  100a%  100a%  100a%  100a%  100a%  100a%  100a%  100a%  100a%  -  -  100a%  100a%  -  100a%  100a%  100a%  100a%  100a%  100a%  100a%  100a%  100a%  100a%  100a%  100a%  100a%  100a%  100a%  100a%  100a%  100a%  100a% \n\nF1:  100a%  100a%  100a%  100a%  100a%  100a%  100a%  100a%  100a%  100a%  100a%  100a%  100a%  100a%  100a%  100a%  100a%  100a%  100a%  100a%  100a%  100a%  100a%  100a%  100a%  100a%  100a%  100a%  100a%  100a%  100a%  100a%  100a%  100a%  100a%  100a%  100a%  -  100a%  100a%  100a%  100a%  100a%  100a%  100a%  100a%  100a%  100a%  100a%  100a%  100a%  100a%  100a%  100a%  100a%  100a%  100a%  100a%  100a%  100a%  100a%  100a%  100a%  -  100a%  100a%  100a%  100a%  100a%  100a% \n\n.ooo00ooo..ooo00ooo.\nTot Percentage: 97.14285714285714\nTime elapsed: 466.7147378921509 seconds","entities":[{"offset":0,"length":10,"type":"bold"},{"offset":11,"length":16,"type":"bold"},{"offset":48,"length":20,"type":"bold"},{"offset":1033,"length":20,"type":"bold"},{"offset":1054,"length":14,"type":"bold"},{"offset":1088,"length":12,"type":"bold"}]}}
<b>Statistics</b>
<b>Events processed</b>
40800000 / 42000000
<b>.ooo00ooo..ooo00ooo.</b>
F0:  100a%  100a%  100a%  100a%  100a%  100a%  100a%  100a%  100a%  100a%  100a%  -  100a%  100a%  100a%  100a%  100a%  100a%  100a%  100a%  100a%  100a%  100a%  100a%  100a%  100a%  100a%  -  100a%  100a%  100a%  100a%  100a%  100a%  100a%  100a%  100a%  100a%  100a%  100a%  100a%  100a%  100a%  100a%  100a%  100a%  -  -  100a%  100a%  -  100a%  100a%  100a%  100a%  100a%  100a%  100a%  100a%  100a%  100a%  100a%  100a%  100a%  100a%  100a%  100a%  100a%  100a%  100a% 

F1:  100a%  100a%  100a%  100a%  100a%  100a%  100a%  100a%  100a%  100a%  100a%  100a%  100a%  100a%  100a%  100a%  100a%  100a%  100a%  100a%  100a%  100a%  100a%  100a%  100a%  100a%  100a%  100a%  100a%  100a%  100a%  100a%  100a%  100a%  100a%  100a%  100a%  -  100a%  100a%  100a%  100a%  100a%  100a%  100a%  100a%  100a%  100a%  100a%  100a%  100a%  100a%  100a%  100a%  100a%  100a%  100a%  100a%  100a%  100a%  100a%  100a%  100a%  -  100a%  100a%  100a%  100a%  100a%  100a% 

<b>.ooo00ooo..ooo00ooo.</b>
<b>Tot Percentage</b>: 97.14285714285714
<b>Time elapsed</b>: 466.7147378921509 seconds

{"ok":true,"result":{"message_id":11208,"sender_chat":{"id":-1001921335158,"title":"\ud83d\udc0d\ud83d\udce9\ud83d\udc0d G4 status \ud83d\udc0d\ud83d\udce9\ud83d\udc0d","username":"ilmiobotpernotifiche","type":"channel"},"chat":{"id":-1001921335158,"title":"\ud83d\udc0d\ud83d\udce9\ud83d\udc0d G4 status \ud83d\udc0d\ud83d\udce9\ud83d\udc0d","username":"ilmiobotpernotifiche","type":"channel"},"date":1692992517,"text":"Finished"}}
