000 (10075.000.000) 2023-09-04 18:14:42 Job submitted from host: <90.147.8.111:9618?addrs=90.147.8.111-9618&alias=ams&noUDP&sock=schedd_3306931_2f8d>
...
040 (10075.000.000) 2023-09-04 18:16:16 Started transferring input files
	Transferring to host: <192.168.100.3:9618?addrs=192.168.100.3-9618&alias=node03&noUDP&sock=slot48_56810_88bf_4175>
...
040 (10075.000.000) 2023-09-04 18:16:16 Finished transferring input files
...
001 (10075.000.000) 2023-09-04 18:16:17 Job executing on host: <192.168.100.3:9618?addrs=192.168.100.3-9618&alias=node03&noUDP&sock=startd_56773_2261>
	SlotName: slot48@node03
...
006 (10075.000.000) 2023-09-04 18:16:25 Image size of job updated: 52440
	52  -  MemoryUsage of job (MB)
	52440  -  ResidentSetSize of job (KB)
...
006 (10075.000.000) 2023-09-04 18:17:25 Image size of job updated: 464552
	52  -  MemoryUsage of job (MB)
	52504  -  ResidentSetSize of job (KB)
...
005 (10075.000.000) 2023-09-04 18:17:25 Job terminated.
	(1) Normal termination (return value 0)
		Usr 0 00:01:06, Sys 0 00:00:00  -  Run Remote Usage
		Usr 0 00:00:00, Sys 0 00:00:00  -  Run Local Usage
		Usr 0 00:01:06, Sys 0 00:00:00  -  Total Remote Usage
		Usr 0 00:00:00, Sys 0 00:00:00  -  Total Local Usage
	0  -  Run Bytes Sent By Job
	1037  -  Run Bytes Received By Job
	0  -  Total Bytes Sent By Job
	1037  -  Total Bytes Received By Job
	Partitionable Resources :    Usage  Request Allocated 
	   Cpus                 :                 1         1 
	   Disk (KB)            :       17        2   4077838 
	   Memory (MB)          :       52        1      2000 

	Job terminated of its own accord at 2023-09-04T16:17:25Z with exit-code 0.
...
