000 (9645.000.000) 2023-09-04 15:33:16 Job submitted from host: <90.147.8.111:9618?addrs=90.147.8.111-9618&alias=ams&noUDP&sock=schedd_3306931_2f8d>
...
040 (9645.000.000) 2023-09-04 15:33:36 Started transferring input files
	Transferring to host: <192.168.100.3:9618?addrs=192.168.100.3-9618&alias=node03&noUDP&sock=slot32_56810_88bf_3957>
...
040 (9645.000.000) 2023-09-04 15:33:36 Finished transferring input files
...
001 (9645.000.000) 2023-09-04 15:33:38 Job executing on host: <192.168.100.3:9618?addrs=192.168.100.3-9618&alias=node03&noUDP&sock=startd_56773_2261>
	SlotName: slot32@node03
...
006 (9645.000.000) 2023-09-04 15:33:48 Image size of job updated: 340212
	84  -  MemoryUsage of job (MB)
	85396  -  ResidentSetSize of job (KB)
...
006 (9645.000.000) 2023-09-04 15:34:42 Image size of job updated: 464976
	84  -  MemoryUsage of job (MB)
	85396  -  ResidentSetSize of job (KB)
...
005 (9645.000.000) 2023-09-04 15:34:42 Job terminated.
	(1) Normal termination (return value 0)
		Usr 0 00:00:53, Sys 0 00:00:00  -  Run Remote Usage
		Usr 0 00:00:00, Sys 0 00:00:00  -  Run Local Usage
		Usr 0 00:00:53, Sys 0 00:00:00  -  Total Remote Usage
		Usr 0 00:00:00, Sys 0 00:00:00  -  Total Local Usage
	0  -  Run Bytes Sent By Job
	1020  -  Run Bytes Received By Job
	0  -  Total Bytes Sent By Job
	1020  -  Total Bytes Received By Job
	Partitionable Resources :    Usage  Request Allocated 
	   Cpus                 :                 1         1 
	   Disk (KB)            :       16        1   4077838 
	   Memory (MB)          :       84        1      2000 

	Job terminated of its own accord at 2023-09-04T13:34:42Z with exit-code 0.
...
