000 (9904.000.000) 2023-09-04 18:14:34 Job submitted from host: <90.147.8.111:9618?addrs=90.147.8.111-9618&alias=ams&noUDP&sock=schedd_3306931_2f8d>
...
040 (9904.000.000) 2023-09-04 18:14:55 Started transferring input files
	Transferring to host: <192.168.100.3:9618?addrs=192.168.100.3-9618&alias=node03&noUDP&sock=slot7_56810_88bf_4088>
...
040 (9904.000.000) 2023-09-04 18:14:55 Finished transferring input files
...
001 (9904.000.000) 2023-09-04 18:14:57 Job executing on host: <192.168.100.3:9618?addrs=192.168.100.3-9618&alias=node03&noUDP&sock=startd_56773_2261>
	SlotName: slot7@node03
...
006 (9904.000.000) 2023-09-04 18:15:06 Image size of job updated: 461852
	66  -  MemoryUsage of job (MB)
	66932  -  ResidentSetSize of job (KB)
...
006 (9904.000.000) 2023-09-04 18:15:48 Image size of job updated: 464976
	66  -  MemoryUsage of job (MB)
	67184  -  ResidentSetSize of job (KB)
...
005 (9904.000.000) 2023-09-04 18:15:48 Job terminated.
	(1) Normal termination (return value 0)
		Usr 0 00:00:49, Sys 0 00:00:00  -  Run Remote Usage
		Usr 0 00:00:00, Sys 0 00:00:00  -  Run Local Usage
		Usr 0 00:00:49, Sys 0 00:00:00  -  Total Remote Usage
		Usr 0 00:00:00, Sys 0 00:00:00  -  Total Local Usage
	0  -  Run Bytes Sent By Job
	1018  -  Run Bytes Received By Job
	0  -  Total Bytes Sent By Job
	1018  -  Total Bytes Received By Job
	Partitionable Resources :    Usage  Request Allocated 
	   Cpus                 :                 1         1 
	   Disk (KB)            :       16        1   4077838 
	   Memory (MB)          :       66        1      2000 

	Job terminated of its own accord at 2023-09-04T16:15:48Z with exit-code 0.
...
