000 (10203.000.000) 2023-09-04 18:14:49 Job submitted from host: <90.147.8.111:9618?addrs=90.147.8.111-9618&alias=ams&noUDP&sock=schedd_3306931_2f8d>
...
040 (10203.000.000) 2023-09-04 18:17:25 Started transferring input files
	Transferring to host: <192.168.100.3:9618?addrs=192.168.100.3-9618&alias=node03&noUDP&sock=slot48_56810_88bf_4221>
...
040 (10203.000.000) 2023-09-04 18:17:25 Finished transferring input files
...
001 (10203.000.000) 2023-09-04 18:17:26 Job executing on host: <192.168.100.3:9618?addrs=192.168.100.3-9618&alias=node03&noUDP&sock=startd_56773_2261>
	SlotName: slot48@node03
...
006 (10203.000.000) 2023-09-04 18:17:35 Image size of job updated: 436356
	61  -  MemoryUsage of job (MB)
	61992  -  ResidentSetSize of job (KB)
...
006 (10203.000.000) 2023-09-04 18:18:33 Image size of job updated: 464552
	61  -  MemoryUsage of job (MB)
	62000  -  ResidentSetSize of job (KB)
...
005 (10203.000.000) 2023-09-04 18:18:33 Job terminated.
	(1) Normal termination (return value 0)
		Usr 0 00:01:05, Sys 0 00:00:00  -  Run Remote Usage
		Usr 0 00:00:00, Sys 0 00:00:00  -  Run Local Usage
		Usr 0 00:01:05, Sys 0 00:00:00  -  Total Remote Usage
		Usr 0 00:00:00, Sys 0 00:00:00  -  Total Local Usage
	0  -  Run Bytes Sent By Job
	1037  -  Run Bytes Received By Job
	0  -  Total Bytes Sent By Job
	1037  -  Total Bytes Received By Job
	Partitionable Resources :    Usage  Request Allocated 
	   Cpus                 :     0.99        1         1 
	   Disk (KB)            :    22           2   4077838 
	   Memory (MB)          :    61           1      2000 

	Job terminated of its own accord at 2023-09-04T16:18:33Z with exit-code 0.
...
