000 (10005.000.000) 2023-09-04 18:14:39 Job submitted from host: <90.147.8.111:9618?addrs=90.147.8.111-9618&alias=ams&noUDP&sock=schedd_3306931_2f8d>
...
040 (10005.000.000) 2023-09-04 18:15:00 Started transferring input files
	Transferring to host: <192.168.100.101:9618?addrs=192.168.100.101-9618&alias=node02&noUDP&sock=slot60_102123_a452_3534>
...
040 (10005.000.000) 2023-09-04 18:15:00 Finished transferring input files
...
001 (10005.000.000) 2023-09-04 18:15:02 Job executing on host: <192.168.100.101:9618?addrs=192.168.100.101-9618&alias=node02&noUDP&sock=startd_102084_b624>
	SlotName: slot60@node02
	CondorScratchDir = "/home/spool/lib/condor/execute/dir_177650"
	Cpus = 1
	Disk = 1873362
	Memory = 2006
...
006 (10005.000.000) 2023-09-04 18:15:11 Image size of job updated: 1
	0  -  MemoryUsage of job (MB)
	0  -  ResidentSetSize of job (KB)
...
006 (10005.000.000) 2023-09-04 18:16:18 Image size of job updated: 85460
	8  -  MemoryUsage of job (MB)
	7932  -  ResidentSetSize of job (KB)
...
005 (10005.000.000) 2023-09-04 18:16:18 Job terminated.
	(1) Normal termination (return value 0)
		Usr 0 00:00:00, Sys 0 00:00:00  -  Run Remote Usage
		Usr 0 00:00:00, Sys 0 00:00:00  -  Run Local Usage
		Usr 0 00:00:00, Sys 0 00:00:00  -  Total Remote Usage
		Usr 0 00:00:00, Sys 0 00:00:00  -  Total Local Usage
	0  -  Run Bytes Sent By Job
	1020  -  Run Bytes Received By Job
	0  -  Total Bytes Sent By Job
	1020  -  Total Bytes Received By Job
	Partitionable Resources :    Usage  Request Allocated 
	   Cpus                 :                 1         1 
	   Disk (KB)            :       16        1   1873362 
	   Memory (MB)          :        8        1      2006 

	Job terminated of its own accord at 2023-09-04T16:16:18Z with exit-code 0.
...
