000 (10020.000.000) 2023-09-04 18:14:39 Job submitted from host: <90.147.8.111:9618?addrs=90.147.8.111-9618&alias=ams&noUDP&sock=schedd_3306931_2f8d>
...
040 (10020.000.000) 2023-09-04 18:15:59 Started transferring input files
	Transferring to host: <192.168.100.3:9618?addrs=192.168.100.3-9618&alias=node03&noUDP&sock=slot18_56810_88bf_4140>
...
040 (10020.000.000) 2023-09-04 18:15:59 Finished transferring input files
...
001 (10020.000.000) 2023-09-04 18:16:00 Job executing on host: <192.168.100.3:9618?addrs=192.168.100.3-9618&alias=node03&noUDP&sock=startd_56773_2261>
	SlotName: slot18@node03
...
006 (10020.000.000) 2023-09-04 18:16:08 Image size of job updated: 430904
	62  -  MemoryUsage of job (MB)
	62880  -  ResidentSetSize of job (KB)
...
006 (10020.000.000) 2023-09-04 18:16:53 Image size of job updated: 464976
	63  -  MemoryUsage of job (MB)
	63580  -  ResidentSetSize of job (KB)
...
005 (10020.000.000) 2023-09-04 18:16:53 Job terminated.
	(1) Normal termination (return value 0)
		Usr 0 00:00:52, Sys 0 00:00:00  -  Run Remote Usage
		Usr 0 00:00:00, Sys 0 00:00:00  -  Run Local Usage
		Usr 0 00:00:52, Sys 0 00:00:00  -  Total Remote Usage
		Usr 0 00:00:00, Sys 0 00:00:00  -  Total Local Usage
	0  -  Run Bytes Sent By Job
	1020  -  Run Bytes Received By Job
	0  -  Total Bytes Sent By Job
	1020  -  Total Bytes Received By Job
	Partitionable Resources :    Usage  Request Allocated 
	   Cpus                 :                 1         1 
	   Disk (KB)            :       17        1   4077838 
	   Memory (MB)          :       63        1      2000 

	Job terminated of its own accord at 2023-09-04T16:16:53Z with exit-code 0.
...
