000 (10166.000.000) 2023-09-04 18:14:47 Job submitted from host: <90.147.8.111:9618?addrs=90.147.8.111-9618&alias=ams&noUDP&sock=schedd_3306931_2f8d>
...
040 (10166.000.000) 2023-09-04 18:17:09 Started transferring input files
	Transferring to host: <192.168.100.3:9618?addrs=192.168.100.3-9618&alias=node03&noUDP&sock=slot34_56810_88bf_4207>
...
040 (10166.000.000) 2023-09-04 18:17:09 Finished transferring input files
...
001 (10166.000.000) 2023-09-04 18:17:10 Job executing on host: <192.168.100.3:9618?addrs=192.168.100.3-9618&alias=node03&noUDP&sock=startd_56773_2261>
	SlotName: slot34@node03
...
006 (10166.000.000) 2023-09-04 18:17:19 Image size of job updated: 461848
	63  -  MemoryUsage of job (MB)
	63588  -  ResidentSetSize of job (KB)
...
006 (10166.000.000) 2023-09-04 18:18:04 Image size of job updated: 464976
	63  -  MemoryUsage of job (MB)
	63604  -  ResidentSetSize of job (KB)
...
005 (10166.000.000) 2023-09-04 18:18:04 Job terminated.
	(1) Normal termination (return value 0)
		Usr 0 00:00:52, Sys 0 00:00:00  -  Run Remote Usage
		Usr 0 00:00:00, Sys 0 00:00:00  -  Run Local Usage
		Usr 0 00:00:52, Sys 0 00:00:00  -  Total Remote Usage
		Usr 0 00:00:00, Sys 0 00:00:00  -  Total Local Usage
	0  -  Run Bytes Sent By Job
	1022  -  Run Bytes Received By Job
	0  -  Total Bytes Sent By Job
	1022  -  Total Bytes Received By Job
	Partitionable Resources :    Usage  Request Allocated 
	   Cpus                 :     0.99        1         1 
	   Disk (KB)            :    22           1   4077838 
	   Memory (MB)          :    63           1      2000 

	Job terminated of its own accord at 2023-09-04T16:18:04Z with exit-code 0.
...
