000 (10242.000.000) 2023-09-04 18:14:50 Job submitted from host: <90.147.8.111:9618?addrs=90.147.8.111-9618&alias=ams&noUDP&sock=schedd_3306931_2f8d>
...
040 (10242.000.000) 2023-09-04 18:18:02 Started transferring input files
	Transferring to host: <192.168.100.3:9618?addrs=192.168.100.3-9618&alias=node03&noUDP&sock=slot18_56810_88bf_4232>
...
040 (10242.000.000) 2023-09-04 18:18:02 Finished transferring input files
...
001 (10242.000.000) 2023-09-04 18:18:03 Job executing on host: <192.168.100.3:9618?addrs=192.168.100.3-9618&alias=node03&noUDP&sock=startd_56773_2261>
	SlotName: slot18@node03
...
006 (10242.000.000) 2023-09-04 18:18:11 Image size of job updated: 453000
	61  -  MemoryUsage of job (MB)
	62412  -  ResidentSetSize of job (KB)
...
006 (10242.000.000) 2023-09-04 18:18:57 Image size of job updated: 464976
	61  -  MemoryUsage of job (MB)
	62412  -  ResidentSetSize of job (KB)
...
005 (10242.000.000) 2023-09-04 18:18:57 Job terminated.
	(1) Normal termination (return value 0)
		Usr 0 00:00:52, Sys 0 00:00:00  -  Run Remote Usage
		Usr 0 00:00:00, Sys 0 00:00:00  -  Run Local Usage
		Usr 0 00:00:52, Sys 0 00:00:00  -  Total Remote Usage
		Usr 0 00:00:00, Sys 0 00:00:00  -  Total Local Usage
	0  -  Run Bytes Sent By Job
	1022  -  Run Bytes Received By Job
	0  -  Total Bytes Sent By Job
	1022  -  Total Bytes Received By Job
	Partitionable Resources :    Usage  Request Allocated 
	   Cpus                 :        0        1         1 
	   Disk (KB)            :       21        1   4077838 
	   Memory (MB)          :       61        1      2000 

	Job terminated of its own accord at 2023-09-04T16:18:57Z with exit-code 0.
...
