000 (9628.000.000) 2023-09-04 15:33:15 Job submitted from host: <90.147.8.111:9618?addrs=90.147.8.111-9618&alias=ams&noUDP&sock=schedd_3306931_2f8d>
...
040 (9628.000.000) 2023-09-04 15:33:36 Started transferring input files
	Transferring to host: <192.168.100.3:9618?addrs=192.168.100.3-9618&alias=node03&noUDP&sock=slot15_56810_88bf_3940>
...
040 (9628.000.000) 2023-09-04 15:33:36 Finished transferring input files
...
001 (9628.000.000) 2023-09-04 15:33:38 Job executing on host: <192.168.100.3:9618?addrs=192.168.100.3-9618&alias=node03&noUDP&sock=startd_56773_2261>
	SlotName: slot15@node03
...
006 (9628.000.000) 2023-09-04 15:33:47 Image size of job updated: 340488
	33  -  MemoryUsage of job (MB)
	32876  -  ResidentSetSize of job (KB)
...
006 (9628.000.000) 2023-09-04 15:34:53 Image size of job updated: 464552
	33  -  MemoryUsage of job (MB)
	33032  -  ResidentSetSize of job (KB)
...
005 (9628.000.000) 2023-09-04 15:34:53 Job terminated.
	(1) Normal termination (return value 0)
		Usr 0 00:01:05, Sys 0 00:00:00  -  Run Remote Usage
		Usr 0 00:00:00, Sys 0 00:00:00  -  Run Local Usage
		Usr 0 00:01:05, Sys 0 00:00:00  -  Total Remote Usage
		Usr 0 00:00:00, Sys 0 00:00:00  -  Total Local Usage
	0  -  Run Bytes Sent By Job
	1035  -  Run Bytes Received By Job
	0  -  Total Bytes Sent By Job
	1035  -  Total Bytes Received By Job
	Partitionable Resources :    Usage  Request Allocated 
	   Cpus                 :                 1         1 
	   Disk (KB)            :       16        2   4077838 
	   Memory (MB)          :       33        1      2000 

	Job terminated of its own accord at 2023-09-04T13:34:53Z with exit-code 0.
...
