000 (10054.000.000) 2023-09-04 18:14:41 Job submitted from host: <90.147.8.111:9618?addrs=90.147.8.111-9618&alias=ams&noUDP&sock=schedd_3306931_2f8d>
...
040 (10054.000.000) 2023-09-04 18:16:11 Started transferring input files
	Transferring to host: <192.168.100.101:9618?addrs=192.168.100.101-9618&alias=node02&noUDP&sock=slot1_102123_a452_3552>
...
040 (10054.000.000) 2023-09-04 18:16:11 Finished transferring input files
...
001 (10054.000.000) 2023-09-04 18:16:12 Job executing on host: <192.168.100.101:9618?addrs=192.168.100.101-9618&alias=node02&noUDP&sock=startd_102084_b624>
	SlotName: slot1@node02
	CondorScratchDir = "/home/spool/lib/condor/execute/dir_178225"
	Cpus = 1
	Disk = 1873362
	Memory = 2006
...
006 (10054.000.000) 2023-09-04 18:16:20 Image size of job updated: 1
	0  -  MemoryUsage of job (MB)
	0  -  ResidentSetSize of job (KB)
...
006 (10054.000.000) 2023-09-04 18:17:08 Image size of job updated: 128
	1  -  MemoryUsage of job (MB)
	124  -  ResidentSetSize of job (KB)
...
005 (10054.000.000) 2023-09-04 18:17:08 Job terminated.
	(1) Normal termination (return value 0)
		Usr 0 00:00:00, Sys 0 00:00:00  -  Run Remote Usage
		Usr 0 00:00:00, Sys 0 00:00:00  -  Run Local Usage
		Usr 0 00:00:00, Sys 0 00:00:00  -  Total Remote Usage
		Usr 0 00:00:00, Sys 0 00:00:00  -  Total Local Usage
	0  -  Run Bytes Sent By Job
	1022  -  Run Bytes Received By Job
	0  -  Total Bytes Sent By Job
	1022  -  Total Bytes Received By Job
	Partitionable Resources :    Usage  Request Allocated 
	   Cpus                 :                 1         1 
	   Disk (KB)            :       17        1   1873362 
	   Memory (MB)          :        1        1      2006 

	Job terminated of its own accord at 2023-09-04T16:17:08Z with exit-code 0.
...
