000 (10223.000.000) 2023-09-04 18:14:50 Job submitted from host: <90.147.8.111:9618?addrs=90.147.8.111-9618&alias=ams&noUDP&sock=schedd_3306931_2f8d>
...
040 (10223.000.000) 2023-09-04 18:17:39 Started transferring input files
	Transferring to host: <192.168.100.101:9618?addrs=192.168.100.101-9618&alias=node02&noUDP&sock=slot39_102123_a452_3659>
...
040 (10223.000.000) 2023-09-04 18:17:39 Finished transferring input files
...
001 (10223.000.000) 2023-09-04 18:17:40 Job executing on host: <192.168.100.101:9618?addrs=192.168.100.101-9618&alias=node02&noUDP&sock=startd_102084_b624>
	SlotName: slot39@node02
	CondorScratchDir = "/home/spool/lib/condor/execute/dir_179172"
	Cpus = 1
	Disk = 1873362
	Memory = 2006
...
006 (10223.000.000) 2023-09-04 18:17:48 Image size of job updated: 1
	0  -  MemoryUsage of job (MB)
	0  -  ResidentSetSize of job (KB)
...
006 (10223.000.000) 2023-09-04 18:18:35 Image size of job updated: 128
	0  -  MemoryUsage of job (MB)
	0  -  ResidentSetSize of job (KB)
...
005 (10223.000.000) 2023-09-04 18:18:35 Job terminated.
	(1) Normal termination (return value 0)
		Usr 0 00:00:00, Sys 0 00:00:00  -  Run Remote Usage
		Usr 0 00:00:00, Sys 0 00:00:00  -  Run Local Usage
		Usr 0 00:00:00, Sys 0 00:00:00  -  Total Remote Usage
		Usr 0 00:00:00, Sys 0 00:00:00  -  Total Local Usage
	0  -  Run Bytes Sent By Job
	1022  -  Run Bytes Received By Job
	0  -  Total Bytes Sent By Job
	1022  -  Total Bytes Received By Job
	Partitionable Resources :    Usage  Request Allocated 
	   Cpus                 :     1.00        1         1 
	   Disk (KB)            :    22           1   1873362 
	   Memory (MB)          :     0           1      2006 

	Job terminated of its own accord at 2023-09-04T16:18:35Z with exit-code 0.
...
