000 (9736.000.000) 2023-09-04 15:33:21 Job submitted from host: <90.147.8.111:9618?addrs=90.147.8.111-9618&alias=ams&noUDP&sock=schedd_3306931_2f8d>
...
040 (9736.000.000) 2023-09-04 15:34:41 Started transferring input files
	Transferring to host: <192.168.100.3:9618?addrs=192.168.100.3-9618&alias=node03&noUDP&sock=slot6_56810_88bf_3984>
...
040 (9736.000.000) 2023-09-04 15:34:41 Finished transferring input files
...
001 (9736.000.000) 2023-09-04 15:34:42 Job executing on host: <192.168.100.3:9618?addrs=192.168.100.3-9618&alias=node03&noUDP&sock=startd_56773_2261>
	SlotName: slot6@node03
...
006 (9736.000.000) 2023-09-04 15:34:51 Image size of job updated: 433712
	63  -  MemoryUsage of job (MB)
	63604  -  ResidentSetSize of job (KB)
...
006 (9736.000.000) 2023-09-04 15:35:26 Image size of job updated: 464976
	63  -  MemoryUsage of job (MB)
	63604  -  ResidentSetSize of job (KB)
...
005 (9736.000.000) 2023-09-04 15:35:26 Job terminated.
	(1) Normal termination (return value 0)
		Usr 0 00:00:43, Sys 0 00:00:00  -  Run Remote Usage
		Usr 0 00:00:00, Sys 0 00:00:00  -  Run Local Usage
		Usr 0 00:00:43, Sys 0 00:00:00  -  Total Remote Usage
		Usr 0 00:00:00, Sys 0 00:00:00  -  Total Local Usage
	0  -  Run Bytes Sent By Job
	1020  -  Run Bytes Received By Job
	0  -  Total Bytes Sent By Job
	1020  -  Total Bytes Received By Job
	Partitionable Resources :    Usage  Request Allocated 
	   Cpus                 :                 1         1 
	   Disk (KB)            :       17        1   4077838 
	   Memory (MB)          :       63        1      2000 

	Job terminated of its own accord at 2023-09-04T13:35:26Z with exit-code 0.
...
