000 (9620.000.000) 2023-09-04 15:33:15 Job submitted from host: <90.147.8.111:9618?addrs=90.147.8.111-9618&alias=ams&noUDP&sock=schedd_3306931_2f8d>
...
040 (9620.000.000) 2023-09-04 15:33:35 Started transferring input files
	Transferring to host: <192.168.100.3:9618?addrs=192.168.100.3-9618&alias=node03&noUDP&sock=slot7_56810_88bf_3932>
...
040 (9620.000.000) 2023-09-04 15:33:35 Finished transferring input files
...
001 (9620.000.000) 2023-09-04 15:33:38 Job executing on host: <192.168.100.3:9618?addrs=192.168.100.3-9618&alias=node03&noUDP&sock=startd_56773_2261>
	SlotName: slot7@node03
...
006 (9620.000.000) 2023-09-04 15:33:47 Image size of job updated: 432508
	61  -  MemoryUsage of job (MB)
	62412  -  ResidentSetSize of job (KB)
...
006 (9620.000.000) 2023-09-04 15:34:34 Image size of job updated: 464976
	61  -  MemoryUsage of job (MB)
	62412  -  ResidentSetSize of job (KB)
...
005 (9620.000.000) 2023-09-04 15:34:34 Job terminated.
	(1) Normal termination (return value 0)
		Usr 0 00:00:52, Sys 0 00:00:00  -  Run Remote Usage
		Usr 0 00:00:00, Sys 0 00:00:00  -  Run Local Usage
		Usr 0 00:00:52, Sys 0 00:00:00  -  Total Remote Usage
		Usr 0 00:00:00, Sys 0 00:00:00  -  Total Local Usage
	0  -  Run Bytes Sent By Job
	1020  -  Run Bytes Received By Job
	0  -  Total Bytes Sent By Job
	1020  -  Total Bytes Received By Job
	Partitionable Resources :    Usage  Request Allocated 
	   Cpus                 :                 1         1 
	   Disk (KB)            :       16        1   4077838 
	   Memory (MB)          :       61        1      2000 

	Job terminated of its own accord at 2023-09-04T13:34:34Z with exit-code 0.
...
