000 (10064.000.000) 2023-09-04 18:14:41 Job submitted from host: <90.147.8.111:9618?addrs=90.147.8.111-9618&alias=ams&noUDP&sock=schedd_3306931_2f8d>
...
040 (10064.000.000) 2023-09-04 18:16:13 Started transferring input files
	Transferring to host: <192.168.100.3:9618?addrs=192.168.100.3-9618&alias=node03&noUDP&sock=slot35_56810_88bf_4170>
...
040 (10064.000.000) 2023-09-04 18:16:13 Finished transferring input files
...
001 (10064.000.000) 2023-09-04 18:16:14 Job executing on host: <192.168.100.3:9618?addrs=192.168.100.3-9618&alias=node03&noUDP&sock=startd_56773_2261>
	SlotName: slot35@node03
...
006 (10064.000.000) 2023-09-04 18:16:22 Image size of job updated: 422684
	61  -  MemoryUsage of job (MB)
	61996  -  ResidentSetSize of job (KB)
...
006 (10064.000.000) 2023-09-04 18:17:21 Image size of job updated: 464552
	61  -  MemoryUsage of job (MB)
	62000  -  ResidentSetSize of job (KB)
...
005 (10064.000.000) 2023-09-04 18:17:21 Job terminated.
	(1) Normal termination (return value 0)
		Usr 0 00:01:05, Sys 0 00:00:00  -  Run Remote Usage
		Usr 0 00:00:00, Sys 0 00:00:00  -  Run Local Usage
		Usr 0 00:01:05, Sys 0 00:00:00  -  Total Remote Usage
		Usr 0 00:00:00, Sys 0 00:00:00  -  Total Local Usage
	0  -  Run Bytes Sent By Job
	1035  -  Run Bytes Received By Job
	0  -  Total Bytes Sent By Job
	1035  -  Total Bytes Received By Job
	Partitionable Resources :    Usage  Request Allocated 
	   Cpus                 :                 1         1 
	   Disk (KB)            :       17        2   4077838 
	   Memory (MB)          :       61        1      2000 

	Job terminated of its own accord at 2023-09-04T16:17:21Z with exit-code 0.
...
