000 (10268.000.000) 2023-09-04 18:14:52 Job submitted from host: <90.147.8.111:9618?addrs=90.147.8.111-9618&alias=ams&noUDP&sock=schedd_3306931_2f8d>
...
040 (10268.000.000) 2023-09-04 18:18:09 Started transferring input files
	Transferring to host: <192.168.100.3:9618?addrs=192.168.100.3-9618&alias=node03&noUDP&sock=slot16_56810_88bf_4253>
...
040 (10268.000.000) 2023-09-04 18:18:09 Finished transferring input files
...
001 (10268.000.000) 2023-09-04 18:18:10 Job executing on host: <192.168.100.3:9618?addrs=192.168.100.3-9618&alias=node03&noUDP&sock=startd_56773_2261>
	SlotName: slot16@node03
...
006 (10268.000.000) 2023-09-04 18:18:18 Image size of job updated: 441640
	60  -  MemoryUsage of job (MB)
	60792  -  ResidentSetSize of job (KB)
...
006 (10268.000.000) 2023-09-04 18:19:08 Image size of job updated: 464552
	60  -  MemoryUsage of job (MB)
	60812  -  ResidentSetSize of job (KB)
...
005 (10268.000.000) 2023-09-04 18:19:08 Job terminated.
	(1) Normal termination (return value 0)
		Usr 0 00:00:57, Sys 0 00:00:00  -  Run Remote Usage
		Usr 0 00:00:00, Sys 0 00:00:00  -  Run Local Usage
		Usr 0 00:00:57, Sys 0 00:00:00  -  Total Remote Usage
		Usr 0 00:00:00, Sys 0 00:00:00  -  Total Local Usage
	0  -  Run Bytes Sent By Job
	1033  -  Run Bytes Received By Job
	0  -  Total Bytes Sent By Job
	1033  -  Total Bytes Received By Job
	Partitionable Resources :    Usage  Request Allocated 
	   Cpus                 :                 1         1 
	   Disk (KB)            :       17        2   4077838 
	   Memory (MB)          :       60        1      2000 

	Job terminated of its own accord at 2023-09-04T16:19:08Z with exit-code 0.
...
