000 (10271.000.000) 2023-09-04 18:14:52 Job submitted from host: <90.147.8.111:9618?addrs=90.147.8.111-9618&alias=ams&noUDP&sock=schedd_3306931_2f8d>
...
040 (10271.000.000) 2023-09-04 18:18:14 Started transferring input files
	Transferring to host: <192.168.100.101:9618?addrs=192.168.100.101-9618&alias=node02&noUDP&sock=slot54_102123_a452_3674>
...
040 (10271.000.000) 2023-09-04 18:18:14 Finished transferring input files
...
001 (10271.000.000) 2023-09-04 18:18:15 Job executing on host: <192.168.100.101:9618?addrs=192.168.100.101-9618&alias=node02&noUDP&sock=startd_102084_b624>
	SlotName: slot54@node02
	CondorScratchDir = "/home/spool/lib/condor/execute/dir_179388"
	Cpus = 1
	Disk = 1873362
	Memory = 2006
...
006 (10271.000.000) 2023-09-04 18:18:23 Image size of job updated: 2
	0  -  MemoryUsage of job (MB)
	0  -  ResidentSetSize of job (KB)
...
006 (10271.000.000) 2023-09-04 18:19:06 Image size of job updated: 128
	1  -  MemoryUsage of job (MB)
	124  -  ResidentSetSize of job (KB)
...
005 (10271.000.000) 2023-09-04 18:19:06 Job terminated.
	(1) Normal termination (return value 0)
		Usr 0 00:00:00, Sys 0 00:00:00  -  Run Remote Usage
		Usr 0 00:00:00, Sys 0 00:00:00  -  Run Local Usage
		Usr 0 00:00:00, Sys 0 00:00:00  -  Total Remote Usage
		Usr 0 00:00:00, Sys 0 00:00:00  -  Total Local Usage
	0  -  Run Bytes Sent By Job
	1037  -  Run Bytes Received By Job
	0  -  Total Bytes Sent By Job
	1037  -  Total Bytes Received By Job
	Partitionable Resources :    Usage  Request Allocated 
	   Cpus                 :     0.92        1         1 
	   Disk (KB)            :    22           2   1873362 
	   Memory (MB)          :     1           1      2006 

	Job terminated of its own accord at 2023-09-04T16:19:06Z with exit-code 0.
...
