000 (9899.000.000) 2023-09-04 18:14:32 Job submitted from host: <90.147.8.111:9618?addrs=90.147.8.111-9618&alias=ams&noUDP&sock=schedd_3306931_2f8d>
...
040 (9899.000.000) 2023-09-04 18:14:34 Started transferring input files
	Transferring to host: <192.168.100.3:9618?addrs=192.168.100.3-9618&alias=node03&noUDP&sock=slot1_56810_88bf_4083>
...
040 (9899.000.000) 2023-09-04 18:14:34 Finished transferring input files
...
001 (9899.000.000) 2023-09-04 18:14:35 Job executing on host: <192.168.100.3:9618?addrs=192.168.100.3-9618&alias=node03&noUDP&sock=startd_56773_2261>
	SlotName: slot1@node03
...
006 (9899.000.000) 2023-09-04 18:14:44 Image size of job updated: 49480
	1  -  MemoryUsage of job (MB)
	40  -  ResidentSetSize of job (KB)
...
000 (10289.000.000) 2023-09-04 18:14:53 Job submitted from host: <90.147.8.111:9618?addrs=90.147.8.111-9618&alias=ams&noUDP&sock=schedd_3306931_2f8d>
...
040 (10289.000.000) 2023-09-04 18:14:55 Started transferring input files
	Transferring to host: <192.168.100.3:9618?addrs=192.168.100.3-9618&alias=node03&noUDP&sock=slot4_56810_88bf_4085>
...
040 (10289.000.000) 2023-09-04 18:14:55 Finished transferring input files
...
001 (10289.000.000) 2023-09-04 18:14:57 Job executing on host: <192.168.100.3:9618?addrs=192.168.100.3-9618&alias=node03&noUDP&sock=startd_56773_2261>
	SlotName: slot4@node03
...
006 (10289.000.000) 2023-09-04 18:15:06 Image size of job updated: 467252
	44  -  MemoryUsage of job (MB)
	44136  -  ResidentSetSize of job (KB)
...
006 (10289.000.000) 2023-09-04 18:19:12 Image size of job updated: 635468
	44  -  MemoryUsage of job (MB)
	44136  -  ResidentSetSize of job (KB)
...
005 (10289.000.000) 2023-09-04 18:19:12 Job terminated.
	(1) Normal termination (return value 0)
		Usr 0 00:01:09, Sys 0 00:01:04  -  Run Remote Usage
		Usr 0 00:00:00, Sys 0 00:00:00  -  Run Local Usage
		Usr 0 00:01:09, Sys 0 00:01:04  -  Total Remote Usage
		Usr 0 00:00:00, Sys 0 00:00:00  -  Total Local Usage
	0  -  Run Bytes Sent By Job
	278  -  Run Bytes Received By Job
	0  -  Total Bytes Sent By Job
	278  -  Total Bytes Received By Job
	Partitionable Resources :    Usage  Request Allocated 
	   Cpus                 :     0.46        1         1 
	   Disk (KB)            :    21           1   4077838 
	   Memory (MB)          :    44           1      2000 

	Job terminated of its own accord at 2023-09-04T16:19:12Z with exit-code 0.
...
006 (9899.000.000) 2023-09-04 18:19:12 Image size of job updated: 635468
	1  -  MemoryUsage of job (MB)
	40  -  ResidentSetSize of job (KB)
...
005 (9899.000.000) 2023-09-04 18:19:12 Job terminated.
	(1) Normal termination (return value 0)
		Usr 0 00:01:14, Sys 0 00:01:07  -  Run Remote Usage
		Usr 0 00:00:00, Sys 0 00:00:00  -  Run Local Usage
		Usr 0 00:01:14, Sys 0 00:01:07  -  Total Remote Usage
		Usr 0 00:00:00, Sys 0 00:00:00  -  Total Local Usage
	0  -  Run Bytes Sent By Job
	278  -  Run Bytes Received By Job
	0  -  Total Bytes Sent By Job
	278  -  Total Bytes Received By Job
	Partitionable Resources :    Usage  Request Allocated 
	   Cpus                 :     0.32        1         1 
	   Disk (KB)            :    21           1   4077838 
	   Memory (MB)          :     1           1      2000 

	Job terminated of its own accord at 2023-09-04T16:19:12Z with exit-code 0.
...
