000 (10122.000.000) 2023-09-04 18:14:44 Job submitted from host: <90.147.8.111:9618?addrs=90.147.8.111-9618&alias=ams&noUDP&sock=schedd_3306931_2f8d>
...
040 (10122.000.000) 2023-09-04 18:16:44 Started transferring input files
	Transferring to host: <192.168.100.3:9618?addrs=192.168.100.3-9618&alias=node03&noUDP&sock=slot11_56810_88bf_4178>
...
040 (10122.000.000) 2023-09-04 18:16:44 Finished transferring input files
...
001 (10122.000.000) 2023-09-04 18:16:45 Job executing on host: <192.168.100.3:9618?addrs=192.168.100.3-9618&alias=node03&noUDP&sock=startd_56773_2261>
	SlotName: slot11@node03
...
006 (10122.000.000) 2023-09-04 18:16:53 Image size of job updated: 351772
	58  -  MemoryUsage of job (MB)
	58872  -  ResidentSetSize of job (KB)
...
006 (10122.000.000) 2023-09-04 18:17:52 Image size of job updated: 464552
	58  -  MemoryUsage of job (MB)
	58900  -  ResidentSetSize of job (KB)
...
005 (10122.000.000) 2023-09-04 18:17:52 Job terminated.
	(1) Normal termination (return value 0)
		Usr 0 00:01:05, Sys 0 00:00:00  -  Run Remote Usage
		Usr 0 00:00:00, Sys 0 00:00:00  -  Run Local Usage
		Usr 0 00:01:05, Sys 0 00:00:00  -  Total Remote Usage
		Usr 0 00:00:00, Sys 0 00:00:00  -  Total Local Usage
	0  -  Run Bytes Sent By Job
	1037  -  Run Bytes Received By Job
	0  -  Total Bytes Sent By Job
	1037  -  Total Bytes Received By Job
	Partitionable Resources :    Usage  Request Allocated 
	   Cpus                 :                 1         1 
	   Disk (KB)            :       17        2   4077838 
	   Memory (MB)          :       58        1      2000 

	Job terminated of its own accord at 2023-09-04T16:17:52Z with exit-code 0.
...
