000 (9662.000.000) 2023-09-04 15:33:17 Job submitted from host: <90.147.8.111:9618?addrs=90.147.8.111-9618&alias=ams&noUDP&sock=schedd_3306931_2f8d>
...
040 (9662.000.000) 2023-09-04 15:33:35 Started transferring input files
	Transferring to host: <192.168.100.101:9618?addrs=192.168.100.101-9618&alias=node02&noUDP&sock=slot1_102123_a452_3347>
...
040 (9662.000.000) 2023-09-04 15:33:35 Finished transferring input files
...
001 (9662.000.000) 2023-09-04 15:33:40 Job executing on host: <192.168.100.101:9618?addrs=192.168.100.101-9618&alias=node02&noUDP&sock=startd_102084_b624>
	SlotName: slot1@node02
	CondorScratchDir = "/home/spool/lib/condor/execute/dir_173540"
	Cpus = 1
	Disk = 1873362
	Memory = 2006
...
006 (9662.000.000) 2023-09-04 15:33:48 Image size of job updated: 2
	0  -  MemoryUsage of job (MB)
	0  -  ResidentSetSize of job (KB)
...
006 (9662.000.000) 2023-09-04 15:35:44 Image size of job updated: 85476
	9  -  MemoryUsage of job (MB)
	8828  -  ResidentSetSize of job (KB)
...
005 (9662.000.000) 2023-09-04 15:35:44 Job terminated.
	(1) Normal termination (return value 0)
		Usr 0 00:00:00, Sys 0 00:00:00  -  Run Remote Usage
		Usr 0 00:00:00, Sys 0 00:00:00  -  Run Local Usage
		Usr 0 00:00:00, Sys 0 00:00:00  -  Total Remote Usage
		Usr 0 00:00:00, Sys 0 00:00:00  -  Total Local Usage
	0  -  Run Bytes Sent By Job
	1035  -  Run Bytes Received By Job
	0  -  Total Bytes Sent By Job
	1035  -  Total Bytes Received By Job
	Partitionable Resources :    Usage  Request Allocated 
	   Cpus                 :                 1         1 
	   Disk (KB)            :       16        2   1873362 
	   Memory (MB)          :        9        1      2006 

	Job terminated of its own accord at 2023-09-04T13:35:44Z with exit-code 0.
...
