000 (10136.000.000) 2023-09-04 18:14:45 Job submitted from host: <90.147.8.111:9618?addrs=90.147.8.111-9618&alias=ams&noUDP&sock=schedd_3306931_2f8d>
...
040 (10136.000.000) 2023-09-04 18:16:59 Started transferring input files
	Transferring to host: <192.168.100.3:9618?addrs=192.168.100.3-9618&alias=node03&noUDP&sock=slot31_56810_88bf_4191>
...
040 (10136.000.000) 2023-09-04 18:16:59 Finished transferring input files
...
001 (10136.000.000) 2023-09-04 18:17:00 Job executing on host: <192.168.100.3:9618?addrs=192.168.100.3-9618&alias=node03&noUDP&sock=startd_56773_2261>
	SlotName: slot31@node03
...
006 (10136.000.000) 2023-09-04 18:17:08 Image size of job updated: 461180
	61  -  MemoryUsage of job (MB)
	62000  -  ResidentSetSize of job (KB)
...
006 (10136.000.000) 2023-09-04 18:18:07 Image size of job updated: 464552
	61  -  MemoryUsage of job (MB)
	62000  -  ResidentSetSize of job (KB)
...
005 (10136.000.000) 2023-09-04 18:18:07 Job terminated.
	(1) Normal termination (return value 0)
		Usr 0 00:01:06, Sys 0 00:00:00  -  Run Remote Usage
		Usr 0 00:00:00, Sys 0 00:00:00  -  Run Local Usage
		Usr 0 00:01:06, Sys 0 00:00:00  -  Total Remote Usage
		Usr 0 00:00:00, Sys 0 00:00:00  -  Total Local Usage
	0  -  Run Bytes Sent By Job
	1035  -  Run Bytes Received By Job
	0  -  Total Bytes Sent By Job
	1035  -  Total Bytes Received By Job
	Partitionable Resources :    Usage  Request Allocated 
	   Cpus                 :     0.99        1         1 
	   Disk (KB)            :    22           2   4077838 
	   Memory (MB)          :    61           1      2000 

	Job terminated of its own accord at 2023-09-04T16:18:07Z with exit-code 0.
...
