000 (9635.000.000) 2023-09-04 15:33:16 Job submitted from host: <90.147.8.111:9618?addrs=90.147.8.111-9618&alias=ams&noUDP&sock=schedd_3306931_2f8d>
...
040 (9635.000.000) 2023-09-04 15:33:36 Started transferring input files
	Transferring to host: <192.168.100.3:9618?addrs=192.168.100.3-9618&alias=node03&noUDP&sock=slot22_56810_88bf_3947>
...
040 (9635.000.000) 2023-09-04 15:33:36 Finished transferring input files
...
001 (9635.000.000) 2023-09-04 15:33:38 Job executing on host: <192.168.100.3:9618?addrs=192.168.100.3-9618&alias=node03&noUDP&sock=startd_56773_2261>
	SlotName: slot22@node03
...
006 (9635.000.000) 2023-09-04 15:33:48 Image size of job updated: 431708
	62  -  MemoryUsage of job (MB)
	63180  -  ResidentSetSize of job (KB)
...
006 (9635.000.000) 2023-09-04 15:34:46 Image size of job updated: 464552
	62  -  MemoryUsage of job (MB)
	63180  -  ResidentSetSize of job (KB)
...
005 (9635.000.000) 2023-09-04 15:34:46 Job terminated.
	(1) Normal termination (return value 0)
		Usr 0 00:01:03, Sys 0 00:00:00  -  Run Remote Usage
		Usr 0 00:00:00, Sys 0 00:00:00  -  Run Local Usage
		Usr 0 00:01:03, Sys 0 00:00:00  -  Total Remote Usage
		Usr 0 00:00:00, Sys 0 00:00:00  -  Total Local Usage
	0  -  Run Bytes Sent By Job
	1033  -  Run Bytes Received By Job
	0  -  Total Bytes Sent By Job
	1033  -  Total Bytes Received By Job
	Partitionable Resources :    Usage  Request Allocated 
	   Cpus                 :                 1         1 
	   Disk (KB)            :       16        2   4077838 
	   Memory (MB)          :       62        1      2000 

	Job terminated of its own accord at 2023-09-04T13:34:46Z with exit-code 0.
...
