000 (10014.000.000) 2023-09-04 18:14:39 Job submitted from host: <90.147.8.111:9618?addrs=90.147.8.111-9618&alias=ams&noUDP&sock=schedd_3306931_2f8d>
...
040 (10014.000.000) 2023-09-04 18:15:49 Started transferring input files
	Transferring to host: <192.168.100.3:9618?addrs=192.168.100.3-9618&alias=node03&noUDP&sock=slot14_56810_88bf_4134>
...
040 (10014.000.000) 2023-09-04 18:15:49 Finished transferring input files
...
001 (10014.000.000) 2023-09-04 18:15:50 Job executing on host: <192.168.100.3:9618?addrs=192.168.100.3-9618&alias=node03&noUDP&sock=startd_56773_2261>
	SlotName: slot14@node03
...
006 (10014.000.000) 2023-09-04 18:15:59 Image size of job updated: 461588
	62  -  MemoryUsage of job (MB)
	63148  -  ResidentSetSize of job (KB)
...
006 (10014.000.000) 2023-09-04 18:16:44 Image size of job updated: 464976
	62  -  MemoryUsage of job (MB)
	63180  -  ResidentSetSize of job (KB)
...
005 (10014.000.000) 2023-09-04 18:16:44 Job terminated.
	(1) Normal termination (return value 0)
		Usr 0 00:00:52, Sys 0 00:00:00  -  Run Remote Usage
		Usr 0 00:00:00, Sys 0 00:00:00  -  Run Local Usage
		Usr 0 00:00:52, Sys 0 00:00:00  -  Total Remote Usage
		Usr 0 00:00:00, Sys 0 00:00:00  -  Total Local Usage
	0  -  Run Bytes Sent By Job
	1020  -  Run Bytes Received By Job
	0  -  Total Bytes Sent By Job
	1020  -  Total Bytes Received By Job
	Partitionable Resources :    Usage  Request Allocated 
	   Cpus                 :                 1         1 
	   Disk (KB)            :       17        1   4077838 
	   Memory (MB)          :       62        1      2000 

	Job terminated of its own accord at 2023-09-04T16:16:44Z with exit-code 0.
...
