000 (10066.000.000) 2023-09-04 18:14:42 Job submitted from host: <90.147.8.111:9618?addrs=90.147.8.111-9618&alias=ams&noUDP&sock=schedd_3306931_2f8d>
...
040 (10066.000.000) 2023-09-04 18:16:13 Started transferring input files
	Transferring to host: <192.168.100.3:9618?addrs=192.168.100.3-9618&alias=node03&noUDP&sock=slot21_56810_88bf_4172>
...
040 (10066.000.000) 2023-09-04 18:16:13 Finished transferring input files
...
001 (10066.000.000) 2023-09-04 18:16:14 Job executing on host: <192.168.100.3:9618?addrs=192.168.100.3-9618&alias=node03&noUDP&sock=startd_56773_2261>
	SlotName: slot21@node03
...
006 (10066.000.000) 2023-09-04 18:16:23 Image size of job updated: 422684
	61  -  MemoryUsage of job (MB)
	62432  -  ResidentSetSize of job (KB)
...
006 (10066.000.000) 2023-09-04 18:17:20 Image size of job updated: 464552
	62  -  MemoryUsage of job (MB)
	62728  -  ResidentSetSize of job (KB)
...
005 (10066.000.000) 2023-09-04 18:17:21 Job terminated.
	(1) Normal termination (return value 0)
		Usr 0 00:01:05, Sys 0 00:00:00  -  Run Remote Usage
		Usr 0 00:00:00, Sys 0 00:00:00  -  Run Local Usage
		Usr 0 00:01:05, Sys 0 00:00:00  -  Total Remote Usage
		Usr 0 00:00:00, Sys 0 00:00:00  -  Total Local Usage
	0  -  Run Bytes Sent By Job
	1037  -  Run Bytes Received By Job
	0  -  Total Bytes Sent By Job
	1037  -  Total Bytes Received By Job
	Partitionable Resources :    Usage  Request Allocated 
	   Cpus                 :                 1         1 
	   Disk (KB)            :       17        2   4077838 
	   Memory (MB)          :       62        1      2000 

	Job terminated of its own accord at 2023-09-04T16:17:20Z with exit-code 0.
...
