000 (9626.000.000) 2023-09-04 15:33:15 Job submitted from host: <90.147.8.111:9618?addrs=90.147.8.111-9618&alias=ams&noUDP&sock=schedd_3306931_2f8d>
...
040 (9626.000.000) 2023-09-04 15:33:35 Started transferring input files
	Transferring to host: <192.168.100.3:9618?addrs=192.168.100.3-9618&alias=node03&noUDP&sock=slot13_56810_88bf_3938>
...
040 (9626.000.000) 2023-09-04 15:33:35 Finished transferring input files
...
001 (9626.000.000) 2023-09-04 15:33:38 Job executing on host: <192.168.100.3:9618?addrs=192.168.100.3-9618&alias=node03&noUDP&sock=startd_56773_2261>
	SlotName: slot13@node03
...
006 (9626.000.000) 2023-09-04 15:33:48 Image size of job updated: 340212
	23  -  MemoryUsage of job (MB)
	23036  -  ResidentSetSize of job (KB)
...
006 (9626.000.000) 2023-09-04 15:34:52 Image size of job updated: 464552
	23  -  MemoryUsage of job (MB)
	23036  -  ResidentSetSize of job (KB)
...
005 (9626.000.000) 2023-09-04 15:34:52 Job terminated.
	(1) Normal termination (return value 0)
		Usr 0 00:01:05, Sys 0 00:00:00  -  Run Remote Usage
		Usr 0 00:00:00, Sys 0 00:00:00  -  Run Local Usage
		Usr 0 00:01:05, Sys 0 00:00:00  -  Total Remote Usage
		Usr 0 00:00:00, Sys 0 00:00:00  -  Total Local Usage
	0  -  Run Bytes Sent By Job
	1033  -  Run Bytes Received By Job
	0  -  Total Bytes Sent By Job
	1033  -  Total Bytes Received By Job
	Partitionable Resources :    Usage  Request Allocated 
	   Cpus                 :                 1         1 
	   Disk (KB)            :       16        2   4077838 
	   Memory (MB)          :       23        1      2000 

	Job terminated of its own accord at 2023-09-04T13:34:52Z with exit-code 0.
...
