000 (10138.000.000) 2023-09-04 18:14:45 Job submitted from host: <90.147.8.111:9618?addrs=90.147.8.111-9618&alias=ams&noUDP&sock=schedd_3306931_2f8d>
...
040 (10138.000.000) 2023-09-04 18:17:00 Started transferring input files
	Transferring to host: <192.168.100.3:9618?addrs=192.168.100.3-9618&alias=node03&noUDP&sock=slot33_56810_88bf_4193>
...
040 (10138.000.000) 2023-09-04 18:17:00 Finished transferring input files
...
001 (10138.000.000) 2023-09-04 18:17:01 Job executing on host: <192.168.100.3:9618?addrs=192.168.100.3-9618&alias=node03&noUDP&sock=startd_56773_2261>
	SlotName: slot33@node03
...
006 (10138.000.000) 2023-09-04 18:17:10 Image size of job updated: 461444
	62  -  MemoryUsage of job (MB)
	63180  -  ResidentSetSize of job (KB)
...
006 (10138.000.000) 2023-09-04 18:18:07 Image size of job updated: 464552
	62  -  MemoryUsage of job (MB)
	63180  -  ResidentSetSize of job (KB)
...
005 (10138.000.000) 2023-09-04 18:18:07 Job terminated.
	(1) Normal termination (return value 0)
		Usr 0 00:01:04, Sys 0 00:00:00  -  Run Remote Usage
		Usr 0 00:00:00, Sys 0 00:00:00  -  Run Local Usage
		Usr 0 00:01:04, Sys 0 00:00:00  -  Total Remote Usage
		Usr 0 00:00:00, Sys 0 00:00:00  -  Total Local Usage
	0  -  Run Bytes Sent By Job
	1035  -  Run Bytes Received By Job
	0  -  Total Bytes Sent By Job
	1035  -  Total Bytes Received By Job
	Partitionable Resources :    Usage  Request Allocated 
	   Cpus                 :     1.00        1         1 
	   Disk (KB)            :    22           2   4077838 
	   Memory (MB)          :    62           1      2000 

	Job terminated of its own accord at 2023-09-04T16:18:07Z with exit-code 0.
...
