000 (10058.000.000) 2023-09-04 18:14:41 Job submitted from host: <90.147.8.111:9618?addrs=90.147.8.111-9618&alias=ams&noUDP&sock=schedd_3306931_2f8d>
...
040 (10058.000.000) 2023-09-04 18:16:12 Started transferring input files
	Transferring to host: <192.168.100.3:9618?addrs=192.168.100.3-9618&alias=node03&noUDP&sock=slot45_56810_88bf_4164>
...
040 (10058.000.000) 2023-09-04 18:16:12 Finished transferring input files
...
001 (10058.000.000) 2023-09-04 18:16:13 Job executing on host: <192.168.100.3:9618?addrs=192.168.100.3-9618&alias=node03&noUDP&sock=startd_56773_2261>
	SlotName: slot45@node03
...
006 (10058.000.000) 2023-09-04 18:16:21 Image size of job updated: 422684
	57  -  MemoryUsage of job (MB)
	58100  -  ResidentSetSize of job (KB)
...
006 (10058.000.000) 2023-09-04 18:17:21 Image size of job updated: 464552
	57  -  MemoryUsage of job (MB)
	58140  -  ResidentSetSize of job (KB)
...
005 (10058.000.000) 2023-09-04 18:17:21 Job terminated.
	(1) Normal termination (return value 0)
		Usr 0 00:01:06, Sys 0 00:00:00  -  Run Remote Usage
		Usr 0 00:00:00, Sys 0 00:00:00  -  Run Local Usage
		Usr 0 00:01:06, Sys 0 00:00:00  -  Total Remote Usage
		Usr 0 00:00:00, Sys 0 00:00:00  -  Total Local Usage
	0  -  Run Bytes Sent By Job
	1037  -  Run Bytes Received By Job
	0  -  Total Bytes Sent By Job
	1037  -  Total Bytes Received By Job
	Partitionable Resources :    Usage  Request Allocated 
	   Cpus                 :                 1         1 
	   Disk (KB)            :       17        2   4077838 
	   Memory (MB)          :       57        1      2000 

	Job terminated of its own accord at 2023-09-04T16:17:21Z with exit-code 0.
...
