000 (9732.000.000) 2023-09-04 15:33:20 Job submitted from host: <90.147.8.111:9618?addrs=90.147.8.111-9618&alias=ams&noUDP&sock=schedd_3306931_2f8d>
...
040 (9732.000.000) 2023-09-04 15:34:35 Started transferring input files
	Transferring to host: <192.168.100.3:9618?addrs=192.168.100.3-9618&alias=node03&noUDP&sock=slot8_56810_88bf_3980>
...
040 (9732.000.000) 2023-09-04 15:34:35 Finished transferring input files
...
001 (9732.000.000) 2023-09-04 15:34:36 Job executing on host: <192.168.100.3:9618?addrs=192.168.100.3-9618&alias=node03&noUDP&sock=startd_56773_2261>
	SlotName: slot8@node03
...
006 (9732.000.000) 2023-09-04 15:34:45 Image size of job updated: 341120
	8  -  MemoryUsage of job (MB)
	7500  -  ResidentSetSize of job (KB)
...
006 (9732.000.000) 2023-09-04 15:35:36 Image size of job updated: 464976
	8  -  MemoryUsage of job (MB)
	7500  -  ResidentSetSize of job (KB)
...
005 (9732.000.000) 2023-09-04 15:35:36 Job terminated.
	(1) Normal termination (return value 0)
		Usr 0 00:00:43, Sys 0 00:00:00  -  Run Remote Usage
		Usr 0 00:00:00, Sys 0 00:00:00  -  Run Local Usage
		Usr 0 00:00:43, Sys 0 00:00:00  -  Total Remote Usage
		Usr 0 00:00:00, Sys 0 00:00:00  -  Total Local Usage
	0  -  Run Bytes Sent By Job
	1020  -  Run Bytes Received By Job
	0  -  Total Bytes Sent By Job
	1020  -  Total Bytes Received By Job
	Partitionable Resources :    Usage  Request Allocated 
	   Cpus                 :                 1         1 
	   Disk (KB)            :       17        1   4077838 
	   Memory (MB)          :        8        1      2000 

	Job terminated of its own accord at 2023-09-04T13:35:36Z with exit-code 0.
...
