Ciao! I'm monitoring
Entering in Monitoring
TotNumberEvents_computed 8400000
['e-', 'proton', 'alpha']
{"ok":true,"result":{"message_id":11720,"sender_chat":{"id":-1001921335158,"title":"\ud83d\udc0d\ud83d\udce9\ud83d\udc0d G4 status \ud83d\udc0d\ud83d\udce9\ud83d\udc0d","username":"ilmiobotpernotifiche","type":"channel"},"chat":{"id":-1001921335158,"title":"\ud83d\udc0d\ud83d\udce9\ud83d\udc0d G4 status \ud83d\udc0d\ud83d\udce9\ud83d\udc0d","username":"ilmiobotpernotifiche","type":"channel"},"date":1693834442,"text":"Statistics\nEvents processed\n20000 / 8400000\n.ooo00ooo..ooo00ooo.\nF0:  -  -  -  -  -  -  -  -  -  -  -  -  -  -  -  -  -  -  -  -  -  -  -  -  50e%  -  -  -  -  -  -  -  -  -  -  50e%  -  -  50e%  -  -  -  -  -  -  50e%  -  -  -  -  -  -  -  -  -  -  -  -  -  -  -  50e%  -  -  -  -  -  -  50e%  - \n\nF1:  -  -  -  -  -  -  -  -  -  -  -  -  -  -  -  -  -  -  -  -  -  -  -  50e%  -  -  -  -  -  -  -  -  -  -  -  -  -  -  -  -  -  -  -  -  -  -  -  -  -  -  -  -  -  -  -  -  -  -  -  -  -  -  -  -  -  -  -  -  -  - \n\n.ooo00ooo..ooo00ooo.\nTot Percentage: 0.23809523809523808\nTime elapsed: 20.001655101776123 seconds","entities":[{"offset":0,"length":10,"type":"bold"},{"offset":11,"length":16,"type":"bold"},{"offset":44,"length":20,"type":"bold"},{"offset":518,"length":20,"type":"bold"},{"offset":539,"length":14,"type":"bold"},{"offset":575,"length":12,"type":"bold"}]}}
<b>Statistics</b>
<b>Events processed</b>
20000 / 8400000
<b>.ooo00ooo..ooo00ooo.</b>
F0:  -  -  -  -  -  -  -  -  -  -  -  -  -  -  -  -  -  -  -  -  -  -  -  -  50e%  -  -  -  -  -  -  -  -  -  -  50e%  -  -  50e%  -  -  -  -  -  -  50e%  -  -  -  -  -  -  -  -  -  -  -  -  -  -  -  50e%  -  -  -  -  -  -  50e%  - 

F1:  -  -  -  -  -  -  -  -  -  -  -  -  -  -  -  -  -  -  -  -  -  -  -  50e%  -  -  -  -  -  -  -  -  -  -  -  -  -  -  -  -  -  -  -  -  -  -  -  -  -  -  -  -  -  -  -  -  -  -  -  -  -  -  -  -  -  -  -  -  -  - 

<b>.ooo00ooo..ooo00ooo.</b>
<b>Tot Percentage</b>: 0.23809523809523808
<b>Time elapsed</b>: 20.001655101776123 seconds

{"ok":true,"result":{"message_id":11721,"sender_chat":{"id":-1001921335158,"title":"\ud83d\udc0d\ud83d\udce9\ud83d\udc0d G4 status \ud83d\udc0d\ud83d\udce9\ud83d\udc0d","username":"ilmiobotpernotifiche","type":"channel"},"chat":{"id":-1001921335158,"title":"\ud83d\udc0d\ud83d\udce9\ud83d\udc0d G4 status \ud83d\udc0d\ud83d\udce9\ud83d\udc0d","username":"ilmiobotpernotifiche","type":"channel"},"date":1693834462,"text":"Statistics\nEvents processed\n880000 / 8400000\n.ooo00ooo..ooo00ooo.\nF0:  -  -  100e%  50e%  -  -  -  -  50p%  -  -  -  -  -  -  100e%  -  -  100e%  -  -  100e%  -  -  50p%  -  100e%  100e%  -  -  100e%  -  100e%  -  -  50p%  -  -  100p%  100e%  -  -  100e%  -  100e%  50p%  -  -  -  -  -  100e%  -  -  -  100e%  -  -  -  -  100e%  50p%  50e%  -  -  100e%  50e%  -  100p%  - \n\nF1:  100e%  100e%  50p%  -  -  -  -  100e%  50p%  -  -  100e%  -  -  -  -  100e%  -  -  -  -  -  100e%  50p%  -  100e%  -  -  -  100e%  -  50e%  -  50e%  -  -  -  -  -  -  -  100e%  -  -  -  -  -  -  -  100e%  100e%  -  100e%  100e%  100e%  -  100e%  -  -  -  -  -  50p%  -  -  -  -  -  -  - \n\n.ooo00ooo..ooo00ooo.\nTot Percentage: 10.476190476190476\nTime elapsed: 40.018967628479004 seconds","entities":[{"offset":0,"length":10,"type":"bold"},{"offset":11,"length":16,"type":"bold"},{"offset":45,"length":20,"type":"bold"},{"offset":668,"length":20,"type":"bold"},{"offset":689,"length":14,"type":"bold"},{"offset":724,"length":12,"type":"bold"}]}}
<b>Statistics</b>
<b>Events processed</b>
880000 / 8400000
<b>.ooo00ooo..ooo00ooo.</b>
F0:  -  -  100e%  50e%  -  -  -  -  50p%  -  -  -  -  -  -  100e%  -  -  100e%  -  -  100e%  -  -  50p%  -  100e%  100e%  -  -  100e%  -  100e%  -  -  50p%  -  -  100p%  100e%  -  -  100e%  -  100e%  50p%  -  -  -  -  -  100e%  -  -  -  100e%  -  -  -  -  100e%  50p%  50e%  -  -  100e%  50e%  -  100p%  - 

F1:  100e%  100e%  50p%  -  -  -  -  100e%  50p%  -  -  100e%  -  -  -  -  100e%  -  -  -  -  -  100e%  50p%  -  100e%  -  -  -  100e%  -  50e%  -  50e%  -  -  -  -  -  -  -  100e%  -  -  -  -  -  -  -  100e%  100e%  -  100e%  100e%  100e%  -  100e%  -  -  -  -  -  50p%  -  -  -  -  -  -  - 

<b>.ooo00ooo..ooo00ooo.</b>
<b>Tot Percentage</b>: 10.476190476190476
<b>Time elapsed</b>: 40.018967628479004 seconds

{"ok":true,"result":{"message_id":11724,"sender_chat":{"id":-1001921335158,"title":"\ud83d\udc0d\ud83d\udce9\ud83d\udc0d G4 status \ud83d\udc0d\ud83d\udce9\ud83d\udc0d","username":"ilmiobotpernotifiche","type":"channel"},"chat":{"id":-1001921335158,"title":"\ud83d\udc0d\ud83d\udce9\ud83d\udc0d G4 status \ud83d\udc0d\ud83d\udce9\ud83d\udc0d","username":"ilmiobotpernotifiche","type":"channel"},"date":1693834482,"text":"Statistics\nEvents processed\n1860000 / 8400000\n.ooo00ooo..ooo00ooo.\nF0:  -  -  100a%  50a%  -  -  -  -  100a%  -  -  -  -  -  -  100a%  -  -  50a%  -  -  100a%  -  -  100a%  -  100a%  100a%  -  -  100a%  -  100a%  -  -  100a%  -  -  100a%  100a%  -  -  100a%  -  100a%  100a%  -  -  -  -  -  100a%  -  -  -  100a%  -  -  -  -  100a%  100a%  50a%  -  -  100a%  50a%  -  100a%  - \n\nF1:  50a%  100p%  50a%  -  -  -  -  100p%  50a%  -  -  100p%  -  -  -  -  100p%  -  -  -  -  -  100p%  50a%  -  50a%  -  -  -  100p%  -  50p%  -  100p%  -  -  -  -  -  -  -  50a%  -  -  -  -  -  -  -  50a%  100p%  -  100p%  50a%  100p%  -  50a%  -  -  -  -  -  50a%  -  -  -  -  -  -  - \n\n.ooo00ooo..ooo00ooo.\nTot Percentage: 22.142857142857142\nTime elapsed: 60.025224924087524 seconds","entities":[{"offset":0,"length":10,"type":"bold"},{"offset":11,"length":16,"type":"bold"},{"offset":46,"length":20,"type":"bold"},{"offset":668,"length":20,"type":"bold"},{"offset":689,"length":14,"type":"bold"},{"offset":724,"length":12,"type":"bold"}]}}
<b>Statistics</b>
<b>Events processed</b>
1860000 / 8400000
<b>.ooo00ooo..ooo00ooo.</b>
F0:  -  -  100a%  50a%  -  -  -  -  100a%  -  -  -  -  -  -  100a%  -  -  50a%  -  -  100a%  -  -  100a%  -  100a%  100a%  -  -  100a%  -  100a%  -  -  100a%  -  -  100a%  100a%  -  -  100a%  -  100a%  100a%  -  -  -  -  -  100a%  -  -  -  100a%  -  -  -  -  100a%  100a%  50a%  -  -  100a%  50a%  -  100a%  - 

F1:  50a%  100p%  50a%  -  -  -  -  100p%  50a%  -  -  100p%  -  -  -  -  100p%  -  -  -  -  -  100p%  50a%  -  50a%  -  -  -  100p%  -  50p%  -  100p%  -  -  -  -  -  -  -  50a%  -  -  -  -  -  -  -  50a%  100p%  -  100p%  50a%  100p%  -  50a%  -  -  -  -  -  50a%  -  -  -  -  -  -  - 

<b>.ooo00ooo..ooo00ooo.</b>
<b>Tot Percentage</b>: 22.142857142857142
<b>Time elapsed</b>: 60.025224924087524 seconds

{"ok":true,"result":{"message_id":11726,"sender_chat":{"id":-1001921335158,"title":"\ud83d\udc0d\ud83d\udce9\ud83d\udc0d G4 status \ud83d\udc0d\ud83d\udce9\ud83d\udc0d","username":"ilmiobotpernotifiche","type":"channel"},"chat":{"id":-1001921335158,"title":"\ud83d\udc0d\ud83d\udce9\ud83d\udc0d G4 status \ud83d\udc0d\ud83d\udce9\ud83d\udc0d","username":"ilmiobotpernotifiche","type":"channel"},"date":1693834502,"text":"Statistics\nEvents processed\n2920000 / 8400000\n.ooo00ooo..ooo00ooo.\nF0:  -  -  100a%  100a%  -  50e%  -  -  100a%  100e%  -  -  50e%  -  -  100a%  -  50e%  100a%  -  -  100a%  -  100e%  100a%  -  100a%  100a%  -  -  100a%  -  100a%  -  -  100a%  -  -  100a%  100a%  50e%  -  100a%  -  100a%  100a%  -  50e%  -  -  -  100a%  50e%  -  -  100a%  50e%  50e%  -  -  100a%  100a%  100a%  50e%  -  100a%  100a%  -  100a%  - \n\nF1:  100a%  100a%  100a%  -  -  -  -  100a%  100a%  -  -  100a%  -  50e%  50e%  50e%  100a%  -  -  -  -  -  100a%  100a%  -  100a%  -  -  -  100a%  -  100a%  -  100a%  -  -  -  -  -  -  50e%  100a%  50e%  -  -  -  50e%  -  -  100a%  100a%  -  100a%  100a%  100a%  -  100a%  -  50e%  -  -  -  100a%  -  -  -  -  -  50e%  - \n\n.ooo00ooo..ooo00ooo.\nTot Percentage: 34.76190476190476\nTime elapsed: 80.03626775741577 seconds","entities":[{"offset":0,"length":10,"type":"bold"},{"offset":11,"length":16,"type":"bold"},{"offset":46,"length":20,"type":"bold"},{"offset":742,"length":20,"type":"bold"},{"offset":763,"length":14,"type":"bold"},{"offset":797,"length":12,"type":"bold"}]}}
<b>Statistics</b>
<b>Events processed</b>
2920000 / 8400000
<b>.ooo00ooo..ooo00ooo.</b>
F0:  -  -  100a%  100a%  -  50e%  -  -  100a%  100e%  -  -  50e%  -  -  100a%  -  50e%  100a%  -  -  100a%  -  100e%  100a%  -  100a%  100a%  -  -  100a%  -  100a%  -  -  100a%  -  -  100a%  100a%  50e%  -  100a%  -  100a%  100a%  -  50e%  -  -  -  100a%  50e%  -  -  100a%  50e%  50e%  -  -  100a%  100a%  100a%  50e%  -  100a%  100a%  -  100a%  - 

F1:  100a%  100a%  100a%  -  -  -  -  100a%  100a%  -  -  100a%  -  50e%  50e%  50e%  100a%  -  -  -  -  -  100a%  100a%  -  100a%  -  -  -  100a%  -  100a%  -  100a%  -  -  -  -  -  -  50e%  100a%  50e%  -  -  -  50e%  -  -  100a%  100a%  -  100a%  100a%  100a%  -  100a%  -  50e%  -  -  -  100a%  -  -  -  -  -  50e%  - 

<b>.ooo00ooo..ooo00ooo.</b>
<b>Tot Percentage</b>: 34.76190476190476
<b>Time elapsed</b>: 80.03626775741577 seconds

{"ok":true,"result":{"message_id":11731,"sender_chat":{"id":-1001921335158,"title":"\ud83d\udc0d\ud83d\udce9\ud83d\udc0d G4 status \ud83d\udc0d\ud83d\udce9\ud83d\udc0d","username":"ilmiobotpernotifiche","type":"channel"},"chat":{"id":-1001921335158,"title":"\ud83d\udc0d\ud83d\udce9\ud83d\udc0d G4 status \ud83d\udc0d\ud83d\udce9\ud83d\udc0d","username":"ilmiobotpernotifiche","type":"channel"},"date":1693834558,"text":"Statistics\nEvents processed\n5740000 / 8400000\n.ooo00ooo..ooo00ooo.\nF0:  -  50e%  100a%  100a%  50e%  50p%  50e%  50e%  100a%  50p%  -  50e%  50p%  -  50e%  100a%  -  50p%  100a%  50e%  50e%  100a%  50e%  50p%  100a%  50e%  100a%  100a%  50e%  50e%  100a%  50e%  100a%  50e%  50e%  100a%  -  50e%  100a%  100a%  100e%  50e%  100a%  50e%  100a%  100a%  50e%  50p%  50e%  50e%  -  100a%  50p%  50e%  -  100a%  100p%  50p%  50e%  -  100a%  100a%  100a%  50p%  50e%  100a%  100a%  100e%  100a%  50e% \n\nF1:  100a%  100a%  100a%  -  -  50e%  50e%  100a%  100a%  -  50e%  100a%  -  100e%  100e%  100e%  100a%  50e%  50e%  50e%  50e%  50e%  100a%  100a%  -  100a%  -  50e%  50e%  100a%  50e%  100a%  50e%  100a%  -  -  -  50e%  50e%  -  100e%  100a%  100e%  50e%  -  -  100a%  100a%  100a%  100a%  100a%  100a%  100a%  100a%  100a%  100a%  100a%  100a%  100a%  100a%  100a%  100a%  100a%  100a%  100a%  100a%  100a%  100a%  100a%  100a% \n\n.ooo00ooo..ooo00ooo.\nTot Percentage: 68.33333333333333\nTime elapsed: 135.63712358474731 seconds","entities":[{"offset":0,"length":10,"type":"bold"},{"offset":11,"length":16,"type":"bold"},{"offset":46,"length":20,"type":"bold"},{"offset":930,"length":20,"type":"bold"},{"offset":951,"length":14,"type":"bold"},{"offset":985,"length":12,"type":"bold"}]}}
<b>Statistics</b>
<b>Events processed</b>
5740000 / 8400000
<b>.ooo00ooo..ooo00ooo.</b>
F0:  -  50e%  100a%  100a%  50e%  50p%  50e%  50e%  100a%  50p%  -  50e%  50p%  -  50e%  100a%  -  50p%  100a%  50e%  50e%  100a%  50e%  50p%  100a%  50e%  100a%  100a%  50e%  50e%  100a%  50e%  100a%  50e%  50e%  100a%  -  50e%  100a%  100a%  100e%  50e%  100a%  50e%  100a%  100a%  50e%  50p%  50e%  50e%  -  100a%  50p%  50e%  -  100a%  100p%  50p%  50e%  -  100a%  100a%  100a%  50p%  50e%  100a%  100a%  100e%  100a%  50e% 

F1:  100a%  100a%  100a%  -  -  50e%  50e%  100a%  100a%  -  50e%  100a%  -  100e%  100e%  100e%  100a%  50e%  50e%  50e%  50e%  50e%  100a%  100a%  -  100a%  -  50e%  50e%  100a%  50e%  100a%  50e%  100a%  -  -  -  50e%  50e%  -  100e%  100a%  100e%  50e%  -  -  100a%  100a%  100a%  100a%  100a%  100a%  100a%  100a%  100a%  100a%  100a%  100a%  100a%  100a%  100a%  100a%  100a%  100a%  100a%  100a%  100a%  100a%  100a%  100a% 

<b>.ooo00ooo..ooo00ooo.</b>
<b>Tot Percentage</b>: 68.33333333333333
<b>Time elapsed</b>: 135.63712358474731 seconds

https://api.telegram.org/bot6170289274:AAFny2C4lJTWQoX6SUR_p7h1_NRM4rVcgCM/sendPhoto
{"ok":true,"result":{"message_id":11732,"sender_chat":{"id":-1001921335158,"title":"\ud83d\udc0d\ud83d\udce9\ud83d\udc0d G4 status \ud83d\udc0d\ud83d\udce9\ud83d\udc0d","username":"ilmiobotpernotifiche","type":"channel"},"chat":{"id":-1001921335158,"title":"\ud83d\udc0d\ud83d\udce9\ud83d\udc0d G4 status \ud83d\udc0d\ud83d\udce9\ud83d\udc0d","username":"ilmiobotpernotifiche","type":"channel"},"date":1693834559,"photo":[{"file_id":"AgACAgQAAx0EcoU_dgACLdRk9d0-x_uJvK7H-RV1nxATW5ROLwAC17sxG7bOsFNbLRMTRvJ1iwEAAwIAA3MAAzAE","file_unique_id":"AQAD17sxG7bOsFN4","file_size":684,"width":90,"height":54},{"file_id":"AgACAgQAAx0EcoU_dgACLdRk9d0-x_uJvK7H-RV1nxATW5ROLwAC17sxG7bOsFNbLRMTRvJ1iwEAAwIAA20AAzAE","file_unique_id":"AQAD17sxG7bOsFNy","file_size":7236,"width":320,"height":192},{"file_id":"AgACAgQAAx0EcoU_dgACLdRk9d0-x_uJvK7H-RV1nxATW5ROLwAC17sxG7bOsFNbLRMTRvJ1iwEAAwIAA3gAAzAE","file_unique_id":"AQAD17sxG7bOsFN9","file_size":26857,"width":800,"height":480},{"file_id":"AgACAgQAAx0EcoU_dgACLdRk9d0-x_uJvK7H-RV1nxATW5ROLwAC17sxG7bOsFNbLRMTRvJ1iwEAAwIAA3kAAzAE","file_unique_id":"AQAD17sxG7bOsFN-","file_size":49586,"width":1280,"height":768},{"file_id":"AgACAgQAAx0EcoU_dgACLdRk9d0-x_uJvK7H-RV1nxATW5ROLwAC17sxG7bOsFNbLRMTRvJ1iwEAAwIAA3cAAzAE","file_unique_id":"AQAD17sxG7bOsFN8","file_size":84651,"width":2000,"height":1200}]}}
{"ok":true,"result":{"message_id":11733,"sender_chat":{"id":-1001921335158,"title":"\ud83d\udc0d\ud83d\udce9\ud83d\udc0d G4 status \ud83d\udc0d\ud83d\udce9\ud83d\udc0d","username":"ilmiobotpernotifiche","type":"channel"},"chat":{"id":-1001921335158,"title":"\ud83d\udc0d\ud83d\udce9\ud83d\udc0d G4 status \ud83d\udc0d\ud83d\udce9\ud83d\udc0d","username":"ilmiobotpernotifiche","type":"channel"},"date":1693834559,"text":"Finished"}}
1,"length":16,"type":"bold"},{"offset":46,"length":20,"type":"bold"},{"offset":1043,"length":20,"type":"bold"},{"offset":1064,"length":14,"type":"bold"},{"offset":1098,"length":12,"type":"bold"}]}}
<b>Statistics</b>
<b>Events processed</b>
8120000 / 8400000
<b>.ooo00ooo..ooo00ooo.</b>
F0:  50a%  100a%  100a%  100a%  100a%  100a%  100a%  100a%  100a%  100a%  100a%  100a%  100a%  50a%  100a%  100a%  100a%  100a%  100a%  100a%  100a%  100a%  100a%  100a%  100a%  100a%  100a%  100a%  100a%  100a%  100a%  100a%  100a%  100a%  100a%  100a%  100p%  100a%  100a%  100a%  100a%  100a%  100a%  100a%  100a%  100a%  100a%  100a%  100a%  100a%  50a%  100a%  100a%  100a%  50a%  100a%  100a%  100a%  100a%  100a%  100a%  100a%  100a%  100a%  100a%  100a%  100a%  100a%  100a%  100a% 

F1:  100a%  100a%  100a%  100p%  100p%  100a%  100p%  100a%  100a%  100p%  100a%  100a%  100p%  100a%  100a%  100a%  100a%  100a%  50a%  100a%  50a%  100a%  100a%  100a%  100p%  100a%  50a%  100a%  100a%  100a%  100a%  100a%  50a%  100a%  100p%  50a%  100p%  50a%  100a%  100p%  100a%  100a%  100a%  100a%  50a%  50a%  100a%  100p%  50a%  100a%  100a%  100a%  100a%  100a%  100a%  100a%  100a%  100a%  100a%  100a%  100a%  100a%  100a%  50a%  100a%  50a%  100p%  100a%  100a%  50a% 

<b>.ooo00ooo..ooo00ooo.</b>
<b>Tot Percentage</b>: 96.66666666666667
<b>Time elapsed</b>: 122.78775882720947 seconds

https://api.telegram.org/bot6170289274:AAFny2C4lJTWQoX6SUR_p7h1_NRM4rVcgCM/sendPhoto
{"ok":true,"result":{"message_id":11729,"sender_chat":{"id":-1001921335158,"title":"\ud83d\udc0d\ud83d\udce9\ud83d\udc0d G4 status \ud83d\udc0d\ud83d\udce9\ud83d\udc0d","username":"ilmiobotpernotifiche","type":"channel"},"chat":{"id":-1001921335158,"title":"\ud83d\udc0d\ud83d\udce9\ud83d\udc0d G4 status \ud83d\udc0d\ud83d\udce9\ud83d\udc0d","username":"ilmiobotpernotifiche","type":"channel"},"date":1693834546,"photo":[{"file_id":"AgACAgQAAx0EcoU_dgACLdFk9d0xkZ40Ntw-VM5AZx-l_EeOLAAC1rsxG7bOsFPFX6FNrY_q2QEAAwIAA3MAAzAE","file_unique_id":"AQAD1rsxG7bOsFN4","file_size":681,"width":90,"height":54},{"file_id":"AgACAgQAAx0EcoU_dgACLdFk9d0xkZ40Ntw-VM5AZx-l_EeOLAAC1rsxG7bOsFPFX6FNrY_q2QEAAwIAA20AAzAE","file_unique_id":"AQAD1rsxG7bOsFNy","file_size":7922,"width":320,"height":192},{"file_id":"AgACAgQAAx0EcoU_dgACLdFk9d0xkZ40Ntw-VM5AZx-l_EeOLAAC1rsxG7bOsFPFX6FNrY_q2QEAAwIAA3gAAzAE","file_unique_id":"AQAD1rsxG7bOsFN9","file_size":27935,"width":800,"height":480},{"file_id":"AgACAgQAAx0EcoU_dgACLdFk9d0xkZ40Ntw-VM5AZx-l_EeOLAAC1rsxG7bOsFPFX6FNrY_q2QEAAwIAA3kAAzAE","file_unique_id":"AQAD1rsxG7bOsFN-","file_size":51279,"width":1280,"height":768},{"file_id":"AgACAgQAAx0EcoU_dgACLdFk9d0xkZ40Ntw-VM5AZx-l_EeOLAAC1rsxG7bOsFPFX6FNrY_q2QEAAwIAA3cAAzAE","file_unique_id":"AQAD1rsxG7bOsFN8","file_size":81405,"width":2000,"height":1200}]}}
{"ok":true,"result":{"message_id":11730,"sender_chat":{"id":-1001921335158,"title":"\ud83d\udc0d\ud83d\udce9\ud83d\udc0d G4 status \ud83d\udc0d\ud83d\udce9\ud83d\udc0d","username":"ilmiobotpernotifiche","type":"channel"},"chat":{"id":-1001921335158,"title":"\ud83d\udc0d\ud83d\udce9\ud83d\udc0d G4 status \ud83d\udc0d\ud83d\udce9\ud83d\udc0d","username":"ilmiobotpernotifiche","type":"channel"},"date":1693834553,"text":"Finished"}}
